2024-09-23 23:36:19,479 P464485 INFO FuxiCTR version: 2.3.2
2024-09-23 23:36:19,479 P464485 INFO Params: {
    "batch_norm": "True",
    "batch_size": "4096",
    "data_format": "csv",
    "data_root": "dataset/",
    "dataset_id": "ML_1M_7_x1",
    "debug_mode": "False",
    "deep_net_dropout": "0.1",
    "early_stop_patience": "2",
    "embedding_dim": "16",
    "embedding_regularizer": "0.01",
    "epochs": "100",
    "eval_steps": "None",
    "feature_cols": "[{'active': True, 'dtype': 'str', 'name': ['UserID', 'Gender', 'Age', 'Occupation', 'MovieID', 'Release'], 'type': 'categorical'}, {'active': True, 'dtype': 'str', 'encoder': 'MaskedSumPooling', 'max_len': 5, 'name': 'Genres', 'splitter': '^', 'type': 'sequence'}]",
    "feature_config": "None",
    "feature_specs": "None",
    "gpu": "0",
    "group_id": "None",
    "label_col": "{'dtype': 'float', 'name': 'Label'}",
    "layer_norm": "True",
    "learning_rate": "0.001",
    "loss": "binary_crossentropy",
    "metrics": "['logloss', 'AUC']",
    "min_categr_count": "1",
    "model": "DCNv3",
    "model_id": "DCNv3_ML_1M_010_ef31b97d",
    "model_root": "./checkpoints/",
    "monitor": "{'AUC': 1, 'logloss': 0}",
    "monitor_mode": "max",
    "net_regularizer": "0",
    "num_deep_cross_layers": "1",
    "num_heads": "1",
    "num_shallow_cross_layers": "2",
    "num_workers": "4",
    "optimizer": "adam",
    "pickle_feature_encoder": "True",
    "save_best_only": "True",
    "seed": "2024",
    "shallow_net_dropout": "0.1",
    "shuffle": "True",
    "task": "binary_classification",
    "test_data": "dataset/ML_1M/test.csv",
    "train_data": "dataset/ML_1M/train.csv",
    "use_features": "None",
    "valid_data": "dataset/ML_1M/valid.csv",
    "verbose": "1"
}
2024-09-23 23:36:19,480 P464485 INFO Set up feature processor...
2024-09-23 23:36:19,481 P464485 WARNING Skip rebuilding dataset/ML_1M_7_x1/feature_map.json. Please delete it manually if rebuilding is required.
2024-09-23 23:36:19,481 P464485 INFO Load feature_map from json: dataset/ML_1M_7_x1/feature_map.json
2024-09-23 23:36:19,481 P464485 INFO Set column index...
2024-09-23 23:36:19,481 P464485 INFO Feature specs: {
    "Age": "{'source': '', 'type': 'categorical', 'padding_idx': 0, 'vocab_size': 9}",
    "Gender": "{'source': '', 'type': 'categorical', 'padding_idx': 0, 'vocab_size': 4}",
    "Genres": "{'source': '', 'type': 'sequence', 'feature_encoder': 'layers.MaskedAveragePooling()', 'padding_idx': 0, 'max_len': 5, 'vocab_size': 302}",
    "MovieID": "{'source': '', 'type': 'categorical', 'padding_idx': 0, 'vocab_size': 3659}",
    "Occupation": "{'source': '', 'type': 'categorical', 'padding_idx': 0, 'vocab_size': 23}",
    "Release": "{'source': '', 'type': 'categorical', 'padding_idx': 0, 'vocab_size': 83}",
    "UserID": "{'source': '', 'type': 'categorical', 'padding_idx': 0, 'vocab_size': 6042}"
}
2024-09-23 23:36:20,746 P464485 INFO Total number of parameters: 181672.
2024-09-23 23:36:20,746 P464485 INFO Loading datasets...
2024-09-23 23:36:22,681 P464485 INFO Train samples: total/700146, blocks/1
2024-09-23 23:36:22,995 P464485 INFO Validation samples: total/200041, blocks/1
2024-09-23 23:36:22,995 P464485 INFO Loading train and validation data done.
2024-09-23 23:36:22,996 P464485 INFO Start training: 171 batches/epoch
2024-09-23 23:36:22,996 P464485 INFO ************ Epoch=1 start ************
2024-09-23 23:36:37,783 P464485 INFO Train loss: 0.436698
2024-09-23 23:36:37,783 P464485 INFO Evaluation @epoch 1 - batch 171: 
2024-09-23 23:36:39,093 P464485 INFO [Metrics] AUC: 0.806454 - logloss: 0.355673
2024-09-23 23:36:39,094 P464485 INFO Save best model: monitor(max)=0.806454
2024-09-23 23:36:39,130 P464485 INFO ************ Epoch=1 end ************
2024-09-23 23:36:52,692 P464485 INFO Train loss: 0.377089
2024-09-23 23:36:52,692 P464485 INFO Evaluation @epoch 2 - batch 171: 
2024-09-23 23:36:54,014 P464485 INFO [Metrics] AUC: 0.816541 - logloss: 0.346844
2024-09-23 23:36:54,015 P464485 INFO Save best model: monitor(max)=0.816541
2024-09-23 23:36:54,063 P464485 INFO ************ Epoch=2 end ************
2024-09-23 23:37:00,158 P464485 INFO Train loss: 0.369153
2024-09-23 23:37:00,158 P464485 INFO Evaluation @epoch 3 - batch 171: 
2024-09-23 23:37:00,938 P464485 INFO [Metrics] AUC: 0.821878 - logloss: 0.342361
2024-09-23 23:37:00,939 P464485 INFO Save best model: monitor(max)=0.821878
2024-09-23 23:37:00,985 P464485 INFO ************ Epoch=3 end ************
2024-09-23 23:37:05,384 P464485 INFO Train loss: 0.364873
2024-09-23 23:37:05,384 P464485 INFO Evaluation @epoch 4 - batch 171: 
2024-09-23 23:37:06,198 P464485 INFO [Metrics] AUC: 0.825389 - logloss: 0.340188
2024-09-23 23:37:06,198 P464485 INFO Save best model: monitor(max)=0.825389
2024-09-23 23:37:06,246 P464485 INFO ************ Epoch=4 end ************
2024-09-23 23:37:10,837 P464485 INFO Train loss: 0.362295
2024-09-23 23:37:10,838 P464485 INFO Evaluation @epoch 5 - batch 171: 
2024-09-23 23:37:11,671 P464485 INFO [Metrics] AUC: 0.830061 - logloss: 0.336560
2024-09-23 23:37:11,672 P464485 INFO Save best model: monitor(max)=0.830061
2024-09-23 23:37:11,718 P464485 INFO ************ Epoch=5 end ************
2024-09-23 23:37:28,578 P464485 INFO Train loss: 0.360208
2024-09-23 23:37:28,578 P464485 INFO Evaluation @epoch 6 - batch 171: 
2024-09-23 23:37:29,708 P464485 INFO [Metrics] AUC: 0.831923 - logloss: 0.334732
2024-09-23 23:37:29,709 P464485 INFO Save best model: monitor(max)=0.831923
2024-09-23 23:37:29,761 P464485 INFO ************ Epoch=6 end ************
2024-09-23 23:37:46,733 P464485 INFO Train loss: 0.358465
2024-09-23 23:37:46,734 P464485 INFO Evaluation @epoch 7 - batch 171: 
2024-09-23 23:37:47,921 P464485 INFO [Metrics] AUC: 0.833497 - logloss: 0.333453
2024-09-23 23:37:47,922 P464485 INFO Save best model: monitor(max)=0.833497
2024-09-23 23:37:47,982 P464485 INFO ************ Epoch=7 end ************
2024-09-23 23:38:04,880 P464485 INFO Train loss: 0.356947
2024-09-23 23:38:04,880 P464485 INFO Evaluation @epoch 8 - batch 171: 
2024-09-23 23:38:06,118 P464485 INFO [Metrics] AUC: 0.836100 - logloss: 0.331519
2024-09-23 23:38:06,119 P464485 INFO Save best model: monitor(max)=0.836100
2024-09-23 23:38:06,176 P464485 INFO ************ Epoch=8 end ************
2024-09-23 23:38:22,922 P464485 INFO Train loss: 0.355874
2024-09-23 23:38:22,922 P464485 INFO Evaluation @epoch 9 - batch 171: 
2024-09-23 23:38:24,220 P464485 INFO [Metrics] AUC: 0.836311 - logloss: 0.331177
2024-09-23 23:38:24,221 P464485 INFO Save best model: monitor(max)=0.836311
2024-09-23 23:38:24,274 P464485 INFO ************ Epoch=9 end ************
2024-09-23 23:38:40,949 P464485 INFO Train loss: 0.354711
2024-09-23 23:38:40,949 P464485 INFO Evaluation @epoch 10 - batch 171: 
2024-09-23 23:38:42,151 P464485 INFO [Metrics] AUC: 0.837511 - logloss: 0.330433
2024-09-23 23:38:42,152 P464485 INFO Save best model: monitor(max)=0.837511
2024-09-23 23:38:42,202 P464485 INFO ************ Epoch=10 end ************
2024-09-23 23:38:58,722 P464485 INFO Train loss: 0.353897
2024-09-23 23:38:58,723 P464485 INFO Evaluation @epoch 11 - batch 171: 
2024-09-23 23:38:59,941 P464485 INFO [Metrics] AUC: 0.838954 - logloss: 0.329764
2024-09-23 23:38:59,942 P464485 INFO Save best model: monitor(max)=0.838954
2024-09-23 23:38:59,992 P464485 INFO ************ Epoch=11 end ************
2024-09-23 23:39:16,305 P464485 INFO Train loss: 0.353591
2024-09-23 23:39:16,305 P464485 INFO Evaluation @epoch 12 - batch 171: 
2024-09-23 23:39:17,522 P464485 INFO [Metrics] AUC: 0.840751 - logloss: 0.327923
2024-09-23 23:39:17,523 P464485 INFO Save best model: monitor(max)=0.840751
2024-09-23 23:39:17,570 P464485 INFO ************ Epoch=12 end ************
2024-09-23 23:39:33,822 P464485 INFO Train loss: 0.352508
2024-09-23 23:39:33,822 P464485 INFO Evaluation @epoch 13 - batch 171: 
2024-09-23 23:39:34,916 P464485 INFO [Metrics] AUC: 0.840889 - logloss: 0.327558
2024-09-23 23:39:34,917 P464485 INFO Save best model: monitor(max)=0.840889
2024-09-23 23:39:34,964 P464485 INFO ************ Epoch=13 end ************
2024-09-23 23:39:51,449 P464485 INFO Train loss: 0.352293
2024-09-23 23:39:51,449 P464485 INFO Evaluation @epoch 14 - batch 171: 
2024-09-23 23:39:52,637 P464485 INFO [Metrics] AUC: 0.841325 - logloss: 0.327252
2024-09-23 23:39:52,638 P464485 INFO Save best model: monitor(max)=0.841325
2024-09-23 23:39:52,689 P464485 INFO ************ Epoch=14 end ************
2024-09-23 23:40:09,221 P464485 INFO Train loss: 0.351166
2024-09-23 23:40:09,221 P464485 INFO Evaluation @epoch 15 - batch 171: 
2024-09-23 23:40:10,380 P464485 INFO [Metrics] AUC: 0.841840 - logloss: 0.326759
2024-09-23 23:40:10,381 P464485 INFO Save best model: monitor(max)=0.841840
2024-09-23 23:40:10,428 P464485 INFO ************ Epoch=15 end ************
2024-09-23 23:40:27,028 P464485 INFO Train loss: 0.351079
2024-09-23 23:40:27,029 P464485 INFO Evaluation @epoch 16 - batch 171: 
2024-09-23 23:40:28,177 P464485 INFO [Metrics] AUC: 0.843029 - logloss: 0.325641
2024-09-23 23:40:28,178 P464485 INFO Save best model: monitor(max)=0.843029
2024-09-23 23:40:28,229 P464485 INFO ************ Epoch=16 end ************
2024-09-23 23:40:44,573 P464485 INFO Train loss: 0.350725
2024-09-23 23:40:44,574 P464485 INFO Evaluation @epoch 17 - batch 171: 
2024-09-23 23:40:45,647 P464485 INFO [Metrics] AUC: 0.842715 - logloss: 0.326396
2024-09-23 23:40:45,648 P464485 INFO Monitor(max)=0.842715 STOP!
2024-09-23 23:40:45,648 P464485 INFO Reduce learning rate on plateau: 0.000100
2024-09-23 23:40:45,690 P464485 INFO ************ Epoch=17 end ************
2024-09-23 23:41:01,825 P464485 INFO Train loss: 0.324852
2024-09-23 23:41:01,826 P464485 INFO Evaluation @epoch 18 - batch 171: 
2024-09-23 23:41:03,041 P464485 INFO [Metrics] AUC: 0.851070 - logloss: 0.319374
2024-09-23 23:41:03,042 P464485 INFO Save best model: monitor(max)=0.851070
2024-09-23 23:41:03,093 P464485 INFO ************ Epoch=18 end ************
2024-09-23 23:41:19,193 P464485 INFO Train loss: 0.312433
2024-09-23 23:41:19,193 P464485 INFO Evaluation @epoch 19 - batch 171: 
2024-09-23 23:41:20,309 P464485 INFO [Metrics] AUC: 0.853612 - logloss: 0.317418
2024-09-23 23:41:20,310 P464485 INFO Save best model: monitor(max)=0.853612
2024-09-23 23:41:20,358 P464485 INFO ************ Epoch=19 end ************
2024-09-23 23:41:36,577 P464485 INFO Train loss: 0.306006
2024-09-23 23:41:36,577 P464485 INFO Evaluation @epoch 20 - batch 171: 
2024-09-23 23:41:37,749 P464485 INFO [Metrics] AUC: 0.854135 - logloss: 0.317970
2024-09-23 23:41:37,750 P464485 INFO Save best model: monitor(max)=0.854135
2024-09-23 23:41:37,797 P464485 INFO ************ Epoch=20 end ************
2024-09-23 23:41:53,967 P464485 INFO Train loss: 0.301708
2024-09-23 23:41:53,967 P464485 INFO Evaluation @epoch 21 - batch 171: 
2024-09-23 23:41:55,047 P464485 INFO [Metrics] AUC: 0.854052 - logloss: 0.318624
2024-09-23 23:41:55,047 P464485 INFO Monitor(max)=0.854052 STOP!
2024-09-23 23:41:55,048 P464485 INFO Reduce learning rate on plateau: 0.000010
2024-09-23 23:41:55,089 P464485 INFO ************ Epoch=21 end ************
2024-09-23 23:41:59,847 P464485 INFO Train loss: 0.289655
2024-09-23 23:41:59,848 P464485 INFO Evaluation @epoch 22 - batch 171: 
2024-09-23 23:42:00,635 P464485 INFO [Metrics] AUC: 0.853891 - logloss: 0.319116
2024-09-23 23:42:00,636 P464485 INFO Monitor(max)=0.853891 STOP!
2024-09-23 23:42:00,636 P464485 INFO Reduce learning rate on plateau: 0.000001
2024-09-23 23:42:00,636 P464485 INFO ********* Epoch=22 early stop *********
2024-09-23 23:42:00,680 P464485 INFO Training finished.
2024-09-23 23:42:00,680 P464485 INFO Load best model: /workspace/checkpoints/ML_1M_7_x1/DCNv3_ML_1M_010_ef31b97d.model
2024-09-23 23:42:00,686 P464485 INFO ****** Validation evaluation ******
2024-09-23 23:42:01,446 P464485 INFO [Metrics] logloss: 0.317970 - AUC: 0.854135
2024-09-23 23:42:01,574 P464485 INFO ******** Test evaluation ********
2024-09-23 23:42:01,574 P464485 INFO Loading datasets...
2024-09-23 23:42:01,797 P464485 INFO Test samples: total/100022, blocks/1
2024-09-23 23:42:01,797 P464485 INFO Loading test data done.
2024-09-23 23:42:02,299 P464485 INFO [Metrics] logloss: 0.317060 - AUC: 0.853686
