2024-09-23 08:07:34,344 P240789 INFO FuxiCTR version: 2.3.2
2024-09-23 08:07:34,345 P240789 INFO Params: {
    "batch_norm": "True",
    "batch_size": "4096",
    "data_format": "csv",
    "data_root": "dataset/",
    "dataset_id": "ML_1M_7_x1",
    "debug_mode": "False",
    "deep_net_dropout": "0.1",
    "early_stop_patience": "2",
    "embedding_dim": "16",
    "embedding_regularizer": "0.01",
    "epochs": "100",
    "eval_steps": "None",
    "feature_cols": "[{'active': True, 'dtype': 'str', 'name': ['UserID', 'Gender', 'Age', 'Occupation', 'MovieID', 'Release'], 'type': 'categorical'}, {'active': True, 'dtype': 'str', 'encoder': 'MaskedSumPooling', 'max_len': 5, 'name': 'Genres', 'splitter': '^', 'type': 'sequence'}]",
    "feature_config": "None",
    "feature_specs": "None",
    "gpu": "0",
    "group_id": "None",
    "label_col": "{'dtype': 'float', 'name': 'Label'}",
    "layer_norm": "True",
    "learning_rate": "0.001",
    "loss": "binary_crossentropy",
    "metrics": "['logloss', 'AUC']",
    "min_categr_count": "1",
    "model": "DCNv3",
    "model_id": "DCNv3_ML_1M_020_072c23f3",
    "model_root": "./checkpoints/",
    "monitor": "{'AUC': 1, 'logloss': 0}",
    "monitor_mode": "max",
    "net_regularizer": "0",
    "num_deep_cross_layers": "1",
    "num_heads": "1",
    "num_shallow_cross_layers": "3",
    "num_workers": "4",
    "optimizer": "adam",
    "pickle_feature_encoder": "True",
    "save_best_only": "True",
    "seed": "2024",
    "shallow_net_dropout": "0.2",
    "shuffle": "True",
    "task": "binary_classification",
    "test_data": "dataset/ML_1M/test.csv",
    "train_data": "dataset/ML_1M/train.csv",
    "use_features": "None",
    "valid_data": "dataset/ML_1M/valid.csv",
    "verbose": "1"
}
2024-09-23 08:07:34,347 P240789 INFO Set up feature processor...
2024-09-23 08:07:34,348 P240789 WARNING Skip rebuilding dataset/ML_1M_7_x1/feature_map.json. Please delete it manually if rebuilding is required.
2024-09-23 08:07:34,348 P240789 INFO Load feature_map from json: dataset/ML_1M_7_x1/feature_map.json
2024-09-23 08:07:34,348 P240789 INFO Set column index...
2024-09-23 08:07:34,348 P240789 INFO Feature specs: {
    "Age": "{'source': '', 'type': 'categorical', 'padding_idx': 0, 'vocab_size': 9}",
    "Gender": "{'source': '', 'type': 'categorical', 'padding_idx': 0, 'vocab_size': 4}",
    "Genres": "{'source': '', 'type': 'sequence', 'feature_encoder': 'layers.MaskedAveragePooling()', 'padding_idx': 0, 'max_len': 5, 'vocab_size': 302}",
    "MovieID": "{'source': '', 'type': 'categorical', 'padding_idx': 0, 'vocab_size': 3659}",
    "Occupation": "{'source': '', 'type': 'categorical', 'padding_idx': 0, 'vocab_size': 23}",
    "Release": "{'source': '', 'type': 'categorical', 'padding_idx': 0, 'vocab_size': 83}",
    "UserID": "{'source': '', 'type': 'categorical', 'padding_idx': 0, 'vocab_size': 6042}"
}
2024-09-23 08:07:35,791 P240789 INFO Total number of parameters: 188170.
2024-09-23 08:07:35,791 P240789 INFO Loading datasets...
2024-09-23 08:07:38,073 P240789 INFO Train samples: total/700146, blocks/1
2024-09-23 08:07:38,393 P240789 INFO Validation samples: total/200041, blocks/1
2024-09-23 08:07:38,394 P240789 INFO Loading train and validation data done.
2024-09-23 08:07:38,394 P240789 INFO Start training: 171 batches/epoch
2024-09-23 08:07:38,394 P240789 INFO ************ Epoch=1 start ************
2024-09-23 08:08:25,817 P240789 INFO Train loss: 0.429995
2024-09-23 08:08:25,826 P240789 INFO Evaluation @epoch 1 - batch 171: 
2024-09-23 08:08:28,717 P240789 INFO [Metrics] AUC: 0.810965 - logloss: 0.351238
2024-09-23 08:08:28,717 P240789 INFO Save best model: monitor(max)=0.810965
2024-09-23 08:08:28,795 P240789 INFO ************ Epoch=1 end ************
2024-09-23 08:09:15,791 P240789 INFO Train loss: 0.371758
2024-09-23 08:09:15,792 P240789 INFO Evaluation @epoch 2 - batch 171: 
2024-09-23 08:09:18,916 P240789 INFO [Metrics] AUC: 0.819553 - logloss: 0.344235
2024-09-23 08:09:18,917 P240789 INFO Save best model: monitor(max)=0.819553
2024-09-23 08:09:19,010 P240789 INFO ************ Epoch=2 end ************
2024-09-23 08:10:05,843 P240789 INFO Train loss: 0.364425
2024-09-23 08:10:05,844 P240789 INFO Evaluation @epoch 3 - batch 171: 
2024-09-23 08:10:08,881 P240789 INFO [Metrics] AUC: 0.825192 - logloss: 0.339658
2024-09-23 08:10:08,882 P240789 INFO Save best model: monitor(max)=0.825192
2024-09-23 08:10:08,959 P240789 INFO ************ Epoch=3 end ************
2024-09-23 08:10:55,871 P240789 INFO Train loss: 0.361667
2024-09-23 08:10:55,872 P240789 INFO Evaluation @epoch 4 - batch 171: 
2024-09-23 08:10:58,979 P240789 INFO [Metrics] AUC: 0.828303 - logloss: 0.336904
2024-09-23 08:10:58,980 P240789 INFO Save best model: monitor(max)=0.828303
2024-09-23 08:10:59,066 P240789 INFO ************ Epoch=4 end ************
2024-09-23 08:11:45,408 P240789 INFO Train loss: 0.359979
2024-09-23 08:11:45,409 P240789 INFO Evaluation @epoch 5 - batch 171: 
2024-09-23 08:11:48,618 P240789 INFO [Metrics] AUC: 0.830301 - logloss: 0.335799
2024-09-23 08:11:48,619 P240789 INFO Save best model: monitor(max)=0.830301
2024-09-23 08:11:48,740 P240789 INFO ************ Epoch=5 end ************
2024-09-23 08:12:35,456 P240789 INFO Train loss: 0.358714
2024-09-23 08:12:35,456 P240789 INFO Evaluation @epoch 6 - batch 171: 
2024-09-23 08:12:38,633 P240789 INFO [Metrics] AUC: 0.832808 - logloss: 0.333743
2024-09-23 08:12:38,633 P240789 INFO Save best model: monitor(max)=0.832808
2024-09-23 08:12:38,727 P240789 INFO ************ Epoch=6 end ************
2024-09-23 08:13:21,136 P240789 INFO Train loss: 0.357651
2024-09-23 08:13:21,136 P240789 INFO Evaluation @epoch 7 - batch 171: 
2024-09-23 08:13:24,270 P240789 INFO [Metrics] AUC: 0.835163 - logloss: 0.331990
2024-09-23 08:13:24,271 P240789 INFO Save best model: monitor(max)=0.835163
2024-09-23 08:13:24,382 P240789 INFO ************ Epoch=7 end ************
2024-09-23 08:14:10,885 P240789 INFO Train loss: 0.356345
2024-09-23 08:14:10,886 P240789 INFO Evaluation @epoch 8 - batch 171: 
2024-09-23 08:14:13,947 P240789 INFO [Metrics] AUC: 0.835509 - logloss: 0.331581
2024-09-23 08:14:13,947 P240789 INFO Save best model: monitor(max)=0.835509
2024-09-23 08:14:14,040 P240789 INFO ************ Epoch=8 end ************
2024-09-23 08:15:00,976 P240789 INFO Train loss: 0.354890
2024-09-23 08:15:00,977 P240789 INFO Evaluation @epoch 9 - batch 171: 
2024-09-23 08:15:04,058 P240789 INFO [Metrics] AUC: 0.837203 - logloss: 0.330352
2024-09-23 08:15:04,059 P240789 INFO Save best model: monitor(max)=0.837203
2024-09-23 08:15:04,137 P240789 INFO ************ Epoch=9 end ************
2024-09-23 08:15:50,676 P240789 INFO Train loss: 0.354428
2024-09-23 08:15:50,677 P240789 INFO Evaluation @epoch 10 - batch 171: 
2024-09-23 08:15:53,820 P240789 INFO [Metrics] AUC: 0.837951 - logloss: 0.329938
2024-09-23 08:15:53,821 P240789 INFO Save best model: monitor(max)=0.837951
2024-09-23 08:15:53,904 P240789 INFO ************ Epoch=10 end ************
2024-09-23 08:16:41,018 P240789 INFO Train loss: 0.353762
2024-09-23 08:16:41,019 P240789 INFO Evaluation @epoch 11 - batch 171: 
2024-09-23 08:16:44,135 P240789 INFO [Metrics] AUC: 0.839375 - logloss: 0.328925
2024-09-23 08:16:44,136 P240789 INFO Save best model: monitor(max)=0.839375
2024-09-23 08:16:44,259 P240789 INFO ************ Epoch=11 end ************
2024-09-23 08:17:25,438 P240789 INFO Train loss: 0.352842
2024-09-23 08:17:25,439 P240789 INFO Evaluation @epoch 12 - batch 171: 
2024-09-23 08:17:28,523 P240789 INFO [Metrics] AUC: 0.839706 - logloss: 0.328383
2024-09-23 08:17:28,524 P240789 INFO Save best model: monitor(max)=0.839706
2024-09-23 08:17:28,607 P240789 INFO ************ Epoch=12 end ************
2024-09-23 08:18:15,839 P240789 INFO Train loss: 0.352295
2024-09-23 08:18:15,840 P240789 INFO Evaluation @epoch 13 - batch 171: 
2024-09-23 08:18:19,057 P240789 INFO [Metrics] AUC: 0.840248 - logloss: 0.328024
2024-09-23 08:18:19,058 P240789 INFO Save best model: monitor(max)=0.840248
2024-09-23 08:18:19,143 P240789 INFO ************ Epoch=13 end ************
2024-09-23 08:19:06,456 P240789 INFO Train loss: 0.351513
2024-09-23 08:19:06,457 P240789 INFO Evaluation @epoch 14 - batch 171: 
2024-09-23 08:19:09,599 P240789 INFO [Metrics] AUC: 0.841462 - logloss: 0.327149
2024-09-23 08:19:09,599 P240789 INFO Save best model: monitor(max)=0.841462
2024-09-23 08:19:09,679 P240789 INFO ************ Epoch=14 end ************
2024-09-23 08:19:55,243 P240789 INFO Train loss: 0.351065
2024-09-23 08:19:55,245 P240789 INFO Evaluation @epoch 15 - batch 171: 
2024-09-23 08:19:58,368 P240789 INFO [Metrics] AUC: 0.841096 - logloss: 0.327241
2024-09-23 08:19:58,368 P240789 INFO Monitor(max)=0.841096 STOP!
2024-09-23 08:19:58,369 P240789 INFO Reduce learning rate on plateau: 0.000100
2024-09-23 08:19:58,445 P240789 INFO ************ Epoch=15 end ************
2024-09-23 08:20:44,775 P240789 INFO Train loss: 0.328016
2024-09-23 08:20:44,776 P240789 INFO Evaluation @epoch 16 - batch 171: 
2024-09-23 08:20:47,855 P240789 INFO [Metrics] AUC: 0.849046 - logloss: 0.320811
2024-09-23 08:20:47,855 P240789 INFO Save best model: monitor(max)=0.849046
2024-09-23 08:20:47,935 P240789 INFO ************ Epoch=16 end ************
2024-09-23 08:21:34,844 P240789 INFO Train loss: 0.317379
2024-09-23 08:21:34,844 P240789 INFO Evaluation @epoch 17 - batch 171: 
2024-09-23 08:21:37,912 P240789 INFO [Metrics] AUC: 0.851953 - logloss: 0.318669
2024-09-23 08:21:37,913 P240789 INFO Save best model: monitor(max)=0.851953
2024-09-23 08:21:37,999 P240789 INFO ************ Epoch=17 end ************
2024-09-23 08:22:25,185 P240789 INFO Train loss: 0.312133
2024-09-23 08:22:25,185 P240789 INFO Evaluation @epoch 18 - batch 171: 
2024-09-23 08:22:28,276 P240789 INFO [Metrics] AUC: 0.852857 - logloss: 0.318077
2024-09-23 08:22:28,277 P240789 INFO Save best model: monitor(max)=0.852857
2024-09-23 08:22:28,345 P240789 INFO ************ Epoch=18 end ************
2024-09-23 08:23:13,816 P240789 INFO Train loss: 0.308147
2024-09-23 08:23:13,817 P240789 INFO Evaluation @epoch 19 - batch 171: 
2024-09-23 08:23:17,002 P240789 INFO [Metrics] AUC: 0.852827 - logloss: 0.318704
2024-09-23 08:23:17,003 P240789 INFO Monitor(max)=0.852827 STOP!
2024-09-23 08:23:17,003 P240789 INFO Reduce learning rate on plateau: 0.000010
2024-09-23 08:23:17,082 P240789 INFO ************ Epoch=19 end ************
2024-09-23 08:24:04,076 P240789 INFO Train loss: 0.299375
2024-09-23 08:24:04,076 P240789 INFO Evaluation @epoch 20 - batch 171: 
2024-09-23 08:24:06,996 P240789 INFO [Metrics] AUC: 0.853018 - logloss: 0.318743
2024-09-23 08:24:06,997 P240789 INFO Save best model: monitor(max)=0.853018
2024-09-23 08:24:07,096 P240789 INFO ************ Epoch=20 end ************
2024-09-23 08:24:46,877 P240789 INFO Train loss: 0.298326
2024-09-23 08:24:46,878 P240789 INFO Evaluation @epoch 21 - batch 171: 
2024-09-23 08:24:50,078 P240789 INFO [Metrics] AUC: 0.852994 - logloss: 0.318926
2024-09-23 08:24:50,079 P240789 INFO Monitor(max)=0.852994 STOP!
2024-09-23 08:24:50,079 P240789 INFO Reduce learning rate on plateau: 0.000001
2024-09-23 08:24:50,157 P240789 INFO ************ Epoch=21 end ************
2024-09-23 08:25:37,090 P240789 INFO Train loss: 0.297187
2024-09-23 08:25:37,091 P240789 INFO Evaluation @epoch 22 - batch 171: 
2024-09-23 08:25:40,167 P240789 INFO [Metrics] AUC: 0.852999 - logloss: 0.318948
2024-09-23 08:25:40,168 P240789 INFO Monitor(max)=0.852999 STOP!
2024-09-23 08:25:40,168 P240789 INFO Reduce learning rate on plateau: 0.000001
2024-09-23 08:25:40,168 P240789 INFO ********* Epoch=22 early stop *********
2024-09-23 08:25:40,245 P240789 INFO Training finished.
2024-09-23 08:25:40,246 P240789 INFO Load best model: /workspace/checkpoints/ML_1M_7_x1/DCNv3_ML_1M_020_072c23f3.model
2024-09-23 08:25:40,274 P240789 INFO ****** Validation evaluation ******
2024-09-23 08:25:43,382 P240789 INFO [Metrics] logloss: 0.318743 - AUC: 0.853018
2024-09-23 08:25:43,559 P240789 INFO ******** Test evaluation ********
2024-09-23 08:25:43,559 P240789 INFO Loading datasets...
2024-09-23 08:25:43,890 P240789 INFO Test samples: total/100022, blocks/1
2024-09-23 08:25:43,891 P240789 INFO Loading test data done.
2024-09-23 08:25:45,626 P240789 INFO [Metrics] logloss: 0.316809 - AUC: 0.853757
