2024-09-23 06:24:46,319 P203380 INFO FuxiCTR version: 2.3.2
2024-09-23 06:24:46,319 P203380 INFO Params: {
    "batch_norm": "True",
    "batch_size": "4096",
    "data_format": "csv",
    "data_root": "dataset/",
    "dataset_id": "ML_1M_7_x1",
    "debug_mode": "False",
    "deep_net_dropout": "0.2",
    "early_stop_patience": "2",
    "embedding_dim": "16",
    "embedding_regularizer": "0.01",
    "epochs": "100",
    "eval_steps": "None",
    "feature_cols": "[{'active': True, 'dtype': 'str', 'name': ['UserID', 'Gender', 'Age', 'Occupation', 'MovieID', 'Release'], 'type': 'categorical'}, {'active': True, 'dtype': 'str', 'encoder': 'MaskedSumPooling', 'max_len': 5, 'name': 'Genres', 'splitter': '^', 'type': 'sequence'}]",
    "feature_config": "None",
    "feature_specs": "None",
    "gpu": "0",
    "group_id": "None",
    "label_col": "{'dtype': 'float', 'name': 'Label'}",
    "layer_norm": "True",
    "learning_rate": "0.001",
    "loss": "binary_crossentropy",
    "metrics": "['logloss', 'AUC']",
    "min_categr_count": "1",
    "model": "DCNv3",
    "model_id": "DCNv3_ML_1M_014_a02c306a",
    "model_root": "./checkpoints/",
    "monitor": "{'AUC': 1, 'logloss': 0}",
    "monitor_mode": "max",
    "net_regularizer": "0",
    "num_deep_cross_layers": "1",
    "num_heads": "1",
    "num_shallow_cross_layers": "2",
    "num_workers": "4",
    "optimizer": "adam",
    "pickle_feature_encoder": "True",
    "save_best_only": "True",
    "seed": "2024",
    "shallow_net_dropout": "0.2",
    "shuffle": "True",
    "task": "binary_classification",
    "test_data": "dataset/ML_1M/test.csv",
    "train_data": "dataset/ML_1M/train.csv",
    "use_features": "None",
    "valid_data": "dataset/ML_1M/valid.csv",
    "verbose": "1"
}
2024-09-23 06:24:46,320 P203380 INFO Set up feature processor...
2024-09-23 06:24:46,321 P203380 WARNING Skip rebuilding dataset/ML_1M_7_x1/feature_map.json. Please delete it manually if rebuilding is required.
2024-09-23 06:24:46,321 P203380 INFO Load feature_map from json: dataset/ML_1M_7_x1/feature_map.json
2024-09-23 06:24:46,321 P203380 INFO Set column index...
2024-09-23 06:24:46,321 P203380 INFO Feature specs: {
    "Age": "{'source': '', 'type': 'categorical', 'padding_idx': 0, 'vocab_size': 9}",
    "Gender": "{'source': '', 'type': 'categorical', 'padding_idx': 0, 'vocab_size': 4}",
    "Genres": "{'source': '', 'type': 'sequence', 'feature_encoder': 'layers.MaskedAveragePooling()', 'padding_idx': 0, 'max_len': 5, 'vocab_size': 302}",
    "MovieID": "{'source': '', 'type': 'categorical', 'padding_idx': 0, 'vocab_size': 3659}",
    "Occupation": "{'source': '', 'type': 'categorical', 'padding_idx': 0, 'vocab_size': 23}",
    "Release": "{'source': '', 'type': 'categorical', 'padding_idx': 0, 'vocab_size': 83}",
    "UserID": "{'source': '', 'type': 'categorical', 'padding_idx': 0, 'vocab_size': 6042}"
}
2024-09-23 06:24:47,666 P203380 INFO Total number of parameters: 181672.
2024-09-23 06:24:47,667 P203380 INFO Loading datasets...
2024-09-23 06:24:50,276 P203380 INFO Train samples: total/700146, blocks/1
2024-09-23 06:24:50,738 P203380 INFO Validation samples: total/200041, blocks/1
2024-09-23 06:24:50,739 P203380 INFO Loading train and validation data done.
2024-09-23 06:24:50,739 P203380 INFO Start training: 171 batches/epoch
2024-09-23 06:24:50,740 P203380 INFO ************ Epoch=1 start ************
2024-09-23 06:25:37,136 P203380 INFO Train loss: 0.439311
2024-09-23 06:25:37,137 P203380 INFO Evaluation @epoch 1 - batch 171: 
2024-09-23 06:25:39,923 P203380 INFO [Metrics] AUC: 0.804559 - logloss: 0.356765
2024-09-23 06:25:39,924 P203380 INFO Save best model: monitor(max)=0.804559
2024-09-23 06:25:39,970 P203380 INFO ************ Epoch=1 end ************
2024-09-23 06:26:22,905 P203380 INFO Train loss: 0.379470
2024-09-23 06:26:22,906 P203380 INFO Evaluation @epoch 2 - batch 171: 
2024-09-23 06:26:25,718 P203380 INFO [Metrics] AUC: 0.814494 - logloss: 0.348296
2024-09-23 06:26:25,719 P203380 INFO Save best model: monitor(max)=0.814494
2024-09-23 06:26:25,778 P203380 INFO ************ Epoch=2 end ************
2024-09-23 06:27:10,470 P203380 INFO Train loss: 0.371450
2024-09-23 06:27:10,470 P203380 INFO Evaluation @epoch 3 - batch 171: 
2024-09-23 06:27:13,207 P203380 INFO [Metrics] AUC: 0.819688 - logloss: 0.343935
2024-09-23 06:27:13,208 P203380 INFO Save best model: monitor(max)=0.819688
2024-09-23 06:27:13,277 P203380 INFO ************ Epoch=3 end ************
2024-09-23 06:27:55,994 P203380 INFO Train loss: 0.367113
2024-09-23 06:27:55,994 P203380 INFO Evaluation @epoch 4 - batch 171: 
2024-09-23 06:27:58,477 P203380 INFO [Metrics] AUC: 0.823018 - logloss: 0.341876
2024-09-23 06:27:58,477 P203380 INFO Save best model: monitor(max)=0.823018
2024-09-23 06:27:58,537 P203380 INFO ************ Epoch=4 end ************
2024-09-23 06:28:41,270 P203380 INFO Train loss: 0.364482
2024-09-23 06:28:41,271 P203380 INFO Evaluation @epoch 5 - batch 171: 
2024-09-23 06:28:44,132 P203380 INFO [Metrics] AUC: 0.827958 - logloss: 0.337939
2024-09-23 06:28:44,133 P203380 INFO Save best model: monitor(max)=0.827958
2024-09-23 06:28:44,189 P203380 INFO ************ Epoch=5 end ************
2024-09-23 06:29:27,992 P203380 INFO Train loss: 0.362628
2024-09-23 06:29:27,993 P203380 INFO Evaluation @epoch 6 - batch 171: 
2024-09-23 06:29:30,794 P203380 INFO [Metrics] AUC: 0.830467 - logloss: 0.335840
2024-09-23 06:29:30,795 P203380 INFO Save best model: monitor(max)=0.830467
2024-09-23 06:29:30,870 P203380 INFO ************ Epoch=6 end ************
2024-09-23 06:30:14,204 P203380 INFO Train loss: 0.360035
2024-09-23 06:30:14,205 P203380 INFO Evaluation @epoch 7 - batch 171: 
2024-09-23 06:30:17,028 P203380 INFO [Metrics] AUC: 0.832825 - logloss: 0.333852
2024-09-23 06:30:17,029 P203380 INFO Save best model: monitor(max)=0.832825
2024-09-23 06:30:17,099 P203380 INFO ************ Epoch=7 end ************
2024-09-23 06:31:02,114 P203380 INFO Train loss: 0.358440
2024-09-23 06:31:02,114 P203380 INFO Evaluation @epoch 8 - batch 171: 
2024-09-23 06:31:04,848 P203380 INFO [Metrics] AUC: 0.835002 - logloss: 0.332202
2024-09-23 06:31:04,849 P203380 INFO Save best model: monitor(max)=0.835002
2024-09-23 06:31:04,910 P203380 INFO ************ Epoch=8 end ************
2024-09-23 06:31:48,236 P203380 INFO Train loss: 0.357457
2024-09-23 06:31:48,237 P203380 INFO Evaluation @epoch 9 - batch 171: 
2024-09-23 06:31:51,078 P203380 INFO [Metrics] AUC: 0.835302 - logloss: 0.331858
2024-09-23 06:31:51,079 P203380 INFO Save best model: monitor(max)=0.835302
2024-09-23 06:31:51,138 P203380 INFO ************ Epoch=9 end ************
2024-09-23 06:32:35,091 P203380 INFO Train loss: 0.355981
2024-09-23 06:32:35,092 P203380 INFO Evaluation @epoch 10 - batch 171: 
2024-09-23 06:32:37,450 P203380 INFO [Metrics] AUC: 0.836714 - logloss: 0.330860
2024-09-23 06:32:37,451 P203380 INFO Save best model: monitor(max)=0.836714
2024-09-23 06:32:37,515 P203380 INFO ************ Epoch=10 end ************
2024-09-23 06:33:17,440 P203380 INFO Train loss: 0.355380
2024-09-23 06:33:17,441 P203380 INFO Evaluation @epoch 11 - batch 171: 
2024-09-23 06:33:20,277 P203380 INFO [Metrics] AUC: 0.837792 - logloss: 0.330620
2024-09-23 06:33:20,277 P203380 INFO Save best model: monitor(max)=0.837792
2024-09-23 06:33:20,339 P203380 INFO ************ Epoch=11 end ************
2024-09-23 06:34:05,131 P203380 INFO Train loss: 0.354634
2024-09-23 06:34:05,131 P203380 INFO Evaluation @epoch 12 - batch 171: 
2024-09-23 06:34:08,121 P203380 INFO [Metrics] AUC: 0.839498 - logloss: 0.328854
2024-09-23 06:34:08,122 P203380 INFO Save best model: monitor(max)=0.839498
2024-09-23 06:34:08,200 P203380 INFO ************ Epoch=12 end ************
2024-09-23 06:34:51,863 P203380 INFO Train loss: 0.354115
2024-09-23 06:34:51,863 P203380 INFO Evaluation @epoch 13 - batch 171: 
2024-09-23 06:34:54,716 P203380 INFO [Metrics] AUC: 0.840119 - logloss: 0.328071
2024-09-23 06:34:54,717 P203380 INFO Save best model: monitor(max)=0.840119
2024-09-23 06:34:54,781 P203380 INFO ************ Epoch=13 end ************
2024-09-23 06:35:39,129 P203380 INFO Train loss: 0.353915
2024-09-23 06:35:39,129 P203380 INFO Evaluation @epoch 14 - batch 171: 
2024-09-23 06:35:41,892 P203380 INFO [Metrics] AUC: 0.840072 - logloss: 0.328065
2024-09-23 06:35:41,892 P203380 INFO Monitor(max)=0.840072 STOP!
2024-09-23 06:35:41,892 P203380 INFO Reduce learning rate on plateau: 0.000100
2024-09-23 06:35:41,969 P203380 INFO ************ Epoch=14 end ************
2024-09-23 06:36:25,958 P203380 INFO Train loss: 0.330888
2024-09-23 06:36:25,959 P203380 INFO Evaluation @epoch 15 - batch 171: 
2024-09-23 06:36:28,761 P203380 INFO [Metrics] AUC: 0.848301 - logloss: 0.321221
2024-09-23 06:36:28,762 P203380 INFO Save best model: monitor(max)=0.848301
2024-09-23 06:36:28,823 P203380 INFO ************ Epoch=15 end ************
2024-09-23 06:37:09,459 P203380 INFO Train loss: 0.319990
2024-09-23 06:37:09,460 P203380 INFO Evaluation @epoch 16 - batch 171: 
2024-09-23 06:37:11,915 P203380 INFO [Metrics] AUC: 0.851510 - logloss: 0.318752
2024-09-23 06:37:11,915 P203380 INFO Save best model: monitor(max)=0.851510
2024-09-23 06:37:11,979 P203380 INFO ************ Epoch=16 end ************
2024-09-23 06:37:56,539 P203380 INFO Train loss: 0.314681
2024-09-23 06:37:56,540 P203380 INFO Evaluation @epoch 17 - batch 171: 
2024-09-23 06:37:59,314 P203380 INFO [Metrics] AUC: 0.852515 - logloss: 0.318053
2024-09-23 06:37:59,314 P203380 INFO Save best model: monitor(max)=0.852515
2024-09-23 06:37:59,377 P203380 INFO ************ Epoch=17 end ************
2024-09-23 06:38:43,466 P203380 INFO Train loss: 0.310688
2024-09-23 06:38:43,467 P203380 INFO Evaluation @epoch 18 - batch 171: 
2024-09-23 06:38:46,308 P203380 INFO [Metrics] AUC: 0.853276 - logloss: 0.317673
2024-09-23 06:38:46,309 P203380 INFO Save best model: monitor(max)=0.853276
2024-09-23 06:38:46,371 P203380 INFO ************ Epoch=18 end ************
2024-09-23 06:39:30,561 P203380 INFO Train loss: 0.307625
2024-09-23 06:39:30,562 P203380 INFO Evaluation @epoch 19 - batch 171: 
2024-09-23 06:39:33,309 P203380 INFO [Metrics] AUC: 0.853233 - logloss: 0.317770
2024-09-23 06:39:33,310 P203380 INFO Monitor(max)=0.853233 STOP!
2024-09-23 06:39:33,310 P203380 INFO Reduce learning rate on plateau: 0.000010
2024-09-23 06:39:33,389 P203380 INFO ************ Epoch=19 end ************
2024-09-23 06:40:17,803 P203380 INFO Train loss: 0.297952
2024-09-23 06:40:17,803 P203380 INFO Evaluation @epoch 20 - batch 171: 
2024-09-23 06:40:20,501 P203380 INFO [Metrics] AUC: 0.853414 - logloss: 0.318246
2024-09-23 06:40:20,502 P203380 INFO Save best model: monitor(max)=0.853414
2024-09-23 06:40:20,583 P203380 INFO ************ Epoch=20 end ************
2024-09-23 06:41:05,287 P203380 INFO Train loss: 0.297139
2024-09-23 06:41:05,288 P203380 INFO Evaluation @epoch 21 - batch 171: 
2024-09-23 06:41:08,139 P203380 INFO [Metrics] AUC: 0.853492 - logloss: 0.318455
2024-09-23 06:41:08,141 P203380 INFO Save best model: monitor(max)=0.853492
2024-09-23 06:41:08,214 P203380 INFO ************ Epoch=21 end ************
2024-09-23 06:41:47,959 P203380 INFO Train loss: 0.296374
2024-09-23 06:41:47,959 P203380 INFO Evaluation @epoch 22 - batch 171: 
2024-09-23 06:41:50,888 P203380 INFO [Metrics] AUC: 0.853503 - logloss: 0.318416
2024-09-23 06:41:50,902 P203380 INFO Save best model: monitor(max)=0.853503
2024-09-23 06:41:50,976 P203380 INFO ************ Epoch=22 end ************
2024-09-23 06:42:35,463 P203380 INFO Train loss: 0.295512
2024-09-23 06:42:35,464 P203380 INFO Evaluation @epoch 23 - batch 171: 
2024-09-23 06:42:38,210 P203380 INFO [Metrics] AUC: 0.853434 - logloss: 0.318640
2024-09-23 06:42:38,210 P203380 INFO Monitor(max)=0.853434 STOP!
2024-09-23 06:42:38,210 P203380 INFO Reduce learning rate on plateau: 0.000001
2024-09-23 06:42:38,276 P203380 INFO ************ Epoch=23 end ************
2024-09-23 06:43:22,135 P203380 INFO Train loss: 0.294563
2024-09-23 06:43:22,136 P203380 INFO Evaluation @epoch 24 - batch 171: 
2024-09-23 06:43:24,977 P203380 INFO [Metrics] AUC: 0.853441 - logloss: 0.318658
2024-09-23 06:43:24,978 P203380 INFO Monitor(max)=0.853441 STOP!
2024-09-23 06:43:24,978 P203380 INFO Reduce learning rate on plateau: 0.000001
2024-09-23 06:43:24,978 P203380 INFO ********* Epoch=24 early stop *********
2024-09-23 06:43:25,031 P203380 INFO Training finished.
2024-09-23 06:43:25,031 P203380 INFO Load best model: /workspace/checkpoints/ML_1M_7_x1/DCNv3_ML_1M_014_a02c306a.model
2024-09-23 06:43:25,056 P203380 INFO ****** Validation evaluation ******
2024-09-23 06:43:27,820 P203380 INFO [Metrics] logloss: 0.318416 - AUC: 0.853503
2024-09-23 06:43:27,977 P203380 INFO ******** Test evaluation ********
2024-09-23 06:43:27,977 P203380 INFO Loading datasets...
2024-09-23 06:43:28,227 P203380 INFO Test samples: total/100022, blocks/1
2024-09-23 06:43:28,228 P203380 INFO Loading test data done.
2024-09-23 06:43:29,818 P203380 INFO [Metrics] logloss: 0.317791 - AUC: 0.853055
