2024-09-23 23:13:18,201 P447121 INFO FuxiCTR version: 2.3.2
2024-09-23 23:13:18,202 P447121 INFO Params: {
    "batch_norm": "True",
    "batch_size": "4096",
    "data_format": "csv",
    "data_root": "dataset/",
    "dataset_id": "ML_1M_7_x1",
    "debug_mode": "False",
    "deep_net_dropout": "0.3",
    "early_stop_patience": "2",
    "embedding_dim": "16",
    "embedding_regularizer": "0.01",
    "epochs": "100",
    "eval_steps": "None",
    "feature_cols": "[{'active': True, 'dtype': 'str', 'name': ['UserID', 'Gender', 'Age', 'Occupation', 'MovieID', 'Release'], 'type': 'categorical'}, {'active': True, 'dtype': 'str', 'encoder': 'MaskedSumPooling', 'max_len': 5, 'name': 'Genres', 'splitter': '^', 'type': 'sequence'}]",
    "feature_config": "None",
    "feature_specs": "None",
    "gpu": "0",
    "group_id": "None",
    "label_col": "{'dtype': 'float', 'name': 'Label'}",
    "layer_norm": "True",
    "learning_rate": "0.001",
    "loss": "binary_crossentropy",
    "metrics": "['logloss', 'AUC']",
    "min_categr_count": "1",
    "model": "DCNv3",
    "model_id": "DCNv3_ML_1M_007_74670151",
    "model_root": "./checkpoints/",
    "monitor": "{'AUC': 1, 'logloss': 0}",
    "monitor_mode": "max",
    "net_regularizer": "0",
    "num_deep_cross_layers": "1",
    "num_heads": "1",
    "num_shallow_cross_layers": "1",
    "num_workers": "4",
    "optimizer": "adam",
    "pickle_feature_encoder": "True",
    "save_best_only": "True",
    "seed": "2024",
    "shallow_net_dropout": "0.1",
    "shuffle": "True",
    "task": "binary_classification",
    "test_data": "dataset/ML_1M/test.csv",
    "train_data": "dataset/ML_1M/train.csv",
    "use_features": "None",
    "valid_data": "dataset/ML_1M/valid.csv",
    "verbose": "1"
}
2024-09-23 23:13:18,203 P447121 INFO Set up feature processor...
2024-09-23 23:13:18,203 P447121 WARNING Skip rebuilding dataset/ML_1M_7_x1/feature_map.json. Please delete it manually if rebuilding is required.
2024-09-23 23:13:18,203 P447121 INFO Load feature_map from json: dataset/ML_1M_7_x1/feature_map.json
2024-09-23 23:13:18,204 P447121 INFO Set column index...
2024-09-23 23:13:18,204 P447121 INFO Feature specs: {
    "Age": "{'source': '', 'type': 'categorical', 'padding_idx': 0, 'vocab_size': 9}",
    "Gender": "{'source': '', 'type': 'categorical', 'padding_idx': 0, 'vocab_size': 4}",
    "Genres": "{'source': '', 'type': 'sequence', 'feature_encoder': 'layers.MaskedAveragePooling()', 'padding_idx': 0, 'max_len': 5, 'vocab_size': 302}",
    "MovieID": "{'source': '', 'type': 'categorical', 'padding_idx': 0, 'vocab_size': 3659}",
    "Occupation": "{'source': '', 'type': 'categorical', 'padding_idx': 0, 'vocab_size': 23}",
    "Release": "{'source': '', 'type': 'categorical', 'padding_idx': 0, 'vocab_size': 83}",
    "UserID": "{'source': '', 'type': 'categorical', 'padding_idx': 0, 'vocab_size': 6042}"
}
2024-09-23 23:13:19,472 P447121 INFO Total number of parameters: 175174.
2024-09-23 23:13:19,472 P447121 INFO Loading datasets...
2024-09-23 23:13:21,511 P447121 INFO Train samples: total/700146, blocks/1
2024-09-23 23:13:21,800 P447121 INFO Validation samples: total/200041, blocks/1
2024-09-23 23:13:21,800 P447121 INFO Loading train and validation data done.
2024-09-23 23:13:21,800 P447121 INFO Start training: 171 batches/epoch
2024-09-23 23:13:21,800 P447121 INFO ************ Epoch=1 start ************
2024-09-23 23:13:36,059 P447121 INFO Train loss: 0.454617
2024-09-23 23:13:36,059 P447121 INFO Evaluation @epoch 1 - batch 171: 
2024-09-23 23:13:37,254 P447121 INFO [Metrics] AUC: 0.798476 - logloss: 0.362192
2024-09-23 23:13:37,255 P447121 INFO Save best model: monitor(max)=0.798476
2024-09-23 23:13:37,299 P447121 INFO ************ Epoch=1 end ************
2024-09-23 23:13:51,009 P447121 INFO Train loss: 0.383486
2024-09-23 23:13:51,009 P447121 INFO Evaluation @epoch 2 - batch 171: 
2024-09-23 23:13:52,017 P447121 INFO [Metrics] AUC: 0.811565 - logloss: 0.350322
2024-09-23 23:13:52,017 P447121 INFO Save best model: monitor(max)=0.811565
2024-09-23 23:13:52,076 P447121 INFO ************ Epoch=2 end ************
2024-09-23 23:14:06,051 P447121 INFO Train loss: 0.372094
2024-09-23 23:14:06,051 P447121 INFO Evaluation @epoch 3 - batch 171: 
2024-09-23 23:14:06,911 P447121 INFO [Metrics] AUC: 0.817908 - logloss: 0.345574
2024-09-23 23:14:06,911 P447121 INFO Save best model: monitor(max)=0.817908
2024-09-23 23:14:06,974 P447121 INFO ************ Epoch=3 end ************
2024-09-23 23:14:21,602 P447121 INFO Train loss: 0.366287
2024-09-23 23:14:21,603 P447121 INFO Evaluation @epoch 4 - batch 171: 
2024-09-23 23:14:22,449 P447121 INFO [Metrics] AUC: 0.821715 - logloss: 0.342197
2024-09-23 23:14:22,450 P447121 INFO Save best model: monitor(max)=0.821715
2024-09-23 23:14:22,513 P447121 INFO ************ Epoch=4 end ************
2024-09-23 23:14:36,954 P447121 INFO Train loss: 0.362369
2024-09-23 23:14:36,955 P447121 INFO Evaluation @epoch 5 - batch 171: 
2024-09-23 23:14:37,895 P447121 INFO [Metrics] AUC: 0.824011 - logloss: 0.340601
2024-09-23 23:14:37,896 P447121 INFO Save best model: monitor(max)=0.824011
2024-09-23 23:14:37,996 P447121 INFO ************ Epoch=5 end ************
2024-09-23 23:14:42,352 P447121 INFO Train loss: 0.360175
2024-09-23 23:14:42,352 P447121 INFO Evaluation @epoch 6 - batch 171: 
2024-09-23 23:14:43,058 P447121 INFO [Metrics] AUC: 0.826528 - logloss: 0.338502
2024-09-23 23:14:43,059 P447121 INFO Save best model: monitor(max)=0.826528
2024-09-23 23:14:43,114 P447121 INFO ************ Epoch=6 end ************
2024-09-23 23:14:47,332 P447121 INFO Train loss: 0.358771
2024-09-23 23:14:47,333 P447121 INFO Evaluation @epoch 7 - batch 171: 
2024-09-23 23:14:48,110 P447121 INFO [Metrics] AUC: 0.827980 - logloss: 0.337698
2024-09-23 23:14:48,110 P447121 INFO Save best model: monitor(max)=0.827980
2024-09-23 23:14:48,169 P447121 INFO ************ Epoch=7 end ************
2024-09-23 23:14:52,642 P447121 INFO Train loss: 0.357281
2024-09-23 23:14:52,642 P447121 INFO Evaluation @epoch 8 - batch 171: 
2024-09-23 23:14:53,797 P447121 INFO [Metrics] AUC: 0.829386 - logloss: 0.336496
2024-09-23 23:14:53,798 P447121 INFO Save best model: monitor(max)=0.829386
2024-09-23 23:14:53,862 P447121 INFO ************ Epoch=8 end ************
2024-09-23 23:15:07,900 P447121 INFO Train loss: 0.356709
2024-09-23 23:15:07,901 P447121 INFO Evaluation @epoch 9 - batch 171: 
2024-09-23 23:15:08,798 P447121 INFO [Metrics] AUC: 0.831510 - logloss: 0.334650
2024-09-23 23:15:08,799 P447121 INFO Save best model: monitor(max)=0.831510
2024-09-23 23:15:08,858 P447121 INFO ************ Epoch=9 end ************
2024-09-23 23:15:23,024 P447121 INFO Train loss: 0.356093
2024-09-23 23:15:23,024 P447121 INFO Evaluation @epoch 10 - batch 171: 
2024-09-23 23:15:23,904 P447121 INFO [Metrics] AUC: 0.832681 - logloss: 0.334021
2024-09-23 23:15:23,905 P447121 INFO Save best model: monitor(max)=0.832681
2024-09-23 23:15:23,972 P447121 INFO ************ Epoch=10 end ************
2024-09-23 23:15:38,359 P447121 INFO Train loss: 0.355064
2024-09-23 23:15:38,359 P447121 INFO Evaluation @epoch 11 - batch 171: 
2024-09-23 23:15:39,288 P447121 INFO [Metrics] AUC: 0.833046 - logloss: 0.333688
2024-09-23 23:15:39,289 P447121 INFO Save best model: monitor(max)=0.833046
2024-09-23 23:15:39,361 P447121 INFO ************ Epoch=11 end ************
2024-09-23 23:15:53,896 P447121 INFO Train loss: 0.354678
2024-09-23 23:15:53,897 P447121 INFO Evaluation @epoch 12 - batch 171: 
2024-09-23 23:15:54,959 P447121 INFO [Metrics] AUC: 0.834382 - logloss: 0.332571
2024-09-23 23:15:54,960 P447121 INFO Save best model: monitor(max)=0.834382
2024-09-23 23:15:55,047 P447121 INFO ************ Epoch=12 end ************
2024-09-23 23:16:10,019 P447121 INFO Train loss: 0.354011
2024-09-23 23:16:10,019 P447121 INFO Evaluation @epoch 13 - batch 171: 
2024-09-23 23:16:11,133 P447121 INFO [Metrics] AUC: 0.835504 - logloss: 0.331611
2024-09-23 23:16:11,133 P447121 INFO Save best model: monitor(max)=0.835504
2024-09-23 23:16:11,207 P447121 INFO ************ Epoch=13 end ************
2024-09-23 23:16:26,230 P447121 INFO Train loss: 0.353546
2024-09-23 23:16:26,230 P447121 INFO Evaluation @epoch 14 - batch 171: 
2024-09-23 23:16:27,374 P447121 INFO [Metrics] AUC: 0.835702 - logloss: 0.331628
2024-09-23 23:16:27,375 P447121 INFO Save best model: monitor(max)=0.835702
2024-09-23 23:16:27,432 P447121 INFO ************ Epoch=14 end ************
2024-09-23 23:16:42,207 P447121 INFO Train loss: 0.352845
2024-09-23 23:16:42,207 P447121 INFO Evaluation @epoch 15 - batch 171: 
2024-09-23 23:16:43,422 P447121 INFO [Metrics] AUC: 0.836998 - logloss: 0.330340
2024-09-23 23:16:43,422 P447121 INFO Save best model: monitor(max)=0.836998
2024-09-23 23:16:43,494 P447121 INFO ************ Epoch=15 end ************
2024-09-23 23:16:58,169 P447121 INFO Train loss: 0.352568
2024-09-23 23:16:58,169 P447121 INFO Evaluation @epoch 16 - batch 171: 
2024-09-23 23:16:59,254 P447121 INFO [Metrics] AUC: 0.836678 - logloss: 0.330640
2024-09-23 23:16:59,255 P447121 INFO Monitor(max)=0.836678 STOP!
2024-09-23 23:16:59,255 P447121 INFO Reduce learning rate on plateau: 0.000100
2024-09-23 23:16:59,318 P447121 INFO ************ Epoch=16 end ************
2024-09-23 23:17:13,910 P447121 INFO Train loss: 0.332562
2024-09-23 23:17:13,910 P447121 INFO Evaluation @epoch 17 - batch 171: 
2024-09-23 23:17:14,964 P447121 INFO [Metrics] AUC: 0.845117 - logloss: 0.323864
2024-09-23 23:17:14,965 P447121 INFO Save best model: monitor(max)=0.845117
2024-09-23 23:17:15,032 P447121 INFO ************ Epoch=17 end ************
2024-09-23 23:17:29,329 P447121 INFO Train loss: 0.323320
2024-09-23 23:17:29,330 P447121 INFO Evaluation @epoch 18 - batch 171: 
2024-09-23 23:17:30,451 P447121 INFO [Metrics] AUC: 0.848214 - logloss: 0.321323
2024-09-23 23:17:30,452 P447121 INFO Save best model: monitor(max)=0.848214
2024-09-23 23:17:30,517 P447121 INFO ************ Epoch=18 end ************
2024-09-23 23:17:43,828 P447121 INFO Train loss: 0.319110
2024-09-23 23:17:43,829 P447121 INFO Evaluation @epoch 19 - batch 171: 
2024-09-23 23:17:44,940 P447121 INFO [Metrics] AUC: 0.849355 - logloss: 0.320442
2024-09-23 23:17:44,941 P447121 INFO Save best model: monitor(max)=0.849355
2024-09-23 23:17:45,020 P447121 INFO ************ Epoch=19 end ************
2024-09-23 23:17:58,413 P447121 INFO Train loss: 0.316481
2024-09-23 23:17:58,414 P447121 INFO Evaluation @epoch 20 - batch 171: 
2024-09-23 23:17:59,686 P447121 INFO [Metrics] AUC: 0.850111 - logloss: 0.319941
2024-09-23 23:17:59,687 P447121 INFO Save best model: monitor(max)=0.850111
2024-09-23 23:17:59,745 P447121 INFO ************ Epoch=20 end ************
2024-09-23 23:18:12,584 P447121 INFO Train loss: 0.314474
2024-09-23 23:18:12,584 P447121 INFO Evaluation @epoch 21 - batch 171: 
2024-09-23 23:18:13,799 P447121 INFO [Metrics] AUC: 0.850386 - logloss: 0.319816
2024-09-23 23:18:13,799 P447121 INFO Save best model: monitor(max)=0.850386
2024-09-23 23:18:13,868 P447121 INFO ************ Epoch=21 end ************
2024-09-23 23:18:26,374 P447121 INFO Train loss: 0.312748
2024-09-23 23:18:26,374 P447121 INFO Evaluation @epoch 22 - batch 171: 
2024-09-23 23:18:27,581 P447121 INFO [Metrics] AUC: 0.850701 - logloss: 0.319616
2024-09-23 23:18:27,582 P447121 INFO Save best model: monitor(max)=0.850701
2024-09-23 23:18:27,645 P447121 INFO ************ Epoch=22 end ************
2024-09-23 23:18:39,557 P447121 INFO Train loss: 0.311138
2024-09-23 23:18:39,557 P447121 INFO Evaluation @epoch 23 - batch 171: 
2024-09-23 23:18:40,794 P447121 INFO [Metrics] AUC: 0.850714 - logloss: 0.319784
2024-09-23 23:18:40,795 P447121 INFO Save best model: monitor(max)=0.850714
2024-09-23 23:18:40,861 P447121 INFO ************ Epoch=23 end ************
2024-09-23 23:18:52,819 P447121 INFO Train loss: 0.309775
2024-09-23 23:18:52,819 P447121 INFO Evaluation @epoch 24 - batch 171: 
2024-09-23 23:18:54,070 P447121 INFO [Metrics] AUC: 0.850796 - logloss: 0.319938
2024-09-23 23:18:54,071 P447121 INFO Save best model: monitor(max)=0.850796
2024-09-23 23:18:54,134 P447121 INFO ************ Epoch=24 end ************
2024-09-23 23:19:05,930 P447121 INFO Train loss: 0.308382
2024-09-23 23:19:05,930 P447121 INFO Evaluation @epoch 25 - batch 171: 
2024-09-23 23:19:07,132 P447121 INFO [Metrics] AUC: 0.850829 - logloss: 0.319810
2024-09-23 23:19:07,133 P447121 INFO Save best model: monitor(max)=0.850829
2024-09-23 23:19:07,192 P447121 INFO ************ Epoch=25 end ************
2024-09-23 23:19:15,729 P447121 INFO Train loss: 0.307380
2024-09-23 23:19:15,729 P447121 INFO Evaluation @epoch 26 - batch 171: 
2024-09-23 23:19:16,501 P447121 INFO [Metrics] AUC: 0.850691 - logloss: 0.320003
2024-09-23 23:19:16,502 P447121 INFO Monitor(max)=0.850691 STOP!
2024-09-23 23:19:16,502 P447121 INFO Reduce learning rate on plateau: 0.000010
2024-09-23 23:19:16,555 P447121 INFO ************ Epoch=26 end ************
2024-09-23 23:19:20,620 P447121 INFO Train loss: 0.299249
2024-09-23 23:19:20,620 P447121 INFO Evaluation @epoch 27 - batch 171: 
2024-09-23 23:19:21,427 P447121 INFO [Metrics] AUC: 0.850930 - logloss: 0.320191
2024-09-23 23:19:21,427 P447121 INFO Save best model: monitor(max)=0.850930
2024-09-23 23:19:21,488 P447121 INFO ************ Epoch=27 end ************
2024-09-23 23:19:25,722 P447121 INFO Train loss: 0.298553
2024-09-23 23:19:25,722 P447121 INFO Evaluation @epoch 28 - batch 171: 
2024-09-23 23:19:26,657 P447121 INFO [Metrics] AUC: 0.851011 - logloss: 0.320223
2024-09-23 23:19:26,658 P447121 INFO Save best model: monitor(max)=0.851011
2024-09-23 23:19:26,717 P447121 INFO ************ Epoch=28 end ************
2024-09-23 23:19:41,295 P447121 INFO Train loss: 0.298209
2024-09-23 23:19:41,295 P447121 INFO Evaluation @epoch 29 - batch 171: 
2024-09-23 23:19:42,253 P447121 INFO [Metrics] AUC: 0.851054 - logloss: 0.320307
2024-09-23 23:19:42,254 P447121 INFO Save best model: monitor(max)=0.851054
2024-09-23 23:19:42,329 P447121 INFO ************ Epoch=29 end ************
2024-09-23 23:19:57,060 P447121 INFO Train loss: 0.298122
2024-09-23 23:19:57,060 P447121 INFO Evaluation @epoch 30 - batch 171: 
2024-09-23 23:19:58,191 P447121 INFO [Metrics] AUC: 0.851066 - logloss: 0.320370
2024-09-23 23:19:58,191 P447121 INFO Save best model: monitor(max)=0.851066
2024-09-23 23:19:58,265 P447121 INFO ************ Epoch=30 end ************
2024-09-23 23:20:13,724 P447121 INFO Train loss: 0.297800
2024-09-23 23:20:13,724 P447121 INFO Evaluation @epoch 31 - batch 171: 
2024-09-23 23:20:14,891 P447121 INFO [Metrics] AUC: 0.851072 - logloss: 0.320344
2024-09-23 23:20:14,891 P447121 INFO Save best model: monitor(max)=0.851072
2024-09-23 23:20:14,966 P447121 INFO ************ Epoch=31 end ************
2024-09-23 23:20:30,333 P447121 INFO Train loss: 0.297229
2024-09-23 23:20:30,333 P447121 INFO Evaluation @epoch 32 - batch 171: 
2024-09-23 23:20:31,555 P447121 INFO [Metrics] AUC: 0.851124 - logloss: 0.320431
2024-09-23 23:20:31,556 P447121 INFO Save best model: monitor(max)=0.851124
2024-09-23 23:20:31,628 P447121 INFO ************ Epoch=32 end ************
2024-09-23 23:20:47,022 P447121 INFO Train loss: 0.297176
2024-09-23 23:20:47,022 P447121 INFO Evaluation @epoch 33 - batch 171: 
2024-09-23 23:20:48,145 P447121 INFO [Metrics] AUC: 0.851104 - logloss: 0.320380
2024-09-23 23:20:48,146 P447121 INFO Monitor(max)=0.851104 STOP!
2024-09-23 23:20:48,146 P447121 INFO Reduce learning rate on plateau: 0.000001
2024-09-23 23:20:48,200 P447121 INFO ************ Epoch=33 end ************
2024-09-23 23:21:02,834 P447121 INFO Train loss: 0.296211
2024-09-23 23:21:02,835 P447121 INFO Evaluation @epoch 34 - batch 171: 
2024-09-23 23:21:03,871 P447121 INFO [Metrics] AUC: 0.851109 - logloss: 0.320361
2024-09-23 23:21:03,872 P447121 INFO Monitor(max)=0.851109 STOP!
2024-09-23 23:21:03,872 P447121 INFO Reduce learning rate on plateau: 0.000001
2024-09-23 23:21:03,872 P447121 INFO ********* Epoch=34 early stop *********
2024-09-23 23:21:03,924 P447121 INFO Training finished.
2024-09-23 23:21:03,924 P447121 INFO Load best model: /workspace/checkpoints/ML_1M_7_x1/DCNv3_ML_1M_007_74670151.model
2024-09-23 23:21:03,929 P447121 INFO ****** Validation evaluation ******
2024-09-23 23:21:04,930 P447121 INFO [Metrics] logloss: 0.320431 - AUC: 0.851124
2024-09-23 23:21:05,072 P447121 INFO ******** Test evaluation ********
2024-09-23 23:21:05,072 P447121 INFO Loading datasets...
2024-09-23 23:21:05,311 P447121 INFO Test samples: total/100022, blocks/1
2024-09-23 23:21:05,311 P447121 INFO Loading test data done.
2024-09-23 23:21:06,050 P447121 INFO [Metrics] logloss: 0.319406 - AUC: 0.851089
