2024-09-23 22:38:58,198 P419777 INFO FuxiCTR version: 2.3.2
2024-09-23 22:38:58,199 P419777 INFO Params: {
    "batch_norm": "True",
    "batch_size": "4096",
    "data_format": "csv",
    "data_root": "dataset/",
    "dataset_id": "ML_1M_7_x1",
    "debug_mode": "False",
    "deep_net_dropout": "0.1",
    "early_stop_patience": "2",
    "embedding_dim": "16",
    "embedding_regularizer": "0.01",
    "epochs": "100",
    "eval_steps": "None",
    "feature_cols": "[{'active': True, 'dtype': 'str', 'name': ['UserID', 'Gender', 'Age', 'Occupation', 'MovieID', 'Release'], 'type': 'categorical'}, {'active': True, 'dtype': 'str', 'encoder': 'MaskedSumPooling', 'max_len': 5, 'name': 'Genres', 'splitter': '^', 'type': 'sequence'}]",
    "feature_config": "None",
    "feature_specs": "None",
    "gpu": "0",
    "group_id": "None",
    "label_col": "{'dtype': 'float', 'name': 'Label'}",
    "layer_norm": "True",
    "learning_rate": "0.001",
    "loss": "binary_crossentropy",
    "metrics": "['logloss', 'AUC']",
    "min_categr_count": "1",
    "model": "DCNv3",
    "model_id": "DCNv3_ML_1M_002_ef31b97d",
    "model_root": "./checkpoints/",
    "monitor": "{'AUC': 1, 'logloss': 0}",
    "monitor_mode": "max",
    "net_regularizer": "0",
    "num_deep_cross_layers": "1",
    "num_heads": "1",
    "num_shallow_cross_layers": "1",
    "num_workers": "4",
    "optimizer": "adam",
    "pickle_feature_encoder": "True",
    "save_best_only": "True",
    "seed": "2024",
    "shallow_net_dropout": "0.2",
    "shuffle": "True",
    "task": "binary_classification",
    "test_data": "dataset/ML_1M/test.csv",
    "train_data": "dataset/ML_1M/train.csv",
    "use_features": "None",
    "valid_data": "dataset/ML_1M/valid.csv",
    "verbose": "1"
}
2024-09-23 22:38:58,200 P419777 INFO Set up feature processor...
2024-09-23 22:38:58,200 P419777 WARNING Skip rebuilding dataset/ML_1M_7_x1/feature_map.json. Please delete it manually if rebuilding is required.
2024-09-23 22:38:58,200 P419777 INFO Load feature_map from json: dataset/ML_1M_7_x1/feature_map.json
2024-09-23 22:38:58,201 P419777 INFO Set column index...
2024-09-23 22:38:58,201 P419777 INFO Feature specs: {
    "Age": "{'source': '', 'type': 'categorical', 'padding_idx': 0, 'vocab_size': 9}",
    "Gender": "{'source': '', 'type': 'categorical', 'padding_idx': 0, 'vocab_size': 4}",
    "Genres": "{'source': '', 'type': 'sequence', 'feature_encoder': 'layers.MaskedAveragePooling()', 'padding_idx': 0, 'max_len': 5, 'vocab_size': 302}",
    "MovieID": "{'source': '', 'type': 'categorical', 'padding_idx': 0, 'vocab_size': 3659}",
    "Occupation": "{'source': '', 'type': 'categorical', 'padding_idx': 0, 'vocab_size': 23}",
    "Release": "{'source': '', 'type': 'categorical', 'padding_idx': 0, 'vocab_size': 83}",
    "UserID": "{'source': '', 'type': 'categorical', 'padding_idx': 0, 'vocab_size': 6042}"
}
2024-09-23 22:38:59,499 P419777 INFO Total number of parameters: 175174.
2024-09-23 22:38:59,499 P419777 INFO Loading datasets...
2024-09-23 22:39:01,403 P419777 INFO Train samples: total/700146, blocks/1
2024-09-23 22:39:01,679 P419777 INFO Validation samples: total/200041, blocks/1
2024-09-23 22:39:01,679 P419777 INFO Loading train and validation data done.
2024-09-23 22:39:01,680 P419777 INFO Start training: 171 batches/epoch
2024-09-23 22:39:01,680 P419777 INFO ************ Epoch=1 start ************
2024-09-23 22:39:07,799 P419777 INFO Train loss: 0.453343
2024-09-23 22:39:07,799 P419777 INFO Evaluation @epoch 1 - batch 171: 
2024-09-23 22:39:08,519 P419777 INFO [Metrics] AUC: 0.799228 - logloss: 0.362004
2024-09-23 22:39:08,520 P419777 INFO Save best model: monitor(max)=0.799228
2024-09-23 22:39:08,563 P419777 INFO ************ Epoch=1 end ************
2024-09-23 22:39:12,840 P419777 INFO Train loss: 0.382242
2024-09-23 22:39:12,840 P419777 INFO Evaluation @epoch 2 - batch 171: 
2024-09-23 22:39:13,760 P419777 INFO [Metrics] AUC: 0.811262 - logloss: 0.350711
2024-09-23 22:39:13,761 P419777 INFO Save best model: monitor(max)=0.811262
2024-09-23 22:39:13,820 P419777 INFO ************ Epoch=2 end ************
2024-09-23 22:39:18,493 P419777 INFO Train loss: 0.371741
2024-09-23 22:39:18,494 P419777 INFO Evaluation @epoch 3 - batch 171: 
2024-09-23 22:39:19,718 P419777 INFO [Metrics] AUC: 0.817306 - logloss: 0.345971
2024-09-23 22:39:19,718 P419777 INFO Save best model: monitor(max)=0.817306
2024-09-23 22:39:19,782 P419777 INFO ************ Epoch=3 end ************
2024-09-23 22:39:32,174 P419777 INFO Train loss: 0.366648
2024-09-23 22:39:32,174 P419777 INFO Evaluation @epoch 4 - batch 171: 
2024-09-23 22:39:33,390 P419777 INFO [Metrics] AUC: 0.821796 - logloss: 0.342351
2024-09-23 22:39:33,390 P419777 INFO Save best model: monitor(max)=0.821796
2024-09-23 22:39:33,449 P419777 INFO ************ Epoch=4 end ************
2024-09-23 22:39:45,622 P419777 INFO Train loss: 0.363269
2024-09-23 22:39:45,623 P419777 INFO Evaluation @epoch 5 - batch 171: 
2024-09-23 22:39:46,779 P419777 INFO [Metrics] AUC: 0.824331 - logloss: 0.340345
2024-09-23 22:39:46,780 P419777 INFO Save best model: monitor(max)=0.824331
2024-09-23 22:39:46,836 P419777 INFO ************ Epoch=5 end ************
2024-09-23 22:39:59,492 P419777 INFO Train loss: 0.361625
2024-09-23 22:39:59,493 P419777 INFO Evaluation @epoch 6 - batch 171: 
2024-09-23 22:40:00,747 P419777 INFO [Metrics] AUC: 0.826876 - logloss: 0.338412
2024-09-23 22:40:00,748 P419777 INFO Save best model: monitor(max)=0.826876
2024-09-23 22:40:00,809 P419777 INFO ************ Epoch=6 end ************
2024-09-23 22:40:14,134 P419777 INFO Train loss: 0.360087
2024-09-23 22:40:14,135 P419777 INFO Evaluation @epoch 7 - batch 171: 
2024-09-23 22:40:15,373 P419777 INFO [Metrics] AUC: 0.827744 - logloss: 0.337780
2024-09-23 22:40:15,374 P419777 INFO Save best model: monitor(max)=0.827744
2024-09-23 22:40:15,441 P419777 INFO ************ Epoch=7 end ************
2024-09-23 22:40:28,902 P419777 INFO Train loss: 0.358631
2024-09-23 22:40:28,902 P419777 INFO Evaluation @epoch 8 - batch 171: 
2024-09-23 22:40:30,009 P419777 INFO [Metrics] AUC: 0.829194 - logloss: 0.336581
2024-09-23 22:40:30,010 P419777 INFO Save best model: monitor(max)=0.829194
2024-09-23 22:40:30,072 P419777 INFO ************ Epoch=8 end ************
2024-09-23 22:40:43,813 P419777 INFO Train loss: 0.357915
2024-09-23 22:40:43,813 P419777 INFO Evaluation @epoch 9 - batch 171: 
2024-09-23 22:40:44,961 P419777 INFO [Metrics] AUC: 0.832035 - logloss: 0.334199
2024-09-23 22:40:44,962 P419777 INFO Save best model: monitor(max)=0.832035
2024-09-23 22:40:45,022 P419777 INFO ************ Epoch=9 end ************
2024-09-23 22:40:58,653 P419777 INFO Train loss: 0.357052
2024-09-23 22:40:58,653 P419777 INFO Evaluation @epoch 10 - batch 171: 
2024-09-23 22:40:59,701 P419777 INFO [Metrics] AUC: 0.833030 - logloss: 0.333681
2024-09-23 22:40:59,702 P419777 INFO Save best model: monitor(max)=0.833030
2024-09-23 22:40:59,768 P419777 INFO ************ Epoch=10 end ************
2024-09-23 22:41:13,724 P419777 INFO Train loss: 0.355836
2024-09-23 22:41:13,725 P419777 INFO Evaluation @epoch 11 - batch 171: 
2024-09-23 22:41:14,648 P419777 INFO [Metrics] AUC: 0.833888 - logloss: 0.332964
2024-09-23 22:41:14,648 P419777 INFO Save best model: monitor(max)=0.833888
2024-09-23 22:41:14,708 P419777 INFO ************ Epoch=11 end ************
2024-09-23 22:41:28,776 P419777 INFO Train loss: 0.354759
2024-09-23 22:41:28,777 P419777 INFO Evaluation @epoch 12 - batch 171: 
2024-09-23 22:41:29,715 P419777 INFO [Metrics] AUC: 0.835695 - logloss: 0.331450
2024-09-23 22:41:29,716 P419777 INFO Save best model: monitor(max)=0.835695
2024-09-23 22:41:29,779 P419777 INFO ************ Epoch=12 end ************
2024-09-23 22:41:43,642 P419777 INFO Train loss: 0.353845
2024-09-23 22:41:43,642 P419777 INFO Evaluation @epoch 13 - batch 171: 
2024-09-23 22:41:44,540 P419777 INFO [Metrics] AUC: 0.836524 - logloss: 0.330578
2024-09-23 22:41:44,541 P419777 INFO Save best model: monitor(max)=0.836524
2024-09-23 22:41:44,603 P419777 INFO ************ Epoch=13 end ************
2024-09-23 22:41:58,752 P419777 INFO Train loss: 0.353016
2024-09-23 22:41:58,752 P419777 INFO Evaluation @epoch 14 - batch 171: 
2024-09-23 22:41:59,603 P419777 INFO [Metrics] AUC: 0.837041 - logloss: 0.330520
2024-09-23 22:41:59,604 P419777 INFO Save best model: monitor(max)=0.837041
2024-09-23 22:41:59,672 P419777 INFO ************ Epoch=14 end ************
2024-09-23 22:42:13,710 P419777 INFO Train loss: 0.351965
2024-09-23 22:42:13,711 P419777 INFO Evaluation @epoch 15 - batch 171: 
2024-09-23 22:42:14,611 P419777 INFO [Metrics] AUC: 0.838563 - logloss: 0.329054
2024-09-23 22:42:14,612 P419777 INFO Save best model: monitor(max)=0.838563
2024-09-23 22:42:14,673 P419777 INFO ************ Epoch=15 end ************
2024-09-23 22:42:28,782 P419777 INFO Train loss: 0.351225
2024-09-23 22:42:28,782 P419777 INFO Evaluation @epoch 16 - batch 171: 
2024-09-23 22:42:29,606 P419777 INFO [Metrics] AUC: 0.838639 - logloss: 0.329155
2024-09-23 22:42:29,607 P419777 INFO Save best model: monitor(max)=0.838639
2024-09-23 22:42:29,667 P419777 INFO ************ Epoch=16 end ************
2024-09-23 22:42:44,214 P419777 INFO Train loss: 0.350714
2024-09-23 22:42:44,214 P419777 INFO Evaluation @epoch 17 - batch 171: 
2024-09-23 22:42:45,061 P419777 INFO [Metrics] AUC: 0.840727 - logloss: 0.327754
2024-09-23 22:42:45,062 P419777 INFO Save best model: monitor(max)=0.840727
2024-09-23 22:42:45,119 P419777 INFO ************ Epoch=17 end ************
2024-09-23 22:42:59,821 P419777 INFO Train loss: 0.349507
2024-09-23 22:42:59,821 P419777 INFO Evaluation @epoch 18 - batch 171: 
2024-09-23 22:43:00,749 P419777 INFO [Metrics] AUC: 0.839775 - logloss: 0.328511
2024-09-23 22:43:00,750 P419777 INFO Monitor(max)=0.839775 STOP!
2024-09-23 22:43:00,750 P419777 INFO Reduce learning rate on plateau: 0.000100
2024-09-23 22:43:00,806 P419777 INFO ************ Epoch=18 end ************
2024-09-23 22:43:15,543 P419777 INFO Train loss: 0.328638
2024-09-23 22:43:15,544 P419777 INFO Evaluation @epoch 19 - batch 171: 
2024-09-23 22:43:16,520 P419777 INFO [Metrics] AUC: 0.847803 - logloss: 0.321715
2024-09-23 22:43:16,521 P419777 INFO Save best model: monitor(max)=0.847803
2024-09-23 22:43:16,579 P419777 INFO ************ Epoch=19 end ************
2024-09-23 22:43:31,342 P419777 INFO Train loss: 0.319352
2024-09-23 22:43:31,342 P419777 INFO Evaluation @epoch 20 - batch 171: 
2024-09-23 22:43:32,345 P419777 INFO [Metrics] AUC: 0.850341 - logloss: 0.319763
2024-09-23 22:43:32,346 P419777 INFO Save best model: monitor(max)=0.850341
2024-09-23 22:43:32,415 P419777 INFO ************ Epoch=20 end ************
2024-09-23 22:43:36,734 P419777 INFO Train loss: 0.314956
2024-09-23 22:43:36,734 P419777 INFO Evaluation @epoch 21 - batch 171: 
2024-09-23 22:43:37,477 P419777 INFO [Metrics] AUC: 0.851211 - logloss: 0.319099
2024-09-23 22:43:37,478 P419777 INFO Save best model: monitor(max)=0.851211
2024-09-23 22:43:37,537 P419777 INFO ************ Epoch=21 end ************
2024-09-23 22:43:41,789 P419777 INFO Train loss: 0.312180
2024-09-23 22:43:41,789 P419777 INFO Evaluation @epoch 22 - batch 171: 
2024-09-23 22:43:42,546 P419777 INFO [Metrics] AUC: 0.851679 - logloss: 0.318863
2024-09-23 22:43:42,547 P419777 INFO Save best model: monitor(max)=0.851679
2024-09-23 22:43:42,607 P419777 INFO ************ Epoch=22 end ************
2024-09-23 22:43:52,515 P419777 INFO Train loss: 0.310191
2024-09-23 22:43:52,515 P419777 INFO Evaluation @epoch 23 - batch 171: 
2024-09-23 22:43:53,743 P419777 INFO [Metrics] AUC: 0.851789 - logloss: 0.318904
2024-09-23 22:43:53,743 P419777 INFO Save best model: monitor(max)=0.851789
2024-09-23 22:43:53,805 P419777 INFO ************ Epoch=23 end ************
2024-09-23 22:44:05,863 P419777 INFO Train loss: 0.308313
2024-09-23 22:44:05,863 P419777 INFO Evaluation @epoch 24 - batch 171: 
2024-09-23 22:44:07,058 P419777 INFO [Metrics] AUC: 0.851827 - logloss: 0.319055
2024-09-23 22:44:07,059 P419777 INFO Save best model: monitor(max)=0.851827
2024-09-23 22:44:07,126 P419777 INFO ************ Epoch=24 end ************
2024-09-23 22:44:20,115 P419777 INFO Train loss: 0.307017
2024-09-23 22:44:20,116 P419777 INFO Evaluation @epoch 25 - batch 171: 
2024-09-23 22:44:21,329 P419777 INFO [Metrics] AUC: 0.851991 - logloss: 0.318806
2024-09-23 22:44:21,329 P419777 INFO Save best model: monitor(max)=0.851991
2024-09-23 22:44:21,386 P419777 INFO ************ Epoch=25 end ************
2024-09-23 22:44:34,094 P419777 INFO Train loss: 0.305575
2024-09-23 22:44:34,094 P419777 INFO Evaluation @epoch 26 - batch 171: 
2024-09-23 22:44:35,291 P419777 INFO [Metrics] AUC: 0.851901 - logloss: 0.318975
2024-09-23 22:44:35,292 P419777 INFO Monitor(max)=0.851901 STOP!
2024-09-23 22:44:35,292 P419777 INFO Reduce learning rate on plateau: 0.000010
2024-09-23 22:44:35,348 P419777 INFO ************ Epoch=26 end ************
2024-09-23 22:44:47,799 P419777 INFO Train loss: 0.297694
2024-09-23 22:44:47,799 P419777 INFO Evaluation @epoch 27 - batch 171: 
2024-09-23 22:44:48,938 P419777 INFO [Metrics] AUC: 0.852133 - logloss: 0.319343
2024-09-23 22:44:48,938 P419777 INFO Save best model: monitor(max)=0.852133
2024-09-23 22:44:49,002 P419777 INFO ************ Epoch=27 end ************
2024-09-23 22:45:01,329 P419777 INFO Train loss: 0.296947
2024-09-23 22:45:01,329 P419777 INFO Evaluation @epoch 28 - batch 171: 
2024-09-23 22:45:02,476 P419777 INFO [Metrics] AUC: 0.852138 - logloss: 0.319469
2024-09-23 22:45:02,477 P419777 INFO Save best model: monitor(max)=0.852138
2024-09-23 22:45:02,537 P419777 INFO ************ Epoch=28 end ************
2024-09-23 22:45:15,233 P419777 INFO Train loss: 0.296352
2024-09-23 22:45:15,233 P419777 INFO Evaluation @epoch 29 - batch 171: 
2024-09-23 22:45:16,383 P419777 INFO [Metrics] AUC: 0.852123 - logloss: 0.319584
2024-09-23 22:45:16,384 P419777 INFO Monitor(max)=0.852123 STOP!
2024-09-23 22:45:16,384 P419777 INFO Reduce learning rate on plateau: 0.000001
2024-09-23 22:45:16,447 P419777 INFO ************ Epoch=29 end ************
2024-09-23 22:45:29,435 P419777 INFO Train loss: 0.295562
2024-09-23 22:45:29,435 P419777 INFO Evaluation @epoch 30 - batch 171: 
2024-09-23 22:45:30,586 P419777 INFO [Metrics] AUC: 0.852118 - logloss: 0.319632
2024-09-23 22:45:30,587 P419777 INFO Monitor(max)=0.852118 STOP!
2024-09-23 22:45:30,587 P419777 INFO Reduce learning rate on plateau: 0.000001
2024-09-23 22:45:30,587 P419777 INFO ********* Epoch=30 early stop *********
2024-09-23 22:45:30,641 P419777 INFO Training finished.
2024-09-23 22:45:30,642 P419777 INFO Load best model: /workspace/checkpoints/ML_1M_7_x1/DCNv3_ML_1M_002_ef31b97d.model
2024-09-23 22:45:30,650 P419777 INFO ****** Validation evaluation ******
2024-09-23 22:45:31,857 P419777 INFO [Metrics] logloss: 0.319469 - AUC: 0.852138
2024-09-23 22:45:32,003 P419777 INFO ******** Test evaluation ********
2024-09-23 22:45:32,003 P419777 INFO Loading datasets...
2024-09-23 22:45:32,271 P419777 INFO Test samples: total/100022, blocks/1
2024-09-23 22:45:32,271 P419777 INFO Loading test data done.
2024-09-23 22:45:32,999 P419777 INFO [Metrics] logloss: 0.317786 - AUC: 0.852437
