2024-09-23 09:43:49,672 P274026 INFO FuxiCTR version: 2.3.2
2024-09-23 09:43:49,673 P274026 INFO Params: {
    "batch_norm": "True",
    "batch_size": "4096",
    "data_format": "csv",
    "data_root": "dataset/",
    "dataset_id": "ML_1M_7_x1",
    "debug_mode": "False",
    "deep_net_dropout": "0.3",
    "early_stop_patience": "2",
    "embedding_dim": "16",
    "embedding_regularizer": "0.01",
    "epochs": "100",
    "eval_steps": "None",
    "feature_cols": "[{'active': True, 'dtype': 'str', 'name': ['UserID', 'Gender', 'Age', 'Occupation', 'MovieID', 'Release'], 'type': 'categorical'}, {'active': True, 'dtype': 'str', 'encoder': 'MaskedSumPooling', 'max_len': 5, 'name': 'Genres', 'splitter': '^', 'type': 'sequence'}]",
    "feature_config": "None",
    "feature_specs": "None",
    "gpu": "0",
    "group_id": "None",
    "label_col": "{'dtype': 'float', 'name': 'Label'}",
    "layer_norm": "True",
    "learning_rate": "0.001",
    "loss": "binary_crossentropy",
    "metrics": "['logloss', 'AUC']",
    "min_categr_count": "1",
    "model": "DCNv3",
    "model_id": "DCNv3_ML_1M_025_a9112779",
    "model_root": "./checkpoints/",
    "monitor": "{'AUC': 1, 'logloss': 0}",
    "monitor_mode": "max",
    "net_regularizer": "0",
    "num_deep_cross_layers": "1",
    "num_heads": "1",
    "num_shallow_cross_layers": "3",
    "num_workers": "4",
    "optimizer": "adam",
    "pickle_feature_encoder": "True",
    "save_best_only": "True",
    "seed": "2024",
    "shallow_net_dropout": "0.1",
    "shuffle": "True",
    "task": "binary_classification",
    "test_data": "dataset/ML_1M/test.csv",
    "train_data": "dataset/ML_1M/train.csv",
    "use_features": "None",
    "valid_data": "dataset/ML_1M/valid.csv",
    "verbose": "1"
}
2024-09-23 09:43:49,674 P274026 INFO Set up feature processor...
2024-09-23 09:43:49,674 P274026 WARNING Skip rebuilding dataset/ML_1M_7_x1/feature_map.json. Please delete it manually if rebuilding is required.
2024-09-23 09:43:49,674 P274026 INFO Load feature_map from json: dataset/ML_1M_7_x1/feature_map.json
2024-09-23 09:43:49,675 P274026 INFO Set column index...
2024-09-23 09:43:49,675 P274026 INFO Feature specs: {
    "Age": "{'source': '', 'type': 'categorical', 'padding_idx': 0, 'vocab_size': 9}",
    "Gender": "{'source': '', 'type': 'categorical', 'padding_idx': 0, 'vocab_size': 4}",
    "Genres": "{'source': '', 'type': 'sequence', 'feature_encoder': 'layers.MaskedAveragePooling()', 'padding_idx': 0, 'max_len': 5, 'vocab_size': 302}",
    "MovieID": "{'source': '', 'type': 'categorical', 'padding_idx': 0, 'vocab_size': 3659}",
    "Occupation": "{'source': '', 'type': 'categorical', 'padding_idx': 0, 'vocab_size': 23}",
    "Release": "{'source': '', 'type': 'categorical', 'padding_idx': 0, 'vocab_size': 83}",
    "UserID": "{'source': '', 'type': 'categorical', 'padding_idx': 0, 'vocab_size': 6042}"
}
2024-09-23 09:43:51,143 P274026 INFO Total number of parameters: 188170.
2024-09-23 09:43:51,144 P274026 INFO Loading datasets...
2024-09-23 09:43:53,252 P274026 INFO Train samples: total/700146, blocks/1
2024-09-23 09:43:53,624 P274026 INFO Validation samples: total/200041, blocks/1
2024-09-23 09:43:53,624 P274026 INFO Loading train and validation data done.
2024-09-23 09:43:53,624 P274026 INFO Start training: 171 batches/epoch
2024-09-23 09:43:53,624 P274026 INFO ************ Epoch=1 start ************
2024-09-23 09:44:42,279 P274026 INFO Train loss: 0.427694
2024-09-23 09:44:42,279 P274026 INFO Evaluation @epoch 1 - batch 171: 
2024-09-23 09:44:45,343 P274026 INFO [Metrics] AUC: 0.812463 - logloss: 0.350589
2024-09-23 09:44:45,344 P274026 INFO Save best model: monitor(max)=0.812463
2024-09-23 09:44:45,417 P274026 INFO ************ Epoch=1 end ************
2024-09-23 09:45:31,077 P274026 INFO Train loss: 0.370591
2024-09-23 09:45:31,077 P274026 INFO Evaluation @epoch 2 - batch 171: 
2024-09-23 09:45:34,105 P274026 INFO [Metrics] AUC: 0.820735 - logloss: 0.343208
2024-09-23 09:45:34,106 P274026 INFO Save best model: monitor(max)=0.820735
2024-09-23 09:45:34,209 P274026 INFO ************ Epoch=2 end ************
2024-09-23 09:46:21,133 P274026 INFO Train loss: 0.363047
2024-09-23 09:46:21,134 P274026 INFO Evaluation @epoch 3 - batch 171: 
2024-09-23 09:46:24,351 P274026 INFO [Metrics] AUC: 0.826001 - logloss: 0.339190
2024-09-23 09:46:24,352 P274026 INFO Save best model: monitor(max)=0.826001
2024-09-23 09:46:24,449 P274026 INFO ************ Epoch=3 end ************
2024-09-23 09:47:10,539 P274026 INFO Train loss: 0.360097
2024-09-23 09:47:10,540 P274026 INFO Evaluation @epoch 4 - batch 171: 
2024-09-23 09:47:13,688 P274026 INFO [Metrics] AUC: 0.829576 - logloss: 0.336108
2024-09-23 09:47:13,689 P274026 INFO Save best model: monitor(max)=0.829576
2024-09-23 09:47:13,785 P274026 INFO ************ Epoch=4 end ************
2024-09-23 09:47:56,910 P274026 INFO Train loss: 0.358627
2024-09-23 09:47:56,911 P274026 INFO Evaluation @epoch 5 - batch 171: 
2024-09-23 09:47:59,560 P274026 INFO [Metrics] AUC: 0.830667 - logloss: 0.335671
2024-09-23 09:47:59,561 P274026 INFO Save best model: monitor(max)=0.830667
2024-09-23 09:47:59,636 P274026 INFO ************ Epoch=5 end ************
2024-09-23 09:48:44,557 P274026 INFO Train loss: 0.357207
2024-09-23 09:48:44,558 P274026 INFO Evaluation @epoch 6 - batch 171: 
2024-09-23 09:48:47,720 P274026 INFO [Metrics] AUC: 0.833406 - logloss: 0.333501
2024-09-23 09:48:47,721 P274026 INFO Save best model: monitor(max)=0.833406
2024-09-23 09:48:47,802 P274026 INFO ************ Epoch=6 end ************
2024-09-23 09:49:35,154 P274026 INFO Train loss: 0.356617
2024-09-23 09:49:35,155 P274026 INFO Evaluation @epoch 7 - batch 171: 
2024-09-23 09:49:37,967 P274026 INFO [Metrics] AUC: 0.835411 - logloss: 0.331729
2024-09-23 09:49:37,968 P274026 INFO Save best model: monitor(max)=0.835411
2024-09-23 09:49:38,041 P274026 INFO ************ Epoch=7 end ************
2024-09-23 09:50:24,747 P274026 INFO Train loss: 0.355307
2024-09-23 09:50:24,748 P274026 INFO Evaluation @epoch 8 - batch 171: 
2024-09-23 09:50:27,919 P274026 INFO [Metrics] AUC: 0.836308 - logloss: 0.331020
2024-09-23 09:50:27,919 P274026 INFO Save best model: monitor(max)=0.836308
2024-09-23 09:50:28,004 P274026 INFO ************ Epoch=8 end ************
2024-09-23 09:51:13,856 P274026 INFO Train loss: 0.354204
2024-09-23 09:51:13,857 P274026 INFO Evaluation @epoch 9 - batch 171: 
2024-09-23 09:51:16,965 P274026 INFO [Metrics] AUC: 0.837950 - logloss: 0.329892
2024-09-23 09:51:16,966 P274026 INFO Save best model: monitor(max)=0.837950
2024-09-23 09:51:17,071 P274026 INFO ************ Epoch=9 end ************
2024-09-23 09:52:04,280 P274026 INFO Train loss: 0.353611
2024-09-23 09:52:04,280 P274026 INFO Evaluation @epoch 10 - batch 171: 
2024-09-23 09:52:07,515 P274026 INFO [Metrics] AUC: 0.838578 - logloss: 0.329401
2024-09-23 09:52:07,516 P274026 INFO Save best model: monitor(max)=0.838578
2024-09-23 09:52:07,606 P274026 INFO ************ Epoch=10 end ************
2024-09-23 09:52:51,170 P274026 INFO Train loss: 0.352948
2024-09-23 09:52:51,171 P274026 INFO Evaluation @epoch 11 - batch 171: 
2024-09-23 09:52:54,334 P274026 INFO [Metrics] AUC: 0.840358 - logloss: 0.327977
2024-09-23 09:52:54,335 P274026 INFO Save best model: monitor(max)=0.840358
2024-09-23 09:52:54,427 P274026 INFO ************ Epoch=11 end ************
2024-09-23 09:53:40,744 P274026 INFO Train loss: 0.352416
2024-09-23 09:53:40,745 P274026 INFO Evaluation @epoch 12 - batch 171: 
2024-09-23 09:53:43,845 P274026 INFO [Metrics] AUC: 0.840288 - logloss: 0.327834
2024-09-23 09:53:43,846 P274026 INFO Monitor(max)=0.840288 STOP!
2024-09-23 09:53:43,846 P274026 INFO Reduce learning rate on plateau: 0.000100
2024-09-23 09:53:43,939 P274026 INFO ************ Epoch=12 end ************
2024-09-23 09:54:31,106 P274026 INFO Train loss: 0.328578
2024-09-23 09:54:31,107 P274026 INFO Evaluation @epoch 13 - batch 171: 
2024-09-23 09:54:34,179 P274026 INFO [Metrics] AUC: 0.848906 - logloss: 0.320945
2024-09-23 09:54:34,180 P274026 INFO Save best model: monitor(max)=0.848906
2024-09-23 09:54:34,259 P274026 INFO ************ Epoch=13 end ************
2024-09-23 09:55:18,048 P274026 INFO Train loss: 0.317444
2024-09-23 09:55:18,048 P274026 INFO Evaluation @epoch 14 - batch 171: 
2024-09-23 09:55:20,621 P274026 INFO [Metrics] AUC: 0.851337 - logloss: 0.319039
2024-09-23 09:55:20,622 P274026 INFO Save best model: monitor(max)=0.851337
2024-09-23 09:55:20,699 P274026 INFO ************ Epoch=14 end ************
2024-09-23 09:56:05,733 P274026 INFO Train loss: 0.311731
2024-09-23 09:56:05,733 P274026 INFO Evaluation @epoch 15 - batch 171: 
2024-09-23 09:56:08,334 P274026 INFO [Metrics] AUC: 0.852022 - logloss: 0.318871
2024-09-23 09:56:08,334 P274026 INFO Save best model: monitor(max)=0.852022
2024-09-23 09:56:08,405 P274026 INFO ************ Epoch=15 end ************
2024-09-23 09:56:56,062 P274026 INFO Train loss: 0.307837
2024-09-23 09:56:56,063 P274026 INFO Evaluation @epoch 16 - batch 171: 
2024-09-23 09:56:59,162 P274026 INFO [Metrics] AUC: 0.852364 - logloss: 0.318932
2024-09-23 09:56:59,163 P274026 INFO Save best model: monitor(max)=0.852364
2024-09-23 09:56:59,258 P274026 INFO ************ Epoch=16 end ************
2024-09-23 09:57:46,702 P274026 INFO Train loss: 0.304944
2024-09-23 09:57:46,703 P274026 INFO Evaluation @epoch 17 - batch 171: 
2024-09-23 09:57:49,557 P274026 INFO [Metrics] AUC: 0.852249 - logloss: 0.319454
2024-09-23 09:57:49,557 P274026 INFO Monitor(max)=0.852249 STOP!
2024-09-23 09:57:49,558 P274026 INFO Reduce learning rate on plateau: 0.000010
2024-09-23 09:57:49,627 P274026 INFO ************ Epoch=17 end ************
2024-09-23 09:58:36,967 P274026 INFO Train loss: 0.294366
2024-09-23 09:58:36,968 P274026 INFO Evaluation @epoch 18 - batch 171: 
2024-09-23 09:58:40,103 P274026 INFO [Metrics] AUC: 0.851911 - logloss: 0.320276
2024-09-23 09:58:40,104 P274026 INFO Monitor(max)=0.851911 STOP!
2024-09-23 09:58:40,104 P274026 INFO Reduce learning rate on plateau: 0.000001
2024-09-23 09:58:40,104 P274026 INFO ********* Epoch=18 early stop *********
2024-09-23 09:58:40,207 P274026 INFO Training finished.
2024-09-23 09:58:40,208 P274026 INFO Load best model: /workspace/checkpoints/ML_1M_7_x1/DCNv3_ML_1M_025_a9112779.model
2024-09-23 09:58:40,226 P274026 INFO ****** Validation evaluation ******
2024-09-23 09:58:43,304 P274026 INFO [Metrics] logloss: 0.318932 - AUC: 0.852364
2024-09-23 09:58:43,462 P274026 INFO ******** Test evaluation ********
2024-09-23 09:58:43,463 P274026 INFO Loading datasets...
2024-09-23 09:58:43,789 P274026 INFO Test samples: total/100022, blocks/1
2024-09-23 09:58:43,789 P274026 INFO Loading test data done.
2024-09-23 09:58:45,449 P274026 INFO [Metrics] logloss: 0.317557 - AUC: 0.852470
