2024-09-23 07:35:11,336 P228868 INFO FuxiCTR version: 2.3.2
2024-09-23 07:35:11,336 P228868 INFO Params: {
    "batch_norm": "True",
    "batch_size": "4096",
    "data_format": "csv",
    "data_root": "dataset/",
    "dataset_id": "ML_1M_7_x1",
    "debug_mode": "False",
    "deep_net_dropout": "0.3",
    "early_stop_patience": "2",
    "embedding_dim": "16",
    "embedding_regularizer": "0.01",
    "epochs": "100",
    "eval_steps": "None",
    "feature_cols": "[{'active': True, 'dtype': 'str', 'name': ['UserID', 'Gender', 'Age', 'Occupation', 'MovieID', 'Release'], 'type': 'categorical'}, {'active': True, 'dtype': 'str', 'encoder': 'MaskedSumPooling', 'max_len': 5, 'name': 'Genres', 'splitter': '^', 'type': 'sequence'}]",
    "feature_config": "None",
    "feature_specs": "None",
    "gpu": "0",
    "group_id": "None",
    "label_col": "{'dtype': 'float', 'name': 'Label'}",
    "layer_norm": "True",
    "learning_rate": "0.001",
    "loss": "binary_crossentropy",
    "metrics": "['logloss', 'AUC']",
    "min_categr_count": "1",
    "model": "DCNv3",
    "model_id": "DCNv3_ML_1M_018_1fb499fc",
    "model_root": "./checkpoints/",
    "monitor": "{'AUC': 1, 'logloss': 0}",
    "monitor_mode": "max",
    "net_regularizer": "0",
    "num_deep_cross_layers": "1",
    "num_heads": "1",
    "num_shallow_cross_layers": "2",
    "num_workers": "4",
    "optimizer": "adam",
    "pickle_feature_encoder": "True",
    "save_best_only": "True",
    "seed": "2024",
    "shallow_net_dropout": "0.3",
    "shuffle": "True",
    "task": "binary_classification",
    "test_data": "dataset/ML_1M/test.csv",
    "train_data": "dataset/ML_1M/train.csv",
    "use_features": "None",
    "valid_data": "dataset/ML_1M/valid.csv",
    "verbose": "1"
}
2024-09-23 07:35:11,337 P228868 INFO Set up feature processor...
2024-09-23 07:35:11,338 P228868 WARNING Skip rebuilding dataset/ML_1M_7_x1/feature_map.json. Please delete it manually if rebuilding is required.
2024-09-23 07:35:11,338 P228868 INFO Load feature_map from json: dataset/ML_1M_7_x1/feature_map.json
2024-09-23 07:35:11,338 P228868 INFO Set column index...
2024-09-23 07:35:11,338 P228868 INFO Feature specs: {
    "Age": "{'source': '', 'type': 'categorical', 'padding_idx': 0, 'vocab_size': 9}",
    "Gender": "{'source': '', 'type': 'categorical', 'padding_idx': 0, 'vocab_size': 4}",
    "Genres": "{'source': '', 'type': 'sequence', 'feature_encoder': 'layers.MaskedAveragePooling()', 'padding_idx': 0, 'max_len': 5, 'vocab_size': 302}",
    "MovieID": "{'source': '', 'type': 'categorical', 'padding_idx': 0, 'vocab_size': 3659}",
    "Occupation": "{'source': '', 'type': 'categorical', 'padding_idx': 0, 'vocab_size': 23}",
    "Release": "{'source': '', 'type': 'categorical', 'padding_idx': 0, 'vocab_size': 83}",
    "UserID": "{'source': '', 'type': 'categorical', 'padding_idx': 0, 'vocab_size': 6042}"
}
2024-09-23 07:35:12,588 P228868 INFO Total number of parameters: 181672.
2024-09-23 07:35:12,588 P228868 INFO Loading datasets...
2024-09-23 07:35:14,725 P228868 INFO Train samples: total/700146, blocks/1
2024-09-23 07:35:15,057 P228868 INFO Validation samples: total/200041, blocks/1
2024-09-23 07:35:15,058 P228868 INFO Loading train and validation data done.
2024-09-23 07:35:15,058 P228868 INFO Start training: 171 batches/epoch
2024-09-23 07:35:15,058 P228868 INFO ************ Epoch=1 start ************
2024-09-23 07:36:00,969 P228868 INFO Train loss: 0.441741
2024-09-23 07:36:00,970 P228868 INFO Evaluation @epoch 1 - batch 171: 
2024-09-23 07:36:03,810 P228868 INFO [Metrics] AUC: 0.803349 - logloss: 0.357358
2024-09-23 07:36:03,811 P228868 INFO Save best model: monitor(max)=0.803349
2024-09-23 07:36:03,867 P228868 INFO ************ Epoch=1 end ************
2024-09-23 07:36:48,713 P228868 INFO Train loss: 0.381705
2024-09-23 07:36:48,714 P228868 INFO Evaluation @epoch 2 - batch 171: 
2024-09-23 07:36:51,469 P228868 INFO [Metrics] AUC: 0.812254 - logloss: 0.350066
2024-09-23 07:36:51,470 P228868 INFO Save best model: monitor(max)=0.812254
2024-09-23 07:36:51,553 P228868 INFO ************ Epoch=2 end ************
2024-09-23 07:37:36,976 P228868 INFO Train loss: 0.373657
2024-09-23 07:37:36,976 P228868 INFO Evaluation @epoch 3 - batch 171: 
2024-09-23 07:37:39,897 P228868 INFO [Metrics] AUC: 0.817781 - logloss: 0.345406
2024-09-23 07:37:39,897 P228868 INFO Save best model: monitor(max)=0.817781
2024-09-23 07:37:39,957 P228868 INFO ************ Epoch=3 end ************
2024-09-23 07:38:24,673 P228868 INFO Train loss: 0.369109
2024-09-23 07:38:24,674 P228868 INFO Evaluation @epoch 4 - batch 171: 
2024-09-23 07:38:27,450 P228868 INFO [Metrics] AUC: 0.820160 - logloss: 0.343930
2024-09-23 07:38:27,451 P228868 INFO Save best model: monitor(max)=0.820160
2024-09-23 07:38:27,526 P228868 INFO ************ Epoch=4 end ************
2024-09-23 07:39:10,187 P228868 INFO Train loss: 0.366267
2024-09-23 07:39:10,187 P228868 INFO Evaluation @epoch 5 - batch 171: 
2024-09-23 07:39:12,571 P228868 INFO [Metrics] AUC: 0.825162 - logloss: 0.339848
2024-09-23 07:39:12,572 P228868 INFO Save best model: monitor(max)=0.825162
2024-09-23 07:39:12,646 P228868 INFO ************ Epoch=5 end ************
2024-09-23 07:39:56,643 P228868 INFO Train loss: 0.364581
2024-09-23 07:39:56,644 P228868 INFO Evaluation @epoch 6 - batch 171: 
2024-09-23 07:39:59,434 P228868 INFO [Metrics] AUC: 0.827990 - logloss: 0.337556
2024-09-23 07:39:59,435 P228868 INFO Save best model: monitor(max)=0.827990
2024-09-23 07:39:59,493 P228868 INFO ************ Epoch=6 end ************
2024-09-23 07:40:43,229 P228868 INFO Train loss: 0.362474
2024-09-23 07:40:43,229 P228868 INFO Evaluation @epoch 7 - batch 171: 
2024-09-23 07:40:46,042 P228868 INFO [Metrics] AUC: 0.830359 - logloss: 0.335643
2024-09-23 07:40:46,042 P228868 INFO Save best model: monitor(max)=0.830359
2024-09-23 07:40:46,102 P228868 INFO ************ Epoch=7 end ************
2024-09-23 07:41:30,890 P228868 INFO Train loss: 0.360741
2024-09-23 07:41:30,896 P228868 INFO Evaluation @epoch 8 - batch 171: 
2024-09-23 07:41:33,531 P228868 INFO [Metrics] AUC: 0.832760 - logloss: 0.333942
2024-09-23 07:41:33,532 P228868 INFO Save best model: monitor(max)=0.832760
2024-09-23 07:41:33,589 P228868 INFO ************ Epoch=8 end ************
2024-09-23 07:42:18,508 P228868 INFO Train loss: 0.359489
2024-09-23 07:42:18,508 P228868 INFO Evaluation @epoch 9 - batch 171: 
2024-09-23 07:42:21,386 P228868 INFO [Metrics] AUC: 0.832831 - logloss: 0.333677
2024-09-23 07:42:21,386 P228868 INFO Save best model: monitor(max)=0.832831
2024-09-23 07:42:21,451 P228868 INFO ************ Epoch=9 end ************
2024-09-23 07:43:05,637 P228868 INFO Train loss: 0.358033
2024-09-23 07:43:05,637 P228868 INFO Evaluation @epoch 10 - batch 171: 
2024-09-23 07:43:08,434 P228868 INFO [Metrics] AUC: 0.834889 - logloss: 0.332315
2024-09-23 07:43:08,435 P228868 INFO Save best model: monitor(max)=0.834889
2024-09-23 07:43:08,511 P228868 INFO ************ Epoch=10 end ************
2024-09-23 07:43:52,133 P228868 INFO Train loss: 0.357352
2024-09-23 07:43:52,134 P228868 INFO Evaluation @epoch 11 - batch 171: 
2024-09-23 07:43:55,011 P228868 INFO [Metrics] AUC: 0.835915 - logloss: 0.331832
2024-09-23 07:43:55,012 P228868 INFO Save best model: monitor(max)=0.835915
2024-09-23 07:43:55,090 P228868 INFO ************ Epoch=11 end ************
2024-09-23 07:44:39,816 P228868 INFO Train loss: 0.356609
2024-09-23 07:44:39,817 P228868 INFO Evaluation @epoch 12 - batch 171: 
2024-09-23 07:44:42,603 P228868 INFO [Metrics] AUC: 0.837578 - logloss: 0.330269
2024-09-23 07:44:42,604 P228868 INFO Save best model: monitor(max)=0.837578
2024-09-23 07:44:42,695 P228868 INFO ************ Epoch=12 end ************
2024-09-23 07:45:26,666 P228868 INFO Train loss: 0.355913
2024-09-23 07:45:26,667 P228868 INFO Evaluation @epoch 13 - batch 171: 
2024-09-23 07:45:29,560 P228868 INFO [Metrics] AUC: 0.837818 - logloss: 0.329903
2024-09-23 07:45:29,560 P228868 INFO Save best model: monitor(max)=0.837818
2024-09-23 07:45:29,623 P228868 INFO ************ Epoch=13 end ************
2024-09-23 07:46:14,077 P228868 INFO Train loss: 0.355661
2024-09-23 07:46:14,078 P228868 INFO Evaluation @epoch 14 - batch 171: 
2024-09-23 07:46:16,814 P228868 INFO [Metrics] AUC: 0.838449 - logloss: 0.329434
2024-09-23 07:46:16,815 P228868 INFO Save best model: monitor(max)=0.838449
2024-09-23 07:46:16,883 P228868 INFO ************ Epoch=14 end ************
2024-09-23 07:47:00,816 P228868 INFO Train loss: 0.354412
2024-09-23 07:47:00,817 P228868 INFO Evaluation @epoch 15 - batch 171: 
2024-09-23 07:47:03,697 P228868 INFO [Metrics] AUC: 0.839267 - logloss: 0.328662
2024-09-23 07:47:03,698 P228868 INFO Save best model: monitor(max)=0.839267
2024-09-23 07:47:03,758 P228868 INFO ************ Epoch=15 end ************
2024-09-23 07:47:47,870 P228868 INFO Train loss: 0.354260
2024-09-23 07:47:47,872 P228868 INFO Evaluation @epoch 16 - batch 171: 
2024-09-23 07:47:50,656 P228868 INFO [Metrics] AUC: 0.840052 - logloss: 0.327877
2024-09-23 07:47:50,657 P228868 INFO Save best model: monitor(max)=0.840052
2024-09-23 07:47:50,719 P228868 INFO ************ Epoch=16 end ************
2024-09-23 07:48:35,166 P228868 INFO Train loss: 0.354090
2024-09-23 07:48:35,167 P228868 INFO Evaluation @epoch 17 - batch 171: 
2024-09-23 07:48:38,027 P228868 INFO [Metrics] AUC: 0.840335 - logloss: 0.328421
2024-09-23 07:48:38,028 P228868 INFO Save best model: monitor(max)=0.840335
2024-09-23 07:48:38,101 P228868 INFO ************ Epoch=17 end ************
2024-09-23 07:49:18,933 P228868 INFO Train loss: 0.353795
2024-09-23 07:49:18,933 P228868 INFO Evaluation @epoch 18 - batch 171: 
2024-09-23 07:49:21,396 P228868 INFO [Metrics] AUC: 0.841365 - logloss: 0.327216
2024-09-23 07:49:21,397 P228868 INFO Save best model: monitor(max)=0.841365
2024-09-23 07:49:21,461 P228868 INFO ************ Epoch=18 end ************
2024-09-23 07:50:05,725 P228868 INFO Train loss: 0.353338
2024-09-23 07:50:05,725 P228868 INFO Evaluation @epoch 19 - batch 171: 
2024-09-23 07:50:08,544 P228868 INFO [Metrics] AUC: 0.840637 - logloss: 0.327520
2024-09-23 07:50:08,545 P228868 INFO Monitor(max)=0.840637 STOP!
2024-09-23 07:50:08,545 P228868 INFO Reduce learning rate on plateau: 0.000100
2024-09-23 07:50:08,617 P228868 INFO ************ Epoch=19 end ************
2024-09-23 07:50:53,417 P228868 INFO Train loss: 0.330743
2024-09-23 07:50:53,418 P228868 INFO Evaluation @epoch 20 - batch 171: 
2024-09-23 07:50:56,269 P228868 INFO [Metrics] AUC: 0.848838 - logloss: 0.320907
2024-09-23 07:50:56,270 P228868 INFO Save best model: monitor(max)=0.848838
2024-09-23 07:50:56,337 P228868 INFO ************ Epoch=20 end ************
2024-09-23 07:51:40,439 P228868 INFO Train loss: 0.319742
2024-09-23 07:51:40,439 P228868 INFO Evaluation @epoch 21 - batch 171: 
2024-09-23 07:51:43,373 P228868 INFO [Metrics] AUC: 0.852194 - logloss: 0.318301
2024-09-23 07:51:43,374 P228868 INFO Save best model: monitor(max)=0.852194
2024-09-23 07:51:43,485 P228868 INFO ************ Epoch=21 end ************
2024-09-23 07:52:28,415 P228868 INFO Train loss: 0.313971
2024-09-23 07:52:28,415 P228868 INFO Evaluation @epoch 22 - batch 171: 
2024-09-23 07:52:31,225 P228868 INFO [Metrics] AUC: 0.853636 - logloss: 0.316999
2024-09-23 07:52:31,226 P228868 INFO Save best model: monitor(max)=0.853636
2024-09-23 07:52:31,282 P228868 INFO ************ Epoch=22 end ************
2024-09-23 07:53:15,019 P228868 INFO Train loss: 0.309994
2024-09-23 07:53:15,020 P228868 INFO Evaluation @epoch 23 - batch 171: 
2024-09-23 07:53:17,837 P228868 INFO [Metrics] AUC: 0.853974 - logloss: 0.317056
2024-09-23 07:53:17,839 P228868 INFO Save best model: monitor(max)=0.853974
2024-09-23 07:53:17,933 P228868 INFO ************ Epoch=23 end ************
2024-09-23 07:54:01,379 P228868 INFO Train loss: 0.307473
2024-09-23 07:54:01,381 P228868 INFO Evaluation @epoch 24 - batch 171: 
2024-09-23 07:54:03,928 P228868 INFO [Metrics] AUC: 0.854069 - logloss: 0.317195
2024-09-23 07:54:03,928 P228868 INFO Save best model: monitor(max)=0.854069
2024-09-23 07:54:03,998 P228868 INFO ************ Epoch=24 end ************
2024-09-23 07:54:47,347 P228868 INFO Train loss: 0.304657
2024-09-23 07:54:47,347 P228868 INFO Evaluation @epoch 25 - batch 171: 
2024-09-23 07:54:50,135 P228868 INFO [Metrics] AUC: 0.854281 - logloss: 0.317208
2024-09-23 07:54:50,136 P228868 INFO Save best model: monitor(max)=0.854281
2024-09-23 07:54:50,193 P228868 INFO ************ Epoch=25 end ************
2024-09-23 07:55:34,821 P228868 INFO Train loss: 0.302511
2024-09-23 07:55:34,821 P228868 INFO Evaluation @epoch 26 - batch 171: 
2024-09-23 07:55:37,642 P228868 INFO [Metrics] AUC: 0.853820 - logloss: 0.317581
2024-09-23 07:55:37,643 P228868 INFO Monitor(max)=0.853820 STOP!
2024-09-23 07:55:37,643 P228868 INFO Reduce learning rate on plateau: 0.000010
2024-09-23 07:55:37,726 P228868 INFO ************ Epoch=26 end ************
2024-09-23 07:56:22,065 P228868 INFO Train loss: 0.292561
2024-09-23 07:56:22,066 P228868 INFO Evaluation @epoch 27 - batch 171: 
2024-09-23 07:56:24,934 P228868 INFO [Metrics] AUC: 0.853995 - logloss: 0.318184
2024-09-23 07:56:24,934 P228868 INFO Monitor(max)=0.853995 STOP!
2024-09-23 07:56:24,935 P228868 INFO Reduce learning rate on plateau: 0.000001
2024-09-23 07:56:24,935 P228868 INFO ********* Epoch=27 early stop *********
2024-09-23 07:56:24,990 P228868 INFO Training finished.
2024-09-23 07:56:24,990 P228868 INFO Load best model: /workspace/checkpoints/ML_1M_7_x1/DCNv3_ML_1M_018_1fb499fc.model
2024-09-23 07:56:25,017 P228868 INFO ****** Validation evaluation ******
2024-09-23 07:56:27,730 P228868 INFO [Metrics] logloss: 0.317208 - AUC: 0.854281
2024-09-23 07:56:27,862 P228868 INFO ******** Test evaluation ********
2024-09-23 07:56:27,862 P228868 INFO Loading datasets...
2024-09-23 07:56:28,205 P228868 INFO Test samples: total/100022, blocks/1
2024-09-23 07:56:28,206 P228868 INFO Loading test data done.
2024-09-23 07:56:29,742 P228868 INFO [Metrics] logloss: 0.316523 - AUC: 0.853493
