2024-09-23 09:02:58,763 P260521 INFO FuxiCTR version: 2.3.2
2024-09-23 09:02:58,764 P260521 INFO Params: {
    "batch_norm": "True",
    "batch_size": "4096",
    "data_format": "csv",
    "data_root": "dataset/",
    "dataset_id": "ML_1M_7_x1",
    "debug_mode": "False",
    "deep_net_dropout": "0.2",
    "early_stop_patience": "2",
    "embedding_dim": "16",
    "embedding_regularizer": "0.01",
    "epochs": "100",
    "eval_steps": "None",
    "feature_cols": "[{'active': True, 'dtype': 'str', 'name': ['UserID', 'Gender', 'Age', 'Occupation', 'MovieID', 'Release'], 'type': 'categorical'}, {'active': True, 'dtype': 'str', 'encoder': 'MaskedSumPooling', 'max_len': 5, 'name': 'Genres', 'splitter': '^', 'type': 'sequence'}]",
    "feature_config": "None",
    "feature_specs": "None",
    "gpu": "0",
    "group_id": "None",
    "label_col": "{'dtype': 'float', 'name': 'Label'}",
    "layer_norm": "True",
    "learning_rate": "0.001",
    "loss": "binary_crossentropy",
    "metrics": "['logloss', 'AUC']",
    "min_categr_count": "1",
    "model": "DCNv3",
    "model_id": "DCNv3_ML_1M_023_2fd148b6",
    "model_root": "./checkpoints/",
    "monitor": "{'AUC': 1, 'logloss': 0}",
    "monitor_mode": "max",
    "net_regularizer": "0",
    "num_deep_cross_layers": "1",
    "num_heads": "1",
    "num_shallow_cross_layers": "3",
    "num_workers": "4",
    "optimizer": "adam",
    "pickle_feature_encoder": "True",
    "save_best_only": "True",
    "seed": "2024",
    "shallow_net_dropout": "0.2",
    "shuffle": "True",
    "task": "binary_classification",
    "test_data": "dataset/ML_1M/test.csv",
    "train_data": "dataset/ML_1M/train.csv",
    "use_features": "None",
    "valid_data": "dataset/ML_1M/valid.csv",
    "verbose": "1"
}
2024-09-23 09:02:58,765 P260521 INFO Set up feature processor...
2024-09-23 09:02:58,765 P260521 WARNING Skip rebuilding dataset/ML_1M_7_x1/feature_map.json. Please delete it manually if rebuilding is required.
2024-09-23 09:02:58,765 P260521 INFO Load feature_map from json: dataset/ML_1M_7_x1/feature_map.json
2024-09-23 09:02:58,765 P260521 INFO Set column index...
2024-09-23 09:02:58,766 P260521 INFO Feature specs: {
    "Age": "{'source': '', 'type': 'categorical', 'padding_idx': 0, 'vocab_size': 9}",
    "Gender": "{'source': '', 'type': 'categorical', 'padding_idx': 0, 'vocab_size': 4}",
    "Genres": "{'source': '', 'type': 'sequence', 'feature_encoder': 'layers.MaskedAveragePooling()', 'padding_idx': 0, 'max_len': 5, 'vocab_size': 302}",
    "MovieID": "{'source': '', 'type': 'categorical', 'padding_idx': 0, 'vocab_size': 3659}",
    "Occupation": "{'source': '', 'type': 'categorical', 'padding_idx': 0, 'vocab_size': 23}",
    "Release": "{'source': '', 'type': 'categorical', 'padding_idx': 0, 'vocab_size': 83}",
    "UserID": "{'source': '', 'type': 'categorical', 'padding_idx': 0, 'vocab_size': 6042}"
}
2024-09-23 09:03:00,246 P260521 INFO Total number of parameters: 188170.
2024-09-23 09:03:00,246 P260521 INFO Loading datasets...
2024-09-23 09:03:02,512 P260521 INFO Train samples: total/700146, blocks/1
2024-09-23 09:03:02,840 P260521 INFO Validation samples: total/200041, blocks/1
2024-09-23 09:03:02,841 P260521 INFO Loading train and validation data done.
2024-09-23 09:03:02,841 P260521 INFO Start training: 171 batches/epoch
2024-09-23 09:03:02,841 P260521 INFO ************ Epoch=1 start ************
2024-09-23 09:03:50,838 P260521 INFO Train loss: 0.430624
2024-09-23 09:03:50,838 P260521 INFO Evaluation @epoch 1 - batch 171: 
2024-09-23 09:03:53,894 P260521 INFO [Metrics] AUC: 0.810516 - logloss: 0.351620
2024-09-23 09:03:53,895 P260521 INFO Save best model: monitor(max)=0.810516
2024-09-23 09:03:53,955 P260521 INFO ************ Epoch=1 end ************
2024-09-23 09:04:38,355 P260521 INFO Train loss: 0.372838
2024-09-23 09:04:38,356 P260521 INFO Evaluation @epoch 2 - batch 171: 
2024-09-23 09:04:40,999 P260521 INFO [Metrics] AUC: 0.819223 - logloss: 0.344370
2024-09-23 09:04:41,000 P260521 INFO Save best model: monitor(max)=0.819223
2024-09-23 09:04:41,107 P260521 INFO ************ Epoch=2 end ************
2024-09-23 09:05:25,126 P260521 INFO Train loss: 0.365294
2024-09-23 09:05:25,127 P260521 INFO Evaluation @epoch 3 - batch 171: 
2024-09-23 09:05:28,262 P260521 INFO [Metrics] AUC: 0.824802 - logloss: 0.340038
2024-09-23 09:05:28,263 P260521 INFO Save best model: monitor(max)=0.824802
2024-09-23 09:05:28,345 P260521 INFO ************ Epoch=3 end ************
2024-09-23 09:06:17,171 P260521 INFO Train loss: 0.362371
2024-09-23 09:06:17,172 P260521 INFO Evaluation @epoch 4 - batch 171: 
2024-09-23 09:06:20,228 P260521 INFO [Metrics] AUC: 0.827761 - logloss: 0.337357
2024-09-23 09:06:20,229 P260521 INFO Save best model: monitor(max)=0.827761
2024-09-23 09:06:20,312 P260521 INFO ************ Epoch=4 end ************
2024-09-23 09:07:08,074 P260521 INFO Train loss: 0.360603
2024-09-23 09:07:08,075 P260521 INFO Evaluation @epoch 5 - batch 171: 
2024-09-23 09:07:11,205 P260521 INFO [Metrics] AUC: 0.828966 - logloss: 0.336810
2024-09-23 09:07:11,206 P260521 INFO Save best model: monitor(max)=0.828966
2024-09-23 09:07:11,278 P260521 INFO ************ Epoch=5 end ************
2024-09-23 09:07:58,924 P260521 INFO Train loss: 0.359086
2024-09-23 09:07:58,924 P260521 INFO Evaluation @epoch 6 - batch 171: 
2024-09-23 09:08:02,003 P260521 INFO [Metrics] AUC: 0.831528 - logloss: 0.334591
2024-09-23 09:08:02,004 P260521 INFO Save best model: monitor(max)=0.831528
2024-09-23 09:08:02,075 P260521 INFO ************ Epoch=6 end ************
2024-09-23 09:08:50,648 P260521 INFO Train loss: 0.358517
2024-09-23 09:08:50,648 P260521 INFO Evaluation @epoch 7 - batch 171: 
2024-09-23 09:08:53,798 P260521 INFO [Metrics] AUC: 0.834340 - logloss: 0.332632
2024-09-23 09:08:53,799 P260521 INFO Save best model: monitor(max)=0.834340
2024-09-23 09:08:53,940 P260521 INFO ************ Epoch=7 end ************
2024-09-23 09:09:42,083 P260521 INFO Train loss: 0.356964
2024-09-23 09:09:42,084 P260521 INFO Evaluation @epoch 8 - batch 171: 
2024-09-23 09:09:45,249 P260521 INFO [Metrics] AUC: 0.834965 - logloss: 0.331982
2024-09-23 09:09:45,250 P260521 INFO Save best model: monitor(max)=0.834965
2024-09-23 09:09:45,322 P260521 INFO ************ Epoch=8 end ************
2024-09-23 09:10:32,264 P260521 INFO Train loss: 0.355993
2024-09-23 09:10:32,265 P260521 INFO Evaluation @epoch 9 - batch 171: 
2024-09-23 09:10:35,325 P260521 INFO [Metrics] AUC: 0.836792 - logloss: 0.330665
2024-09-23 09:10:35,326 P260521 INFO Save best model: monitor(max)=0.836792
2024-09-23 09:10:35,434 P260521 INFO ************ Epoch=9 end ************
2024-09-23 09:11:24,486 P260521 INFO Train loss: 0.355314
2024-09-23 09:11:24,486 P260521 INFO Evaluation @epoch 10 - batch 171: 
2024-09-23 09:11:27,537 P260521 INFO [Metrics] AUC: 0.837391 - logloss: 0.330512
2024-09-23 09:11:27,538 P260521 INFO Save best model: monitor(max)=0.837391
2024-09-23 09:11:27,609 P260521 INFO ************ Epoch=10 end ************
2024-09-23 09:12:14,066 P260521 INFO Train loss: 0.354427
2024-09-23 09:12:14,066 P260521 INFO Evaluation @epoch 11 - batch 171: 
2024-09-23 09:12:17,174 P260521 INFO [Metrics] AUC: 0.838866 - logloss: 0.329257
2024-09-23 09:12:17,175 P260521 INFO Save best model: monitor(max)=0.838866
2024-09-23 09:12:17,264 P260521 INFO ************ Epoch=11 end ************
2024-09-23 09:13:05,265 P260521 INFO Train loss: 0.353791
2024-09-23 09:13:05,265 P260521 INFO Evaluation @epoch 12 - batch 171: 
2024-09-23 09:13:08,274 P260521 INFO [Metrics] AUC: 0.838879 - logloss: 0.329022
2024-09-23 09:13:08,275 P260521 INFO Save best model: monitor(max)=0.838879
2024-09-23 09:13:08,364 P260521 INFO ************ Epoch=12 end ************
2024-09-23 09:13:55,909 P260521 INFO Train loss: 0.352967
2024-09-23 09:13:55,910 P260521 INFO Evaluation @epoch 13 - batch 171: 
2024-09-23 09:13:59,022 P260521 INFO [Metrics] AUC: 0.839653 - logloss: 0.328423
2024-09-23 09:13:59,023 P260521 INFO Save best model: monitor(max)=0.839653
2024-09-23 09:13:59,123 P260521 INFO ************ Epoch=13 end ************
2024-09-23 09:14:46,798 P260521 INFO Train loss: 0.352501
2024-09-23 09:14:46,798 P260521 INFO Evaluation @epoch 14 - batch 171: 
2024-09-23 09:14:49,891 P260521 INFO [Metrics] AUC: 0.840765 - logloss: 0.327661
2024-09-23 09:14:49,892 P260521 INFO Save best model: monitor(max)=0.840765
2024-09-23 09:14:49,964 P260521 INFO ************ Epoch=14 end ************
2024-09-23 09:15:38,254 P260521 INFO Train loss: 0.351832
2024-09-23 09:15:38,254 P260521 INFO Evaluation @epoch 15 - batch 171: 
2024-09-23 09:15:41,469 P260521 INFO [Metrics] AUC: 0.840735 - logloss: 0.327495
2024-09-23 09:15:41,470 P260521 INFO Monitor(max)=0.840735 STOP!
2024-09-23 09:15:41,470 P260521 INFO Reduce learning rate on plateau: 0.000100
2024-09-23 09:15:41,547 P260521 INFO ************ Epoch=15 end ************
2024-09-23 09:16:30,100 P260521 INFO Train loss: 0.329329
2024-09-23 09:16:30,100 P260521 INFO Evaluation @epoch 16 - batch 171: 
2024-09-23 09:16:33,285 P260521 INFO [Metrics] AUC: 0.848511 - logloss: 0.321177
2024-09-23 09:16:33,286 P260521 INFO Save best model: monitor(max)=0.848511
2024-09-23 09:16:33,369 P260521 INFO ************ Epoch=16 end ************
2024-09-23 09:17:20,543 P260521 INFO Train loss: 0.318746
2024-09-23 09:17:20,543 P260521 INFO Evaluation @epoch 17 - batch 171: 
2024-09-23 09:17:23,562 P260521 INFO [Metrics] AUC: 0.851308 - logloss: 0.319152
2024-09-23 09:17:23,562 P260521 INFO Save best model: monitor(max)=0.851308
2024-09-23 09:17:23,649 P260521 INFO ************ Epoch=17 end ************
2024-09-23 09:18:12,232 P260521 INFO Train loss: 0.313752
2024-09-23 09:18:12,233 P260521 INFO Evaluation @epoch 18 - batch 171: 
2024-09-23 09:18:15,272 P260521 INFO [Metrics] AUC: 0.852152 - logloss: 0.318596
2024-09-23 09:18:15,273 P260521 INFO Save best model: monitor(max)=0.852152
2024-09-23 09:18:15,366 P260521 INFO ************ Epoch=18 end ************
2024-09-23 09:19:01,745 P260521 INFO Train loss: 0.309922
2024-09-23 09:19:01,745 P260521 INFO Evaluation @epoch 19 - batch 171: 
2024-09-23 09:19:04,899 P260521 INFO [Metrics] AUC: 0.852186 - logloss: 0.319073
2024-09-23 09:19:04,899 P260521 INFO Save best model: monitor(max)=0.852186
2024-09-23 09:19:04,968 P260521 INFO ************ Epoch=19 end ************
2024-09-23 09:19:53,274 P260521 INFO Train loss: 0.307563
2024-09-23 09:19:53,274 P260521 INFO Evaluation @epoch 20 - batch 171: 
2024-09-23 09:19:56,168 P260521 INFO [Metrics] AUC: 0.852484 - logloss: 0.318891
2024-09-23 09:19:56,169 P260521 INFO Save best model: monitor(max)=0.852484
2024-09-23 09:19:56,270 P260521 INFO ************ Epoch=20 end ************
2024-09-23 09:20:43,843 P260521 INFO Train loss: 0.304974
2024-09-23 09:20:43,843 P260521 INFO Evaluation @epoch 21 - batch 171: 
2024-09-23 09:20:46,941 P260521 INFO [Metrics] AUC: 0.852199 - logloss: 0.319327
2024-09-23 09:20:46,941 P260521 INFO Monitor(max)=0.852199 STOP!
2024-09-23 09:20:46,941 P260521 INFO Reduce learning rate on plateau: 0.000010
2024-09-23 09:20:47,029 P260521 INFO ************ Epoch=21 end ************
2024-09-23 09:21:34,638 P260521 INFO Train loss: 0.295431
2024-09-23 09:21:34,638 P260521 INFO Evaluation @epoch 22 - batch 171: 
2024-09-23 09:21:37,767 P260521 INFO [Metrics] AUC: 0.852282 - logloss: 0.319874
2024-09-23 09:21:37,768 P260521 INFO Monitor(max)=0.852282 STOP!
2024-09-23 09:21:37,768 P260521 INFO Reduce learning rate on plateau: 0.000001
2024-09-23 09:21:37,768 P260521 INFO ********* Epoch=22 early stop *********
2024-09-23 09:21:37,855 P260521 INFO Training finished.
2024-09-23 09:21:37,856 P260521 INFO Load best model: /workspace/checkpoints/ML_1M_7_x1/DCNv3_ML_1M_023_2fd148b6.model
2024-09-23 09:21:37,899 P260521 INFO ****** Validation evaluation ******
2024-09-23 09:21:40,988 P260521 INFO [Metrics] logloss: 0.318891 - AUC: 0.852484
2024-09-23 09:21:41,130 P260521 INFO ******** Test evaluation ********
2024-09-23 09:21:41,130 P260521 INFO Loading datasets...
2024-09-23 09:21:41,463 P260521 INFO Test samples: total/100022, blocks/1
2024-09-23 09:21:41,463 P260521 INFO Loading test data done.
2024-09-23 09:21:43,287 P260521 INFO [Metrics] logloss: 0.316877 - AUC: 0.853308
