2024-09-23 10:14:57,557 P285067 INFO FuxiCTR version: 2.3.2
2024-09-23 10:14:57,557 P285067 INFO Params: {
    "batch_norm": "True",
    "batch_size": "4096",
    "data_format": "csv",
    "data_root": "dataset/",
    "dataset_id": "ML_1M_7_x1",
    "debug_mode": "False",
    "deep_net_dropout": "0.3",
    "early_stop_patience": "2",
    "embedding_dim": "16",
    "embedding_regularizer": "0.01",
    "epochs": "100",
    "eval_steps": "None",
    "feature_cols": "[{'active': True, 'dtype': 'str', 'name': ['UserID', 'Gender', 'Age', 'Occupation', 'MovieID', 'Release'], 'type': 'categorical'}, {'active': True, 'dtype': 'str', 'encoder': 'MaskedSumPooling', 'max_len': 5, 'name': 'Genres', 'splitter': '^', 'type': 'sequence'}]",
    "feature_config": "None",
    "feature_specs": "None",
    "gpu": "0",
    "group_id": "None",
    "label_col": "{'dtype': 'float', 'name': 'Label'}",
    "layer_norm": "True",
    "learning_rate": "0.001",
    "loss": "binary_crossentropy",
    "metrics": "['logloss', 'AUC']",
    "min_categr_count": "1",
    "model": "DCNv3",
    "model_id": "DCNv3_ML_1M_027_7978f777",
    "model_root": "./checkpoints/",
    "monitor": "{'AUC': 1, 'logloss': 0}",
    "monitor_mode": "max",
    "net_regularizer": "0",
    "num_deep_cross_layers": "1",
    "num_heads": "1",
    "num_shallow_cross_layers": "3",
    "num_workers": "4",
    "optimizer": "adam",
    "pickle_feature_encoder": "True",
    "save_best_only": "True",
    "seed": "2024",
    "shallow_net_dropout": "0.3",
    "shuffle": "True",
    "task": "binary_classification",
    "test_data": "dataset/ML_1M/test.csv",
    "train_data": "dataset/ML_1M/train.csv",
    "use_features": "None",
    "valid_data": "dataset/ML_1M/valid.csv",
    "verbose": "1"
}
2024-09-23 10:14:57,559 P285067 INFO Set up feature processor...
2024-09-23 10:14:57,559 P285067 WARNING Skip rebuilding dataset/ML_1M_7_x1/feature_map.json. Please delete it manually if rebuilding is required.
2024-09-23 10:14:57,560 P285067 INFO Load feature_map from json: dataset/ML_1M_7_x1/feature_map.json
2024-09-23 10:14:57,560 P285067 INFO Set column index...
2024-09-23 10:14:57,560 P285067 INFO Feature specs: {
    "Age": "{'source': '', 'type': 'categorical', 'padding_idx': 0, 'vocab_size': 9}",
    "Gender": "{'source': '', 'type': 'categorical', 'padding_idx': 0, 'vocab_size': 4}",
    "Genres": "{'source': '', 'type': 'sequence', 'feature_encoder': 'layers.MaskedAveragePooling()', 'padding_idx': 0, 'max_len': 5, 'vocab_size': 302}",
    "MovieID": "{'source': '', 'type': 'categorical', 'padding_idx': 0, 'vocab_size': 3659}",
    "Occupation": "{'source': '', 'type': 'categorical', 'padding_idx': 0, 'vocab_size': 23}",
    "Release": "{'source': '', 'type': 'categorical', 'padding_idx': 0, 'vocab_size': 83}",
    "UserID": "{'source': '', 'type': 'categorical', 'padding_idx': 0, 'vocab_size': 6042}"
}
2024-09-23 10:14:58,908 P285067 INFO Total number of parameters: 188170.
2024-09-23 10:14:58,909 P285067 INFO Loading datasets...
2024-09-23 10:15:01,275 P285067 INFO Train samples: total/700146, blocks/1
2024-09-23 10:15:01,622 P285067 INFO Validation samples: total/200041, blocks/1
2024-09-23 10:15:01,622 P285067 INFO Loading train and validation data done.
2024-09-23 10:15:01,622 P285067 INFO Start training: 171 batches/epoch
2024-09-23 10:15:01,623 P285067 INFO ************ Epoch=1 start ************
2024-09-23 10:15:50,091 P285067 INFO Train loss: 0.434280
2024-09-23 10:15:50,092 P285067 INFO Evaluation @epoch 1 - batch 171: 
2024-09-23 10:15:53,046 P285067 INFO [Metrics] AUC: 0.808211 - logloss: 0.353395
2024-09-23 10:15:53,047 P285067 INFO Save best model: monitor(max)=0.808211
2024-09-23 10:15:53,099 P285067 INFO ************ Epoch=1 end ************
2024-09-23 10:16:40,808 P285067 INFO Train loss: 0.377068
2024-09-23 10:16:40,809 P285067 INFO Evaluation @epoch 2 - batch 171: 
2024-09-23 10:16:43,896 P285067 INFO [Metrics] AUC: 0.816909 - logloss: 0.346313
2024-09-23 10:16:43,897 P285067 INFO Save best model: monitor(max)=0.816909
2024-09-23 10:16:43,983 P285067 INFO ************ Epoch=2 end ************
2024-09-23 10:17:31,785 P285067 INFO Train loss: 0.368882
2024-09-23 10:17:31,786 P285067 INFO Evaluation @epoch 3 - batch 171: 
2024-09-23 10:17:34,904 P285067 INFO [Metrics] AUC: 0.822111 - logloss: 0.342109
2024-09-23 10:17:34,904 P285067 INFO Save best model: monitor(max)=0.822111
2024-09-23 10:17:34,989 P285067 INFO ************ Epoch=3 end ************
