2024-09-23 05:51:50,549 P190152 INFO FuxiCTR version: 2.3.2
2024-09-23 05:51:50,549 P190152 INFO Params: {
    "batch_norm": "True",
    "batch_size": "4096",
    "data_format": "csv",
    "data_root": "dataset/",
    "dataset_id": "ML_1M_7_x1",
    "debug_mode": "False",
    "deep_net_dropout": "0.1",
    "early_stop_patience": "2",
    "embedding_dim": "16",
    "embedding_regularizer": "0.01",
    "epochs": "100",
    "eval_steps": "None",
    "feature_cols": "[{'active': True, 'dtype': 'str', 'name': ['UserID', 'Gender', 'Age', 'Occupation', 'MovieID', 'Release'], 'type': 'categorical'}, {'active': True, 'dtype': 'str', 'encoder': 'MaskedSumPooling', 'max_len': 5, 'name': 'Genres', 'splitter': '^', 'type': 'sequence'}]",
    "feature_config": "None",
    "feature_specs": "None",
    "gpu": "0",
    "group_id": "None",
    "label_col": "{'dtype': 'float', 'name': 'Label'}",
    "layer_norm": "True",
    "learning_rate": "0.001",
    "loss": "binary_crossentropy",
    "metrics": "['logloss', 'AUC']",
    "min_categr_count": "1",
    "model": "DCNv3",
    "model_id": "DCNv3_ML_1M_012_072c23f3",
    "model_root": "./checkpoints/",
    "monitor": "{'AUC': 1, 'logloss': 0}",
    "monitor_mode": "max",
    "net_regularizer": "0",
    "num_deep_cross_layers": "1",
    "num_heads": "1",
    "num_shallow_cross_layers": "2",
    "num_workers": "4",
    "optimizer": "adam",
    "pickle_feature_encoder": "True",
    "save_best_only": "True",
    "seed": "2024",
    "shallow_net_dropout": "0.3",
    "shuffle": "True",
    "task": "binary_classification",
    "test_data": "dataset/ML_1M/test.csv",
    "train_data": "dataset/ML_1M/train.csv",
    "use_features": "None",
    "valid_data": "dataset/ML_1M/valid.csv",
    "verbose": "1"
}
2024-09-23 05:51:50,551 P190152 INFO Set up feature processor...
2024-09-23 05:51:50,551 P190152 WARNING Skip rebuilding dataset/ML_1M_7_x1/feature_map.json. Please delete it manually if rebuilding is required.
2024-09-23 05:51:50,552 P190152 INFO Load feature_map from json: dataset/ML_1M_7_x1/feature_map.json
2024-09-23 05:51:50,552 P190152 INFO Set column index...
2024-09-23 05:51:50,552 P190152 INFO Feature specs: {
    "Age": "{'source': '', 'type': 'categorical', 'padding_idx': 0, 'vocab_size': 9}",
    "Gender": "{'source': '', 'type': 'categorical', 'padding_idx': 0, 'vocab_size': 4}",
    "Genres": "{'source': '', 'type': 'sequence', 'feature_encoder': 'layers.MaskedAveragePooling()', 'padding_idx': 0, 'max_len': 5, 'vocab_size': 302}",
    "MovieID": "{'source': '', 'type': 'categorical', 'padding_idx': 0, 'vocab_size': 3659}",
    "Occupation": "{'source': '', 'type': 'categorical', 'padding_idx': 0, 'vocab_size': 23}",
    "Release": "{'source': '', 'type': 'categorical', 'padding_idx': 0, 'vocab_size': 83}",
    "UserID": "{'source': '', 'type': 'categorical', 'padding_idx': 0, 'vocab_size': 6042}"
}
2024-09-23 05:51:51,895 P190152 INFO Total number of parameters: 181672.
2024-09-23 05:51:51,895 P190152 INFO Loading datasets...
2024-09-23 05:51:53,973 P190152 INFO Train samples: total/700146, blocks/1
2024-09-23 05:51:54,241 P190152 INFO Validation samples: total/200041, blocks/1
2024-09-23 05:51:54,241 P190152 INFO Loading train and validation data done.
2024-09-23 05:51:54,241 P190152 INFO Start training: 171 batches/epoch
2024-09-23 05:51:54,242 P190152 INFO ************ Epoch=1 start ************
2024-09-23 05:52:40,774 P190152 INFO Train loss: 0.440713
2024-09-23 05:52:40,774 P190152 INFO Evaluation @epoch 1 - batch 171: 
2024-09-23 05:52:43,526 P190152 INFO [Metrics] AUC: 0.803713 - logloss: 0.356947
2024-09-23 05:52:43,527 P190152 INFO Save best model: monitor(max)=0.803713
2024-09-23 05:52:43,569 P190152 INFO ************ Epoch=1 end ************
2024-09-23 05:53:28,263 P190152 INFO Train loss: 0.380366
2024-09-23 05:53:28,264 P190152 INFO Evaluation @epoch 2 - batch 171: 
2024-09-23 05:53:31,046 P190152 INFO [Metrics] AUC: 0.813012 - logloss: 0.349324
2024-09-23 05:53:31,047 P190152 INFO Save best model: monitor(max)=0.813012
2024-09-23 05:53:31,101 P190152 INFO ************ Epoch=2 end ************
2024-09-23 05:54:16,082 P190152 INFO Train loss: 0.373124
2024-09-23 05:54:16,083 P190152 INFO Evaluation @epoch 3 - batch 171: 
2024-09-23 05:54:18,865 P190152 INFO [Metrics] AUC: 0.817773 - logloss: 0.345366
2024-09-23 05:54:18,866 P190152 INFO Save best model: monitor(max)=0.817773
2024-09-23 05:54:18,930 P190152 INFO ************ Epoch=3 end ************
2024-09-23 05:55:04,075 P190152 INFO Train loss: 0.368558
2024-09-23 05:55:04,076 P190152 INFO Evaluation @epoch 4 - batch 171: 
2024-09-23 05:55:06,984 P190152 INFO [Metrics] AUC: 0.820255 - logloss: 0.343732
2024-09-23 05:55:06,985 P190152 INFO Save best model: monitor(max)=0.820255
2024-09-23 05:55:07,044 P190152 INFO ************ Epoch=4 end ************
2024-09-23 05:55:51,647 P190152 INFO Train loss: 0.365820
2024-09-23 05:55:51,648 P190152 INFO Evaluation @epoch 5 - batch 171: 
2024-09-23 05:55:54,312 P190152 INFO [Metrics] AUC: 0.825517 - logloss: 0.339635
2024-09-23 05:55:54,313 P190152 INFO Save best model: monitor(max)=0.825517
2024-09-23 05:55:54,379 P190152 INFO ************ Epoch=5 end ************
2024-09-23 05:56:38,539 P190152 INFO Train loss: 0.364348
2024-09-23 05:56:38,539 P190152 INFO Evaluation @epoch 6 - batch 171: 
2024-09-23 05:56:41,012 P190152 INFO [Metrics] AUC: 0.828405 - logloss: 0.337128
2024-09-23 05:56:41,013 P190152 INFO Save best model: monitor(max)=0.828405
2024-09-23 05:56:41,074 P190152 INFO ************ Epoch=6 end ************
2024-09-23 05:57:23,007 P190152 INFO Train loss: 0.362273
2024-09-23 05:57:23,008 P190152 INFO Evaluation @epoch 7 - batch 171: 
2024-09-23 05:57:25,835 P190152 INFO [Metrics] AUC: 0.830444 - logloss: 0.335485
2024-09-23 05:57:25,835 P190152 INFO Save best model: monitor(max)=0.830444
2024-09-23 05:57:25,910 P190152 INFO ************ Epoch=7 end ************
2024-09-23 05:58:08,794 P190152 INFO Train loss: 0.360323
2024-09-23 05:58:08,795 P190152 INFO Evaluation @epoch 8 - batch 171: 
2024-09-23 05:58:11,666 P190152 INFO [Metrics] AUC: 0.833005 - logloss: 0.333636
2024-09-23 05:58:11,667 P190152 INFO Save best model: monitor(max)=0.833005
2024-09-23 05:58:11,732 P190152 INFO ************ Epoch=8 end ************
2024-09-23 05:58:55,611 P190152 INFO Train loss: 0.358765
2024-09-23 05:58:55,612 P190152 INFO Evaluation @epoch 9 - batch 171: 
2024-09-23 05:58:58,374 P190152 INFO [Metrics] AUC: 0.834211 - logloss: 0.332621
2024-09-23 05:58:58,375 P190152 INFO Save best model: monitor(max)=0.834211
2024-09-23 05:58:58,446 P190152 INFO ************ Epoch=9 end ************
2024-09-23 05:59:42,293 P190152 INFO Train loss: 0.356853
2024-09-23 05:59:42,293 P190152 INFO Evaluation @epoch 10 - batch 171: 
2024-09-23 05:59:45,056 P190152 INFO [Metrics] AUC: 0.836026 - logloss: 0.331316
2024-09-23 05:59:45,057 P190152 INFO Save best model: monitor(max)=0.836026
2024-09-23 05:59:45,136 P190152 INFO ************ Epoch=10 end ************
2024-09-23 06:00:28,895 P190152 INFO Train loss: 0.355661
2024-09-23 06:00:28,895 P190152 INFO Evaluation @epoch 11 - batch 171: 
2024-09-23 06:00:31,678 P190152 INFO [Metrics] AUC: 0.837263 - logloss: 0.331009
2024-09-23 06:00:31,679 P190152 INFO Save best model: monitor(max)=0.837263
2024-09-23 06:00:31,745 P190152 INFO ************ Epoch=11 end ************
2024-09-23 06:01:15,461 P190152 INFO Train loss: 0.354490
2024-09-23 06:01:15,462 P190152 INFO Evaluation @epoch 12 - batch 171: 
2024-09-23 06:01:18,274 P190152 INFO [Metrics] AUC: 0.838888 - logloss: 0.329254
2024-09-23 06:01:18,275 P190152 INFO Save best model: monitor(max)=0.838888
2024-09-23 06:01:18,355 P190152 INFO ************ Epoch=12 end ************
2024-09-23 06:01:58,732 P190152 INFO Train loss: 0.353573
2024-09-23 06:01:58,733 P190152 INFO Evaluation @epoch 13 - batch 171: 
2024-09-23 06:02:01,553 P190152 INFO [Metrics] AUC: 0.839337 - logloss: 0.328615
2024-09-23 06:02:01,554 P190152 INFO Save best model: monitor(max)=0.839337
2024-09-23 06:02:01,622 P190152 INFO ************ Epoch=13 end ************
2024-09-23 06:02:46,102 P190152 INFO Train loss: 0.353155
2024-09-23 06:02:46,103 P190152 INFO Evaluation @epoch 14 - batch 171: 
2024-09-23 06:02:48,907 P190152 INFO [Metrics] AUC: 0.839622 - logloss: 0.328364
2024-09-23 06:02:48,908 P190152 INFO Save best model: monitor(max)=0.839622
2024-09-23 06:02:48,981 P190152 INFO ************ Epoch=14 end ************
2024-09-23 06:03:32,325 P190152 INFO Train loss: 0.352231
2024-09-23 06:03:32,326 P190152 INFO Evaluation @epoch 15 - batch 171: 
2024-09-23 06:03:35,106 P190152 INFO [Metrics] AUC: 0.840014 - logloss: 0.327992
2024-09-23 06:03:35,106 P190152 INFO Save best model: monitor(max)=0.840014
2024-09-23 06:03:35,172 P190152 INFO ************ Epoch=15 end ************
2024-09-23 06:04:18,495 P190152 INFO Train loss: 0.352089
2024-09-23 06:04:18,495 P190152 INFO Evaluation @epoch 16 - batch 171: 
2024-09-23 06:04:21,268 P190152 INFO [Metrics] AUC: 0.841275 - logloss: 0.326954
2024-09-23 06:04:21,269 P190152 INFO Save best model: monitor(max)=0.841275
2024-09-23 06:04:21,337 P190152 INFO ************ Epoch=16 end ************
2024-09-23 06:05:05,511 P190152 INFO Train loss: 0.351350
2024-09-23 06:05:05,512 P190152 INFO Evaluation @epoch 17 - batch 171: 
2024-09-23 06:05:08,322 P190152 INFO [Metrics] AUC: 0.841173 - logloss: 0.327733
2024-09-23 06:05:08,323 P190152 INFO Monitor(max)=0.841173 STOP!
2024-09-23 06:05:08,323 P190152 INFO Reduce learning rate on plateau: 0.000100
2024-09-23 06:05:08,391 P190152 INFO ************ Epoch=17 end ************
2024-09-23 06:05:51,105 P190152 INFO Train loss: 0.328855
2024-09-23 06:05:51,105 P190152 INFO Evaluation @epoch 18 - batch 171: 
2024-09-23 06:05:53,874 P190152 INFO [Metrics] AUC: 0.849124 - logloss: 0.320703
2024-09-23 06:05:53,875 P190152 INFO Save best model: monitor(max)=0.849124
2024-09-23 06:05:53,979 P190152 INFO ************ Epoch=18 end ************
2024-09-23 06:06:38,647 P190152 INFO Train loss: 0.318239
2024-09-23 06:06:38,648 P190152 INFO Evaluation @epoch 19 - batch 171: 
2024-09-23 06:06:41,440 P190152 INFO [Metrics] AUC: 0.851989 - logloss: 0.318308
2024-09-23 06:06:41,441 P190152 INFO Save best model: monitor(max)=0.851989
2024-09-23 06:06:41,502 P190152 INFO ************ Epoch=19 end ************
2024-09-23 06:07:24,443 P190152 INFO Train loss: 0.313534
2024-09-23 06:07:24,443 P190152 INFO Evaluation @epoch 20 - batch 171: 
2024-09-23 06:07:27,203 P190152 INFO [Metrics] AUC: 0.853071 - logloss: 0.317666
2024-09-23 06:07:27,204 P190152 INFO Save best model: monitor(max)=0.853071
2024-09-23 06:07:27,269 P190152 INFO ************ Epoch=20 end ************
2024-09-23 06:08:11,014 P190152 INFO Train loss: 0.310063
2024-09-23 06:08:11,014 P190152 INFO Evaluation @epoch 21 - batch 171: 
2024-09-23 06:08:13,837 P190152 INFO [Metrics] AUC: 0.853674 - logloss: 0.317481
2024-09-23 06:08:13,838 P190152 INFO Save best model: monitor(max)=0.853674
2024-09-23 06:08:13,901 P190152 INFO ************ Epoch=21 end ************
2024-09-23 06:08:57,111 P190152 INFO Train loss: 0.307262
2024-09-23 06:08:57,112 P190152 INFO Evaluation @epoch 22 - batch 171: 
2024-09-23 06:08:59,879 P190152 INFO [Metrics] AUC: 0.853953 - logloss: 0.317170
2024-09-23 06:08:59,880 P190152 INFO Save best model: monitor(max)=0.853953
2024-09-23 06:08:59,940 P190152 INFO ************ Epoch=22 end ************
2024-09-23 06:09:37,799 P190152 INFO Train loss: 0.304838
2024-09-23 06:09:37,799 P190152 INFO Evaluation @epoch 23 - batch 171: 
2024-09-23 06:09:40,723 P190152 INFO [Metrics] AUC: 0.853699 - logloss: 0.317669
2024-09-23 06:09:40,725 P190152 INFO Monitor(max)=0.853699 STOP!
2024-09-23 06:09:40,725 P190152 INFO Reduce learning rate on plateau: 0.000010
2024-09-23 06:09:40,799 P190152 INFO ************ Epoch=23 end ************
2024-09-23 06:10:24,729 P190152 INFO Train loss: 0.295849
2024-09-23 06:10:24,730 P190152 INFO Evaluation @epoch 24 - batch 171: 
2024-09-23 06:10:27,440 P190152 INFO [Metrics] AUC: 0.853941 - logloss: 0.317866
2024-09-23 06:10:27,440 P190152 INFO Monitor(max)=0.853941 STOP!
2024-09-23 06:10:27,441 P190152 INFO Reduce learning rate on plateau: 0.000001
2024-09-23 06:10:27,441 P190152 INFO ********* Epoch=24 early stop *********
2024-09-23 06:10:27,496 P190152 INFO Training finished.
2024-09-23 06:10:27,497 P190152 INFO Load best model: /workspace/checkpoints/ML_1M_7_x1/DCNv3_ML_1M_012_072c23f3.model
2024-09-23 06:10:27,521 P190152 INFO ****** Validation evaluation ******
2024-09-23 06:10:30,318 P190152 INFO [Metrics] logloss: 0.317170 - AUC: 0.853953
2024-09-23 06:10:30,464 P190152 INFO ******** Test evaluation ********
2024-09-23 06:10:30,465 P190152 INFO Loading datasets...
2024-09-23 06:10:30,745 P190152 INFO Test samples: total/100022, blocks/1
2024-09-23 06:10:30,746 P190152 INFO Loading test data done.
2024-09-23 06:10:32,371 P190152 INFO [Metrics] logloss: 0.316320 - AUC: 0.853637
