2024-09-23 08:25:50,493 P247601 INFO FuxiCTR version: 2.3.2
2024-09-23 08:25:50,493 P247601 INFO Params: {
    "batch_norm": "True",
    "batch_size": "4096",
    "data_format": "csv",
    "data_root": "dataset/",
    "dataset_id": "ML_1M_7_x1",
    "debug_mode": "False",
    "deep_net_dropout": "0.1",
    "early_stop_patience": "2",
    "embedding_dim": "16",
    "embedding_regularizer": "0.01",
    "epochs": "100",
    "eval_steps": "None",
    "feature_cols": "[{'active': True, 'dtype': 'str', 'name': ['UserID', 'Gender', 'Age', 'Occupation', 'MovieID', 'Release'], 'type': 'categorical'}, {'active': True, 'dtype': 'str', 'encoder': 'MaskedSumPooling', 'max_len': 5, 'name': 'Genres', 'splitter': '^', 'type': 'sequence'}]",
    "feature_config": "None",
    "feature_specs": "None",
    "gpu": "0",
    "group_id": "None",
    "label_col": "{'dtype': 'float', 'name': 'Label'}",
    "layer_norm": "True",
    "learning_rate": "0.001",
    "loss": "binary_crossentropy",
    "metrics": "['logloss', 'AUC']",
    "min_categr_count": "1",
    "model": "DCNv3",
    "model_id": "DCNv3_ML_1M_021_a9112779",
    "model_root": "./checkpoints/",
    "monitor": "{'AUC': 1, 'logloss': 0}",
    "monitor_mode": "max",
    "net_regularizer": "0",
    "num_deep_cross_layers": "1",
    "num_heads": "1",
    "num_shallow_cross_layers": "3",
    "num_workers": "4",
    "optimizer": "adam",
    "pickle_feature_encoder": "True",
    "save_best_only": "True",
    "seed": "2024",
    "shallow_net_dropout": "0.3",
    "shuffle": "True",
    "task": "binary_classification",
    "test_data": "dataset/ML_1M/test.csv",
    "train_data": "dataset/ML_1M/train.csv",
    "use_features": "None",
    "valid_data": "dataset/ML_1M/valid.csv",
    "verbose": "1"
}
2024-09-23 08:25:50,494 P247601 INFO Set up feature processor...
2024-09-23 08:25:50,495 P247601 WARNING Skip rebuilding dataset/ML_1M_7_x1/feature_map.json. Please delete it manually if rebuilding is required.
2024-09-23 08:25:50,495 P247601 INFO Load feature_map from json: dataset/ML_1M_7_x1/feature_map.json
2024-09-23 08:25:50,496 P247601 INFO Set column index...
2024-09-23 08:25:50,496 P247601 INFO Feature specs: {
    "Age": "{'source': '', 'type': 'categorical', 'padding_idx': 0, 'vocab_size': 9}",
    "Gender": "{'source': '', 'type': 'categorical', 'padding_idx': 0, 'vocab_size': 4}",
    "Genres": "{'source': '', 'type': 'sequence', 'feature_encoder': 'layers.MaskedAveragePooling()', 'padding_idx': 0, 'max_len': 5, 'vocab_size': 302}",
    "MovieID": "{'source': '', 'type': 'categorical', 'padding_idx': 0, 'vocab_size': 3659}",
    "Occupation": "{'source': '', 'type': 'categorical', 'padding_idx': 0, 'vocab_size': 23}",
    "Release": "{'source': '', 'type': 'categorical', 'padding_idx': 0, 'vocab_size': 83}",
    "UserID": "{'source': '', 'type': 'categorical', 'padding_idx': 0, 'vocab_size': 6042}"
}
2024-09-23 08:25:51,822 P247601 INFO Total number of parameters: 188170.
2024-09-23 08:25:51,822 P247601 INFO Loading datasets...
2024-09-23 08:25:54,118 P247601 INFO Train samples: total/700146, blocks/1
2024-09-23 08:25:54,553 P247601 INFO Validation samples: total/200041, blocks/1
2024-09-23 08:25:54,553 P247601 INFO Loading train and validation data done.
2024-09-23 08:25:54,554 P247601 INFO Start training: 171 batches/epoch
2024-09-23 08:25:54,554 P247601 INFO ************ Epoch=1 start ************
2024-09-23 08:26:42,344 P247601 INFO Train loss: 0.432886
2024-09-23 08:26:42,344 P247601 INFO Evaluation @epoch 1 - batch 171: 
2024-09-23 08:26:45,490 P247601 INFO [Metrics] AUC: 0.809530 - logloss: 0.352401
2024-09-23 08:26:45,491 P247601 INFO Save best model: monitor(max)=0.809530
2024-09-23 08:26:45,594 P247601 INFO ************ Epoch=1 end ************
2024-09-23 08:27:32,425 P247601 INFO Train loss: 0.374875
2024-09-23 08:27:32,426 P247601 INFO Evaluation @epoch 2 - batch 171: 
2024-09-23 08:27:35,449 P247601 INFO [Metrics] AUC: 0.817564 - logloss: 0.345639
2024-09-23 08:27:35,450 P247601 INFO Save best model: monitor(max)=0.817564
2024-09-23 08:27:35,541 P247601 INFO ************ Epoch=2 end ************
2024-09-23 08:28:19,619 P247601 INFO Train loss: 0.367055
2024-09-23 08:28:19,619 P247601 INFO Evaluation @epoch 3 - batch 171: 
2024-09-23 08:28:22,733 P247601 INFO [Metrics] AUC: 0.823188 - logloss: 0.341288
2024-09-23 08:28:22,734 P247601 INFO Save best model: monitor(max)=0.823188
2024-09-23 08:28:22,828 P247601 INFO ************ Epoch=3 end ************
2024-09-23 08:29:10,407 P247601 INFO Train loss: 0.364296
2024-09-23 08:29:10,407 P247601 INFO Evaluation @epoch 4 - batch 171: 
2024-09-23 08:29:13,652 P247601 INFO [Metrics] AUC: 0.826533 - logloss: 0.338387
2024-09-23 08:29:13,653 P247601 INFO Save best model: monitor(max)=0.826533
2024-09-23 08:29:13,725 P247601 INFO ************ Epoch=4 end ************
2024-09-23 08:29:59,870 P247601 INFO Train loss: 0.362645
2024-09-23 08:29:59,870 P247601 INFO Evaluation @epoch 5 - batch 171: 
2024-09-23 08:30:03,074 P247601 INFO [Metrics] AUC: 0.827668 - logloss: 0.337958
2024-09-23 08:30:03,075 P247601 INFO Save best model: monitor(max)=0.827668
2024-09-23 08:30:03,161 P247601 INFO ************ Epoch=5 end ************
2024-09-23 08:30:50,749 P247601 INFO Train loss: 0.361150
2024-09-23 08:30:50,750 P247601 INFO Evaluation @epoch 6 - batch 171: 
2024-09-23 08:30:53,879 P247601 INFO [Metrics] AUC: 0.830256 - logloss: 0.335681
2024-09-23 08:30:53,880 P247601 INFO Save best model: monitor(max)=0.830256
2024-09-23 08:30:53,995 P247601 INFO ************ Epoch=6 end ************
2024-09-23 08:31:40,425 P247601 INFO Train loss: 0.360333
2024-09-23 08:31:40,426 P247601 INFO Evaluation @epoch 7 - batch 171: 
2024-09-23 08:31:43,579 P247601 INFO [Metrics] AUC: 0.833129 - logloss: 0.333522
2024-09-23 08:31:43,580 P247601 INFO Save best model: monitor(max)=0.833129
2024-09-23 08:31:43,654 P247601 INFO ************ Epoch=7 end ************
2024-09-23 08:32:29,983 P247601 INFO Train loss: 0.358959
2024-09-23 08:32:29,983 P247601 INFO Evaluation @epoch 8 - batch 171: 
2024-09-23 08:32:33,149 P247601 INFO [Metrics] AUC: 0.834046 - logloss: 0.332742
2024-09-23 08:32:33,149 P247601 INFO Save best model: monitor(max)=0.834046
2024-09-23 08:32:33,224 P247601 INFO ************ Epoch=8 end ************
2024-09-23 08:33:20,173 P247601 INFO Train loss: 0.357555
2024-09-23 08:33:20,173 P247601 INFO Evaluation @epoch 9 - batch 171: 
2024-09-23 08:33:23,314 P247601 INFO [Metrics] AUC: 0.835522 - logloss: 0.331623
2024-09-23 08:33:23,316 P247601 INFO Save best model: monitor(max)=0.835522
2024-09-23 08:33:23,446 P247601 INFO ************ Epoch=9 end ************
2024-09-23 08:34:08,402 P247601 INFO Train loss: 0.356909
2024-09-23 08:34:08,404 P247601 INFO Evaluation @epoch 10 - batch 171: 
2024-09-23 08:34:11,288 P247601 INFO [Metrics] AUC: 0.836405 - logloss: 0.331142
2024-09-23 08:34:11,289 P247601 INFO Save best model: monitor(max)=0.836405
2024-09-23 08:34:11,363 P247601 INFO ************ Epoch=10 end ************
2024-09-23 08:34:57,836 P247601 INFO Train loss: 0.355743
2024-09-23 08:34:57,837 P247601 INFO Evaluation @epoch 11 - batch 171: 
2024-09-23 08:35:00,991 P247601 INFO [Metrics] AUC: 0.838113 - logloss: 0.329873
2024-09-23 08:35:00,992 P247601 INFO Save best model: monitor(max)=0.838113
2024-09-23 08:35:01,077 P247601 INFO ************ Epoch=11 end ************
2024-09-23 08:35:48,934 P247601 INFO Train loss: 0.354667
2024-09-23 08:35:48,934 P247601 INFO Evaluation @epoch 12 - batch 171: 
2024-09-23 08:35:52,047 P247601 INFO [Metrics] AUC: 0.838887 - logloss: 0.329065
2024-09-23 08:35:52,048 P247601 INFO Save best model: monitor(max)=0.838887
2024-09-23 08:35:52,118 P247601 INFO ************ Epoch=12 end ************
2024-09-23 08:36:38,498 P247601 INFO Train loss: 0.353830
2024-09-23 08:36:38,499 P247601 INFO Evaluation @epoch 13 - batch 171: 
2024-09-23 08:36:41,561 P247601 INFO [Metrics] AUC: 0.839109 - logloss: 0.328967
2024-09-23 08:36:41,561 P247601 INFO Save best model: monitor(max)=0.839109
2024-09-23 08:36:41,648 P247601 INFO ************ Epoch=13 end ************
2024-09-23 08:37:28,343 P247601 INFO Train loss: 0.353238
2024-09-23 08:37:28,344 P247601 INFO Evaluation @epoch 14 - batch 171: 
2024-09-23 08:37:31,375 P247601 INFO [Metrics] AUC: 0.840669 - logloss: 0.327829
2024-09-23 08:37:31,389 P247601 INFO Save best model: monitor(max)=0.840669
2024-09-23 08:37:31,532 P247601 INFO ************ Epoch=14 end ************
2024-09-23 08:38:14,274 P247601 INFO Train loss: 0.352677
2024-09-23 08:38:14,275 P247601 INFO Evaluation @epoch 15 - batch 171: 
2024-09-23 08:38:17,415 P247601 INFO [Metrics] AUC: 0.839900 - logloss: 0.328204
2024-09-23 08:38:17,416 P247601 INFO Monitor(max)=0.839900 STOP!
2024-09-23 08:38:17,416 P247601 INFO Reduce learning rate on plateau: 0.000100
2024-09-23 08:38:17,485 P247601 INFO ************ Epoch=15 end ************
2024-09-23 08:39:05,921 P247601 INFO Train loss: 0.330657
2024-09-23 08:39:05,921 P247601 INFO Evaluation @epoch 16 - batch 171: 
2024-09-23 08:39:08,738 P247601 INFO [Metrics] AUC: 0.848190 - logloss: 0.321401
2024-09-23 08:39:08,739 P247601 INFO Save best model: monitor(max)=0.848190
2024-09-23 08:39:08,862 P247601 INFO ************ Epoch=16 end ************
2024-09-23 08:39:53,688 P247601 INFO Train loss: 0.319760
2024-09-23 08:39:53,689 P247601 INFO Evaluation @epoch 17 - batch 171: 
2024-09-23 08:39:56,815 P247601 INFO [Metrics] AUC: 0.851486 - logloss: 0.318803
2024-09-23 08:39:56,815 P247601 INFO Save best model: monitor(max)=0.851486
2024-09-23 08:39:56,894 P247601 INFO ************ Epoch=17 end ************
2024-09-23 08:40:43,913 P247601 INFO Train loss: 0.314645
2024-09-23 08:40:43,913 P247601 INFO Evaluation @epoch 18 - batch 171: 
2024-09-23 08:40:47,018 P247601 INFO [Metrics] AUC: 0.852524 - logloss: 0.317998
2024-09-23 08:40:47,020 P247601 INFO Save best model: monitor(max)=0.852524
2024-09-23 08:40:47,118 P247601 INFO ************ Epoch=18 end ************
2024-09-23 08:41:35,405 P247601 INFO Train loss: 0.310828
2024-09-23 08:41:35,406 P247601 INFO Evaluation @epoch 19 - batch 171: 
2024-09-23 08:41:38,362 P247601 INFO [Metrics] AUC: 0.852777 - logloss: 0.318263
2024-09-23 08:41:38,363 P247601 INFO Save best model: monitor(max)=0.852777
2024-09-23 08:41:38,460 P247601 INFO ************ Epoch=19 end ************
2024-09-23 08:42:24,566 P247601 INFO Train loss: 0.308518
2024-09-23 08:42:24,567 P247601 INFO Evaluation @epoch 20 - batch 171: 
2024-09-23 08:42:27,641 P247601 INFO [Metrics] AUC: 0.853141 - logloss: 0.318111
2024-09-23 08:42:27,641 P247601 INFO Save best model: monitor(max)=0.853141
2024-09-23 08:42:27,727 P247601 INFO ************ Epoch=20 end ************
2024-09-23 08:43:14,531 P247601 INFO Train loss: 0.306149
2024-09-23 08:43:14,544 P247601 INFO Evaluation @epoch 21 - batch 171: 
2024-09-23 08:43:17,443 P247601 INFO [Metrics] AUC: 0.852983 - logloss: 0.318172
2024-09-23 08:43:17,444 P247601 INFO Monitor(max)=0.852983 STOP!
2024-09-23 08:43:17,444 P247601 INFO Reduce learning rate on plateau: 0.000010
2024-09-23 08:43:17,504 P247601 INFO ************ Epoch=21 end ************
2024-09-23 08:44:05,193 P247601 INFO Train loss: 0.297229
2024-09-23 08:44:05,193 P247601 INFO Evaluation @epoch 22 - batch 171: 
2024-09-23 08:44:08,232 P247601 INFO [Metrics] AUC: 0.853150 - logloss: 0.318630
2024-09-23 08:44:08,232 P247601 INFO Save best model: monitor(max)=0.853150
2024-09-23 08:44:08,298 P247601 INFO ************ Epoch=22 end ************
2024-09-23 08:44:55,559 P247601 INFO Train loss: 0.296109
2024-09-23 08:44:55,559 P247601 INFO Evaluation @epoch 23 - batch 171: 
2024-09-23 08:44:58,714 P247601 INFO [Metrics] AUC: 0.853123 - logloss: 0.318926
2024-09-23 08:44:58,714 P247601 INFO Monitor(max)=0.853123 STOP!
2024-09-23 08:44:58,715 P247601 INFO Reduce learning rate on plateau: 0.000001
2024-09-23 08:44:58,779 P247601 INFO ************ Epoch=23 end ************
2024-09-23 08:45:45,791 P247601 INFO Train loss: 0.295025
2024-09-23 08:45:45,797 P247601 INFO Evaluation @epoch 24 - batch 171: 
2024-09-23 08:45:48,926 P247601 INFO [Metrics] AUC: 0.853128 - logloss: 0.318974
2024-09-23 08:45:48,927 P247601 INFO Monitor(max)=0.853128 STOP!
2024-09-23 08:45:48,927 P247601 INFO Reduce learning rate on plateau: 0.000001
2024-09-23 08:45:48,928 P247601 INFO ********* Epoch=24 early stop *********
2024-09-23 08:45:48,992 P247601 INFO Training finished.
2024-09-23 08:45:48,992 P247601 INFO Load best model: /workspace/checkpoints/ML_1M_7_x1/DCNv3_ML_1M_021_a9112779.model
2024-09-23 08:45:49,025 P247601 INFO ****** Validation evaluation ******
2024-09-23 08:45:52,183 P247601 INFO [Metrics] logloss: 0.318630 - AUC: 0.853150
2024-09-23 08:45:52,327 P247601 INFO ******** Test evaluation ********
2024-09-23 08:45:52,328 P247601 INFO Loading datasets...
2024-09-23 08:45:52,639 P247601 INFO Test samples: total/100022, blocks/1
2024-09-23 08:45:52,639 P247601 INFO Loading test data done.
2024-09-23 08:45:54,468 P247601 INFO [Metrics] logloss: 0.316890 - AUC: 0.853793
