2024-09-23 07:04:58,206 P218323 INFO FuxiCTR version: 2.3.2
2024-09-23 07:04:58,206 P218323 INFO Params: {
    "batch_norm": "True",
    "batch_size": "4096",
    "data_format": "csv",
    "data_root": "dataset/",
    "dataset_id": "ML_1M_7_x1",
    "debug_mode": "False",
    "deep_net_dropout": "0.3",
    "early_stop_patience": "2",
    "embedding_dim": "16",
    "embedding_regularizer": "0.01",
    "epochs": "100",
    "eval_steps": "None",
    "feature_cols": "[{'active': True, 'dtype': 'str', 'name': ['UserID', 'Gender', 'Age', 'Occupation', 'MovieID', 'Release'], 'type': 'categorical'}, {'active': True, 'dtype': 'str', 'encoder': 'MaskedSumPooling', 'max_len': 5, 'name': 'Genres', 'splitter': '^', 'type': 'sequence'}]",
    "feature_config": "None",
    "feature_specs": "None",
    "gpu": "0",
    "group_id": "None",
    "label_col": "{'dtype': 'float', 'name': 'Label'}",
    "layer_norm": "True",
    "learning_rate": "0.001",
    "loss": "binary_crossentropy",
    "metrics": "['logloss', 'AUC']",
    "min_categr_count": "1",
    "model": "DCNv3",
    "model_id": "DCNv3_ML_1M_016_072c23f3",
    "model_root": "./checkpoints/",
    "monitor": "{'AUC': 1, 'logloss': 0}",
    "monitor_mode": "max",
    "net_regularizer": "0",
    "num_deep_cross_layers": "1",
    "num_heads": "1",
    "num_shallow_cross_layers": "2",
    "num_workers": "4",
    "optimizer": "adam",
    "pickle_feature_encoder": "True",
    "save_best_only": "True",
    "seed": "2024",
    "shallow_net_dropout": "0.1",
    "shuffle": "True",
    "task": "binary_classification",
    "test_data": "dataset/ML_1M/test.csv",
    "train_data": "dataset/ML_1M/train.csv",
    "use_features": "None",
    "valid_data": "dataset/ML_1M/valid.csv",
    "verbose": "1"
}
2024-09-23 07:04:58,207 P218323 INFO Set up feature processor...
2024-09-23 07:04:58,208 P218323 WARNING Skip rebuilding dataset/ML_1M_7_x1/feature_map.json. Please delete it manually if rebuilding is required.
2024-09-23 07:04:58,208 P218323 INFO Load feature_map from json: dataset/ML_1M_7_x1/feature_map.json
2024-09-23 07:04:58,208 P218323 INFO Set column index...
2024-09-23 07:04:58,208 P218323 INFO Feature specs: {
    "Age": "{'source': '', 'type': 'categorical', 'padding_idx': 0, 'vocab_size': 9}",
    "Gender": "{'source': '', 'type': 'categorical', 'padding_idx': 0, 'vocab_size': 4}",
    "Genres": "{'source': '', 'type': 'sequence', 'feature_encoder': 'layers.MaskedAveragePooling()', 'padding_idx': 0, 'max_len': 5, 'vocab_size': 302}",
    "MovieID": "{'source': '', 'type': 'categorical', 'padding_idx': 0, 'vocab_size': 3659}",
    "Occupation": "{'source': '', 'type': 'categorical', 'padding_idx': 0, 'vocab_size': 23}",
    "Release": "{'source': '', 'type': 'categorical', 'padding_idx': 0, 'vocab_size': 83}",
    "UserID": "{'source': '', 'type': 'categorical', 'padding_idx': 0, 'vocab_size': 6042}"
}
2024-09-23 07:04:59,630 P218323 INFO Total number of parameters: 181672.
2024-09-23 07:04:59,631 P218323 INFO Loading datasets...
2024-09-23 07:05:01,708 P218323 INFO Train samples: total/700146, blocks/1
2024-09-23 07:05:02,052 P218323 INFO Validation samples: total/200041, blocks/1
2024-09-23 07:05:02,052 P218323 INFO Loading train and validation data done.
2024-09-23 07:05:02,052 P218323 INFO Start training: 171 batches/epoch
2024-09-23 07:05:02,053 P218323 INFO ************ Epoch=1 start ************
2024-09-23 07:05:44,304 P218323 INFO Train loss: 0.437239
2024-09-23 07:05:44,305 P218323 INFO Evaluation @epoch 1 - batch 171: 
2024-09-23 07:05:47,017 P218323 INFO [Metrics] AUC: 0.806082 - logloss: 0.356052
2024-09-23 07:05:47,018 P218323 INFO Save best model: monitor(max)=0.806082
2024-09-23 07:05:47,059 P218323 INFO ************ Epoch=1 end ************
2024-09-23 07:06:31,384 P218323 INFO Train loss: 0.377729
2024-09-23 07:06:31,384 P218323 INFO Evaluation @epoch 2 - batch 171: 
2024-09-23 07:06:34,242 P218323 INFO [Metrics] AUC: 0.816662 - logloss: 0.346818
2024-09-23 07:06:34,243 P218323 INFO Save best model: monitor(max)=0.816662
2024-09-23 07:06:34,312 P218323 INFO ************ Epoch=2 end ************
2024-09-23 07:07:17,872 P218323 INFO Train loss: 0.369221
2024-09-23 07:07:17,872 P218323 INFO Evaluation @epoch 3 - batch 171: 
2024-09-23 07:07:20,150 P218323 INFO [Metrics] AUC: 0.822432 - logloss: 0.342023
2024-09-23 07:07:20,151 P218323 INFO Save best model: monitor(max)=0.822432
2024-09-23 07:07:20,217 P218323 INFO ************ Epoch=3 end ************
2024-09-23 07:08:02,609 P218323 INFO Train loss: 0.364552
2024-09-23 07:08:02,609 P218323 INFO Evaluation @epoch 4 - batch 171: 
2024-09-23 07:08:05,418 P218323 INFO [Metrics] AUC: 0.826112 - logloss: 0.339646
2024-09-23 07:08:05,418 P218323 INFO Save best model: monitor(max)=0.826112
2024-09-23 07:08:05,486 P218323 INFO ************ Epoch=4 end ************
2024-09-23 07:08:50,001 P218323 INFO Train loss: 0.361670
2024-09-23 07:08:50,001 P218323 INFO Evaluation @epoch 5 - batch 171: 
2024-09-23 07:08:52,787 P218323 INFO [Metrics] AUC: 0.831164 - logloss: 0.335535
2024-09-23 07:08:52,789 P218323 INFO Save best model: monitor(max)=0.831164
2024-09-23 07:08:52,851 P218323 INFO ************ Epoch=5 end ************
2024-09-23 07:09:37,487 P218323 INFO Train loss: 0.359255
2024-09-23 07:09:37,488 P218323 INFO Evaluation @epoch 6 - batch 171: 
2024-09-23 07:09:40,226 P218323 INFO [Metrics] AUC: 0.832777 - logloss: 0.334033
2024-09-23 07:09:40,227 P218323 INFO Save best model: monitor(max)=0.832777
2024-09-23 07:09:40,305 P218323 INFO ************ Epoch=6 end ************
2024-09-23 07:10:24,496 P218323 INFO Train loss: 0.357670
2024-09-23 07:10:24,497 P218323 INFO Evaluation @epoch 7 - batch 171: 
2024-09-23 07:10:27,274 P218323 INFO [Metrics] AUC: 0.834705 - logloss: 0.332562
2024-09-23 07:10:27,274 P218323 INFO Save best model: monitor(max)=0.834705
2024-09-23 07:10:27,344 P218323 INFO ************ Epoch=7 end ************
2024-09-23 07:11:11,921 P218323 INFO Train loss: 0.356342
2024-09-23 07:11:11,922 P218323 INFO Evaluation @epoch 8 - batch 171: 
2024-09-23 07:11:14,765 P218323 INFO [Metrics] AUC: 0.836679 - logloss: 0.331023
2024-09-23 07:11:14,766 P218323 INFO Save best model: monitor(max)=0.836679
2024-09-23 07:11:14,855 P218323 INFO ************ Epoch=8 end ************
2024-09-23 07:11:55,192 P218323 INFO Train loss: 0.355574
2024-09-23 07:11:55,193 P218323 INFO Evaluation @epoch 9 - batch 171: 
2024-09-23 07:11:58,052 P218323 INFO [Metrics] AUC: 0.836931 - logloss: 0.330675
2024-09-23 07:11:58,053 P218323 INFO Save best model: monitor(max)=0.836931
2024-09-23 07:11:58,128 P218323 INFO ************ Epoch=9 end ************
2024-09-23 07:12:42,566 P218323 INFO Train loss: 0.354405
2024-09-23 07:12:42,566 P218323 INFO Evaluation @epoch 10 - batch 171: 
2024-09-23 07:12:45,418 P218323 INFO [Metrics] AUC: 0.837714 - logloss: 0.330249
2024-09-23 07:12:45,419 P218323 INFO Save best model: monitor(max)=0.837714
2024-09-23 07:12:45,486 P218323 INFO ************ Epoch=10 end ************
2024-09-23 07:13:29,924 P218323 INFO Train loss: 0.353768
2024-09-23 07:13:29,924 P218323 INFO Evaluation @epoch 11 - batch 171: 
2024-09-23 07:13:32,749 P218323 INFO [Metrics] AUC: 0.839094 - logloss: 0.329304
2024-09-23 07:13:32,750 P218323 INFO Save best model: monitor(max)=0.839094
2024-09-23 07:13:32,819 P218323 INFO ************ Epoch=11 end ************
2024-09-23 07:14:17,566 P218323 INFO Train loss: 0.353608
2024-09-23 07:14:17,566 P218323 INFO Evaluation @epoch 12 - batch 171: 
2024-09-23 07:14:20,394 P218323 INFO [Metrics] AUC: 0.841023 - logloss: 0.327683
2024-09-23 07:14:20,395 P218323 INFO Save best model: monitor(max)=0.841023
2024-09-23 07:14:20,466 P218323 INFO ************ Epoch=12 end ************
2024-09-23 07:15:04,891 P218323 INFO Train loss: 0.352865
2024-09-23 07:15:04,891 P218323 INFO Evaluation @epoch 13 - batch 171: 
2024-09-23 07:15:07,702 P218323 INFO [Metrics] AUC: 0.840830 - logloss: 0.327580
2024-09-23 07:15:07,703 P218323 INFO Monitor(max)=0.840830 STOP!
2024-09-23 07:15:07,704 P218323 INFO Reduce learning rate on plateau: 0.000100
2024-09-23 07:15:07,760 P218323 INFO ************ Epoch=13 end ************
2024-09-23 07:15:52,379 P218323 INFO Train loss: 0.328904
2024-09-23 07:15:52,379 P218323 INFO Evaluation @epoch 14 - batch 171: 
2024-09-23 07:15:55,194 P218323 INFO [Metrics] AUC: 0.849695 - logloss: 0.320414
2024-09-23 07:15:55,196 P218323 INFO Save best model: monitor(max)=0.849695
2024-09-23 07:15:55,280 P218323 INFO ************ Epoch=14 end ************
2024-09-23 07:16:40,019 P218323 INFO Train loss: 0.316669
2024-09-23 07:16:40,019 P218323 INFO Evaluation @epoch 15 - batch 171: 
2024-09-23 07:16:42,912 P218323 INFO [Metrics] AUC: 0.852844 - logloss: 0.317917
2024-09-23 07:16:42,913 P218323 INFO Save best model: monitor(max)=0.852844
2024-09-23 07:16:42,980 P218323 INFO ************ Epoch=15 end ************
2024-09-23 07:17:23,477 P218323 INFO Train loss: 0.310433
2024-09-23 07:17:23,478 P218323 INFO Evaluation @epoch 16 - batch 171: 
2024-09-23 07:17:26,442 P218323 INFO [Metrics] AUC: 0.853952 - logloss: 0.317568
2024-09-23 07:17:26,443 P218323 INFO Save best model: monitor(max)=0.853952
2024-09-23 07:17:26,521 P218323 INFO ************ Epoch=16 end ************
2024-09-23 07:18:11,594 P218323 INFO Train loss: 0.306110
2024-09-23 07:18:11,595 P218323 INFO Evaluation @epoch 17 - batch 171: 
2024-09-23 07:18:14,369 P218323 INFO [Metrics] AUC: 0.853558 - logloss: 0.318230
2024-09-23 07:18:14,370 P218323 INFO Monitor(max)=0.853558 STOP!
2024-09-23 07:18:14,370 P218323 INFO Reduce learning rate on plateau: 0.000010
2024-09-23 07:18:14,442 P218323 INFO ************ Epoch=17 end ************
2024-09-23 07:18:58,467 P218323 INFO Train loss: 0.294760
2024-09-23 07:18:58,468 P218323 INFO Evaluation @epoch 18 - batch 171: 
2024-09-23 07:19:01,308 P218323 INFO [Metrics] AUC: 0.853789 - logloss: 0.318632
2024-09-23 07:19:01,309 P218323 INFO Monitor(max)=0.853789 STOP!
2024-09-23 07:19:01,309 P218323 INFO Reduce learning rate on plateau: 0.000001
2024-09-23 07:19:01,309 P218323 INFO ********* Epoch=18 early stop *********
2024-09-23 07:19:01,364 P218323 INFO Training finished.
2024-09-23 07:19:01,365 P218323 INFO Load best model: /workspace/checkpoints/ML_1M_7_x1/DCNv3_ML_1M_016_072c23f3.model
2024-09-23 07:19:01,391 P218323 INFO ****** Validation evaluation ******
2024-09-23 07:19:04,229 P218323 INFO [Metrics] logloss: 0.317568 - AUC: 0.853952
2024-09-23 07:19:04,360 P218323 INFO ******** Test evaluation ********
2024-09-23 07:19:04,360 P218323 INFO Loading datasets...
2024-09-23 07:19:04,654 P218323 INFO Test samples: total/100022, blocks/1
2024-09-23 07:19:04,654 P218323 INFO Loading test data done.
2024-09-23 07:19:06,161 P218323 INFO [Metrics] logloss: 0.316748 - AUC: 0.853567
