2024-09-23 03:15:44,110 P134737 INFO FuxiCTR version: 2.3.2
2024-09-23 03:15:44,111 P134737 INFO Params: {
    "batch_norm": "True",
    "batch_size": "4096",
    "data_format": "csv",
    "data_root": "dataset/",
    "dataset_id": "ML_1M_7_x1",
    "debug_mode": "False",
    "deep_net_dropout": "0.2",
    "early_stop_patience": "2",
    "embedding_dim": "16",
    "embedding_regularizer": "0.01",
    "epochs": "100",
    "eval_steps": "None",
    "feature_cols": "[{'active': True, 'dtype': 'str', 'name': ['UserID', 'Gender', 'Age', 'Occupation', 'MovieID', 'Release'], 'type': 'categorical'}, {'active': True, 'dtype': 'str', 'encoder': 'MaskedSumPooling', 'max_len': 5, 'name': 'Genres', 'splitter': '^', 'type': 'sequence'}]",
    "feature_config": "None",
    "feature_specs": "None",
    "gpu": "0",
    "group_id": "None",
    "label_col": "{'dtype': 'float', 'name': 'Label'}",
    "layer_norm": "True",
    "learning_rate": "0.001",
    "loss": "binary_crossentropy",
    "metrics": "['logloss', 'AUC']",
    "min_categr_count": "1",
    "model": "DCNv3",
    "model_id": "DCNv3_ML_1M_005_29b85096",
    "model_root": "./checkpoints/",
    "monitor": "{'AUC': 1, 'logloss': 0}",
    "monitor_mode": "max",
    "net_regularizer": "0",
    "num_deep_cross_layers": "1",
    "num_heads": "1",
    "num_shallow_cross_layers": "1",
    "num_workers": "4",
    "optimizer": "adam",
    "pickle_feature_encoder": "True",
    "save_best_only": "True",
    "seed": "2024",
    "shallow_net_dropout": "0.2",
    "shuffle": "True",
    "task": "binary_classification",
    "test_data": "dataset/ML_1M/test.csv",
    "train_data": "dataset/ML_1M/train.csv",
    "use_features": "None",
    "valid_data": "dataset/ML_1M/valid.csv",
    "verbose": "1"
}
2024-09-23 03:15:44,112 P134737 INFO Set up feature processor...
2024-09-23 03:15:44,112 P134737 WARNING Skip rebuilding dataset/ML_1M_7_x1/feature_map.json. Please delete it manually if rebuilding is required.
2024-09-23 03:15:44,113 P134737 INFO Load feature_map from json: dataset/ML_1M_7_x1/feature_map.json
2024-09-23 03:15:44,113 P134737 INFO Set column index...
2024-09-23 03:15:44,113 P134737 INFO Feature specs: {
    "Age": "{'source': '', 'type': 'categorical', 'padding_idx': 0, 'vocab_size': 9}",
    "Gender": "{'source': '', 'type': 'categorical', 'padding_idx': 0, 'vocab_size': 4}",
    "Genres": "{'source': '', 'type': 'sequence', 'feature_encoder': 'layers.MaskedAveragePooling()', 'padding_idx': 0, 'max_len': 5, 'vocab_size': 302}",
    "MovieID": "{'source': '', 'type': 'categorical', 'padding_idx': 0, 'vocab_size': 3659}",
    "Occupation": "{'source': '', 'type': 'categorical', 'padding_idx': 0, 'vocab_size': 23}",
    "Release": "{'source': '', 'type': 'categorical', 'padding_idx': 0, 'vocab_size': 83}",
    "UserID": "{'source': '', 'type': 'categorical', 'padding_idx': 0, 'vocab_size': 6042}"
}
2024-09-23 03:15:45,479 P134737 INFO Total number of parameters: 175174.
2024-09-23 03:15:45,479 P134737 INFO Loading datasets...
2024-09-23 03:15:47,441 P134737 INFO Train samples: total/700146, blocks/1
2024-09-23 03:15:47,792 P134737 INFO Validation samples: total/200041, blocks/1
2024-09-23 03:15:47,792 P134737 INFO Loading train and validation data done.
2024-09-23 03:15:47,793 P134737 INFO Start training: 171 batches/epoch
2024-09-23 03:15:47,793 P134737 INFO ************ Epoch=1 start ************
2024-09-23 03:16:30,243 P134737 INFO Train loss: 0.454265
2024-09-23 03:16:30,244 P134737 INFO Evaluation @epoch 1 - batch 171: 
2024-09-23 03:16:32,767 P134737 INFO [Metrics] AUC: 0.798595 - logloss: 0.362371
2024-09-23 03:16:32,767 P134737 INFO Save best model: monitor(max)=0.798595
2024-09-23 03:16:32,818 P134737 INFO ************ Epoch=1 end ************
2024-09-23 03:17:14,381 P134737 INFO Train loss: 0.383450
2024-09-23 03:17:14,381 P134737 INFO Evaluation @epoch 2 - batch 171: 
2024-09-23 03:17:16,847 P134737 INFO [Metrics] AUC: 0.810829 - logloss: 0.350997
2024-09-23 03:17:16,848 P134737 INFO Save best model: monitor(max)=0.810829
2024-09-23 03:17:16,930 P134737 INFO ************ Epoch=2 end ************
2024-09-23 03:17:57,954 P134737 INFO Train loss: 0.372196
2024-09-23 03:17:57,954 P134737 INFO Evaluation @epoch 3 - batch 171: 
2024-09-23 03:18:00,536 P134737 INFO [Metrics] AUC: 0.817173 - logloss: 0.346108
2024-09-23 03:18:00,536 P134737 INFO Save best model: monitor(max)=0.817173
2024-09-23 03:18:00,611 P134737 INFO ************ Epoch=3 end ************
2024-09-23 03:18:42,393 P134737 INFO Train loss: 0.367032
2024-09-23 03:18:42,393 P134737 INFO Evaluation @epoch 4 - batch 171: 
2024-09-23 03:18:44,870 P134737 INFO [Metrics] AUC: 0.821026 - logloss: 0.342857
2024-09-23 03:18:44,870 P134737 INFO Save best model: monitor(max)=0.821026
2024-09-23 03:18:44,958 P134737 INFO ************ Epoch=4 end ************
2024-09-23 03:19:21,332 P134737 INFO Train loss: 0.363599
2024-09-23 03:19:21,332 P134737 INFO Evaluation @epoch 5 - batch 171: 
2024-09-23 03:19:23,445 P134737 INFO [Metrics] AUC: 0.823790 - logloss: 0.340659
2024-09-23 03:19:23,446 P134737 INFO Save best model: monitor(max)=0.823790
2024-09-23 03:19:23,522 P134737 INFO ************ Epoch=5 end ************
2024-09-23 03:20:02,220 P134737 INFO Train loss: 0.361691
2024-09-23 03:20:02,220 P134737 INFO Evaluation @epoch 6 - batch 171: 
2024-09-23 03:20:04,686 P134737 INFO [Metrics] AUC: 0.825961 - logloss: 0.338989
2024-09-23 03:20:04,687 P134737 INFO Save best model: monitor(max)=0.825961
2024-09-23 03:20:04,761 P134737 INFO ************ Epoch=6 end ************
2024-09-23 03:20:46,519 P134737 INFO Train loss: 0.360377
2024-09-23 03:20:46,519 P134737 INFO Evaluation @epoch 7 - batch 171: 
2024-09-23 03:20:49,059 P134737 INFO [Metrics] AUC: 0.826905 - logloss: 0.338483
2024-09-23 03:20:49,060 P134737 INFO Save best model: monitor(max)=0.826905
2024-09-23 03:20:49,129 P134737 INFO ************ Epoch=7 end ************
2024-09-23 03:21:29,472 P134737 INFO Train loss: 0.359122
2024-09-23 03:21:29,472 P134737 INFO Evaluation @epoch 8 - batch 171: 
2024-09-23 03:21:31,832 P134737 INFO [Metrics] AUC: 0.828615 - logloss: 0.336975
2024-09-23 03:21:31,833 P134737 INFO Save best model: monitor(max)=0.828615
2024-09-23 03:21:31,896 P134737 INFO ************ Epoch=8 end ************
2024-09-23 03:22:13,754 P134737 INFO Train loss: 0.358399
2024-09-23 03:22:13,755 P134737 INFO Evaluation @epoch 9 - batch 171: 
2024-09-23 03:22:16,299 P134737 INFO [Metrics] AUC: 0.830750 - logloss: 0.335147
2024-09-23 03:22:16,300 P134737 INFO Save best model: monitor(max)=0.830750
2024-09-23 03:22:16,380 P134737 INFO ************ Epoch=9 end ************
2024-09-23 03:22:57,411 P134737 INFO Train loss: 0.357461
2024-09-23 03:22:57,412 P134737 INFO Evaluation @epoch 10 - batch 171: 
2024-09-23 03:22:59,959 P134737 INFO [Metrics] AUC: 0.832187 - logloss: 0.334357
2024-09-23 03:22:59,959 P134737 INFO Save best model: monitor(max)=0.832187
2024-09-23 03:23:00,046 P134737 INFO ************ Epoch=10 end ************
2024-09-23 03:23:41,488 P134737 INFO Train loss: 0.356395
2024-09-23 03:23:41,489 P134737 INFO Evaluation @epoch 11 - batch 171: 
2024-09-23 03:23:44,071 P134737 INFO [Metrics] AUC: 0.833107 - logloss: 0.333610
2024-09-23 03:23:44,072 P134737 INFO Save best model: monitor(max)=0.833107
2024-09-23 03:23:44,166 P134737 INFO ************ Epoch=11 end ************
2024-09-23 03:24:25,701 P134737 INFO Train loss: 0.355820
2024-09-23 03:24:25,702 P134737 INFO Evaluation @epoch 12 - batch 171: 
2024-09-23 03:24:28,210 P134737 INFO [Metrics] AUC: 0.834470 - logloss: 0.332455
2024-09-23 03:24:28,211 P134737 INFO Save best model: monitor(max)=0.834470
2024-09-23 03:24:28,297 P134737 INFO ************ Epoch=12 end ************
2024-09-23 03:25:08,874 P134737 INFO Train loss: 0.355145
2024-09-23 03:25:08,875 P134737 INFO Evaluation @epoch 13 - batch 171: 
2024-09-23 03:25:11,399 P134737 INFO [Metrics] AUC: 0.835373 - logloss: 0.331657
2024-09-23 03:25:11,400 P134737 INFO Save best model: monitor(max)=0.835373
2024-09-23 03:25:11,473 P134737 INFO ************ Epoch=13 end ************
2024-09-23 03:25:53,269 P134737 INFO Train loss: 0.354742
2024-09-23 03:25:53,269 P134737 INFO Evaluation @epoch 14 - batch 171: 
2024-09-23 03:25:55,666 P134737 INFO [Metrics] AUC: 0.835702 - logloss: 0.331753
2024-09-23 03:25:55,667 P134737 INFO Save best model: monitor(max)=0.835702
2024-09-23 03:25:55,738 P134737 INFO ************ Epoch=14 end ************
2024-09-23 03:26:36,718 P134737 INFO Train loss: 0.353761
2024-09-23 03:26:36,719 P134737 INFO Evaluation @epoch 15 - batch 171: 
2024-09-23 03:26:39,203 P134737 INFO [Metrics] AUC: 0.837204 - logloss: 0.330141
2024-09-23 03:26:39,203 P134737 INFO Save best model: monitor(max)=0.837204
2024-09-23 03:26:39,270 P134737 INFO ************ Epoch=15 end ************
2024-09-23 03:27:20,629 P134737 INFO Train loss: 0.353358
2024-09-23 03:27:20,629 P134737 INFO Evaluation @epoch 16 - batch 171: 
2024-09-23 03:27:23,124 P134737 INFO [Metrics] AUC: 0.837418 - logloss: 0.330185
2024-09-23 03:27:23,125 P134737 INFO Save best model: monitor(max)=0.837418
2024-09-23 03:27:23,212 P134737 INFO ************ Epoch=16 end ************
2024-09-23 03:28:04,756 P134737 INFO Train loss: 0.352807
2024-09-23 03:28:04,757 P134737 INFO Evaluation @epoch 17 - batch 171: 
2024-09-23 03:28:07,195 P134737 INFO [Metrics] AUC: 0.839929 - logloss: 0.328363
2024-09-23 03:28:07,196 P134737 INFO Save best model: monitor(max)=0.839929
2024-09-23 03:28:07,281 P134737 INFO ************ Epoch=17 end ************
2024-09-23 03:28:44,937 P134737 INFO Train loss: 0.352041
2024-09-23 03:28:44,937 P134737 INFO Evaluation @epoch 18 - batch 171: 
2024-09-23 03:28:47,488 P134737 INFO [Metrics] AUC: 0.839265 - logloss: 0.328999
2024-09-23 03:28:47,489 P134737 INFO Monitor(max)=0.839265 STOP!
2024-09-23 03:28:47,489 P134737 INFO Reduce learning rate on plateau: 0.000100
2024-09-23 03:28:47,565 P134737 INFO ************ Epoch=18 end ************
2024-09-23 03:29:28,504 P134737 INFO Train loss: 0.331569
2024-09-23 03:29:28,504 P134737 INFO Evaluation @epoch 19 - batch 171: 
2024-09-23 03:29:30,974 P134737 INFO [Metrics] AUC: 0.847399 - logloss: 0.321932
2024-09-23 03:29:30,975 P134737 INFO Save best model: monitor(max)=0.847399
2024-09-23 03:29:31,045 P134737 INFO ************ Epoch=19 end ************
2024-09-23 03:30:12,467 P134737 INFO Train loss: 0.321768
2024-09-23 03:30:12,467 P134737 INFO Evaluation @epoch 20 - batch 171: 
2024-09-23 03:30:15,017 P134737 INFO [Metrics] AUC: 0.850273 - logloss: 0.319701
2024-09-23 03:30:15,018 P134737 INFO Save best model: monitor(max)=0.850273
2024-09-23 03:30:15,088 P134737 INFO ************ Epoch=20 end ************
2024-09-23 03:30:56,590 P134737 INFO Train loss: 0.317501
2024-09-23 03:30:56,590 P134737 INFO Evaluation @epoch 21 - batch 171: 
2024-09-23 03:30:59,176 P134737 INFO [Metrics] AUC: 0.851405 - logloss: 0.318809
2024-09-23 03:30:59,177 P134737 INFO Save best model: monitor(max)=0.851405
2024-09-23 03:30:59,247 P134737 INFO ************ Epoch=21 end ************
2024-09-23 03:31:40,480 P134737 INFO Train loss: 0.314557
2024-09-23 03:31:40,481 P134737 INFO Evaluation @epoch 22 - batch 171: 
2024-09-23 03:31:43,064 P134737 INFO [Metrics] AUC: 0.851999 - logloss: 0.318395
2024-09-23 03:31:43,064 P134737 INFO Save best model: monitor(max)=0.851999
2024-09-23 03:31:43,147 P134737 INFO ************ Epoch=22 end ************
2024-09-23 03:32:22,965 P134737 INFO Train loss: 0.312609
2024-09-23 03:32:22,966 P134737 INFO Evaluation @epoch 23 - batch 171: 
2024-09-23 03:32:25,443 P134737 INFO [Metrics] AUC: 0.852286 - logloss: 0.318306
2024-09-23 03:32:25,444 P134737 INFO Save best model: monitor(max)=0.852286
2024-09-23 03:32:25,510 P134737 INFO ************ Epoch=23 end ************
2024-09-23 03:33:07,002 P134737 INFO Train loss: 0.310697
2024-09-23 03:33:07,002 P134737 INFO Evaluation @epoch 24 - batch 171: 
2024-09-23 03:33:09,512 P134737 INFO [Metrics] AUC: 0.852439 - logloss: 0.318315
2024-09-23 03:33:09,513 P134737 INFO Save best model: monitor(max)=0.852439
2024-09-23 03:33:09,627 P134737 INFO ************ Epoch=24 end ************
2024-09-23 03:33:50,876 P134737 INFO Train loss: 0.309048
2024-09-23 03:33:50,876 P134737 INFO Evaluation @epoch 25 - batch 171: 
2024-09-23 03:33:53,289 P134737 INFO [Metrics] AUC: 0.852519 - logloss: 0.318152
2024-09-23 03:33:53,289 P134737 INFO Save best model: monitor(max)=0.852519
2024-09-23 03:33:53,367 P134737 INFO ************ Epoch=25 end ************
2024-09-23 03:34:34,574 P134737 INFO Train loss: 0.307836
2024-09-23 03:34:34,575 P134737 INFO Evaluation @epoch 26 - batch 171: 
2024-09-23 03:34:37,053 P134737 INFO [Metrics] AUC: 0.852505 - logloss: 0.318241
2024-09-23 03:34:37,053 P134737 INFO Monitor(max)=0.852505 STOP!
2024-09-23 03:34:37,053 P134737 INFO Reduce learning rate on plateau: 0.000010
2024-09-23 03:34:37,114 P134737 INFO ************ Epoch=26 end ************
2024-09-23 03:35:18,118 P134737 INFO Train loss: 0.299820
2024-09-23 03:35:18,119 P134737 INFO Evaluation @epoch 27 - batch 171: 
2024-09-23 03:35:20,563 P134737 INFO [Metrics] AUC: 0.852659 - logloss: 0.318568
2024-09-23 03:35:20,563 P134737 INFO Save best model: monitor(max)=0.852659
2024-09-23 03:35:20,632 P134737 INFO ************ Epoch=27 end ************
2024-09-23 03:36:02,408 P134737 INFO Train loss: 0.299277
2024-09-23 03:36:02,408 P134737 INFO Evaluation @epoch 28 - batch 171: 
2024-09-23 03:36:04,872 P134737 INFO [Metrics] AUC: 0.852668 - logloss: 0.318654
2024-09-23 03:36:04,873 P134737 INFO Save best model: monitor(max)=0.852668
2024-09-23 03:36:04,939 P134737 INFO ************ Epoch=28 end ************
2024-09-23 03:36:46,100 P134737 INFO Train loss: 0.298790
2024-09-23 03:36:46,101 P134737 INFO Evaluation @epoch 29 - batch 171: 
2024-09-23 03:36:48,549 P134737 INFO [Metrics] AUC: 0.852671 - logloss: 0.318755
2024-09-23 03:36:48,550 P134737 INFO Save best model: monitor(max)=0.852671
2024-09-23 03:36:48,617 P134737 INFO ************ Epoch=29 end ************
2024-09-23 03:37:30,017 P134737 INFO Train loss: 0.298628
2024-09-23 03:37:30,018 P134737 INFO Evaluation @epoch 30 - batch 171: 
2024-09-23 03:37:32,462 P134737 INFO [Metrics] AUC: 0.852681 - logloss: 0.318839
2024-09-23 03:37:32,463 P134737 INFO Save best model: monitor(max)=0.852681
2024-09-23 03:37:32,542 P134737 INFO ************ Epoch=30 end ************
2024-09-23 03:38:13,928 P134737 INFO Train loss: 0.298107
2024-09-23 03:38:13,929 P134737 INFO Evaluation @epoch 31 - batch 171: 
2024-09-23 03:38:16,457 P134737 INFO [Metrics] AUC: 0.852672 - logloss: 0.318785
2024-09-23 03:38:16,458 P134737 INFO Monitor(max)=0.852672 STOP!
2024-09-23 03:38:16,459 P134737 INFO Reduce learning rate on plateau: 0.000001
2024-09-23 03:38:16,547 P134737 INFO ************ Epoch=31 end ************
2024-09-23 03:38:57,511 P134737 INFO Train loss: 0.297208
2024-09-23 03:38:57,512 P134737 INFO Evaluation @epoch 32 - batch 171: 
2024-09-23 03:39:00,080 P134737 INFO [Metrics] AUC: 0.852675 - logloss: 0.318819
2024-09-23 03:39:00,081 P134737 INFO Monitor(max)=0.852675 STOP!
2024-09-23 03:39:00,081 P134737 INFO Reduce learning rate on plateau: 0.000001
2024-09-23 03:39:00,081 P134737 INFO ********* Epoch=32 early stop *********
2024-09-23 03:39:00,144 P134737 INFO Training finished.
2024-09-23 03:39:00,145 P134737 INFO Load best model: /workspace/checkpoints/ML_1M_7_x1/DCNv3_ML_1M_005_29b85096.model
2024-09-23 03:39:00,166 P134737 INFO ****** Validation evaluation ******
2024-09-23 03:39:02,691 P134737 INFO [Metrics] logloss: 0.318839 - AUC: 0.852681
2024-09-23 03:39:02,846 P134737 INFO ******** Test evaluation ********
2024-09-23 03:39:02,846 P134737 INFO Loading datasets...
2024-09-23 03:39:03,129 P134737 INFO Test samples: total/100022, blocks/1
2024-09-23 03:39:03,129 P134737 INFO Loading test data done.
2024-09-23 03:39:04,490 P134737 INFO [Metrics] logloss: 0.317556 - AUC: 0.852840
