2024-09-23 21:32:04,805 P359225 INFO FuxiCTR version: 2.3.2
2024-09-23 21:32:04,805 P359225 INFO Params: {
    "batch_norm": "True",
    "batch_size": "4096",
    "data_format": "csv",
    "data_root": "dataset/",
    "dataset_id": "ML_1M_7_x1",
    "debug_mode": "False",
    "deep_net_dropout": "0.3",
    "early_stop_patience": "2",
    "embedding_dim": "16",
    "embedding_regularizer": "0.01",
    "epochs": "100",
    "eval_steps": "None",
    "feature_cols": "[{'active': True, 'dtype': 'str', 'name': ['UserID', 'Gender', 'Age', 'Occupation', 'MovieID', 'Release'], 'type': 'categorical'}, {'active': True, 'dtype': 'str', 'encoder': 'MaskedSumPooling', 'max_len': 5, 'name': 'Genres', 'splitter': '^', 'type': 'sequence'}]",
    "feature_config": "None",
    "feature_specs": "None",
    "gpu": "0",
    "group_id": "None",
    "label_col": "{'dtype': 'float', 'name': 'Label'}",
    "layer_norm": "True",
    "learning_rate": "0.001",
    "loss": "binary_crossentropy",
    "metrics": "['logloss', 'AUC']",
    "min_categr_count": "1",
    "model": "IGDCNv3",
    "model_id": "IGDCNv3_ML_1M_009_dfc4cc4e",
    "model_root": "./checkpoints/",
    "monitor": "{'AUC': 1, 'logloss': 0}",
    "monitor_mode": "max",
    "net_regularizer": "0",
    "num_deep_cross_layers": "1",
    "num_heads": "1",
    "num_shallow_cross_layers": "1",
    "num_workers": "4",
    "optimizer": "adam",
    "pickle_feature_encoder": "True",
    "save_best_only": "True",
    "seed": "2024",
    "shallow_net_dropout": "0.3",
    "shuffle": "True",
    "task": "binary_classification",
    "test_data": "dataset/ML_1M/test.csv",
    "train_data": "dataset/ML_1M/train.csv",
    "use_features": "None",
    "valid_data": "dataset/ML_1M/valid.csv",
    "verbose": "1"
}
2024-09-23 21:32:04,806 P359225 INFO Set up feature processor...
2024-09-23 21:32:04,806 P359225 WARNING Skip rebuilding dataset/ML_1M_7_x1/feature_map.json. Please delete it manually if rebuilding is required.
2024-09-23 21:32:04,806 P359225 INFO Load feature_map from json: dataset/ML_1M_7_x1/feature_map.json
2024-09-23 21:32:04,807 P359225 INFO Set column index...
2024-09-23 21:32:04,807 P359225 INFO Feature specs: {
    "Age": "{'source': '', 'type': 'categorical', 'padding_idx': 0, 'vocab_size': 9}",
    "Gender": "{'source': '', 'type': 'categorical', 'padding_idx': 0, 'vocab_size': 4}",
    "Genres": "{'source': '', 'type': 'sequence', 'feature_encoder': 'layers.MaskedAveragePooling()', 'padding_idx': 0, 'max_len': 5, 'vocab_size': 302}",
    "MovieID": "{'source': '', 'type': 'categorical', 'padding_idx': 0, 'vocab_size': 3659}",
    "Occupation": "{'source': '', 'type': 'categorical', 'padding_idx': 0, 'vocab_size': 23}",
    "Release": "{'source': '', 'type': 'categorical', 'padding_idx': 0, 'vocab_size': 83}",
    "UserID": "{'source': '', 'type': 'categorical', 'padding_idx': 0, 'vocab_size': 6042}"
}
2024-09-23 21:32:06,000 P359225 INFO Total number of parameters: 175286.
2024-09-23 21:32:06,000 P359225 INFO Loading datasets...
2024-09-23 21:32:07,524 P359225 INFO Train samples: total/700146, blocks/1
2024-09-23 21:32:07,969 P359225 INFO Validation samples: total/200041, blocks/1
2024-09-23 21:32:07,969 P359225 INFO Loading train and validation data done.
2024-09-23 21:32:07,969 P359225 INFO Start training: 171 batches/epoch
2024-09-23 21:32:07,969 P359225 INFO ************ Epoch=1 start ************
2024-09-23 21:32:12,955 P359225 INFO Train loss: 0.464818
2024-09-23 21:32:12,955 P359225 INFO Evaluation @epoch 1 - batch 171: 
2024-09-23 21:32:13,647 P359225 INFO [Metrics] AUC: 0.800286 - logloss: 0.358979
2024-09-23 21:32:13,647 P359225 INFO Save best model: monitor(max)=0.800286
2024-09-23 21:32:13,688 P359225 INFO ************ Epoch=1 end ************
2024-09-23 21:32:17,573 P359225 INFO Train loss: 0.385323
2024-09-23 21:32:17,574 P359225 INFO Evaluation @epoch 2 - batch 171: 
2024-09-23 21:32:18,278 P359225 INFO [Metrics] AUC: 0.804696 - logloss: 0.355933
2024-09-23 21:32:18,278 P359225 INFO Save best model: monitor(max)=0.804696
2024-09-23 21:32:18,337 P359225 INFO ************ Epoch=2 end ************
2024-09-23 21:32:22,256 P359225 INFO Train loss: 0.375646
2024-09-23 21:32:22,257 P359225 INFO Evaluation @epoch 3 - batch 171: 
2024-09-23 21:32:22,989 P359225 INFO [Metrics] AUC: 0.809325 - logloss: 0.352222
2024-09-23 21:32:22,990 P359225 INFO Save best model: monitor(max)=0.809325
2024-09-23 21:32:23,049 P359225 INFO ************ Epoch=3 end ************
2024-09-23 21:32:26,989 P359225 INFO Train loss: 0.370457
2024-09-23 21:32:26,989 P359225 INFO Evaluation @epoch 4 - batch 171: 
2024-09-23 21:32:27,704 P359225 INFO [Metrics] AUC: 0.811464 - logloss: 0.350263
2024-09-23 21:32:27,705 P359225 INFO Save best model: monitor(max)=0.811464
2024-09-23 21:32:27,762 P359225 INFO ************ Epoch=4 end ************
2024-09-23 21:32:31,698 P359225 INFO Train loss: 0.367122
2024-09-23 21:32:31,698 P359225 INFO Evaluation @epoch 5 - batch 171: 
2024-09-23 21:32:32,438 P359225 INFO [Metrics] AUC: 0.815186 - logloss: 0.347742
2024-09-23 21:32:32,439 P359225 INFO Save best model: monitor(max)=0.815186
2024-09-23 21:32:32,495 P359225 INFO ************ Epoch=5 end ************
2024-09-23 21:32:36,487 P359225 INFO Train loss: 0.364150
2024-09-23 21:32:36,487 P359225 INFO Evaluation @epoch 6 - batch 171: 
2024-09-23 21:32:37,238 P359225 INFO [Metrics] AUC: 0.816560 - logloss: 0.346927
2024-09-23 21:32:37,239 P359225 INFO Save best model: monitor(max)=0.816560
2024-09-23 21:32:37,295 P359225 INFO ************ Epoch=6 end ************
2024-09-23 21:32:41,184 P359225 INFO Train loss: 0.361617
2024-09-23 21:32:41,185 P359225 INFO Evaluation @epoch 7 - batch 171: 
2024-09-23 21:32:41,903 P359225 INFO [Metrics] AUC: 0.816246 - logloss: 0.347299
2024-09-23 21:32:41,904 P359225 INFO Monitor(max)=0.816246 STOP!
2024-09-23 21:32:41,904 P359225 INFO Reduce learning rate on plateau: 0.000100
2024-09-23 21:32:41,954 P359225 INFO ************ Epoch=7 end ************
2024-09-23 21:32:45,856 P359225 INFO Train loss: 0.350317
2024-09-23 21:32:45,856 P359225 INFO Evaluation @epoch 8 - batch 171: 
2024-09-23 21:32:46,563 P359225 INFO [Metrics] AUC: 0.823658 - logloss: 0.341369
2024-09-23 21:32:46,564 P359225 INFO Save best model: monitor(max)=0.823658
2024-09-23 21:32:46,619 P359225 INFO ************ Epoch=8 end ************
2024-09-23 21:32:50,557 P359225 INFO Train loss: 0.345062
2024-09-23 21:32:50,557 P359225 INFO Evaluation @epoch 9 - batch 171: 
2024-09-23 21:32:51,281 P359225 INFO [Metrics] AUC: 0.825431 - logloss: 0.340053
2024-09-23 21:32:51,282 P359225 INFO Save best model: monitor(max)=0.825431
2024-09-23 21:32:51,341 P359225 INFO ************ Epoch=9 end ************
2024-09-23 21:32:55,240 P359225 INFO Train loss: 0.343212
2024-09-23 21:32:55,241 P359225 INFO Evaluation @epoch 10 - batch 171: 
2024-09-23 21:32:55,951 P359225 INFO [Metrics] AUC: 0.826121 - logloss: 0.339623
2024-09-23 21:32:55,952 P359225 INFO Save best model: monitor(max)=0.826121
2024-09-23 21:32:56,008 P359225 INFO ************ Epoch=10 end ************
2024-09-23 21:32:59,887 P359225 INFO Train loss: 0.341720
2024-09-23 21:32:59,887 P359225 INFO Evaluation @epoch 11 - batch 171: 
2024-09-23 21:33:00,608 P359225 INFO [Metrics] AUC: 0.826415 - logloss: 0.339388
2024-09-23 21:33:00,608 P359225 INFO Save best model: monitor(max)=0.826415
2024-09-23 21:33:00,665 P359225 INFO ************ Epoch=11 end ************
2024-09-23 21:33:04,644 P359225 INFO Train loss: 0.340743
2024-09-23 21:33:04,644 P359225 INFO Evaluation @epoch 12 - batch 171: 
2024-09-23 21:33:05,333 P359225 INFO [Metrics] AUC: 0.826615 - logloss: 0.339271
2024-09-23 21:33:05,334 P359225 INFO Save best model: monitor(max)=0.826615
2024-09-23 21:33:05,389 P359225 INFO ************ Epoch=12 end ************
2024-09-23 21:33:09,424 P359225 INFO Train loss: 0.340103
2024-09-23 21:33:09,424 P359225 INFO Evaluation @epoch 13 - batch 171: 
2024-09-23 21:33:10,128 P359225 INFO [Metrics] AUC: 0.826659 - logloss: 0.339179
2024-09-23 21:33:10,129 P359225 INFO Save best model: monitor(max)=0.826659
2024-09-23 21:33:10,187 P359225 INFO ************ Epoch=13 end ************
2024-09-23 21:33:14,121 P359225 INFO Train loss: 0.339402
2024-09-23 21:33:14,121 P359225 INFO Evaluation @epoch 14 - batch 171: 
2024-09-23 21:33:14,813 P359225 INFO [Metrics] AUC: 0.826723 - logloss: 0.339110
2024-09-23 21:33:14,814 P359225 INFO Save best model: monitor(max)=0.826723
2024-09-23 21:33:14,870 P359225 INFO ************ Epoch=14 end ************
2024-09-23 21:33:18,822 P359225 INFO Train loss: 0.339010
2024-09-23 21:33:18,822 P359225 INFO Evaluation @epoch 15 - batch 171: 
2024-09-23 21:33:19,563 P359225 INFO [Metrics] AUC: 0.826928 - logloss: 0.338971
2024-09-23 21:33:19,564 P359225 INFO Save best model: monitor(max)=0.826928
2024-09-23 21:33:19,620 P359225 INFO ************ Epoch=15 end ************
2024-09-23 21:33:23,555 P359225 INFO Train loss: 0.338450
2024-09-23 21:33:23,555 P359225 INFO Evaluation @epoch 16 - batch 171: 
2024-09-23 21:33:24,305 P359225 INFO [Metrics] AUC: 0.826864 - logloss: 0.338991
2024-09-23 21:33:24,306 P359225 INFO Monitor(max)=0.826864 STOP!
2024-09-23 21:33:24,306 P359225 INFO Reduce learning rate on plateau: 0.000010
2024-09-23 21:33:24,356 P359225 INFO ************ Epoch=16 end ************
2024-09-23 21:33:28,394 P359225 INFO Train loss: 0.335409
2024-09-23 21:33:28,394 P359225 INFO Evaluation @epoch 17 - batch 171: 
2024-09-23 21:33:29,094 P359225 INFO [Metrics] AUC: 0.826927 - logloss: 0.338985
2024-09-23 21:33:29,095 P359225 INFO Monitor(max)=0.826927 STOP!
2024-09-23 21:33:29,095 P359225 INFO Reduce learning rate on plateau: 0.000001
2024-09-23 21:33:29,095 P359225 INFO ********* Epoch=17 early stop *********
2024-09-23 21:33:29,147 P359225 INFO Training finished.
2024-09-23 21:33:29,147 P359225 INFO Load best model: /workspace/checkpoints/ML_1M_7_x1/IGDCNv3_ML_1M_009_dfc4cc4e.model
2024-09-23 21:33:29,153 P359225 INFO ****** Validation evaluation ******
2024-09-23 21:33:29,869 P359225 INFO [Metrics] logloss: 0.338971 - AUC: 0.826928
2024-09-23 21:33:29,990 P359225 INFO ******** Test evaluation ********
2024-09-23 21:33:29,990 P359225 INFO Loading datasets...
2024-09-23 21:33:30,198 P359225 INFO Test samples: total/100022, blocks/1
2024-09-23 21:33:30,198 P359225 INFO Loading test data done.
2024-09-23 21:33:30,654 P359225 INFO [Metrics] logloss: 0.337996 - AUC: 0.826808
