2024-09-23 22:03:45,808 P389113 INFO FuxiCTR version: 2.3.2
2024-09-23 22:03:45,808 P389113 INFO Params: {
    "batch_norm": "True",
    "batch_size": "4096",
    "data_format": "csv",
    "data_root": "dataset/",
    "dataset_id": "ML_1M_7_x1",
    "debug_mode": "False",
    "deep_net_dropout": "0.3",
    "early_stop_patience": "2",
    "embedding_dim": "16",
    "embedding_regularizer": "0.01",
    "epochs": "100",
    "eval_steps": "None",
    "feature_cols": "[{'active': True, 'dtype': 'str', 'name': ['UserID', 'Gender', 'Age', 'Occupation', 'MovieID', 'Release'], 'type': 'categorical'}, {'active': True, 'dtype': 'str', 'encoder': 'MaskedSumPooling', 'max_len': 5, 'name': 'Genres', 'splitter': '^', 'type': 'sequence'}]",
    "feature_config": "None",
    "feature_specs": "None",
    "gpu": "0",
    "group_id": "None",
    "label_col": "{'dtype': 'float', 'name': 'Label'}",
    "layer_norm": "True",
    "learning_rate": "0.001",
    "loss": "binary_crossentropy",
    "metrics": "['logloss', 'AUC']",
    "min_categr_count": "1",
    "model": "IGDCNv3",
    "model_id": "IGDCNv3_ML_1M_025_dfc4cc4e",
    "model_root": "./checkpoints/",
    "monitor": "{'AUC': 1, 'logloss': 0}",
    "monitor_mode": "max",
    "net_regularizer": "0",
    "num_deep_cross_layers": "1",
    "num_heads": "1",
    "num_shallow_cross_layers": "3",
    "num_workers": "4",
    "optimizer": "adam",
    "pickle_feature_encoder": "True",
    "save_best_only": "True",
    "seed": "2024",
    "shallow_net_dropout": "0.1",
    "shuffle": "True",
    "task": "binary_classification",
    "test_data": "dataset/ML_1M/test.csv",
    "train_data": "dataset/ML_1M/train.csv",
    "use_features": "None",
    "valid_data": "dataset/ML_1M/valid.csv",
    "verbose": "1"
}
2024-09-23 22:03:45,809 P389113 INFO Set up feature processor...
2024-09-23 22:03:45,810 P389113 WARNING Skip rebuilding dataset/ML_1M_7_x1/feature_map.json. Please delete it manually if rebuilding is required.
2024-09-23 22:03:45,810 P389113 INFO Load feature_map from json: dataset/ML_1M_7_x1/feature_map.json
2024-09-23 22:03:45,810 P389113 INFO Set column index...
2024-09-23 22:03:45,810 P389113 INFO Feature specs: {
    "Age": "{'source': '', 'type': 'categorical', 'padding_idx': 0, 'vocab_size': 9}",
    "Gender": "{'source': '', 'type': 'categorical', 'padding_idx': 0, 'vocab_size': 4}",
    "Genres": "{'source': '', 'type': 'sequence', 'feature_encoder': 'layers.MaskedAveragePooling()', 'padding_idx': 0, 'max_len': 5, 'vocab_size': 302}",
    "MovieID": "{'source': '', 'type': 'categorical', 'padding_idx': 0, 'vocab_size': 3659}",
    "Occupation": "{'source': '', 'type': 'categorical', 'padding_idx': 0, 'vocab_size': 23}",
    "Release": "{'source': '', 'type': 'categorical', 'padding_idx': 0, 'vocab_size': 83}",
    "UserID": "{'source': '', 'type': 'categorical', 'padding_idx': 0, 'vocab_size': 6042}"
}
2024-09-23 22:03:47,037 P389113 INFO Total number of parameters: 188394.
2024-09-23 22:03:47,037 P389113 INFO Loading datasets...
2024-09-23 22:03:48,584 P389113 INFO Train samples: total/700146, blocks/1
2024-09-23 22:03:49,028 P389113 INFO Validation samples: total/200041, blocks/1
2024-09-23 22:03:49,029 P389113 INFO Loading train and validation data done.
2024-09-23 22:03:49,029 P389113 INFO Start training: 171 batches/epoch
2024-09-23 22:03:49,029 P389113 INFO ************ Epoch=1 start ************
2024-09-23 22:03:54,754 P389113 INFO Train loss: 0.442251
2024-09-23 22:03:54,755 P389113 INFO Evaluation @epoch 1 - batch 171: 
2024-09-23 22:03:55,499 P389113 INFO [Metrics] AUC: 0.802053 - logloss: 0.356658
2024-09-23 22:03:55,500 P389113 INFO Save best model: monitor(max)=0.802053
2024-09-23 22:03:55,546 P389113 INFO ************ Epoch=1 end ************
2024-09-23 22:04:00,309 P389113 INFO Train loss: 0.376447
2024-09-23 22:04:00,310 P389113 INFO Evaluation @epoch 2 - batch 171: 
2024-09-23 22:04:01,089 P389113 INFO [Metrics] AUC: 0.811496 - logloss: 0.350429
2024-09-23 22:04:01,089 P389113 INFO Save best model: monitor(max)=0.811496
2024-09-23 22:04:01,148 P389113 INFO ************ Epoch=2 end ************
2024-09-23 22:04:05,958 P389113 INFO Train loss: 0.369601
2024-09-23 22:04:05,958 P389113 INFO Evaluation @epoch 3 - batch 171: 
2024-09-23 22:04:06,743 P389113 INFO [Metrics] AUC: 0.816553 - logloss: 0.346637
2024-09-23 22:04:06,743 P389113 INFO Save best model: monitor(max)=0.816553
2024-09-23 22:04:06,801 P389113 INFO ************ Epoch=3 end ************
2024-09-23 22:04:11,640 P389113 INFO Train loss: 0.367792
2024-09-23 22:04:11,640 P389113 INFO Evaluation @epoch 4 - batch 171: 
2024-09-23 22:04:12,389 P389113 INFO [Metrics] AUC: 0.822380 - logloss: 0.341563
2024-09-23 22:04:12,390 P389113 INFO Save best model: monitor(max)=0.822380
2024-09-23 22:04:12,446 P389113 INFO ************ Epoch=4 end ************
2024-09-23 22:04:17,243 P389113 INFO Train loss: 0.364980
2024-09-23 22:04:17,243 P389113 INFO Evaluation @epoch 5 - batch 171: 
2024-09-23 22:04:18,012 P389113 INFO [Metrics] AUC: 0.827962 - logloss: 0.337502
2024-09-23 22:04:18,012 P389113 INFO Save best model: monitor(max)=0.827962
2024-09-23 22:04:18,070 P389113 INFO ************ Epoch=5 end ************
2024-09-23 22:04:22,907 P389113 INFO Train loss: 0.361756
2024-09-23 22:04:22,907 P389113 INFO Evaluation @epoch 6 - batch 171: 
2024-09-23 22:04:23,685 P389113 INFO [Metrics] AUC: 0.832241 - logloss: 0.334311
2024-09-23 22:04:23,686 P389113 INFO Save best model: monitor(max)=0.832241
2024-09-23 22:04:23,744 P389113 INFO ************ Epoch=6 end ************
2024-09-23 22:04:28,443 P389113 INFO Train loss: 0.359170
2024-09-23 22:04:28,443 P389113 INFO Evaluation @epoch 7 - batch 171: 
2024-09-23 22:04:29,235 P389113 INFO [Metrics] AUC: 0.833791 - logloss: 0.332964
2024-09-23 22:04:29,236 P389113 INFO Save best model: monitor(max)=0.833791
2024-09-23 22:04:29,294 P389113 INFO ************ Epoch=7 end ************
2024-09-23 22:04:34,143 P389113 INFO Train loss: 0.357288
2024-09-23 22:04:34,143 P389113 INFO Evaluation @epoch 8 - batch 171: 
2024-09-23 22:04:34,877 P389113 INFO [Metrics] AUC: 0.836617 - logloss: 0.331143
2024-09-23 22:04:34,878 P389113 INFO Save best model: monitor(max)=0.836617
2024-09-23 22:04:34,937 P389113 INFO ************ Epoch=8 end ************
2024-09-23 22:04:39,780 P389113 INFO Train loss: 0.355304
2024-09-23 22:04:39,781 P389113 INFO Evaluation @epoch 9 - batch 171: 
2024-09-23 22:04:40,526 P389113 INFO [Metrics] AUC: 0.838072 - logloss: 0.329397
2024-09-23 22:04:40,527 P389113 INFO Save best model: monitor(max)=0.838072
2024-09-23 22:04:40,587 P389113 INFO ************ Epoch=9 end ************
2024-09-23 22:04:45,522 P389113 INFO Train loss: 0.354257
2024-09-23 22:04:45,523 P389113 INFO Evaluation @epoch 10 - batch 171: 
2024-09-23 22:04:46,261 P389113 INFO [Metrics] AUC: 0.840399 - logloss: 0.328135
2024-09-23 22:04:46,262 P389113 INFO Save best model: monitor(max)=0.840399
2024-09-23 22:04:46,328 P389113 INFO ************ Epoch=10 end ************
2024-09-23 22:04:51,138 P389113 INFO Train loss: 0.353114
2024-09-23 22:04:51,138 P389113 INFO Evaluation @epoch 11 - batch 171: 
2024-09-23 22:04:51,888 P389113 INFO [Metrics] AUC: 0.840434 - logloss: 0.327873
2024-09-23 22:04:51,888 P389113 INFO Save best model: monitor(max)=0.840434
2024-09-23 22:04:51,947 P389113 INFO ************ Epoch=11 end ************
2024-09-23 22:04:56,825 P389113 INFO Train loss: 0.352273
2024-09-23 22:04:56,826 P389113 INFO Evaluation @epoch 12 - batch 171: 
2024-09-23 22:04:57,609 P389113 INFO [Metrics] AUC: 0.841813 - logloss: 0.326441
2024-09-23 22:04:57,609 P389113 INFO Save best model: monitor(max)=0.841813
2024-09-23 22:04:57,670 P389113 INFO ************ Epoch=12 end ************
2024-09-23 22:05:02,593 P389113 INFO Train loss: 0.351745
2024-09-23 22:05:02,593 P389113 INFO Evaluation @epoch 13 - batch 171: 
2024-09-23 22:05:03,340 P389113 INFO [Metrics] AUC: 0.842074 - logloss: 0.326311
2024-09-23 22:05:03,341 P389113 INFO Save best model: monitor(max)=0.842074
2024-09-23 22:05:03,399 P389113 INFO ************ Epoch=13 end ************
2024-09-23 22:05:08,206 P389113 INFO Train loss: 0.351185
2024-09-23 22:05:08,207 P389113 INFO Evaluation @epoch 14 - batch 171: 
2024-09-23 22:05:08,950 P389113 INFO [Metrics] AUC: 0.842961 - logloss: 0.325636
2024-09-23 22:05:08,951 P389113 INFO Save best model: monitor(max)=0.842961
2024-09-23 22:05:09,013 P389113 INFO ************ Epoch=14 end ************
2024-09-23 22:05:13,845 P389113 INFO Train loss: 0.350577
2024-09-23 22:05:13,845 P389113 INFO Evaluation @epoch 15 - batch 171: 
2024-09-23 22:05:14,608 P389113 INFO [Metrics] AUC: 0.843586 - logloss: 0.325624
2024-09-23 22:05:14,608 P389113 INFO Save best model: monitor(max)=0.843586
2024-09-23 22:05:14,667 P389113 INFO ************ Epoch=15 end ************
2024-09-23 22:05:19,419 P389113 INFO Train loss: 0.350422
2024-09-23 22:05:19,420 P389113 INFO Evaluation @epoch 16 - batch 171: 
2024-09-23 22:05:20,194 P389113 INFO [Metrics] AUC: 0.843558 - logloss: 0.325266
2024-09-23 22:05:20,195 P389113 INFO Monitor(max)=0.843558 STOP!
2024-09-23 22:05:20,195 P389113 INFO Reduce learning rate on plateau: 0.000100
2024-09-23 22:05:20,252 P389113 INFO ************ Epoch=16 end ************
2024-09-23 22:05:25,032 P389113 INFO Train loss: 0.322973
2024-09-23 22:05:25,032 P389113 INFO Evaluation @epoch 17 - batch 171: 
2024-09-23 22:05:25,785 P389113 INFO [Metrics] AUC: 0.851083 - logloss: 0.319496
2024-09-23 22:05:25,785 P389113 INFO Save best model: monitor(max)=0.851083
2024-09-23 22:05:25,843 P389113 INFO ************ Epoch=17 end ************
2024-09-23 22:05:30,666 P389113 INFO Train loss: 0.310564
2024-09-23 22:05:30,666 P389113 INFO Evaluation @epoch 18 - batch 171: 
2024-09-23 22:05:31,444 P389113 INFO [Metrics] AUC: 0.853677 - logloss: 0.318064
2024-09-23 22:05:31,445 P389113 INFO Save best model: monitor(max)=0.853677
2024-09-23 22:05:31,503 P389113 INFO ************ Epoch=18 end ************
2024-09-23 22:05:36,410 P389113 INFO Train loss: 0.303948
2024-09-23 22:05:36,411 P389113 INFO Evaluation @epoch 19 - batch 171: 
2024-09-23 22:05:37,168 P389113 INFO [Metrics] AUC: 0.854080 - logloss: 0.318267
2024-09-23 22:05:37,168 P389113 INFO Save best model: monitor(max)=0.854080
2024-09-23 22:05:37,227 P389113 INFO ************ Epoch=19 end ************
2024-09-23 22:05:42,066 P389113 INFO Train loss: 0.299409
2024-09-23 22:05:42,066 P389113 INFO Evaluation @epoch 20 - batch 171: 
2024-09-23 22:05:42,810 P389113 INFO [Metrics] AUC: 0.853791 - logloss: 0.319387
2024-09-23 22:05:42,811 P389113 INFO Monitor(max)=0.853791 STOP!
2024-09-23 22:05:42,811 P389113 INFO Reduce learning rate on plateau: 0.000010
2024-09-23 22:05:42,861 P389113 INFO ************ Epoch=20 end ************
2024-09-23 22:05:47,870 P389113 INFO Train loss: 0.286738
2024-09-23 22:05:47,871 P389113 INFO Evaluation @epoch 21 - batch 171: 
2024-09-23 22:05:48,615 P389113 INFO [Metrics] AUC: 0.853496 - logloss: 0.320229
2024-09-23 22:05:48,615 P389113 INFO Monitor(max)=0.853496 STOP!
2024-09-23 22:05:48,615 P389113 INFO Reduce learning rate on plateau: 0.000001
2024-09-23 22:05:48,616 P389113 INFO ********* Epoch=21 early stop *********
2024-09-23 22:05:48,668 P389113 INFO Training finished.
2024-09-23 22:05:48,668 P389113 INFO Load best model: /workspace/checkpoints/ML_1M_7_x1/IGDCNv3_ML_1M_025_dfc4cc4e.model
2024-09-23 22:05:48,676 P389113 INFO ****** Validation evaluation ******
2024-09-23 22:05:49,433 P389113 INFO [Metrics] logloss: 0.318267 - AUC: 0.854080
2024-09-23 22:05:49,565 P389113 INFO ******** Test evaluation ********
2024-09-23 22:05:49,566 P389113 INFO Loading datasets...
2024-09-23 22:05:49,788 P389113 INFO Test samples: total/100022, blocks/1
2024-09-23 22:05:49,789 P389113 INFO Loading test data done.
2024-09-23 22:05:50,270 P389113 INFO [Metrics] logloss: 0.316642 - AUC: 0.854012
