2024-09-23 22:25:38,116 P408519 INFO FuxiCTR version: 2.3.2
2024-09-23 22:25:38,117 P408519 INFO Params: {
    "batch_norm": "True",
    "batch_size": "4096",
    "data_format": "csv",
    "data_root": "dataset/",
    "dataset_id": "ML_1M_7_x1",
    "debug_mode": "False",
    "deep_net_dropout": "0.3",
    "early_stop_patience": "2",
    "embedding_dim": "16",
    "embedding_regularizer": "0.01",
    "epochs": "100",
    "eval_steps": "None",
    "feature_cols": "[{'active': True, 'dtype': 'str', 'name': ['UserID', 'Gender', 'Age', 'Occupation', 'MovieID', 'Release'], 'type': 'categorical'}, {'active': True, 'dtype': 'str', 'encoder': 'MaskedSumPooling', 'max_len': 5, 'name': 'Genres', 'splitter': '^', 'type': 'sequence'}]",
    "feature_config": "None",
    "feature_specs": "None",
    "gpu": "0",
    "group_id": "None",
    "label_col": "{'dtype': 'float', 'name': 'Label'}",
    "layer_norm": "True",
    "learning_rate": "0.001",
    "loss": "binary_crossentropy",
    "metrics": "['logloss', 'AUC']",
    "min_categr_count": "1",
    "model": "IGDCNv3",
    "model_id": "IGDCNv3_ML_1M_035_24abf99d",
    "model_root": "./checkpoints/",
    "monitor": "{'AUC': 1, 'logloss': 0}",
    "monitor_mode": "max",
    "net_regularizer": "0",
    "num_deep_cross_layers": "1",
    "num_heads": "1",
    "num_shallow_cross_layers": "4",
    "num_workers": "4",
    "optimizer": "adam",
    "pickle_feature_encoder": "True",
    "save_best_only": "True",
    "seed": "2024",
    "shallow_net_dropout": "0.2",
    "shuffle": "True",
    "task": "binary_classification",
    "test_data": "dataset/ML_1M/test.csv",
    "train_data": "dataset/ML_1M/train.csv",
    "use_features": "None",
    "valid_data": "dataset/ML_1M/valid.csv",
    "verbose": "1"
}
2024-09-23 22:25:38,118 P408519 INFO Set up feature processor...
2024-09-23 22:25:38,118 P408519 WARNING Skip rebuilding dataset/ML_1M_7_x1/feature_map.json. Please delete it manually if rebuilding is required.
2024-09-23 22:25:38,118 P408519 INFO Load feature_map from json: dataset/ML_1M_7_x1/feature_map.json
2024-09-23 22:25:38,118 P408519 INFO Set column index...
2024-09-23 22:25:38,119 P408519 INFO Feature specs: {
    "Age": "{'source': '', 'type': 'categorical', 'padding_idx': 0, 'vocab_size': 9}",
    "Gender": "{'source': '', 'type': 'categorical', 'padding_idx': 0, 'vocab_size': 4}",
    "Genres": "{'source': '', 'type': 'sequence', 'feature_encoder': 'layers.MaskedAveragePooling()', 'padding_idx': 0, 'max_len': 5, 'vocab_size': 302}",
    "MovieID": "{'source': '', 'type': 'categorical', 'padding_idx': 0, 'vocab_size': 3659}",
    "Occupation": "{'source': '', 'type': 'categorical', 'padding_idx': 0, 'vocab_size': 23}",
    "Release": "{'source': '', 'type': 'categorical', 'padding_idx': 0, 'vocab_size': 83}",
    "UserID": "{'source': '', 'type': 'categorical', 'padding_idx': 0, 'vocab_size': 6042}"
}
2024-09-23 22:25:39,330 P408519 INFO Total number of parameters: 194948.
2024-09-23 22:25:39,330 P408519 INFO Loading datasets...
2024-09-23 22:25:40,891 P408519 INFO Train samples: total/700146, blocks/1
2024-09-23 22:25:41,333 P408519 INFO Validation samples: total/200041, blocks/1
2024-09-23 22:25:41,333 P408519 INFO Loading train and validation data done.
2024-09-23 22:25:41,334 P408519 INFO Start training: 171 batches/epoch
2024-09-23 22:25:41,334 P408519 INFO ************ Epoch=1 start ************
2024-09-23 22:25:47,437 P408519 INFO Train loss: 0.436987
2024-09-23 22:25:47,438 P408519 INFO Evaluation @epoch 1 - batch 171: 
2024-09-23 22:25:48,181 P408519 INFO [Metrics] AUC: 0.804320 - logloss: 0.355279
2024-09-23 22:25:48,182 P408519 INFO Save best model: monitor(max)=0.804320
2024-09-23 22:25:48,225 P408519 INFO ************ Epoch=1 end ************
2024-09-23 22:25:53,264 P408519 INFO Train loss: 0.376311
2024-09-23 22:25:53,264 P408519 INFO Evaluation @epoch 2 - batch 171: 
2024-09-23 22:25:54,062 P408519 INFO [Metrics] AUC: 0.813819 - logloss: 0.348830
2024-09-23 22:25:54,062 P408519 INFO Save best model: monitor(max)=0.813819
2024-09-23 22:25:54,123 P408519 INFO ************ Epoch=2 end ************
2024-09-23 22:25:59,218 P408519 INFO Train loss: 0.371469
2024-09-23 22:25:59,218 P408519 INFO Evaluation @epoch 3 - batch 171: 
2024-09-23 22:26:00,018 P408519 INFO [Metrics] AUC: 0.820555 - logloss: 0.343107
2024-09-23 22:26:00,019 P408519 INFO Save best model: monitor(max)=0.820555
2024-09-23 22:26:00,077 P408519 INFO ************ Epoch=3 end ************
2024-09-23 22:26:04,993 P408519 INFO Train loss: 0.368529
2024-09-23 22:26:04,993 P408519 INFO Evaluation @epoch 4 - batch 171: 
2024-09-23 22:26:05,757 P408519 INFO [Metrics] AUC: 0.824545 - logloss: 0.340587
2024-09-23 22:26:05,758 P408519 INFO Save best model: monitor(max)=0.824545
2024-09-23 22:26:05,816 P408519 INFO ************ Epoch=4 end ************
2024-09-23 22:26:10,941 P408519 INFO Train loss: 0.365096
2024-09-23 22:26:10,941 P408519 INFO Evaluation @epoch 5 - batch 171: 
2024-09-23 22:26:11,744 P408519 INFO [Metrics] AUC: 0.828379 - logloss: 0.337170
2024-09-23 22:26:11,745 P408519 INFO Save best model: monitor(max)=0.828379
2024-09-23 22:26:11,803 P408519 INFO ************ Epoch=5 end ************
2024-09-23 22:26:16,777 P408519 INFO Train loss: 0.362678
2024-09-23 22:26:16,777 P408519 INFO Evaluation @epoch 6 - batch 171: 
2024-09-23 22:26:17,579 P408519 INFO [Metrics] AUC: 0.831774 - logloss: 0.334605
2024-09-23 22:26:17,579 P408519 INFO Save best model: monitor(max)=0.831774
2024-09-23 22:26:17,639 P408519 INFO ************ Epoch=6 end ************
2024-09-23 22:26:22,637 P408519 INFO Train loss: 0.360934
2024-09-23 22:26:22,637 P408519 INFO Evaluation @epoch 7 - batch 171: 
2024-09-23 22:26:23,395 P408519 INFO [Metrics] AUC: 0.833552 - logloss: 0.333699
2024-09-23 22:26:23,396 P408519 INFO Save best model: monitor(max)=0.833552
2024-09-23 22:26:23,458 P408519 INFO ************ Epoch=7 end ************
2024-09-23 22:26:28,671 P408519 INFO Train loss: 0.358939
2024-09-23 22:26:28,672 P408519 INFO Evaluation @epoch 8 - batch 171: 
2024-09-23 22:26:29,469 P408519 INFO [Metrics] AUC: 0.835821 - logloss: 0.331673
2024-09-23 22:26:29,469 P408519 INFO Save best model: monitor(max)=0.835821
2024-09-23 22:26:29,536 P408519 INFO ************ Epoch=8 end ************
2024-09-23 22:26:34,708 P408519 INFO Train loss: 0.357209
2024-09-23 22:26:34,708 P408519 INFO Evaluation @epoch 9 - batch 171: 
2024-09-23 22:26:35,460 P408519 INFO [Metrics] AUC: 0.836658 - logloss: 0.330948
2024-09-23 22:26:35,461 P408519 INFO Save best model: monitor(max)=0.836658
2024-09-23 22:26:35,520 P408519 INFO ************ Epoch=9 end ************
2024-09-23 22:26:40,734 P408519 INFO Train loss: 0.356225
2024-09-23 22:26:40,735 P408519 INFO Evaluation @epoch 10 - batch 171: 
2024-09-23 22:26:41,554 P408519 INFO [Metrics] AUC: 0.837404 - logloss: 0.330411
2024-09-23 22:26:41,555 P408519 INFO Save best model: monitor(max)=0.837404
2024-09-23 22:26:41,614 P408519 INFO ************ Epoch=10 end ************
2024-09-23 22:26:46,787 P408519 INFO Train loss: 0.355901
2024-09-23 22:26:46,788 P408519 INFO Evaluation @epoch 11 - batch 171: 
2024-09-23 22:26:47,547 P408519 INFO [Metrics] AUC: 0.839579 - logloss: 0.328441
2024-09-23 22:26:47,547 P408519 INFO Save best model: monitor(max)=0.839579
2024-09-23 22:26:47,604 P408519 INFO ************ Epoch=11 end ************
2024-09-23 22:26:52,647 P408519 INFO Train loss: 0.354795
2024-09-23 22:26:52,647 P408519 INFO Evaluation @epoch 12 - batch 171: 
2024-09-23 22:26:53,403 P408519 INFO [Metrics] AUC: 0.839721 - logloss: 0.328509
2024-09-23 22:26:53,403 P408519 INFO Save best model: monitor(max)=0.839721
2024-09-23 22:26:53,465 P408519 INFO ************ Epoch=12 end ************
2024-09-23 22:26:58,557 P408519 INFO Train loss: 0.354537
2024-09-23 22:26:58,558 P408519 INFO Evaluation @epoch 13 - batch 171: 
2024-09-23 22:26:59,344 P408519 INFO [Metrics] AUC: 0.839832 - logloss: 0.328788
2024-09-23 22:26:59,345 P408519 INFO Save best model: monitor(max)=0.839832
2024-09-23 22:26:59,403 P408519 INFO ************ Epoch=13 end ************
2024-09-23 22:27:04,347 P408519 INFO Train loss: 0.353719
2024-09-23 22:27:04,347 P408519 INFO Evaluation @epoch 14 - batch 171: 
2024-09-23 22:27:05,133 P408519 INFO [Metrics] AUC: 0.840827 - logloss: 0.327273
2024-09-23 22:27:05,134 P408519 INFO Save best model: monitor(max)=0.840827
2024-09-23 22:27:05,194 P408519 INFO ************ Epoch=14 end ************
2024-09-23 22:27:10,178 P408519 INFO Train loss: 0.353211
2024-09-23 22:27:10,179 P408519 INFO Evaluation @epoch 15 - batch 171: 
2024-09-23 22:27:10,918 P408519 INFO [Metrics] AUC: 0.841679 - logloss: 0.326951
2024-09-23 22:27:10,919 P408519 INFO Save best model: monitor(max)=0.841679
2024-09-23 22:27:10,979 P408519 INFO ************ Epoch=15 end ************
2024-09-23 22:27:16,028 P408519 INFO Train loss: 0.352801
2024-09-23 22:27:16,028 P408519 INFO Evaluation @epoch 16 - batch 171: 
2024-09-23 22:27:16,830 P408519 INFO [Metrics] AUC: 0.841957 - logloss: 0.326526
2024-09-23 22:27:16,831 P408519 INFO Save best model: monitor(max)=0.841957
2024-09-23 22:27:16,888 P408519 INFO ************ Epoch=16 end ************
2024-09-23 22:27:22,166 P408519 INFO Train loss: 0.352416
2024-09-23 22:27:22,166 P408519 INFO Evaluation @epoch 17 - batch 171: 
2024-09-23 22:27:22,948 P408519 INFO [Metrics] AUC: 0.842737 - logloss: 0.325793
2024-09-23 22:27:22,949 P408519 INFO Save best model: monitor(max)=0.842737
2024-09-23 22:27:23,007 P408519 INFO ************ Epoch=17 end ************
2024-09-23 22:27:28,244 P408519 INFO Train loss: 0.352149
2024-09-23 22:27:28,244 P408519 INFO Evaluation @epoch 18 - batch 171: 
2024-09-23 22:27:28,990 P408519 INFO [Metrics] AUC: 0.842147 - logloss: 0.326189
2024-09-23 22:27:28,991 P408519 INFO Monitor(max)=0.842147 STOP!
2024-09-23 22:27:28,991 P408519 INFO Reduce learning rate on plateau: 0.000100
2024-09-23 22:27:29,043 P408519 INFO ************ Epoch=18 end ************
2024-09-23 22:27:34,142 P408519 INFO Train loss: 0.325764
2024-09-23 22:27:34,143 P408519 INFO Evaluation @epoch 19 - batch 171: 
2024-09-23 22:27:34,905 P408519 INFO [Metrics] AUC: 0.850689 - logloss: 0.319638
2024-09-23 22:27:34,905 P408519 INFO Save best model: monitor(max)=0.850689
2024-09-23 22:27:34,965 P408519 INFO ************ Epoch=19 end ************
2024-09-23 22:27:40,279 P408519 INFO Train loss: 0.313753
2024-09-23 22:27:40,279 P408519 INFO Evaluation @epoch 20 - batch 171: 
2024-09-23 22:27:41,076 P408519 INFO [Metrics] AUC: 0.853491 - logloss: 0.317574
2024-09-23 22:27:41,077 P408519 INFO Save best model: monitor(max)=0.853491
2024-09-23 22:27:41,146 P408519 INFO ************ Epoch=20 end ************
2024-09-23 22:27:46,248 P408519 INFO Train loss: 0.307308
2024-09-23 22:27:46,248 P408519 INFO Evaluation @epoch 21 - batch 171: 
2024-09-23 22:27:47,006 P408519 INFO [Metrics] AUC: 0.854551 - logloss: 0.317103
2024-09-23 22:27:47,007 P408519 INFO Save best model: monitor(max)=0.854551
2024-09-23 22:27:47,067 P408519 INFO ************ Epoch=21 end ************
2024-09-23 22:27:52,409 P408519 INFO Train loss: 0.303060
2024-09-23 22:27:52,409 P408519 INFO Evaluation @epoch 22 - batch 171: 
2024-09-23 22:27:53,171 P408519 INFO [Metrics] AUC: 0.854549 - logloss: 0.317469
2024-09-23 22:27:53,171 P408519 INFO Monitor(max)=0.854549 STOP!
2024-09-23 22:27:53,171 P408519 INFO Reduce learning rate on plateau: 0.000010
2024-09-23 22:27:53,228 P408519 INFO ************ Epoch=22 end ************
2024-09-23 22:27:58,397 P408519 INFO Train loss: 0.291271
2024-09-23 22:27:58,398 P408519 INFO Evaluation @epoch 23 - batch 171: 
2024-09-23 22:27:59,185 P408519 INFO [Metrics] AUC: 0.854170 - logloss: 0.318422
2024-09-23 22:27:59,185 P408519 INFO Monitor(max)=0.854170 STOP!
2024-09-23 22:27:59,186 P408519 INFO Reduce learning rate on plateau: 0.000001
2024-09-23 22:27:59,186 P408519 INFO ********* Epoch=23 early stop *********
2024-09-23 22:27:59,235 P408519 INFO Training finished.
2024-09-23 22:27:59,235 P408519 INFO Load best model: /workspace/checkpoints/ML_1M_7_x1/IGDCNv3_ML_1M_035_24abf99d.model
2024-09-23 22:27:59,243 P408519 INFO ****** Validation evaluation ******
2024-09-23 22:27:59,987 P408519 INFO [Metrics] logloss: 0.317103 - AUC: 0.854551
2024-09-23 22:28:00,107 P408519 INFO ******** Test evaluation ********
2024-09-23 22:28:00,108 P408519 INFO Loading datasets...
2024-09-23 22:28:00,317 P408519 INFO Test samples: total/100022, blocks/1
2024-09-23 22:28:00,317 P408519 INFO Loading test data done.
2024-09-23 22:28:00,817 P408519 INFO [Metrics] logloss: 0.315901 - AUC: 0.854360
