2024-09-23 21:44:53,618 P371762 INFO FuxiCTR version: 2.3.2
2024-09-23 21:44:53,619 P371762 INFO Params: {
    "batch_norm": "True",
    "batch_size": "4096",
    "data_format": "csv",
    "data_root": "dataset/",
    "dataset_id": "ML_1M_7_x1",
    "debug_mode": "False",
    "deep_net_dropout": "0.3",
    "early_stop_patience": "2",
    "embedding_dim": "16",
    "embedding_regularizer": "0.01",
    "epochs": "100",
    "eval_steps": "None",
    "feature_cols": "[{'active': True, 'dtype': 'str', 'name': ['UserID', 'Gender', 'Age', 'Occupation', 'MovieID', 'Release'], 'type': 'categorical'}, {'active': True, 'dtype': 'str', 'encoder': 'MaskedSumPooling', 'max_len': 5, 'name': 'Genres', 'splitter': '^', 'type': 'sequence'}]",
    "feature_config": "None",
    "feature_specs": "None",
    "gpu": "0",
    "group_id": "None",
    "label_col": "{'dtype': 'float', 'name': 'Label'}",
    "layer_norm": "True",
    "learning_rate": "0.001",
    "loss": "binary_crossentropy",
    "metrics": "['logloss', 'AUC']",
    "min_categr_count": "1",
    "model": "IGDCNv3",
    "model_id": "IGDCNv3_ML_1M_016_4db93733",
    "model_root": "./checkpoints/",
    "monitor": "{'AUC': 1, 'logloss': 0}",
    "monitor_mode": "max",
    "net_regularizer": "0",
    "num_deep_cross_layers": "1",
    "num_heads": "1",
    "num_shallow_cross_layers": "2",
    "num_workers": "4",
    "optimizer": "adam",
    "pickle_feature_encoder": "True",
    "save_best_only": "True",
    "seed": "2024",
    "shallow_net_dropout": "0.1",
    "shuffle": "True",
    "task": "binary_classification",
    "test_data": "dataset/ML_1M/test.csv",
    "train_data": "dataset/ML_1M/train.csv",
    "use_features": "None",
    "valid_data": "dataset/ML_1M/valid.csv",
    "verbose": "1"
}
2024-09-23 21:44:53,620 P371762 INFO Set up feature processor...
2024-09-23 21:44:53,620 P371762 WARNING Skip rebuilding dataset/ML_1M_7_x1/feature_map.json. Please delete it manually if rebuilding is required.
2024-09-23 21:44:53,620 P371762 INFO Load feature_map from json: dataset/ML_1M_7_x1/feature_map.json
2024-09-23 21:44:53,620 P371762 INFO Set column index...
2024-09-23 21:44:53,620 P371762 INFO Feature specs: {
    "Age": "{'source': '', 'type': 'categorical', 'padding_idx': 0, 'vocab_size': 9}",
    "Gender": "{'source': '', 'type': 'categorical', 'padding_idx': 0, 'vocab_size': 4}",
    "Genres": "{'source': '', 'type': 'sequence', 'feature_encoder': 'layers.MaskedAveragePooling()', 'padding_idx': 0, 'max_len': 5, 'vocab_size': 302}",
    "MovieID": "{'source': '', 'type': 'categorical', 'padding_idx': 0, 'vocab_size': 3659}",
    "Occupation": "{'source': '', 'type': 'categorical', 'padding_idx': 0, 'vocab_size': 23}",
    "Release": "{'source': '', 'type': 'categorical', 'padding_idx': 0, 'vocab_size': 83}",
    "UserID": "{'source': '', 'type': 'categorical', 'padding_idx': 0, 'vocab_size': 6042}"
}
2024-09-23 21:44:54,851 P371762 INFO Total number of parameters: 181840.
2024-09-23 21:44:54,852 P371762 INFO Loading datasets...
2024-09-23 21:44:56,386 P371762 INFO Train samples: total/700146, blocks/1
2024-09-23 21:44:56,821 P371762 INFO Validation samples: total/200041, blocks/1
2024-09-23 21:44:56,821 P371762 INFO Loading train and validation data done.
2024-09-23 21:44:56,821 P371762 INFO Start training: 171 batches/epoch
2024-09-23 21:44:56,821 P371762 INFO ************ Epoch=1 start ************
2024-09-23 21:45:02,237 P371762 INFO Train loss: 0.449373
2024-09-23 21:45:02,237 P371762 INFO Evaluation @epoch 1 - batch 171: 
2024-09-23 21:45:02,963 P371762 INFO [Metrics] AUC: 0.799055 - logloss: 0.359026
2024-09-23 21:45:02,964 P371762 INFO Save best model: monitor(max)=0.799055
2024-09-23 21:45:03,006 P371762 INFO ************ Epoch=1 end ************
2024-09-23 21:45:07,406 P371762 INFO Train loss: 0.380298
2024-09-23 21:45:07,406 P371762 INFO Evaluation @epoch 2 - batch 171: 
2024-09-23 21:45:08,159 P371762 INFO [Metrics] AUC: 0.807102 - logloss: 0.354570
2024-09-23 21:45:08,159 P371762 INFO Save best model: monitor(max)=0.807102
2024-09-23 21:45:08,218 P371762 INFO ************ Epoch=2 end ************
2024-09-23 21:45:12,600 P371762 INFO Train loss: 0.371292
2024-09-23 21:45:12,601 P371762 INFO Evaluation @epoch 3 - batch 171: 
2024-09-23 21:45:13,338 P371762 INFO [Metrics] AUC: 0.812159 - logloss: 0.349882
2024-09-23 21:45:13,339 P371762 INFO Save best model: monitor(max)=0.812159
2024-09-23 21:45:13,398 P371762 INFO ************ Epoch=3 end ************
2024-09-23 21:45:17,737 P371762 INFO Train loss: 0.367410
2024-09-23 21:45:17,738 P371762 INFO Evaluation @epoch 4 - batch 171: 
2024-09-23 21:45:18,467 P371762 INFO [Metrics] AUC: 0.818780 - logloss: 0.344608
2024-09-23 21:45:18,468 P371762 INFO Save best model: monitor(max)=0.818780
2024-09-23 21:45:18,524 P371762 INFO ************ Epoch=4 end ************
2024-09-23 21:45:22,822 P371762 INFO Train loss: 0.365841
2024-09-23 21:45:22,822 P371762 INFO Evaluation @epoch 5 - batch 171: 
2024-09-23 21:45:23,551 P371762 INFO [Metrics] AUC: 0.825873 - logloss: 0.339712
2024-09-23 21:45:23,552 P371762 INFO Save best model: monitor(max)=0.825873
2024-09-23 21:45:23,614 P371762 INFO ************ Epoch=5 end ************
2024-09-23 21:45:27,900 P371762 INFO Train loss: 0.363366
2024-09-23 21:45:27,901 P371762 INFO Evaluation @epoch 6 - batch 171: 
2024-09-23 21:45:28,615 P371762 INFO [Metrics] AUC: 0.829976 - logloss: 0.335995
2024-09-23 21:45:28,616 P371762 INFO Save best model: monitor(max)=0.829976
2024-09-23 21:45:28,675 P371762 INFO ************ Epoch=6 end ************
2024-09-23 21:45:33,016 P371762 INFO Train loss: 0.361190
2024-09-23 21:45:33,016 P371762 INFO Evaluation @epoch 7 - batch 171: 
2024-09-23 21:45:33,759 P371762 INFO [Metrics] AUC: 0.833306 - logloss: 0.334001
2024-09-23 21:45:33,760 P371762 INFO Save best model: monitor(max)=0.833306
2024-09-23 21:45:33,820 P371762 INFO ************ Epoch=7 end ************
2024-09-23 21:45:38,081 P371762 INFO Train loss: 0.359094
2024-09-23 21:45:38,081 P371762 INFO Evaluation @epoch 8 - batch 171: 
2024-09-23 21:45:38,780 P371762 INFO [Metrics] AUC: 0.836927 - logloss: 0.331201
2024-09-23 21:45:38,781 P371762 INFO Save best model: monitor(max)=0.836927
2024-09-23 21:45:38,839 P371762 INFO ************ Epoch=8 end ************
2024-09-23 21:45:43,261 P371762 INFO Train loss: 0.356942
2024-09-23 21:45:43,261 P371762 INFO Evaluation @epoch 9 - batch 171: 
2024-09-23 21:45:43,994 P371762 INFO [Metrics] AUC: 0.836570 - logloss: 0.330989
2024-09-23 21:45:43,995 P371762 INFO Monitor(max)=0.836570 STOP!
2024-09-23 21:45:43,995 P371762 INFO Reduce learning rate on plateau: 0.000100
2024-09-23 21:45:44,047 P371762 INFO ************ Epoch=9 end ************
2024-09-23 21:45:48,512 P371762 INFO Train loss: 0.332904
2024-09-23 21:45:48,513 P371762 INFO Evaluation @epoch 10 - batch 171: 
2024-09-23 21:45:49,249 P371762 INFO [Metrics] AUC: 0.847173 - logloss: 0.322294
2024-09-23 21:45:49,250 P371762 INFO Save best model: monitor(max)=0.847173
2024-09-23 21:45:49,307 P371762 INFO ************ Epoch=10 end ************
2024-09-23 21:45:53,816 P371762 INFO Train loss: 0.320064
2024-09-23 21:45:53,816 P371762 INFO Evaluation @epoch 11 - batch 171: 
2024-09-23 21:45:54,536 P371762 INFO [Metrics] AUC: 0.850663 - logloss: 0.319726
2024-09-23 21:45:54,536 P371762 INFO Save best model: monitor(max)=0.850663
2024-09-23 21:45:54,601 P371762 INFO ************ Epoch=11 end ************
2024-09-23 21:45:58,984 P371762 INFO Train loss: 0.313538
2024-09-23 21:45:58,984 P371762 INFO Evaluation @epoch 12 - batch 171: 
2024-09-23 21:45:59,747 P371762 INFO [Metrics] AUC: 0.851845 - logloss: 0.319274
2024-09-23 21:45:59,748 P371762 INFO Save best model: monitor(max)=0.851845
2024-09-23 21:45:59,804 P371762 INFO ************ Epoch=12 end ************
2024-09-23 21:46:04,212 P371762 INFO Train loss: 0.309368
2024-09-23 21:46:04,212 P371762 INFO Evaluation @epoch 13 - batch 171: 
2024-09-23 21:46:04,954 P371762 INFO [Metrics] AUC: 0.851940 - logloss: 0.319500
2024-09-23 21:46:04,954 P371762 INFO Save best model: monitor(max)=0.851940
2024-09-23 21:46:05,015 P371762 INFO ************ Epoch=13 end ************
2024-09-23 21:46:09,563 P371762 INFO Train loss: 0.305853
2024-09-23 21:46:09,563 P371762 INFO Evaluation @epoch 14 - batch 171: 
2024-09-23 21:46:10,311 P371762 INFO [Metrics] AUC: 0.851864 - logloss: 0.319882
2024-09-23 21:46:10,312 P371762 INFO Monitor(max)=0.851864 STOP!
2024-09-23 21:46:10,312 P371762 INFO Reduce learning rate on plateau: 0.000010
2024-09-23 21:46:10,364 P371762 INFO ************ Epoch=14 end ************
2024-09-23 21:46:14,847 P371762 INFO Train loss: 0.294297
2024-09-23 21:46:14,847 P371762 INFO Evaluation @epoch 15 - batch 171: 
2024-09-23 21:46:15,571 P371762 INFO [Metrics] AUC: 0.851670 - logloss: 0.320335
2024-09-23 21:46:15,571 P371762 INFO Monitor(max)=0.851670 STOP!
2024-09-23 21:46:15,572 P371762 INFO Reduce learning rate on plateau: 0.000001
2024-09-23 21:46:15,572 P371762 INFO ********* Epoch=15 early stop *********
2024-09-23 21:46:15,621 P371762 INFO Training finished.
2024-09-23 21:46:15,622 P371762 INFO Load best model: /workspace/checkpoints/ML_1M_7_x1/IGDCNv3_ML_1M_016_4db93733.model
2024-09-23 21:46:15,628 P371762 INFO ****** Validation evaluation ******
2024-09-23 21:46:16,324 P371762 INFO [Metrics] logloss: 0.319500 - AUC: 0.851940
2024-09-23 21:46:16,445 P371762 INFO ******** Test evaluation ********
2024-09-23 21:46:16,445 P371762 INFO Loading datasets...
2024-09-23 21:46:16,650 P371762 INFO Test samples: total/100022, blocks/1
2024-09-23 21:46:16,650 P371762 INFO Loading test data done.
2024-09-23 21:46:17,114 P371762 INFO [Metrics] logloss: 0.318052 - AUC: 0.851991
