2024-09-23 21:18:31,096 P344840 INFO FuxiCTR version: 2.3.2
2024-09-23 21:18:31,096 P344840 INFO Params: {
    "batch_norm": "True",
    "batch_size": "4096",
    "data_format": "csv",
    "data_root": "dataset/",
    "dataset_id": "ML_1M_7_x1",
    "debug_mode": "False",
    "deep_net_dropout": "0.1",
    "early_stop_patience": "2",
    "embedding_dim": "16",
    "embedding_regularizer": "0.01",
    "epochs": "100",
    "eval_steps": "None",
    "feature_cols": "[{'active': True, 'dtype': 'str', 'name': ['UserID', 'Gender', 'Age', 'Occupation', 'MovieID', 'Release'], 'type': 'categorical'}, {'active': True, 'dtype': 'str', 'encoder': 'MaskedSumPooling', 'max_len': 5, 'name': 'Genres', 'splitter': '^', 'type': 'sequence'}]",
    "feature_config": "None",
    "feature_specs": "None",
    "gpu": "0",
    "group_id": "None",
    "label_col": "{'dtype': 'float', 'name': 'Label'}",
    "layer_norm": "True",
    "learning_rate": "0.001",
    "loss": "binary_crossentropy",
    "metrics": "['logloss', 'AUC']",
    "min_categr_count": "1",
    "model": "IGDCNv3",
    "model_id": "IGDCNv3_ML_1M_002_31ac99be",
    "model_root": "./checkpoints/",
    "monitor": "{'AUC': 1, 'logloss': 0}",
    "monitor_mode": "max",
    "net_regularizer": "0",
    "num_deep_cross_layers": "1",
    "num_heads": "1",
    "num_shallow_cross_layers": "1",
    "num_workers": "4",
    "optimizer": "adam",
    "pickle_feature_encoder": "True",
    "save_best_only": "True",
    "seed": "2024",
    "shallow_net_dropout": "0.2",
    "shuffle": "True",
    "task": "binary_classification",
    "test_data": "dataset/ML_1M/test.csv",
    "train_data": "dataset/ML_1M/train.csv",
    "use_features": "None",
    "valid_data": "dataset/ML_1M/valid.csv",
    "verbose": "1"
}
2024-09-23 21:18:31,097 P344840 INFO Set up feature processor...
2024-09-23 21:18:31,098 P344840 WARNING Skip rebuilding dataset/ML_1M_7_x1/feature_map.json. Please delete it manually if rebuilding is required.
2024-09-23 21:18:31,098 P344840 INFO Load feature_map from json: dataset/ML_1M_7_x1/feature_map.json
2024-09-23 21:18:31,098 P344840 INFO Set column index...
2024-09-23 21:18:31,098 P344840 INFO Feature specs: {
    "Age": "{'source': '', 'type': 'categorical', 'padding_idx': 0, 'vocab_size': 9}",
    "Gender": "{'source': '', 'type': 'categorical', 'padding_idx': 0, 'vocab_size': 4}",
    "Genres": "{'source': '', 'type': 'sequence', 'feature_encoder': 'layers.MaskedAveragePooling()', 'padding_idx': 0, 'max_len': 5, 'vocab_size': 302}",
    "MovieID": "{'source': '', 'type': 'categorical', 'padding_idx': 0, 'vocab_size': 3659}",
    "Occupation": "{'source': '', 'type': 'categorical', 'padding_idx': 0, 'vocab_size': 23}",
    "Release": "{'source': '', 'type': 'categorical', 'padding_idx': 0, 'vocab_size': 83}",
    "UserID": "{'source': '', 'type': 'categorical', 'padding_idx': 0, 'vocab_size': 6042}"
}
2024-09-23 21:18:32,312 P344840 INFO Total number of parameters: 175286.
2024-09-23 21:18:32,313 P344840 INFO Loading datasets...
2024-09-23 21:18:33,870 P344840 INFO Train samples: total/700146, blocks/1
2024-09-23 21:18:34,329 P344840 INFO Validation samples: total/200041, blocks/1
2024-09-23 21:18:34,330 P344840 INFO Loading train and validation data done.
2024-09-23 21:18:34,330 P344840 INFO Start training: 171 batches/epoch
2024-09-23 21:18:34,330 P344840 INFO ************ Epoch=1 start ************
2024-09-23 21:18:39,318 P344840 INFO Train loss: 0.464432
2024-09-23 21:18:39,318 P344840 INFO Evaluation @epoch 1 - batch 171: 
2024-09-23 21:18:40,034 P344840 INFO [Metrics] AUC: 0.800438 - logloss: 0.358804
2024-09-23 21:18:40,034 P344840 INFO Save best model: monitor(max)=0.800438
2024-09-23 21:18:40,076 P344840 INFO ************ Epoch=1 end ************
2024-09-23 21:18:44,100 P344840 INFO Train loss: 0.384304
2024-09-23 21:18:44,101 P344840 INFO Evaluation @epoch 2 - batch 171: 
2024-09-23 21:18:44,831 P344840 INFO [Metrics] AUC: 0.804968 - logloss: 0.355914
2024-09-23 21:18:44,832 P344840 INFO Save best model: monitor(max)=0.804968
2024-09-23 21:18:44,888 P344840 INFO ************ Epoch=2 end ************
2024-09-23 21:18:48,879 P344840 INFO Train loss: 0.374458
2024-09-23 21:18:48,879 P344840 INFO Evaluation @epoch 3 - batch 171: 
2024-09-23 21:18:49,617 P344840 INFO [Metrics] AUC: 0.809642 - logloss: 0.351953
2024-09-23 21:18:49,618 P344840 INFO Save best model: monitor(max)=0.809642
2024-09-23 21:18:49,676 P344840 INFO ************ Epoch=3 end ************
2024-09-23 21:18:53,614 P344840 INFO Train loss: 0.369274
2024-09-23 21:18:53,615 P344840 INFO Evaluation @epoch 4 - batch 171: 
2024-09-23 21:18:54,356 P344840 INFO [Metrics] AUC: 0.811679 - logloss: 0.350171
2024-09-23 21:18:54,357 P344840 INFO Save best model: monitor(max)=0.811679
2024-09-23 21:18:54,414 P344840 INFO ************ Epoch=4 end ************
2024-09-23 21:18:58,362 P344840 INFO Train loss: 0.365646
2024-09-23 21:18:58,362 P344840 INFO Evaluation @epoch 5 - batch 171: 
2024-09-23 21:18:59,109 P344840 INFO [Metrics] AUC: 0.815616 - logloss: 0.347447
2024-09-23 21:18:59,110 P344840 INFO Save best model: monitor(max)=0.815616
2024-09-23 21:18:59,167 P344840 INFO ************ Epoch=5 end ************
2024-09-23 21:19:03,189 P344840 INFO Train loss: 0.362827
2024-09-23 21:19:03,190 P344840 INFO Evaluation @epoch 6 - batch 171: 
2024-09-23 21:19:03,945 P344840 INFO [Metrics] AUC: 0.816764 - logloss: 0.346733
2024-09-23 21:19:03,946 P344840 INFO Save best model: monitor(max)=0.816764
2024-09-23 21:19:04,005 P344840 INFO ************ Epoch=6 end ************
2024-09-23 21:19:07,996 P344840 INFO Train loss: 0.360606
2024-09-23 21:19:07,996 P344840 INFO Evaluation @epoch 7 - batch 171: 
2024-09-23 21:19:08,754 P344840 INFO [Metrics] AUC: 0.816492 - logloss: 0.347061
2024-09-23 21:19:08,754 P344840 INFO Monitor(max)=0.816492 STOP!
2024-09-23 21:19:08,755 P344840 INFO Reduce learning rate on plateau: 0.000100
2024-09-23 21:19:08,804 P344840 INFO ************ Epoch=7 end ************
2024-09-23 21:19:12,829 P344840 INFO Train loss: 0.349261
2024-09-23 21:19:12,829 P344840 INFO Evaluation @epoch 8 - batch 171: 
2024-09-23 21:19:13,571 P344840 INFO [Metrics] AUC: 0.823750 - logloss: 0.341328
2024-09-23 21:19:13,572 P344840 INFO Save best model: monitor(max)=0.823750
2024-09-23 21:19:13,628 P344840 INFO ************ Epoch=8 end ************
2024-09-23 21:19:17,607 P344840 INFO Train loss: 0.344230
2024-09-23 21:19:17,608 P344840 INFO Evaluation @epoch 9 - batch 171: 
2024-09-23 21:19:18,357 P344840 INFO [Metrics] AUC: 0.825522 - logloss: 0.339997
2024-09-23 21:19:18,358 P344840 INFO Save best model: monitor(max)=0.825522
2024-09-23 21:19:18,420 P344840 INFO ************ Epoch=9 end ************
2024-09-23 21:19:22,432 P344840 INFO Train loss: 0.342291
2024-09-23 21:19:22,433 P344840 INFO Evaluation @epoch 10 - batch 171: 
2024-09-23 21:19:23,203 P344840 INFO [Metrics] AUC: 0.826199 - logloss: 0.339580
2024-09-23 21:19:23,204 P344840 INFO Save best model: monitor(max)=0.826199
2024-09-23 21:19:23,260 P344840 INFO ************ Epoch=10 end ************
2024-09-23 21:19:27,196 P344840 INFO Train loss: 0.340885
2024-09-23 21:19:27,197 P344840 INFO Evaluation @epoch 11 - batch 171: 
2024-09-23 21:19:27,907 P344840 INFO [Metrics] AUC: 0.826484 - logloss: 0.339349
2024-09-23 21:19:27,907 P344840 INFO Save best model: monitor(max)=0.826484
2024-09-23 21:19:27,963 P344840 INFO ************ Epoch=11 end ************
2024-09-23 21:19:32,001 P344840 INFO Train loss: 0.339992
2024-09-23 21:19:32,002 P344840 INFO Evaluation @epoch 12 - batch 171: 
2024-09-23 21:19:32,738 P344840 INFO [Metrics] AUC: 0.826661 - logloss: 0.339255
2024-09-23 21:19:32,739 P344840 INFO Save best model: monitor(max)=0.826661
2024-09-23 21:19:32,793 P344840 INFO ************ Epoch=12 end ************
2024-09-23 21:19:36,805 P344840 INFO Train loss: 0.339293
2024-09-23 21:19:36,805 P344840 INFO Evaluation @epoch 13 - batch 171: 
2024-09-23 21:19:37,499 P344840 INFO [Metrics] AUC: 0.826678 - logloss: 0.339180
2024-09-23 21:19:37,500 P344840 INFO Save best model: monitor(max)=0.826678
2024-09-23 21:19:37,554 P344840 INFO ************ Epoch=13 end ************
2024-09-23 21:19:41,492 P344840 INFO Train loss: 0.338628
2024-09-23 21:19:41,492 P344840 INFO Evaluation @epoch 14 - batch 171: 
2024-09-23 21:19:42,188 P344840 INFO [Metrics] AUC: 0.826714 - logloss: 0.339130
2024-09-23 21:19:42,189 P344840 INFO Save best model: monitor(max)=0.826714
2024-09-23 21:19:42,247 P344840 INFO ************ Epoch=14 end ************
2024-09-23 21:19:46,192 P344840 INFO Train loss: 0.338140
2024-09-23 21:19:46,193 P344840 INFO Evaluation @epoch 15 - batch 171: 
2024-09-23 21:19:46,921 P344840 INFO [Metrics] AUC: 0.826881 - logloss: 0.339023
2024-09-23 21:19:46,922 P344840 INFO Save best model: monitor(max)=0.826881
2024-09-23 21:19:46,978 P344840 INFO ************ Epoch=15 end ************
2024-09-23 21:19:50,923 P344840 INFO Train loss: 0.337754
2024-09-23 21:19:50,923 P344840 INFO Evaluation @epoch 16 - batch 171: 
2024-09-23 21:19:51,628 P344840 INFO [Metrics] AUC: 0.826813 - logloss: 0.339038
2024-09-23 21:19:51,628 P344840 INFO Monitor(max)=0.826813 STOP!
2024-09-23 21:19:51,628 P344840 INFO Reduce learning rate on plateau: 0.000010
2024-09-23 21:19:51,680 P344840 INFO ************ Epoch=16 end ************
2024-09-23 21:19:55,747 P344840 INFO Train loss: 0.334728
2024-09-23 21:19:55,747 P344840 INFO Evaluation @epoch 17 - batch 171: 
2024-09-23 21:19:56,506 P344840 INFO [Metrics] AUC: 0.826865 - logloss: 0.339050
2024-09-23 21:19:56,507 P344840 INFO Monitor(max)=0.826865 STOP!
2024-09-23 21:19:56,507 P344840 INFO Reduce learning rate on plateau: 0.000001
2024-09-23 21:19:56,507 P344840 INFO ********* Epoch=17 early stop *********
2024-09-23 21:19:56,560 P344840 INFO Training finished.
2024-09-23 21:19:56,560 P344840 INFO Load best model: /workspace/checkpoints/ML_1M_7_x1/IGDCNv3_ML_1M_002_31ac99be.model
2024-09-23 21:19:56,565 P344840 INFO ****** Validation evaluation ******
2024-09-23 21:19:57,297 P344840 INFO [Metrics] logloss: 0.339023 - AUC: 0.826881
2024-09-23 21:19:57,420 P344840 INFO ******** Test evaluation ********
2024-09-23 21:19:57,421 P344840 INFO Loading datasets...
2024-09-23 21:19:57,631 P344840 INFO Test samples: total/100022, blocks/1
2024-09-23 21:19:57,631 P344840 INFO Loading test data done.
2024-09-23 21:19:58,116 P344840 INFO [Metrics] logloss: 0.338074 - AUC: 0.826719
