2024-09-23 21:54:27,239 P380717 INFO FuxiCTR version: 2.3.2
2024-09-23 21:54:27,239 P380717 INFO Params: {
    "batch_norm": "True",
    "batch_size": "4096",
    "data_format": "csv",
    "data_root": "dataset/",
    "dataset_id": "ML_1M_7_x1",
    "debug_mode": "False",
    "deep_net_dropout": "0.1",
    "early_stop_patience": "2",
    "embedding_dim": "16",
    "embedding_regularizer": "0.01",
    "epochs": "100",
    "eval_steps": "None",
    "feature_cols": "[{'active': True, 'dtype': 'str', 'name': ['UserID', 'Gender', 'Age', 'Occupation', 'MovieID', 'Release'], 'type': 'categorical'}, {'active': True, 'dtype': 'str', 'encoder': 'MaskedSumPooling', 'max_len': 5, 'name': 'Genres', 'splitter': '^', 'type': 'sequence'}]",
    "feature_config": "None",
    "feature_specs": "None",
    "gpu": "0",
    "group_id": "None",
    "label_col": "{'dtype': 'float', 'name': 'Label'}",
    "layer_norm": "True",
    "learning_rate": "0.001",
    "loss": "binary_crossentropy",
    "metrics": "['logloss', 'AUC']",
    "min_categr_count": "1",
    "model": "IGDCNv3",
    "model_id": "IGDCNv3_ML_1M_021_dfc4cc4e",
    "model_root": "./checkpoints/",
    "monitor": "{'AUC': 1, 'logloss': 0}",
    "monitor_mode": "max",
    "net_regularizer": "0",
    "num_deep_cross_layers": "1",
    "num_heads": "1",
    "num_shallow_cross_layers": "3",
    "num_workers": "4",
    "optimizer": "adam",
    "pickle_feature_encoder": "True",
    "save_best_only": "True",
    "seed": "2024",
    "shallow_net_dropout": "0.3",
    "shuffle": "True",
    "task": "binary_classification",
    "test_data": "dataset/ML_1M/test.csv",
    "train_data": "dataset/ML_1M/train.csv",
    "use_features": "None",
    "valid_data": "dataset/ML_1M/valid.csv",
    "verbose": "1"
}
2024-09-23 21:54:27,240 P380717 INFO Set up feature processor...
2024-09-23 21:54:27,241 P380717 WARNING Skip rebuilding dataset/ML_1M_7_x1/feature_map.json. Please delete it manually if rebuilding is required.
2024-09-23 21:54:27,241 P380717 INFO Load feature_map from json: dataset/ML_1M_7_x1/feature_map.json
2024-09-23 21:54:27,241 P380717 INFO Set column index...
2024-09-23 21:54:27,241 P380717 INFO Feature specs: {
    "Age": "{'source': '', 'type': 'categorical', 'padding_idx': 0, 'vocab_size': 9}",
    "Gender": "{'source': '', 'type': 'categorical', 'padding_idx': 0, 'vocab_size': 4}",
    "Genres": "{'source': '', 'type': 'sequence', 'feature_encoder': 'layers.MaskedAveragePooling()', 'padding_idx': 0, 'max_len': 5, 'vocab_size': 302}",
    "MovieID": "{'source': '', 'type': 'categorical', 'padding_idx': 0, 'vocab_size': 3659}",
    "Occupation": "{'source': '', 'type': 'categorical', 'padding_idx': 0, 'vocab_size': 23}",
    "Release": "{'source': '', 'type': 'categorical', 'padding_idx': 0, 'vocab_size': 83}",
    "UserID": "{'source': '', 'type': 'categorical', 'padding_idx': 0, 'vocab_size': 6042}"
}
2024-09-23 21:54:28,457 P380717 INFO Total number of parameters: 188394.
2024-09-23 21:54:28,458 P380717 INFO Loading datasets...
2024-09-23 21:54:30,000 P380717 INFO Train samples: total/700146, blocks/1
2024-09-23 21:54:30,444 P380717 INFO Validation samples: total/200041, blocks/1
2024-09-23 21:54:30,444 P380717 INFO Loading train and validation data done.
2024-09-23 21:54:30,444 P380717 INFO Start training: 171 batches/epoch
2024-09-23 21:54:30,444 P380717 INFO ************ Epoch=1 start ************
2024-09-23 21:54:36,285 P380717 INFO Train loss: 0.446050
2024-09-23 21:54:36,286 P380717 INFO Evaluation @epoch 1 - batch 171: 
2024-09-23 21:54:37,069 P380717 INFO [Metrics] AUC: 0.800503 - logloss: 0.357852
2024-09-23 21:54:37,070 P380717 INFO Save best model: monitor(max)=0.800503
2024-09-23 21:54:37,113 P380717 INFO ************ Epoch=1 end ************
2024-09-23 21:54:41,874 P380717 INFO Train loss: 0.380699
2024-09-23 21:54:41,875 P380717 INFO Evaluation @epoch 2 - batch 171: 
2024-09-23 21:54:42,647 P380717 INFO [Metrics] AUC: 0.809561 - logloss: 0.352184
2024-09-23 21:54:42,648 P380717 INFO Save best model: monitor(max)=0.809561
2024-09-23 21:54:42,705 P380717 INFO ************ Epoch=2 end ************
2024-09-23 21:54:47,467 P380717 INFO Train loss: 0.372112
2024-09-23 21:54:47,467 P380717 INFO Evaluation @epoch 3 - batch 171: 
2024-09-23 21:54:48,224 P380717 INFO [Metrics] AUC: 0.812420 - logloss: 0.349653
2024-09-23 21:54:48,225 P380717 INFO Save best model: monitor(max)=0.812420
2024-09-23 21:54:48,282 P380717 INFO ************ Epoch=3 end ************
2024-09-23 21:54:53,015 P380717 INFO Train loss: 0.368572
2024-09-23 21:54:53,016 P380717 INFO Evaluation @epoch 4 - batch 171: 
2024-09-23 21:54:53,781 P380717 INFO [Metrics] AUC: 0.815701 - logloss: 0.346931
2024-09-23 21:54:53,782 P380717 INFO Save best model: monitor(max)=0.815701
2024-09-23 21:54:53,846 P380717 INFO ************ Epoch=4 end ************
2024-09-23 21:54:58,550 P380717 INFO Train loss: 0.368167
2024-09-23 21:54:58,550 P380717 INFO Evaluation @epoch 5 - batch 171: 
2024-09-23 21:54:59,316 P380717 INFO [Metrics] AUC: 0.820254 - logloss: 0.343047
2024-09-23 21:54:59,317 P380717 INFO Save best model: monitor(max)=0.820254
2024-09-23 21:54:59,376 P380717 INFO ************ Epoch=5 end ************
2024-09-23 21:55:04,255 P380717 INFO Train loss: 0.365791
2024-09-23 21:55:04,256 P380717 INFO Evaluation @epoch 6 - batch 171: 
2024-09-23 21:55:05,024 P380717 INFO [Metrics] AUC: 0.825273 - logloss: 0.339740
2024-09-23 21:55:05,025 P380717 INFO Save best model: monitor(max)=0.825273
2024-09-23 21:55:05,085 P380717 INFO ************ Epoch=6 end ************
2024-09-23 21:55:10,018 P380717 INFO Train loss: 0.363121
2024-09-23 21:55:10,018 P380717 INFO Evaluation @epoch 7 - batch 171: 
2024-09-23 21:55:10,767 P380717 INFO [Metrics] AUC: 0.828347 - logloss: 0.337088
2024-09-23 21:55:10,768 P380717 INFO Save best model: monitor(max)=0.828347
2024-09-23 21:55:10,827 P380717 INFO ************ Epoch=7 end ************
2024-09-23 21:55:15,653 P380717 INFO Train loss: 0.361159
2024-09-23 21:55:15,654 P380717 INFO Evaluation @epoch 8 - batch 171: 
2024-09-23 21:55:16,393 P380717 INFO [Metrics] AUC: 0.831326 - logloss: 0.334853
2024-09-23 21:55:16,394 P380717 INFO Save best model: monitor(max)=0.831326
2024-09-23 21:55:16,450 P380717 INFO ************ Epoch=8 end ************
2024-09-23 21:55:21,215 P380717 INFO Train loss: 0.358694
2024-09-23 21:55:21,216 P380717 INFO Evaluation @epoch 9 - batch 171: 
2024-09-23 21:55:21,976 P380717 INFO [Metrics] AUC: 0.833266 - logloss: 0.333365
2024-09-23 21:55:21,977 P380717 INFO Save best model: monitor(max)=0.833266
2024-09-23 21:55:22,035 P380717 INFO ************ Epoch=9 end ************
2024-09-23 21:55:26,915 P380717 INFO Train loss: 0.357023
2024-09-23 21:55:26,915 P380717 INFO Evaluation @epoch 10 - batch 171: 
2024-09-23 21:55:27,697 P380717 INFO [Metrics] AUC: 0.835707 - logloss: 0.331731
2024-09-23 21:55:27,697 P380717 INFO Save best model: monitor(max)=0.835707
2024-09-23 21:55:27,755 P380717 INFO ************ Epoch=10 end ************
2024-09-23 21:55:32,628 P380717 INFO Train loss: 0.355633
2024-09-23 21:55:32,628 P380717 INFO Evaluation @epoch 11 - batch 171: 
2024-09-23 21:55:33,379 P380717 INFO [Metrics] AUC: 0.835759 - logloss: 0.331373
2024-09-23 21:55:33,380 P380717 INFO Save best model: monitor(max)=0.835759
2024-09-23 21:55:33,443 P380717 INFO ************ Epoch=11 end ************
2024-09-23 21:55:38,431 P380717 INFO Train loss: 0.354802
2024-09-23 21:55:38,431 P380717 INFO Evaluation @epoch 12 - batch 171: 
2024-09-23 21:55:39,199 P380717 INFO [Metrics] AUC: 0.837292 - logloss: 0.329994
2024-09-23 21:55:39,199 P380717 INFO Save best model: monitor(max)=0.837292
2024-09-23 21:55:39,256 P380717 INFO ************ Epoch=12 end ************
2024-09-23 21:55:44,089 P380717 INFO Train loss: 0.354049
2024-09-23 21:55:44,089 P380717 INFO Evaluation @epoch 13 - batch 171: 
2024-09-23 21:55:44,856 P380717 INFO [Metrics] AUC: 0.838297 - logloss: 0.329371
2024-09-23 21:55:44,856 P380717 INFO Save best model: monitor(max)=0.838297
2024-09-23 21:55:44,916 P380717 INFO ************ Epoch=13 end ************
2024-09-23 21:55:49,679 P380717 INFO Train loss: 0.353417
2024-09-23 21:55:49,679 P380717 INFO Evaluation @epoch 14 - batch 171: 
2024-09-23 21:55:50,445 P380717 INFO [Metrics] AUC: 0.839060 - logloss: 0.328754
2024-09-23 21:55:50,446 P380717 INFO Save best model: monitor(max)=0.839060
2024-09-23 21:55:50,506 P380717 INFO ************ Epoch=14 end ************
2024-09-23 21:55:55,276 P380717 INFO Train loss: 0.352898
2024-09-23 21:55:55,276 P380717 INFO Evaluation @epoch 15 - batch 171: 
2024-09-23 21:55:56,055 P380717 INFO [Metrics] AUC: 0.840295 - logloss: 0.328251
2024-09-23 21:55:56,055 P380717 INFO Save best model: monitor(max)=0.840295
2024-09-23 21:55:56,113 P380717 INFO ************ Epoch=15 end ************
2024-09-23 21:56:00,917 P380717 INFO Train loss: 0.352277
2024-09-23 21:56:00,917 P380717 INFO Evaluation @epoch 16 - batch 171: 
2024-09-23 21:56:01,687 P380717 INFO [Metrics] AUC: 0.840290 - logloss: 0.327923
2024-09-23 21:56:01,688 P380717 INFO Monitor(max)=0.840290 STOP!
2024-09-23 21:56:01,688 P380717 INFO Reduce learning rate on plateau: 0.000100
2024-09-23 21:56:01,740 P380717 INFO ************ Epoch=16 end ************
2024-09-23 21:56:06,622 P380717 INFO Train loss: 0.329652
2024-09-23 21:56:06,622 P380717 INFO Evaluation @epoch 17 - batch 171: 
2024-09-23 21:56:07,362 P380717 INFO [Metrics] AUC: 0.848271 - logloss: 0.321225
2024-09-23 21:56:07,362 P380717 INFO Save best model: monitor(max)=0.848271
2024-09-23 21:56:07,426 P380717 INFO ************ Epoch=17 end ************
2024-09-23 21:56:12,467 P380717 INFO Train loss: 0.319183
2024-09-23 21:56:12,467 P380717 INFO Evaluation @epoch 18 - batch 171: 
2024-09-23 21:56:13,241 P380717 INFO [Metrics] AUC: 0.851405 - logloss: 0.318838
2024-09-23 21:56:13,242 P380717 INFO Save best model: monitor(max)=0.851405
2024-09-23 21:56:13,302 P380717 INFO ************ Epoch=18 end ************
2024-09-23 21:56:18,149 P380717 INFO Train loss: 0.314153
2024-09-23 21:56:18,149 P380717 INFO Evaluation @epoch 19 - batch 171: 
2024-09-23 21:56:18,890 P380717 INFO [Metrics] AUC: 0.852655 - logloss: 0.317839
2024-09-23 21:56:18,891 P380717 INFO Save best model: monitor(max)=0.852655
2024-09-23 21:56:18,959 P380717 INFO ************ Epoch=19 end ************
2024-09-23 21:56:23,873 P380717 INFO Train loss: 0.310597
2024-09-23 21:56:23,873 P380717 INFO Evaluation @epoch 20 - batch 171: 
2024-09-23 21:56:24,636 P380717 INFO [Metrics] AUC: 0.853130 - logloss: 0.317784
2024-09-23 21:56:24,637 P380717 INFO Save best model: monitor(max)=0.853130
2024-09-23 21:56:24,697 P380717 INFO ************ Epoch=20 end ************
2024-09-23 21:56:29,716 P380717 INFO Train loss: 0.307797
2024-09-23 21:56:29,716 P380717 INFO Evaluation @epoch 21 - batch 171: 
2024-09-23 21:56:30,509 P380717 INFO [Metrics] AUC: 0.853361 - logloss: 0.317769
2024-09-23 21:56:30,510 P380717 INFO Save best model: monitor(max)=0.853361
2024-09-23 21:56:30,569 P380717 INFO ************ Epoch=21 end ************
2024-09-23 21:56:35,569 P380717 INFO Train loss: 0.305875
2024-09-23 21:56:35,570 P380717 INFO Evaluation @epoch 22 - batch 171: 
2024-09-23 21:56:36,311 P380717 INFO [Metrics] AUC: 0.853372 - logloss: 0.317943
2024-09-23 21:56:36,311 P380717 INFO Save best model: monitor(max)=0.853372
2024-09-23 21:56:36,369 P380717 INFO ************ Epoch=22 end ************
2024-09-23 21:56:41,204 P380717 INFO Train loss: 0.303694
2024-09-23 21:56:41,204 P380717 INFO Evaluation @epoch 23 - batch 171: 
2024-09-23 21:56:41,945 P380717 INFO [Metrics] AUC: 0.853393 - logloss: 0.318255
2024-09-23 21:56:41,945 P380717 INFO Save best model: monitor(max)=0.853393
2024-09-23 21:56:42,002 P380717 INFO ************ Epoch=23 end ************
2024-09-23 21:56:46,813 P380717 INFO Train loss: 0.302013
2024-09-23 21:56:46,814 P380717 INFO Evaluation @epoch 24 - batch 171: 
2024-09-23 21:56:47,617 P380717 INFO [Metrics] AUC: 0.853004 - logloss: 0.318869
2024-09-23 21:56:47,618 P380717 INFO Monitor(max)=0.853004 STOP!
2024-09-23 21:56:47,618 P380717 INFO Reduce learning rate on plateau: 0.000010
2024-09-23 21:56:47,666 P380717 INFO ************ Epoch=24 end ************
2024-09-23 21:56:52,447 P380717 INFO Train loss: 0.292178
2024-09-23 21:56:52,447 P380717 INFO Evaluation @epoch 25 - batch 171: 
2024-09-23 21:56:53,217 P380717 INFO [Metrics] AUC: 0.852976 - logloss: 0.319103
2024-09-23 21:56:53,218 P380717 INFO Monitor(max)=0.852976 STOP!
2024-09-23 21:56:53,218 P380717 INFO Reduce learning rate on plateau: 0.000001
2024-09-23 21:56:53,218 P380717 INFO ********* Epoch=25 early stop *********
2024-09-23 21:56:53,272 P380717 INFO Training finished.
2024-09-23 21:56:53,272 P380717 INFO Load best model: /workspace/checkpoints/ML_1M_7_x1/IGDCNv3_ML_1M_021_dfc4cc4e.model
2024-09-23 21:56:53,280 P380717 INFO ****** Validation evaluation ******
2024-09-23 21:56:54,036 P380717 INFO [Metrics] logloss: 0.318255 - AUC: 0.853393
2024-09-23 21:56:54,158 P380717 INFO ******** Test evaluation ********
2024-09-23 21:56:54,158 P380717 INFO Loading datasets...
2024-09-23 21:56:54,370 P380717 INFO Test samples: total/100022, blocks/1
2024-09-23 21:56:54,370 P380717 INFO Loading test data done.
2024-09-23 21:56:54,853 P380717 INFO [Metrics] logloss: 0.317279 - AUC: 0.852932
