2024-09-23 21:27:46,556 P354587 INFO FuxiCTR version: 2.3.2
2024-09-23 21:27:46,557 P354587 INFO Params: {
    "batch_norm": "True",
    "batch_size": "4096",
    "data_format": "csv",
    "data_root": "dataset/",
    "dataset_id": "ML_1M_7_x1",
    "debug_mode": "False",
    "deep_net_dropout": "0.3",
    "early_stop_patience": "2",
    "embedding_dim": "16",
    "embedding_regularizer": "0.01",
    "epochs": "100",
    "eval_steps": "None",
    "feature_cols": "[{'active': True, 'dtype': 'str', 'name': ['UserID', 'Gender', 'Age', 'Occupation', 'MovieID', 'Release'], 'type': 'categorical'}, {'active': True, 'dtype': 'str', 'encoder': 'MaskedSumPooling', 'max_len': 5, 'name': 'Genres', 'splitter': '^', 'type': 'sequence'}]",
    "feature_config": "None",
    "feature_specs": "None",
    "gpu": "0",
    "group_id": "None",
    "label_col": "{'dtype': 'float', 'name': 'Label'}",
    "layer_norm": "True",
    "learning_rate": "0.001",
    "loss": "binary_crossentropy",
    "metrics": "['logloss', 'AUC']",
    "min_categr_count": "1",
    "model": "IGDCNv3",
    "model_id": "IGDCNv3_ML_1M_007_6b59504d",
    "model_root": "./checkpoints/",
    "monitor": "{'AUC': 1, 'logloss': 0}",
    "monitor_mode": "max",
    "net_regularizer": "0",
    "num_deep_cross_layers": "1",
    "num_heads": "1",
    "num_shallow_cross_layers": "1",
    "num_workers": "4",
    "optimizer": "adam",
    "pickle_feature_encoder": "True",
    "save_best_only": "True",
    "seed": "2024",
    "shallow_net_dropout": "0.1",
    "shuffle": "True",
    "task": "binary_classification",
    "test_data": "dataset/ML_1M/test.csv",
    "train_data": "dataset/ML_1M/train.csv",
    "use_features": "None",
    "valid_data": "dataset/ML_1M/valid.csv",
    "verbose": "1"
}
2024-09-23 21:27:46,558 P354587 INFO Set up feature processor...
2024-09-23 21:27:46,558 P354587 WARNING Skip rebuilding dataset/ML_1M_7_x1/feature_map.json. Please delete it manually if rebuilding is required.
2024-09-23 21:27:46,558 P354587 INFO Load feature_map from json: dataset/ML_1M_7_x1/feature_map.json
2024-09-23 21:27:46,559 P354587 INFO Set column index...
2024-09-23 21:27:46,559 P354587 INFO Feature specs: {
    "Age": "{'source': '', 'type': 'categorical', 'padding_idx': 0, 'vocab_size': 9}",
    "Gender": "{'source': '', 'type': 'categorical', 'padding_idx': 0, 'vocab_size': 4}",
    "Genres": "{'source': '', 'type': 'sequence', 'feature_encoder': 'layers.MaskedAveragePooling()', 'padding_idx': 0, 'max_len': 5, 'vocab_size': 302}",
    "MovieID": "{'source': '', 'type': 'categorical', 'padding_idx': 0, 'vocab_size': 3659}",
    "Occupation": "{'source': '', 'type': 'categorical', 'padding_idx': 0, 'vocab_size': 23}",
    "Release": "{'source': '', 'type': 'categorical', 'padding_idx': 0, 'vocab_size': 83}",
    "UserID": "{'source': '', 'type': 'categorical', 'padding_idx': 0, 'vocab_size': 6042}"
}
2024-09-23 21:27:47,775 P354587 INFO Total number of parameters: 175286.
2024-09-23 21:27:47,776 P354587 INFO Loading datasets...
2024-09-23 21:27:49,290 P354587 INFO Train samples: total/700146, blocks/1
2024-09-23 21:27:49,737 P354587 INFO Validation samples: total/200041, blocks/1
2024-09-23 21:27:49,737 P354587 INFO Loading train and validation data done.
2024-09-23 21:27:49,738 P354587 INFO Start training: 171 batches/epoch
2024-09-23 21:27:49,738 P354587 INFO ************ Epoch=1 start ************
2024-09-23 21:27:54,567 P354587 INFO Train loss: 0.464243
2024-09-23 21:27:54,567 P354587 INFO Evaluation @epoch 1 - batch 171: 
2024-09-23 21:27:55,273 P354587 INFO [Metrics] AUC: 0.800416 - logloss: 0.358831
2024-09-23 21:27:55,274 P354587 INFO Save best model: monitor(max)=0.800416
2024-09-23 21:27:55,317 P354587 INFO ************ Epoch=1 end ************
2024-09-23 21:27:59,195 P354587 INFO Train loss: 0.384382
2024-09-23 21:27:59,195 P354587 INFO Evaluation @epoch 2 - batch 171: 
2024-09-23 21:27:59,906 P354587 INFO [Metrics] AUC: 0.805036 - logloss: 0.355852
2024-09-23 21:27:59,906 P354587 INFO Save best model: monitor(max)=0.805036
2024-09-23 21:27:59,962 P354587 INFO ************ Epoch=2 end ************
2024-09-23 21:28:03,862 P354587 INFO Train loss: 0.374769
2024-09-23 21:28:03,862 P354587 INFO Evaluation @epoch 3 - batch 171: 
2024-09-23 21:28:04,581 P354587 INFO [Metrics] AUC: 0.809441 - logloss: 0.352089
2024-09-23 21:28:04,581 P354587 INFO Save best model: monitor(max)=0.809441
2024-09-23 21:28:04,637 P354587 INFO ************ Epoch=3 end ************
2024-09-23 21:28:08,554 P354587 INFO Train loss: 0.369788
2024-09-23 21:28:08,554 P354587 INFO Evaluation @epoch 4 - batch 171: 
2024-09-23 21:28:09,260 P354587 INFO [Metrics] AUC: 0.811595 - logloss: 0.350303
2024-09-23 21:28:09,261 P354587 INFO Save best model: monitor(max)=0.811595
2024-09-23 21:28:09,315 P354587 INFO ************ Epoch=4 end ************
2024-09-23 21:28:13,216 P354587 INFO Train loss: 0.366615
2024-09-23 21:28:13,217 P354587 INFO Evaluation @epoch 5 - batch 171: 
2024-09-23 21:28:13,918 P354587 INFO [Metrics] AUC: 0.815122 - logloss: 0.347782
2024-09-23 21:28:13,919 P354587 INFO Save best model: monitor(max)=0.815122
2024-09-23 21:28:13,977 P354587 INFO ************ Epoch=5 end ************
2024-09-23 21:28:17,945 P354587 INFO Train loss: 0.363899
2024-09-23 21:28:17,946 P354587 INFO Evaluation @epoch 6 - batch 171: 
2024-09-23 21:28:18,680 P354587 INFO [Metrics] AUC: 0.816160 - logloss: 0.347123
2024-09-23 21:28:18,681 P354587 INFO Save best model: monitor(max)=0.816160
2024-09-23 21:28:18,736 P354587 INFO ************ Epoch=6 end ************
2024-09-23 21:28:22,643 P354587 INFO Train loss: 0.361877
2024-09-23 21:28:22,643 P354587 INFO Evaluation @epoch 7 - batch 171: 
2024-09-23 21:28:23,368 P354587 INFO [Metrics] AUC: 0.815622 - logloss: 0.347555
2024-09-23 21:28:23,369 P354587 INFO Monitor(max)=0.815622 STOP!
2024-09-23 21:28:23,369 P354587 INFO Reduce learning rate on plateau: 0.000100
2024-09-23 21:28:23,418 P354587 INFO ************ Epoch=7 end ************
2024-09-23 21:28:27,428 P354587 INFO Train loss: 0.350480
2024-09-23 21:28:27,429 P354587 INFO Evaluation @epoch 8 - batch 171: 
2024-09-23 21:28:28,143 P354587 INFO [Metrics] AUC: 0.823509 - logloss: 0.341469
2024-09-23 21:28:28,143 P354587 INFO Save best model: monitor(max)=0.823509
2024-09-23 21:28:28,199 P354587 INFO ************ Epoch=8 end ************
2024-09-23 21:28:32,142 P354587 INFO Train loss: 0.344920
2024-09-23 21:28:32,142 P354587 INFO Evaluation @epoch 9 - batch 171: 
2024-09-23 21:28:32,850 P354587 INFO [Metrics] AUC: 0.825492 - logloss: 0.340007
2024-09-23 21:28:32,851 P354587 INFO Save best model: monitor(max)=0.825492
2024-09-23 21:28:32,909 P354587 INFO ************ Epoch=9 end ************
2024-09-23 21:28:36,764 P354587 INFO Train loss: 0.342927
2024-09-23 21:28:36,764 P354587 INFO Evaluation @epoch 10 - batch 171: 
2024-09-23 21:28:37,478 P354587 INFO [Metrics] AUC: 0.826230 - logloss: 0.339551
2024-09-23 21:28:37,479 P354587 INFO Save best model: monitor(max)=0.826230
2024-09-23 21:28:37,534 P354587 INFO ************ Epoch=10 end ************
2024-09-23 21:28:41,448 P354587 INFO Train loss: 0.341445
2024-09-23 21:28:41,448 P354587 INFO Evaluation @epoch 11 - batch 171: 
2024-09-23 21:28:42,178 P354587 INFO [Metrics] AUC: 0.826503 - logloss: 0.339327
2024-09-23 21:28:42,178 P354587 INFO Save best model: monitor(max)=0.826503
2024-09-23 21:28:42,235 P354587 INFO ************ Epoch=11 end ************
2024-09-23 21:28:46,130 P354587 INFO Train loss: 0.340450
2024-09-23 21:28:46,130 P354587 INFO Evaluation @epoch 12 - batch 171: 
2024-09-23 21:28:46,817 P354587 INFO [Metrics] AUC: 0.826673 - logloss: 0.339221
2024-09-23 21:28:46,818 P354587 INFO Save best model: monitor(max)=0.826673
2024-09-23 21:28:46,873 P354587 INFO ************ Epoch=12 end ************
2024-09-23 21:28:50,867 P354587 INFO Train loss: 0.339822
2024-09-23 21:28:50,867 P354587 INFO Evaluation @epoch 13 - batch 171: 
2024-09-23 21:28:51,544 P354587 INFO [Metrics] AUC: 0.826665 - logloss: 0.339167
2024-09-23 21:28:51,545 P354587 INFO Monitor(max)=0.826665 STOP!
2024-09-23 21:28:51,545 P354587 INFO Reduce learning rate on plateau: 0.000010
2024-09-23 21:28:51,595 P354587 INFO ************ Epoch=13 end ************
2024-09-23 21:28:55,606 P354587 INFO Train loss: 0.336542
2024-09-23 21:28:55,606 P354587 INFO Evaluation @epoch 14 - batch 171: 
2024-09-23 21:28:56,309 P354587 INFO [Metrics] AUC: 0.826777 - logloss: 0.339140
2024-09-23 21:28:56,310 P354587 INFO Save best model: monitor(max)=0.826777
2024-09-23 21:28:56,365 P354587 INFO ************ Epoch=14 end ************
2024-09-23 21:29:00,348 P354587 INFO Train loss: 0.336414
2024-09-23 21:29:00,349 P354587 INFO Evaluation @epoch 15 - batch 171: 
2024-09-23 21:29:01,062 P354587 INFO [Metrics] AUC: 0.826837 - logloss: 0.339121
2024-09-23 21:29:01,063 P354587 INFO Save best model: monitor(max)=0.826837
2024-09-23 21:29:01,119 P354587 INFO ************ Epoch=15 end ************
2024-09-23 21:29:04,971 P354587 INFO Train loss: 0.336217
2024-09-23 21:29:04,971 P354587 INFO Evaluation @epoch 16 - batch 171: 
2024-09-23 21:29:05,667 P354587 INFO [Metrics] AUC: 0.826864 - logloss: 0.339141
2024-09-23 21:29:05,668 P354587 INFO Save best model: monitor(max)=0.826864
2024-09-23 21:29:05,725 P354587 INFO ************ Epoch=16 end ************
2024-09-23 21:29:09,691 P354587 INFO Train loss: 0.335994
2024-09-23 21:29:09,691 P354587 INFO Evaluation @epoch 17 - batch 171: 
2024-09-23 21:29:10,427 P354587 INFO [Metrics] AUC: 0.826891 - logloss: 0.339137
2024-09-23 21:29:10,428 P354587 INFO Save best model: monitor(max)=0.826891
2024-09-23 21:29:10,485 P354587 INFO ************ Epoch=17 end ************
2024-09-23 21:29:14,401 P354587 INFO Train loss: 0.336039
2024-09-23 21:29:14,401 P354587 INFO Evaluation @epoch 18 - batch 171: 
2024-09-23 21:29:15,122 P354587 INFO [Metrics] AUC: 0.826894 - logloss: 0.339180
2024-09-23 21:29:15,123 P354587 INFO Save best model: monitor(max)=0.826894
2024-09-23 21:29:15,178 P354587 INFO ************ Epoch=18 end ************
2024-09-23 21:29:19,194 P354587 INFO Train loss: 0.335896
2024-09-23 21:29:19,195 P354587 INFO Evaluation @epoch 19 - batch 171: 
2024-09-23 21:29:19,919 P354587 INFO [Metrics] AUC: 0.826898 - logloss: 0.339143
2024-09-23 21:29:19,920 P354587 INFO Save best model: monitor(max)=0.826898
2024-09-23 21:29:19,977 P354587 INFO ************ Epoch=19 end ************
2024-09-23 21:29:23,888 P354587 INFO Train loss: 0.335810
2024-09-23 21:29:23,888 P354587 INFO Evaluation @epoch 20 - batch 171: 
2024-09-23 21:29:24,582 P354587 INFO [Metrics] AUC: 0.826910 - logloss: 0.339153
2024-09-23 21:29:24,583 P354587 INFO Save best model: monitor(max)=0.826910
2024-09-23 21:29:24,638 P354587 INFO ************ Epoch=20 end ************
2024-09-23 21:29:28,726 P354587 INFO Train loss: 0.335793
2024-09-23 21:29:28,727 P354587 INFO Evaluation @epoch 21 - batch 171: 
2024-09-23 21:29:29,407 P354587 INFO [Metrics] AUC: 0.826912 - logloss: 0.339133
2024-09-23 21:29:29,407 P354587 INFO Save best model: monitor(max)=0.826912
2024-09-23 21:29:29,463 P354587 INFO ************ Epoch=21 end ************
2024-09-23 21:29:33,422 P354587 INFO Train loss: 0.335701
2024-09-23 21:29:33,422 P354587 INFO Evaluation @epoch 22 - batch 171: 
2024-09-23 21:29:34,139 P354587 INFO [Metrics] AUC: 0.826915 - logloss: 0.339149
2024-09-23 21:29:34,140 P354587 INFO Save best model: monitor(max)=0.826915
2024-09-23 21:29:34,196 P354587 INFO ************ Epoch=22 end ************
2024-09-23 21:29:38,099 P354587 INFO Train loss: 0.335591
2024-09-23 21:29:38,099 P354587 INFO Evaluation @epoch 23 - batch 171: 
2024-09-23 21:29:38,814 P354587 INFO [Metrics] AUC: 0.826913 - logloss: 0.339182
2024-09-23 21:29:38,815 P354587 INFO Monitor(max)=0.826913 STOP!
2024-09-23 21:29:38,815 P354587 INFO Reduce learning rate on plateau: 0.000001
2024-09-23 21:29:38,865 P354587 INFO ************ Epoch=23 end ************
2024-09-23 21:29:42,771 P354587 INFO Train loss: 0.335333
2024-09-23 21:29:42,771 P354587 INFO Evaluation @epoch 24 - batch 171: 
2024-09-23 21:29:43,484 P354587 INFO [Metrics] AUC: 0.826913 - logloss: 0.339154
2024-09-23 21:29:43,485 P354587 INFO Monitor(max)=0.826913 STOP!
2024-09-23 21:29:43,485 P354587 INFO Reduce learning rate on plateau: 0.000001
2024-09-23 21:29:43,485 P354587 INFO ********* Epoch=24 early stop *********
2024-09-23 21:29:43,537 P354587 INFO Training finished.
2024-09-23 21:29:43,537 P354587 INFO Load best model: /workspace/checkpoints/ML_1M_7_x1/IGDCNv3_ML_1M_007_6b59504d.model
2024-09-23 21:29:43,544 P354587 INFO ****** Validation evaluation ******
2024-09-23 21:29:44,265 P354587 INFO [Metrics] logloss: 0.339149 - AUC: 0.826915
2024-09-23 21:29:44,386 P354587 INFO ******** Test evaluation ********
2024-09-23 21:29:44,386 P354587 INFO Loading datasets...
2024-09-23 21:29:44,597 P354587 INFO Test samples: total/100022, blocks/1
2024-09-23 21:29:44,597 P354587 INFO Loading test data done.
2024-09-23 21:29:45,077 P354587 INFO [Metrics] logloss: 0.338214 - AUC: 0.826747
