2024-09-23 21:46:23,710 P373201 INFO FuxiCTR version: 2.3.2
2024-09-23 21:46:23,710 P373201 INFO Params: {
    "batch_norm": "True",
    "batch_size": "4096",
    "data_format": "csv",
    "data_root": "dataset/",
    "dataset_id": "ML_1M_7_x1",
    "debug_mode": "False",
    "deep_net_dropout": "0.3",
    "early_stop_patience": "2",
    "embedding_dim": "16",
    "embedding_regularizer": "0.01",
    "epochs": "100",
    "eval_steps": "None",
    "feature_cols": "[{'active': True, 'dtype': 'str', 'name': ['UserID', 'Gender', 'Age', 'Occupation', 'MovieID', 'Release'], 'type': 'categorical'}, {'active': True, 'dtype': 'str', 'encoder': 'MaskedSumPooling', 'max_len': 5, 'name': 'Genres', 'splitter': '^', 'type': 'sequence'}]",
    "feature_config": "None",
    "feature_specs": "None",
    "gpu": "0",
    "group_id": "None",
    "label_col": "{'dtype': 'float', 'name': 'Label'}",
    "layer_norm": "True",
    "learning_rate": "0.001",
    "loss": "binary_crossentropy",
    "metrics": "['logloss', 'AUC']",
    "min_categr_count": "1",
    "model": "IGDCNv3",
    "model_id": "IGDCNv3_ML_1M_017_4a51a7b0",
    "model_root": "./checkpoints/",
    "monitor": "{'AUC': 1, 'logloss': 0}",
    "monitor_mode": "max",
    "net_regularizer": "0",
    "num_deep_cross_layers": "1",
    "num_heads": "1",
    "num_shallow_cross_layers": "2",
    "num_workers": "4",
    "optimizer": "adam",
    "pickle_feature_encoder": "True",
    "save_best_only": "True",
    "seed": "2024",
    "shallow_net_dropout": "0.2",
    "shuffle": "True",
    "task": "binary_classification",
    "test_data": "dataset/ML_1M/test.csv",
    "train_data": "dataset/ML_1M/train.csv",
    "use_features": "None",
    "valid_data": "dataset/ML_1M/valid.csv",
    "verbose": "1"
}
2024-09-23 21:46:23,711 P373201 INFO Set up feature processor...
2024-09-23 21:46:23,712 P373201 WARNING Skip rebuilding dataset/ML_1M_7_x1/feature_map.json. Please delete it manually if rebuilding is required.
2024-09-23 21:46:23,712 P373201 INFO Load feature_map from json: dataset/ML_1M_7_x1/feature_map.json
2024-09-23 21:46:23,712 P373201 INFO Set column index...
2024-09-23 21:46:23,712 P373201 INFO Feature specs: {
    "Age": "{'source': '', 'type': 'categorical', 'padding_idx': 0, 'vocab_size': 9}",
    "Gender": "{'source': '', 'type': 'categorical', 'padding_idx': 0, 'vocab_size': 4}",
    "Genres": "{'source': '', 'type': 'sequence', 'feature_encoder': 'layers.MaskedAveragePooling()', 'padding_idx': 0, 'max_len': 5, 'vocab_size': 302}",
    "MovieID": "{'source': '', 'type': 'categorical', 'padding_idx': 0, 'vocab_size': 3659}",
    "Occupation": "{'source': '', 'type': 'categorical', 'padding_idx': 0, 'vocab_size': 23}",
    "Release": "{'source': '', 'type': 'categorical', 'padding_idx': 0, 'vocab_size': 83}",
    "UserID": "{'source': '', 'type': 'categorical', 'padding_idx': 0, 'vocab_size': 6042}"
}
2024-09-23 21:46:24,938 P373201 INFO Total number of parameters: 181840.
2024-09-23 21:46:24,938 P373201 INFO Loading datasets...
2024-09-23 21:46:26,436 P373201 INFO Train samples: total/700146, blocks/1
2024-09-23 21:46:26,889 P373201 INFO Validation samples: total/200041, blocks/1
2024-09-23 21:46:26,889 P373201 INFO Loading train and validation data done.
2024-09-23 21:46:26,890 P373201 INFO Start training: 171 batches/epoch
2024-09-23 21:46:26,890 P373201 INFO ************ Epoch=1 start ************
2024-09-23 21:46:32,257 P373201 INFO Train loss: 0.450495
2024-09-23 21:46:32,257 P373201 INFO Evaluation @epoch 1 - batch 171: 
2024-09-23 21:46:33,009 P373201 INFO [Metrics] AUC: 0.798861 - logloss: 0.359170
2024-09-23 21:46:33,010 P373201 INFO Save best model: monitor(max)=0.798861
2024-09-23 21:46:33,051 P373201 INFO ************ Epoch=1 end ************
2024-09-23 21:46:37,462 P373201 INFO Train loss: 0.381213
2024-09-23 21:46:37,462 P373201 INFO Evaluation @epoch 2 - batch 171: 
2024-09-23 21:46:38,217 P373201 INFO [Metrics] AUC: 0.806880 - logloss: 0.354951
2024-09-23 21:46:38,218 P373201 INFO Save best model: monitor(max)=0.806880
2024-09-23 21:46:38,275 P373201 INFO ************ Epoch=2 end ************
2024-09-23 21:46:42,660 P373201 INFO Train loss: 0.372259
2024-09-23 21:46:42,660 P373201 INFO Evaluation @epoch 3 - batch 171: 
2024-09-23 21:46:43,395 P373201 INFO [Metrics] AUC: 0.811260 - logloss: 0.350435
2024-09-23 21:46:43,395 P373201 INFO Save best model: monitor(max)=0.811260
2024-09-23 21:46:43,454 P373201 INFO ************ Epoch=3 end ************
2024-09-23 21:46:47,867 P373201 INFO Train loss: 0.368226
2024-09-23 21:46:47,867 P373201 INFO Evaluation @epoch 4 - batch 171: 
2024-09-23 21:46:48,594 P373201 INFO [Metrics] AUC: 0.815790 - logloss: 0.346846
2024-09-23 21:46:48,595 P373201 INFO Save best model: monitor(max)=0.815790
2024-09-23 21:46:48,654 P373201 INFO ************ Epoch=4 end ************
2024-09-23 21:46:53,029 P373201 INFO Train loss: 0.367506
2024-09-23 21:46:53,029 P373201 INFO Evaluation @epoch 5 - batch 171: 
2024-09-23 21:46:53,752 P373201 INFO [Metrics] AUC: 0.822569 - logloss: 0.342252
2024-09-23 21:46:53,753 P373201 INFO Save best model: monitor(max)=0.822569
2024-09-23 21:46:53,819 P373201 INFO ************ Epoch=5 end ************
2024-09-23 21:46:58,311 P373201 INFO Train loss: 0.365583
2024-09-23 21:46:58,311 P373201 INFO Evaluation @epoch 6 - batch 171: 
2024-09-23 21:46:59,045 P373201 INFO [Metrics] AUC: 0.826721 - logloss: 0.338422
2024-09-23 21:46:59,046 P373201 INFO Save best model: monitor(max)=0.826721
2024-09-23 21:46:59,104 P373201 INFO ************ Epoch=6 end ************
2024-09-23 21:47:03,560 P373201 INFO Train loss: 0.363923
2024-09-23 21:47:03,561 P373201 INFO Evaluation @epoch 7 - batch 171: 
2024-09-23 21:47:04,290 P373201 INFO [Metrics] AUC: 0.829900 - logloss: 0.336539
2024-09-23 21:47:04,290 P373201 INFO Save best model: monitor(max)=0.829900
2024-09-23 21:47:04,347 P373201 INFO ************ Epoch=7 end ************
2024-09-23 21:47:08,765 P373201 INFO Train loss: 0.362076
2024-09-23 21:47:08,765 P373201 INFO Evaluation @epoch 8 - batch 171: 
2024-09-23 21:47:09,485 P373201 INFO [Metrics] AUC: 0.833599 - logloss: 0.333720
2024-09-23 21:47:09,486 P373201 INFO Save best model: monitor(max)=0.833599
2024-09-23 21:47:09,552 P373201 INFO ************ Epoch=8 end ************
2024-09-23 21:47:13,907 P373201 INFO Train loss: 0.360250
2024-09-23 21:47:13,907 P373201 INFO Evaluation @epoch 9 - batch 171: 
2024-09-23 21:47:14,632 P373201 INFO [Metrics] AUC: 0.834023 - logloss: 0.333030
2024-09-23 21:47:14,633 P373201 INFO Save best model: monitor(max)=0.834023
2024-09-23 21:47:14,691 P373201 INFO ************ Epoch=9 end ************
2024-09-23 21:47:19,070 P373201 INFO Train loss: 0.358806
2024-09-23 21:47:19,070 P373201 INFO Evaluation @epoch 10 - batch 171: 
2024-09-23 21:47:19,829 P373201 INFO [Metrics] AUC: 0.835785 - logloss: 0.331661
2024-09-23 21:47:19,830 P373201 INFO Save best model: monitor(max)=0.835785
2024-09-23 21:47:19,886 P373201 INFO ************ Epoch=10 end ************
2024-09-23 21:47:24,465 P373201 INFO Train loss: 0.357669
2024-09-23 21:47:24,466 P373201 INFO Evaluation @epoch 11 - batch 171: 
2024-09-23 21:47:25,213 P373201 INFO [Metrics] AUC: 0.837200 - logloss: 0.330951
2024-09-23 21:47:25,213 P373201 INFO Save best model: monitor(max)=0.837200
2024-09-23 21:47:25,272 P373201 INFO ************ Epoch=11 end ************
2024-09-23 21:47:29,651 P373201 INFO Train loss: 0.356489
2024-09-23 21:47:29,651 P373201 INFO Evaluation @epoch 12 - batch 171: 
2024-09-23 21:47:30,392 P373201 INFO [Metrics] AUC: 0.838092 - logloss: 0.329577
2024-09-23 21:47:30,393 P373201 INFO Save best model: monitor(max)=0.838092
2024-09-23 21:47:30,450 P373201 INFO ************ Epoch=12 end ************
2024-09-23 21:47:34,916 P373201 INFO Train loss: 0.355431
2024-09-23 21:47:34,916 P373201 INFO Evaluation @epoch 13 - batch 171: 
2024-09-23 21:47:35,634 P373201 INFO [Metrics] AUC: 0.838898 - logloss: 0.329349
2024-09-23 21:47:35,635 P373201 INFO Save best model: monitor(max)=0.838898
2024-09-23 21:47:35,692 P373201 INFO ************ Epoch=13 end ************
2024-09-23 21:47:40,052 P373201 INFO Train loss: 0.354900
2024-09-23 21:47:40,052 P373201 INFO Evaluation @epoch 14 - batch 171: 
2024-09-23 21:47:40,760 P373201 INFO [Metrics] AUC: 0.839547 - logloss: 0.328479
2024-09-23 21:47:40,760 P373201 INFO Save best model: monitor(max)=0.839547
2024-09-23 21:47:40,818 P373201 INFO ************ Epoch=14 end ************
2024-09-23 21:47:45,062 P373201 INFO Train loss: 0.354384
2024-09-23 21:47:45,062 P373201 INFO Evaluation @epoch 15 - batch 171: 
2024-09-23 21:47:45,777 P373201 INFO [Metrics] AUC: 0.839004 - logloss: 0.328992
2024-09-23 21:47:45,777 P373201 INFO Monitor(max)=0.839004 STOP!
2024-09-23 21:47:45,778 P373201 INFO Reduce learning rate on plateau: 0.000100
2024-09-23 21:47:45,835 P373201 INFO ************ Epoch=15 end ************
2024-09-23 21:47:50,137 P373201 INFO Train loss: 0.329851
2024-09-23 21:47:50,138 P373201 INFO Evaluation @epoch 16 - batch 171: 
2024-09-23 21:47:50,872 P373201 INFO [Metrics] AUC: 0.848171 - logloss: 0.321508
2024-09-23 21:47:50,873 P373201 INFO Save best model: monitor(max)=0.848171
2024-09-23 21:47:50,930 P373201 INFO ************ Epoch=16 end ************
2024-09-23 21:47:55,258 P373201 INFO Train loss: 0.318285
2024-09-23 21:47:55,258 P373201 INFO Evaluation @epoch 17 - batch 171: 
2024-09-23 21:47:56,009 P373201 INFO [Metrics] AUC: 0.851475 - logloss: 0.319220
2024-09-23 21:47:56,010 P373201 INFO Save best model: monitor(max)=0.851475
2024-09-23 21:47:56,068 P373201 INFO ************ Epoch=17 end ************
2024-09-23 21:48:00,739 P373201 INFO Train loss: 0.312469
2024-09-23 21:48:00,739 P373201 INFO Evaluation @epoch 18 - batch 171: 
2024-09-23 21:48:01,465 P373201 INFO [Metrics] AUC: 0.852562 - logloss: 0.318684
2024-09-23 21:48:01,465 P373201 INFO Save best model: monitor(max)=0.852562
2024-09-23 21:48:01,524 P373201 INFO ************ Epoch=18 end ************
2024-09-23 21:48:05,999 P373201 INFO Train loss: 0.308703
2024-09-23 21:48:06,000 P373201 INFO Evaluation @epoch 19 - batch 171: 
2024-09-23 21:48:06,741 P373201 INFO [Metrics] AUC: 0.852473 - logloss: 0.319036
2024-09-23 21:48:06,741 P373201 INFO Monitor(max)=0.852473 STOP!
2024-09-23 21:48:06,742 P373201 INFO Reduce learning rate on plateau: 0.000010
2024-09-23 21:48:06,794 P373201 INFO ************ Epoch=19 end ************
2024-09-23 21:48:11,282 P373201 INFO Train loss: 0.298260
2024-09-23 21:48:11,282 P373201 INFO Evaluation @epoch 20 - batch 171: 
2024-09-23 21:48:12,023 P373201 INFO [Metrics] AUC: 0.852453 - logloss: 0.319185
2024-09-23 21:48:12,024 P373201 INFO Monitor(max)=0.852453 STOP!
2024-09-23 21:48:12,024 P373201 INFO Reduce learning rate on plateau: 0.000001
2024-09-23 21:48:12,024 P373201 INFO ********* Epoch=20 early stop *********
2024-09-23 21:48:12,077 P373201 INFO Training finished.
2024-09-23 21:48:12,077 P373201 INFO Load best model: /workspace/checkpoints/ML_1M_7_x1/IGDCNv3_ML_1M_017_4a51a7b0.model
2024-09-23 21:48:12,083 P373201 INFO ****** Validation evaluation ******
2024-09-23 21:48:12,837 P373201 INFO [Metrics] logloss: 0.318684 - AUC: 0.852562
2024-09-23 21:48:12,958 P373201 INFO ******** Test evaluation ********
2024-09-23 21:48:12,958 P373201 INFO Loading datasets...
2024-09-23 21:48:13,167 P373201 INFO Test samples: total/100022, blocks/1
2024-09-23 21:48:13,167 P373201 INFO Loading test data done.
2024-09-23 21:48:13,661 P373201 INFO [Metrics] logloss: 0.317116 - AUC: 0.852853
