2024-09-23 22:10:31,208 P395366 INFO FuxiCTR version: 2.3.2
2024-09-23 22:10:31,209 P395366 INFO Params: {
    "batch_norm": "True",
    "batch_size": "4096",
    "data_format": "csv",
    "data_root": "dataset/",
    "dataset_id": "ML_1M_7_x1",
    "debug_mode": "False",
    "deep_net_dropout": "0.1",
    "early_stop_patience": "2",
    "embedding_dim": "16",
    "embedding_regularizer": "0.01",
    "epochs": "100",
    "eval_steps": "None",
    "feature_cols": "[{'active': True, 'dtype': 'str', 'name': ['UserID', 'Gender', 'Age', 'Occupation', 'MovieID', 'Release'], 'type': 'categorical'}, {'active': True, 'dtype': 'str', 'encoder': 'MaskedSumPooling', 'max_len': 5, 'name': 'Genres', 'splitter': '^', 'type': 'sequence'}]",
    "feature_config": "None",
    "feature_specs": "None",
    "gpu": "0",
    "group_id": "None",
    "label_col": "{'dtype': 'float', 'name': 'Label'}",
    "layer_norm": "True",
    "learning_rate": "0.001",
    "loss": "binary_crossentropy",
    "metrics": "['logloss', 'AUC']",
    "min_categr_count": "1",
    "model": "IGDCNv3",
    "model_id": "IGDCNv3_ML_1M_028_017e1c05",
    "model_root": "./checkpoints/",
    "monitor": "{'AUC': 1, 'logloss': 0}",
    "monitor_mode": "max",
    "net_regularizer": "0",
    "num_deep_cross_layers": "1",
    "num_heads": "1",
    "num_shallow_cross_layers": "4",
    "num_workers": "4",
    "optimizer": "adam",
    "pickle_feature_encoder": "True",
    "save_best_only": "True",
    "seed": "2024",
    "shallow_net_dropout": "0.1",
    "shuffle": "True",
    "task": "binary_classification",
    "test_data": "dataset/ML_1M/test.csv",
    "train_data": "dataset/ML_1M/train.csv",
    "use_features": "None",
    "valid_data": "dataset/ML_1M/valid.csv",
    "verbose": "1"
}
2024-09-23 22:10:31,210 P395366 INFO Set up feature processor...
2024-09-23 22:10:31,210 P395366 WARNING Skip rebuilding dataset/ML_1M_7_x1/feature_map.json. Please delete it manually if rebuilding is required.
2024-09-23 22:10:31,210 P395366 INFO Load feature_map from json: dataset/ML_1M_7_x1/feature_map.json
2024-09-23 22:10:31,211 P395366 INFO Set column index...
2024-09-23 22:10:31,211 P395366 INFO Feature specs: {
    "Age": "{'source': '', 'type': 'categorical', 'padding_idx': 0, 'vocab_size': 9}",
    "Gender": "{'source': '', 'type': 'categorical', 'padding_idx': 0, 'vocab_size': 4}",
    "Genres": "{'source': '', 'type': 'sequence', 'feature_encoder': 'layers.MaskedAveragePooling()', 'padding_idx': 0, 'max_len': 5, 'vocab_size': 302}",
    "MovieID": "{'source': '', 'type': 'categorical', 'padding_idx': 0, 'vocab_size': 3659}",
    "Occupation": "{'source': '', 'type': 'categorical', 'padding_idx': 0, 'vocab_size': 23}",
    "Release": "{'source': '', 'type': 'categorical', 'padding_idx': 0, 'vocab_size': 83}",
    "UserID": "{'source': '', 'type': 'categorical', 'padding_idx': 0, 'vocab_size': 6042}"
}
2024-09-23 22:10:32,425 P395366 INFO Total number of parameters: 194948.
2024-09-23 22:10:32,425 P395366 INFO Loading datasets...
2024-09-23 22:10:33,953 P395366 INFO Train samples: total/700146, blocks/1
2024-09-23 22:10:34,390 P395366 INFO Validation samples: total/200041, blocks/1
2024-09-23 22:10:34,390 P395366 INFO Loading train and validation data done.
2024-09-23 22:10:34,391 P395366 INFO Start training: 171 batches/epoch
2024-09-23 22:10:34,391 P395366 INFO ************ Epoch=1 start ************
2024-09-23 22:10:40,554 P395366 INFO Train loss: 0.433479
2024-09-23 22:10:40,554 P395366 INFO Evaluation @epoch 1 - batch 171: 
2024-09-23 22:10:41,293 P395366 INFO [Metrics] AUC: 0.806701 - logloss: 0.353786
2024-09-23 22:10:41,293 P395366 INFO Save best model: monitor(max)=0.806701
2024-09-23 22:10:41,339 P395366 INFO ************ Epoch=1 end ************
2024-09-23 22:10:46,230 P395366 INFO Train loss: 0.372985
2024-09-23 22:10:46,230 P395366 INFO Evaluation @epoch 2 - batch 171: 
2024-09-23 22:10:47,024 P395366 INFO [Metrics] AUC: 0.817012 - logloss: 0.346377
2024-09-23 22:10:47,025 P395366 INFO Save best model: monitor(max)=0.817012
2024-09-23 22:10:47,085 P395366 INFO ************ Epoch=2 end ************
2024-09-23 22:10:52,077 P395366 INFO Train loss: 0.369210
2024-09-23 22:10:52,077 P395366 INFO Evaluation @epoch 3 - batch 171: 
2024-09-23 22:10:52,819 P395366 INFO [Metrics] AUC: 0.823758 - logloss: 0.340713
2024-09-23 22:10:52,820 P395366 INFO Save best model: monitor(max)=0.823758
2024-09-23 22:10:52,879 P395366 INFO ************ Epoch=3 end ************
2024-09-23 22:10:58,067 P395366 INFO Train loss: 0.364724
2024-09-23 22:10:58,067 P395366 INFO Evaluation @epoch 4 - batch 171: 
2024-09-23 22:10:58,868 P395366 INFO [Metrics] AUC: 0.827149 - logloss: 0.338583
2024-09-23 22:10:58,869 P395366 INFO Save best model: monitor(max)=0.827149
2024-09-23 22:10:58,931 P395366 INFO ************ Epoch=4 end ************
2024-09-23 22:11:04,001 P395366 INFO Train loss: 0.361739
2024-09-23 22:11:04,001 P395366 INFO Evaluation @epoch 5 - batch 171: 
2024-09-23 22:11:04,769 P395366 INFO [Metrics] AUC: 0.831809 - logloss: 0.334643
2024-09-23 22:11:04,769 P395366 INFO Save best model: monitor(max)=0.831809
2024-09-23 22:11:04,830 P395366 INFO ************ Epoch=5 end ************
2024-09-23 22:11:09,812 P395366 INFO Train loss: 0.359622
2024-09-23 22:11:09,812 P395366 INFO Evaluation @epoch 6 - batch 171: 
2024-09-23 22:11:10,584 P395366 INFO [Metrics] AUC: 0.834659 - logloss: 0.332487
2024-09-23 22:11:10,585 P395366 INFO Save best model: monitor(max)=0.834659
2024-09-23 22:11:10,643 P395366 INFO ************ Epoch=6 end ************
2024-09-23 22:11:15,561 P395366 INFO Train loss: 0.357680
2024-09-23 22:11:15,561 P395366 INFO Evaluation @epoch 7 - batch 171: 
2024-09-23 22:11:16,316 P395366 INFO [Metrics] AUC: 0.836431 - logloss: 0.331357
2024-09-23 22:11:16,317 P395366 INFO Save best model: monitor(max)=0.836431
2024-09-23 22:11:16,377 P395366 INFO ************ Epoch=7 end ************
2024-09-23 22:11:21,568 P395366 INFO Train loss: 0.356512
2024-09-23 22:11:21,569 P395366 INFO Evaluation @epoch 8 - batch 171: 
2024-09-23 22:11:22,348 P395366 INFO [Metrics] AUC: 0.838436 - logloss: 0.329581
2024-09-23 22:11:22,349 P395366 INFO Save best model: monitor(max)=0.838436
2024-09-23 22:11:22,409 P395366 INFO ************ Epoch=8 end ************
2024-09-23 22:11:27,530 P395366 INFO Train loss: 0.354979
2024-09-23 22:11:27,531 P395366 INFO Evaluation @epoch 9 - batch 171: 
2024-09-23 22:11:28,292 P395366 INFO [Metrics] AUC: 0.839416 - logloss: 0.328726
2024-09-23 22:11:28,293 P395366 INFO Save best model: monitor(max)=0.839416
2024-09-23 22:11:28,351 P395366 INFO ************ Epoch=9 end ************
2024-09-23 22:11:33,436 P395366 INFO Train loss: 0.354085
2024-09-23 22:11:33,436 P395366 INFO Evaluation @epoch 10 - batch 171: 
2024-09-23 22:11:34,194 P395366 INFO [Metrics] AUC: 0.840139 - logloss: 0.328028
2024-09-23 22:11:34,195 P395366 INFO Save best model: monitor(max)=0.840139
2024-09-23 22:11:34,254 P395366 INFO ************ Epoch=10 end ************
2024-09-23 22:11:39,195 P395366 INFO Train loss: 0.353236
2024-09-23 22:11:39,195 P395366 INFO Evaluation @epoch 11 - batch 171: 
2024-09-23 22:11:39,970 P395366 INFO [Metrics] AUC: 0.841854 - logloss: 0.326722
2024-09-23 22:11:39,971 P395366 INFO Save best model: monitor(max)=0.841854
2024-09-23 22:11:40,030 P395366 INFO ************ Epoch=11 end ************
2024-09-23 22:11:45,129 P395366 INFO Train loss: 0.352233
2024-09-23 22:11:45,130 P395366 INFO Evaluation @epoch 12 - batch 171: 
2024-09-23 22:11:45,911 P395366 INFO [Metrics] AUC: 0.841762 - logloss: 0.326842
2024-09-23 22:11:45,912 P395366 INFO Monitor(max)=0.841762 STOP!
2024-09-23 22:11:45,912 P395366 INFO Reduce learning rate on plateau: 0.000100
2024-09-23 22:11:45,963 P395366 INFO ************ Epoch=12 end ************
2024-09-23 22:11:51,088 P395366 INFO Train loss: 0.325832
2024-09-23 22:11:51,088 P395366 INFO Evaluation @epoch 13 - batch 171: 
2024-09-23 22:11:51,840 P395366 INFO [Metrics] AUC: 0.849760 - logloss: 0.320446
2024-09-23 22:11:51,841 P395366 INFO Save best model: monitor(max)=0.849760
2024-09-23 22:11:51,901 P395366 INFO ************ Epoch=13 end ************
2024-09-23 22:11:57,175 P395366 INFO Train loss: 0.312996
2024-09-23 22:11:57,175 P395366 INFO Evaluation @epoch 14 - batch 171: 
2024-09-23 22:11:57,950 P395366 INFO [Metrics] AUC: 0.852518 - logloss: 0.318586
2024-09-23 22:11:57,951 P395366 INFO Save best model: monitor(max)=0.852518
2024-09-23 22:11:58,014 P395366 INFO ************ Epoch=14 end ************
2024-09-23 22:12:03,263 P395366 INFO Train loss: 0.305979
2024-09-23 22:12:03,263 P395366 INFO Evaluation @epoch 15 - batch 171: 
2024-09-23 22:12:04,085 P395366 INFO [Metrics] AUC: 0.853001 - logloss: 0.319104
2024-09-23 22:12:04,086 P395366 INFO Save best model: monitor(max)=0.853001
2024-09-23 22:12:04,147 P395366 INFO ************ Epoch=15 end ************
2024-09-23 22:12:09,309 P395366 INFO Train loss: 0.301039
2024-09-23 22:12:09,309 P395366 INFO Evaluation @epoch 16 - batch 171: 
2024-09-23 22:12:10,082 P395366 INFO [Metrics] AUC: 0.852619 - logloss: 0.319568
2024-09-23 22:12:10,083 P395366 INFO Monitor(max)=0.852619 STOP!
2024-09-23 22:12:10,083 P395366 INFO Reduce learning rate on plateau: 0.000010
2024-09-23 22:12:10,139 P395366 INFO ************ Epoch=16 end ************
2024-09-23 22:12:15,378 P395366 INFO Train loss: 0.287935
2024-09-23 22:12:15,379 P395366 INFO Evaluation @epoch 17 - batch 171: 
2024-09-23 22:12:16,140 P395366 INFO [Metrics] AUC: 0.851907 - logloss: 0.321232
2024-09-23 22:12:16,140 P395366 INFO Monitor(max)=0.851907 STOP!
2024-09-23 22:12:16,140 P395366 INFO Reduce learning rate on plateau: 0.000001
2024-09-23 22:12:16,141 P395366 INFO ********* Epoch=17 early stop *********
2024-09-23 22:12:16,198 P395366 INFO Training finished.
2024-09-23 22:12:16,199 P395366 INFO Load best model: /workspace/checkpoints/ML_1M_7_x1/IGDCNv3_ML_1M_028_017e1c05.model
2024-09-23 22:12:16,206 P395366 INFO ****** Validation evaluation ******
2024-09-23 22:12:16,964 P395366 INFO [Metrics] logloss: 0.319104 - AUC: 0.853001
2024-09-23 22:12:17,093 P395366 INFO ******** Test evaluation ********
2024-09-23 22:12:17,093 P395366 INFO Loading datasets...
2024-09-23 22:12:17,302 P395366 INFO Test samples: total/100022, blocks/1
2024-09-23 22:12:17,303 P395366 INFO Loading test data done.
2024-09-23 22:12:17,795 P395366 INFO [Metrics] logloss: 0.317086 - AUC: 0.853459
