2024-09-23 22:39:12,326 P420116 INFO FuxiCTR version: 2.3.2
2024-09-23 22:39:12,327 P420116 INFO Params: {
    "batch_norm": "True",
    "batch_size": "4096",
    "data_format": "csv",
    "data_root": "dataset/",
    "dataset_id": "ML_1M_7_x1",
    "debug_mode": "False",
    "deep_net_dropout": "0.2",
    "early_stop_patience": "2",
    "embedding_dim": "16",
    "embedding_regularizer": "0.01",
    "epochs": "100",
    "eval_steps": "None",
    "feature_cols": "[{'active': True, 'dtype': 'str', 'name': ['UserID', 'Gender', 'Age', 'Occupation', 'MovieID', 'Release'], 'type': 'categorical'}, {'active': True, 'dtype': 'str', 'encoder': 'MaskedSumPooling', 'max_len': 5, 'name': 'Genres', 'splitter': '^', 'type': 'sequence'}]",
    "feature_config": "None",
    "feature_specs": "None",
    "gpu": "0",
    "group_id": "None",
    "label_col": "{'dtype': 'float', 'name': 'Label'}",
    "layer_norm": "True",
    "learning_rate": "0.001",
    "loss": "binary_crossentropy",
    "metrics": "['logloss', 'AUC']",
    "min_categr_count": "1",
    "model": "IGDCNv3",
    "model_id": "IGDCNv3_ML_1M_040_66e97d2d",
    "model_root": "./checkpoints/",
    "monitor": "{'AUC': 1, 'logloss': 0}",
    "monitor_mode": "max",
    "net_regularizer": "0",
    "num_deep_cross_layers": "2",
    "num_heads": "1",
    "num_shallow_cross_layers": "1",
    "num_workers": "4",
    "optimizer": "adam",
    "pickle_feature_encoder": "True",
    "save_best_only": "True",
    "seed": "2024",
    "shallow_net_dropout": "0.1",
    "shuffle": "True",
    "task": "binary_classification",
    "test_data": "dataset/ML_1M/test.csv",
    "train_data": "dataset/ML_1M/train.csv",
    "use_features": "None",
    "valid_data": "dataset/ML_1M/valid.csv",
    "verbose": "1"
}
2024-09-23 22:39:12,327 P420116 INFO Set up feature processor...
2024-09-23 22:39:12,328 P420116 WARNING Skip rebuilding dataset/ML_1M_7_x1/feature_map.json. Please delete it manually if rebuilding is required.
2024-09-23 22:39:12,328 P420116 INFO Load feature_map from json: dataset/ML_1M_7_x1/feature_map.json
2024-09-23 22:39:12,328 P420116 INFO Set column index...
2024-09-23 22:39:12,328 P420116 INFO Feature specs: {
    "Age": "{'source': '', 'type': 'categorical', 'padding_idx': 0, 'vocab_size': 9}",
    "Gender": "{'source': '', 'type': 'categorical', 'padding_idx': 0, 'vocab_size': 4}",
    "Genres": "{'source': '', 'type': 'sequence', 'feature_encoder': 'layers.MaskedAveragePooling()', 'padding_idx': 0, 'max_len': 5, 'vocab_size': 302}",
    "MovieID": "{'source': '', 'type': 'categorical', 'padding_idx': 0, 'vocab_size': 3659}",
    "Occupation": "{'source': '', 'type': 'categorical', 'padding_idx': 0, 'vocab_size': 23}",
    "Release": "{'source': '', 'type': 'categorical', 'padding_idx': 0, 'vocab_size': 83}",
    "UserID": "{'source': '', 'type': 'categorical', 'padding_idx': 0, 'vocab_size': 6042}"
}
2024-09-23 22:39:13,647 P420116 INFO Total number of parameters: 181840.
2024-09-23 22:39:13,647 P420116 INFO Loading datasets...
2024-09-23 22:39:15,511 P420116 INFO Train samples: total/700146, blocks/1
2024-09-23 22:39:16,053 P420116 INFO Validation samples: total/200041, blocks/1
2024-09-23 22:39:16,053 P420116 INFO Loading train and validation data done.
2024-09-23 22:39:16,053 P420116 INFO Start training: 171 batches/epoch
2024-09-23 22:39:16,053 P420116 INFO ************ Epoch=1 start ************
2024-09-23 22:39:29,956 P420116 INFO Train loss: 0.436560
2024-09-23 22:39:29,956 P420116 INFO Evaluation @epoch 1 - batch 171: 
2024-09-23 22:39:31,171 P420116 INFO [Metrics] AUC: 0.802373 - logloss: 0.357541
2024-09-23 22:39:31,172 P420116 INFO Save best model: monitor(max)=0.802373
2024-09-23 22:39:31,219 P420116 INFO ************ Epoch=1 end ************
2024-09-23 22:39:44,009 P420116 INFO Train loss: 0.379739
2024-09-23 22:39:44,009 P420116 INFO Evaluation @epoch 2 - batch 171: 
2024-09-23 22:39:45,223 P420116 INFO [Metrics] AUC: 0.807763 - logloss: 0.353537
2024-09-23 22:39:45,224 P420116 INFO Save best model: monitor(max)=0.807763
2024-09-23 22:39:45,296 P420116 INFO ************ Epoch=2 end ************
2024-09-23 22:39:58,145 P420116 INFO Train loss: 0.372888
2024-09-23 22:39:58,145 P420116 INFO Evaluation @epoch 3 - batch 171: 
2024-09-23 22:39:59,375 P420116 INFO [Metrics] AUC: 0.815065 - logloss: 0.347406
2024-09-23 22:39:59,376 P420116 INFO Save best model: monitor(max)=0.815065
2024-09-23 22:39:59,432 P420116 INFO ************ Epoch=3 end ************
2024-09-23 22:40:12,741 P420116 INFO Train loss: 0.368286
2024-09-23 22:40:12,742 P420116 INFO Evaluation @epoch 4 - batch 171: 
2024-09-23 22:40:14,123 P420116 INFO [Metrics] AUC: 0.818130 - logloss: 0.345292
2024-09-23 22:40:14,124 P420116 INFO Save best model: monitor(max)=0.818130
2024-09-23 22:40:14,189 P420116 INFO ************ Epoch=4 end ************
2024-09-23 22:40:27,679 P420116 INFO Train loss: 0.365437
2024-09-23 22:40:27,679 P420116 INFO Evaluation @epoch 5 - batch 171: 
2024-09-23 22:40:28,914 P420116 INFO [Metrics] AUC: 0.822890 - logloss: 0.342252
2024-09-23 22:40:28,915 P420116 INFO Save best model: monitor(max)=0.822890
2024-09-23 22:40:28,994 P420116 INFO ************ Epoch=5 end ************
2024-09-23 22:40:42,602 P420116 INFO Train loss: 0.362869
2024-09-23 22:40:42,602 P420116 INFO Evaluation @epoch 6 - batch 171: 
2024-09-23 22:40:43,825 P420116 INFO [Metrics] AUC: 0.826405 - logloss: 0.339103
2024-09-23 22:40:43,825 P420116 INFO Save best model: monitor(max)=0.826405
2024-09-23 22:40:43,907 P420116 INFO ************ Epoch=6 end ************
2024-09-23 22:40:57,626 P420116 INFO Train loss: 0.361657
2024-09-23 22:40:57,626 P420116 INFO Evaluation @epoch 7 - batch 171: 
2024-09-23 22:40:58,776 P420116 INFO [Metrics] AUC: 0.828862 - logloss: 0.337730
2024-09-23 22:40:58,778 P420116 INFO Save best model: monitor(max)=0.828862
2024-09-23 22:40:58,858 P420116 INFO ************ Epoch=7 end ************
2024-09-23 22:41:12,792 P420116 INFO Train loss: 0.360429
2024-09-23 22:41:12,793 P420116 INFO Evaluation @epoch 8 - batch 171: 
2024-09-23 22:41:13,954 P420116 INFO [Metrics] AUC: 0.832889 - logloss: 0.334595
2024-09-23 22:41:13,955 P420116 INFO Save best model: monitor(max)=0.832889
2024-09-23 22:41:14,027 P420116 INFO ************ Epoch=8 end ************
2024-09-23 22:41:27,838 P420116 INFO Train loss: 0.359288
2024-09-23 22:41:27,838 P420116 INFO Evaluation @epoch 9 - batch 171: 
2024-09-23 22:41:28,991 P420116 INFO [Metrics] AUC: 0.832624 - logloss: 0.334116
2024-09-23 22:41:28,992 P420116 INFO Monitor(max)=0.832624 STOP!
2024-09-23 22:41:28,992 P420116 INFO Reduce learning rate on plateau: 0.000100
2024-09-23 22:41:29,059 P420116 INFO ************ Epoch=9 end ************
2024-09-23 22:41:42,672 P420116 INFO Train loss: 0.339272
2024-09-23 22:41:42,673 P420116 INFO Evaluation @epoch 10 - batch 171: 
2024-09-23 22:41:43,837 P420116 INFO [Metrics] AUC: 0.844157 - logloss: 0.324655
2024-09-23 22:41:43,838 P420116 INFO Save best model: monitor(max)=0.844157
2024-09-23 22:41:43,907 P420116 INFO ************ Epoch=10 end ************
2024-09-23 22:41:57,859 P420116 INFO Train loss: 0.327287
2024-09-23 22:41:57,859 P420116 INFO Evaluation @epoch 11 - batch 171: 
2024-09-23 22:41:59,056 P420116 INFO [Metrics] AUC: 0.848465 - logloss: 0.321119
2024-09-23 22:41:59,057 P420116 INFO Save best model: monitor(max)=0.848465
2024-09-23 22:41:59,128 P420116 INFO ************ Epoch=11 end ************
2024-09-23 22:42:12,897 P420116 INFO Train loss: 0.321726
2024-09-23 22:42:12,898 P420116 INFO Evaluation @epoch 12 - batch 171: 
2024-09-23 22:42:14,027 P420116 INFO [Metrics] AUC: 0.850410 - logloss: 0.319602
2024-09-23 22:42:14,028 P420116 INFO Save best model: monitor(max)=0.850410
2024-09-23 22:42:14,102 P420116 INFO ************ Epoch=12 end ************
2024-09-23 22:42:28,035 P420116 INFO Train loss: 0.318223
2024-09-23 22:42:28,035 P420116 INFO Evaluation @epoch 13 - batch 171: 
2024-09-23 22:42:29,142 P420116 INFO [Metrics] AUC: 0.851119 - logloss: 0.319123
2024-09-23 22:42:29,143 P420116 INFO Save best model: monitor(max)=0.851119
2024-09-23 22:42:29,214 P420116 INFO ************ Epoch=13 end ************
2024-09-23 22:42:43,558 P420116 INFO Train loss: 0.315781
2024-09-23 22:42:43,558 P420116 INFO Evaluation @epoch 14 - batch 171: 
2024-09-23 22:42:44,681 P420116 INFO [Metrics] AUC: 0.851428 - logloss: 0.318822
2024-09-23 22:42:44,682 P420116 INFO Save best model: monitor(max)=0.851428
2024-09-23 22:42:44,753 P420116 INFO ************ Epoch=14 end ************
2024-09-23 22:42:59,372 P420116 INFO Train loss: 0.313430
2024-09-23 22:42:59,373 P420116 INFO Evaluation @epoch 15 - batch 171: 
2024-09-23 22:43:00,495 P420116 INFO [Metrics] AUC: 0.851741 - logloss: 0.318825
2024-09-23 22:43:00,496 P420116 INFO Save best model: monitor(max)=0.851741
2024-09-23 22:43:00,559 P420116 INFO ************ Epoch=15 end ************
2024-09-23 22:43:15,322 P420116 INFO Train loss: 0.311548
2024-09-23 22:43:15,322 P420116 INFO Evaluation @epoch 16 - batch 171: 
2024-09-23 22:43:16,302 P420116 INFO [Metrics] AUC: 0.851737 - logloss: 0.318948
2024-09-23 22:43:16,302 P420116 INFO Monitor(max)=0.851737 STOP!
2024-09-23 22:43:16,303 P420116 INFO Reduce learning rate on plateau: 0.000010
2024-09-23 22:43:16,356 P420116 INFO ************ Epoch=16 end ************
2024-09-23 22:43:31,237 P420116 INFO Train loss: 0.302509
2024-09-23 22:43:31,237 P420116 INFO Evaluation @epoch 17 - batch 171: 
2024-09-23 22:43:32,267 P420116 INFO [Metrics] AUC: 0.851731 - logloss: 0.319363
2024-09-23 22:43:32,267 P420116 INFO Monitor(max)=0.851731 STOP!
2024-09-23 22:43:32,268 P420116 INFO Reduce learning rate on plateau: 0.000001
2024-09-23 22:43:32,268 P420116 INFO ********* Epoch=17 early stop *********
2024-09-23 22:43:32,331 P420116 INFO Training finished.
2024-09-23 22:43:32,331 P420116 INFO Load best model: /workspace/checkpoints/ML_1M_7_x1/IGDCNv3_ML_1M_040_66e97d2d.model
2024-09-23 22:43:32,338 P420116 INFO ****** Validation evaluation ******
2024-09-23 22:43:33,510 P420116 INFO [Metrics] logloss: 0.318825 - AUC: 0.851741
2024-09-23 22:43:33,643 P420116 INFO ******** Test evaluation ********
2024-09-23 22:43:33,643 P420116 INFO Loading datasets...
2024-09-23 22:43:33,886 P420116 INFO Test samples: total/100022, blocks/1
2024-09-23 22:43:33,886 P420116 INFO Loading test data done.
2024-09-23 22:43:34,637 P420116 INFO [Metrics] logloss: 0.317853 - AUC: 0.851655
