2024-09-23 22:51:46,270 P430140 INFO FuxiCTR version: 2.3.2
2024-09-23 22:51:46,271 P430140 INFO Params: {
    "batch_norm": "True",
    "batch_size": "4096",
    "data_format": "csv",
    "data_root": "dataset/",
    "dataset_id": "ML_1M_7_x1",
    "debug_mode": "False",
    "deep_net_dropout": "0.3",
    "early_stop_patience": "2",
    "embedding_dim": "16",
    "embedding_regularizer": "0.01",
    "epochs": "100",
    "eval_steps": "None",
    "feature_cols": "[{'active': True, 'dtype': 'str', 'name': ['UserID', 'Gender', 'Age', 'Occupation', 'MovieID', 'Release'], 'type': 'categorical'}, {'active': True, 'dtype': 'str', 'encoder': 'MaskedSumPooling', 'max_len': 5, 'name': 'Genres', 'splitter': '^', 'type': 'sequence'}]",
    "feature_config": "None",
    "feature_specs": "None",
    "gpu": "0",
    "group_id": "None",
    "label_col": "{'dtype': 'float', 'name': 'Label'}",
    "layer_norm": "True",
    "learning_rate": "0.001",
    "loss": "binary_crossentropy",
    "metrics": "['logloss', 'AUC']",
    "min_categr_count": "1",
    "model": "IGDCNv3",
    "model_id": "IGDCNv3_ML_1M_043_4db93733",
    "model_root": "./checkpoints/",
    "monitor": "{'AUC': 1, 'logloss': 0}",
    "monitor_mode": "max",
    "net_regularizer": "0",
    "num_deep_cross_layers": "2",
    "num_heads": "1",
    "num_shallow_cross_layers": "1",
    "num_workers": "4",
    "optimizer": "adam",
    "pickle_feature_encoder": "True",
    "save_best_only": "True",
    "seed": "2024",
    "shallow_net_dropout": "0.1",
    "shuffle": "True",
    "task": "binary_classification",
    "test_data": "dataset/ML_1M/test.csv",
    "train_data": "dataset/ML_1M/train.csv",
    "use_features": "None",
    "valid_data": "dataset/ML_1M/valid.csv",
    "verbose": "1"
}
2024-09-23 22:51:46,272 P430140 INFO Set up feature processor...
2024-09-23 22:51:46,272 P430140 WARNING Skip rebuilding dataset/ML_1M_7_x1/feature_map.json. Please delete it manually if rebuilding is required.
2024-09-23 22:51:46,272 P430140 INFO Load feature_map from json: dataset/ML_1M_7_x1/feature_map.json
2024-09-23 22:51:46,272 P430140 INFO Set column index...
2024-09-23 22:51:46,273 P430140 INFO Feature specs: {
    "Age": "{'source': '', 'type': 'categorical', 'padding_idx': 0, 'vocab_size': 9}",
    "Gender": "{'source': '', 'type': 'categorical', 'padding_idx': 0, 'vocab_size': 4}",
    "Genres": "{'source': '', 'type': 'sequence', 'feature_encoder': 'layers.MaskedAveragePooling()', 'padding_idx': 0, 'max_len': 5, 'vocab_size': 302}",
    "MovieID": "{'source': '', 'type': 'categorical', 'padding_idx': 0, 'vocab_size': 3659}",
    "Occupation": "{'source': '', 'type': 'categorical', 'padding_idx': 0, 'vocab_size': 23}",
    "Release": "{'source': '', 'type': 'categorical', 'padding_idx': 0, 'vocab_size': 83}",
    "UserID": "{'source': '', 'type': 'categorical', 'padding_idx': 0, 'vocab_size': 6042}"
}
2024-09-23 22:51:47,385 P430140 INFO Total number of parameters: 181840.
2024-09-23 22:51:47,386 P430140 INFO Loading datasets...
2024-09-23 22:51:48,927 P430140 INFO Train samples: total/700146, blocks/1
2024-09-23 22:51:49,372 P430140 INFO Validation samples: total/200041, blocks/1
2024-09-23 22:51:49,373 P430140 INFO Loading train and validation data done.
2024-09-23 22:51:49,373 P430140 INFO Start training: 171 batches/epoch
2024-09-23 22:51:49,373 P430140 INFO ************ Epoch=1 start ************
2024-09-23 22:51:55,016 P430140 INFO Train loss: 0.438733
2024-09-23 22:51:55,016 P430140 INFO Evaluation @epoch 1 - batch 171: 
2024-09-23 22:51:55,806 P430140 INFO [Metrics] AUC: 0.802015 - logloss: 0.357741
2024-09-23 22:51:55,807 P430140 INFO Save best model: monitor(max)=0.802015
2024-09-23 22:51:55,855 P430140 INFO ************ Epoch=1 end ************
2024-09-23 22:52:07,857 P430140 INFO Train loss: 0.381829
2024-09-23 22:52:07,858 P430140 INFO Evaluation @epoch 2 - batch 171: 
2024-09-23 22:52:09,076 P430140 INFO [Metrics] AUC: 0.806716 - logloss: 0.354359
2024-09-23 22:52:09,077 P430140 INFO Save best model: monitor(max)=0.806716
2024-09-23 22:52:09,140 P430140 INFO ************ Epoch=2 end ************
2024-09-23 22:52:21,953 P430140 INFO Train loss: 0.374732
2024-09-23 22:52:21,953 P430140 INFO Evaluation @epoch 3 - batch 171: 
2024-09-23 22:52:23,166 P430140 INFO [Metrics] AUC: 0.813256 - logloss: 0.348755
2024-09-23 22:52:23,167 P430140 INFO Save best model: monitor(max)=0.813256
2024-09-23 22:52:23,233 P430140 INFO ************ Epoch=3 end ************
2024-09-23 22:52:35,907 P430140 INFO Train loss: 0.370173
2024-09-23 22:52:35,907 P430140 INFO Evaluation @epoch 4 - batch 171: 
2024-09-23 22:52:37,154 P430140 INFO [Metrics] AUC: 0.816261 - logloss: 0.346589
2024-09-23 22:52:37,155 P430140 INFO Save best model: monitor(max)=0.816261
2024-09-23 22:52:37,216 P430140 INFO ************ Epoch=4 end ************
2024-09-23 22:52:49,982 P430140 INFO Train loss: 0.366419
2024-09-23 22:52:49,982 P430140 INFO Evaluation @epoch 5 - batch 171: 
2024-09-23 22:52:51,189 P430140 INFO [Metrics] AUC: 0.819760 - logloss: 0.344440
2024-09-23 22:52:51,190 P430140 INFO Save best model: monitor(max)=0.819760
2024-09-23 22:52:51,252 P430140 INFO ************ Epoch=5 end ************
2024-09-23 22:53:04,255 P430140 INFO Train loss: 0.363602
2024-09-23 22:53:04,255 P430140 INFO Evaluation @epoch 6 - batch 171: 
2024-09-23 22:53:05,462 P430140 INFO [Metrics] AUC: 0.823841 - logloss: 0.340910
2024-09-23 22:53:05,462 P430140 INFO Save best model: monitor(max)=0.823841
2024-09-23 22:53:05,522 P430140 INFO ************ Epoch=6 end ************
2024-09-23 22:53:18,869 P430140 INFO Train loss: 0.362280
2024-09-23 22:53:18,869 P430140 INFO Evaluation @epoch 7 - batch 171: 
2024-09-23 22:53:20,105 P430140 INFO [Metrics] AUC: 0.826187 - logloss: 0.339869
2024-09-23 22:53:20,106 P430140 INFO Save best model: monitor(max)=0.826187
2024-09-23 22:53:20,166 P430140 INFO ************ Epoch=7 end ************
2024-09-23 22:53:33,414 P430140 INFO Train loss: 0.360715
2024-09-23 22:53:33,414 P430140 INFO Evaluation @epoch 8 - batch 171: 
2024-09-23 22:53:34,655 P430140 INFO [Metrics] AUC: 0.830414 - logloss: 0.336441
2024-09-23 22:53:34,656 P430140 INFO Save best model: monitor(max)=0.830414
2024-09-23 22:53:34,717 P430140 INFO ************ Epoch=8 end ************
2024-09-23 22:53:48,168 P430140 INFO Train loss: 0.359395
2024-09-23 22:53:48,168 P430140 INFO Evaluation @epoch 9 - batch 171: 
2024-09-23 22:53:49,357 P430140 INFO [Metrics] AUC: 0.830596 - logloss: 0.335699
2024-09-23 22:53:49,358 P430140 INFO Save best model: monitor(max)=0.830596
2024-09-23 22:53:49,448 P430140 INFO ************ Epoch=9 end ************
2024-09-23 22:54:03,198 P430140 INFO Train loss: 0.358541
2024-09-23 22:54:03,198 P430140 INFO Evaluation @epoch 10 - batch 171: 
2024-09-23 22:54:04,302 P430140 INFO [Metrics] AUC: 0.833338 - logloss: 0.333576
2024-09-23 22:54:04,303 P430140 INFO Save best model: monitor(max)=0.833338
2024-09-23 22:54:04,384 P430140 INFO ************ Epoch=10 end ************
2024-09-23 22:54:17,987 P430140 INFO Train loss: 0.358342
2024-09-23 22:54:17,987 P430140 INFO Evaluation @epoch 11 - batch 171: 
2024-09-23 22:54:19,105 P430140 INFO [Metrics] AUC: 0.835483 - logloss: 0.332337
2024-09-23 22:54:19,106 P430140 INFO Save best model: monitor(max)=0.835483
2024-09-23 22:54:19,196 P430140 INFO ************ Epoch=11 end ************
2024-09-23 22:54:32,947 P430140 INFO Train loss: 0.357027
2024-09-23 22:54:32,947 P430140 INFO Evaluation @epoch 12 - batch 171: 
2024-09-23 22:54:34,134 P430140 INFO [Metrics] AUC: 0.836244 - logloss: 0.331429
2024-09-23 22:54:34,134 P430140 INFO Save best model: monitor(max)=0.836244
2024-09-23 22:54:34,209 P430140 INFO ************ Epoch=12 end ************
2024-09-23 22:54:47,803 P430140 INFO Train loss: 0.356122
2024-09-23 22:54:47,803 P430140 INFO Evaluation @epoch 13 - batch 171: 
2024-09-23 22:54:48,907 P430140 INFO [Metrics] AUC: 0.837040 - logloss: 0.330978
2024-09-23 22:54:48,908 P430140 INFO Save best model: monitor(max)=0.837040
2024-09-23 22:54:49,001 P430140 INFO ************ Epoch=13 end ************
2024-09-23 22:55:03,003 P430140 INFO Train loss: 0.355327
2024-09-23 22:55:03,004 P430140 INFO Evaluation @epoch 14 - batch 171: 
2024-09-23 22:55:04,143 P430140 INFO [Metrics] AUC: 0.837611 - logloss: 0.329991
2024-09-23 22:55:04,144 P430140 INFO Save best model: monitor(max)=0.837611
2024-09-23 22:55:04,213 P430140 INFO ************ Epoch=14 end ************
2024-09-23 22:55:18,060 P430140 INFO Train loss: 0.354519
2024-09-23 22:55:18,061 P430140 INFO Evaluation @epoch 15 - batch 171: 
2024-09-23 22:55:19,230 P430140 INFO [Metrics] AUC: 0.837979 - logloss: 0.330137
2024-09-23 22:55:19,230 P430140 INFO Save best model: monitor(max)=0.837979
2024-09-23 22:55:19,304 P430140 INFO ************ Epoch=15 end ************
2024-09-23 22:55:32,856 P430140 INFO Train loss: 0.353392
2024-09-23 22:55:32,857 P430140 INFO Evaluation @epoch 16 - batch 171: 
2024-09-23 22:55:34,006 P430140 INFO [Metrics] AUC: 0.839508 - logloss: 0.328996
2024-09-23 22:55:34,007 P430140 INFO Save best model: monitor(max)=0.839508
2024-09-23 22:55:34,078 P430140 INFO ************ Epoch=16 end ************
2024-09-23 22:55:47,813 P430140 INFO Train loss: 0.352795
2024-09-23 22:55:47,814 P430140 INFO Evaluation @epoch 17 - batch 171: 
2024-09-23 22:55:49,008 P430140 INFO [Metrics] AUC: 0.840625 - logloss: 0.328077
2024-09-23 22:55:49,009 P430140 INFO Save best model: monitor(max)=0.840625
2024-09-23 22:55:49,083 P430140 INFO ************ Epoch=17 end ************
2024-09-23 22:56:02,969 P430140 INFO Train loss: 0.352305
2024-09-23 22:56:02,969 P430140 INFO Evaluation @epoch 18 - batch 171: 
2024-09-23 22:56:04,182 P430140 INFO [Metrics] AUC: 0.840333 - logloss: 0.327938
2024-09-23 22:56:04,182 P430140 INFO Monitor(max)=0.840333 STOP!
2024-09-23 22:56:04,183 P430140 INFO Reduce learning rate on plateau: 0.000100
2024-09-23 22:56:04,249 P430140 INFO ************ Epoch=18 end ************
2024-09-23 22:56:18,143 P430140 INFO Train loss: 0.329133
2024-09-23 22:56:18,143 P430140 INFO Evaluation @epoch 19 - batch 171: 
2024-09-23 22:56:19,340 P430140 INFO [Metrics] AUC: 0.848477 - logloss: 0.321218
2024-09-23 22:56:19,341 P430140 INFO Save best model: monitor(max)=0.848477
2024-09-23 22:56:19,413 P430140 INFO ************ Epoch=19 end ************
2024-09-23 22:56:33,357 P430140 INFO Train loss: 0.318883
2024-09-23 22:56:33,358 P430140 INFO Evaluation @epoch 20 - batch 171: 
2024-09-23 22:56:34,623 P430140 INFO [Metrics] AUC: 0.851541 - logloss: 0.318785
2024-09-23 22:56:34,624 P430140 INFO Save best model: monitor(max)=0.851541
2024-09-23 22:56:34,699 P430140 INFO ************ Epoch=20 end ************
2024-09-23 22:56:48,830 P430140 INFO Train loss: 0.314098
2024-09-23 22:56:48,830 P430140 INFO Evaluation @epoch 21 - batch 171: 
2024-09-23 22:56:49,940 P430140 INFO [Metrics] AUC: 0.852734 - logloss: 0.317885
2024-09-23 22:56:49,940 P430140 INFO Save best model: monitor(max)=0.852734
2024-09-23 22:56:50,021 P430140 INFO ************ Epoch=21 end ************
2024-09-23 22:57:04,205 P430140 INFO Train loss: 0.311065
2024-09-23 22:57:04,205 P430140 INFO Evaluation @epoch 22 - batch 171: 
2024-09-23 22:57:05,328 P430140 INFO [Metrics] AUC: 0.853231 - logloss: 0.317629
2024-09-23 22:57:05,328 P430140 INFO Save best model: monitor(max)=0.853231
2024-09-23 22:57:05,392 P430140 INFO ************ Epoch=22 end ************
2024-09-23 22:57:19,901 P430140 INFO Train loss: 0.308525
2024-09-23 22:57:19,901 P430140 INFO Evaluation @epoch 23 - batch 171: 
2024-09-23 22:57:21,069 P430140 INFO [Metrics] AUC: 0.853094 - logloss: 0.317909
2024-09-23 22:57:21,069 P430140 INFO Monitor(max)=0.853094 STOP!
2024-09-23 22:57:21,070 P430140 INFO Reduce learning rate on plateau: 0.000010
2024-09-23 22:57:21,134 P430140 INFO ************ Epoch=23 end ************
2024-09-23 22:57:35,887 P430140 INFO Train loss: 0.300017
2024-09-23 22:57:35,887 P430140 INFO Evaluation @epoch 24 - batch 171: 
2024-09-23 22:57:36,978 P430140 INFO [Metrics] AUC: 0.853180 - logloss: 0.318115
2024-09-23 22:57:36,978 P430140 INFO Monitor(max)=0.853180 STOP!
2024-09-23 22:57:36,979 P430140 INFO Reduce learning rate on plateau: 0.000001
2024-09-23 22:57:36,979 P430140 INFO ********* Epoch=24 early stop *********
2024-09-23 22:57:37,031 P430140 INFO Training finished.
2024-09-23 22:57:37,031 P430140 INFO Load best model: /workspace/checkpoints/ML_1M_7_x1/IGDCNv3_ML_1M_043_4db93733.model
2024-09-23 22:57:37,040 P430140 INFO ****** Validation evaluation ******
2024-09-23 22:57:38,200 P430140 INFO [Metrics] logloss: 0.317629 - AUC: 0.853231
2024-09-23 22:57:38,336 P430140 INFO ******** Test evaluation ********
2024-09-23 22:57:38,336 P430140 INFO Loading datasets...
2024-09-23 22:57:38,572 P430140 INFO Test samples: total/100022, blocks/1
2024-09-23 22:57:38,572 P430140 INFO Loading test data done.
2024-09-23 22:57:39,308 P430140 INFO [Metrics] logloss: 0.316244 - AUC: 0.853424
