2024-09-23 21:40:44,455 P367740 INFO FuxiCTR version: 2.3.2
2024-09-23 21:40:44,457 P367740 INFO Params: {
    "batch_norm": "True",
    "batch_size": "4096",
    "data_format": "csv",
    "data_root": "dataset/",
    "dataset_id": "ML_1M_7_x1",
    "debug_mode": "False",
    "deep_net_dropout": "0.2",
    "early_stop_patience": "2",
    "embedding_dim": "16",
    "embedding_regularizer": "0.01",
    "epochs": "100",
    "eval_steps": "None",
    "feature_cols": "[{'active': True, 'dtype': 'str', 'name': ['UserID', 'Gender', 'Age', 'Occupation', 'MovieID', 'Release'], 'type': 'categorical'}, {'active': True, 'dtype': 'str', 'encoder': 'MaskedSumPooling', 'max_len': 5, 'name': 'Genres', 'splitter': '^', 'type': 'sequence'}]",
    "feature_config": "None",
    "feature_specs": "None",
    "gpu": "0",
    "group_id": "None",
    "label_col": "{'dtype': 'float', 'name': 'Label'}",
    "layer_norm": "True",
    "learning_rate": "0.001",
    "loss": "binary_crossentropy",
    "metrics": "['logloss', 'AUC']",
    "min_categr_count": "1",
    "model": "IGDCNv3",
    "model_id": "IGDCNv3_ML_1M_014_0135a591",
    "model_root": "./checkpoints/",
    "monitor": "{'AUC': 1, 'logloss': 0}",
    "monitor_mode": "max",
    "net_regularizer": "0",
    "num_deep_cross_layers": "1",
    "num_heads": "1",
    "num_shallow_cross_layers": "2",
    "num_workers": "4",
    "optimizer": "adam",
    "pickle_feature_encoder": "True",
    "save_best_only": "True",
    "seed": "2024",
    "shallow_net_dropout": "0.2",
    "shuffle": "True",
    "task": "binary_classification",
    "test_data": "dataset/ML_1M/test.csv",
    "train_data": "dataset/ML_1M/train.csv",
    "use_features": "None",
    "valid_data": "dataset/ML_1M/valid.csv",
    "verbose": "1"
}
2024-09-23 21:40:44,458 P367740 INFO Set up feature processor...
2024-09-23 21:40:44,458 P367740 WARNING Skip rebuilding dataset/ML_1M_7_x1/feature_map.json. Please delete it manually if rebuilding is required.
2024-09-23 21:40:44,459 P367740 INFO Load feature_map from json: dataset/ML_1M_7_x1/feature_map.json
2024-09-23 21:40:44,459 P367740 INFO Set column index...
2024-09-23 21:40:44,459 P367740 INFO Feature specs: {
    "Age": "{'source': '', 'type': 'categorical', 'padding_idx': 0, 'vocab_size': 9}",
    "Gender": "{'source': '', 'type': 'categorical', 'padding_idx': 0, 'vocab_size': 4}",
    "Genres": "{'source': '', 'type': 'sequence', 'feature_encoder': 'layers.MaskedAveragePooling()', 'padding_idx': 0, 'max_len': 5, 'vocab_size': 302}",
    "MovieID": "{'source': '', 'type': 'categorical', 'padding_idx': 0, 'vocab_size': 3659}",
    "Occupation": "{'source': '', 'type': 'categorical', 'padding_idx': 0, 'vocab_size': 23}",
    "Release": "{'source': '', 'type': 'categorical', 'padding_idx': 0, 'vocab_size': 83}",
    "UserID": "{'source': '', 'type': 'categorical', 'padding_idx': 0, 'vocab_size': 6042}"
}
2024-09-23 21:40:45,672 P367740 INFO Total number of parameters: 181840.
2024-09-23 21:40:45,672 P367740 INFO Loading datasets...
2024-09-23 21:40:47,228 P367740 INFO Train samples: total/700146, blocks/1
2024-09-23 21:40:47,677 P367740 INFO Validation samples: total/200041, blocks/1
2024-09-23 21:40:47,678 P367740 INFO Loading train and validation data done.
2024-09-23 21:40:47,678 P367740 INFO Start training: 171 batches/epoch
2024-09-23 21:40:47,678 P367740 INFO ************ Epoch=1 start ************
2024-09-23 21:40:53,403 P367740 INFO Train loss: 0.450328
2024-09-23 21:40:53,403 P367740 INFO Evaluation @epoch 1 - batch 171: 
2024-09-23 21:40:54,166 P367740 INFO [Metrics] AUC: 0.798886 - logloss: 0.359137
2024-09-23 21:40:54,166 P367740 INFO Save best model: monitor(max)=0.798886
2024-09-23 21:40:54,210 P367740 INFO ************ Epoch=1 end ************
2024-09-23 21:40:58,727 P367740 INFO Train loss: 0.380944
2024-09-23 21:40:58,727 P367740 INFO Evaluation @epoch 2 - batch 171: 
2024-09-23 21:40:59,464 P367740 INFO [Metrics] AUC: 0.806872 - logloss: 0.355088
2024-09-23 21:40:59,465 P367740 INFO Save best model: monitor(max)=0.806872
2024-09-23 21:40:59,524 P367740 INFO ************ Epoch=2 end ************
2024-09-23 21:41:04,028 P367740 INFO Train loss: 0.372023
2024-09-23 21:41:04,028 P367740 INFO Evaluation @epoch 3 - batch 171: 
2024-09-23 21:41:04,779 P367740 INFO [Metrics] AUC: 0.811395 - logloss: 0.350318
2024-09-23 21:41:04,780 P367740 INFO Save best model: monitor(max)=0.811395
2024-09-23 21:41:04,836 P367740 INFO ************ Epoch=3 end ************
2024-09-23 21:41:09,340 P367740 INFO Train loss: 0.367934
2024-09-23 21:41:09,341 P367740 INFO Evaluation @epoch 4 - batch 171: 
2024-09-23 21:41:10,115 P367740 INFO [Metrics] AUC: 0.815702 - logloss: 0.346912
2024-09-23 21:41:10,116 P367740 INFO Save best model: monitor(max)=0.815702
2024-09-23 21:41:10,172 P367740 INFO ************ Epoch=4 end ************
2024-09-23 21:41:14,579 P367740 INFO Train loss: 0.367156
2024-09-23 21:41:14,579 P367740 INFO Evaluation @epoch 5 - batch 171: 
2024-09-23 21:41:15,306 P367740 INFO [Metrics] AUC: 0.822420 - logloss: 0.342379
2024-09-23 21:41:15,307 P367740 INFO Save best model: monitor(max)=0.822420
2024-09-23 21:41:15,365 P367740 INFO ************ Epoch=5 end ************
2024-09-23 21:41:19,879 P367740 INFO Train loss: 0.365339
2024-09-23 21:41:19,879 P367740 INFO Evaluation @epoch 6 - batch 171: 
2024-09-23 21:41:20,623 P367740 INFO [Metrics] AUC: 0.826701 - logloss: 0.338431
2024-09-23 21:41:20,624 P367740 INFO Save best model: monitor(max)=0.826701
2024-09-23 21:41:20,680 P367740 INFO ************ Epoch=6 end ************
2024-09-23 21:41:25,142 P367740 INFO Train loss: 0.363615
2024-09-23 21:41:25,142 P367740 INFO Evaluation @epoch 7 - batch 171: 
2024-09-23 21:41:25,889 P367740 INFO [Metrics] AUC: 0.829943 - logloss: 0.336511
2024-09-23 21:41:25,889 P367740 INFO Save best model: monitor(max)=0.829943
2024-09-23 21:41:25,948 P367740 INFO ************ Epoch=7 end ************
2024-09-23 21:41:30,387 P367740 INFO Train loss: 0.361783
2024-09-23 21:41:30,387 P367740 INFO Evaluation @epoch 8 - batch 171: 
2024-09-23 21:41:31,143 P367740 INFO [Metrics] AUC: 0.833648 - logloss: 0.333672
2024-09-23 21:41:31,143 P367740 INFO Save best model: monitor(max)=0.833648
2024-09-23 21:41:31,199 P367740 INFO ************ Epoch=8 end ************
2024-09-23 21:41:35,651 P367740 INFO Train loss: 0.359971
2024-09-23 21:41:35,651 P367740 INFO Evaluation @epoch 9 - batch 171: 
2024-09-23 21:41:36,419 P367740 INFO [Metrics] AUC: 0.834102 - logloss: 0.332954
2024-09-23 21:41:36,420 P367740 INFO Save best model: monitor(max)=0.834102
2024-09-23 21:41:36,478 P367740 INFO ************ Epoch=9 end ************
2024-09-23 21:41:40,878 P367740 INFO Train loss: 0.358489
2024-09-23 21:41:40,878 P367740 INFO Evaluation @epoch 10 - batch 171: 
2024-09-23 21:41:41,627 P367740 INFO [Metrics] AUC: 0.835870 - logloss: 0.331576
2024-09-23 21:41:41,627 P367740 INFO Save best model: monitor(max)=0.835870
2024-09-23 21:41:41,686 P367740 INFO ************ Epoch=10 end ************
2024-09-23 21:41:46,270 P367740 INFO Train loss: 0.357274
2024-09-23 21:41:46,270 P367740 INFO Evaluation @epoch 11 - batch 171: 
2024-09-23 21:41:47,024 P367740 INFO [Metrics] AUC: 0.837404 - logloss: 0.330786
2024-09-23 21:41:47,025 P367740 INFO Save best model: monitor(max)=0.837404
2024-09-23 21:41:47,082 P367740 INFO ************ Epoch=11 end ************
2024-09-23 21:41:51,571 P367740 INFO Train loss: 0.355999
2024-09-23 21:41:51,572 P367740 INFO Evaluation @epoch 12 - batch 171: 
2024-09-23 21:41:52,311 P367740 INFO [Metrics] AUC: 0.838397 - logloss: 0.329322
2024-09-23 21:41:52,311 P367740 INFO Save best model: monitor(max)=0.838397
2024-09-23 21:41:52,370 P367740 INFO ************ Epoch=12 end ************
2024-09-23 21:41:56,842 P367740 INFO Train loss: 0.354785
2024-09-23 21:41:56,842 P367740 INFO Evaluation @epoch 13 - batch 171: 
2024-09-23 21:41:57,630 P367740 INFO [Metrics] AUC: 0.839082 - logloss: 0.329205
2024-09-23 21:41:57,631 P367740 INFO Save best model: monitor(max)=0.839082
2024-09-23 21:41:57,689 P367740 INFO ************ Epoch=13 end ************
2024-09-23 21:42:02,089 P367740 INFO Train loss: 0.354349
2024-09-23 21:42:02,089 P367740 INFO Evaluation @epoch 14 - batch 171: 
2024-09-23 21:42:02,890 P367740 INFO [Metrics] AUC: 0.839660 - logloss: 0.328382
2024-09-23 21:42:02,890 P367740 INFO Save best model: monitor(max)=0.839660
2024-09-23 21:42:02,949 P367740 INFO ************ Epoch=14 end ************
2024-09-23 21:42:07,479 P367740 INFO Train loss: 0.353789
2024-09-23 21:42:07,479 P367740 INFO Evaluation @epoch 15 - batch 171: 
2024-09-23 21:42:08,239 P367740 INFO [Metrics] AUC: 0.838944 - logloss: 0.329010
2024-09-23 21:42:08,240 P367740 INFO Monitor(max)=0.838944 STOP!
2024-09-23 21:42:08,240 P367740 INFO Reduce learning rate on plateau: 0.000100
2024-09-23 21:42:08,291 P367740 INFO ************ Epoch=15 end ************
2024-09-23 21:42:12,773 P367740 INFO Train loss: 0.329505
2024-09-23 21:42:12,774 P367740 INFO Evaluation @epoch 16 - batch 171: 
2024-09-23 21:42:13,549 P367740 INFO [Metrics] AUC: 0.848174 - logloss: 0.321503
2024-09-23 21:42:13,550 P367740 INFO Save best model: monitor(max)=0.848174
2024-09-23 21:42:13,610 P367740 INFO ************ Epoch=16 end ************
2024-09-23 21:42:18,100 P367740 INFO Train loss: 0.317866
2024-09-23 21:42:18,101 P367740 INFO Evaluation @epoch 17 - batch 171: 
2024-09-23 21:42:18,852 P367740 INFO [Metrics] AUC: 0.851499 - logloss: 0.319196
2024-09-23 21:42:18,852 P367740 INFO Save best model: monitor(max)=0.851499
2024-09-23 21:42:18,909 P367740 INFO ************ Epoch=17 end ************
2024-09-23 21:42:23,530 P367740 INFO Train loss: 0.312050
2024-09-23 21:42:23,530 P367740 INFO Evaluation @epoch 18 - batch 171: 
2024-09-23 21:42:24,288 P367740 INFO [Metrics] AUC: 0.852622 - logloss: 0.318659
2024-09-23 21:42:24,288 P367740 INFO Save best model: monitor(max)=0.852622
2024-09-23 21:42:24,342 P367740 INFO ************ Epoch=18 end ************
2024-09-23 21:42:28,826 P367740 INFO Train loss: 0.308445
2024-09-23 21:42:28,826 P367740 INFO Evaluation @epoch 19 - batch 171: 
2024-09-23 21:42:29,599 P367740 INFO [Metrics] AUC: 0.852545 - logloss: 0.318988
2024-09-23 21:42:29,600 P367740 INFO Monitor(max)=0.852545 STOP!
2024-09-23 21:42:29,600 P367740 INFO Reduce learning rate on plateau: 0.000010
2024-09-23 21:42:29,651 P367740 INFO ************ Epoch=19 end ************
2024-09-23 21:42:34,114 P367740 INFO Train loss: 0.297970
2024-09-23 21:42:34,115 P367740 INFO Evaluation @epoch 20 - batch 171: 
2024-09-23 21:42:34,837 P367740 INFO [Metrics] AUC: 0.852556 - logloss: 0.319119
2024-09-23 21:42:34,837 P367740 INFO Monitor(max)=0.852556 STOP!
2024-09-23 21:42:34,838 P367740 INFO Reduce learning rate on plateau: 0.000001
2024-09-23 21:42:34,838 P367740 INFO ********* Epoch=20 early stop *********
2024-09-23 21:42:34,889 P367740 INFO Training finished.
2024-09-23 21:42:34,889 P367740 INFO Load best model: /workspace/checkpoints/ML_1M_7_x1/IGDCNv3_ML_1M_014_0135a591.model
2024-09-23 21:42:34,896 P367740 INFO ****** Validation evaluation ******
2024-09-23 21:42:35,614 P367740 INFO [Metrics] logloss: 0.318659 - AUC: 0.852622
2024-09-23 21:42:35,736 P367740 INFO ******** Test evaluation ********
2024-09-23 21:42:35,736 P367740 INFO Loading datasets...
2024-09-23 21:42:35,943 P367740 INFO Test samples: total/100022, blocks/1
2024-09-23 21:42:35,943 P367740 INFO Loading test data done.
2024-09-23 21:42:36,407 P367740 INFO [Metrics] logloss: 0.317132 - AUC: 0.852851
