2024-09-23 21:24:40,414 P351357 INFO FuxiCTR version: 2.3.2
2024-09-23 21:24:40,416 P351357 INFO Params: {
    "batch_norm": "True",
    "batch_size": "4096",
    "data_format": "csv",
    "data_root": "dataset/",
    "dataset_id": "ML_1M_7_x1",
    "debug_mode": "False",
    "deep_net_dropout": "0.2",
    "early_stop_patience": "2",
    "embedding_dim": "16",
    "embedding_regularizer": "0.01",
    "epochs": "100",
    "eval_steps": "None",
    "feature_cols": "[{'active': True, 'dtype': 'str', 'name': ['UserID', 'Gender', 'Age', 'Occupation', 'MovieID', 'Release'], 'type': 'categorical'}, {'active': True, 'dtype': 'str', 'encoder': 'MaskedSumPooling', 'max_len': 5, 'name': 'Genres', 'splitter': '^', 'type': 'sequence'}]",
    "feature_config": "None",
    "feature_specs": "None",
    "gpu": "0",
    "group_id": "None",
    "label_col": "{'dtype': 'float', 'name': 'Label'}",
    "layer_norm": "True",
    "learning_rate": "0.001",
    "loss": "binary_crossentropy",
    "metrics": "['logloss', 'AUC']",
    "min_categr_count": "1",
    "model": "IGDCNv3",
    "model_id": "IGDCNv3_ML_1M_005_66e97d2d",
    "model_root": "./checkpoints/",
    "monitor": "{'AUC': 1, 'logloss': 0}",
    "monitor_mode": "max",
    "net_regularizer": "0",
    "num_deep_cross_layers": "1",
    "num_heads": "1",
    "num_shallow_cross_layers": "1",
    "num_workers": "4",
    "optimizer": "adam",
    "pickle_feature_encoder": "True",
    "save_best_only": "True",
    "seed": "2024",
    "shallow_net_dropout": "0.2",
    "shuffle": "True",
    "task": "binary_classification",
    "test_data": "dataset/ML_1M/test.csv",
    "train_data": "dataset/ML_1M/train.csv",
    "use_features": "None",
    "valid_data": "dataset/ML_1M/valid.csv",
    "verbose": "1"
}
2024-09-23 21:24:40,417 P351357 INFO Set up feature processor...
2024-09-23 21:24:40,417 P351357 WARNING Skip rebuilding dataset/ML_1M_7_x1/feature_map.json. Please delete it manually if rebuilding is required.
2024-09-23 21:24:40,418 P351357 INFO Load feature_map from json: dataset/ML_1M_7_x1/feature_map.json
2024-09-23 21:24:40,418 P351357 INFO Set column index...
2024-09-23 21:24:40,418 P351357 INFO Feature specs: {
    "Age": "{'source': '', 'type': 'categorical', 'padding_idx': 0, 'vocab_size': 9}",
    "Gender": "{'source': '', 'type': 'categorical', 'padding_idx': 0, 'vocab_size': 4}",
    "Genres": "{'source': '', 'type': 'sequence', 'feature_encoder': 'layers.MaskedAveragePooling()', 'padding_idx': 0, 'max_len': 5, 'vocab_size': 302}",
    "MovieID": "{'source': '', 'type': 'categorical', 'padding_idx': 0, 'vocab_size': 3659}",
    "Occupation": "{'source': '', 'type': 'categorical', 'padding_idx': 0, 'vocab_size': 23}",
    "Release": "{'source': '', 'type': 'categorical', 'padding_idx': 0, 'vocab_size': 83}",
    "UserID": "{'source': '', 'type': 'categorical', 'padding_idx': 0, 'vocab_size': 6042}"
}
2024-09-23 21:24:41,636 P351357 INFO Total number of parameters: 175286.
2024-09-23 21:24:41,637 P351357 INFO Loading datasets...
2024-09-23 21:24:43,180 P351357 INFO Train samples: total/700146, blocks/1
2024-09-23 21:24:43,634 P351357 INFO Validation samples: total/200041, blocks/1
2024-09-23 21:24:43,634 P351357 INFO Loading train and validation data done.
2024-09-23 21:24:43,634 P351357 INFO Start training: 171 batches/epoch
2024-09-23 21:24:43,634 P351357 INFO ************ Epoch=1 start ************
2024-09-23 21:24:48,596 P351357 INFO Train loss: 0.464560
2024-09-23 21:24:48,596 P351357 INFO Evaluation @epoch 1 - batch 171: 
2024-09-23 21:24:49,299 P351357 INFO [Metrics] AUC: 0.800387 - logloss: 0.358832
2024-09-23 21:24:49,300 P351357 INFO Save best model: monitor(max)=0.800387
2024-09-23 21:24:49,342 P351357 INFO ************ Epoch=1 end ************
2024-09-23 21:24:53,319 P351357 INFO Train loss: 0.384605
2024-09-23 21:24:53,319 P351357 INFO Evaluation @epoch 2 - batch 171: 
2024-09-23 21:24:54,028 P351357 INFO [Metrics] AUC: 0.804888 - logloss: 0.355919
2024-09-23 21:24:54,029 P351357 INFO Save best model: monitor(max)=0.804888
2024-09-23 21:24:54,085 P351357 INFO ************ Epoch=2 end ************
2024-09-23 21:24:57,945 P351357 INFO Train loss: 0.374924
2024-09-23 21:24:57,946 P351357 INFO Evaluation @epoch 3 - batch 171: 
2024-09-23 21:24:58,631 P351357 INFO [Metrics] AUC: 0.809506 - logloss: 0.352057
2024-09-23 21:24:58,632 P351357 INFO Save best model: monitor(max)=0.809506
2024-09-23 21:24:58,686 P351357 INFO ************ Epoch=3 end ************
2024-09-23 21:25:02,638 P351357 INFO Train loss: 0.369768
2024-09-23 21:25:02,638 P351357 INFO Evaluation @epoch 4 - batch 171: 
2024-09-23 21:25:03,382 P351357 INFO [Metrics] AUC: 0.811528 - logloss: 0.350237
2024-09-23 21:25:03,382 P351357 INFO Save best model: monitor(max)=0.811528
2024-09-23 21:25:03,438 P351357 INFO ************ Epoch=4 end ************
2024-09-23 21:25:07,372 P351357 INFO Train loss: 0.366119
2024-09-23 21:25:07,373 P351357 INFO Evaluation @epoch 5 - batch 171: 
2024-09-23 21:25:08,106 P351357 INFO [Metrics] AUC: 0.815828 - logloss: 0.347329
2024-09-23 21:25:08,107 P351357 INFO Save best model: monitor(max)=0.815828
2024-09-23 21:25:08,162 P351357 INFO ************ Epoch=5 end ************
2024-09-23 21:25:12,141 P351357 INFO Train loss: 0.362968
2024-09-23 21:25:12,142 P351357 INFO Evaluation @epoch 6 - batch 171: 
2024-09-23 21:25:12,873 P351357 INFO [Metrics] AUC: 0.816909 - logloss: 0.346662
2024-09-23 21:25:12,874 P351357 INFO Save best model: monitor(max)=0.816909
2024-09-23 21:25:12,939 P351357 INFO ************ Epoch=6 end ************
2024-09-23 21:25:16,886 P351357 INFO Train loss: 0.360647
2024-09-23 21:25:16,886 P351357 INFO Evaluation @epoch 7 - batch 171: 
2024-09-23 21:25:17,568 P351357 INFO [Metrics] AUC: 0.816729 - logloss: 0.346975
2024-09-23 21:25:17,569 P351357 INFO Monitor(max)=0.816729 STOP!
2024-09-23 21:25:17,569 P351357 INFO Reduce learning rate on plateau: 0.000100
2024-09-23 21:25:17,626 P351357 INFO ************ Epoch=7 end ************
2024-09-23 21:25:21,604 P351357 INFO Train loss: 0.349336
2024-09-23 21:25:21,604 P351357 INFO Evaluation @epoch 8 - batch 171: 
2024-09-23 21:25:22,322 P351357 INFO [Metrics] AUC: 0.823790 - logloss: 0.341305
2024-09-23 21:25:22,323 P351357 INFO Save best model: monitor(max)=0.823790
2024-09-23 21:25:22,379 P351357 INFO ************ Epoch=8 end ************
2024-09-23 21:25:26,328 P351357 INFO Train loss: 0.344373
2024-09-23 21:25:26,329 P351357 INFO Evaluation @epoch 9 - batch 171: 
2024-09-23 21:25:27,071 P351357 INFO [Metrics] AUC: 0.825464 - logloss: 0.340051
2024-09-23 21:25:27,072 P351357 INFO Save best model: monitor(max)=0.825464
2024-09-23 21:25:27,130 P351357 INFO ************ Epoch=9 end ************
2024-09-23 21:25:31,182 P351357 INFO Train loss: 0.342570
2024-09-23 21:25:31,183 P351357 INFO Evaluation @epoch 10 - batch 171: 
2024-09-23 21:25:31,914 P351357 INFO [Metrics] AUC: 0.826114 - logloss: 0.339657
2024-09-23 21:25:31,915 P351357 INFO Save best model: monitor(max)=0.826114
2024-09-23 21:25:31,976 P351357 INFO ************ Epoch=10 end ************
2024-09-23 21:25:35,984 P351357 INFO Train loss: 0.341177
2024-09-23 21:25:35,985 P351357 INFO Evaluation @epoch 11 - batch 171: 
2024-09-23 21:25:36,737 P351357 INFO [Metrics] AUC: 0.826383 - logloss: 0.339436
2024-09-23 21:25:36,737 P351357 INFO Save best model: monitor(max)=0.826383
2024-09-23 21:25:36,794 P351357 INFO ************ Epoch=11 end ************
2024-09-23 21:25:40,752 P351357 INFO Train loss: 0.340197
2024-09-23 21:25:40,752 P351357 INFO Evaluation @epoch 12 - batch 171: 
2024-09-23 21:25:41,489 P351357 INFO [Metrics] AUC: 0.826545 - logloss: 0.339352
2024-09-23 21:25:41,490 P351357 INFO Save best model: monitor(max)=0.826545
2024-09-23 21:25:41,545 P351357 INFO ************ Epoch=12 end ************
2024-09-23 21:25:45,476 P351357 INFO Train loss: 0.339632
2024-09-23 21:25:45,476 P351357 INFO Evaluation @epoch 13 - batch 171: 
2024-09-23 21:25:46,197 P351357 INFO [Metrics] AUC: 0.826573 - logloss: 0.339273
2024-09-23 21:25:46,197 P351357 INFO Save best model: monitor(max)=0.826573
2024-09-23 21:25:46,254 P351357 INFO ************ Epoch=13 end ************
2024-09-23 21:25:50,290 P351357 INFO Train loss: 0.338904
2024-09-23 21:25:50,290 P351357 INFO Evaluation @epoch 14 - batch 171: 
2024-09-23 21:25:50,994 P351357 INFO [Metrics] AUC: 0.826606 - logloss: 0.339228
2024-09-23 21:25:50,995 P351357 INFO Save best model: monitor(max)=0.826606
2024-09-23 21:25:51,052 P351357 INFO ************ Epoch=14 end ************
2024-09-23 21:25:55,021 P351357 INFO Train loss: 0.338422
2024-09-23 21:25:55,021 P351357 INFO Evaluation @epoch 15 - batch 171: 
2024-09-23 21:25:55,740 P351357 INFO [Metrics] AUC: 0.826757 - logloss: 0.339142
2024-09-23 21:25:55,741 P351357 INFO Save best model: monitor(max)=0.826757
2024-09-23 21:25:55,796 P351357 INFO ************ Epoch=15 end ************
2024-09-23 21:25:59,764 P351357 INFO Train loss: 0.338036
2024-09-23 21:25:59,764 P351357 INFO Evaluation @epoch 16 - batch 171: 
2024-09-23 21:26:00,486 P351357 INFO [Metrics] AUC: 0.826672 - logloss: 0.339177
2024-09-23 21:26:00,487 P351357 INFO Monitor(max)=0.826672 STOP!
2024-09-23 21:26:00,487 P351357 INFO Reduce learning rate on plateau: 0.000010
2024-09-23 21:26:00,540 P351357 INFO ************ Epoch=16 end ************
2024-09-23 21:26:04,496 P351357 INFO Train loss: 0.335123
2024-09-23 21:26:04,497 P351357 INFO Evaluation @epoch 17 - batch 171: 
2024-09-23 21:26:05,200 P351357 INFO [Metrics] AUC: 0.826728 - logloss: 0.339184
2024-09-23 21:26:05,200 P351357 INFO Monitor(max)=0.826728 STOP!
2024-09-23 21:26:05,201 P351357 INFO Reduce learning rate on plateau: 0.000001
2024-09-23 21:26:05,201 P351357 INFO ********* Epoch=17 early stop *********
2024-09-23 21:26:05,251 P351357 INFO Training finished.
2024-09-23 21:26:05,251 P351357 INFO Load best model: /workspace/checkpoints/ML_1M_7_x1/IGDCNv3_ML_1M_005_66e97d2d.model
2024-09-23 21:26:05,257 P351357 INFO ****** Validation evaluation ******
2024-09-23 21:26:05,956 P351357 INFO [Metrics] logloss: 0.339142 - AUC: 0.826757
2024-09-23 21:26:06,078 P351357 INFO ******** Test evaluation ********
2024-09-23 21:26:06,079 P351357 INFO Loading datasets...
2024-09-23 21:26:06,288 P351357 INFO Test samples: total/100022, blocks/1
2024-09-23 21:26:06,289 P351357 INFO Loading test data done.
2024-09-23 21:26:06,774 P351357 INFO [Metrics] logloss: 0.338200 - AUC: 0.826597
