2024-09-23 22:28:05,346 P410662 INFO FuxiCTR version: 2.3.2
2024-09-23 22:28:05,347 P410662 INFO Params: {
    "batch_norm": "True",
    "batch_size": "4096",
    "data_format": "csv",
    "data_root": "dataset/",
    "dataset_id": "ML_1M_7_x1",
    "debug_mode": "False",
    "deep_net_dropout": "0.3",
    "early_stop_patience": "2",
    "embedding_dim": "16",
    "embedding_regularizer": "0.01",
    "epochs": "100",
    "eval_steps": "None",
    "feature_cols": "[{'active': True, 'dtype': 'str', 'name': ['UserID', 'Gender', 'Age', 'Occupation', 'MovieID', 'Release'], 'type': 'categorical'}, {'active': True, 'dtype': 'str', 'encoder': 'MaskedSumPooling', 'max_len': 5, 'name': 'Genres', 'splitter': '^', 'type': 'sequence'}]",
    "feature_config": "None",
    "feature_specs": "None",
    "gpu": "0",
    "group_id": "None",
    "label_col": "{'dtype': 'float', 'name': 'Label'}",
    "layer_norm": "True",
    "learning_rate": "0.001",
    "loss": "binary_crossentropy",
    "metrics": "['logloss', 'AUC']",
    "min_categr_count": "1",
    "model": "IGDCNv3",
    "model_id": "IGDCNv3_ML_1M_036_cbfadbd4",
    "model_root": "./checkpoints/",
    "monitor": "{'AUC': 1, 'logloss': 0}",
    "monitor_mode": "max",
    "net_regularizer": "0",
    "num_deep_cross_layers": "1",
    "num_heads": "1",
    "num_shallow_cross_layers": "4",
    "num_workers": "4",
    "optimizer": "adam",
    "pickle_feature_encoder": "True",
    "save_best_only": "True",
    "seed": "2024",
    "shallow_net_dropout": "0.3",
    "shuffle": "True",
    "task": "binary_classification",
    "test_data": "dataset/ML_1M/test.csv",
    "train_data": "dataset/ML_1M/train.csv",
    "use_features": "None",
    "valid_data": "dataset/ML_1M/valid.csv",
    "verbose": "1"
}
2024-09-23 22:28:05,347 P410662 INFO Set up feature processor...
2024-09-23 22:28:05,348 P410662 WARNING Skip rebuilding dataset/ML_1M_7_x1/feature_map.json. Please delete it manually if rebuilding is required.
2024-09-23 22:28:05,348 P410662 INFO Load feature_map from json: dataset/ML_1M_7_x1/feature_map.json
2024-09-23 22:28:05,348 P410662 INFO Set column index...
2024-09-23 22:28:05,348 P410662 INFO Feature specs: {
    "Age": "{'source': '', 'type': 'categorical', 'padding_idx': 0, 'vocab_size': 9}",
    "Gender": "{'source': '', 'type': 'categorical', 'padding_idx': 0, 'vocab_size': 4}",
    "Genres": "{'source': '', 'type': 'sequence', 'feature_encoder': 'layers.MaskedAveragePooling()', 'padding_idx': 0, 'max_len': 5, 'vocab_size': 302}",
    "MovieID": "{'source': '', 'type': 'categorical', 'padding_idx': 0, 'vocab_size': 3659}",
    "Occupation": "{'source': '', 'type': 'categorical', 'padding_idx': 0, 'vocab_size': 23}",
    "Release": "{'source': '', 'type': 'categorical', 'padding_idx': 0, 'vocab_size': 83}",
    "UserID": "{'source': '', 'type': 'categorical', 'padding_idx': 0, 'vocab_size': 6042}"
}
2024-09-23 22:28:06,566 P410662 INFO Total number of parameters: 194948.
2024-09-23 22:28:06,567 P410662 INFO Loading datasets...
2024-09-23 22:28:08,100 P410662 INFO Train samples: total/700146, blocks/1
2024-09-23 22:28:08,539 P410662 INFO Validation samples: total/200041, blocks/1
2024-09-23 22:28:08,539 P410662 INFO Loading train and validation data done.
2024-09-23 22:28:08,540 P410662 INFO Start training: 171 batches/epoch
2024-09-23 22:28:08,540 P410662 INFO ************ Epoch=1 start ************
2024-09-23 22:28:14,738 P410662 INFO Train loss: 0.440412
2024-09-23 22:28:14,738 P410662 INFO Evaluation @epoch 1 - batch 171: 
2024-09-23 22:28:15,482 P410662 INFO [Metrics] AUC: 0.802730 - logloss: 0.356296
2024-09-23 22:28:15,483 P410662 INFO Save best model: monitor(max)=0.802730
2024-09-23 22:28:15,533 P410662 INFO ************ Epoch=1 end ************
2024-09-23 22:28:20,680 P410662 INFO Train loss: 0.379498
2024-09-23 22:28:20,680 P410662 INFO Evaluation @epoch 2 - batch 171: 
2024-09-23 22:28:21,460 P410662 INFO [Metrics] AUC: 0.811591 - logloss: 0.350456
2024-09-23 22:28:21,460 P410662 INFO Save best model: monitor(max)=0.811591
2024-09-23 22:28:21,520 P410662 INFO ************ Epoch=2 end ************
2024-09-23 22:28:26,574 P410662 INFO Train loss: 0.372978
2024-09-23 22:28:26,574 P410662 INFO Evaluation @epoch 3 - batch 171: 
2024-09-23 22:28:27,352 P410662 INFO [Metrics] AUC: 0.816618 - logloss: 0.346276
2024-09-23 22:28:27,352 P410662 INFO Save best model: monitor(max)=0.816618
2024-09-23 22:28:27,410 P410662 INFO ************ Epoch=3 end ************
2024-09-23 22:28:32,557 P410662 INFO Train loss: 0.370453
2024-09-23 22:28:32,557 P410662 INFO Evaluation @epoch 4 - batch 171: 
2024-09-23 22:28:33,325 P410662 INFO [Metrics] AUC: 0.821284 - logloss: 0.342677
2024-09-23 22:28:33,326 P410662 INFO Save best model: monitor(max)=0.821284
2024-09-23 22:28:33,387 P410662 INFO ************ Epoch=4 end ************
2024-09-23 22:28:38,592 P410662 INFO Train loss: 0.367910
2024-09-23 22:28:38,592 P410662 INFO Evaluation @epoch 5 - batch 171: 
2024-09-23 22:28:39,354 P410662 INFO [Metrics] AUC: 0.825595 - logloss: 0.339260
2024-09-23 22:28:39,355 P410662 INFO Save best model: monitor(max)=0.825595
2024-09-23 22:28:39,419 P410662 INFO ************ Epoch=5 end ************
2024-09-23 22:28:44,575 P410662 INFO Train loss: 0.364496
2024-09-23 22:28:44,576 P410662 INFO Evaluation @epoch 6 - batch 171: 
2024-09-23 22:28:45,382 P410662 INFO [Metrics] AUC: 0.828984 - logloss: 0.336677
2024-09-23 22:28:45,383 P410662 INFO Save best model: monitor(max)=0.828984
2024-09-23 22:28:45,442 P410662 INFO ************ Epoch=6 end ************
2024-09-23 22:28:50,580 P410662 INFO Train loss: 0.363309
2024-09-23 22:28:50,580 P410662 INFO Evaluation @epoch 7 - batch 171: 
2024-09-23 22:28:51,356 P410662 INFO [Metrics] AUC: 0.831494 - logloss: 0.335337
2024-09-23 22:28:51,357 P410662 INFO Save best model: monitor(max)=0.831494
2024-09-23 22:28:51,425 P410662 INFO ************ Epoch=7 end ************
2024-09-23 22:28:56,412 P410662 INFO Train loss: 0.361229
2024-09-23 22:28:56,412 P410662 INFO Evaluation @epoch 8 - batch 171: 
2024-09-23 22:28:57,191 P410662 INFO [Metrics] AUC: 0.833366 - logloss: 0.333600
2024-09-23 22:28:57,192 P410662 INFO Save best model: monitor(max)=0.833366
2024-09-23 22:28:57,259 P410662 INFO ************ Epoch=8 end ************
2024-09-23 22:29:02,271 P410662 INFO Train loss: 0.359638
2024-09-23 22:29:02,271 P410662 INFO Evaluation @epoch 9 - batch 171: 
2024-09-23 22:29:03,029 P410662 INFO [Metrics] AUC: 0.834607 - logloss: 0.332584
2024-09-23 22:29:03,030 P410662 INFO Save best model: monitor(max)=0.834607
2024-09-23 22:29:03,089 P410662 INFO ************ Epoch=9 end ************
2024-09-23 22:29:07,993 P410662 INFO Train loss: 0.358155
2024-09-23 22:29:07,993 P410662 INFO Evaluation @epoch 10 - batch 171: 
2024-09-23 22:29:08,784 P410662 INFO [Metrics] AUC: 0.835764 - logloss: 0.331690
2024-09-23 22:29:08,784 P410662 INFO Save best model: monitor(max)=0.835764
2024-09-23 22:29:08,843 P410662 INFO ************ Epoch=10 end ************
2024-09-23 22:29:13,900 P410662 INFO Train loss: 0.357082
2024-09-23 22:29:13,900 P410662 INFO Evaluation @epoch 11 - batch 171: 
2024-09-23 22:29:14,659 P410662 INFO [Metrics] AUC: 0.838146 - logloss: 0.329474
2024-09-23 22:29:14,659 P410662 INFO Save best model: monitor(max)=0.838146
2024-09-23 22:29:14,720 P410662 INFO ************ Epoch=11 end ************
2024-09-23 22:29:19,816 P410662 INFO Train loss: 0.355945
2024-09-23 22:29:19,816 P410662 INFO Evaluation @epoch 12 - batch 171: 
2024-09-23 22:29:20,594 P410662 INFO [Metrics] AUC: 0.838460 - logloss: 0.329635
2024-09-23 22:29:20,595 P410662 INFO Save best model: monitor(max)=0.838460
2024-09-23 22:29:20,653 P410662 INFO ************ Epoch=12 end ************
2024-09-23 22:29:25,908 P410662 INFO Train loss: 0.355132
2024-09-23 22:29:25,908 P410662 INFO Evaluation @epoch 13 - batch 171: 
2024-09-23 22:29:26,701 P410662 INFO [Metrics] AUC: 0.838501 - logloss: 0.329967
2024-09-23 22:29:26,702 P410662 INFO Save best model: monitor(max)=0.838501
2024-09-23 22:29:26,759 P410662 INFO ************ Epoch=13 end ************
2024-09-23 22:29:31,926 P410662 INFO Train loss: 0.354337
2024-09-23 22:29:31,927 P410662 INFO Evaluation @epoch 14 - batch 171: 
2024-09-23 22:29:32,731 P410662 INFO [Metrics] AUC: 0.839142 - logloss: 0.328694
2024-09-23 22:29:32,732 P410662 INFO Save best model: monitor(max)=0.839142
2024-09-23 22:29:32,794 P410662 INFO ************ Epoch=14 end ************
2024-09-23 22:29:37,936 P410662 INFO Train loss: 0.354055
2024-09-23 22:29:37,936 P410662 INFO Evaluation @epoch 15 - batch 171: 
2024-09-23 22:29:38,742 P410662 INFO [Metrics] AUC: 0.840185 - logloss: 0.328087
2024-09-23 22:29:38,743 P410662 INFO Save best model: monitor(max)=0.840185
2024-09-23 22:29:38,803 P410662 INFO ************ Epoch=15 end ************
2024-09-23 22:29:43,846 P410662 INFO Train loss: 0.353445
2024-09-23 22:29:43,847 P410662 INFO Evaluation @epoch 16 - batch 171: 
2024-09-23 22:29:44,669 P410662 INFO [Metrics] AUC: 0.840071 - logloss: 0.328088
2024-09-23 22:29:44,670 P410662 INFO Monitor(max)=0.840071 STOP!
2024-09-23 22:29:44,670 P410662 INFO Reduce learning rate on plateau: 0.000100
2024-09-23 22:29:44,721 P410662 INFO ************ Epoch=16 end ************
2024-09-23 22:29:49,996 P410662 INFO Train loss: 0.330144
2024-09-23 22:29:49,996 P410662 INFO Evaluation @epoch 17 - batch 171: 
2024-09-23 22:29:50,781 P410662 INFO [Metrics] AUC: 0.848402 - logloss: 0.321303
2024-09-23 22:29:50,781 P410662 INFO Save best model: monitor(max)=0.848402
2024-09-23 22:29:50,846 P410662 INFO ************ Epoch=17 end ************
2024-09-23 22:29:55,981 P410662 INFO Train loss: 0.319515
2024-09-23 22:29:55,981 P410662 INFO Evaluation @epoch 18 - batch 171: 
2024-09-23 22:29:56,783 P410662 INFO [Metrics] AUC: 0.851487 - logloss: 0.318765
2024-09-23 22:29:56,784 P410662 INFO Save best model: monitor(max)=0.851487
2024-09-23 22:29:56,844 P410662 INFO ************ Epoch=18 end ************
2024-09-23 22:30:02,050 P410662 INFO Train loss: 0.314007
2024-09-23 22:30:02,050 P410662 INFO Evaluation @epoch 19 - batch 171: 
2024-09-23 22:30:02,840 P410662 INFO [Metrics] AUC: 0.852798 - logloss: 0.318098
2024-09-23 22:30:02,841 P410662 INFO Save best model: monitor(max)=0.852798
2024-09-23 22:30:02,900 P410662 INFO ************ Epoch=19 end ************
2024-09-23 22:30:08,188 P410662 INFO Train loss: 0.310429
2024-09-23 22:30:08,189 P410662 INFO Evaluation @epoch 20 - batch 171: 
2024-09-23 22:30:08,961 P410662 INFO [Metrics] AUC: 0.853028 - logloss: 0.317922
2024-09-23 22:30:08,962 P410662 INFO Save best model: monitor(max)=0.853028
2024-09-23 22:30:09,023 P410662 INFO ************ Epoch=20 end ************
2024-09-23 22:30:14,124 P410662 INFO Train loss: 0.307385
2024-09-23 22:30:14,124 P410662 INFO Evaluation @epoch 21 - batch 171: 
2024-09-23 22:30:14,904 P410662 INFO [Metrics] AUC: 0.853226 - logloss: 0.317932
2024-09-23 22:30:14,905 P410662 INFO Save best model: monitor(max)=0.853226
2024-09-23 22:30:14,963 P410662 INFO ************ Epoch=21 end ************
2024-09-23 22:30:20,095 P410662 INFO Train loss: 0.305139
2024-09-23 22:30:20,096 P410662 INFO Evaluation @epoch 22 - batch 171: 
2024-09-23 22:30:20,888 P410662 INFO [Metrics] AUC: 0.853065 - logloss: 0.318206
2024-09-23 22:30:20,889 P410662 INFO Monitor(max)=0.853065 STOP!
2024-09-23 22:30:20,889 P410662 INFO Reduce learning rate on plateau: 0.000010
2024-09-23 22:30:20,940 P410662 INFO ************ Epoch=22 end ************
2024-09-23 22:30:26,121 P410662 INFO Train loss: 0.294681
2024-09-23 22:30:26,122 P410662 INFO Evaluation @epoch 23 - batch 171: 
2024-09-23 22:30:26,891 P410662 INFO [Metrics] AUC: 0.852974 - logloss: 0.318785
2024-09-23 22:30:26,891 P410662 INFO Monitor(max)=0.852974 STOP!
2024-09-23 22:30:26,892 P410662 INFO Reduce learning rate on plateau: 0.000001
2024-09-23 22:30:26,892 P410662 INFO ********* Epoch=23 early stop *********
2024-09-23 22:30:26,941 P410662 INFO Training finished.
2024-09-23 22:30:26,941 P410662 INFO Load best model: /workspace/checkpoints/ML_1M_7_x1/IGDCNv3_ML_1M_036_cbfadbd4.model
2024-09-23 22:30:26,949 P410662 INFO ****** Validation evaluation ******
2024-09-23 22:30:27,679 P410662 INFO [Metrics] logloss: 0.317932 - AUC: 0.853226
2024-09-23 22:30:27,802 P410662 INFO ******** Test evaluation ********
2024-09-23 22:30:27,803 P410662 INFO Loading datasets...
2024-09-23 22:30:28,013 P410662 INFO Test samples: total/100022, blocks/1
2024-09-23 22:30:28,014 P410662 INFO Loading test data done.
2024-09-23 22:30:28,491 P410662 INFO [Metrics] logloss: 0.316286 - AUC: 0.853759
