2024-09-23 21:48:20,893 P375080 INFO FuxiCTR version: 2.3.2
2024-09-23 21:48:20,893 P375080 INFO Params: {
    "batch_norm": "True",
    "batch_size": "4096",
    "data_format": "csv",
    "data_root": "dataset/",
    "dataset_id": "ML_1M_7_x1",
    "debug_mode": "False",
    "deep_net_dropout": "0.3",
    "early_stop_patience": "2",
    "embedding_dim": "16",
    "embedding_regularizer": "0.01",
    "epochs": "100",
    "eval_steps": "None",
    "feature_cols": "[{'active': True, 'dtype': 'str', 'name': ['UserID', 'Gender', 'Age', 'Occupation', 'MovieID', 'Release'], 'type': 'categorical'}, {'active': True, 'dtype': 'str', 'encoder': 'MaskedSumPooling', 'max_len': 5, 'name': 'Genres', 'splitter': '^', 'type': 'sequence'}]",
    "feature_config": "None",
    "feature_specs": "None",
    "gpu": "0",
    "group_id": "None",
    "label_col": "{'dtype': 'float', 'name': 'Label'}",
    "layer_norm": "True",
    "learning_rate": "0.001",
    "loss": "binary_crossentropy",
    "metrics": "['logloss', 'AUC']",
    "min_categr_count": "1",
    "model": "IGDCNv3",
    "model_id": "IGDCNv3_ML_1M_018_cbca0677",
    "model_root": "./checkpoints/",
    "monitor": "{'AUC': 1, 'logloss': 0}",
    "monitor_mode": "max",
    "net_regularizer": "0",
    "num_deep_cross_layers": "1",
    "num_heads": "1",
    "num_shallow_cross_layers": "2",
    "num_workers": "4",
    "optimizer": "adam",
    "pickle_feature_encoder": "True",
    "save_best_only": "True",
    "seed": "2024",
    "shallow_net_dropout": "0.3",
    "shuffle": "True",
    "task": "binary_classification",
    "test_data": "dataset/ML_1M/test.csv",
    "train_data": "dataset/ML_1M/train.csv",
    "use_features": "None",
    "valid_data": "dataset/ML_1M/valid.csv",
    "verbose": "1"
}
2024-09-23 21:48:20,894 P375080 INFO Set up feature processor...
2024-09-23 21:48:20,894 P375080 WARNING Skip rebuilding dataset/ML_1M_7_x1/feature_map.json. Please delete it manually if rebuilding is required.
2024-09-23 21:48:20,894 P375080 INFO Load feature_map from json: dataset/ML_1M_7_x1/feature_map.json
2024-09-23 21:48:20,895 P375080 INFO Set column index...
2024-09-23 21:48:20,895 P375080 INFO Feature specs: {
    "Age": "{'source': '', 'type': 'categorical', 'padding_idx': 0, 'vocab_size': 9}",
    "Gender": "{'source': '', 'type': 'categorical', 'padding_idx': 0, 'vocab_size': 4}",
    "Genres": "{'source': '', 'type': 'sequence', 'feature_encoder': 'layers.MaskedAveragePooling()', 'padding_idx': 0, 'max_len': 5, 'vocab_size': 302}",
    "MovieID": "{'source': '', 'type': 'categorical', 'padding_idx': 0, 'vocab_size': 3659}",
    "Occupation": "{'source': '', 'type': 'categorical', 'padding_idx': 0, 'vocab_size': 23}",
    "Release": "{'source': '', 'type': 'categorical', 'padding_idx': 0, 'vocab_size': 83}",
    "UserID": "{'source': '', 'type': 'categorical', 'padding_idx': 0, 'vocab_size': 6042}"
}
2024-09-23 21:48:22,109 P375080 INFO Total number of parameters: 181840.
2024-09-23 21:48:22,109 P375080 INFO Loading datasets...
2024-09-23 21:48:23,652 P375080 INFO Train samples: total/700146, blocks/1
2024-09-23 21:48:24,123 P375080 INFO Validation samples: total/200041, blocks/1
2024-09-23 21:48:24,124 P375080 INFO Loading train and validation data done.
2024-09-23 21:48:24,124 P375080 INFO Start training: 171 batches/epoch
2024-09-23 21:48:24,124 P375080 INFO ************ Epoch=1 start ************
2024-09-23 21:48:29,625 P375080 INFO Train loss: 0.451693
2024-09-23 21:48:29,625 P375080 INFO Evaluation @epoch 1 - batch 171: 
2024-09-23 21:48:30,355 P375080 INFO [Metrics] AUC: 0.798455 - logloss: 0.359511
2024-09-23 21:48:30,356 P375080 INFO Save best model: monitor(max)=0.798455
2024-09-23 21:48:30,399 P375080 INFO ************ Epoch=1 end ************
2024-09-23 21:48:34,829 P375080 INFO Train loss: 0.382451
2024-09-23 21:48:34,830 P375080 INFO Evaluation @epoch 2 - batch 171: 
2024-09-23 21:48:35,580 P375080 INFO [Metrics] AUC: 0.806744 - logloss: 0.354826
2024-09-23 21:48:35,580 P375080 INFO Save best model: monitor(max)=0.806744
2024-09-23 21:48:35,640 P375080 INFO ************ Epoch=2 end ************
2024-09-23 21:48:40,096 P375080 INFO Train loss: 0.373360
2024-09-23 21:48:40,096 P375080 INFO Evaluation @epoch 3 - batch 171: 
2024-09-23 21:48:40,853 P375080 INFO [Metrics] AUC: 0.810912 - logloss: 0.350583
2024-09-23 21:48:40,854 P375080 INFO Save best model: monitor(max)=0.810912
2024-09-23 21:48:40,917 P375080 INFO ************ Epoch=3 end ************
2024-09-23 21:48:45,351 P375080 INFO Train loss: 0.369233
2024-09-23 21:48:45,351 P375080 INFO Evaluation @epoch 4 - batch 171: 
2024-09-23 21:48:46,125 P375080 INFO [Metrics] AUC: 0.813060 - logloss: 0.349001
2024-09-23 21:48:46,126 P375080 INFO Save best model: monitor(max)=0.813060
2024-09-23 21:48:46,185 P375080 INFO ************ Epoch=4 end ************
2024-09-23 21:48:50,604 P375080 INFO Train loss: 0.367990
2024-09-23 21:48:50,604 P375080 INFO Evaluation @epoch 5 - batch 171: 
2024-09-23 21:48:51,344 P375080 INFO [Metrics] AUC: 0.819808 - logloss: 0.344318
2024-09-23 21:48:51,345 P375080 INFO Save best model: monitor(max)=0.819808
2024-09-23 21:48:51,405 P375080 INFO ************ Epoch=5 end ************
2024-09-23 21:48:55,939 P375080 INFO Train loss: 0.366629
2024-09-23 21:48:55,939 P375080 INFO Evaluation @epoch 6 - batch 171: 
2024-09-23 21:48:56,650 P375080 INFO [Metrics] AUC: 0.823852 - logloss: 0.340520
2024-09-23 21:48:56,650 P375080 INFO Save best model: monitor(max)=0.823852
2024-09-23 21:48:56,710 P375080 INFO ************ Epoch=6 end ************
2024-09-23 21:49:01,119 P375080 INFO Train loss: 0.365304
2024-09-23 21:49:01,120 P375080 INFO Evaluation @epoch 7 - batch 171: 
2024-09-23 21:49:01,864 P375080 INFO [Metrics] AUC: 0.827080 - logloss: 0.338629
2024-09-23 21:49:01,864 P375080 INFO Save best model: monitor(max)=0.827080
2024-09-23 21:49:01,926 P375080 INFO ************ Epoch=7 end ************
2024-09-23 21:49:06,415 P375080 INFO Train loss: 0.363448
2024-09-23 21:49:06,416 P375080 INFO Evaluation @epoch 8 - batch 171: 
2024-09-23 21:49:07,167 P375080 INFO [Metrics] AUC: 0.831119 - logloss: 0.335616
2024-09-23 21:49:07,168 P375080 INFO Save best model: monitor(max)=0.831119
2024-09-23 21:49:07,225 P375080 INFO ************ Epoch=8 end ************
2024-09-23 21:49:11,692 P375080 INFO Train loss: 0.361825
2024-09-23 21:49:11,693 P375080 INFO Evaluation @epoch 9 - batch 171: 
2024-09-23 21:49:12,447 P375080 INFO [Metrics] AUC: 0.831259 - logloss: 0.335193
2024-09-23 21:49:12,448 P375080 INFO Save best model: monitor(max)=0.831259
2024-09-23 21:49:12,507 P375080 INFO ************ Epoch=9 end ************
2024-09-23 21:49:17,019 P375080 INFO Train loss: 0.360281
2024-09-23 21:49:17,019 P375080 INFO Evaluation @epoch 10 - batch 171: 
2024-09-23 21:49:17,787 P375080 INFO [Metrics] AUC: 0.834069 - logloss: 0.332963
2024-09-23 21:49:17,788 P375080 INFO Save best model: monitor(max)=0.834069
2024-09-23 21:49:17,846 P375080 INFO ************ Epoch=10 end ************
2024-09-23 21:49:22,298 P375080 INFO Train loss: 0.359452
2024-09-23 21:49:22,299 P375080 INFO Evaluation @epoch 11 - batch 171: 
2024-09-23 21:49:23,039 P375080 INFO [Metrics] AUC: 0.835886 - logloss: 0.331950
2024-09-23 21:49:23,039 P375080 INFO Save best model: monitor(max)=0.835886
2024-09-23 21:49:23,110 P375080 INFO ************ Epoch=11 end ************
2024-09-23 21:49:27,572 P375080 INFO Train loss: 0.357972
2024-09-23 21:49:27,572 P375080 INFO Evaluation @epoch 12 - batch 171: 
2024-09-23 21:49:28,292 P375080 INFO [Metrics] AUC: 0.836833 - logloss: 0.330521
2024-09-23 21:49:28,293 P375080 INFO Save best model: monitor(max)=0.836833
2024-09-23 21:49:28,351 P375080 INFO ************ Epoch=12 end ************
2024-09-23 21:49:32,843 P375080 INFO Train loss: 0.356665
2024-09-23 21:49:32,843 P375080 INFO Evaluation @epoch 13 - batch 171: 
2024-09-23 21:49:33,585 P375080 INFO [Metrics] AUC: 0.837661 - logloss: 0.330349
2024-09-23 21:49:33,586 P375080 INFO Save best model: monitor(max)=0.837661
2024-09-23 21:49:33,646 P375080 INFO ************ Epoch=13 end ************
2024-09-23 21:49:38,098 P375080 INFO Train loss: 0.355738
2024-09-23 21:49:38,098 P375080 INFO Evaluation @epoch 14 - batch 171: 
2024-09-23 21:49:38,882 P375080 INFO [Metrics] AUC: 0.838480 - logloss: 0.329380
2024-09-23 21:49:38,883 P375080 INFO Save best model: monitor(max)=0.838480
2024-09-23 21:49:38,950 P375080 INFO ************ Epoch=14 end ************
2024-09-23 21:49:43,485 P375080 INFO Train loss: 0.354899
2024-09-23 21:49:43,485 P375080 INFO Evaluation @epoch 15 - batch 171: 
2024-09-23 21:49:44,263 P375080 INFO [Metrics] AUC: 0.837840 - logloss: 0.329929
2024-09-23 21:49:44,264 P375080 INFO Monitor(max)=0.837840 STOP!
2024-09-23 21:49:44,264 P375080 INFO Reduce learning rate on plateau: 0.000100
2024-09-23 21:49:44,315 P375080 INFO ************ Epoch=15 end ************
2024-09-23 21:49:48,706 P375080 INFO Train loss: 0.332405
2024-09-23 21:49:48,706 P375080 INFO Evaluation @epoch 16 - batch 171: 
2024-09-23 21:49:49,439 P375080 INFO [Metrics] AUC: 0.846990 - logloss: 0.322384
2024-09-23 21:49:49,440 P375080 INFO Save best model: monitor(max)=0.846990
2024-09-23 21:49:49,500 P375080 INFO ************ Epoch=16 end ************
2024-09-23 21:49:54,091 P375080 INFO Train loss: 0.321562
2024-09-23 21:49:54,091 P375080 INFO Evaluation @epoch 17 - batch 171: 
2024-09-23 21:49:54,849 P375080 INFO [Metrics] AUC: 0.850601 - logloss: 0.319669
2024-09-23 21:49:54,850 P375080 INFO Save best model: monitor(max)=0.850601
2024-09-23 21:49:54,910 P375080 INFO ************ Epoch=17 end ************
2024-09-23 21:49:59,607 P375080 INFO Train loss: 0.316358
2024-09-23 21:49:59,608 P375080 INFO Evaluation @epoch 18 - batch 171: 
2024-09-23 21:50:00,366 P375080 INFO [Metrics] AUC: 0.851962 - logloss: 0.318828
2024-09-23 21:50:00,367 P375080 INFO Save best model: monitor(max)=0.851962
2024-09-23 21:50:00,425 P375080 INFO ************ Epoch=18 end ************
2024-09-23 21:50:04,867 P375080 INFO Train loss: 0.312903
2024-09-23 21:50:04,867 P375080 INFO Evaluation @epoch 19 - batch 171: 
2024-09-23 21:50:05,603 P375080 INFO [Metrics] AUC: 0.852172 - logloss: 0.318755
2024-09-23 21:50:05,604 P375080 INFO Save best model: monitor(max)=0.852172
2024-09-23 21:50:05,663 P375080 INFO ************ Epoch=19 end ************
2024-09-23 21:50:10,144 P375080 INFO Train loss: 0.310031
2024-09-23 21:50:10,144 P375080 INFO Evaluation @epoch 20 - batch 171: 
2024-09-23 21:50:10,941 P375080 INFO [Metrics] AUC: 0.852243 - logloss: 0.318747
2024-09-23 21:50:10,942 P375080 INFO Save best model: monitor(max)=0.852243
2024-09-23 21:50:11,001 P375080 INFO ************ Epoch=20 end ************
2024-09-23 21:50:15,440 P375080 INFO Train loss: 0.308353
2024-09-23 21:50:15,441 P375080 INFO Evaluation @epoch 21 - batch 171: 
2024-09-23 21:50:16,189 P375080 INFO [Metrics] AUC: 0.852404 - logloss: 0.318816
2024-09-23 21:50:16,189 P375080 INFO Save best model: monitor(max)=0.852404
2024-09-23 21:50:16,249 P375080 INFO ************ Epoch=21 end ************
2024-09-23 21:50:20,634 P375080 INFO Train loss: 0.306204
2024-09-23 21:50:20,634 P375080 INFO Evaluation @epoch 22 - batch 171: 
2024-09-23 21:50:21,363 P375080 INFO [Metrics] AUC: 0.852202 - logloss: 0.319255
2024-09-23 21:50:21,364 P375080 INFO Monitor(max)=0.852202 STOP!
2024-09-23 21:50:21,364 P375080 INFO Reduce learning rate on plateau: 0.000010
2024-09-23 21:50:21,413 P375080 INFO ************ Epoch=22 end ************
2024-09-23 21:50:26,078 P375080 INFO Train loss: 0.296541
2024-09-23 21:50:26,078 P375080 INFO Evaluation @epoch 23 - batch 171: 
2024-09-23 21:50:26,831 P375080 INFO [Metrics] AUC: 0.852277 - logloss: 0.319375
2024-09-23 21:50:26,832 P375080 INFO Monitor(max)=0.852277 STOP!
2024-09-23 21:50:26,833 P375080 INFO Reduce learning rate on plateau: 0.000001
2024-09-23 21:50:26,833 P375080 INFO ********* Epoch=23 early stop *********
2024-09-23 21:50:26,887 P375080 INFO Training finished.
2024-09-23 21:50:26,887 P375080 INFO Load best model: /workspace/checkpoints/ML_1M_7_x1/IGDCNv3_ML_1M_018_cbca0677.model
2024-09-23 21:50:26,894 P375080 INFO ****** Validation evaluation ******
2024-09-23 21:50:27,661 P375080 INFO [Metrics] logloss: 0.318816 - AUC: 0.852404
2024-09-23 21:50:27,783 P375080 INFO ******** Test evaluation ********
2024-09-23 21:50:27,784 P375080 INFO Loading datasets...
2024-09-23 21:50:27,997 P375080 INFO Test samples: total/100022, blocks/1
2024-09-23 21:50:27,998 P375080 INFO Loading test data done.
2024-09-23 21:50:28,488 P375080 INFO [Metrics] logloss: 0.316873 - AUC: 0.852939
