2024-09-23 23:37:06,998 P465220 INFO FuxiCTR version: 2.3.2
2024-09-23 23:37:06,998 P465220 INFO Params: {
    "batch_norm": "True",
    "batch_size": "4096",
    "data_format": "csv",
    "data_root": "dataset/",
    "dataset_id": "ML_1M_7_x1",
    "debug_mode": "False",
    "deep_net_dropout": "0.3",
    "early_stop_patience": "2",
    "embedding_dim": "16",
    "embedding_regularizer": "0.01",
    "epochs": "100",
    "eval_steps": "None",
    "feature_cols": "[{'active': True, 'dtype': 'str', 'name': ['UserID', 'Gender', 'Age', 'Occupation', 'MovieID', 'Release'], 'type': 'categorical'}, {'active': True, 'dtype': 'str', 'encoder': 'MaskedSumPooling', 'max_len': 5, 'name': 'Genres', 'splitter': '^', 'type': 'sequence'}]",
    "feature_config": "None",
    "feature_specs": "None",
    "gpu": "0",
    "group_id": "None",
    "label_col": "{'dtype': 'float', 'name': 'Label'}",
    "layer_norm": "True",
    "learning_rate": "0.001",
    "loss": "binary_crossentropy",
    "metrics": "['logloss', 'AUC']",
    "min_categr_count": "1",
    "model": "IGDCNv3",
    "model_id": "IGDCNv3_ML_1M_052_4a51a7b0",
    "model_root": "./checkpoints/",
    "monitor": "{'AUC': 1, 'logloss': 0}",
    "monitor_mode": "max",
    "net_regularizer": "0",
    "num_deep_cross_layers": "2",
    "num_heads": "1",
    "num_shallow_cross_layers": "2",
    "num_workers": "4",
    "optimizer": "adam",
    "pickle_feature_encoder": "True",
    "save_best_only": "True",
    "seed": "2024",
    "shallow_net_dropout": "0.1",
    "shuffle": "True",
    "task": "binary_classification",
    "test_data": "dataset/ML_1M/test.csv",
    "train_data": "dataset/ML_1M/train.csv",
    "use_features": "None",
    "valid_data": "dataset/ML_1M/valid.csv",
    "verbose": "1"
}
2024-09-23 23:37:06,999 P465220 INFO Set up feature processor...
2024-09-23 23:37:07,000 P465220 WARNING Skip rebuilding dataset/ML_1M_7_x1/feature_map.json. Please delete it manually if rebuilding is required.
2024-09-23 23:37:07,000 P465220 INFO Load feature_map from json: dataset/ML_1M_7_x1/feature_map.json
2024-09-23 23:37:07,000 P465220 INFO Set column index...
2024-09-23 23:37:07,000 P465220 INFO Feature specs: {
    "Age": "{'source': '', 'type': 'categorical', 'padding_idx': 0, 'vocab_size': 9}",
    "Gender": "{'source': '', 'type': 'categorical', 'padding_idx': 0, 'vocab_size': 4}",
    "Genres": "{'source': '', 'type': 'sequence', 'feature_encoder': 'layers.MaskedAveragePooling()', 'padding_idx': 0, 'max_len': 5, 'vocab_size': 302}",
    "MovieID": "{'source': '', 'type': 'categorical', 'padding_idx': 0, 'vocab_size': 3659}",
    "Occupation": "{'source': '', 'type': 'categorical', 'padding_idx': 0, 'vocab_size': 23}",
    "Release": "{'source': '', 'type': 'categorical', 'padding_idx': 0, 'vocab_size': 83}",
    "UserID": "{'source': '', 'type': 'categorical', 'padding_idx': 0, 'vocab_size': 6042}"
}
2024-09-23 23:37:08,200 P465220 INFO Total number of parameters: 188394.
2024-09-23 23:37:08,200 P465220 INFO Loading datasets...
2024-09-23 23:37:09,916 P465220 INFO Train samples: total/700146, blocks/1
2024-09-23 23:37:10,445 P465220 INFO Validation samples: total/200041, blocks/1
2024-09-23 23:37:10,446 P465220 INFO Loading train and validation data done.
2024-09-23 23:37:10,448 P465220 INFO Start training: 171 batches/epoch
2024-09-23 23:37:10,448 P465220 INFO ************ Epoch=1 start ************
2024-09-23 23:37:28,600 P465220 INFO Train loss: 0.435119
2024-09-23 23:37:28,600 P465220 INFO Evaluation @epoch 1 - batch 171: 
2024-09-23 23:37:29,734 P465220 INFO [Metrics] AUC: 0.803739 - logloss: 0.355962
2024-09-23 23:37:29,735 P465220 INFO Save best model: monitor(max)=0.803739
2024-09-23 23:37:29,785 P465220 INFO ************ Epoch=1 end ************
2024-09-23 23:37:46,736 P465220 INFO Train loss: 0.377592
2024-09-23 23:37:46,736 P465220 INFO Evaluation @epoch 2 - batch 171: 
2024-09-23 23:37:47,921 P465220 INFO [Metrics] AUC: 0.812509 - logloss: 0.349873
2024-09-23 23:37:47,922 P465220 INFO Save best model: monitor(max)=0.812509
2024-09-23 23:37:47,999 P465220 INFO ************ Epoch=2 end ************
2024-09-23 23:38:04,903 P465220 INFO Train loss: 0.369786
2024-09-23 23:38:04,904 P465220 INFO Evaluation @epoch 3 - batch 171: 
2024-09-23 23:38:06,145 P465220 INFO [Metrics] AUC: 0.819160 - logloss: 0.344222
2024-09-23 23:38:06,146 P465220 INFO Save best model: monitor(max)=0.819160
2024-09-23 23:38:06,211 P465220 INFO ************ Epoch=3 end ************
2024-09-23 23:38:22,997 P465220 INFO Train loss: 0.366595
2024-09-23 23:38:22,998 P465220 INFO Evaluation @epoch 4 - batch 171: 
2024-09-23 23:38:24,270 P465220 INFO [Metrics] AUC: 0.824795 - logloss: 0.339941
2024-09-23 23:38:24,271 P465220 INFO Save best model: monitor(max)=0.824795
2024-09-23 23:38:24,367 P465220 INFO ************ Epoch=4 end ************
2024-09-23 23:38:40,991 P465220 INFO Train loss: 0.364131
2024-09-23 23:38:40,991 P465220 INFO Evaluation @epoch 5 - batch 171: 
2024-09-23 23:38:42,224 P465220 INFO [Metrics] AUC: 0.828934 - logloss: 0.337045
2024-09-23 23:38:42,224 P465220 INFO Save best model: monitor(max)=0.828934
2024-09-23 23:38:42,340 P465220 INFO ************ Epoch=5 end ************
2024-09-23 23:38:58,833 P465220 INFO Train loss: 0.361163
2024-09-23 23:38:58,834 P465220 INFO Evaluation @epoch 6 - batch 171: 
2024-09-23 23:39:00,031 P465220 INFO [Metrics] AUC: 0.832640 - logloss: 0.334190
2024-09-23 23:39:00,032 P465220 INFO Save best model: monitor(max)=0.832640
2024-09-23 23:39:00,115 P465220 INFO ************ Epoch=6 end ************
2024-09-23 23:39:16,449 P465220 INFO Train loss: 0.359182
2024-09-23 23:39:16,450 P465220 INFO Evaluation @epoch 7 - batch 171: 
2024-09-23 23:39:17,620 P465220 INFO [Metrics] AUC: 0.834887 - logloss: 0.332449
2024-09-23 23:39:17,621 P465220 INFO Save best model: monitor(max)=0.834887
2024-09-23 23:39:17,714 P465220 INFO ************ Epoch=7 end ************
2024-09-23 23:39:33,943 P465220 INFO Train loss: 0.356969
2024-09-23 23:39:33,943 P465220 INFO Evaluation @epoch 8 - batch 171: 
2024-09-23 23:39:35,019 P465220 INFO [Metrics] AUC: 0.837848 - logloss: 0.330288
2024-09-23 23:39:35,020 P465220 INFO Save best model: monitor(max)=0.837848
2024-09-23 23:39:35,098 P465220 INFO ************ Epoch=8 end ************
2024-09-23 23:39:51,553 P465220 INFO Train loss: 0.354978
2024-09-23 23:39:51,553 P465220 INFO Evaluation @epoch 9 - batch 171: 
2024-09-23 23:39:52,700 P465220 INFO [Metrics] AUC: 0.838986 - logloss: 0.328972
2024-09-23 23:39:52,701 P465220 INFO Save best model: monitor(max)=0.838986
2024-09-23 23:39:52,793 P465220 INFO ************ Epoch=9 end ************
2024-09-23 23:40:09,328 P465220 INFO Train loss: 0.353866
2024-09-23 23:40:09,329 P465220 INFO Evaluation @epoch 10 - batch 171: 
2024-09-23 23:40:10,486 P465220 INFO [Metrics] AUC: 0.840925 - logloss: 0.327721
2024-09-23 23:40:10,487 P465220 INFO Save best model: monitor(max)=0.840925
2024-09-23 23:40:10,573 P465220 INFO ************ Epoch=10 end ************
2024-09-23 23:40:27,133 P465220 INFO Train loss: 0.352378
2024-09-23 23:40:27,134 P465220 INFO Evaluation @epoch 11 - batch 171: 
2024-09-23 23:40:28,289 P465220 INFO [Metrics] AUC: 0.840414 - logloss: 0.327845
2024-09-23 23:40:28,289 P465220 INFO Monitor(max)=0.840414 STOP!
2024-09-23 23:40:28,289 P465220 INFO Reduce learning rate on plateau: 0.000100
2024-09-23 23:40:28,383 P465220 INFO ************ Epoch=11 end ************
2024-09-23 23:40:44,779 P465220 INFO Train loss: 0.327500
2024-09-23 23:40:44,780 P465220 INFO Evaluation @epoch 12 - batch 171: 
2024-09-23 23:40:45,821 P465220 INFO [Metrics] AUC: 0.848976 - logloss: 0.321206
2024-09-23 23:40:45,822 P465220 INFO Save best model: monitor(max)=0.848976
2024-09-23 23:40:45,887 P465220 INFO ************ Epoch=12 end ************
2024-09-23 23:41:02,137 P465220 INFO Train loss: 0.315305
2024-09-23 23:41:02,138 P465220 INFO Evaluation @epoch 13 - batch 171: 
2024-09-23 23:41:03,258 P465220 INFO [Metrics] AUC: 0.851744 - logloss: 0.319050
2024-09-23 23:41:03,259 P465220 INFO Save best model: monitor(max)=0.851744
2024-09-23 23:41:03,326 P465220 INFO ************ Epoch=13 end ************
2024-09-23 23:41:19,364 P465220 INFO Train loss: 0.309259
2024-09-23 23:41:19,365 P465220 INFO Evaluation @epoch 14 - batch 171: 
2024-09-23 23:41:20,479 P465220 INFO [Metrics] AUC: 0.852510 - logloss: 0.318919
2024-09-23 23:41:20,480 P465220 INFO Save best model: monitor(max)=0.852510
2024-09-23 23:41:20,552 P465220 INFO ************ Epoch=14 end ************
2024-09-23 23:41:36,738 P465220 INFO Train loss: 0.304954
2024-09-23 23:41:36,739 P465220 INFO Evaluation @epoch 15 - batch 171: 
2024-09-23 23:41:37,866 P465220 INFO [Metrics] AUC: 0.852457 - logloss: 0.319511
2024-09-23 23:41:37,867 P465220 INFO Monitor(max)=0.852457 STOP!
2024-09-23 23:41:37,867 P465220 INFO Reduce learning rate on plateau: 0.000010
2024-09-23 23:41:37,929 P465220 INFO ************ Epoch=15 end ************
2024-09-23 23:41:54,259 P465220 INFO Train loss: 0.293701
2024-09-23 23:41:54,260 P465220 INFO Evaluation @epoch 16 - batch 171: 
2024-09-23 23:41:55,255 P465220 INFO [Metrics] AUC: 0.852203 - logloss: 0.320130
2024-09-23 23:41:55,256 P465220 INFO Monitor(max)=0.852203 STOP!
2024-09-23 23:41:55,256 P465220 INFO Reduce learning rate on plateau: 0.000001
2024-09-23 23:41:55,256 P465220 INFO ********* Epoch=16 early stop *********
2024-09-23 23:41:55,309 P465220 INFO Training finished.
2024-09-23 23:41:55,309 P465220 INFO Load best model: /workspace/checkpoints/ML_1M_7_x1/IGDCNv3_ML_1M_052_4a51a7b0.model
2024-09-23 23:41:55,320 P465220 INFO ****** Validation evaluation ******
2024-09-23 23:41:56,628 P465220 INFO [Metrics] logloss: 0.318919 - AUC: 0.852510
2024-09-23 23:41:56,770 P465220 INFO ******** Test evaluation ********
2024-09-23 23:41:56,770 P465220 INFO Loading datasets...
2024-09-23 23:41:57,038 P465220 INFO Test samples: total/100022, blocks/1
2024-09-23 23:41:57,038 P465220 INFO Loading test data done.
2024-09-23 23:41:57,848 P465220 INFO [Metrics] logloss: 0.317164 - AUC: 0.852985
