2024-09-23 21:35:05,045 P362279 INFO FuxiCTR version: 2.3.2
2024-09-23 21:35:05,046 P362279 INFO Params: {
    "batch_norm": "True",
    "batch_size": "4096",
    "data_format": "csv",
    "data_root": "dataset/",
    "dataset_id": "ML_1M_7_x1",
    "debug_mode": "False",
    "deep_net_dropout": "0.1",
    "early_stop_patience": "2",
    "embedding_dim": "16",
    "embedding_regularizer": "0.01",
    "epochs": "100",
    "eval_steps": "None",
    "feature_cols": "[{'active': True, 'dtype': 'str', 'name': ['UserID', 'Gender', 'Age', 'Occupation', 'MovieID', 'Release'], 'type': 'categorical'}, {'active': True, 'dtype': 'str', 'encoder': 'MaskedSumPooling', 'max_len': 5, 'name': 'Genres', 'splitter': '^', 'type': 'sequence'}]",
    "feature_config": "None",
    "feature_specs": "None",
    "gpu": "0",
    "group_id": "None",
    "label_col": "{'dtype': 'float', 'name': 'Label'}",
    "layer_norm": "True",
    "learning_rate": "0.001",
    "loss": "binary_crossentropy",
    "metrics": "['logloss', 'AUC']",
    "min_categr_count": "1",
    "model": "IGDCNv3",
    "model_id": "IGDCNv3_ML_1M_011_66e97d2d",
    "model_root": "./checkpoints/",
    "monitor": "{'AUC': 1, 'logloss': 0}",
    "monitor_mode": "max",
    "net_regularizer": "0",
    "num_deep_cross_layers": "1",
    "num_heads": "1",
    "num_shallow_cross_layers": "2",
    "num_workers": "4",
    "optimizer": "adam",
    "pickle_feature_encoder": "True",
    "save_best_only": "True",
    "seed": "2024",
    "shallow_net_dropout": "0.2",
    "shuffle": "True",
    "task": "binary_classification",
    "test_data": "dataset/ML_1M/test.csv",
    "train_data": "dataset/ML_1M/train.csv",
    "use_features": "None",
    "valid_data": "dataset/ML_1M/valid.csv",
    "verbose": "1"
}
2024-09-23 21:35:05,047 P362279 INFO Set up feature processor...
2024-09-23 21:35:05,047 P362279 WARNING Skip rebuilding dataset/ML_1M_7_x1/feature_map.json. Please delete it manually if rebuilding is required.
2024-09-23 21:35:05,047 P362279 INFO Load feature_map from json: dataset/ML_1M_7_x1/feature_map.json
2024-09-23 21:35:05,047 P362279 INFO Set column index...
2024-09-23 21:35:05,048 P362279 INFO Feature specs: {
    "Age": "{'source': '', 'type': 'categorical', 'padding_idx': 0, 'vocab_size': 9}",
    "Gender": "{'source': '', 'type': 'categorical', 'padding_idx': 0, 'vocab_size': 4}",
    "Genres": "{'source': '', 'type': 'sequence', 'feature_encoder': 'layers.MaskedAveragePooling()', 'padding_idx': 0, 'max_len': 5, 'vocab_size': 302}",
    "MovieID": "{'source': '', 'type': 'categorical', 'padding_idx': 0, 'vocab_size': 3659}",
    "Occupation": "{'source': '', 'type': 'categorical', 'padding_idx': 0, 'vocab_size': 23}",
    "Release": "{'source': '', 'type': 'categorical', 'padding_idx': 0, 'vocab_size': 83}",
    "UserID": "{'source': '', 'type': 'categorical', 'padding_idx': 0, 'vocab_size': 6042}"
}
2024-09-23 21:35:06,263 P362279 INFO Total number of parameters: 181840.
2024-09-23 21:35:06,263 P362279 INFO Loading datasets...
2024-09-23 21:35:07,787 P362279 INFO Train samples: total/700146, blocks/1
2024-09-23 21:35:08,226 P362279 INFO Validation samples: total/200041, blocks/1
2024-09-23 21:35:08,226 P362279 INFO Loading train and validation data done.
2024-09-23 21:35:08,226 P362279 INFO Start training: 171 batches/epoch
2024-09-23 21:35:08,227 P362279 INFO ************ Epoch=1 start ************
2024-09-23 21:35:13,613 P362279 INFO Train loss: 0.450236
2024-09-23 21:35:13,613 P362279 INFO Evaluation @epoch 1 - batch 171: 
2024-09-23 21:35:14,374 P362279 INFO [Metrics] AUC: 0.798861 - logloss: 0.359164
2024-09-23 21:35:14,375 P362279 INFO Save best model: monitor(max)=0.798861
2024-09-23 21:35:14,418 P362279 INFO ************ Epoch=1 end ************
2024-09-23 21:35:18,902 P362279 INFO Train loss: 0.380712
2024-09-23 21:35:18,903 P362279 INFO Evaluation @epoch 2 - batch 171: 
2024-09-23 21:35:19,623 P362279 INFO [Metrics] AUC: 0.806919 - logloss: 0.355116
2024-09-23 21:35:19,623 P362279 INFO Save best model: monitor(max)=0.806919
2024-09-23 21:35:19,679 P362279 INFO ************ Epoch=2 end ************
2024-09-23 21:35:24,106 P362279 INFO Train loss: 0.371692
2024-09-23 21:35:24,107 P362279 INFO Evaluation @epoch 3 - batch 171: 
2024-09-23 21:35:24,820 P362279 INFO [Metrics] AUC: 0.811427 - logloss: 0.350254
2024-09-23 21:35:24,821 P362279 INFO Save best model: monitor(max)=0.811427
2024-09-23 21:35:24,878 P362279 INFO ************ Epoch=3 end ************
2024-09-23 21:35:29,292 P362279 INFO Train loss: 0.367645
2024-09-23 21:35:29,292 P362279 INFO Evaluation @epoch 4 - batch 171: 
2024-09-23 21:35:30,026 P362279 INFO [Metrics] AUC: 0.815549 - logloss: 0.347056
2024-09-23 21:35:30,027 P362279 INFO Save best model: monitor(max)=0.815549
2024-09-23 21:35:30,082 P362279 INFO ************ Epoch=4 end ************
2024-09-23 21:35:34,450 P362279 INFO Train loss: 0.366839
2024-09-23 21:35:34,450 P362279 INFO Evaluation @epoch 5 - batch 171: 
2024-09-23 21:35:35,190 P362279 INFO [Metrics] AUC: 0.822570 - logloss: 0.342237
2024-09-23 21:35:35,191 P362279 INFO Save best model: monitor(max)=0.822570
2024-09-23 21:35:35,246 P362279 INFO ************ Epoch=5 end ************
2024-09-23 21:35:39,716 P362279 INFO Train loss: 0.364978
2024-09-23 21:35:39,716 P362279 INFO Evaluation @epoch 6 - batch 171: 
2024-09-23 21:35:40,453 P362279 INFO [Metrics] AUC: 0.826869 - logloss: 0.338287
2024-09-23 21:35:40,453 P362279 INFO Save best model: monitor(max)=0.826869
2024-09-23 21:35:40,510 P362279 INFO ************ Epoch=6 end ************
2024-09-23 21:35:45,006 P362279 INFO Train loss: 0.363341
2024-09-23 21:35:45,007 P362279 INFO Evaluation @epoch 7 - batch 171: 
2024-09-23 21:35:45,751 P362279 INFO [Metrics] AUC: 0.829858 - logloss: 0.336633
2024-09-23 21:35:45,751 P362279 INFO Save best model: monitor(max)=0.829858
2024-09-23 21:35:45,808 P362279 INFO ************ Epoch=7 end ************
2024-09-23 21:35:50,387 P362279 INFO Train loss: 0.361546
2024-09-23 21:35:50,387 P362279 INFO Evaluation @epoch 8 - batch 171: 
2024-09-23 21:35:51,122 P362279 INFO [Metrics] AUC: 0.833692 - logloss: 0.333637
2024-09-23 21:35:51,123 P362279 INFO Save best model: monitor(max)=0.833692
2024-09-23 21:35:51,182 P362279 INFO ************ Epoch=8 end ************
2024-09-23 21:35:55,630 P362279 INFO Train loss: 0.359580
2024-09-23 21:35:55,630 P362279 INFO Evaluation @epoch 9 - batch 171: 
2024-09-23 21:35:56,365 P362279 INFO [Metrics] AUC: 0.834298 - logloss: 0.332789
2024-09-23 21:35:56,366 P362279 INFO Save best model: monitor(max)=0.834298
2024-09-23 21:35:56,425 P362279 INFO ************ Epoch=9 end ************
2024-09-23 21:36:00,931 P362279 INFO Train loss: 0.357912
2024-09-23 21:36:00,931 P362279 INFO Evaluation @epoch 10 - batch 171: 
2024-09-23 21:36:01,686 P362279 INFO [Metrics] AUC: 0.836187 - logloss: 0.331308
2024-09-23 21:36:01,687 P362279 INFO Save best model: monitor(max)=0.836187
2024-09-23 21:36:01,744 P362279 INFO ************ Epoch=10 end ************
2024-09-23 21:36:06,344 P362279 INFO Train loss: 0.356618
2024-09-23 21:36:06,344 P362279 INFO Evaluation @epoch 11 - batch 171: 
2024-09-23 21:36:07,085 P362279 INFO [Metrics] AUC: 0.837703 - logloss: 0.330544
2024-09-23 21:36:07,086 P362279 INFO Save best model: monitor(max)=0.837703
2024-09-23 21:36:07,142 P362279 INFO ************ Epoch=11 end ************
2024-09-23 21:36:11,577 P362279 INFO Train loss: 0.355291
2024-09-23 21:36:11,577 P362279 INFO Evaluation @epoch 12 - batch 171: 
2024-09-23 21:36:12,325 P362279 INFO [Metrics] AUC: 0.838677 - logloss: 0.329079
2024-09-23 21:36:12,326 P362279 INFO Save best model: monitor(max)=0.838677
2024-09-23 21:36:12,380 P362279 INFO ************ Epoch=12 end ************
2024-09-23 21:36:16,888 P362279 INFO Train loss: 0.354154
2024-09-23 21:36:16,888 P362279 INFO Evaluation @epoch 13 - batch 171: 
2024-09-23 21:36:17,619 P362279 INFO [Metrics] AUC: 0.839200 - logloss: 0.329109
2024-09-23 21:36:17,620 P362279 INFO Save best model: monitor(max)=0.839200
2024-09-23 21:36:17,678 P362279 INFO ************ Epoch=13 end ************
2024-09-23 21:36:22,181 P362279 INFO Train loss: 0.353627
2024-09-23 21:36:22,182 P362279 INFO Evaluation @epoch 14 - batch 171: 
2024-09-23 21:36:22,958 P362279 INFO [Metrics] AUC: 0.839998 - logloss: 0.328091
2024-09-23 21:36:22,959 P362279 INFO Save best model: monitor(max)=0.839998
2024-09-23 21:36:23,015 P362279 INFO ************ Epoch=14 end ************
2024-09-23 21:36:27,445 P362279 INFO Train loss: 0.352975
2024-09-23 21:36:27,445 P362279 INFO Evaluation @epoch 15 - batch 171: 
2024-09-23 21:36:28,152 P362279 INFO [Metrics] AUC: 0.839162 - logloss: 0.328779
2024-09-23 21:36:28,152 P362279 INFO Monitor(max)=0.839162 STOP!
2024-09-23 21:36:28,153 P362279 INFO Reduce learning rate on plateau: 0.000100
2024-09-23 21:36:28,201 P362279 INFO ************ Epoch=15 end ************
2024-09-23 21:36:32,636 P362279 INFO Train loss: 0.328900
2024-09-23 21:36:32,636 P362279 INFO Evaluation @epoch 16 - batch 171: 
2024-09-23 21:36:33,388 P362279 INFO [Metrics] AUC: 0.848222 - logloss: 0.321435
2024-09-23 21:36:33,388 P362279 INFO Save best model: monitor(max)=0.848222
2024-09-23 21:36:33,446 P362279 INFO ************ Epoch=16 end ************
2024-09-23 21:36:37,996 P362279 INFO Train loss: 0.317460
2024-09-23 21:36:37,997 P362279 INFO Evaluation @epoch 17 - batch 171: 
2024-09-23 21:36:38,797 P362279 INFO [Metrics] AUC: 0.851558 - logloss: 0.319125
2024-09-23 21:36:38,797 P362279 INFO Save best model: monitor(max)=0.851558
2024-09-23 21:36:38,857 P362279 INFO ************ Epoch=17 end ************
2024-09-23 21:36:43,242 P362279 INFO Train loss: 0.311667
2024-09-23 21:36:43,242 P362279 INFO Evaluation @epoch 18 - batch 171: 
2024-09-23 21:36:43,974 P362279 INFO [Metrics] AUC: 0.852720 - logloss: 0.318578
2024-09-23 21:36:43,975 P362279 INFO Save best model: monitor(max)=0.852720
2024-09-23 21:36:44,032 P362279 INFO ************ Epoch=18 end ************
2024-09-23 21:36:48,453 P362279 INFO Train loss: 0.308090
2024-09-23 21:36:48,453 P362279 INFO Evaluation @epoch 19 - batch 171: 
2024-09-23 21:36:49,195 P362279 INFO [Metrics] AUC: 0.852632 - logloss: 0.318914
2024-09-23 21:36:49,196 P362279 INFO Monitor(max)=0.852632 STOP!
2024-09-23 21:36:49,196 P362279 INFO Reduce learning rate on plateau: 0.000010
2024-09-23 21:36:49,248 P362279 INFO ************ Epoch=19 end ************
2024-09-23 21:36:53,746 P362279 INFO Train loss: 0.297568
2024-09-23 21:36:53,746 P362279 INFO Evaluation @epoch 20 - batch 171: 
2024-09-23 21:36:54,520 P362279 INFO [Metrics] AUC: 0.852702 - logloss: 0.319006
2024-09-23 21:36:54,520 P362279 INFO Monitor(max)=0.852702 STOP!
2024-09-23 21:36:54,520 P362279 INFO Reduce learning rate on plateau: 0.000001
2024-09-23 21:36:54,521 P362279 INFO ********* Epoch=20 early stop *********
2024-09-23 21:36:54,571 P362279 INFO Training finished.
2024-09-23 21:36:54,572 P362279 INFO Load best model: /workspace/checkpoints/ML_1M_7_x1/IGDCNv3_ML_1M_011_66e97d2d.model
2024-09-23 21:36:54,578 P362279 INFO ****** Validation evaluation ******
2024-09-23 21:36:55,281 P362279 INFO [Metrics] logloss: 0.318578 - AUC: 0.852720
2024-09-23 21:36:55,405 P362279 INFO ******** Test evaluation ********
2024-09-23 21:36:55,405 P362279 INFO Loading datasets...
2024-09-23 21:36:55,616 P362279 INFO Test samples: total/100022, blocks/1
2024-09-23 21:36:55,616 P362279 INFO Loading test data done.
2024-09-23 21:36:56,085 P362279 INFO [Metrics] logloss: 0.317099 - AUC: 0.852885
