2024-09-23 21:59:12,554 P385003 INFO FuxiCTR version: 2.3.2
2024-09-23 21:59:12,555 P385003 INFO Params: {
    "batch_norm": "True",
    "batch_size": "4096",
    "data_format": "csv",
    "data_root": "dataset/",
    "dataset_id": "ML_1M_7_x1",
    "debug_mode": "False",
    "deep_net_dropout": "0.2",
    "early_stop_patience": "2",
    "embedding_dim": "16",
    "embedding_regularizer": "0.01",
    "epochs": "100",
    "eval_steps": "None",
    "feature_cols": "[{'active': True, 'dtype': 'str', 'name': ['UserID', 'Gender', 'Age', 'Occupation', 'MovieID', 'Release'], 'type': 'categorical'}, {'active': True, 'dtype': 'str', 'encoder': 'MaskedSumPooling', 'max_len': 5, 'name': 'Genres', 'splitter': '^', 'type': 'sequence'}]",
    "feature_config": "None",
    "feature_specs": "None",
    "gpu": "0",
    "group_id": "None",
    "label_col": "{'dtype': 'float', 'name': 'Label'}",
    "layer_norm": "True",
    "learning_rate": "0.001",
    "loss": "binary_crossentropy",
    "metrics": "['logloss', 'AUC']",
    "min_categr_count": "1",
    "model": "IGDCNv3",
    "model_id": "IGDCNv3_ML_1M_023_4a51a7b0",
    "model_root": "./checkpoints/",
    "monitor": "{'AUC': 1, 'logloss': 0}",
    "monitor_mode": "max",
    "net_regularizer": "0",
    "num_deep_cross_layers": "1",
    "num_heads": "1",
    "num_shallow_cross_layers": "3",
    "num_workers": "4",
    "optimizer": "adam",
    "pickle_feature_encoder": "True",
    "save_best_only": "True",
    "seed": "2024",
    "shallow_net_dropout": "0.2",
    "shuffle": "True",
    "task": "binary_classification",
    "test_data": "dataset/ML_1M/test.csv",
    "train_data": "dataset/ML_1M/train.csv",
    "use_features": "None",
    "valid_data": "dataset/ML_1M/valid.csv",
    "verbose": "1"
}
2024-09-23 21:59:12,556 P385003 INFO Set up feature processor...
2024-09-23 21:59:12,556 P385003 WARNING Skip rebuilding dataset/ML_1M_7_x1/feature_map.json. Please delete it manually if rebuilding is required.
2024-09-23 21:59:12,556 P385003 INFO Load feature_map from json: dataset/ML_1M_7_x1/feature_map.json
2024-09-23 21:59:12,556 P385003 INFO Set column index...
2024-09-23 21:59:12,557 P385003 INFO Feature specs: {
    "Age": "{'source': '', 'type': 'categorical', 'padding_idx': 0, 'vocab_size': 9}",
    "Gender": "{'source': '', 'type': 'categorical', 'padding_idx': 0, 'vocab_size': 4}",
    "Genres": "{'source': '', 'type': 'sequence', 'feature_encoder': 'layers.MaskedAveragePooling()', 'padding_idx': 0, 'max_len': 5, 'vocab_size': 302}",
    "MovieID": "{'source': '', 'type': 'categorical', 'padding_idx': 0, 'vocab_size': 3659}",
    "Occupation": "{'source': '', 'type': 'categorical', 'padding_idx': 0, 'vocab_size': 23}",
    "Release": "{'source': '', 'type': 'categorical', 'padding_idx': 0, 'vocab_size': 83}",
    "UserID": "{'source': '', 'type': 'categorical', 'padding_idx': 0, 'vocab_size': 6042}"
}
2024-09-23 21:59:13,800 P385003 INFO Total number of parameters: 188394.
2024-09-23 21:59:13,800 P385003 INFO Loading datasets...
2024-09-23 21:59:15,358 P385003 INFO Train samples: total/700146, blocks/1
2024-09-23 21:59:15,799 P385003 INFO Validation samples: total/200041, blocks/1
2024-09-23 21:59:15,799 P385003 INFO Loading train and validation data done.
2024-09-23 21:59:15,800 P385003 INFO Start training: 171 batches/epoch
2024-09-23 21:59:15,800 P385003 INFO ************ Epoch=1 start ************
2024-09-23 21:59:21,810 P385003 INFO Train loss: 0.444296
2024-09-23 21:59:21,811 P385003 INFO Evaluation @epoch 1 - batch 171: 
2024-09-23 21:59:22,571 P385003 INFO [Metrics] AUC: 0.800989 - logloss: 0.357412
2024-09-23 21:59:22,572 P385003 INFO Save best model: monitor(max)=0.800989
2024-09-23 21:59:22,617 P385003 INFO ************ Epoch=1 end ************
2024-09-23 21:59:27,389 P385003 INFO Train loss: 0.378715
2024-09-23 21:59:27,390 P385003 INFO Evaluation @epoch 2 - batch 171: 
2024-09-23 21:59:28,137 P385003 INFO [Metrics] AUC: 0.810226 - logloss: 0.351462
2024-09-23 21:59:28,137 P385003 INFO Save best model: monitor(max)=0.810226
2024-09-23 21:59:28,195 P385003 INFO ************ Epoch=2 end ************
2024-09-23 21:59:32,968 P385003 INFO Train loss: 0.370947
2024-09-23 21:59:32,968 P385003 INFO Evaluation @epoch 3 - batch 171: 
2024-09-23 21:59:33,727 P385003 INFO [Metrics] AUC: 0.813834 - logloss: 0.348545
2024-09-23 21:59:33,727 P385003 INFO Save best model: monitor(max)=0.813834
2024-09-23 21:59:33,786 P385003 INFO ************ Epoch=3 end ************
2024-09-23 21:59:38,549 P385003 INFO Train loss: 0.368640
2024-09-23 21:59:38,549 P385003 INFO Evaluation @epoch 4 - batch 171: 
2024-09-23 21:59:39,280 P385003 INFO [Metrics] AUC: 0.818446 - logloss: 0.344523
2024-09-23 21:59:39,281 P385003 INFO Save best model: monitor(max)=0.818446
2024-09-23 21:59:39,340 P385003 INFO ************ Epoch=4 end ************
2024-09-23 21:59:44,106 P385003 INFO Train loss: 0.367752
2024-09-23 21:59:44,106 P385003 INFO Evaluation @epoch 5 - batch 171: 
2024-09-23 21:59:44,835 P385003 INFO [Metrics] AUC: 0.823525 - logloss: 0.340618
2024-09-23 21:59:44,836 P385003 INFO Save best model: monitor(max)=0.823525
2024-09-23 21:59:44,895 P385003 INFO ************ Epoch=5 end ************
2024-09-23 21:59:49,810 P385003 INFO Train loss: 0.364930
2024-09-23 21:59:49,810 P385003 INFO Evaluation @epoch 6 - batch 171: 
2024-09-23 21:59:50,562 P385003 INFO [Metrics] AUC: 0.828637 - logloss: 0.337100
2024-09-23 21:59:50,563 P385003 INFO Save best model: monitor(max)=0.828637
2024-09-23 21:59:50,620 P385003 INFO ************ Epoch=6 end ************
2024-09-23 21:59:55,432 P385003 INFO Train loss: 0.362612
2024-09-23 21:59:55,432 P385003 INFO Evaluation @epoch 7 - batch 171: 
2024-09-23 21:59:56,172 P385003 INFO [Metrics] AUC: 0.830804 - logloss: 0.335261
2024-09-23 21:59:56,173 P385003 INFO Save best model: monitor(max)=0.830804
2024-09-23 21:59:56,231 P385003 INFO ************ Epoch=7 end ************
2024-09-23 22:00:01,134 P385003 INFO Train loss: 0.360794
2024-09-23 22:00:01,134 P385003 INFO Evaluation @epoch 8 - batch 171: 
2024-09-23 22:00:01,922 P385003 INFO [Metrics] AUC: 0.833154 - logloss: 0.333806
2024-09-23 22:00:01,923 P385003 INFO Save best model: monitor(max)=0.833154
2024-09-23 22:00:01,982 P385003 INFO ************ Epoch=8 end ************
2024-09-23 22:00:06,708 P385003 INFO Train loss: 0.358594
2024-09-23 22:00:06,708 P385003 INFO Evaluation @epoch 9 - batch 171: 
2024-09-23 22:00:07,473 P385003 INFO [Metrics] AUC: 0.835168 - logloss: 0.331775
2024-09-23 22:00:07,474 P385003 INFO Save best model: monitor(max)=0.835168
2024-09-23 22:00:07,529 P385003 INFO ************ Epoch=9 end ************
2024-09-23 22:00:12,431 P385003 INFO Train loss: 0.357171
2024-09-23 22:00:12,431 P385003 INFO Evaluation @epoch 10 - batch 171: 
2024-09-23 22:00:13,171 P385003 INFO [Metrics] AUC: 0.837135 - logloss: 0.330565
2024-09-23 22:00:13,171 P385003 INFO Save best model: monitor(max)=0.837135
2024-09-23 22:00:13,228 P385003 INFO ************ Epoch=10 end ************
2024-09-23 22:00:18,191 P385003 INFO Train loss: 0.355938
2024-09-23 22:00:18,191 P385003 INFO Evaluation @epoch 11 - batch 171: 
2024-09-23 22:00:18,991 P385003 INFO [Metrics] AUC: 0.836985 - logloss: 0.330392
2024-09-23 22:00:18,992 P385003 INFO Monitor(max)=0.836985 STOP!
2024-09-23 22:00:18,992 P385003 INFO Reduce learning rate on plateau: 0.000100
2024-09-23 22:00:19,042 P385003 INFO ************ Epoch=11 end ************
2024-09-23 22:00:23,958 P385003 INFO Train loss: 0.333251
2024-09-23 22:00:23,958 P385003 INFO Evaluation @epoch 12 - batch 171: 
2024-09-23 22:00:24,698 P385003 INFO [Metrics] AUC: 0.847153 - logloss: 0.322163
2024-09-23 22:00:24,699 P385003 INFO Save best model: monitor(max)=0.847153
2024-09-23 22:00:24,756 P385003 INFO ************ Epoch=12 end ************
2024-09-23 22:00:29,555 P385003 INFO Train loss: 0.321501
2024-09-23 22:00:29,555 P385003 INFO Evaluation @epoch 13 - batch 171: 
2024-09-23 22:00:30,353 P385003 INFO [Metrics] AUC: 0.850704 - logloss: 0.319400
2024-09-23 22:00:30,354 P385003 INFO Save best model: monitor(max)=0.850704
2024-09-23 22:00:30,413 P385003 INFO ************ Epoch=13 end ************
2024-09-23 22:00:35,227 P385003 INFO Train loss: 0.315967
2024-09-23 22:00:35,228 P385003 INFO Evaluation @epoch 14 - batch 171: 
2024-09-23 22:00:35,996 P385003 INFO [Metrics] AUC: 0.851846 - logloss: 0.318557
2024-09-23 22:00:35,996 P385003 INFO Save best model: monitor(max)=0.851846
2024-09-23 22:00:36,056 P385003 INFO ************ Epoch=14 end ************
2024-09-23 22:00:40,936 P385003 INFO Train loss: 0.311733
2024-09-23 22:00:40,936 P385003 INFO Evaluation @epoch 15 - batch 171: 
2024-09-23 22:00:41,708 P385003 INFO [Metrics] AUC: 0.852693 - logloss: 0.318339
2024-09-23 22:00:41,709 P385003 INFO Save best model: monitor(max)=0.852693
2024-09-23 22:00:41,768 P385003 INFO ************ Epoch=15 end ************
2024-09-23 22:00:46,556 P385003 INFO Train loss: 0.308734
2024-09-23 22:00:46,556 P385003 INFO Evaluation @epoch 16 - batch 171: 
2024-09-23 22:00:47,322 P385003 INFO [Metrics] AUC: 0.852835 - logloss: 0.318174
2024-09-23 22:00:47,323 P385003 INFO Save best model: monitor(max)=0.852835
2024-09-23 22:00:47,390 P385003 INFO ************ Epoch=16 end ************
2024-09-23 22:00:52,255 P385003 INFO Train loss: 0.305527
2024-09-23 22:00:52,255 P385003 INFO Evaluation @epoch 17 - batch 171: 
2024-09-23 22:00:53,007 P385003 INFO [Metrics] AUC: 0.852906 - logloss: 0.318354
2024-09-23 22:00:53,008 P385003 INFO Save best model: monitor(max)=0.852906
2024-09-23 22:00:53,067 P385003 INFO ************ Epoch=17 end ************
2024-09-23 22:00:57,884 P385003 INFO Train loss: 0.303091
2024-09-23 22:00:57,884 P385003 INFO Evaluation @epoch 18 - batch 171: 
2024-09-23 22:00:58,710 P385003 INFO [Metrics] AUC: 0.853123 - logloss: 0.318594
2024-09-23 22:00:58,710 P385003 INFO Save best model: monitor(max)=0.853123
2024-09-23 22:00:58,768 P385003 INFO ************ Epoch=18 end ************
2024-09-23 22:01:03,606 P385003 INFO Train loss: 0.300484
2024-09-23 22:01:03,606 P385003 INFO Evaluation @epoch 19 - batch 171: 
2024-09-23 22:01:04,348 P385003 INFO [Metrics] AUC: 0.852528 - logloss: 0.319561
2024-09-23 22:01:04,349 P385003 INFO Monitor(max)=0.852528 STOP!
2024-09-23 22:01:04,349 P385003 INFO Reduce learning rate on plateau: 0.000010
2024-09-23 22:01:04,398 P385003 INFO ************ Epoch=19 end ************
2024-09-23 22:01:09,227 P385003 INFO Train loss: 0.288415
2024-09-23 22:01:09,228 P385003 INFO Evaluation @epoch 20 - batch 171: 
2024-09-23 22:01:10,001 P385003 INFO [Metrics] AUC: 0.852503 - logloss: 0.320025
2024-09-23 22:01:10,002 P385003 INFO Monitor(max)=0.852503 STOP!
2024-09-23 22:01:10,002 P385003 INFO Reduce learning rate on plateau: 0.000001
2024-09-23 22:01:10,002 P385003 INFO ********* Epoch=20 early stop *********
2024-09-23 22:01:10,053 P385003 INFO Training finished.
2024-09-23 22:01:10,053 P385003 INFO Load best model: /workspace/checkpoints/ML_1M_7_x1/IGDCNv3_ML_1M_023_4a51a7b0.model
2024-09-23 22:01:10,060 P385003 INFO ****** Validation evaluation ******
2024-09-23 22:01:10,811 P385003 INFO [Metrics] logloss: 0.318594 - AUC: 0.853123
2024-09-23 22:01:10,933 P385003 INFO ******** Test evaluation ********
2024-09-23 22:01:10,933 P385003 INFO Loading datasets...
2024-09-23 22:01:11,139 P385003 INFO Test samples: total/100022, blocks/1
2024-09-23 22:01:11,139 P385003 INFO Loading test data done.
2024-09-23 22:01:11,621 P385003 INFO [Metrics] logloss: 0.316989 - AUC: 0.853109
