2024-09-23 21:50:33,065 P377223 INFO FuxiCTR version: 2.3.2
2024-09-23 21:50:33,065 P377223 INFO Params: {
    "batch_norm": "True",
    "batch_size": "4096",
    "data_format": "csv",
    "data_root": "dataset/",
    "dataset_id": "ML_1M_7_x1",
    "debug_mode": "False",
    "deep_net_dropout": "0.1",
    "early_stop_patience": "2",
    "embedding_dim": "16",
    "embedding_regularizer": "0.01",
    "epochs": "100",
    "eval_steps": "None",
    "feature_cols": "[{'active': True, 'dtype': 'str', 'name': ['UserID', 'Gender', 'Age', 'Occupation', 'MovieID', 'Release'], 'type': 'categorical'}, {'active': True, 'dtype': 'str', 'encoder': 'MaskedSumPooling', 'max_len': 5, 'name': 'Genres', 'splitter': '^', 'type': 'sequence'}]",
    "feature_config": "None",
    "feature_specs": "None",
    "gpu": "0",
    "group_id": "None",
    "label_col": "{'dtype': 'float', 'name': 'Label'}",
    "layer_norm": "True",
    "learning_rate": "0.001",
    "loss": "binary_crossentropy",
    "metrics": "['logloss', 'AUC']",
    "min_categr_count": "1",
    "model": "IGDCNv3",
    "model_id": "IGDCNv3_ML_1M_019_6b59504d",
    "model_root": "./checkpoints/",
    "monitor": "{'AUC': 1, 'logloss': 0}",
    "monitor_mode": "max",
    "net_regularizer": "0",
    "num_deep_cross_layers": "1",
    "num_heads": "1",
    "num_shallow_cross_layers": "3",
    "num_workers": "4",
    "optimizer": "adam",
    "pickle_feature_encoder": "True",
    "save_best_only": "True",
    "seed": "2024",
    "shallow_net_dropout": "0.1",
    "shuffle": "True",
    "task": "binary_classification",
    "test_data": "dataset/ML_1M/test.csv",
    "train_data": "dataset/ML_1M/train.csv",
    "use_features": "None",
    "valid_data": "dataset/ML_1M/valid.csv",
    "verbose": "1"
}
2024-09-23 21:50:33,066 P377223 INFO Set up feature processor...
2024-09-23 21:50:33,067 P377223 WARNING Skip rebuilding dataset/ML_1M_7_x1/feature_map.json. Please delete it manually if rebuilding is required.
2024-09-23 21:50:33,067 P377223 INFO Load feature_map from json: dataset/ML_1M_7_x1/feature_map.json
2024-09-23 21:50:33,067 P377223 INFO Set column index...
2024-09-23 21:50:33,067 P377223 INFO Feature specs: {
    "Age": "{'source': '', 'type': 'categorical', 'padding_idx': 0, 'vocab_size': 9}",
    "Gender": "{'source': '', 'type': 'categorical', 'padding_idx': 0, 'vocab_size': 4}",
    "Genres": "{'source': '', 'type': 'sequence', 'feature_encoder': 'layers.MaskedAveragePooling()', 'padding_idx': 0, 'max_len': 5, 'vocab_size': 302}",
    "MovieID": "{'source': '', 'type': 'categorical', 'padding_idx': 0, 'vocab_size': 3659}",
    "Occupation": "{'source': '', 'type': 'categorical', 'padding_idx': 0, 'vocab_size': 23}",
    "Release": "{'source': '', 'type': 'categorical', 'padding_idx': 0, 'vocab_size': 83}",
    "UserID": "{'source': '', 'type': 'categorical', 'padding_idx': 0, 'vocab_size': 6042}"
}
2024-09-23 21:50:34,287 P377223 INFO Total number of parameters: 188394.
2024-09-23 21:50:34,287 P377223 INFO Loading datasets...
2024-09-23 21:50:35,855 P377223 INFO Train samples: total/700146, blocks/1
2024-09-23 21:50:36,310 P377223 INFO Validation samples: total/200041, blocks/1
2024-09-23 21:50:36,311 P377223 INFO Loading train and validation data done.
2024-09-23 21:50:36,311 P377223 INFO Start training: 171 batches/epoch
2024-09-23 21:50:36,311 P377223 INFO ************ Epoch=1 start ************
2024-09-23 21:50:42,315 P377223 INFO Train loss: 0.442001
2024-09-23 21:50:42,315 P377223 INFO Evaluation @epoch 1 - batch 171: 
2024-09-23 21:50:43,103 P377223 INFO [Metrics] AUC: 0.802089 - logloss: 0.356617
2024-09-23 21:50:43,104 P377223 INFO Save best model: monitor(max)=0.802089
2024-09-23 21:50:43,148 P377223 INFO ************ Epoch=1 end ************
2024-09-23 21:50:48,020 P377223 INFO Train loss: 0.376335
2024-09-23 21:50:48,021 P377223 INFO Evaluation @epoch 2 - batch 171: 
2024-09-23 21:50:48,775 P377223 INFO [Metrics] AUC: 0.811540 - logloss: 0.350483
2024-09-23 21:50:48,776 P377223 INFO Save best model: monitor(max)=0.811540
2024-09-23 21:50:48,833 P377223 INFO ************ Epoch=2 end ************
2024-09-23 21:50:53,600 P377223 INFO Train loss: 0.369455
2024-09-23 21:50:53,600 P377223 INFO Evaluation @epoch 3 - batch 171: 
2024-09-23 21:50:54,358 P377223 INFO [Metrics] AUC: 0.816181 - logloss: 0.346768
2024-09-23 21:50:54,358 P377223 INFO Save best model: monitor(max)=0.816181
2024-09-23 21:50:54,420 P377223 INFO ************ Epoch=3 end ************
2024-09-23 21:50:59,210 P377223 INFO Train loss: 0.367817
2024-09-23 21:50:59,210 P377223 INFO Evaluation @epoch 4 - batch 171: 
2024-09-23 21:50:59,991 P377223 INFO [Metrics] AUC: 0.822119 - logloss: 0.341738
2024-09-23 21:50:59,992 P377223 INFO Save best model: monitor(max)=0.822119
2024-09-23 21:51:00,052 P377223 INFO ************ Epoch=4 end ************
2024-09-23 21:51:04,870 P377223 INFO Train loss: 0.364884
2024-09-23 21:51:04,871 P377223 INFO Evaluation @epoch 5 - batch 171: 
2024-09-23 21:51:05,632 P377223 INFO [Metrics] AUC: 0.827926 - logloss: 0.337613
2024-09-23 21:51:05,632 P377223 INFO Save best model: monitor(max)=0.827926
2024-09-23 21:51:05,693 P377223 INFO ************ Epoch=5 end ************
2024-09-23 21:51:10,534 P377223 INFO Train loss: 0.362105
2024-09-23 21:51:10,535 P377223 INFO Evaluation @epoch 6 - batch 171: 
2024-09-23 21:51:11,274 P377223 INFO [Metrics] AUC: 0.832077 - logloss: 0.334538
2024-09-23 21:51:11,274 P377223 INFO Save best model: monitor(max)=0.832077
2024-09-23 21:51:11,334 P377223 INFO ************ Epoch=6 end ************
2024-09-23 21:51:16,219 P377223 INFO Train loss: 0.359207
2024-09-23 21:51:16,220 P377223 INFO Evaluation @epoch 7 - batch 171: 
2024-09-23 21:51:17,037 P377223 INFO [Metrics] AUC: 0.833887 - logloss: 0.332834
2024-09-23 21:51:17,038 P377223 INFO Save best model: monitor(max)=0.833887
2024-09-23 21:51:17,097 P377223 INFO ************ Epoch=7 end ************
2024-09-23 21:51:21,849 P377223 INFO Train loss: 0.357186
2024-09-23 21:51:21,850 P377223 INFO Evaluation @epoch 8 - batch 171: 
2024-09-23 21:51:22,639 P377223 INFO [Metrics] AUC: 0.836580 - logloss: 0.331223
2024-09-23 21:51:22,640 P377223 INFO Save best model: monitor(max)=0.836580
2024-09-23 21:51:22,701 P377223 INFO ************ Epoch=8 end ************
2024-09-23 21:51:27,531 P377223 INFO Train loss: 0.355179
2024-09-23 21:51:27,531 P377223 INFO Evaluation @epoch 9 - batch 171: 
2024-09-23 21:51:28,281 P377223 INFO [Metrics] AUC: 0.838353 - logloss: 0.329230
2024-09-23 21:51:28,282 P377223 INFO Save best model: monitor(max)=0.838353
2024-09-23 21:51:28,339 P377223 INFO ************ Epoch=9 end ************
2024-09-23 21:51:33,170 P377223 INFO Train loss: 0.354089
2024-09-23 21:51:33,170 P377223 INFO Evaluation @epoch 10 - batch 171: 
2024-09-23 21:51:33,945 P377223 INFO [Metrics] AUC: 0.840446 - logloss: 0.328066
2024-09-23 21:51:33,946 P377223 INFO Save best model: monitor(max)=0.840446
2024-09-23 21:51:34,005 P377223 INFO ************ Epoch=10 end ************
2024-09-23 21:51:38,828 P377223 INFO Train loss: 0.353015
2024-09-23 21:51:38,828 P377223 INFO Evaluation @epoch 11 - batch 171: 
2024-09-23 21:51:39,586 P377223 INFO [Metrics] AUC: 0.840379 - logloss: 0.327879
2024-09-23 21:51:39,587 P377223 INFO Monitor(max)=0.840379 STOP!
2024-09-23 21:51:39,587 P377223 INFO Reduce learning rate on plateau: 0.000100
2024-09-23 21:51:39,643 P377223 INFO ************ Epoch=11 end ************
2024-09-23 21:51:44,468 P377223 INFO Train loss: 0.327235
2024-09-23 21:51:44,469 P377223 INFO Evaluation @epoch 12 - batch 171: 
2024-09-23 21:51:45,206 P377223 INFO [Metrics] AUC: 0.849744 - logloss: 0.320428
2024-09-23 21:51:45,206 P377223 INFO Save best model: monitor(max)=0.849744
2024-09-23 21:51:45,265 P377223 INFO ************ Epoch=12 end ************
2024-09-23 21:51:50,019 P377223 INFO Train loss: 0.315116
2024-09-23 21:51:50,019 P377223 INFO Evaluation @epoch 13 - batch 171: 
2024-09-23 21:51:50,812 P377223 INFO [Metrics] AUC: 0.852539 - logloss: 0.318467
2024-09-23 21:51:50,813 P377223 INFO Save best model: monitor(max)=0.852539
2024-09-23 21:51:50,871 P377223 INFO ************ Epoch=13 end ************
2024-09-23 21:51:55,769 P377223 INFO Train loss: 0.308759
2024-09-23 21:51:55,770 P377223 INFO Evaluation @epoch 14 - batch 171: 
2024-09-23 21:51:56,526 P377223 INFO [Metrics] AUC: 0.853202 - logloss: 0.318358
2024-09-23 21:51:56,527 P377223 INFO Save best model: monitor(max)=0.853202
2024-09-23 21:51:56,588 P377223 INFO ************ Epoch=14 end ************
2024-09-23 21:52:01,476 P377223 INFO Train loss: 0.304283
2024-09-23 21:52:01,476 P377223 INFO Evaluation @epoch 15 - batch 171: 
2024-09-23 21:52:02,267 P377223 INFO [Metrics] AUC: 0.853210 - logloss: 0.319044
2024-09-23 21:52:02,268 P377223 INFO Save best model: monitor(max)=0.853210
2024-09-23 21:52:02,326 P377223 INFO ************ Epoch=15 end ************
2024-09-23 21:52:07,106 P377223 INFO Train loss: 0.300767
2024-09-23 21:52:07,106 P377223 INFO Evaluation @epoch 16 - batch 171: 
2024-09-23 21:52:07,854 P377223 INFO [Metrics] AUC: 0.852920 - logloss: 0.319703
2024-09-23 21:52:07,855 P377223 INFO Monitor(max)=0.852920 STOP!
2024-09-23 21:52:07,855 P377223 INFO Reduce learning rate on plateau: 0.000010
2024-09-23 21:52:07,906 P377223 INFO ************ Epoch=16 end ************
2024-09-23 21:52:12,825 P377223 INFO Train loss: 0.288124
2024-09-23 21:52:12,825 P377223 INFO Evaluation @epoch 17 - batch 171: 
2024-09-23 21:52:13,616 P377223 INFO [Metrics] AUC: 0.852550 - logloss: 0.320495
2024-09-23 21:52:13,617 P377223 INFO Monitor(max)=0.852550 STOP!
2024-09-23 21:52:13,617 P377223 INFO Reduce learning rate on plateau: 0.000001
2024-09-23 21:52:13,618 P377223 INFO ********* Epoch=17 early stop *********
2024-09-23 21:52:13,667 P377223 INFO Training finished.
2024-09-23 21:52:13,667 P377223 INFO Load best model: /workspace/checkpoints/ML_1M_7_x1/IGDCNv3_ML_1M_019_6b59504d.model
2024-09-23 21:52:13,674 P377223 INFO ****** Validation evaluation ******
2024-09-23 21:52:14,455 P377223 INFO [Metrics] logloss: 0.319044 - AUC: 0.853210
2024-09-23 21:52:14,577 P377223 INFO ******** Test evaluation ********
2024-09-23 21:52:14,578 P377223 INFO Loading datasets...
2024-09-23 21:52:14,788 P377223 INFO Test samples: total/100022, blocks/1
2024-09-23 21:52:14,788 P377223 INFO Loading test data done.
2024-09-23 21:52:15,301 P377223 INFO [Metrics] logloss: 0.316592 - AUC: 0.854100
