2024-09-23 23:32:39,786 P461726 INFO FuxiCTR version: 2.3.2
2024-09-23 23:32:39,786 P461726 INFO Params: {
    "batch_norm": "True",
    "batch_size": "4096",
    "data_format": "csv",
    "data_root": "dataset/",
    "dataset_id": "ML_1M_7_x1",
    "debug_mode": "False",
    "deep_net_dropout": "0.2",
    "early_stop_patience": "2",
    "embedding_dim": "16",
    "embedding_regularizer": "0.01",
    "epochs": "100",
    "eval_steps": "None",
    "feature_cols": "[{'active': True, 'dtype': 'str', 'name': ['UserID', 'Gender', 'Age', 'Occupation', 'MovieID', 'Release'], 'type': 'categorical'}, {'active': True, 'dtype': 'str', 'encoder': 'MaskedSumPooling', 'max_len': 5, 'name': 'Genres', 'splitter': '^', 'type': 'sequence'}]",
    "feature_config": "None",
    "feature_specs": "None",
    "gpu": "0",
    "group_id": "None",
    "label_col": "{'dtype': 'float', 'name': 'Label'}",
    "layer_norm": "True",
    "learning_rate": "0.001",
    "loss": "binary_crossentropy",
    "metrics": "['logloss', 'AUC']",
    "min_categr_count": "1",
    "model": "IGDCNv3",
    "model_id": "IGDCNv3_ML_1M_051_76f1ee91",
    "model_root": "./checkpoints/",
    "monitor": "{'AUC': 1, 'logloss': 0}",
    "monitor_mode": "max",
    "net_regularizer": "0",
    "num_deep_cross_layers": "2",
    "num_heads": "1",
    "num_shallow_cross_layers": "2",
    "num_workers": "4",
    "optimizer": "adam",
    "pickle_feature_encoder": "True",
    "save_best_only": "True",
    "seed": "2024",
    "shallow_net_dropout": "0.3",
    "shuffle": "True",
    "task": "binary_classification",
    "test_data": "dataset/ML_1M/test.csv",
    "train_data": "dataset/ML_1M/train.csv",
    "use_features": "None",
    "valid_data": "dataset/ML_1M/valid.csv",
    "verbose": "1"
}
2024-09-23 23:32:39,787 P461726 INFO Set up feature processor...
2024-09-23 23:32:39,788 P461726 WARNING Skip rebuilding dataset/ML_1M_7_x1/feature_map.json. Please delete it manually if rebuilding is required.
2024-09-23 23:32:39,788 P461726 INFO Load feature_map from json: dataset/ML_1M_7_x1/feature_map.json
2024-09-23 23:32:39,788 P461726 INFO Set column index...
2024-09-23 23:32:39,788 P461726 INFO Feature specs: {
    "Age": "{'source': '', 'type': 'categorical', 'padding_idx': 0, 'vocab_size': 9}",
    "Gender": "{'source': '', 'type': 'categorical', 'padding_idx': 0, 'vocab_size': 4}",
    "Genres": "{'source': '', 'type': 'sequence', 'feature_encoder': 'layers.MaskedAveragePooling()', 'padding_idx': 0, 'max_len': 5, 'vocab_size': 302}",
    "MovieID": "{'source': '', 'type': 'categorical', 'padding_idx': 0, 'vocab_size': 3659}",
    "Occupation": "{'source': '', 'type': 'categorical', 'padding_idx': 0, 'vocab_size': 23}",
    "Release": "{'source': '', 'type': 'categorical', 'padding_idx': 0, 'vocab_size': 83}",
    "UserID": "{'source': '', 'type': 'categorical', 'padding_idx': 0, 'vocab_size': 6042}"
}
2024-09-23 23:32:41,100 P461726 INFO Total number of parameters: 188394.
2024-09-23 23:32:41,100 P461726 INFO Loading datasets...
2024-09-23 23:32:42,927 P461726 INFO Train samples: total/700146, blocks/1
2024-09-23 23:32:43,494 P461726 INFO Validation samples: total/200041, blocks/1
2024-09-23 23:32:43,494 P461726 INFO Loading train and validation data done.
2024-09-23 23:32:43,494 P461726 INFO Start training: 171 batches/epoch
2024-09-23 23:32:43,494 P461726 INFO ************ Epoch=1 start ************
2024-09-23 23:32:59,206 P461726 INFO Train loss: 0.434166
2024-09-23 23:32:59,206 P461726 INFO Evaluation @epoch 1 - batch 171: 
2024-09-23 23:33:00,442 P461726 INFO [Metrics] AUC: 0.803884 - logloss: 0.356031
2024-09-23 23:33:00,443 P461726 INFO Save best model: monitor(max)=0.803884
2024-09-23 23:33:00,489 P461726 INFO ************ Epoch=1 end ************
2024-09-23 23:33:15,164 P461726 INFO Train loss: 0.377256
2024-09-23 23:33:15,164 P461726 INFO Evaluation @epoch 2 - batch 171: 
2024-09-23 23:33:16,277 P461726 INFO [Metrics] AUC: 0.813048 - logloss: 0.349553
2024-09-23 23:33:16,278 P461726 INFO Save best model: monitor(max)=0.813048
2024-09-23 23:33:16,337 P461726 INFO ************ Epoch=2 end ************
2024-09-23 23:33:31,568 P461726 INFO Train loss: 0.369713
2024-09-23 23:33:31,568 P461726 INFO Evaluation @epoch 3 - batch 171: 
2024-09-23 23:33:32,788 P461726 INFO [Metrics] AUC: 0.818736 - logloss: 0.344822
2024-09-23 23:33:32,789 P461726 INFO Save best model: monitor(max)=0.818736
2024-09-23 23:33:32,857 P461726 INFO ************ Epoch=3 end ************
2024-09-23 23:33:47,872 P461726 INFO Train loss: 0.365855
2024-09-23 23:33:47,873 P461726 INFO Evaluation @epoch 4 - batch 171: 
2024-09-23 23:33:48,968 P461726 INFO [Metrics] AUC: 0.823147 - logloss: 0.341358
2024-09-23 23:33:48,969 P461726 INFO Save best model: monitor(max)=0.823147
2024-09-23 23:33:49,060 P461726 INFO ************ Epoch=4 end ************
2024-09-23 23:34:03,802 P461726 INFO Train loss: 0.364384
2024-09-23 23:34:03,802 P461726 INFO Evaluation @epoch 5 - batch 171: 
2024-09-23 23:34:04,790 P461726 INFO [Metrics] AUC: 0.826845 - logloss: 0.338789
2024-09-23 23:34:04,791 P461726 INFO Save best model: monitor(max)=0.826845
2024-09-23 23:34:04,855 P461726 INFO ************ Epoch=5 end ************
2024-09-23 23:34:19,669 P461726 INFO Train loss: 0.362305
2024-09-23 23:34:19,669 P461726 INFO Evaluation @epoch 6 - batch 171: 
2024-09-23 23:34:20,604 P461726 INFO [Metrics] AUC: 0.831032 - logloss: 0.335441
2024-09-23 23:34:20,605 P461726 INFO Save best model: monitor(max)=0.831032
2024-09-23 23:34:20,679 P461726 INFO ************ Epoch=6 end ************
2024-09-23 23:34:35,111 P461726 INFO Train loss: 0.360133
2024-09-23 23:34:35,111 P461726 INFO Evaluation @epoch 7 - batch 171: 
2024-09-23 23:34:36,164 P461726 INFO [Metrics] AUC: 0.833543 - logloss: 0.333539
2024-09-23 23:34:36,165 P461726 INFO Save best model: monitor(max)=0.833543
2024-09-23 23:34:36,228 P461726 INFO ************ Epoch=7 end ************
2024-09-23 23:34:50,109 P461726 INFO Train loss: 0.358789
2024-09-23 23:34:50,109 P461726 INFO Evaluation @epoch 8 - batch 171: 
2024-09-23 23:34:51,497 P461726 INFO [Metrics] AUC: 0.836140 - logloss: 0.331820
2024-09-23 23:34:51,498 P461726 INFO Save best model: monitor(max)=0.836140
2024-09-23 23:34:51,560 P461726 INFO ************ Epoch=8 end ************
2024-09-23 23:35:04,751 P461726 INFO Train loss: 0.357227
2024-09-23 23:35:04,751 P461726 INFO Evaluation @epoch 9 - batch 171: 
2024-09-23 23:35:06,068 P461726 INFO [Metrics] AUC: 0.837433 - logloss: 0.330409
2024-09-23 23:35:06,069 P461726 INFO Save best model: monitor(max)=0.837433
2024-09-23 23:35:06,140 P461726 INFO ************ Epoch=9 end ************
2024-09-23 23:35:19,165 P461726 INFO Train loss: 0.355816
2024-09-23 23:35:19,165 P461726 INFO Evaluation @epoch 10 - batch 171: 
2024-09-23 23:35:20,466 P461726 INFO [Metrics] AUC: 0.839268 - logloss: 0.329194
2024-09-23 23:35:20,467 P461726 INFO Save best model: monitor(max)=0.839268
2024-09-23 23:35:20,539 P461726 INFO ************ Epoch=10 end ************
2024-09-23 23:35:33,586 P461726 INFO Train loss: 0.354617
2024-09-23 23:35:33,586 P461726 INFO Evaluation @epoch 11 - batch 171: 
2024-09-23 23:35:34,898 P461726 INFO [Metrics] AUC: 0.839193 - logloss: 0.328839
2024-09-23 23:35:34,898 P461726 INFO Monitor(max)=0.839193 STOP!
2024-09-23 23:35:34,899 P461726 INFO Reduce learning rate on plateau: 0.000100
2024-09-23 23:35:34,951 P461726 INFO ************ Epoch=11 end ************
2024-09-23 23:35:47,756 P461726 INFO Train loss: 0.331152
2024-09-23 23:35:47,756 P461726 INFO Evaluation @epoch 12 - batch 171: 
2024-09-23 23:35:49,046 P461726 INFO [Metrics] AUC: 0.847928 - logloss: 0.321804
2024-09-23 23:35:49,047 P461726 INFO Save best model: monitor(max)=0.847928
2024-09-23 23:35:49,112 P461726 INFO ************ Epoch=12 end ************
2024-09-23 23:36:02,136 P461726 INFO Train loss: 0.319886
2024-09-23 23:36:02,137 P461726 INFO Evaluation @epoch 13 - batch 171: 
2024-09-23 23:36:03,538 P461726 INFO [Metrics] AUC: 0.851042 - logloss: 0.319209
2024-09-23 23:36:03,539 P461726 INFO Save best model: monitor(max)=0.851042
2024-09-23 23:36:03,605 P461726 INFO ************ Epoch=13 end ************
2024-09-23 23:36:13,397 P461726 INFO Train loss: 0.314565
2024-09-23 23:36:13,397 P461726 INFO Evaluation @epoch 14 - batch 171: 
2024-09-23 23:36:14,192 P461726 INFO [Metrics] AUC: 0.852147 - logloss: 0.318572
2024-09-23 23:36:14,193 P461726 INFO Save best model: monitor(max)=0.852147
2024-09-23 23:36:14,257 P461726 INFO ************ Epoch=14 end ************
2024-09-23 23:36:18,719 P461726 INFO Train loss: 0.310621
2024-09-23 23:36:18,720 P461726 INFO Evaluation @epoch 15 - batch 171: 
2024-09-23 23:36:19,487 P461726 INFO [Metrics] AUC: 0.852469 - logloss: 0.318578
2024-09-23 23:36:19,488 P461726 INFO Save best model: monitor(max)=0.852469
2024-09-23 23:36:19,551 P461726 INFO ************ Epoch=15 end ************
2024-09-23 23:36:24,781 P461726 INFO Train loss: 0.307711
2024-09-23 23:36:24,782 P461726 INFO Evaluation @epoch 16 - batch 171: 
2024-09-23 23:36:26,087 P461726 INFO [Metrics] AUC: 0.852853 - logloss: 0.318319
2024-09-23 23:36:26,088 P461726 INFO Save best model: monitor(max)=0.852853
2024-09-23 23:36:26,151 P461726 INFO ************ Epoch=16 end ************
2024-09-23 23:36:40,255 P461726 INFO Train loss: 0.305229
2024-09-23 23:36:40,256 P461726 INFO Evaluation @epoch 17 - batch 171: 
2024-09-23 23:36:41,521 P461726 INFO [Metrics] AUC: 0.852690 - logloss: 0.318636
2024-09-23 23:36:41,522 P461726 INFO Monitor(max)=0.852690 STOP!
2024-09-23 23:36:41,522 P461726 INFO Reduce learning rate on plateau: 0.000010
2024-09-23 23:36:41,575 P461726 INFO ************ Epoch=17 end ************
2024-09-23 23:36:55,388 P461726 INFO Train loss: 0.294744
2024-09-23 23:36:55,389 P461726 INFO Evaluation @epoch 18 - batch 171: 
2024-09-23 23:36:56,669 P461726 INFO [Metrics] AUC: 0.852618 - logloss: 0.319344
2024-09-23 23:36:56,670 P461726 INFO Monitor(max)=0.852618 STOP!
2024-09-23 23:36:56,670 P461726 INFO Reduce learning rate on plateau: 0.000001
2024-09-23 23:36:56,670 P461726 INFO ********* Epoch=18 early stop *********
2024-09-23 23:36:56,723 P461726 INFO Training finished.
2024-09-23 23:36:56,723 P461726 INFO Load best model: /workspace/checkpoints/ML_1M_7_x1/IGDCNv3_ML_1M_051_76f1ee91.model
2024-09-23 23:36:56,739 P461726 INFO ****** Validation evaluation ******
2024-09-23 23:36:58,046 P461726 INFO [Metrics] logloss: 0.318319 - AUC: 0.852853
2024-09-23 23:36:58,184 P461726 INFO ******** Test evaluation ********
2024-09-23 23:36:58,184 P461726 INFO Loading datasets...
2024-09-23 23:36:58,437 P461726 INFO Test samples: total/100022, blocks/1
2024-09-23 23:36:58,437 P461726 INFO Loading test data done.
2024-09-23 23:36:59,225 P461726 INFO [Metrics] logloss: 0.316442 - AUC: 0.853424
