2024-09-23 22:14:49,483 P399124 INFO FuxiCTR version: 2.3.2
2024-09-23 22:14:49,483 P399124 INFO Params: {
    "batch_norm": "True",
    "batch_size": "4096",
    "data_format": "csv",
    "data_root": "dataset/",
    "dataset_id": "ML_1M_7_x1",
    "debug_mode": "False",
    "deep_net_dropout": "0.1",
    "early_stop_patience": "2",
    "embedding_dim": "16",
    "embedding_regularizer": "0.01",
    "epochs": "100",
    "eval_steps": "None",
    "feature_cols": "[{'active': True, 'dtype': 'str', 'name': ['UserID', 'Gender', 'Age', 'Occupation', 'MovieID', 'Release'], 'type': 'categorical'}, {'active': True, 'dtype': 'str', 'encoder': 'MaskedSumPooling', 'max_len': 5, 'name': 'Genres', 'splitter': '^', 'type': 'sequence'}]",
    "feature_config": "None",
    "feature_specs": "None",
    "gpu": "0",
    "group_id": "None",
    "label_col": "{'dtype': 'float', 'name': 'Label'}",
    "layer_norm": "True",
    "learning_rate": "0.001",
    "loss": "binary_crossentropy",
    "metrics": "['logloss', 'AUC']",
    "min_categr_count": "1",
    "model": "IGDCNv3",
    "model_id": "IGDCNv3_ML_1M_030_2bb568a4",
    "model_root": "./checkpoints/",
    "monitor": "{'AUC': 1, 'logloss': 0}",
    "monitor_mode": "max",
    "net_regularizer": "0",
    "num_deep_cross_layers": "1",
    "num_heads": "1",
    "num_shallow_cross_layers": "4",
    "num_workers": "4",
    "optimizer": "adam",
    "pickle_feature_encoder": "True",
    "save_best_only": "True",
    "seed": "2024",
    "shallow_net_dropout": "0.3",
    "shuffle": "True",
    "task": "binary_classification",
    "test_data": "dataset/ML_1M/test.csv",
    "train_data": "dataset/ML_1M/train.csv",
    "use_features": "None",
    "valid_data": "dataset/ML_1M/valid.csv",
    "verbose": "1"
}
2024-09-23 22:14:49,484 P399124 INFO Set up feature processor...
2024-09-23 22:14:49,485 P399124 WARNING Skip rebuilding dataset/ML_1M_7_x1/feature_map.json. Please delete it manually if rebuilding is required.
2024-09-23 22:14:49,485 P399124 INFO Load feature_map from json: dataset/ML_1M_7_x1/feature_map.json
2024-09-23 22:14:49,485 P399124 INFO Set column index...
2024-09-23 22:14:49,485 P399124 INFO Feature specs: {
    "Age": "{'source': '', 'type': 'categorical', 'padding_idx': 0, 'vocab_size': 9}",
    "Gender": "{'source': '', 'type': 'categorical', 'padding_idx': 0, 'vocab_size': 4}",
    "Genres": "{'source': '', 'type': 'sequence', 'feature_encoder': 'layers.MaskedAveragePooling()', 'padding_idx': 0, 'max_len': 5, 'vocab_size': 302}",
    "MovieID": "{'source': '', 'type': 'categorical', 'padding_idx': 0, 'vocab_size': 3659}",
    "Occupation": "{'source': '', 'type': 'categorical', 'padding_idx': 0, 'vocab_size': 23}",
    "Release": "{'source': '', 'type': 'categorical', 'padding_idx': 0, 'vocab_size': 83}",
    "UserID": "{'source': '', 'type': 'categorical', 'padding_idx': 0, 'vocab_size': 6042}"
}
2024-09-23 22:14:50,715 P399124 INFO Total number of parameters: 194948.
2024-09-23 22:14:50,715 P399124 INFO Loading datasets...
2024-09-23 22:14:52,264 P399124 INFO Train samples: total/700146, blocks/1
2024-09-23 22:14:52,705 P399124 INFO Validation samples: total/200041, blocks/1
2024-09-23 22:14:52,706 P399124 INFO Loading train and validation data done.
2024-09-23 22:14:52,706 P399124 INFO Start training: 171 batches/epoch
2024-09-23 22:14:52,706 P399124 INFO ************ Epoch=1 start ************
2024-09-23 22:14:58,791 P399124 INFO Train loss: 0.440246
2024-09-23 22:14:58,792 P399124 INFO Evaluation @epoch 1 - batch 171: 
2024-09-23 22:14:59,572 P399124 INFO [Metrics] AUC: 0.802754 - logloss: 0.356276
2024-09-23 22:14:59,573 P399124 INFO Save best model: monitor(max)=0.802754
2024-09-23 22:14:59,619 P399124 INFO ************ Epoch=1 end ************
2024-09-23 22:15:04,685 P399124 INFO Train loss: 0.379133
2024-09-23 22:15:04,685 P399124 INFO Evaluation @epoch 2 - batch 171: 
2024-09-23 22:15:05,442 P399124 INFO [Metrics] AUC: 0.811785 - logloss: 0.350361
2024-09-23 22:15:05,443 P399124 INFO Save best model: monitor(max)=0.811785
2024-09-23 22:15:05,502 P399124 INFO ************ Epoch=2 end ************
2024-09-23 22:15:10,397 P399124 INFO Train loss: 0.372507
2024-09-23 22:15:10,397 P399124 INFO Evaluation @epoch 3 - batch 171: 
2024-09-23 22:15:11,164 P399124 INFO [Metrics] AUC: 0.816531 - logloss: 0.346345
2024-09-23 22:15:11,164 P399124 INFO Save best model: monitor(max)=0.816531
2024-09-23 22:15:11,221 P399124 INFO ************ Epoch=3 end ************
2024-09-23 22:15:16,243 P399124 INFO Train loss: 0.369824
2024-09-23 22:15:16,243 P399124 INFO Evaluation @epoch 4 - batch 171: 
2024-09-23 22:15:17,002 P399124 INFO [Metrics] AUC: 0.821149 - logloss: 0.342640
2024-09-23 22:15:17,003 P399124 INFO Save best model: monitor(max)=0.821149
2024-09-23 22:15:17,062 P399124 INFO ************ Epoch=4 end ************
2024-09-23 22:15:22,093 P399124 INFO Train loss: 0.366956
2024-09-23 22:15:22,093 P399124 INFO Evaluation @epoch 5 - batch 171: 
2024-09-23 22:15:22,865 P399124 INFO [Metrics] AUC: 0.825704 - logloss: 0.339174
2024-09-23 22:15:22,866 P399124 INFO Save best model: monitor(max)=0.825704
2024-09-23 22:15:22,924 P399124 INFO ************ Epoch=5 end ************
2024-09-23 22:15:28,081 P399124 INFO Train loss: 0.363397
2024-09-23 22:15:28,081 P399124 INFO Evaluation @epoch 6 - batch 171: 
2024-09-23 22:15:28,848 P399124 INFO [Metrics] AUC: 0.829045 - logloss: 0.336622
2024-09-23 22:15:28,849 P399124 INFO Save best model: monitor(max)=0.829045
2024-09-23 22:15:28,908 P399124 INFO ************ Epoch=6 end ************
2024-09-23 22:15:34,015 P399124 INFO Train loss: 0.362148
2024-09-23 22:15:34,015 P399124 INFO Evaluation @epoch 7 - batch 171: 
2024-09-23 22:15:34,803 P399124 INFO [Metrics] AUC: 0.831472 - logloss: 0.335328
2024-09-23 22:15:34,804 P399124 INFO Save best model: monitor(max)=0.831472
2024-09-23 22:15:34,863 P399124 INFO ************ Epoch=7 end ************
2024-09-23 22:15:39,835 P399124 INFO Train loss: 0.360026
2024-09-23 22:15:39,835 P399124 INFO Evaluation @epoch 8 - batch 171: 
2024-09-23 22:15:40,632 P399124 INFO [Metrics] AUC: 0.833239 - logloss: 0.333650
2024-09-23 22:15:40,633 P399124 INFO Save best model: monitor(max)=0.833239
2024-09-23 22:15:40,692 P399124 INFO ************ Epoch=8 end ************
2024-09-23 22:15:45,728 P399124 INFO Train loss: 0.358492
2024-09-23 22:15:45,728 P399124 INFO Evaluation @epoch 9 - batch 171: 
2024-09-23 22:15:46,485 P399124 INFO [Metrics] AUC: 0.834731 - logloss: 0.332448
2024-09-23 22:15:46,486 P399124 INFO Save best model: monitor(max)=0.834731
2024-09-23 22:15:46,551 P399124 INFO ************ Epoch=9 end ************
2024-09-23 22:15:51,573 P399124 INFO Train loss: 0.356995
2024-09-23 22:15:51,574 P399124 INFO Evaluation @epoch 10 - batch 171: 
2024-09-23 22:15:52,334 P399124 INFO [Metrics] AUC: 0.835952 - logloss: 0.331479
2024-09-23 22:15:52,335 P399124 INFO Save best model: monitor(max)=0.835952
2024-09-23 22:15:52,394 P399124 INFO ************ Epoch=10 end ************
2024-09-23 22:15:57,459 P399124 INFO Train loss: 0.355835
2024-09-23 22:15:57,459 P399124 INFO Evaluation @epoch 11 - batch 171: 
2024-09-23 22:15:58,260 P399124 INFO [Metrics] AUC: 0.838368 - logloss: 0.329321
2024-09-23 22:15:58,261 P399124 INFO Save best model: monitor(max)=0.838368
2024-09-23 22:15:58,322 P399124 INFO ************ Epoch=11 end ************
2024-09-23 22:16:03,379 P399124 INFO Train loss: 0.354483
2024-09-23 22:16:03,379 P399124 INFO Evaluation @epoch 12 - batch 171: 
2024-09-23 22:16:04,171 P399124 INFO [Metrics] AUC: 0.838799 - logloss: 0.329368
2024-09-23 22:16:04,172 P399124 INFO Save best model: monitor(max)=0.838799
2024-09-23 22:16:04,230 P399124 INFO ************ Epoch=12 end ************
2024-09-23 22:16:09,262 P399124 INFO Train loss: 0.353627
2024-09-23 22:16:09,263 P399124 INFO Evaluation @epoch 13 - batch 171: 
2024-09-23 22:16:10,030 P399124 INFO [Metrics] AUC: 0.838808 - logloss: 0.329790
2024-09-23 22:16:10,030 P399124 INFO Save best model: monitor(max)=0.838808
2024-09-23 22:16:10,091 P399124 INFO ************ Epoch=13 end ************
2024-09-23 22:16:15,118 P399124 INFO Train loss: 0.352951
2024-09-23 22:16:15,119 P399124 INFO Evaluation @epoch 14 - batch 171: 
2024-09-23 22:16:15,879 P399124 INFO [Metrics] AUC: 0.839746 - logloss: 0.328262
2024-09-23 22:16:15,880 P399124 INFO Save best model: monitor(max)=0.839746
2024-09-23 22:16:15,939 P399124 INFO ************ Epoch=14 end ************
2024-09-23 22:16:20,859 P399124 INFO Train loss: 0.352335
2024-09-23 22:16:20,860 P399124 INFO Evaluation @epoch 15 - batch 171: 
2024-09-23 22:16:21,629 P399124 INFO [Metrics] AUC: 0.840624 - logloss: 0.327786
2024-09-23 22:16:21,630 P399124 INFO Save best model: monitor(max)=0.840624
2024-09-23 22:16:21,693 P399124 INFO ************ Epoch=15 end ************
2024-09-23 22:16:26,765 P399124 INFO Train loss: 0.351563
2024-09-23 22:16:26,765 P399124 INFO Evaluation @epoch 16 - batch 171: 
2024-09-23 22:16:27,540 P399124 INFO [Metrics] AUC: 0.840517 - logloss: 0.327792
2024-09-23 22:16:27,541 P399124 INFO Monitor(max)=0.840517 STOP!
2024-09-23 22:16:27,541 P399124 INFO Reduce learning rate on plateau: 0.000100
2024-09-23 22:16:27,593 P399124 INFO ************ Epoch=16 end ************
2024-09-23 22:16:32,960 P399124 INFO Train loss: 0.328324
2024-09-23 22:16:32,961 P399124 INFO Evaluation @epoch 17 - batch 171: 
2024-09-23 22:16:33,726 P399124 INFO [Metrics] AUC: 0.848702 - logloss: 0.321087
2024-09-23 22:16:33,727 P399124 INFO Save best model: monitor(max)=0.848702
2024-09-23 22:16:33,785 P399124 INFO ************ Epoch=17 end ************
2024-09-23 22:16:38,641 P399124 INFO Train loss: 0.317757
2024-09-23 22:16:38,641 P399124 INFO Evaluation @epoch 18 - batch 171: 
2024-09-23 22:16:39,378 P399124 INFO [Metrics] AUC: 0.851756 - logloss: 0.318587
2024-09-23 22:16:39,379 P399124 INFO Save best model: monitor(max)=0.851756
2024-09-23 22:16:39,438 P399124 INFO ************ Epoch=18 end ************
2024-09-23 22:16:44,373 P399124 INFO Train loss: 0.312523
2024-09-23 22:16:44,374 P399124 INFO Evaluation @epoch 19 - batch 171: 
2024-09-23 22:16:45,104 P399124 INFO [Metrics] AUC: 0.853017 - logloss: 0.317942
2024-09-23 22:16:45,104 P399124 INFO Save best model: monitor(max)=0.853017
2024-09-23 22:16:45,165 P399124 INFO ************ Epoch=19 end ************
2024-09-23 22:16:50,182 P399124 INFO Train loss: 0.309090
2024-09-23 22:16:50,183 P399124 INFO Evaluation @epoch 20 - batch 171: 
2024-09-23 22:16:50,954 P399124 INFO [Metrics] AUC: 0.853226 - logloss: 0.317764
2024-09-23 22:16:50,955 P399124 INFO Save best model: monitor(max)=0.853226
2024-09-23 22:16:51,011 P399124 INFO ************ Epoch=20 end ************
2024-09-23 22:16:56,029 P399124 INFO Train loss: 0.306031
2024-09-23 22:16:56,030 P399124 INFO Evaluation @epoch 21 - batch 171: 
2024-09-23 22:16:56,794 P399124 INFO [Metrics] AUC: 0.853361 - logloss: 0.317917
2024-09-23 22:16:56,795 P399124 INFO Save best model: monitor(max)=0.853361
2024-09-23 22:16:56,854 P399124 INFO ************ Epoch=21 end ************
2024-09-23 22:17:01,945 P399124 INFO Train loss: 0.303771
2024-09-23 22:17:01,945 P399124 INFO Evaluation @epoch 22 - batch 171: 
2024-09-23 22:17:02,717 P399124 INFO [Metrics] AUC: 0.853121 - logloss: 0.318215
2024-09-23 22:17:02,718 P399124 INFO Monitor(max)=0.853121 STOP!
2024-09-23 22:17:02,718 P399124 INFO Reduce learning rate on plateau: 0.000010
2024-09-23 22:17:02,770 P399124 INFO ************ Epoch=22 end ************
2024-09-23 22:17:07,776 P399124 INFO Train loss: 0.293613
2024-09-23 22:17:07,776 P399124 INFO Evaluation @epoch 23 - batch 171: 
2024-09-23 22:17:08,546 P399124 INFO [Metrics] AUC: 0.853086 - logloss: 0.318726
2024-09-23 22:17:08,546 P399124 INFO Monitor(max)=0.853086 STOP!
2024-09-23 22:17:08,547 P399124 INFO Reduce learning rate on plateau: 0.000001
2024-09-23 22:17:08,547 P399124 INFO ********* Epoch=23 early stop *********
2024-09-23 22:17:08,596 P399124 INFO Training finished.
2024-09-23 22:17:08,596 P399124 INFO Load best model: /workspace/checkpoints/ML_1M_7_x1/IGDCNv3_ML_1M_030_2bb568a4.model
2024-09-23 22:17:08,603 P399124 INFO ****** Validation evaluation ******
2024-09-23 22:17:09,359 P399124 INFO [Metrics] logloss: 0.317917 - AUC: 0.853361
2024-09-23 22:17:09,479 P399124 INFO ******** Test evaluation ********
2024-09-23 22:17:09,480 P399124 INFO Loading datasets...
2024-09-23 22:17:09,704 P399124 INFO Test samples: total/100022, blocks/1
2024-09-23 22:17:09,704 P399124 INFO Loading test data done.
2024-09-23 22:17:10,198 P399124 INFO [Metrics] logloss: 0.316332 - AUC: 0.853791
