2024-09-23 22:47:33,827 P426765 INFO FuxiCTR version: 2.3.2
2024-09-23 22:47:33,827 P426765 INFO Params: {
    "batch_norm": "True",
    "batch_size": "4096",
    "data_format": "csv",
    "data_root": "dataset/",
    "dataset_id": "ML_1M_7_x1",
    "debug_mode": "False",
    "deep_net_dropout": "0.2",
    "early_stop_patience": "2",
    "embedding_dim": "16",
    "embedding_regularizer": "0.01",
    "epochs": "100",
    "eval_steps": "None",
    "feature_cols": "[{'active': True, 'dtype': 'str', 'name': ['UserID', 'Gender', 'Age', 'Occupation', 'MovieID', 'Release'], 'type': 'categorical'}, {'active': True, 'dtype': 'str', 'encoder': 'MaskedSumPooling', 'max_len': 5, 'name': 'Genres', 'splitter': '^', 'type': 'sequence'}]",
    "feature_config": "None",
    "feature_specs": "None",
    "gpu": "0",
    "group_id": "None",
    "label_col": "{'dtype': 'float', 'name': 'Label'}",
    "layer_norm": "True",
    "learning_rate": "0.001",
    "loss": "binary_crossentropy",
    "metrics": "['logloss', 'AUC']",
    "min_categr_count": "1",
    "model": "IGDCNv3",
    "model_id": "IGDCNv3_ML_1M_042_4a51a7b0",
    "model_root": "./checkpoints/",
    "monitor": "{'AUC': 1, 'logloss': 0}",
    "monitor_mode": "max",
    "net_regularizer": "0",
    "num_deep_cross_layers": "2",
    "num_heads": "1",
    "num_shallow_cross_layers": "1",
    "num_workers": "4",
    "optimizer": "adam",
    "pickle_feature_encoder": "True",
    "save_best_only": "True",
    "seed": "2024",
    "shallow_net_dropout": "0.3",
    "shuffle": "True",
    "task": "binary_classification",
    "test_data": "dataset/ML_1M/test.csv",
    "train_data": "dataset/ML_1M/train.csv",
    "use_features": "None",
    "valid_data": "dataset/ML_1M/valid.csv",
    "verbose": "1"
}
2024-09-23 22:47:33,828 P426765 INFO Set up feature processor...
2024-09-23 22:47:33,828 P426765 WARNING Skip rebuilding dataset/ML_1M_7_x1/feature_map.json. Please delete it manually if rebuilding is required.
2024-09-23 22:47:33,829 P426765 INFO Load feature_map from json: dataset/ML_1M_7_x1/feature_map.json
2024-09-23 22:47:33,829 P426765 INFO Set column index...
2024-09-23 22:47:33,829 P426765 INFO Feature specs: {
    "Age": "{'source': '', 'type': 'categorical', 'padding_idx': 0, 'vocab_size': 9}",
    "Gender": "{'source': '', 'type': 'categorical', 'padding_idx': 0, 'vocab_size': 4}",
    "Genres": "{'source': '', 'type': 'sequence', 'feature_encoder': 'layers.MaskedAveragePooling()', 'padding_idx': 0, 'max_len': 5, 'vocab_size': 302}",
    "MovieID": "{'source': '', 'type': 'categorical', 'padding_idx': 0, 'vocab_size': 3659}",
    "Occupation": "{'source': '', 'type': 'categorical', 'padding_idx': 0, 'vocab_size': 23}",
    "Release": "{'source': '', 'type': 'categorical', 'padding_idx': 0, 'vocab_size': 83}",
    "UserID": "{'source': '', 'type': 'categorical', 'padding_idx': 0, 'vocab_size': 6042}"
}
2024-09-23 22:47:35,019 P426765 INFO Total number of parameters: 181840.
2024-09-23 22:47:35,019 P426765 INFO Loading datasets...
2024-09-23 22:47:36,854 P426765 INFO Train samples: total/700146, blocks/1
2024-09-23 22:47:37,412 P426765 INFO Validation samples: total/200041, blocks/1
2024-09-23 22:47:37,412 P426765 INFO Loading train and validation data done.
2024-09-23 22:47:37,412 P426765 INFO Start training: 171 batches/epoch
2024-09-23 22:47:37,412 P426765 INFO ************ Epoch=1 start ************
2024-09-23 22:47:50,950 P426765 INFO Train loss: 0.436651
2024-09-23 22:47:50,950 P426765 INFO Evaluation @epoch 1 - batch 171: 
2024-09-23 22:47:52,142 P426765 INFO [Metrics] AUC: 0.802385 - logloss: 0.357507
2024-09-23 22:47:52,143 P426765 INFO Save best model: monitor(max)=0.802385
2024-09-23 22:47:52,187 P426765 INFO ************ Epoch=1 end ************
2024-09-23 22:48:04,877 P426765 INFO Train loss: 0.380093
2024-09-23 22:48:04,877 P426765 INFO Evaluation @epoch 2 - batch 171: 
2024-09-23 22:48:06,075 P426765 INFO [Metrics] AUC: 0.807647 - logloss: 0.353585
2024-09-23 22:48:06,076 P426765 INFO Save best model: monitor(max)=0.807647
2024-09-23 22:48:06,138 P426765 INFO ************ Epoch=2 end ************
2024-09-23 22:48:18,622 P426765 INFO Train loss: 0.373260
2024-09-23 22:48:18,622 P426765 INFO Evaluation @epoch 3 - batch 171: 
2024-09-23 22:48:19,880 P426765 INFO [Metrics] AUC: 0.815124 - logloss: 0.347443
2024-09-23 22:48:19,881 P426765 INFO Save best model: monitor(max)=0.815124
2024-09-23 22:48:19,940 P426765 INFO ************ Epoch=3 end ************
2024-09-23 22:48:32,674 P426765 INFO Train loss: 0.368635
2024-09-23 22:48:32,674 P426765 INFO Evaluation @epoch 4 - batch 171: 
2024-09-23 22:48:33,871 P426765 INFO [Metrics] AUC: 0.818198 - logloss: 0.345320
2024-09-23 22:48:33,872 P426765 INFO Save best model: monitor(max)=0.818198
2024-09-23 22:48:33,932 P426765 INFO ************ Epoch=4 end ************
2024-09-23 22:48:46,901 P426765 INFO Train loss: 0.365869
2024-09-23 22:48:46,901 P426765 INFO Evaluation @epoch 5 - batch 171: 
2024-09-23 22:48:48,162 P426765 INFO [Metrics] AUC: 0.823305 - logloss: 0.342034
2024-09-23 22:48:48,163 P426765 INFO Save best model: monitor(max)=0.823305
2024-09-23 22:48:48,227 P426765 INFO ************ Epoch=5 end ************
2024-09-23 22:49:00,974 P426765 INFO Train loss: 0.363564
2024-09-23 22:49:00,974 P426765 INFO Evaluation @epoch 6 - batch 171: 
2024-09-23 22:49:02,143 P426765 INFO [Metrics] AUC: 0.827040 - logloss: 0.338652
2024-09-23 22:49:02,144 P426765 INFO Save best model: monitor(max)=0.827040
2024-09-23 22:49:02,204 P426765 INFO ************ Epoch=6 end ************
2024-09-23 22:49:14,873 P426765 INFO Train loss: 0.362520
2024-09-23 22:49:14,873 P426765 INFO Evaluation @epoch 7 - batch 171: 
2024-09-23 22:49:16,065 P426765 INFO [Metrics] AUC: 0.829413 - logloss: 0.337329
2024-09-23 22:49:16,065 P426765 INFO Save best model: monitor(max)=0.829413
2024-09-23 22:49:16,123 P426765 INFO ************ Epoch=7 end ************
2024-09-23 22:49:28,872 P426765 INFO Train loss: 0.361073
2024-09-23 22:49:28,873 P426765 INFO Evaluation @epoch 8 - batch 171: 
2024-09-23 22:49:30,024 P426765 INFO [Metrics] AUC: 0.833478 - logloss: 0.334255
2024-09-23 22:49:30,025 P426765 INFO Save best model: monitor(max)=0.833478
2024-09-23 22:49:30,082 P426765 INFO ************ Epoch=8 end ************
2024-09-23 22:49:42,551 P426765 INFO Train loss: 0.359608
2024-09-23 22:49:42,551 P426765 INFO Evaluation @epoch 9 - batch 171: 
2024-09-23 22:49:43,745 P426765 INFO [Metrics] AUC: 0.833121 - logloss: 0.333789
2024-09-23 22:49:43,746 P426765 INFO Monitor(max)=0.833121 STOP!
2024-09-23 22:49:43,746 P426765 INFO Reduce learning rate on plateau: 0.000100
2024-09-23 22:49:43,806 P426765 INFO ************ Epoch=9 end ************
2024-09-23 22:49:56,638 P426765 INFO Train loss: 0.339098
2024-09-23 22:49:56,638 P426765 INFO Evaluation @epoch 10 - batch 171: 
2024-09-23 22:49:57,825 P426765 INFO [Metrics] AUC: 0.844779 - logloss: 0.324188
2024-09-23 22:49:57,825 P426765 INFO Save best model: monitor(max)=0.844779
2024-09-23 22:49:57,892 P426765 INFO ************ Epoch=10 end ************
2024-09-23 22:50:11,384 P426765 INFO Train loss: 0.326926
2024-09-23 22:50:11,384 P426765 INFO Evaluation @epoch 11 - batch 171: 
2024-09-23 22:50:12,541 P426765 INFO [Metrics] AUC: 0.848979 - logloss: 0.320713
2024-09-23 22:50:12,541 P426765 INFO Save best model: monitor(max)=0.848979
2024-09-23 22:50:12,603 P426765 INFO ************ Epoch=11 end ************
2024-09-23 22:50:25,908 P426765 INFO Train loss: 0.321269
2024-09-23 22:50:25,909 P426765 INFO Evaluation @epoch 12 - batch 171: 
2024-09-23 22:50:27,042 P426765 INFO [Metrics] AUC: 0.850829 - logloss: 0.319303
2024-09-23 22:50:27,043 P426765 INFO Save best model: monitor(max)=0.850829
2024-09-23 22:50:27,109 P426765 INFO ************ Epoch=12 end ************
2024-09-23 22:50:40,428 P426765 INFO Train loss: 0.317811
2024-09-23 22:50:40,428 P426765 INFO Evaluation @epoch 13 - batch 171: 
2024-09-23 22:50:41,665 P426765 INFO [Metrics] AUC: 0.851400 - logloss: 0.318937
2024-09-23 22:50:41,666 P426765 INFO Save best model: monitor(max)=0.851400
2024-09-23 22:50:41,728 P426765 INFO ************ Epoch=13 end ************
2024-09-23 22:50:54,596 P426765 INFO Train loss: 0.315388
2024-09-23 22:50:54,596 P426765 INFO Evaluation @epoch 14 - batch 171: 
2024-09-23 22:50:55,860 P426765 INFO [Metrics] AUC: 0.851690 - logloss: 0.318644
2024-09-23 22:50:55,861 P426765 INFO Save best model: monitor(max)=0.851690
2024-09-23 22:50:55,927 P426765 INFO ************ Epoch=14 end ************
2024-09-23 22:51:08,941 P426765 INFO Train loss: 0.312985
2024-09-23 22:51:08,941 P426765 INFO Evaluation @epoch 15 - batch 171: 
2024-09-23 22:51:10,163 P426765 INFO [Metrics] AUC: 0.852025 - logloss: 0.318643
2024-09-23 22:51:10,164 P426765 INFO Save best model: monitor(max)=0.852025
2024-09-23 22:51:10,236 P426765 INFO ************ Epoch=15 end ************
2024-09-23 22:51:22,700 P426765 INFO Train loss: 0.311100
2024-09-23 22:51:22,701 P426765 INFO Evaluation @epoch 16 - batch 171: 
2024-09-23 22:51:23,890 P426765 INFO [Metrics] AUC: 0.851974 - logloss: 0.318840
2024-09-23 22:51:23,891 P426765 INFO Monitor(max)=0.851974 STOP!
2024-09-23 22:51:23,891 P426765 INFO Reduce learning rate on plateau: 0.000010
2024-09-23 22:51:23,952 P426765 INFO ************ Epoch=16 end ************
2024-09-23 22:51:36,400 P426765 INFO Train loss: 0.301865
2024-09-23 22:51:36,400 P426765 INFO Evaluation @epoch 17 - batch 171: 
2024-09-23 22:51:37,666 P426765 INFO [Metrics] AUC: 0.851884 - logloss: 0.319278
2024-09-23 22:51:37,667 P426765 INFO Monitor(max)=0.851884 STOP!
2024-09-23 22:51:37,667 P426765 INFO Reduce learning rate on plateau: 0.000001
2024-09-23 22:51:37,667 P426765 INFO ********* Epoch=17 early stop *********
2024-09-23 22:51:37,722 P426765 INFO Training finished.
2024-09-23 22:51:37,723 P426765 INFO Load best model: /workspace/checkpoints/ML_1M_7_x1/IGDCNv3_ML_1M_042_4a51a7b0.model
2024-09-23 22:51:37,731 P426765 INFO ****** Validation evaluation ******
2024-09-23 22:51:38,874 P426765 INFO [Metrics] logloss: 0.318643 - AUC: 0.852025
2024-09-23 22:51:39,036 P426765 INFO ******** Test evaluation ********
2024-09-23 22:51:39,036 P426765 INFO Loading datasets...
2024-09-23 22:51:39,333 P426765 INFO Test samples: total/100022, blocks/1
2024-09-23 22:51:39,334 P426765 INFO Loading test data done.
2024-09-23 22:51:39,908 P426765 INFO [Metrics] logloss: 0.317715 - AUC: 0.851872
