2024-09-23 23:27:57,155 P458232 INFO FuxiCTR version: 2.3.2
2024-09-23 23:27:57,156 P458232 INFO Params: {
    "batch_norm": "True",
    "batch_size": "4096",
    "data_format": "csv",
    "data_root": "dataset/",
    "dataset_id": "ML_1M_7_x1",
    "debug_mode": "False",
    "deep_net_dropout": "0.2",
    "early_stop_patience": "2",
    "embedding_dim": "16",
    "embedding_regularizer": "0.01",
    "epochs": "100",
    "eval_steps": "None",
    "feature_cols": "[{'active': True, 'dtype': 'str', 'name': ['UserID', 'Gender', 'Age', 'Occupation', 'MovieID', 'Release'], 'type': 'categorical'}, {'active': True, 'dtype': 'str', 'encoder': 'MaskedSumPooling', 'max_len': 5, 'name': 'Genres', 'splitter': '^', 'type': 'sequence'}]",
    "feature_config": "None",
    "feature_specs": "None",
    "gpu": "0",
    "group_id": "None",
    "label_col": "{'dtype': 'float', 'name': 'Label'}",
    "layer_norm": "True",
    "learning_rate": "0.001",
    "loss": "binary_crossentropy",
    "metrics": "['logloss', 'AUC']",
    "min_categr_count": "1",
    "model": "IGDCNv3",
    "model_id": "IGDCNv3_ML_1M_050_fad1b303",
    "model_root": "./checkpoints/",
    "monitor": "{'AUC': 1, 'logloss': 0}",
    "monitor_mode": "max",
    "net_regularizer": "0",
    "num_deep_cross_layers": "2",
    "num_heads": "1",
    "num_shallow_cross_layers": "2",
    "num_workers": "4",
    "optimizer": "adam",
    "pickle_feature_encoder": "True",
    "save_best_only": "True",
    "seed": "2024",
    "shallow_net_dropout": "0.2",
    "shuffle": "True",
    "task": "binary_classification",
    "test_data": "dataset/ML_1M/test.csv",
    "train_data": "dataset/ML_1M/train.csv",
    "use_features": "None",
    "valid_data": "dataset/ML_1M/valid.csv",
    "verbose": "1"
}
2024-09-23 23:27:57,157 P458232 INFO Set up feature processor...
2024-09-23 23:27:57,157 P458232 WARNING Skip rebuilding dataset/ML_1M_7_x1/feature_map.json. Please delete it manually if rebuilding is required.
2024-09-23 23:27:57,157 P458232 INFO Load feature_map from json: dataset/ML_1M_7_x1/feature_map.json
2024-09-23 23:27:57,157 P458232 INFO Set column index...
2024-09-23 23:27:57,158 P458232 INFO Feature specs: {
    "Age": "{'source': '', 'type': 'categorical', 'padding_idx': 0, 'vocab_size': 9}",
    "Gender": "{'source': '', 'type': 'categorical', 'padding_idx': 0, 'vocab_size': 4}",
    "Genres": "{'source': '', 'type': 'sequence', 'feature_encoder': 'layers.MaskedAveragePooling()', 'padding_idx': 0, 'max_len': 5, 'vocab_size': 302}",
    "MovieID": "{'source': '', 'type': 'categorical', 'padding_idx': 0, 'vocab_size': 3659}",
    "Occupation": "{'source': '', 'type': 'categorical', 'padding_idx': 0, 'vocab_size': 23}",
    "Release": "{'source': '', 'type': 'categorical', 'padding_idx': 0, 'vocab_size': 83}",
    "UserID": "{'source': '', 'type': 'categorical', 'padding_idx': 0, 'vocab_size': 6042}"
}
2024-09-23 23:27:58,482 P458232 INFO Total number of parameters: 188394.
2024-09-23 23:27:58,483 P458232 INFO Loading datasets...
2024-09-23 23:28:00,222 P458232 INFO Train samples: total/700146, blocks/1
2024-09-23 23:28:00,709 P458232 INFO Validation samples: total/200041, blocks/1
2024-09-23 23:28:00,710 P458232 INFO Loading train and validation data done.
2024-09-23 23:28:00,710 P458232 INFO Start training: 171 batches/epoch
2024-09-23 23:28:00,710 P458232 INFO ************ Epoch=1 start ************
2024-09-23 23:28:10,121 P458232 INFO Train loss: 0.433780
2024-09-23 23:28:10,121 P458232 INFO Evaluation @epoch 1 - batch 171: 
2024-09-23 23:28:11,437 P458232 INFO [Metrics] AUC: 0.804134 - logloss: 0.355851
2024-09-23 23:28:11,438 P458232 INFO Save best model: monitor(max)=0.804134
2024-09-23 23:28:11,490 P458232 INFO ************ Epoch=1 end ************
2024-09-23 23:28:24,583 P458232 INFO Train loss: 0.376768
2024-09-23 23:28:24,583 P458232 INFO Evaluation @epoch 2 - batch 171: 
2024-09-23 23:28:25,842 P458232 INFO [Metrics] AUC: 0.812970 - logloss: 0.349505
2024-09-23 23:28:25,843 P458232 INFO Save best model: monitor(max)=0.812970
2024-09-23 23:28:25,911 P458232 INFO ************ Epoch=2 end ************
2024-09-23 23:28:39,344 P458232 INFO Train loss: 0.369275
2024-09-23 23:28:39,345 P458232 INFO Evaluation @epoch 3 - batch 171: 
2024-09-23 23:28:40,673 P458232 INFO [Metrics] AUC: 0.819210 - logloss: 0.344412
2024-09-23 23:28:40,674 P458232 INFO Save best model: monitor(max)=0.819210
2024-09-23 23:28:40,747 P458232 INFO ************ Epoch=3 end ************
2024-09-23 23:28:54,270 P458232 INFO Train loss: 0.365921
2024-09-23 23:28:54,270 P458232 INFO Evaluation @epoch 4 - batch 171: 
2024-09-23 23:28:55,488 P458232 INFO [Metrics] AUC: 0.823746 - logloss: 0.340784
2024-09-23 23:28:55,489 P458232 INFO Save best model: monitor(max)=0.823746
2024-09-23 23:28:55,551 P458232 INFO ************ Epoch=4 end ************
2024-09-23 23:29:08,652 P458232 INFO Train loss: 0.364353
2024-09-23 23:29:08,652 P458232 INFO Evaluation @epoch 5 - batch 171: 
2024-09-23 23:29:10,031 P458232 INFO [Metrics] AUC: 0.827879 - logloss: 0.337861
2024-09-23 23:29:10,032 P458232 INFO Save best model: monitor(max)=0.827879
2024-09-23 23:29:10,097 P458232 INFO ************ Epoch=5 end ************
2024-09-23 23:29:23,159 P458232 INFO Train loss: 0.361381
2024-09-23 23:29:23,159 P458232 INFO Evaluation @epoch 6 - batch 171: 
2024-09-23 23:29:24,489 P458232 INFO [Metrics] AUC: 0.831970 - logloss: 0.334623
2024-09-23 23:29:24,490 P458232 INFO Save best model: monitor(max)=0.831970
2024-09-23 23:29:24,554 P458232 INFO ************ Epoch=6 end ************
2024-09-23 23:29:37,907 P458232 INFO Train loss: 0.359505
2024-09-23 23:29:37,908 P458232 INFO Evaluation @epoch 7 - batch 171: 
2024-09-23 23:29:39,201 P458232 INFO [Metrics] AUC: 0.833985 - logloss: 0.333080
2024-09-23 23:29:39,201 P458232 INFO Save best model: monitor(max)=0.833985
2024-09-23 23:29:39,267 P458232 INFO ************ Epoch=7 end ************
2024-09-23 23:29:52,541 P458232 INFO Train loss: 0.358082
2024-09-23 23:29:52,541 P458232 INFO Evaluation @epoch 8 - batch 171: 
2024-09-23 23:29:53,837 P458232 INFO [Metrics] AUC: 0.836764 - logloss: 0.331214
2024-09-23 23:29:53,838 P458232 INFO Save best model: monitor(max)=0.836764
2024-09-23 23:29:53,904 P458232 INFO ************ Epoch=8 end ************
2024-09-23 23:30:06,999 P458232 INFO Train loss: 0.356340
2024-09-23 23:30:06,999 P458232 INFO Evaluation @epoch 9 - batch 171: 
2024-09-23 23:30:08,271 P458232 INFO [Metrics] AUC: 0.838178 - logloss: 0.329676
2024-09-23 23:30:08,272 P458232 INFO Save best model: monitor(max)=0.838178
2024-09-23 23:30:08,331 P458232 INFO ************ Epoch=9 end ************
2024-09-23 23:30:22,059 P458232 INFO Train loss: 0.354739
2024-09-23 23:30:22,060 P458232 INFO Evaluation @epoch 10 - batch 171: 
2024-09-23 23:30:23,227 P458232 INFO [Metrics] AUC: 0.839875 - logloss: 0.328626
2024-09-23 23:30:23,228 P458232 INFO Save best model: monitor(max)=0.839875
2024-09-23 23:30:23,312 P458232 INFO ************ Epoch=10 end ************
2024-09-23 23:30:37,288 P458232 INFO Train loss: 0.353679
2024-09-23 23:30:37,288 P458232 INFO Evaluation @epoch 11 - batch 171: 
2024-09-23 23:30:38,519 P458232 INFO [Metrics] AUC: 0.839763 - logloss: 0.328353
2024-09-23 23:30:38,520 P458232 INFO Monitor(max)=0.839763 STOP!
2024-09-23 23:30:38,521 P458232 INFO Reduce learning rate on plateau: 0.000100
2024-09-23 23:30:38,597 P458232 INFO ************ Epoch=11 end ************
2024-09-23 23:30:52,479 P458232 INFO Train loss: 0.329332
2024-09-23 23:30:52,480 P458232 INFO Evaluation @epoch 12 - batch 171: 
2024-09-23 23:30:53,629 P458232 INFO [Metrics] AUC: 0.848456 - logloss: 0.321499
2024-09-23 23:30:53,630 P458232 INFO Save best model: monitor(max)=0.848456
2024-09-23 23:30:53,703 P458232 INFO ************ Epoch=12 end ************
2024-09-23 23:31:07,931 P458232 INFO Train loss: 0.317829
2024-09-23 23:31:07,931 P458232 INFO Evaluation @epoch 13 - batch 171: 
2024-09-23 23:31:09,152 P458232 INFO [Metrics] AUC: 0.851582 - logloss: 0.318936
2024-09-23 23:31:09,152 P458232 INFO Save best model: monitor(max)=0.851582
2024-09-23 23:31:09,217 P458232 INFO ************ Epoch=13 end ************
2024-09-23 23:31:23,874 P458232 INFO Train loss: 0.312235
2024-09-23 23:31:23,875 P458232 INFO Evaluation @epoch 14 - batch 171: 
2024-09-23 23:31:24,949 P458232 INFO [Metrics] AUC: 0.852621 - logloss: 0.318429
2024-09-23 23:31:24,949 P458232 INFO Save best model: monitor(max)=0.852621
2024-09-23 23:31:25,010 P458232 INFO ************ Epoch=14 end ************
2024-09-23 23:31:39,862 P458232 INFO Train loss: 0.308001
2024-09-23 23:31:39,863 P458232 INFO Evaluation @epoch 15 - batch 171: 
2024-09-23 23:31:40,964 P458232 INFO [Metrics] AUC: 0.852843 - logloss: 0.318583
2024-09-23 23:31:40,964 P458232 INFO Save best model: monitor(max)=0.852843
2024-09-23 23:31:41,026 P458232 INFO ************ Epoch=15 end ************
2024-09-23 23:31:56,007 P458232 INFO Train loss: 0.304999
2024-09-23 23:31:56,008 P458232 INFO Evaluation @epoch 16 - batch 171: 
2024-09-23 23:31:57,214 P458232 INFO [Metrics] AUC: 0.852915 - logloss: 0.318645
2024-09-23 23:31:57,215 P458232 INFO Save best model: monitor(max)=0.852915
2024-09-23 23:31:57,296 P458232 INFO ************ Epoch=16 end ************
2024-09-23 23:32:12,514 P458232 INFO Train loss: 0.302243
2024-09-23 23:32:12,515 P458232 INFO Evaluation @epoch 17 - batch 171: 
2024-09-23 23:32:13,651 P458232 INFO [Metrics] AUC: 0.852662 - logloss: 0.319225
2024-09-23 23:32:13,652 P458232 INFO Monitor(max)=0.852662 STOP!
2024-09-23 23:32:13,652 P458232 INFO Reduce learning rate on plateau: 0.000010
2024-09-23 23:32:13,717 P458232 INFO ************ Epoch=17 end ************
2024-09-23 23:32:28,604 P458232 INFO Train loss: 0.290817
2024-09-23 23:32:28,604 P458232 INFO Evaluation @epoch 18 - batch 171: 
2024-09-23 23:32:29,682 P458232 INFO [Metrics] AUC: 0.852544 - logloss: 0.319973
2024-09-23 23:32:29,683 P458232 INFO Monitor(max)=0.852544 STOP!
2024-09-23 23:32:29,684 P458232 INFO Reduce learning rate on plateau: 0.000001
2024-09-23 23:32:29,684 P458232 INFO ********* Epoch=18 early stop *********
2024-09-23 23:32:29,753 P458232 INFO Training finished.
2024-09-23 23:32:29,754 P458232 INFO Load best model: /workspace/checkpoints/ML_1M_7_x1/IGDCNv3_ML_1M_050_fad1b303.model
2024-09-23 23:32:29,763 P458232 INFO ****** Validation evaluation ******
2024-09-23 23:32:31,093 P458232 INFO [Metrics] logloss: 0.318645 - AUC: 0.852915
2024-09-23 23:32:31,247 P458232 INFO ******** Test evaluation ********
2024-09-23 23:32:31,248 P458232 INFO Loading datasets...
2024-09-23 23:32:31,518 P458232 INFO Test samples: total/100022, blocks/1
2024-09-23 23:32:31,518 P458232 INFO Loading test data done.
2024-09-23 23:32:32,283 P458232 INFO [Metrics] logloss: 0.316659 - AUC: 0.853558
