2024-09-23 22:19:10,753 P402882 INFO FuxiCTR version: 2.3.2
2024-09-23 22:19:10,753 P402882 INFO Params: {
    "batch_norm": "True",
    "batch_size": "4096",
    "data_format": "csv",
    "data_root": "dataset/",
    "dataset_id": "ML_1M_7_x1",
    "debug_mode": "False",
    "deep_net_dropout": "0.2",
    "early_stop_patience": "2",
    "embedding_dim": "16",
    "embedding_regularizer": "0.01",
    "epochs": "100",
    "eval_steps": "None",
    "feature_cols": "[{'active': True, 'dtype': 'str', 'name': ['UserID', 'Gender', 'Age', 'Occupation', 'MovieID', 'Release'], 'type': 'categorical'}, {'active': True, 'dtype': 'str', 'encoder': 'MaskedSumPooling', 'max_len': 5, 'name': 'Genres', 'splitter': '^', 'type': 'sequence'}]",
    "feature_config": "None",
    "feature_specs": "None",
    "gpu": "0",
    "group_id": "None",
    "label_col": "{'dtype': 'float', 'name': 'Label'}",
    "layer_norm": "True",
    "learning_rate": "0.001",
    "loss": "binary_crossentropy",
    "metrics": "['logloss', 'AUC']",
    "min_categr_count": "1",
    "model": "IGDCNv3",
    "model_id": "IGDCNv3_ML_1M_032_6f8bf8b8",
    "model_root": "./checkpoints/",
    "monitor": "{'AUC': 1, 'logloss': 0}",
    "monitor_mode": "max",
    "net_regularizer": "0",
    "num_deep_cross_layers": "1",
    "num_heads": "1",
    "num_shallow_cross_layers": "4",
    "num_workers": "4",
    "optimizer": "adam",
    "pickle_feature_encoder": "True",
    "save_best_only": "True",
    "seed": "2024",
    "shallow_net_dropout": "0.2",
    "shuffle": "True",
    "task": "binary_classification",
    "test_data": "dataset/ML_1M/test.csv",
    "train_data": "dataset/ML_1M/train.csv",
    "use_features": "None",
    "valid_data": "dataset/ML_1M/valid.csv",
    "verbose": "1"
}
2024-09-23 22:19:10,754 P402882 INFO Set up feature processor...
2024-09-23 22:19:10,755 P402882 WARNING Skip rebuilding dataset/ML_1M_7_x1/feature_map.json. Please delete it manually if rebuilding is required.
2024-09-23 22:19:10,755 P402882 INFO Load feature_map from json: dataset/ML_1M_7_x1/feature_map.json
2024-09-23 22:19:10,755 P402882 INFO Set column index...
2024-09-23 22:19:10,755 P402882 INFO Feature specs: {
    "Age": "{'source': '', 'type': 'categorical', 'padding_idx': 0, 'vocab_size': 9}",
    "Gender": "{'source': '', 'type': 'categorical', 'padding_idx': 0, 'vocab_size': 4}",
    "Genres": "{'source': '', 'type': 'sequence', 'feature_encoder': 'layers.MaskedAveragePooling()', 'padding_idx': 0, 'max_len': 5, 'vocab_size': 302}",
    "MovieID": "{'source': '', 'type': 'categorical', 'padding_idx': 0, 'vocab_size': 3659}",
    "Occupation": "{'source': '', 'type': 'categorical', 'padding_idx': 0, 'vocab_size': 23}",
    "Release": "{'source': '', 'type': 'categorical', 'padding_idx': 0, 'vocab_size': 83}",
    "UserID": "{'source': '', 'type': 'categorical', 'padding_idx': 0, 'vocab_size': 6042}"
}
2024-09-23 22:19:11,955 P402882 INFO Total number of parameters: 194948.
2024-09-23 22:19:11,955 P402882 INFO Loading datasets...
2024-09-23 22:19:13,486 P402882 INFO Train samples: total/700146, blocks/1
2024-09-23 22:19:13,927 P402882 INFO Validation samples: total/200041, blocks/1
2024-09-23 22:19:13,927 P402882 INFO Loading train and validation data done.
2024-09-23 22:19:13,927 P402882 INFO Start training: 171 batches/epoch
2024-09-23 22:19:13,928 P402882 INFO ************ Epoch=1 start ************
2024-09-23 22:19:20,119 P402882 INFO Train loss: 0.436888
2024-09-23 22:19:20,119 P402882 INFO Evaluation @epoch 1 - batch 171: 
2024-09-23 22:19:20,864 P402882 INFO [Metrics] AUC: 0.804363 - logloss: 0.355250
2024-09-23 22:19:20,865 P402882 INFO Save best model: monitor(max)=0.804363
2024-09-23 22:19:20,911 P402882 INFO ************ Epoch=1 end ************
2024-09-23 22:19:25,918 P402882 INFO Train loss: 0.376147
2024-09-23 22:19:25,918 P402882 INFO Evaluation @epoch 2 - batch 171: 
2024-09-23 22:19:26,693 P402882 INFO [Metrics] AUC: 0.813885 - logloss: 0.348796
2024-09-23 22:19:26,693 P402882 INFO Save best model: monitor(max)=0.813885
2024-09-23 22:19:26,753 P402882 INFO ************ Epoch=2 end ************
2024-09-23 22:19:31,801 P402882 INFO Train loss: 0.371278
2024-09-23 22:19:31,801 P402882 INFO Evaluation @epoch 3 - batch 171: 
2024-09-23 22:19:32,604 P402882 INFO [Metrics] AUC: 0.820472 - logloss: 0.343170
2024-09-23 22:19:32,605 P402882 INFO Save best model: monitor(max)=0.820472
2024-09-23 22:19:32,663 P402882 INFO ************ Epoch=3 end ************
2024-09-23 22:19:37,563 P402882 INFO Train loss: 0.368341
2024-09-23 22:19:37,563 P402882 INFO Evaluation @epoch 4 - batch 171: 
2024-09-23 22:19:38,340 P402882 INFO [Metrics] AUC: 0.824468 - logloss: 0.340586
2024-09-23 22:19:38,340 P402882 INFO Save best model: monitor(max)=0.824468
2024-09-23 22:19:38,401 P402882 INFO ************ Epoch=4 end ************
2024-09-23 22:19:43,347 P402882 INFO Train loss: 0.364771
2024-09-23 22:19:43,348 P402882 INFO Evaluation @epoch 5 - batch 171: 
2024-09-23 22:19:44,125 P402882 INFO [Metrics] AUC: 0.828341 - logloss: 0.337194
2024-09-23 22:19:44,126 P402882 INFO Save best model: monitor(max)=0.828341
2024-09-23 22:19:44,189 P402882 INFO ************ Epoch=5 end ************
2024-09-23 22:19:49,139 P402882 INFO Train loss: 0.362282
2024-09-23 22:19:49,139 P402882 INFO Evaluation @epoch 6 - batch 171: 
2024-09-23 22:19:49,912 P402882 INFO [Metrics] AUC: 0.831625 - logloss: 0.334725
2024-09-23 22:19:49,913 P402882 INFO Save best model: monitor(max)=0.831625
2024-09-23 22:19:49,975 P402882 INFO ************ Epoch=6 end ************
2024-09-23 22:19:55,163 P402882 INFO Train loss: 0.360660
2024-09-23 22:19:55,163 P402882 INFO Evaluation @epoch 7 - batch 171: 
2024-09-23 22:19:55,973 P402882 INFO [Metrics] AUC: 0.833586 - logloss: 0.333642
2024-09-23 22:19:55,974 P402882 INFO Save best model: monitor(max)=0.833586
2024-09-23 22:19:56,032 P402882 INFO ************ Epoch=7 end ************
2024-09-23 22:20:01,054 P402882 INFO Train loss: 0.358587
2024-09-23 22:20:01,054 P402882 INFO Evaluation @epoch 8 - batch 171: 
2024-09-23 22:20:01,805 P402882 INFO [Metrics] AUC: 0.835852 - logloss: 0.331645
2024-09-23 22:20:01,806 P402882 INFO Save best model: monitor(max)=0.835852
2024-09-23 22:20:01,864 P402882 INFO ************ Epoch=8 end ************
2024-09-23 22:20:06,722 P402882 INFO Train loss: 0.356782
2024-09-23 22:20:06,722 P402882 INFO Evaluation @epoch 9 - batch 171: 
2024-09-23 22:20:07,492 P402882 INFO [Metrics] AUC: 0.836677 - logloss: 0.330912
2024-09-23 22:20:07,493 P402882 INFO Save best model: monitor(max)=0.836677
2024-09-23 22:20:07,551 P402882 INFO ************ Epoch=9 end ************
2024-09-23 22:20:12,452 P402882 INFO Train loss: 0.355885
2024-09-23 22:20:12,453 P402882 INFO Evaluation @epoch 10 - batch 171: 
2024-09-23 22:20:13,199 P402882 INFO [Metrics] AUC: 0.837503 - logloss: 0.330345
2024-09-23 22:20:13,199 P402882 INFO Save best model: monitor(max)=0.837503
2024-09-23 22:20:13,256 P402882 INFO ************ Epoch=10 end ************
2024-09-23 22:20:18,165 P402882 INFO Train loss: 0.355447
2024-09-23 22:20:18,165 P402882 INFO Evaluation @epoch 11 - batch 171: 
2024-09-23 22:20:18,966 P402882 INFO [Metrics] AUC: 0.839625 - logloss: 0.328399
2024-09-23 22:20:18,967 P402882 INFO Save best model: monitor(max)=0.839625
2024-09-23 22:20:19,025 P402882 INFO ************ Epoch=11 end ************
2024-09-23 22:20:24,097 P402882 INFO Train loss: 0.354340
2024-09-23 22:20:24,097 P402882 INFO Evaluation @epoch 12 - batch 171: 
2024-09-23 22:20:24,861 P402882 INFO [Metrics] AUC: 0.839775 - logloss: 0.328460
2024-09-23 22:20:24,862 P402882 INFO Save best model: monitor(max)=0.839775
2024-09-23 22:20:24,922 P402882 INFO ************ Epoch=12 end ************
2024-09-23 22:20:29,770 P402882 INFO Train loss: 0.354014
2024-09-23 22:20:29,771 P402882 INFO Evaluation @epoch 13 - batch 171: 
2024-09-23 22:20:30,535 P402882 INFO [Metrics] AUC: 0.840019 - logloss: 0.328684
2024-09-23 22:20:30,535 P402882 INFO Save best model: monitor(max)=0.840019
2024-09-23 22:20:30,595 P402882 INFO ************ Epoch=13 end ************
2024-09-23 22:20:35,604 P402882 INFO Train loss: 0.353150
2024-09-23 22:20:35,605 P402882 INFO Evaluation @epoch 14 - batch 171: 
2024-09-23 22:20:36,370 P402882 INFO [Metrics] AUC: 0.840864 - logloss: 0.327253
2024-09-23 22:20:36,370 P402882 INFO Save best model: monitor(max)=0.840864
2024-09-23 22:20:36,429 P402882 INFO ************ Epoch=14 end ************
2024-09-23 22:20:41,479 P402882 INFO Train loss: 0.352661
2024-09-23 22:20:41,480 P402882 INFO Evaluation @epoch 15 - batch 171: 
2024-09-23 22:20:42,272 P402882 INFO [Metrics] AUC: 0.841727 - logloss: 0.326908
2024-09-23 22:20:42,273 P402882 INFO Save best model: monitor(max)=0.841727
2024-09-23 22:20:42,333 P402882 INFO ************ Epoch=15 end ************
2024-09-23 22:20:47,330 P402882 INFO Train loss: 0.352160
2024-09-23 22:20:47,330 P402882 INFO Evaluation @epoch 16 - batch 171: 
2024-09-23 22:20:48,101 P402882 INFO [Metrics] AUC: 0.841949 - logloss: 0.326545
2024-09-23 22:20:48,102 P402882 INFO Save best model: monitor(max)=0.841949
2024-09-23 22:20:48,160 P402882 INFO ************ Epoch=16 end ************
2024-09-23 22:20:53,316 P402882 INFO Train loss: 0.351998
2024-09-23 22:20:53,316 P402882 INFO Evaluation @epoch 17 - batch 171: 
2024-09-23 22:20:54,124 P402882 INFO [Metrics] AUC: 0.842789 - logloss: 0.325737
2024-09-23 22:20:54,125 P402882 INFO Save best model: monitor(max)=0.842789
2024-09-23 22:20:54,190 P402882 INFO ************ Epoch=17 end ************
2024-09-23 22:20:59,464 P402882 INFO Train loss: 0.351636
2024-09-23 22:20:59,465 P402882 INFO Evaluation @epoch 18 - batch 171: 
2024-09-23 22:21:00,228 P402882 INFO [Metrics] AUC: 0.842232 - logloss: 0.326165
2024-09-23 22:21:00,229 P402882 INFO Monitor(max)=0.842232 STOP!
2024-09-23 22:21:00,229 P402882 INFO Reduce learning rate on plateau: 0.000100
2024-09-23 22:21:00,280 P402882 INFO ************ Epoch=18 end ************
2024-09-23 22:21:05,340 P402882 INFO Train loss: 0.325384
2024-09-23 22:21:05,340 P402882 INFO Evaluation @epoch 19 - batch 171: 
2024-09-23 22:21:06,087 P402882 INFO [Metrics] AUC: 0.850711 - logloss: 0.319588
2024-09-23 22:21:06,087 P402882 INFO Save best model: monitor(max)=0.850711
2024-09-23 22:21:06,146 P402882 INFO ************ Epoch=19 end ************
2024-09-23 22:21:11,307 P402882 INFO Train loss: 0.313341
2024-09-23 22:21:11,308 P402882 INFO Evaluation @epoch 20 - batch 171: 
2024-09-23 22:21:12,060 P402882 INFO [Metrics] AUC: 0.853486 - logloss: 0.317569
2024-09-23 22:21:12,061 P402882 INFO Save best model: monitor(max)=0.853486
2024-09-23 22:21:12,121 P402882 INFO ************ Epoch=20 end ************
2024-09-23 22:21:17,070 P402882 INFO Train loss: 0.306963
2024-09-23 22:21:17,070 P402882 INFO Evaluation @epoch 21 - batch 171: 
2024-09-23 22:21:17,831 P402882 INFO [Metrics] AUC: 0.854531 - logloss: 0.317105
2024-09-23 22:21:17,832 P402882 INFO Save best model: monitor(max)=0.854531
2024-09-23 22:21:17,889 P402882 INFO ************ Epoch=21 end ************
2024-09-23 22:21:23,106 P402882 INFO Train loss: 0.302687
2024-09-23 22:21:23,107 P402882 INFO Evaluation @epoch 22 - batch 171: 
2024-09-23 22:21:23,872 P402882 INFO [Metrics] AUC: 0.854519 - logloss: 0.317461
2024-09-23 22:21:23,872 P402882 INFO Monitor(max)=0.854519 STOP!
2024-09-23 22:21:23,872 P402882 INFO Reduce learning rate on plateau: 0.000010
2024-09-23 22:21:23,926 P402882 INFO ************ Epoch=22 end ************
2024-09-23 22:21:29,216 P402882 INFO Train loss: 0.291024
2024-09-23 22:21:29,216 P402882 INFO Evaluation @epoch 23 - batch 171: 
2024-09-23 22:21:30,025 P402882 INFO [Metrics] AUC: 0.854181 - logloss: 0.318384
2024-09-23 22:21:30,025 P402882 INFO Monitor(max)=0.854181 STOP!
2024-09-23 22:21:30,025 P402882 INFO Reduce learning rate on plateau: 0.000001
2024-09-23 22:21:30,026 P402882 INFO ********* Epoch=23 early stop *********
2024-09-23 22:21:30,077 P402882 INFO Training finished.
2024-09-23 22:21:30,078 P402882 INFO Load best model: /workspace/checkpoints/ML_1M_7_x1/IGDCNv3_ML_1M_032_6f8bf8b8.model
2024-09-23 22:21:30,087 P402882 INFO ****** Validation evaluation ******
2024-09-23 22:21:30,845 P402882 INFO [Metrics] logloss: 0.317105 - AUC: 0.854531
2024-09-23 22:21:30,967 P402882 INFO ******** Test evaluation ********
2024-09-23 22:21:30,968 P402882 INFO Loading datasets...
2024-09-23 22:21:31,175 P402882 INFO Test samples: total/100022, blocks/1
2024-09-23 22:21:31,175 P402882 INFO Loading test data done.
2024-09-23 22:21:31,647 P402882 INFO [Metrics] logloss: 0.315943 - AUC: 0.854326
