2024-09-23 22:23:47,100 P406904 INFO FuxiCTR version: 2.3.2
2024-09-23 22:23:47,101 P406904 INFO Params: {
    "batch_norm": "True",
    "batch_size": "4096",
    "data_format": "csv",
    "data_root": "dataset/",
    "dataset_id": "ML_1M_7_x1",
    "debug_mode": "False",
    "deep_net_dropout": "0.3",
    "early_stop_patience": "2",
    "embedding_dim": "16",
    "embedding_regularizer": "0.01",
    "epochs": "100",
    "eval_steps": "None",
    "feature_cols": "[{'active': True, 'dtype': 'str', 'name': ['UserID', 'Gender', 'Age', 'Occupation', 'MovieID', 'Release'], 'type': 'categorical'}, {'active': True, 'dtype': 'str', 'encoder': 'MaskedSumPooling', 'max_len': 5, 'name': 'Genres', 'splitter': '^', 'type': 'sequence'}]",
    "feature_config": "None",
    "feature_specs": "None",
    "gpu": "0",
    "group_id": "None",
    "label_col": "{'dtype': 'float', 'name': 'Label'}",
    "layer_norm": "True",
    "learning_rate": "0.001",
    "loss": "binary_crossentropy",
    "metrics": "['logloss', 'AUC']",
    "min_categr_count": "1",
    "model": "IGDCNv3",
    "model_id": "IGDCNv3_ML_1M_034_2bb568a4",
    "model_root": "./checkpoints/",
    "monitor": "{'AUC': 1, 'logloss': 0}",
    "monitor_mode": "max",
    "net_regularizer": "0",
    "num_deep_cross_layers": "1",
    "num_heads": "1",
    "num_shallow_cross_layers": "4",
    "num_workers": "4",
    "optimizer": "adam",
    "pickle_feature_encoder": "True",
    "save_best_only": "True",
    "seed": "2024",
    "shallow_net_dropout": "0.1",
    "shuffle": "True",
    "task": "binary_classification",
    "test_data": "dataset/ML_1M/test.csv",
    "train_data": "dataset/ML_1M/train.csv",
    "use_features": "None",
    "valid_data": "dataset/ML_1M/valid.csv",
    "verbose": "1"
}
2024-09-23 22:23:47,102 P406904 INFO Set up feature processor...
2024-09-23 22:23:47,102 P406904 WARNING Skip rebuilding dataset/ML_1M_7_x1/feature_map.json. Please delete it manually if rebuilding is required.
2024-09-23 22:23:47,102 P406904 INFO Load feature_map from json: dataset/ML_1M_7_x1/feature_map.json
2024-09-23 22:23:47,102 P406904 INFO Set column index...
2024-09-23 22:23:47,103 P406904 INFO Feature specs: {
    "Age": "{'source': '', 'type': 'categorical', 'padding_idx': 0, 'vocab_size': 9}",
    "Gender": "{'source': '', 'type': 'categorical', 'padding_idx': 0, 'vocab_size': 4}",
    "Genres": "{'source': '', 'type': 'sequence', 'feature_encoder': 'layers.MaskedAveragePooling()', 'padding_idx': 0, 'max_len': 5, 'vocab_size': 302}",
    "MovieID": "{'source': '', 'type': 'categorical', 'padding_idx': 0, 'vocab_size': 3659}",
    "Occupation": "{'source': '', 'type': 'categorical', 'padding_idx': 0, 'vocab_size': 23}",
    "Release": "{'source': '', 'type': 'categorical', 'padding_idx': 0, 'vocab_size': 83}",
    "UserID": "{'source': '', 'type': 'categorical', 'padding_idx': 0, 'vocab_size': 6042}"
}
2024-09-23 22:23:48,333 P406904 INFO Total number of parameters: 194948.
2024-09-23 22:23:48,333 P406904 INFO Loading datasets...
2024-09-23 22:23:49,865 P406904 INFO Train samples: total/700146, blocks/1
2024-09-23 22:23:50,310 P406904 INFO Validation samples: total/200041, blocks/1
2024-09-23 22:23:50,310 P406904 INFO Loading train and validation data done.
2024-09-23 22:23:50,311 P406904 INFO Start training: 171 batches/epoch
2024-09-23 22:23:50,311 P406904 INFO ************ Epoch=1 start ************
2024-09-23 22:23:56,397 P406904 INFO Train loss: 0.433643
2024-09-23 22:23:56,398 P406904 INFO Evaluation @epoch 1 - batch 171: 
2024-09-23 22:23:57,137 P406904 INFO [Metrics] AUC: 0.806643 - logloss: 0.353841
2024-09-23 22:23:57,138 P406904 INFO Save best model: monitor(max)=0.806643
2024-09-23 22:23:57,183 P406904 INFO ************ Epoch=1 end ************
2024-09-23 22:24:02,251 P406904 INFO Train loss: 0.373238
2024-09-23 22:24:02,251 P406904 INFO Evaluation @epoch 2 - batch 171: 
2024-09-23 22:24:03,047 P406904 INFO [Metrics] AUC: 0.817114 - logloss: 0.346280
2024-09-23 22:24:03,048 P406904 INFO Save best model: monitor(max)=0.817114
2024-09-23 22:24:03,110 P406904 INFO ************ Epoch=2 end ************
2024-09-23 22:24:07,984 P406904 INFO Train loss: 0.369383
2024-09-23 22:24:07,984 P406904 INFO Evaluation @epoch 3 - batch 171: 
2024-09-23 22:24:08,755 P406904 INFO [Metrics] AUC: 0.824219 - logloss: 0.340405
2024-09-23 22:24:08,756 P406904 INFO Save best model: monitor(max)=0.824219
2024-09-23 22:24:08,815 P406904 INFO ************ Epoch=3 end ************
2024-09-23 22:24:13,844 P406904 INFO Train loss: 0.364898
2024-09-23 22:24:13,844 P406904 INFO Evaluation @epoch 4 - batch 171: 
2024-09-23 22:24:14,590 P406904 INFO [Metrics] AUC: 0.827279 - logloss: 0.338540
2024-09-23 22:24:14,591 P406904 INFO Save best model: monitor(max)=0.827279
2024-09-23 22:24:14,649 P406904 INFO ************ Epoch=4 end ************
2024-09-23 22:24:19,651 P406904 INFO Train loss: 0.362047
2024-09-23 22:24:19,651 P406904 INFO Evaluation @epoch 5 - batch 171: 
2024-09-23 22:24:20,387 P406904 INFO [Metrics] AUC: 0.832187 - logloss: 0.334304
2024-09-23 22:24:20,387 P406904 INFO Save best model: monitor(max)=0.832187
2024-09-23 22:24:20,447 P406904 INFO ************ Epoch=5 end ************
2024-09-23 22:24:25,409 P406904 INFO Train loss: 0.359640
2024-09-23 22:24:25,409 P406904 INFO Evaluation @epoch 6 - batch 171: 
2024-09-23 22:24:26,167 P406904 INFO [Metrics] AUC: 0.834299 - logloss: 0.332781
2024-09-23 22:24:26,168 P406904 INFO Save best model: monitor(max)=0.834299
2024-09-23 22:24:26,226 P406904 INFO ************ Epoch=6 end ************
2024-09-23 22:24:31,111 P406904 INFO Train loss: 0.358043
2024-09-23 22:24:31,111 P406904 INFO Evaluation @epoch 7 - batch 171: 
2024-09-23 22:24:31,847 P406904 INFO [Metrics] AUC: 0.836478 - logloss: 0.331341
2024-09-23 22:24:31,847 P406904 INFO Save best model: monitor(max)=0.836478
2024-09-23 22:24:31,905 P406904 INFO ************ Epoch=7 end ************
2024-09-23 22:24:36,876 P406904 INFO Train loss: 0.356854
2024-09-23 22:24:36,877 P406904 INFO Evaluation @epoch 8 - batch 171: 
2024-09-23 22:24:37,633 P406904 INFO [Metrics] AUC: 0.838473 - logloss: 0.329552
2024-09-23 22:24:37,634 P406904 INFO Save best model: monitor(max)=0.838473
2024-09-23 22:24:37,693 P406904 INFO ************ Epoch=8 end ************
2024-09-23 22:24:42,504 P406904 INFO Train loss: 0.355463
2024-09-23 22:24:42,504 P406904 INFO Evaluation @epoch 9 - batch 171: 
2024-09-23 22:24:43,239 P406904 INFO [Metrics] AUC: 0.839675 - logloss: 0.328534
2024-09-23 22:24:43,239 P406904 INFO Save best model: monitor(max)=0.839675
2024-09-23 22:24:43,296 P406904 INFO ************ Epoch=9 end ************
2024-09-23 22:24:48,339 P406904 INFO Train loss: 0.354460
2024-09-23 22:24:48,339 P406904 INFO Evaluation @epoch 10 - batch 171: 
2024-09-23 22:24:49,111 P406904 INFO [Metrics] AUC: 0.840192 - logloss: 0.328024
2024-09-23 22:24:49,112 P406904 INFO Save best model: monitor(max)=0.840192
2024-09-23 22:24:49,168 P406904 INFO ************ Epoch=10 end ************
2024-09-23 22:24:54,129 P406904 INFO Train loss: 0.353673
2024-09-23 22:24:54,129 P406904 INFO Evaluation @epoch 11 - batch 171: 
2024-09-23 22:24:54,909 P406904 INFO [Metrics] AUC: 0.841911 - logloss: 0.326665
2024-09-23 22:24:54,910 P406904 INFO Save best model: monitor(max)=0.841911
2024-09-23 22:24:54,967 P406904 INFO ************ Epoch=11 end ************
2024-09-23 22:25:00,062 P406904 INFO Train loss: 0.352660
2024-09-23 22:25:00,062 P406904 INFO Evaluation @epoch 12 - batch 171: 
2024-09-23 22:25:00,849 P406904 INFO [Metrics] AUC: 0.841859 - logloss: 0.326833
2024-09-23 22:25:00,850 P406904 INFO Monitor(max)=0.841859 STOP!
2024-09-23 22:25:00,850 P406904 INFO Reduce learning rate on plateau: 0.000100
2024-09-23 22:25:00,900 P406904 INFO ************ Epoch=12 end ************
2024-09-23 22:25:05,934 P406904 INFO Train loss: 0.326004
2024-09-23 22:25:05,934 P406904 INFO Evaluation @epoch 13 - batch 171: 
2024-09-23 22:25:06,722 P406904 INFO [Metrics] AUC: 0.850066 - logloss: 0.320223
2024-09-23 22:25:06,723 P406904 INFO Save best model: monitor(max)=0.850066
2024-09-23 22:25:06,781 P406904 INFO ************ Epoch=13 end ************
2024-09-23 22:25:11,730 P406904 INFO Train loss: 0.312931
2024-09-23 22:25:11,730 P406904 INFO Evaluation @epoch 14 - batch 171: 
2024-09-23 22:25:12,511 P406904 INFO [Metrics] AUC: 0.852943 - logloss: 0.318261
2024-09-23 22:25:12,512 P406904 INFO Save best model: monitor(max)=0.852943
2024-09-23 22:25:12,574 P406904 INFO ************ Epoch=14 end ************
2024-09-23 22:25:17,534 P406904 INFO Train loss: 0.305947
2024-09-23 22:25:17,534 P406904 INFO Evaluation @epoch 15 - batch 171: 
2024-09-23 22:25:18,288 P406904 INFO [Metrics] AUC: 0.853388 - logloss: 0.318745
2024-09-23 22:25:18,289 P406904 INFO Save best model: monitor(max)=0.853388
2024-09-23 22:25:18,348 P406904 INFO ************ Epoch=15 end ************
2024-09-23 22:25:23,392 P406904 INFO Train loss: 0.301050
2024-09-23 22:25:23,392 P406904 INFO Evaluation @epoch 16 - batch 171: 
2024-09-23 22:25:24,176 P406904 INFO [Metrics] AUC: 0.853134 - logloss: 0.319143
2024-09-23 22:25:24,177 P406904 INFO Monitor(max)=0.853134 STOP!
2024-09-23 22:25:24,177 P406904 INFO Reduce learning rate on plateau: 0.000010
2024-09-23 22:25:24,226 P406904 INFO ************ Epoch=16 end ************
2024-09-23 22:25:29,390 P406904 INFO Train loss: 0.288057
2024-09-23 22:25:29,390 P406904 INFO Evaluation @epoch 17 - batch 171: 
2024-09-23 22:25:30,160 P406904 INFO [Metrics] AUC: 0.852452 - logloss: 0.320797
2024-09-23 22:25:30,160 P406904 INFO Monitor(max)=0.852452 STOP!
2024-09-23 22:25:30,161 P406904 INFO Reduce learning rate on plateau: 0.000001
2024-09-23 22:25:30,161 P406904 INFO ********* Epoch=17 early stop *********
2024-09-23 22:25:30,212 P406904 INFO Training finished.
2024-09-23 22:25:30,213 P406904 INFO Load best model: /workspace/checkpoints/ML_1M_7_x1/IGDCNv3_ML_1M_034_2bb568a4.model
2024-09-23 22:25:30,220 P406904 INFO ****** Validation evaluation ******
2024-09-23 22:25:30,990 P406904 INFO [Metrics] logloss: 0.318745 - AUC: 0.853388
2024-09-23 22:25:31,112 P406904 INFO ******** Test evaluation ********
2024-09-23 22:25:31,112 P406904 INFO Loading datasets...
2024-09-23 22:25:31,316 P406904 INFO Test samples: total/100022, blocks/1
2024-09-23 22:25:31,316 P406904 INFO Loading test data done.
2024-09-23 22:25:31,803 P406904 INFO [Metrics] logloss: 0.316873 - AUC: 0.853575
