2024-09-23 22:05:55,005 P391080 INFO FuxiCTR version: 2.3.2
2024-09-23 22:05:55,005 P391080 INFO Params: {
    "batch_norm": "True",
    "batch_size": "4096",
    "data_format": "csv",
    "data_root": "dataset/",
    "dataset_id": "ML_1M_7_x1",
    "debug_mode": "False",
    "deep_net_dropout": "0.3",
    "early_stop_patience": "2",
    "embedding_dim": "16",
    "embedding_regularizer": "0.01",
    "epochs": "100",
    "eval_steps": "None",
    "feature_cols": "[{'active': True, 'dtype': 'str', 'name': ['UserID', 'Gender', 'Age', 'Occupation', 'MovieID', 'Release'], 'type': 'categorical'}, {'active': True, 'dtype': 'str', 'encoder': 'MaskedSumPooling', 'max_len': 5, 'name': 'Genres', 'splitter': '^', 'type': 'sequence'}]",
    "feature_config": "None",
    "feature_specs": "None",
    "gpu": "0",
    "group_id": "None",
    "label_col": "{'dtype': 'float', 'name': 'Label'}",
    "layer_norm": "True",
    "learning_rate": "0.001",
    "loss": "binary_crossentropy",
    "metrics": "['logloss', 'AUC']",
    "min_categr_count": "1",
    "model": "IGDCNv3",
    "model_id": "IGDCNv3_ML_1M_026_cbca0677",
    "model_root": "./checkpoints/",
    "monitor": "{'AUC': 1, 'logloss': 0}",
    "monitor_mode": "max",
    "net_regularizer": "0",
    "num_deep_cross_layers": "1",
    "num_heads": "1",
    "num_shallow_cross_layers": "3",
    "num_workers": "4",
    "optimizer": "adam",
    "pickle_feature_encoder": "True",
    "save_best_only": "True",
    "seed": "2024",
    "shallow_net_dropout": "0.2",
    "shuffle": "True",
    "task": "binary_classification",
    "test_data": "dataset/ML_1M/test.csv",
    "train_data": "dataset/ML_1M/train.csv",
    "use_features": "None",
    "valid_data": "dataset/ML_1M/valid.csv",
    "verbose": "1"
}
2024-09-23 22:05:55,006 P391080 INFO Set up feature processor...
2024-09-23 22:05:55,007 P391080 WARNING Skip rebuilding dataset/ML_1M_7_x1/feature_map.json. Please delete it manually if rebuilding is required.
2024-09-23 22:05:55,007 P391080 INFO Load feature_map from json: dataset/ML_1M_7_x1/feature_map.json
2024-09-23 22:05:55,007 P391080 INFO Set column index...
2024-09-23 22:05:55,007 P391080 INFO Feature specs: {
    "Age": "{'source': '', 'type': 'categorical', 'padding_idx': 0, 'vocab_size': 9}",
    "Gender": "{'source': '', 'type': 'categorical', 'padding_idx': 0, 'vocab_size': 4}",
    "Genres": "{'source': '', 'type': 'sequence', 'feature_encoder': 'layers.MaskedAveragePooling()', 'padding_idx': 0, 'max_len': 5, 'vocab_size': 302}",
    "MovieID": "{'source': '', 'type': 'categorical', 'padding_idx': 0, 'vocab_size': 3659}",
    "Occupation": "{'source': '', 'type': 'categorical', 'padding_idx': 0, 'vocab_size': 23}",
    "Release": "{'source': '', 'type': 'categorical', 'padding_idx': 0, 'vocab_size': 83}",
    "UserID": "{'source': '', 'type': 'categorical', 'padding_idx': 0, 'vocab_size': 6042}"
}
2024-09-23 22:05:56,242 P391080 INFO Total number of parameters: 188394.
2024-09-23 22:05:56,242 P391080 INFO Loading datasets...
2024-09-23 22:05:57,798 P391080 INFO Train samples: total/700146, blocks/1
2024-09-23 22:05:58,253 P391080 INFO Validation samples: total/200041, blocks/1
2024-09-23 22:05:58,253 P391080 INFO Loading train and validation data done.
2024-09-23 22:05:58,253 P391080 INFO Start training: 171 batches/epoch
2024-09-23 22:05:58,253 P391080 INFO ************ Epoch=1 start ************
2024-09-23 22:06:04,065 P391080 INFO Train loss: 0.444227
2024-09-23 22:06:04,065 P391080 INFO Evaluation @epoch 1 - batch 171: 
2024-09-23 22:06:04,810 P391080 INFO [Metrics] AUC: 0.801329 - logloss: 0.357176
2024-09-23 22:06:04,811 P391080 INFO Save best model: monitor(max)=0.801329
2024-09-23 22:06:04,855 P391080 INFO ************ Epoch=1 end ************
2024-09-23 22:06:09,595 P391080 INFO Train loss: 0.378571
2024-09-23 22:06:09,596 P391080 INFO Evaluation @epoch 2 - batch 171: 
2024-09-23 22:06:10,331 P391080 INFO [Metrics] AUC: 0.810513 - logloss: 0.351242
2024-09-23 22:06:10,332 P391080 INFO Save best model: monitor(max)=0.810513
2024-09-23 22:06:10,389 P391080 INFO ************ Epoch=2 end ************
2024-09-23 22:06:15,093 P391080 INFO Train loss: 0.370915
2024-09-23 22:06:15,093 P391080 INFO Evaluation @epoch 3 - batch 171: 
2024-09-23 22:06:15,839 P391080 INFO [Metrics] AUC: 0.813374 - logloss: 0.348763
2024-09-23 22:06:15,839 P391080 INFO Save best model: monitor(max)=0.813374
2024-09-23 22:06:15,896 P391080 INFO ************ Epoch=3 end ************
2024-09-23 22:06:20,650 P391080 INFO Train loss: 0.368811
2024-09-23 22:06:20,651 P391080 INFO Evaluation @epoch 4 - batch 171: 
2024-09-23 22:06:21,416 P391080 INFO [Metrics] AUC: 0.817632 - logloss: 0.345151
2024-09-23 22:06:21,417 P391080 INFO Save best model: monitor(max)=0.817632
2024-09-23 22:06:21,472 P391080 INFO ************ Epoch=4 end ************
2024-09-23 22:06:26,121 P391080 INFO Train loss: 0.367870
2024-09-23 22:06:26,121 P391080 INFO Evaluation @epoch 5 - batch 171: 
2024-09-23 22:06:26,874 P391080 INFO [Metrics] AUC: 0.822938 - logloss: 0.341172
2024-09-23 22:06:26,875 P391080 INFO Save best model: monitor(max)=0.822938
2024-09-23 22:06:26,933 P391080 INFO ************ Epoch=5 end ************
2024-09-23 22:06:31,630 P391080 INFO Train loss: 0.365467
2024-09-23 22:06:31,630 P391080 INFO Evaluation @epoch 6 - batch 171: 
2024-09-23 22:06:32,380 P391080 INFO [Metrics] AUC: 0.827797 - logloss: 0.337770
2024-09-23 22:06:32,380 P391080 INFO Save best model: monitor(max)=0.827797
2024-09-23 22:06:32,439 P391080 INFO ************ Epoch=6 end ************
2024-09-23 22:06:37,139 P391080 INFO Train loss: 0.362617
2024-09-23 22:06:37,140 P391080 INFO Evaluation @epoch 7 - batch 171: 
2024-09-23 22:06:37,900 P391080 INFO [Metrics] AUC: 0.830725 - logloss: 0.335369
2024-09-23 22:06:37,901 P391080 INFO Save best model: monitor(max)=0.830725
2024-09-23 22:06:37,959 P391080 INFO ************ Epoch=7 end ************
2024-09-23 22:06:42,561 P391080 INFO Train loss: 0.360366
2024-09-23 22:06:42,562 P391080 INFO Evaluation @epoch 8 - batch 171: 
2024-09-23 22:06:43,286 P391080 INFO [Metrics] AUC: 0.833762 - logloss: 0.333327
2024-09-23 22:06:43,287 P391080 INFO Save best model: monitor(max)=0.833762
2024-09-23 22:06:43,344 P391080 INFO ************ Epoch=8 end ************
2024-09-23 22:06:47,997 P391080 INFO Train loss: 0.357988
2024-09-23 22:06:47,998 P391080 INFO Evaluation @epoch 9 - batch 171: 
2024-09-23 22:06:48,774 P391080 INFO [Metrics] AUC: 0.835513 - logloss: 0.331462
2024-09-23 22:06:48,774 P391080 INFO Save best model: monitor(max)=0.835513
2024-09-23 22:06:48,831 P391080 INFO ************ Epoch=9 end ************
2024-09-23 22:06:53,532 P391080 INFO Train loss: 0.356353
2024-09-23 22:06:53,532 P391080 INFO Evaluation @epoch 10 - batch 171: 
2024-09-23 22:06:54,296 P391080 INFO [Metrics] AUC: 0.837692 - logloss: 0.330109
2024-09-23 22:06:54,297 P391080 INFO Save best model: monitor(max)=0.837692
2024-09-23 22:06:54,358 P391080 INFO ************ Epoch=10 end ************
2024-09-23 22:06:59,019 P391080 INFO Train loss: 0.354822
2024-09-23 22:06:59,020 P391080 INFO Evaluation @epoch 11 - batch 171: 
2024-09-23 22:06:59,800 P391080 INFO [Metrics] AUC: 0.837742 - logloss: 0.329721
2024-09-23 22:06:59,800 P391080 INFO Save best model: monitor(max)=0.837742
2024-09-23 22:06:59,857 P391080 INFO ************ Epoch=11 end ************
2024-09-23 22:07:04,614 P391080 INFO Train loss: 0.354260
2024-09-23 22:07:04,614 P391080 INFO Evaluation @epoch 12 - batch 171: 
2024-09-23 22:07:05,370 P391080 INFO [Metrics] AUC: 0.839938 - logloss: 0.327857
2024-09-23 22:07:05,371 P391080 INFO Save best model: monitor(max)=0.839938
2024-09-23 22:07:05,427 P391080 INFO ************ Epoch=12 end ************
2024-09-23 22:07:10,147 P391080 INFO Train loss: 0.353346
2024-09-23 22:07:10,147 P391080 INFO Evaluation @epoch 13 - batch 171: 
2024-09-23 22:07:10,911 P391080 INFO [Metrics] AUC: 0.840443 - logloss: 0.327569
2024-09-23 22:07:10,912 P391080 INFO Save best model: monitor(max)=0.840443
2024-09-23 22:07:10,971 P391080 INFO ************ Epoch=13 end ************
2024-09-23 22:07:15,728 P391080 INFO Train loss: 0.352809
2024-09-23 22:07:15,728 P391080 INFO Evaluation @epoch 14 - batch 171: 
2024-09-23 22:07:16,450 P391080 INFO [Metrics] AUC: 0.841139 - logloss: 0.327000
2024-09-23 22:07:16,450 P391080 INFO Save best model: monitor(max)=0.841139
2024-09-23 22:07:16,507 P391080 INFO ************ Epoch=14 end ************
2024-09-23 22:07:21,209 P391080 INFO Train loss: 0.351984
2024-09-23 22:07:21,209 P391080 INFO Evaluation @epoch 15 - batch 171: 
2024-09-23 22:07:21,995 P391080 INFO [Metrics] AUC: 0.842166 - logloss: 0.326699
2024-09-23 22:07:21,996 P391080 INFO Save best model: monitor(max)=0.842166
2024-09-23 22:07:22,053 P391080 INFO ************ Epoch=15 end ************
2024-09-23 22:07:26,699 P391080 INFO Train loss: 0.351909
2024-09-23 22:07:26,699 P391080 INFO Evaluation @epoch 16 - batch 171: 
2024-09-23 22:07:27,430 P391080 INFO [Metrics] AUC: 0.842074 - logloss: 0.326474
2024-09-23 22:07:27,431 P391080 INFO Monitor(max)=0.842074 STOP!
2024-09-23 22:07:27,431 P391080 INFO Reduce learning rate on plateau: 0.000100
2024-09-23 22:07:27,480 P391080 INFO ************ Epoch=16 end ************
2024-09-23 22:07:32,129 P391080 INFO Train loss: 0.326897
2024-09-23 22:07:32,129 P391080 INFO Evaluation @epoch 17 - batch 171: 
2024-09-23 22:07:32,872 P391080 INFO [Metrics] AUC: 0.850014 - logloss: 0.319959
2024-09-23 22:07:32,873 P391080 INFO Save best model: monitor(max)=0.850014
2024-09-23 22:07:32,932 P391080 INFO ************ Epoch=17 end ************
2024-09-23 22:07:37,454 P391080 INFO Train loss: 0.315640
2024-09-23 22:07:37,454 P391080 INFO Evaluation @epoch 18 - batch 171: 
2024-09-23 22:07:38,180 P391080 INFO [Metrics] AUC: 0.852828 - logloss: 0.318020
2024-09-23 22:07:38,180 P391080 INFO Save best model: monitor(max)=0.852828
2024-09-23 22:07:38,239 P391080 INFO ************ Epoch=18 end ************
2024-09-23 22:07:42,882 P391080 INFO Train loss: 0.309510
2024-09-23 22:07:42,883 P391080 INFO Evaluation @epoch 19 - batch 171: 
2024-09-23 22:07:43,635 P391080 INFO [Metrics] AUC: 0.853667 - logloss: 0.317584
2024-09-23 22:07:43,636 P391080 INFO Save best model: monitor(max)=0.853667
2024-09-23 22:07:43,697 P391080 INFO ************ Epoch=19 end ************
2024-09-23 22:07:48,447 P391080 INFO Train loss: 0.306407
2024-09-23 22:07:48,447 P391080 INFO Evaluation @epoch 20 - batch 171: 
2024-09-23 22:07:49,211 P391080 INFO [Metrics] AUC: 0.651933 - logloss: 0.443356
2024-09-23 22:07:49,211 P391080 INFO Monitor(max)=0.651933 STOP!
2024-09-23 22:07:49,212 P391080 INFO Reduce learning rate on plateau: 0.000010
2024-09-23 22:07:49,262 P391080 INFO ************ Epoch=20 end ************
2024-09-23 22:07:53,943 P391080 INFO Train loss: 0.294482
2024-09-23 22:07:53,943 P391080 INFO Evaluation @epoch 21 - batch 171: 
2024-09-23 22:07:54,675 P391080 INFO [Metrics] AUC: 0.724136 - logloss: 0.438741
2024-09-23 22:07:54,675 P391080 INFO Monitor(max)=0.724136 STOP!
2024-09-23 22:07:54,675 P391080 INFO Reduce learning rate on plateau: 0.000001
2024-09-23 22:07:54,676 P391080 INFO ********* Epoch=21 early stop *********
2024-09-23 22:07:54,727 P391080 INFO Training finished.
2024-09-23 22:07:54,727 P391080 INFO Load best model: /workspace/checkpoints/ML_1M_7_x1/IGDCNv3_ML_1M_026_cbca0677.model
2024-09-23 22:07:54,736 P391080 INFO ****** Validation evaluation ******
2024-09-23 22:07:55,480 P391080 INFO [Metrics] logloss: 0.317584 - AUC: 0.853667
2024-09-23 22:07:55,601 P391080 INFO ******** Test evaluation ********
2024-09-23 22:07:55,602 P391080 INFO Loading datasets...
2024-09-23 22:07:55,807 P391080 INFO Test samples: total/100022, blocks/1
2024-09-23 22:07:55,807 P391080 INFO Loading test data done.
2024-09-23 22:07:56,286 P391080 INFO [Metrics] logloss: 0.315826 - AUC: 0.853972
