2024-09-23 15:28:05,650 P290403 INFO FuxiCTR version: 2.3.2
2024-09-23 15:28:05,651 P290403 INFO Params: {
    "batch_norm": "True",
    "batch_size": "4096",
    "data_format": "csv",
    "data_root": "dataset/",
    "dataset_id": "ML_1M_7_x1",
    "debug_mode": "False",
    "deep_net_dropout": "0.1",
    "early_stop_patience": "2",
    "embedding_dim": "16",
    "embedding_regularizer": "0.01",
    "epochs": "100",
    "eval_steps": "None",
    "feature_cols": "[{'active': True, 'dtype': 'str', 'name': ['UserID', 'Gender', 'Age', 'Occupation', 'MovieID', 'Release'], 'type': 'categorical'}, {'active': True, 'dtype': 'str', 'encoder': 'MaskedSumPooling', 'max_len': 5, 'name': 'Genres', 'splitter': '^', 'type': 'sequence'}]",
    "feature_config": "None",
    "feature_specs": "None",
    "gpu": "0",
    "group_id": "None",
    "label_col": "{'dtype': 'float', 'name': 'Label'}",
    "layer_norm": "True",
    "learning_rate": "0.001",
    "loss": "binary_crossentropy",
    "metrics": "['logloss', 'AUC']",
    "min_categr_count": "1",
    "model": "ViTDCNv3",
    "model_id": "ViTDCNv3_ML_1M_002_d366a015",
    "model_root": "./checkpoints/",
    "monitor": "{'AUC': 1, 'logloss': 0}",
    "monitor_mode": "max",
    "net_regularizer": "0",
    "num_deep_cross_layers": "2",
    "num_heads": "1",
    "num_shallow_cross_layers": "3",
    "num_workers": "4",
    "optimizer": "adam",
    "pickle_feature_encoder": "True",
    "save_best_only": "True",
    "seed": "2024",
    "shallow_net_dropout": "0.1",
    "shuffle": "True",
    "task": "binary_classification",
    "test_data": "dataset/ML_1M/test.csv",
    "train_data": "dataset/ML_1M/train.csv",
    "use_features": "None",
    "valid_data": "dataset/ML_1M/valid.csv",
    "verbose": "1",
    "vit_hidden_dim": "64",
    "vit_num_heads": "8",
    "vit_num_layers": "2",
    "vit_patch_size": "8"
}
2024-09-23 15:28:05,652 P290403 INFO Set up feature processor...
2024-09-23 15:28:05,652 P290403 WARNING Skip rebuilding dataset/ML_1M_7_x1/feature_map.json. Please delete it manually if rebuilding is required.
2024-09-23 15:28:05,652 P290403 INFO Load feature_map from json: dataset/ML_1M_7_x1/feature_map.json
2024-09-23 15:28:05,652 P290403 INFO Set column index...
2024-09-23 15:28:05,653 P290403 INFO Feature specs: {
    "Age": "{'source': '', 'type': 'categorical', 'padding_idx': 0, 'vocab_size': 9}",
    "Gender": "{'source': '', 'type': 'categorical', 'padding_idx': 0, 'vocab_size': 4}",
    "Genres": "{'source': '', 'type': 'sequence', 'feature_encoder': 'layers.MaskedAveragePooling()', 'padding_idx': 0, 'max_len': 5, 'vocab_size': 302}",
    "MovieID": "{'source': '', 'type': 'categorical', 'padding_idx': 0, 'vocab_size': 3659}",
    "Occupation": "{'source': '', 'type': 'categorical', 'padding_idx': 0, 'vocab_size': 23}",
    "Release": "{'source': '', 'type': 'categorical', 'padding_idx': 0, 'vocab_size': 83}",
    "UserID": "{'source': '', 'type': 'categorical', 'padding_idx': 0, 'vocab_size': 6042}"
}
2024-09-23 15:28:06,941 P290403 INFO Total number of parameters: 3045508.
2024-09-23 15:28:06,941 P290403 INFO Loading datasets...
2024-09-23 15:28:08,545 P290403 INFO Train samples: total/700146, blocks/1
2024-09-23 15:28:08,918 P290403 INFO Validation samples: total/200041, blocks/1
2024-09-23 15:28:08,918 P290403 INFO Loading train and validation data done.
2024-09-23 15:28:08,918 P290403 INFO Start training: 171 batches/epoch
2024-09-23 15:28:08,918 P290403 INFO ************ Epoch=1 start ************
2024-09-23 15:28:22,940 P290403 INFO Train loss: 0.404359
2024-09-23 15:28:22,940 P290403 INFO Evaluation @epoch 1 - batch 171: 
2024-09-23 15:28:24,274 P290403 INFO [Metrics] AUC: 0.814363 - logloss: 0.348175
2024-09-23 15:28:24,275 P290403 INFO Save best model: monitor(max)=0.814363
2024-09-23 15:28:24,309 P290403 INFO ************ Epoch=1 end ************
2024-09-23 15:28:37,285 P290403 INFO Train loss: 0.367391
2024-09-23 15:28:37,285 P290403 INFO Evaluation @epoch 2 - batch 171: 
2024-09-23 15:28:38,586 P290403 INFO [Metrics] AUC: 0.824476 - logloss: 0.339997
2024-09-23 15:28:38,586 P290403 INFO Save best model: monitor(max)=0.824476
2024-09-23 15:28:38,630 P290403 INFO ************ Epoch=2 end ************
2024-09-23 15:28:51,620 P290403 INFO Train loss: 0.362115
2024-09-23 15:28:51,621 P290403 INFO Evaluation @epoch 3 - batch 171: 
2024-09-23 15:28:52,987 P290403 INFO [Metrics] AUC: 0.831792 - logloss: 0.334530
2024-09-23 15:28:52,988 P290403 INFO Save best model: monitor(max)=0.831792
2024-09-23 15:28:53,036 P290403 INFO ************ Epoch=3 end ************
2024-09-23 15:29:05,920 P290403 INFO Train loss: 0.358606
2024-09-23 15:29:05,920 P290403 INFO Evaluation @epoch 4 - batch 171: 
2024-09-23 15:29:07,211 P290403 INFO [Metrics] AUC: 0.835725 - logloss: 0.331862
2024-09-23 15:29:07,212 P290403 INFO Save best model: monitor(max)=0.835725
2024-09-23 15:29:07,254 P290403 INFO ************ Epoch=4 end ************
2024-09-23 15:29:20,168 P290403 INFO Train loss: 0.355794
2024-09-23 15:29:20,168 P290403 INFO Evaluation @epoch 5 - batch 171: 
2024-09-23 15:29:21,478 P290403 INFO [Metrics] AUC: 0.837138 - logloss: 0.331755
2024-09-23 15:29:21,478 P290403 INFO Save best model: monitor(max)=0.837138
2024-09-23 15:29:21,523 P290403 INFO ************ Epoch=5 end ************
2024-09-23 15:29:34,406 P290403 INFO Train loss: 0.353966
2024-09-23 15:29:34,407 P290403 INFO Evaluation @epoch 6 - batch 171: 
2024-09-23 15:29:35,712 P290403 INFO [Metrics] AUC: 0.839837 - logloss: 0.328945
2024-09-23 15:29:35,712 P290403 INFO Save best model: monitor(max)=0.839837
2024-09-23 15:29:35,754 P290403 INFO ************ Epoch=6 end ************
2024-09-23 15:29:48,700 P290403 INFO Train loss: 0.352330
2024-09-23 15:29:48,701 P290403 INFO Evaluation @epoch 7 - batch 171: 
2024-09-23 15:29:50,024 P290403 INFO [Metrics] AUC: 0.839858 - logloss: 0.329280
2024-09-23 15:29:50,025 P290403 INFO Save best model: monitor(max)=0.839858
2024-09-23 15:29:50,069 P290403 INFO ************ Epoch=7 end ************
2024-09-23 15:30:03,094 P290403 INFO Train loss: 0.351931
2024-09-23 15:30:03,095 P290403 INFO Evaluation @epoch 8 - batch 171: 
2024-09-23 15:30:04,370 P290403 INFO [Metrics] AUC: 0.842150 - logloss: 0.326725
2024-09-23 15:30:04,370 P290403 INFO Save best model: monitor(max)=0.842150
2024-09-23 15:30:04,423 P290403 INFO ************ Epoch=8 end ************
2024-09-23 15:30:17,300 P290403 INFO Train loss: 0.350587
2024-09-23 15:30:17,301 P290403 INFO Evaluation @epoch 9 - batch 171: 
2024-09-23 15:30:18,573 P290403 INFO [Metrics] AUC: 0.842857 - logloss: 0.325936
2024-09-23 15:30:18,573 P290403 INFO Save best model: monitor(max)=0.842857
2024-09-23 15:30:18,615 P290403 INFO ************ Epoch=9 end ************
2024-09-23 15:30:31,503 P290403 INFO Train loss: 0.350590
2024-09-23 15:30:31,503 P290403 INFO Evaluation @epoch 10 - batch 171: 
2024-09-23 15:30:32,826 P290403 INFO [Metrics] AUC: 0.843307 - logloss: 0.325729
2024-09-23 15:30:32,827 P290403 INFO Save best model: monitor(max)=0.843307
2024-09-23 15:30:32,871 P290403 INFO ************ Epoch=10 end ************
2024-09-23 15:30:45,791 P290403 INFO Train loss: 0.349727
2024-09-23 15:30:45,791 P290403 INFO Evaluation @epoch 11 - batch 171: 
2024-09-23 15:30:47,116 P290403 INFO [Metrics] AUC: 0.844598 - logloss: 0.324590
2024-09-23 15:30:47,116 P290403 INFO Save best model: monitor(max)=0.844598
2024-09-23 15:30:47,166 P290403 INFO ************ Epoch=11 end ************
2024-09-23 15:30:59,967 P290403 INFO Train loss: 0.349527
2024-09-23 15:30:59,967 P290403 INFO Evaluation @epoch 12 - batch 171: 
2024-09-23 15:31:01,241 P290403 INFO [Metrics] AUC: 0.844525 - logloss: 0.324748
2024-09-23 15:31:01,242 P290403 INFO Monitor(max)=0.844525 STOP!
2024-09-23 15:31:01,242 P290403 INFO Reduce learning rate on plateau: 0.000100
2024-09-23 15:31:01,285 P290403 INFO ************ Epoch=12 end ************
2024-09-23 15:31:13,922 P290403 INFO Train loss: 0.321270
2024-09-23 15:31:13,922 P290403 INFO Evaluation @epoch 13 - batch 171: 
2024-09-23 15:31:15,250 P290403 INFO [Metrics] AUC: 0.851565 - logloss: 0.320652
2024-09-23 15:31:15,251 P290403 INFO Save best model: monitor(max)=0.851565
2024-09-23 15:31:15,299 P290403 INFO ************ Epoch=13 end ************
2024-09-23 15:31:28,183 P290403 INFO Train loss: 0.308691
2024-09-23 15:31:28,183 P290403 INFO Evaluation @epoch 14 - batch 171: 
2024-09-23 15:31:29,498 P290403 INFO [Metrics] AUC: 0.853770 - logloss: 0.319717
2024-09-23 15:31:29,499 P290403 INFO Save best model: monitor(max)=0.853770
2024-09-23 15:31:29,554 P290403 INFO ************ Epoch=14 end ************
2024-09-23 15:31:42,370 P290403 INFO Train loss: 0.302262
2024-09-23 15:31:42,370 P290403 INFO Evaluation @epoch 15 - batch 171: 
2024-09-23 15:31:43,673 P290403 INFO [Metrics] AUC: 0.854217 - logloss: 0.320318
2024-09-23 15:31:43,674 P290403 INFO Save best model: monitor(max)=0.854217
2024-09-23 15:31:43,727 P290403 INFO ************ Epoch=15 end ************
2024-09-23 15:31:56,465 P290403 INFO Train loss: 0.297058
2024-09-23 15:31:56,465 P290403 INFO Evaluation @epoch 16 - batch 171: 
2024-09-23 15:31:57,729 P290403 INFO [Metrics] AUC: 0.853476 - logloss: 0.322224
2024-09-23 15:31:57,729 P290403 INFO Monitor(max)=0.853476 STOP!
2024-09-23 15:31:57,729 P290403 INFO Reduce learning rate on plateau: 0.000010
2024-09-23 15:31:57,778 P290403 INFO ************ Epoch=16 end ************
2024-09-23 15:32:10,565 P290403 INFO Train loss: 0.283237
2024-09-23 15:32:10,566 P290403 INFO Evaluation @epoch 17 - batch 171: 
2024-09-23 15:32:11,865 P290403 INFO [Metrics] AUC: 0.852808 - logloss: 0.326106
2024-09-23 15:32:11,866 P290403 INFO Monitor(max)=0.852808 STOP!
2024-09-23 15:32:11,866 P290403 INFO Reduce learning rate on plateau: 0.000001
2024-09-23 15:32:11,866 P290403 INFO ********* Epoch=17 early stop *********
2024-09-23 15:32:11,915 P290403 INFO Training finished.
2024-09-23 15:32:11,916 P290403 INFO Load best model: /workspace/checkpoints/ML_1M_7_x1/ViTDCNv3_ML_1M_002_d366a015.model
