2024-09-23 02:23:19,358 P114684 INFO FuxiCTR version: 2.3.2
2024-09-23 02:23:19,359 P114684 INFO Params: {
    "batch_norm": "True",
    "batch_size": "4096",
    "data_format": "csv",
    "data_root": "dataset/",
    "dataset_id": "ML_1M_7_x1",
    "debug_mode": "False",
    "deep_net_dropout": "0.1",
    "early_stop_patience": "2",
    "embedding_dim": "16",
    "embedding_regularizer": "0.01",
    "epochs": "100",
    "eval_steps": "None",
    "feature_cols": "[{'active': True, 'dtype': 'str', 'name': ['UserID', 'Gender', 'Age', 'Occupation', 'MovieID', 'Release'], 'type': 'categorical'}, {'active': True, 'dtype': 'str', 'encoder': 'MaskedSumPooling', 'max_len': 5, 'name': 'Genres', 'splitter': '^', 'type': 'sequence'}]",
    "feature_config": "None",
    "feature_specs": "None",
    "gpu": "0",
    "group_id": "None",
    "label_col": "{'dtype': 'float', 'name': 'Label'}",
    "layer_norm": "True",
    "learning_rate": "0.001",
    "loss": "binary_crossentropy",
    "metrics": "['logloss', 'AUC']",
    "min_categr_count": "1",
    "model": "ViTDCNv3",
    "model_id": "ViTDCNv3_ML_1M_005_2e9ac0e8",
    "model_root": "./checkpoints/",
    "monitor": "{'AUC': 1, 'logloss': 0}",
    "monitor_mode": "max",
    "net_regularizer": "0",
    "num_deep_cross_layers": "2",
    "num_heads": "1",
    "num_shallow_cross_layers": "2",
    "num_workers": "4",
    "optimizer": "adam",
    "pickle_feature_encoder": "True",
    "save_best_only": "True",
    "seed": "2024",
    "shallow_net_dropout": "0.1",
    "shuffle": "True",
    "task": "binary_classification",
    "test_data": "dataset/ML_1M/test.csv",
    "train_data": "dataset/ML_1M/train.csv",
    "use_features": "None",
    "valid_data": "dataset/ML_1M/valid.csv",
    "verbose": "1",
    "vit_hidden_dim": "32",
    "vit_num_heads": "4",
    "vit_num_layers": "2",
    "vit_patch_size": "4"
}
2024-09-23 02:23:19,360 P114684 INFO Set up feature processor...
2024-09-23 02:23:19,360 P114684 WARNING Skip rebuilding dataset/ML_1M_7_x1/feature_map.json. Please delete it manually if rebuilding is required.
2024-09-23 02:23:19,360 P114684 INFO Load feature_map from json: dataset/ML_1M_7_x1/feature_map.json
2024-09-23 02:23:19,361 P114684 INFO Set column index...
2024-09-23 02:23:19,361 P114684 INFO Feature specs: {
    "Age": "{'source': '', 'type': 'categorical', 'padding_idx': 0, 'vocab_size': 9}",
    "Gender": "{'source': '', 'type': 'categorical', 'padding_idx': 0, 'vocab_size': 4}",
    "Genres": "{'source': '', 'type': 'sequence', 'feature_encoder': 'layers.MaskedAveragePooling()', 'padding_idx': 0, 'max_len': 5, 'vocab_size': 302}",
    "MovieID": "{'source': '', 'type': 'categorical', 'padding_idx': 0, 'vocab_size': 3659}",
    "Occupation": "{'source': '', 'type': 'categorical', 'padding_idx': 0, 'vocab_size': 23}",
    "Release": "{'source': '', 'type': 'categorical', 'padding_idx': 0, 'vocab_size': 83}",
    "UserID": "{'source': '', 'type': 'categorical', 'padding_idx': 0, 'vocab_size': 6042}"
}
2024-09-23 02:23:20,745 P114684 INFO Total number of parameters: 1297898.
2024-09-23 02:23:20,745 P114684 INFO Loading datasets...
2024-09-23 02:23:22,677 P114684 INFO Train samples: total/700146, blocks/1
2024-09-23 02:23:23,374 P114684 INFO Validation samples: total/200041, blocks/1
2024-09-23 02:23:23,374 P114684 INFO Loading train and validation data done.
2024-09-23 02:23:23,374 P114684 INFO Start training: 171 batches/epoch
2024-09-23 02:23:23,374 P114684 INFO ************ Epoch=1 start ************
2024-09-23 02:25:03,697 P114684 INFO Train loss: 0.420120
2024-09-23 02:25:03,698 P114684 INFO Evaluation @epoch 1 - batch 171: 
2024-09-23 02:25:10,204 P114684 INFO [Metrics] AUC: 0.812879 - logloss: 0.349909
2024-09-23 02:25:10,205 P114684 INFO Save best model: monitor(max)=0.812879
2024-09-23 02:25:10,267 P114684 INFO ************ Epoch=1 end ************
2024-09-23 02:26:50,315 P114684 INFO Train loss: 0.367796
2024-09-23 02:26:50,316 P114684 INFO Evaluation @epoch 2 - batch 171: 
2024-09-23 02:26:56,706 P114684 INFO [Metrics] AUC: 0.823890 - logloss: 0.341145
2024-09-23 02:26:56,707 P114684 INFO Save best model: monitor(max)=0.823890
2024-09-23 02:26:56,785 P114684 INFO ************ Epoch=2 end ************
2024-09-23 02:28:38,072 P114684 INFO Train loss: 0.361041
2024-09-23 02:28:38,073 P114684 INFO Evaluation @epoch 3 - batch 171: 
2024-09-23 02:28:44,379 P114684 INFO [Metrics] AUC: 0.831432 - logloss: 0.335222
2024-09-23 02:28:44,380 P114684 INFO Save best model: monitor(max)=0.831432
2024-09-23 02:28:44,447 P114684 INFO ************ Epoch=3 end ************
2024-09-23 02:30:25,420 P114684 INFO Train loss: 0.357726
2024-09-23 02:30:25,421 P114684 INFO Evaluation @epoch 4 - batch 171: 
2024-09-23 02:30:31,895 P114684 INFO [Metrics] AUC: 0.835844 - logloss: 0.331777
2024-09-23 02:30:31,896 P114684 INFO Save best model: monitor(max)=0.835844
2024-09-23 02:30:31,968 P114684 INFO ************ Epoch=4 end ************
2024-09-23 02:32:12,481 P114684 INFO Train loss: 0.355550
2024-09-23 02:32:12,482 P114684 INFO Evaluation @epoch 5 - batch 171: 
2024-09-23 02:32:18,770 P114684 INFO [Metrics] AUC: 0.838688 - logloss: 0.329973
2024-09-23 02:32:18,770 P114684 INFO Save best model: monitor(max)=0.838688
2024-09-23 02:32:18,840 P114684 INFO ************ Epoch=5 end ************
2024-09-23 02:33:56,343 P114684 INFO Train loss: 0.353574
2024-09-23 02:33:56,344 P114684 INFO Evaluation @epoch 6 - batch 171: 
2024-09-23 02:34:02,794 P114684 INFO [Metrics] AUC: 0.839457 - logloss: 0.329340
2024-09-23 02:34:02,794 P114684 INFO Save best model: monitor(max)=0.839457
2024-09-23 02:34:02,869 P114684 INFO ************ Epoch=6 end ************
2024-09-23 02:35:39,690 P114684 INFO Train loss: 0.351634
2024-09-23 02:35:39,690 P114684 INFO Evaluation @epoch 7 - batch 171: 
2024-09-23 02:35:46,118 P114684 INFO [Metrics] AUC: 0.841447 - logloss: 0.327164
2024-09-23 02:35:46,119 P114684 INFO Save best model: monitor(max)=0.841447
2024-09-23 02:35:46,188 P114684 INFO ************ Epoch=7 end ************
2024-09-23 02:37:27,120 P114684 INFO Train loss: 0.350585
2024-09-23 02:37:27,121 P114684 INFO Evaluation @epoch 8 - batch 171: 
2024-09-23 02:37:33,605 P114684 INFO [Metrics] AUC: 0.840957 - logloss: 0.327819
2024-09-23 02:37:33,606 P114684 INFO Monitor(max)=0.840957 STOP!
2024-09-23 02:37:33,606 P114684 INFO Reduce learning rate on plateau: 0.000100
2024-09-23 02:37:33,680 P114684 INFO ************ Epoch=8 end ************
2024-09-23 02:39:14,834 P114684 INFO Train loss: 0.326320
2024-09-23 02:39:14,835 P114684 INFO Evaluation @epoch 9 - batch 171: 
2024-09-23 02:39:21,239 P114684 INFO [Metrics] AUC: 0.849235 - logloss: 0.321744
2024-09-23 02:39:21,240 P114684 INFO Save best model: monitor(max)=0.849235
2024-09-23 02:39:21,308 P114684 INFO ************ Epoch=9 end ************
2024-09-23 02:41:02,320 P114684 INFO Train loss: 0.314867
2024-09-23 02:41:02,321 P114684 INFO Evaluation @epoch 10 - batch 171: 
2024-09-23 02:41:07,446 P114684 INFO [Metrics] AUC: 0.851582 - logloss: 0.320493
2024-09-23 02:41:07,447 P114684 INFO Save best model: monitor(max)=0.851582
2024-09-23 02:41:07,520 P114684 INFO ************ Epoch=10 end ************
2024-09-23 02:42:46,987 P114684 INFO Train loss: 0.308775
2024-09-23 02:42:46,988 P114684 INFO Evaluation @epoch 11 - batch 171: 
2024-09-23 02:42:53,260 P114684 INFO [Metrics] AUC: 0.852541 - logloss: 0.320182
2024-09-23 02:42:53,261 P114684 INFO Save best model: monitor(max)=0.852541
2024-09-23 02:42:53,331 P114684 INFO ************ Epoch=11 end ************
2024-09-23 02:44:31,222 P114684 INFO Train loss: 0.304704
2024-09-23 02:44:31,223 P114684 INFO Evaluation @epoch 12 - batch 171: 
2024-09-23 02:44:37,699 P114684 INFO [Metrics] AUC: 0.852414 - logloss: 0.320908
2024-09-23 02:44:37,700 P114684 INFO Monitor(max)=0.852414 STOP!
2024-09-23 02:44:37,700 P114684 INFO Reduce learning rate on plateau: 0.000010
2024-09-23 02:44:37,784 P114684 INFO ************ Epoch=12 end ************
2024-09-23 02:46:19,420 P114684 INFO Train loss: 0.293283
2024-09-23 02:46:19,420 P114684 INFO Evaluation @epoch 13 - batch 171: 
2024-09-23 02:46:25,271 P114684 INFO [Metrics] AUC: 0.852165 - logloss: 0.322901
2024-09-23 02:46:25,272 P114684 INFO Monitor(max)=0.852165 STOP!
2024-09-23 02:46:25,272 P114684 INFO Reduce learning rate on plateau: 0.000001
2024-09-23 02:46:25,272 P114684 INFO ********* Epoch=13 early stop *********
2024-09-23 02:46:25,357 P114684 INFO Training finished.
2024-09-23 02:46:25,358 P114684 INFO Load best model: /workspace/checkpoints/ML_1M_7_x1/ViTDCNv3_ML_1M_005_2e9ac0e8.model
