2024-09-23 02:23:39,861 P114803 INFO FuxiCTR version: 2.3.2
2024-09-23 02:23:39,862 P114803 INFO Params: {
    "batch_norm": "False",
    "batch_size": "4096",
    "data_format": "csv",
    "data_root": "dataset/",
    "dataset_id": "ML_1M_7_x1",
    "debug_mode": "False",
    "early_stop_patience": "2",
    "embedding_dim": "16",
    "embedding_regularizer": "0.01",
    "epochs": "100",
    "eval_steps": "None",
    "feature_cols": "[{'active': True, 'dtype': 'str', 'name': ['UserID', 'Gender', 'Age', 'Occupation', 'MovieID', 'Release'], 'type': 'categorical'}, {'active': True, 'dtype': 'str', 'encoder': 'MaskedSumPooling', 'max_len': 5, 'name': 'Genres', 'splitter': '^', 'type': 'sequence'}]",
    "feature_config": "None",
    "feature_specs": "None",
    "gpu": "0",
    "group_id": "None",
    "label_col": "{'dtype': 'float', 'name': 'Label'}",
    "layer_norm": "True",
    "learning_rate": "0.001",
    "loss": "binary_crossentropy",
    "metrics": "['logloss', 'AUC']",
    "min_categr_count": "1",
    "model": "ViTDCNv2",
    "model_id": "ViTDCNv2_ML_1M_003_e57fb05e",
    "model_root": "./checkpoints/",
    "monitor": "{'AUC': 1, 'logloss': 0}",
    "monitor_mode": "max",
    "net_dropout": "0.1",
    "net_regularizer": "0",
    "num_cross_layers": "2",
    "num_heads": "1",
    "num_workers": "4",
    "optimizer": "adam",
    "parallel_dnn_hidden_units": "[512, 128]",
    "pickle_feature_encoder": "True",
    "save_best_only": "True",
    "seed": "2024",
    "shuffle": "True",
    "task": "binary_classification",
    "test_data": "dataset/ML_1M/test.csv",
    "train_data": "dataset/ML_1M/train.csv",
    "use_features": "None",
    "valid_data": "dataset/ML_1M/valid.csv",
    "verbose": "1",
    "vit_hidden_dim": "32",
    "vit_num_heads": "8",
    "vit_num_layers": "1",
    "vit_patch_size": "4"
}
2024-09-23 02:23:39,863 P114803 INFO Set up feature processor...
2024-09-23 02:23:39,863 P114803 WARNING Skip rebuilding dataset/ML_1M_7_x1/feature_map.json. Please delete it manually if rebuilding is required.
2024-09-23 02:23:39,863 P114803 INFO Load feature_map from json: dataset/ML_1M_7_x1/feature_map.json
2024-09-23 02:23:39,864 P114803 INFO Set column index...
2024-09-23 02:23:39,864 P114803 INFO Feature specs: {
    "Age": "{'source': '', 'type': 'categorical', 'padding_idx': 0, 'vocab_size': 9}",
    "Gender": "{'source': '', 'type': 'categorical', 'padding_idx': 0, 'vocab_size': 4}",
    "Genres": "{'source': '', 'type': 'sequence', 'feature_encoder': 'layers.MaskedAveragePooling()', 'padding_idx': 0, 'max_len': 5, 'vocab_size': 302}",
    "MovieID": "{'source': '', 'type': 'categorical', 'padding_idx': 0, 'vocab_size': 3659}",
    "Occupation": "{'source': '', 'type': 'categorical', 'padding_idx': 0, 'vocab_size': 23}",
    "Release": "{'source': '', 'type': 'categorical', 'padding_idx': 0, 'vocab_size': 83}",
    "UserID": "{'source': '', 'type': 'categorical', 'padding_idx': 0, 'vocab_size': 6042}"
}
2024-09-23 02:23:41,079 P114803 INFO Total number of parameters: 595025.
2024-09-23 02:23:41,079 P114803 INFO Loading datasets...
2024-09-23 02:23:43,181 P114803 INFO Train samples: total/700146, blocks/1
2024-09-23 02:23:43,550 P114803 INFO Validation samples: total/200041, blocks/1
2024-09-23 02:23:43,550 P114803 INFO Loading train and validation data done.
2024-09-23 02:23:43,550 P114803 INFO Start training: 171 batches/epoch
2024-09-23 02:23:43,550 P114803 INFO ************ Epoch=1 start ************
2024-09-23 02:24:40,950 P114803 INFO Train loss: 0.416967
2024-09-23 02:24:40,951 P114803 INFO Evaluation @epoch 1 - batch 171: 
2024-09-23 02:24:44,198 P114803 INFO [Metrics] AUC: 0.799745 - logloss: 0.358351
2024-09-23 02:24:44,199 P114803 INFO Save best model: monitor(max)=0.799745
2024-09-23 02:24:44,248 P114803 INFO ************ Epoch=1 end ************
2024-09-23 02:25:40,003 P114803 INFO Train loss: 0.377315
2024-09-23 02:25:40,004 P114803 INFO Evaluation @epoch 2 - batch 171: 
2024-09-23 02:25:43,089 P114803 INFO [Metrics] AUC: 0.805816 - logloss: 0.354674
2024-09-23 02:25:43,091 P114803 INFO Save best model: monitor(max)=0.805816
2024-09-23 02:25:43,173 P114803 INFO ************ Epoch=2 end ************
2024-09-23 02:26:39,661 P114803 INFO Train loss: 0.371638
2024-09-23 02:26:39,662 P114803 INFO Evaluation @epoch 3 - batch 171: 
2024-09-23 02:26:42,742 P114803 INFO [Metrics] AUC: 0.810264 - logloss: 0.351460
2024-09-23 02:26:42,743 P114803 INFO Save best model: monitor(max)=0.810264
2024-09-23 02:26:42,817 P114803 INFO ************ Epoch=3 end ************
2024-09-23 02:27:38,549 P114803 INFO Train loss: 0.366594
2024-09-23 02:27:38,549 P114803 INFO Evaluation @epoch 4 - batch 171: 
2024-09-23 02:27:41,849 P114803 INFO [Metrics] AUC: 0.819192 - logloss: 0.344059
2024-09-23 02:27:41,850 P114803 INFO Save best model: monitor(max)=0.819192
2024-09-23 02:27:41,918 P114803 INFO ************ Epoch=4 end ************
2024-09-23 02:28:37,740 P114803 INFO Train loss: 0.361198
2024-09-23 02:28:37,741 P114803 INFO Evaluation @epoch 5 - batch 171: 
2024-09-23 02:28:40,919 P114803 INFO [Metrics] AUC: 0.824979 - logloss: 0.340201
2024-09-23 02:28:40,920 P114803 INFO Save best model: monitor(max)=0.824979
2024-09-23 02:28:40,999 P114803 INFO ************ Epoch=5 end ************
2024-09-23 02:29:36,150 P114803 INFO Train loss: 0.358282
2024-09-23 02:29:36,151 P114803 INFO Evaluation @epoch 6 - batch 171: 
2024-09-23 02:29:39,308 P114803 INFO [Metrics] AUC: 0.828570 - logloss: 0.337202
2024-09-23 02:29:39,309 P114803 INFO Save best model: monitor(max)=0.828570
2024-09-23 02:29:39,387 P114803 INFO ************ Epoch=6 end ************
2024-09-23 02:30:35,569 P114803 INFO Train loss: 0.356115
2024-09-23 02:30:35,570 P114803 INFO Evaluation @epoch 7 - batch 171: 
2024-09-23 02:30:38,896 P114803 INFO [Metrics] AUC: 0.832720 - logloss: 0.334245
2024-09-23 02:30:38,897 P114803 INFO Save best model: monitor(max)=0.832720
2024-09-23 02:30:39,008 P114803 INFO ************ Epoch=7 end ************
2024-09-23 02:31:35,001 P114803 INFO Train loss: 0.354418
2024-09-23 02:31:35,002 P114803 INFO Evaluation @epoch 8 - batch 171: 
2024-09-23 02:31:38,281 P114803 INFO [Metrics] AUC: 0.835431 - logloss: 0.331917
2024-09-23 02:31:38,281 P114803 INFO Save best model: monitor(max)=0.835431
2024-09-23 02:31:38,364 P114803 INFO ************ Epoch=8 end ************
2024-09-23 02:32:33,447 P114803 INFO Train loss: 0.352903
2024-09-23 02:32:33,447 P114803 INFO Evaluation @epoch 9 - batch 171: 
2024-09-23 02:32:36,682 P114803 INFO [Metrics] AUC: 0.835611 - logloss: 0.331682
2024-09-23 02:32:36,683 P114803 INFO Save best model: monitor(max)=0.835611
2024-09-23 02:32:36,762 P114803 INFO ************ Epoch=9 end ************
2024-09-23 02:33:29,245 P114803 INFO Train loss: 0.351552
2024-09-23 02:33:29,246 P114803 INFO Evaluation @epoch 10 - batch 171: 
2024-09-23 02:33:32,594 P114803 INFO [Metrics] AUC: 0.838087 - logloss: 0.330022
2024-09-23 02:33:32,594 P114803 INFO Save best model: monitor(max)=0.838087
2024-09-23 02:33:32,662 P114803 INFO ************ Epoch=10 end ************
2024-09-23 02:34:28,680 P114803 INFO Train loss: 0.350847
2024-09-23 02:34:28,681 P114803 INFO Evaluation @epoch 11 - batch 171: 
2024-09-23 02:34:31,891 P114803 INFO [Metrics] AUC: 0.839364 - logloss: 0.328823
2024-09-23 02:34:31,892 P114803 INFO Save best model: monitor(max)=0.839364
2024-09-23 02:34:31,970 P114803 INFO ************ Epoch=11 end ************
2024-09-23 02:35:24,511 P114803 INFO Train loss: 0.349431
2024-09-23 02:35:24,511 P114803 INFO Evaluation @epoch 12 - batch 171: 
2024-09-23 02:35:27,825 P114803 INFO [Metrics] AUC: 0.840813 - logloss: 0.327882
2024-09-23 02:35:27,826 P114803 INFO Save best model: monitor(max)=0.840813
2024-09-23 02:35:27,898 P114803 INFO ************ Epoch=12 end ************
2024-09-23 02:36:23,100 P114803 INFO Train loss: 0.348765
2024-09-23 02:36:23,101 P114803 INFO Evaluation @epoch 13 - batch 171: 
2024-09-23 02:36:26,447 P114803 INFO [Metrics] AUC: 0.841807 - logloss: 0.327065
2024-09-23 02:36:26,447 P114803 INFO Save best model: monitor(max)=0.841807
2024-09-23 02:36:26,529 P114803 INFO ************ Epoch=13 end ************
2024-09-23 02:37:22,903 P114803 INFO Train loss: 0.347257
2024-09-23 02:37:22,903 P114803 INFO Evaluation @epoch 14 - batch 171: 
2024-09-23 02:37:26,209 P114803 INFO [Metrics] AUC: 0.842020 - logloss: 0.326703
2024-09-23 02:37:26,210 P114803 INFO Save best model: monitor(max)=0.842020
2024-09-23 02:37:26,296 P114803 INFO ************ Epoch=14 end ************
2024-09-23 02:38:22,242 P114803 INFO Train loss: 0.346733
2024-09-23 02:38:22,243 P114803 INFO Evaluation @epoch 15 - batch 171: 
2024-09-23 02:38:25,369 P114803 INFO [Metrics] AUC: 0.841525 - logloss: 0.327268
2024-09-23 02:38:25,370 P114803 INFO Monitor(max)=0.841525 STOP!
2024-09-23 02:38:25,370 P114803 INFO Reduce learning rate on plateau: 0.000100
2024-09-23 02:38:25,453 P114803 INFO ************ Epoch=15 end ************
2024-09-23 02:39:21,627 P114803 INFO Train loss: 0.322275
2024-09-23 02:39:21,628 P114803 INFO Evaluation @epoch 16 - batch 171: 
2024-09-23 02:39:24,820 P114803 INFO [Metrics] AUC: 0.848961 - logloss: 0.321611
2024-09-23 02:39:24,821 P114803 INFO Save best model: monitor(max)=0.848961
2024-09-23 02:39:24,889 P114803 INFO ************ Epoch=16 end ************
2024-09-23 02:40:20,909 P114803 INFO Train loss: 0.311940
2024-09-23 02:40:20,909 P114803 INFO Evaluation @epoch 17 - batch 171: 
2024-09-23 02:40:24,197 P114803 INFO [Metrics] AUC: 0.850955 - logloss: 0.320340
2024-09-23 02:40:24,198 P114803 INFO Save best model: monitor(max)=0.850955
2024-09-23 02:40:24,275 P114803 INFO ************ Epoch=17 end ************
2024-09-23 02:41:16,911 P114803 INFO Train loss: 0.306672
2024-09-23 02:41:16,912 P114803 INFO Evaluation @epoch 18 - batch 171: 
2024-09-23 02:41:20,232 P114803 INFO [Metrics] AUC: 0.851882 - logloss: 0.320179
2024-09-23 02:41:20,233 P114803 INFO Save best model: monitor(max)=0.851882
2024-09-23 02:41:20,316 P114803 INFO ************ Epoch=18 end ************
2024-09-23 02:42:16,672 P114803 INFO Train loss: 0.303225
2024-09-23 02:42:16,672 P114803 INFO Evaluation @epoch 19 - batch 171: 
2024-09-23 02:42:19,904 P114803 INFO [Metrics] AUC: 0.851581 - logloss: 0.320614
2024-09-23 02:42:19,905 P114803 INFO Monitor(max)=0.851581 STOP!
2024-09-23 02:42:19,905 P114803 INFO Reduce learning rate on plateau: 0.000010
2024-09-23 02:42:19,985 P114803 INFO ************ Epoch=19 end ************
2024-09-23 02:43:15,591 P114803 INFO Train loss: 0.293777
2024-09-23 02:43:15,591 P114803 INFO Evaluation @epoch 20 - batch 171: 
2024-09-23 02:43:18,841 P114803 INFO [Metrics] AUC: 0.851538 - logloss: 0.321768
2024-09-23 02:43:18,841 P114803 INFO Monitor(max)=0.851538 STOP!
2024-09-23 02:43:18,842 P114803 INFO Reduce learning rate on plateau: 0.000001
2024-09-23 02:43:18,842 P114803 INFO ********* Epoch=20 early stop *********
2024-09-23 02:43:18,913 P114803 INFO Training finished.
2024-09-23 02:43:18,913 P114803 INFO Load best model: /workspace/checkpoints/ML_1M_7_x1/ViTDCNv2_ML_1M_003_e57fb05e.model
