2024-09-23 02:00:09,743 P105038 INFO FuxiCTR version: 2.3.2
2024-09-23 02:00:09,744 P105038 INFO Params: {
    "batch_norm": "True",
    "batch_size": "4096",
    "data_format": "csv",
    "data_root": "dataset/",
    "dataset_id": "ML_1M_7_x1",
    "debug_mode": "False",
    "deep_net_dropout": "0.1",
    "early_stop_patience": "2",
    "embedding_dim": "16",
    "embedding_regularizer": "0.01",
    "epochs": "100",
    "eval_steps": "None",
    "feature_cols": "[{'active': True, 'dtype': 'str', 'name': ['UserID', 'Gender', 'Age', 'Occupation', 'MovieID', 'Release'], 'type': 'categorical'}, {'active': True, 'dtype': 'str', 'encoder': 'MaskedSumPooling', 'max_len': 5, 'name': 'Genres', 'splitter': '^', 'type': 'sequence'}]",
    "feature_config": "None",
    "feature_specs": "None",
    "gpu": "0",
    "group_id": "None",
    "label_col": "{'dtype': 'float', 'name': 'Label'}",
    "layer_norm": "True",
    "learning_rate": "0.001",
    "loss": "binary_crossentropy",
    "metrics": "['logloss', 'AUC']",
    "min_categr_count": "1",
    "model": "ViTDCNv3",
    "model_id": "ViTDCNv3_ML_1M_004_adb66118",
    "model_root": "./checkpoints/",
    "monitor": "{'AUC': 1, 'logloss': 0}",
    "monitor_mode": "max",
    "net_regularizer": "0",
    "num_deep_cross_layers": "2",
    "num_heads": "1",
    "num_shallow_cross_layers": "2",
    "num_workers": "4",
    "optimizer": "adam",
    "pickle_feature_encoder": "True",
    "save_best_only": "True",
    "seed": "2024",
    "shallow_net_dropout": "0.1",
    "shuffle": "True",
    "task": "binary_classification",
    "test_data": "dataset/ML_1M/test.csv",
    "train_data": "dataset/ML_1M/train.csv",
    "use_features": "None",
    "valid_data": "dataset/ML_1M/valid.csv",
    "verbose": "1",
    "vit_hidden_dim": "32",
    "vit_num_heads": "2",
    "vit_num_layers": "2",
    "vit_patch_size": "4"
}
2024-09-23 02:00:09,745 P105038 INFO Set up feature processor...
2024-09-23 02:00:09,745 P105038 WARNING Skip rebuilding dataset/ML_1M_7_x1/feature_map.json. Please delete it manually if rebuilding is required.
2024-09-23 02:00:09,745 P105038 INFO Load feature_map from json: dataset/ML_1M_7_x1/feature_map.json
2024-09-23 02:00:09,746 P105038 INFO Set column index...
2024-09-23 02:00:09,746 P105038 INFO Feature specs: {
    "Age": "{'source': '', 'type': 'categorical', 'padding_idx': 0, 'vocab_size': 9}",
    "Gender": "{'source': '', 'type': 'categorical', 'padding_idx': 0, 'vocab_size': 4}",
    "Genres": "{'source': '', 'type': 'sequence', 'feature_encoder': 'layers.MaskedAveragePooling()', 'padding_idx': 0, 'max_len': 5, 'vocab_size': 302}",
    "MovieID": "{'source': '', 'type': 'categorical', 'padding_idx': 0, 'vocab_size': 3659}",
    "Occupation": "{'source': '', 'type': 'categorical', 'padding_idx': 0, 'vocab_size': 23}",
    "Release": "{'source': '', 'type': 'categorical', 'padding_idx': 0, 'vocab_size': 83}",
    "UserID": "{'source': '', 'type': 'categorical', 'padding_idx': 0, 'vocab_size': 6042}"
}
2024-09-23 02:00:11,343 P105038 INFO Total number of parameters: 1297898.
2024-09-23 02:00:11,343 P105038 INFO Loading datasets...
2024-09-23 02:00:13,377 P105038 INFO Train samples: total/700146, blocks/1
2024-09-23 02:00:14,031 P105038 INFO Validation samples: total/200041, blocks/1
2024-09-23 02:00:14,032 P105038 INFO Loading train and validation data done.
2024-09-23 02:00:14,032 P105038 INFO Start training: 171 batches/epoch
2024-09-23 02:00:14,032 P105038 INFO ************ Epoch=1 start ************
2024-09-23 02:01:56,738 P105038 INFO Train loss: 0.418567
2024-09-23 02:01:56,739 P105038 INFO Evaluation @epoch 1 - batch 171: 
2024-09-23 02:02:03,148 P105038 INFO [Metrics] AUC: 0.813906 - logloss: 0.348880
2024-09-23 02:02:03,149 P105038 INFO Save best model: monitor(max)=0.813906
2024-09-23 02:02:03,212 P105038 INFO ************ Epoch=1 end ************
2024-09-23 02:03:42,899 P105038 INFO Train loss: 0.368523
2024-09-23 02:03:42,900 P105038 INFO Evaluation @epoch 2 - batch 171: 
2024-09-23 02:03:49,332 P105038 INFO [Metrics] AUC: 0.824643 - logloss: 0.340128
2024-09-23 02:03:49,332 P105038 INFO Save best model: monitor(max)=0.824643
2024-09-23 02:03:49,407 P105038 INFO ************ Epoch=2 end ************
2024-09-23 02:05:24,120 P105038 INFO Train loss: 0.362241
2024-09-23 02:05:24,120 P105038 INFO Evaluation @epoch 3 - batch 171: 
2024-09-23 02:05:30,579 P105038 INFO [Metrics] AUC: 0.830417 - logloss: 0.335754
2024-09-23 02:05:30,580 P105038 INFO Save best model: monitor(max)=0.830417
2024-09-23 02:05:30,655 P105038 INFO ************ Epoch=3 end ************
2024-09-23 02:07:11,088 P105038 INFO Train loss: 0.357653
2024-09-23 02:07:11,094 P105038 INFO Evaluation @epoch 4 - batch 171: 
2024-09-23 02:07:17,537 P105038 INFO [Metrics] AUC: 0.834590 - logloss: 0.332783
2024-09-23 02:07:17,537 P105038 INFO Save best model: monitor(max)=0.834590
2024-09-23 02:07:17,620 P105038 INFO ************ Epoch=4 end ************
2024-09-23 02:08:58,254 P105038 INFO Train loss: 0.355683
2024-09-23 02:08:58,254 P105038 INFO Evaluation @epoch 5 - batch 171: 
2024-09-23 02:09:04,662 P105038 INFO [Metrics] AUC: 0.838454 - logloss: 0.330049
2024-09-23 02:09:04,664 P105038 INFO Save best model: monitor(max)=0.838454
2024-09-23 02:09:04,749 P105038 INFO ************ Epoch=5 end ************
2024-09-23 02:10:45,776 P105038 INFO Train loss: 0.353916
2024-09-23 02:10:45,776 P105038 INFO Evaluation @epoch 6 - batch 171: 
2024-09-23 02:10:52,118 P105038 INFO [Metrics] AUC: 0.839139 - logloss: 0.329460
2024-09-23 02:10:52,118 P105038 INFO Save best model: monitor(max)=0.839139
2024-09-23 02:10:52,191 P105038 INFO ************ Epoch=6 end ************
2024-09-23 02:12:29,319 P105038 INFO Train loss: 0.351876
2024-09-23 02:12:29,320 P105038 INFO Evaluation @epoch 7 - batch 171: 
2024-09-23 02:12:35,678 P105038 INFO [Metrics] AUC: 0.841182 - logloss: 0.327404
2024-09-23 02:12:35,679 P105038 INFO Save best model: monitor(max)=0.841182
2024-09-23 02:12:35,762 P105038 INFO ************ Epoch=7 end ************
2024-09-23 02:14:16,412 P105038 INFO Train loss: 0.351263
2024-09-23 02:14:16,412 P105038 INFO Evaluation @epoch 8 - batch 171: 
2024-09-23 02:14:22,817 P105038 INFO [Metrics] AUC: 0.840805 - logloss: 0.327748
2024-09-23 02:14:22,817 P105038 INFO Monitor(max)=0.840805 STOP!
2024-09-23 02:14:22,818 P105038 INFO Reduce learning rate on plateau: 0.000100
2024-09-23 02:14:22,907 P105038 INFO ************ Epoch=8 end ************
2024-09-23 02:16:03,575 P105038 INFO Train loss: 0.326313
2024-09-23 02:16:03,576 P105038 INFO Evaluation @epoch 9 - batch 171: 
2024-09-23 02:16:09,905 P105038 INFO [Metrics] AUC: 0.849183 - logloss: 0.321614
2024-09-23 02:16:09,906 P105038 INFO Save best model: monitor(max)=0.849183
2024-09-23 02:16:09,973 P105038 INFO ************ Epoch=9 end ************
2024-09-23 02:17:50,080 P105038 INFO Train loss: 0.314626
2024-09-23 02:17:50,081 P105038 INFO Evaluation @epoch 10 - batch 171: 
2024-09-23 02:17:55,147 P105038 INFO [Metrics] AUC: 0.851434 - logloss: 0.320384
2024-09-23 02:17:55,149 P105038 INFO Save best model: monitor(max)=0.851434
2024-09-23 02:17:55,240 P105038 INFO ************ Epoch=10 end ************
2024-09-23 02:19:34,385 P105038 INFO Train loss: 0.308742
2024-09-23 02:19:34,386 P105038 INFO Evaluation @epoch 11 - batch 171: 
2024-09-23 02:19:40,469 P105038 INFO [Metrics] AUC: 0.852230 - logloss: 0.320642
2024-09-23 02:19:40,469 P105038 INFO Save best model: monitor(max)=0.852230
2024-09-23 02:19:40,554 P105038 INFO ************ Epoch=11 end ************
2024-09-23 02:21:21,241 P105038 INFO Train loss: 0.304762
2024-09-23 02:21:21,241 P105038 INFO Evaluation @epoch 12 - batch 171: 
2024-09-23 02:21:27,118 P105038 INFO [Metrics] AUC: 0.852219 - logloss: 0.320756
2024-09-23 02:21:27,119 P105038 INFO Monitor(max)=0.852219 STOP!
2024-09-23 02:21:27,119 P105038 INFO Reduce learning rate on plateau: 0.000010
2024-09-23 02:21:27,186 P105038 INFO ************ Epoch=12 end ************
2024-09-23 02:23:04,639 P105038 INFO Train loss: 0.293576
2024-09-23 02:23:04,639 P105038 INFO Evaluation @epoch 13 - batch 171: 
2024-09-23 02:23:10,886 P105038 INFO [Metrics] AUC: 0.851813 - logloss: 0.322910
2024-09-23 02:23:10,887 P105038 INFO Monitor(max)=0.851813 STOP!
2024-09-23 02:23:10,888 P105038 INFO Reduce learning rate on plateau: 0.000001
2024-09-23 02:23:10,888 P105038 INFO ********* Epoch=13 early stop *********
2024-09-23 02:23:10,975 P105038 INFO Training finished.
2024-09-23 02:23:10,975 P105038 INFO Load best model: /workspace/checkpoints/ML_1M_7_x1/ViTDCNv3_ML_1M_004_adb66118.model
