2024-09-23 01:27:26,560 P91607 INFO FuxiCTR version: 2.3.2
2024-09-23 01:27:26,560 P91607 INFO Params: {
    "batch_norm": "True",
    "batch_size": "4096",
    "data_format": "csv",
    "data_root": "dataset/",
    "dataset_id": "ML_1M_7_x1",
    "debug_mode": "False",
    "early_stop_patience": "2",
    "embedding_dim": "16",
    "embedding_regularizer": "0.01",
    "epochs": "100",
    "eval_steps": "None",
    "feature_cols": "[{'active': True, 'dtype': 'str', 'name': ['UserID', 'Gender', 'Age', 'Occupation', 'MovieID', 'Release'], 'type': 'categorical'}, {'active': True, 'dtype': 'str', 'encoder': 'MaskedSumPooling', 'max_len': 5, 'name': 'Genres', 'splitter': '^', 'type': 'sequence'}]",
    "feature_config": "None",
    "feature_specs": "None",
    "gpu": "0",
    "group_id": "None",
    "label_col": "{'dtype': 'float', 'name': 'Label'}",
    "layer_norm": "True",
    "learning_rate": "0.0005",
    "loss": "binary_crossentropy",
    "metrics": "['logloss', 'AUC']",
    "min_categr_count": "1",
    "model": "ViTDCNv2",
    "model_id": "ViTDCNv2_ML_1M_001_a7f657bd",
    "model_root": "./checkpoints/",
    "monitor": "{'AUC': 1, 'logloss': 0}",
    "monitor_mode": "max",
    "net_dropout": "0.1",
    "net_regularizer": "0",
    "num_cross_layers": "2",
    "num_heads": "1",
    "num_workers": "4",
    "optimizer": "adam",
    "parallel_dnn_hidden_units": "[500, 500, 500]",
    "pickle_feature_encoder": "True",
    "save_best_only": "True",
    "seed": "2024",
    "shuffle": "True",
    "task": "binary_classification",
    "test_data": "dataset/ML_1M/test.csv",
    "train_data": "dataset/ML_1M/train.csv",
    "use_features": "None",
    "valid_data": "dataset/ML_1M/valid.csv",
    "verbose": "1",
    "vit_hidden_dim": "32",
    "vit_num_heads": "2",
    "vit_num_layers": "1",
    "vit_patch_size": "4"
}
2024-09-23 01:27:26,561 P91607 INFO Set up feature processor...
2024-09-23 01:27:26,561 P91607 WARNING Skip rebuilding dataset/ML_1M_7_x1/feature_map.json. Please delete it manually if rebuilding is required.
2024-09-23 01:27:26,561 P91607 INFO Load feature_map from json: dataset/ML_1M_7_x1/feature_map.json
2024-09-23 01:27:26,562 P91607 INFO Set column index...
2024-09-23 01:27:26,562 P91607 INFO Feature specs: {
    "Age": "{'source': '', 'type': 'categorical', 'padding_idx': 0, 'vocab_size': 9}",
    "Gender": "{'source': '', 'type': 'categorical', 'padding_idx': 0, 'vocab_size': 4}",
    "Genres": "{'source': '', 'type': 'sequence', 'feature_encoder': 'layers.MaskedAveragePooling()', 'padding_idx': 0, 'max_len': 5, 'vocab_size': 302}",
    "MovieID": "{'source': '', 'type': 'categorical', 'padding_idx': 0, 'vocab_size': 3659}",
    "Occupation": "{'source': '', 'type': 'categorical', 'padding_idx': 0, 'vocab_size': 23}",
    "Release": "{'source': '', 'type': 'categorical', 'padding_idx': 0, 'vocab_size': 83}",
    "UserID": "{'source': '', 'type': 'categorical', 'padding_idx': 0, 'vocab_size': 6042}"
}
2024-09-23 01:27:27,915 P91607 INFO Total number of parameters: 1032825.
2024-09-23 01:27:27,915 P91607 INFO Loading datasets...
2024-09-23 01:27:29,804 P91607 INFO Train samples: total/700146, blocks/1
2024-09-23 01:27:30,359 P91607 INFO Validation samples: total/200041, blocks/1
2024-09-23 01:27:30,359 P91607 INFO Loading train and validation data done.
2024-09-23 01:27:30,360 P91607 INFO Start training: 171 batches/epoch
2024-09-23 01:27:30,360 P91607 INFO ************ Epoch=1 start ************
