2024-09-23 15:59:31,544 P300564 INFO FuxiCTR version: 2.3.2
2024-09-23 15:59:31,544 P300564 INFO Params: {
    "batch_norm": "True",
    "batch_size": "4096",
    "data_format": "csv",
    "data_root": "dataset/",
    "dataset_id": "ML_1M_7_x1",
    "debug_mode": "False",
    "deep_net_dropout": "0.1",
    "early_stop_patience": "2",
    "embedding_dim": "16",
    "embedding_regularizer": "0.01",
    "epochs": "100",
    "eval_steps": "None",
    "feature_cols": "[{'active': True, 'dtype': 'str', 'name': ['UserID', 'Gender', 'Age', 'Occupation', 'MovieID', 'Release'], 'type': 'categorical'}, {'active': True, 'dtype': 'str', 'encoder': 'MaskedSumPooling', 'max_len': 5, 'name': 'Genres', 'splitter': '^', 'type': 'sequence'}]",
    "feature_config": "None",
    "feature_specs": "None",
    "gpu": "0",
    "group_id": "None",
    "label_col": "{'dtype': 'float', 'name': 'Label'}",
    "layer_norm": "True",
    "learning_rate": "0.001",
    "loss": "binary_crossentropy",
    "metrics": "['logloss', 'AUC']",
    "min_categr_count": "1",
    "model": "ViTDCNv3",
    "model_id": "ViTDCNv3_ML_1M_009_38f2fbee",
    "model_root": "./checkpoints/",
    "monitor": "{'AUC': 1, 'logloss': 0}",
    "monitor_mode": "max",
    "net_regularizer": "0",
    "num_deep_cross_layers": "4",
    "num_heads": "1",
    "num_shallow_cross_layers": "4",
    "num_workers": "4",
    "optimizer": "adam",
    "pickle_feature_encoder": "True",
    "save_best_only": "True",
    "seed": "2024",
    "shallow_net_dropout": "0.1",
    "shuffle": "True",
    "task": "binary_classification",
    "test_data": "dataset/ML_1M/test.csv",
    "train_data": "dataset/ML_1M/train.csv",
    "use_features": "None",
    "valid_data": "dataset/ML_1M/valid.csv",
    "verbose": "1",
    "vit_hidden_dim": "64",
    "vit_num_heads": "8",
    "vit_num_layers": "2",
    "vit_patch_size": "8"
}
2024-09-23 15:59:31,545 P300564 INFO Set up feature processor...
2024-09-23 15:59:31,546 P300564 WARNING Skip rebuilding dataset/ML_1M_7_x1/feature_map.json. Please delete it manually if rebuilding is required.
2024-09-23 15:59:31,546 P300564 INFO Load feature_map from json: dataset/ML_1M_7_x1/feature_map.json
2024-09-23 15:59:31,546 P300564 INFO Set column index...
2024-09-23 15:59:31,546 P300564 INFO Feature specs: {
    "Age": "{'source': '', 'type': 'categorical', 'padding_idx': 0, 'vocab_size': 9}",
    "Gender": "{'source': '', 'type': 'categorical', 'padding_idx': 0, 'vocab_size': 4}",
    "Genres": "{'source': '', 'type': 'sequence', 'feature_encoder': 'layers.MaskedAveragePooling()', 'padding_idx': 0, 'max_len': 5, 'vocab_size': 302}",
    "MovieID": "{'source': '', 'type': 'categorical', 'padding_idx': 0, 'vocab_size': 3659}",
    "Occupation": "{'source': '', 'type': 'categorical', 'padding_idx': 0, 'vocab_size': 23}",
    "Release": "{'source': '', 'type': 'categorical', 'padding_idx': 0, 'vocab_size': 83}",
    "UserID": "{'source': '', 'type': 'categorical', 'padding_idx': 0, 'vocab_size': 6042}"
}
2024-09-23 15:59:32,866 P300564 INFO Total number of parameters: 4775506.
2024-09-23 15:59:32,867 P300564 INFO Loading datasets...
2024-09-23 15:59:34,470 P300564 INFO Train samples: total/700146, blocks/1
2024-09-23 15:59:34,850 P300564 INFO Validation samples: total/200041, blocks/1
2024-09-23 15:59:34,850 P300564 INFO Loading train and validation data done.
2024-09-23 15:59:34,850 P300564 INFO Start training: 171 batches/epoch
2024-09-23 15:59:34,850 P300564 INFO ************ Epoch=1 start ************
2024-09-23 15:59:55,041 P300564 INFO Train loss: 0.392767
2024-09-23 15:59:55,041 P300564 INFO Evaluation @epoch 1 - batch 171: 
2024-09-23 15:59:56,818 P300564 INFO [Metrics] AUC: 0.817149 - logloss: 0.345503
2024-09-23 15:59:56,819 P300564 INFO Save best model: monitor(max)=0.817149
2024-09-23 15:59:56,857 P300564 INFO ************ Epoch=1 end ************
2024-09-23 16:00:15,533 P300564 INFO Train loss: 0.364648
2024-09-23 16:00:15,534 P300564 INFO Evaluation @epoch 2 - batch 171: 
2024-09-23 16:00:17,368 P300564 INFO [Metrics] AUC: 0.826388 - logloss: 0.339271
2024-09-23 16:00:17,369 P300564 INFO Save best model: monitor(max)=0.826388
2024-09-23 16:00:17,420 P300564 INFO ************ Epoch=2 end ************
2024-09-23 16:00:36,159 P300564 INFO Train loss: 0.359848
2024-09-23 16:00:36,160 P300564 INFO Evaluation @epoch 3 - batch 171: 
2024-09-23 16:00:37,971 P300564 INFO [Metrics] AUC: 0.833017 - logloss: 0.333982
2024-09-23 16:00:37,972 P300564 INFO Save best model: monitor(max)=0.833017
2024-09-23 16:00:38,024 P300564 INFO ************ Epoch=3 end ************
2024-09-23 16:00:56,782 P300564 INFO Train loss: 0.357882
2024-09-23 16:00:56,782 P300564 INFO Evaluation @epoch 4 - batch 171: 
2024-09-23 16:00:58,621 P300564 INFO [Metrics] AUC: 0.835909 - logloss: 0.331434
2024-09-23 16:00:58,622 P300564 INFO Save best model: monitor(max)=0.835909
2024-09-23 16:00:58,674 P300564 INFO ************ Epoch=4 end ************
2024-09-23 16:01:17,440 P300564 INFO Train loss: 0.355589
2024-09-23 16:01:17,441 P300564 INFO Evaluation @epoch 5 - batch 171: 
2024-09-23 16:01:19,281 P300564 INFO [Metrics] AUC: 0.838928 - logloss: 0.329623
2024-09-23 16:01:19,282 P300564 INFO Save best model: monitor(max)=0.838928
2024-09-23 16:01:19,336 P300564 INFO ************ Epoch=5 end ************
2024-09-23 16:01:38,146 P300564 INFO Train loss: 0.354261
2024-09-23 16:01:38,147 P300564 INFO Evaluation @epoch 6 - batch 171: 
2024-09-23 16:01:39,968 P300564 INFO [Metrics] AUC: 0.840613 - logloss: 0.327566
2024-09-23 16:01:39,968 P300564 INFO Save best model: monitor(max)=0.840613
2024-09-23 16:01:40,025 P300564 INFO ************ Epoch=6 end ************
2024-09-23 16:01:58,721 P300564 INFO Train loss: 0.352743
2024-09-23 16:01:58,721 P300564 INFO Evaluation @epoch 7 - batch 171: 
2024-09-23 16:02:00,601 P300564 INFO [Metrics] AUC: 0.840216 - logloss: 0.328229
2024-09-23 16:02:00,601 P300564 INFO Monitor(max)=0.840216 STOP!
2024-09-23 16:02:00,601 P300564 INFO Reduce learning rate on plateau: 0.000100
2024-09-23 16:02:00,653 P300564 INFO ************ Epoch=7 end ************
2024-09-23 16:02:19,293 P300564 INFO Train loss: 0.327222
2024-09-23 16:02:19,294 P300564 INFO Evaluation @epoch 8 - batch 171: 
2024-09-23 16:02:21,093 P300564 INFO [Metrics] AUC: 0.849364 - logloss: 0.322275
2024-09-23 16:02:21,094 P300564 INFO Save best model: monitor(max)=0.849364
2024-09-23 16:02:21,147 P300564 INFO ************ Epoch=8 end ************
2024-09-23 16:02:39,783 P300564 INFO Train loss: 0.314701
2024-09-23 16:02:39,783 P300564 INFO Evaluation @epoch 9 - batch 171: 
2024-09-23 16:02:41,620 P300564 INFO [Metrics] AUC: 0.851540 - logloss: 0.320786
2024-09-23 16:02:41,621 P300564 INFO Save best model: monitor(max)=0.851540
2024-09-23 16:02:41,674 P300564 INFO ************ Epoch=9 end ************
2024-09-23 16:03:00,301 P300564 INFO Train loss: 0.307860
2024-09-23 16:03:00,302 P300564 INFO Evaluation @epoch 10 - batch 171: 
2024-09-23 16:03:02,261 P300564 INFO [Metrics] AUC: 0.852506 - logloss: 0.320992
2024-09-23 16:03:02,261 P300564 INFO Save best model: monitor(max)=0.852506
2024-09-23 16:03:02,315 P300564 INFO ************ Epoch=10 end ************
2024-09-23 16:03:21,274 P300564 INFO Train loss: 0.303088
2024-09-23 16:03:21,275 P300564 INFO Evaluation @epoch 11 - batch 171: 
2024-09-23 16:03:23,254 P300564 INFO [Metrics] AUC: 0.852135 - logloss: 0.322298
2024-09-23 16:03:23,255 P300564 INFO Monitor(max)=0.852135 STOP!
2024-09-23 16:03:23,255 P300564 INFO Reduce learning rate on plateau: 0.000010
2024-09-23 16:03:23,316 P300564 INFO ************ Epoch=11 end ************
2024-09-23 16:03:43,130 P300564 INFO Train loss: 0.289821
2024-09-23 16:03:43,131 P300564 INFO Evaluation @epoch 12 - batch 171: 
2024-09-23 16:03:44,982 P300564 INFO [Metrics] AUC: 0.851228 - logloss: 0.325916
2024-09-23 16:03:44,983 P300564 INFO Monitor(max)=0.851228 STOP!
2024-09-23 16:03:44,983 P300564 INFO Reduce learning rate on plateau: 0.000001
2024-09-23 16:03:44,983 P300564 INFO ********* Epoch=12 early stop *********
2024-09-23 16:03:45,036 P300564 INFO Training finished.
2024-09-23 16:03:45,036 P300564 INFO Load best model: /workspace/checkpoints/ML_1M_7_x1/ViTDCNv3_ML_1M_009_38f2fbee.model
