2024-09-23 02:46:32,817 P124022 INFO FuxiCTR version: 2.3.2
2024-09-23 02:46:32,817 P124022 INFO Params: {
    "batch_norm": "True",
    "batch_size": "4096",
    "data_format": "csv",
    "data_root": "dataset/",
    "dataset_id": "ML_1M_7_x1",
    "debug_mode": "False",
    "deep_net_dropout": "0.1",
    "early_stop_patience": "2",
    "embedding_dim": "16",
    "embedding_regularizer": "0.01",
    "epochs": "100",
    "eval_steps": "None",
    "feature_cols": "[{'active': True, 'dtype': 'str', 'name': ['UserID', 'Gender', 'Age', 'Occupation', 'MovieID', 'Release'], 'type': 'categorical'}, {'active': True, 'dtype': 'str', 'encoder': 'MaskedSumPooling', 'max_len': 5, 'name': 'Genres', 'splitter': '^', 'type': 'sequence'}]",
    "feature_config": "None",
    "feature_specs": "None",
    "gpu": "0",
    "group_id": "None",
    "label_col": "{'dtype': 'float', 'name': 'Label'}",
    "layer_norm": "True",
    "learning_rate": "0.001",
    "loss": "binary_crossentropy",
    "metrics": "['logloss', 'AUC']",
    "min_categr_count": "1",
    "model": "ViTDCNv3",
    "model_id": "ViTDCNv3_ML_1M_006_f6777e95",
    "model_root": "./checkpoints/",
    "monitor": "{'AUC': 1, 'logloss': 0}",
    "monitor_mode": "max",
    "net_regularizer": "0",
    "num_deep_cross_layers": "2",
    "num_heads": "1",
    "num_shallow_cross_layers": "2",
    "num_workers": "4",
    "optimizer": "adam",
    "pickle_feature_encoder": "True",
    "save_best_only": "True",
    "seed": "2024",
    "shallow_net_dropout": "0.1",
    "shuffle": "True",
    "task": "binary_classification",
    "test_data": "dataset/ML_1M/test.csv",
    "train_data": "dataset/ML_1M/train.csv",
    "use_features": "None",
    "valid_data": "dataset/ML_1M/valid.csv",
    "verbose": "1",
    "vit_hidden_dim": "32",
    "vit_num_heads": "8",
    "vit_num_layers": "2",
    "vit_patch_size": "4"
}
2024-09-23 02:46:32,818 P124022 INFO Set up feature processor...
2024-09-23 02:46:32,818 P124022 WARNING Skip rebuilding dataset/ML_1M_7_x1/feature_map.json. Please delete it manually if rebuilding is required.
2024-09-23 02:46:32,819 P124022 INFO Load feature_map from json: dataset/ML_1M_7_x1/feature_map.json
2024-09-23 02:46:32,819 P124022 INFO Set column index...
2024-09-23 02:46:32,819 P124022 INFO Feature specs: {
    "Age": "{'source': '', 'type': 'categorical', 'padding_idx': 0, 'vocab_size': 9}",
    "Gender": "{'source': '', 'type': 'categorical', 'padding_idx': 0, 'vocab_size': 4}",
    "Genres": "{'source': '', 'type': 'sequence', 'feature_encoder': 'layers.MaskedAveragePooling()', 'padding_idx': 0, 'max_len': 5, 'vocab_size': 302}",
    "MovieID": "{'source': '', 'type': 'categorical', 'padding_idx': 0, 'vocab_size': 3659}",
    "Occupation": "{'source': '', 'type': 'categorical', 'padding_idx': 0, 'vocab_size': 23}",
    "Release": "{'source': '', 'type': 'categorical', 'padding_idx': 0, 'vocab_size': 83}",
    "UserID": "{'source': '', 'type': 'categorical', 'padding_idx': 0, 'vocab_size': 6042}"
}
2024-09-23 02:46:34,158 P124022 INFO Total number of parameters: 1297898.
2024-09-23 02:46:34,158 P124022 INFO Loading datasets...
2024-09-23 02:46:36,094 P124022 INFO Train samples: total/700146, blocks/1
2024-09-23 02:46:36,704 P124022 INFO Validation samples: total/200041, blocks/1
2024-09-23 02:46:36,704 P124022 INFO Loading train and validation data done.
2024-09-23 02:46:36,704 P124022 INFO Start training: 171 batches/epoch
2024-09-23 02:46:36,704 P124022 INFO ************ Epoch=1 start ************
2024-09-23 02:48:20,303 P124022 INFO Train loss: 0.419770
2024-09-23 02:48:20,303 P124022 INFO Evaluation @epoch 1 - batch 171: 
2024-09-23 02:48:26,763 P124022 INFO [Metrics] AUC: 0.813185 - logloss: 0.349845
2024-09-23 02:48:26,764 P124022 INFO Save best model: monitor(max)=0.813185
2024-09-23 02:48:26,810 P124022 INFO ************ Epoch=1 end ************
2024-09-23 02:50:08,525 P124022 INFO Train loss: 0.367884
2024-09-23 02:50:08,526 P124022 INFO Evaluation @epoch 2 - batch 171: 
2024-09-23 02:50:14,926 P124022 INFO [Metrics] AUC: 0.824305 - logloss: 0.340718
2024-09-23 02:50:14,927 P124022 INFO Save best model: monitor(max)=0.824305
2024-09-23 02:50:14,992 P124022 INFO ************ Epoch=2 end ************
2024-09-23 02:51:55,410 P124022 INFO Train loss: 0.360839
2024-09-23 02:51:55,410 P124022 INFO Evaluation @epoch 3 - batch 171: 
2024-09-23 02:52:00,714 P124022 INFO [Metrics] AUC: 0.831382 - logloss: 0.335547
2024-09-23 02:52:00,715 P124022 INFO Save best model: monitor(max)=0.831382
2024-09-23 02:52:00,788 P124022 INFO ************ Epoch=3 end ************
2024-09-23 02:53:40,452 P124022 INFO Train loss: 0.357524
2024-09-23 02:53:40,453 P124022 INFO Evaluation @epoch 4 - batch 171: 
2024-09-23 02:53:46,953 P124022 INFO [Metrics] AUC: 0.835012 - logloss: 0.332591
2024-09-23 02:53:46,953 P124022 INFO Save best model: monitor(max)=0.835012
2024-09-23 02:53:47,043 P124022 INFO ************ Epoch=4 end ************
2024-09-23 02:55:25,380 P124022 INFO Train loss: 0.355749
2024-09-23 02:55:25,380 P124022 INFO Evaluation @epoch 5 - batch 171: 
2024-09-23 02:55:31,769 P124022 INFO [Metrics] AUC: 0.838510 - logloss: 0.329991
2024-09-23 02:55:31,770 P124022 INFO Save best model: monitor(max)=0.838510
2024-09-23 02:55:31,853 P124022 INFO ************ Epoch=5 end ************
2024-09-23 02:57:13,657 P124022 INFO Train loss: 0.353982
2024-09-23 02:57:13,658 P124022 INFO Evaluation @epoch 6 - batch 171: 
2024-09-23 02:57:20,175 P124022 INFO [Metrics] AUC: 0.839122 - logloss: 0.329648
2024-09-23 02:57:20,176 P124022 INFO Save best model: monitor(max)=0.839122
2024-09-23 02:57:20,260 P124022 INFO ************ Epoch=6 end ************
2024-09-23 02:59:01,504 P124022 INFO Train loss: 0.352213
2024-09-23 02:59:01,505 P124022 INFO Evaluation @epoch 7 - batch 171: 
2024-09-23 02:59:07,922 P124022 INFO [Metrics] AUC: 0.840710 - logloss: 0.327769
2024-09-23 02:59:07,923 P124022 INFO Save best model: monitor(max)=0.840710
2024-09-23 02:59:08,003 P124022 INFO ************ Epoch=7 end ************
2024-09-23 03:00:47,716 P124022 INFO Train loss: 0.351607
2024-09-23 03:00:47,717 P124022 INFO Evaluation @epoch 8 - batch 171: 
2024-09-23 03:00:53,036 P124022 INFO [Metrics] AUC: 0.841128 - logloss: 0.327700
2024-09-23 03:00:53,036 P124022 INFO Save best model: monitor(max)=0.841128
2024-09-23 03:00:53,106 P124022 INFO ************ Epoch=8 end ************
2024-09-23 03:02:33,841 P124022 INFO Train loss: 0.350813
2024-09-23 03:02:33,842 P124022 INFO Evaluation @epoch 9 - batch 171: 
2024-09-23 03:02:40,208 P124022 INFO [Metrics] AUC: 0.841820 - logloss: 0.327029
2024-09-23 03:02:40,209 P124022 INFO Save best model: monitor(max)=0.841820
2024-09-23 03:02:40,279 P124022 INFO ************ Epoch=9 end ************
2024-09-23 03:04:21,879 P124022 INFO Train loss: 0.350092
2024-09-23 03:04:21,880 P124022 INFO Evaluation @epoch 10 - batch 171: 
2024-09-23 03:04:28,366 P124022 INFO [Metrics] AUC: 0.841997 - logloss: 0.326855
2024-09-23 03:04:28,367 P124022 INFO Save best model: monitor(max)=0.841997
2024-09-23 03:04:28,434 P124022 INFO ************ Epoch=10 end ************
2024-09-23 03:06:09,547 P124022 INFO Train loss: 0.349937
2024-09-23 03:06:09,547 P124022 INFO Evaluation @epoch 11 - batch 171: 
2024-09-23 03:06:16,039 P124022 INFO [Metrics] AUC: 0.843467 - logloss: 0.325969
2024-09-23 03:06:16,040 P124022 INFO Save best model: monitor(max)=0.843467
2024-09-23 03:06:16,108 P124022 INFO ************ Epoch=11 end ************
2024-09-23 03:07:57,934 P124022 INFO Train loss: 0.349452
2024-09-23 03:07:57,935 P124022 INFO Evaluation @epoch 12 - batch 171: 
2024-09-23 03:08:04,412 P124022 INFO [Metrics] AUC: 0.843924 - logloss: 0.326217
2024-09-23 03:08:04,413 P124022 INFO Save best model: monitor(max)=0.843924
2024-09-23 03:08:04,484 P124022 INFO ************ Epoch=12 end ************
2024-09-23 03:09:45,757 P124022 INFO Train loss: 0.348594
2024-09-23 03:09:45,758 P124022 INFO Evaluation @epoch 13 - batch 171: 
2024-09-23 03:09:52,134 P124022 INFO [Metrics] AUC: 0.843776 - logloss: 0.324961
2024-09-23 03:09:52,135 P124022 INFO Monitor(max)=0.843776 STOP!
2024-09-23 03:09:52,135 P124022 INFO Reduce learning rate on plateau: 0.000100
2024-09-23 03:09:52,211 P124022 INFO ************ Epoch=13 end ************
2024-09-23 03:11:33,589 P124022 INFO Train loss: 0.321643
2024-09-23 03:11:33,589 P124022 INFO Evaluation @epoch 14 - batch 171: 
2024-09-23 03:11:39,820 P124022 INFO [Metrics] AUC: 0.850850 - logloss: 0.321286
2024-09-23 03:11:39,821 P124022 INFO Save best model: monitor(max)=0.850850
2024-09-23 03:11:39,905 P124022 INFO ************ Epoch=14 end ************
2024-09-23 03:13:21,915 P124022 INFO Train loss: 0.309524
2024-09-23 03:13:21,915 P124022 INFO Evaluation @epoch 15 - batch 171: 
2024-09-23 03:13:28,024 P124022 INFO [Metrics] AUC: 0.853218 - logloss: 0.320221
2024-09-23 03:13:28,025 P124022 INFO Save best model: monitor(max)=0.853218
2024-09-23 03:13:28,091 P124022 INFO ************ Epoch=15 end ************
2024-09-23 03:15:05,776 P124022 INFO Train loss: 0.302913
2024-09-23 03:15:05,777 P124022 INFO Evaluation @epoch 16 - batch 171: 
2024-09-23 03:15:12,304 P124022 INFO [Metrics] AUC: 0.853745 - logloss: 0.320680
2024-09-23 03:15:12,305 P124022 INFO Save best model: monitor(max)=0.853745
2024-09-23 03:15:12,377 P124022 INFO ************ Epoch=16 end ************
2024-09-23 03:16:50,900 P124022 INFO Train loss: 0.298415
2024-09-23 03:16:50,900 P124022 INFO Evaluation @epoch 17 - batch 171: 
2024-09-23 03:16:57,415 P124022 INFO [Metrics] AUC: 0.853448 - logloss: 0.322029
2024-09-23 03:16:57,415 P124022 INFO Monitor(max)=0.853448 STOP!
2024-09-23 03:16:57,416 P124022 INFO Reduce learning rate on plateau: 0.000010
2024-09-23 03:16:57,485 P124022 INFO ************ Epoch=17 end ************
2024-09-23 03:18:39,297 P124022 INFO Train loss: 0.284764
2024-09-23 03:18:39,298 P124022 INFO Evaluation @epoch 18 - batch 171: 
2024-09-23 03:18:45,485 P124022 INFO [Metrics] AUC: 0.852459 - logloss: 0.324912
2024-09-23 03:18:45,485 P124022 INFO Monitor(max)=0.852459 STOP!
2024-09-23 03:18:45,486 P124022 INFO Reduce learning rate on plateau: 0.000001
2024-09-23 03:18:45,486 P124022 INFO ********* Epoch=18 early stop *********
2024-09-23 03:18:45,566 P124022 INFO Training finished.
2024-09-23 03:18:45,566 P124022 INFO Load best model: /workspace/checkpoints/ML_1M_7_x1/ViTDCNv3_ML_1M_006_f6777e95.model
