2024-09-23 09:56:04,289 P278374 INFO FuxiCTR version: 2.3.2
2024-09-23 09:56:04,289 P278374 INFO Params: {
    "batch_norm": "False",
    "batch_size": "4096",
    "data_format": "csv",
    "data_root": "dataset/",
    "dataset_id": "ML_1M_7_x1",
    "debug_mode": "False",
    "early_stop_patience": "2",
    "embedding_dim": "16",
    "embedding_regularizer": "0.01",
    "epochs": "100",
    "eval_steps": "None",
    "feature_cols": "[{'active': True, 'dtype': 'str', 'name': ['UserID', 'Gender', 'Age', 'Occupation', 'MovieID', 'Release'], 'type': 'categorical'}, {'active': True, 'dtype': 'str', 'encoder': 'MaskedSumPooling', 'max_len': 5, 'name': 'Genres', 'splitter': '^', 'type': 'sequence'}]",
    "feature_config": "None",
    "feature_specs": "None",
    "gpu": "0",
    "group_id": "None",
    "label_col": "{'dtype': 'float', 'name': 'Label'}",
    "layer_norm": "True",
    "learning_rate": "0.001",
    "loss": "binary_crossentropy",
    "metrics": "['logloss', 'AUC']",
    "min_categr_count": "1",
    "model": "ViTDCNv2",
    "model_id": "ViTDCNv2_ML_1M_020_af941245",
    "model_root": "./checkpoints/",
    "monitor": "{'AUC': 1, 'logloss': 0}",
    "monitor_mode": "max",
    "net_dropout": "0.1",
    "net_regularizer": "0",
    "num_cross_layers": "2",
    "num_heads": "1",
    "num_workers": "4",
    "optimizer": "adam",
    "parallel_dnn_hidden_units": "[512, 128]",
    "pickle_feature_encoder": "True",
    "save_best_only": "True",
    "seed": "2024",
    "shuffle": "True",
    "task": "binary_classification",
    "test_data": "dataset/ML_1M/test.csv",
    "train_data": "dataset/ML_1M/train.csv",
    "use_features": "None",
    "valid_data": "dataset/ML_1M/valid.csv",
    "verbose": "1",
    "vit_hidden_dim": "128",
    "vit_num_heads": "4",
    "vit_num_layers": "1",
    "vit_patch_size": "4"
}
2024-09-23 09:56:04,291 P278374 INFO Set up feature processor...
2024-09-23 09:56:04,291 P278374 WARNING Skip rebuilding dataset/ML_1M_7_x1/feature_map.json. Please delete it manually if rebuilding is required.
2024-09-23 09:56:04,291 P278374 INFO Load feature_map from json: dataset/ML_1M_7_x1/feature_map.json
2024-09-23 09:56:04,292 P278374 INFO Set column index...
2024-09-23 09:56:04,292 P278374 INFO Feature specs: {
    "Age": "{'source': '', 'type': 'categorical', 'padding_idx': 0, 'vocab_size': 9}",
    "Gender": "{'source': '', 'type': 'categorical', 'padding_idx': 0, 'vocab_size': 4}",
    "Genres": "{'source': '', 'type': 'sequence', 'feature_encoder': 'layers.MaskedAveragePooling()', 'padding_idx': 0, 'max_len': 5, 'vocab_size': 302}",
    "MovieID": "{'source': '', 'type': 'categorical', 'padding_idx': 0, 'vocab_size': 3659}",
    "Occupation": "{'source': '', 'type': 'categorical', 'padding_idx': 0, 'vocab_size': 23}",
    "Release": "{'source': '', 'type': 'categorical', 'padding_idx': 0, 'vocab_size': 83}",
    "UserID": "{'source': '', 'type': 'categorical', 'padding_idx': 0, 'vocab_size': 6042}"
}
2024-09-23 09:56:05,635 P278374 INFO Total number of parameters: 1531025.
2024-09-23 09:56:05,635 P278374 INFO Loading datasets...
2024-09-23 09:56:07,991 P278374 INFO Train samples: total/700146, blocks/1
2024-09-23 09:56:08,369 P278374 INFO Validation samples: total/200041, blocks/1
2024-09-23 09:56:08,369 P278374 INFO Loading train and validation data done.
2024-09-23 09:56:08,369 P278374 INFO Start training: 171 batches/epoch
2024-09-23 09:56:08,369 P278374 INFO ************ Epoch=1 start ************
2024-09-23 09:57:08,049 P278374 INFO Train loss: 0.415794
2024-09-23 09:57:08,049 P278374 INFO Evaluation @epoch 1 - batch 171: 
2024-09-23 09:57:11,722 P278374 INFO [Metrics] AUC: 0.801297 - logloss: 0.357730
2024-09-23 09:57:11,723 P278374 INFO Save best model: monitor(max)=0.801297
2024-09-23 09:57:11,775 P278374 INFO ************ Epoch=1 end ************
2024-09-23 09:58:08,930 P278374 INFO Train loss: 0.376994
2024-09-23 09:58:08,931 P278374 INFO Evaluation @epoch 2 - batch 171: 
2024-09-23 09:58:12,562 P278374 INFO [Metrics] AUC: 0.806207 - logloss: 0.354271
2024-09-23 09:58:12,563 P278374 INFO Save best model: monitor(max)=0.806207
2024-09-23 09:58:12,642 P278374 INFO ************ Epoch=2 end ************
2024-09-23 09:59:07,045 P278374 INFO Train loss: 0.370959
2024-09-23 09:59:07,045 P278374 INFO Evaluation @epoch 3 - batch 171: 
2024-09-23 09:59:10,739 P278374 INFO [Metrics] AUC: 0.813060 - logloss: 0.348529
2024-09-23 09:59:10,740 P278374 INFO Save best model: monitor(max)=0.813060
2024-09-23 09:59:10,810 P278374 INFO ************ Epoch=3 end ************
2024-09-23 10:00:09,365 P278374 INFO Train loss: 0.365973
2024-09-23 10:00:09,366 P278374 INFO Evaluation @epoch 4 - batch 171: 
2024-09-23 10:00:13,023 P278374 INFO [Metrics] AUC: 0.819334 - logloss: 0.343763
2024-09-23 10:00:13,024 P278374 INFO Save best model: monitor(max)=0.819334
2024-09-23 10:00:13,096 P278374 INFO ************ Epoch=4 end ************
2024-09-23 10:01:10,406 P278374 INFO Train loss: 0.362107
2024-09-23 10:01:10,406 P278374 INFO Evaluation @epoch 5 - batch 171: 
2024-09-23 10:01:14,021 P278374 INFO [Metrics] AUC: 0.826976 - logloss: 0.338369
2024-09-23 10:01:14,022 P278374 INFO Save best model: monitor(max)=0.826976
2024-09-23 10:01:14,104 P278374 INFO ************ Epoch=5 end ************
2024-09-23 10:02:12,038 P278374 INFO Train loss: 0.359197
2024-09-23 10:02:12,039 P278374 INFO Evaluation @epoch 6 - batch 171: 
2024-09-23 10:02:15,906 P278374 INFO [Metrics] AUC: 0.831252 - logloss: 0.334983
2024-09-23 10:02:15,906 P278374 INFO Save best model: monitor(max)=0.831252
2024-09-23 10:02:15,991 P278374 INFO ************ Epoch=6 end ************
2024-09-23 10:03:13,629 P278374 INFO Train loss: 0.356177
2024-09-23 10:03:13,629 P278374 INFO Evaluation @epoch 7 - batch 171: 
2024-09-23 10:03:17,313 P278374 INFO [Metrics] AUC: 0.834388 - logloss: 0.332870
2024-09-23 10:03:17,314 P278374 INFO Save best model: monitor(max)=0.834388
2024-09-23 10:03:17,395 P278374 INFO ************ Epoch=7 end ************
2024-09-23 10:04:15,646 P278374 INFO Train loss: 0.352694
2024-09-23 10:04:15,646 P278374 INFO Evaluation @epoch 8 - batch 171: 
2024-09-23 10:04:19,224 P278374 INFO [Metrics] AUC: 0.837776 - logloss: 0.330180
2024-09-23 10:04:19,225 P278374 INFO Save best model: monitor(max)=0.837776
2024-09-23 10:04:19,300 P278374 INFO ************ Epoch=8 end ************
2024-09-23 10:05:17,987 P278374 INFO Train loss: 0.350220
2024-09-23 10:05:17,987 P278374 INFO Evaluation @epoch 9 - batch 171: 
2024-09-23 10:05:21,489 P278374 INFO [Metrics] AUC: 0.840800 - logloss: 0.327950
2024-09-23 10:05:21,490 P278374 INFO Save best model: monitor(max)=0.840800
2024-09-23 10:05:21,556 P278374 INFO ************ Epoch=9 end ************
2024-09-23 10:06:19,655 P278374 INFO Train loss: 0.348572
2024-09-23 10:06:19,655 P278374 INFO Evaluation @epoch 10 - batch 171: 
2024-09-23 10:06:23,453 P278374 INFO [Metrics] AUC: 0.841430 - logloss: 0.326961
2024-09-23 10:06:23,454 P278374 INFO Save best model: monitor(max)=0.841430
2024-09-23 10:06:23,526 P278374 INFO ************ Epoch=10 end ************
2024-09-23 10:07:21,147 P278374 INFO Train loss: 0.347188
2024-09-23 10:07:21,147 P278374 INFO Evaluation @epoch 11 - batch 171: 
2024-09-23 10:07:25,109 P278374 INFO [Metrics] AUC: 0.841227 - logloss: 0.327475
2024-09-23 10:07:25,110 P278374 INFO Monitor(max)=0.841227 STOP!
2024-09-23 10:07:25,110 P278374 INFO Reduce learning rate on plateau: 0.000100
2024-09-23 10:07:25,197 P278374 INFO ************ Epoch=11 end ************
2024-09-23 10:08:23,562 P278374 INFO Train loss: 0.321875
2024-09-23 10:08:23,563 P278374 INFO Evaluation @epoch 12 - batch 171: 
2024-09-23 10:08:27,328 P278374 INFO [Metrics] AUC: 0.848717 - logloss: 0.322937
2024-09-23 10:08:27,329 P278374 INFO Save best model: monitor(max)=0.848717
2024-09-23 10:08:27,425 P278374 INFO ************ Epoch=12 end ************
2024-09-23 10:09:25,392 P278374 INFO Train loss: 0.310971
2024-09-23 10:09:25,392 P278374 INFO Evaluation @epoch 13 - batch 171: 
2024-09-23 10:09:29,080 P278374 INFO [Metrics] AUC: 0.850715 - logloss: 0.321768
2024-09-23 10:09:29,081 P278374 INFO Save best model: monitor(max)=0.850715
2024-09-23 10:09:29,151 P278374 INFO ************ Epoch=13 end ************
2024-09-23 10:10:27,376 P278374 INFO Train loss: 0.305423
2024-09-23 10:10:27,377 P278374 INFO Evaluation @epoch 14 - batch 171: 
2024-09-23 10:10:31,222 P278374 INFO [Metrics] AUC: 0.851130 - logloss: 0.322232
2024-09-23 10:10:31,223 P278374 INFO Save best model: monitor(max)=0.851130
2024-09-23 10:10:31,299 P278374 INFO ************ Epoch=14 end ************
2024-09-23 10:11:28,767 P278374 INFO Train loss: 0.301591
2024-09-23 10:11:28,767 P278374 INFO Evaluation @epoch 15 - batch 171: 
2024-09-23 10:11:32,362 P278374 INFO [Metrics] AUC: 0.850891 - logloss: 0.323513
2024-09-23 10:11:32,362 P278374 INFO Monitor(max)=0.850891 STOP!
2024-09-23 10:11:32,363 P278374 INFO Reduce learning rate on plateau: 0.000010
2024-09-23 10:11:32,461 P278374 INFO ************ Epoch=15 end ************
2024-09-23 10:12:31,063 P278374 INFO Train loss: 0.291421
2024-09-23 10:12:31,063 P278374 INFO Evaluation @epoch 16 - batch 171: 
2024-09-23 10:12:34,817 P278374 INFO [Metrics] AUC: 0.850697 - logloss: 0.325475
2024-09-23 10:12:34,818 P278374 INFO Monitor(max)=0.850697 STOP!
2024-09-23 10:12:34,819 P278374 INFO Reduce learning rate on plateau: 0.000001
2024-09-23 10:12:34,819 P278374 INFO ********* Epoch=16 early stop *********
2024-09-23 10:12:34,917 P278374 INFO Training finished.
2024-09-23 10:12:34,917 P278374 INFO Load best model: /workspace/checkpoints/ML_1M_7_x1/ViTDCNv2_ML_1M_020_af941245.model
