2024-09-23 09:04:35,200 P260992 INFO FuxiCTR version: 2.3.2
2024-09-23 09:04:35,200 P260992 INFO Params: {
    "batch_norm": "True",
    "batch_size": "4096",
    "data_format": "csv",
    "data_root": "dataset/",
    "dataset_id": "ML_1M_7_x1",
    "debug_mode": "False",
    "deep_net_dropout": "0.1",
    "early_stop_patience": "2",
    "embedding_dim": "16",
    "embedding_regularizer": "0.01",
    "epochs": "100",
    "eval_steps": "None",
    "feature_cols": "[{'active': True, 'dtype': 'str', 'name': ['UserID', 'Gender', 'Age', 'Occupation', 'MovieID', 'Release'], 'type': 'categorical'}, {'active': True, 'dtype': 'str', 'encoder': 'MaskedSumPooling', 'max_len': 5, 'name': 'Genres', 'splitter': '^', 'type': 'sequence'}]",
    "feature_config": "None",
    "feature_specs": "None",
    "gpu": "0",
    "group_id": "None",
    "label_col": "{'dtype': 'float', 'name': 'Label'}",
    "layer_norm": "True",
    "learning_rate": "0.001",
    "loss": "binary_crossentropy",
    "metrics": "['logloss', 'AUC']",
    "min_categr_count": "1",
    "model": "ViTDCNv3",
    "model_id": "ViTDCNv3_ML_1M_017_34b95873",
    "model_root": "./checkpoints/",
    "monitor": "{'AUC': 1, 'logloss': 0}",
    "monitor_mode": "max",
    "net_regularizer": "0",
    "num_deep_cross_layers": "2",
    "num_heads": "1",
    "num_shallow_cross_layers": "2",
    "num_workers": "4",
    "optimizer": "adam",
    "pickle_feature_encoder": "True",
    "save_best_only": "True",
    "seed": "2024",
    "shallow_net_dropout": "0.1",
    "shuffle": "True",
    "task": "binary_classification",
    "test_data": "dataset/ML_1M/test.csv",
    "train_data": "dataset/ML_1M/train.csv",
    "use_features": "None",
    "valid_data": "dataset/ML_1M/valid.csv",
    "verbose": "1",
    "vit_hidden_dim": "64",
    "vit_num_heads": "4",
    "vit_num_layers": "4",
    "vit_patch_size": "4"
}
2024-09-23 09:04:35,202 P260992 INFO Set up feature processor...
2024-09-23 09:04:35,202 P260992 WARNING Skip rebuilding dataset/ML_1M_7_x1/feature_map.json. Please delete it manually if rebuilding is required.
2024-09-23 09:04:35,203 P260992 INFO Load feature_map from json: dataset/ML_1M_7_x1/feature_map.json
2024-09-23 09:04:35,203 P260992 INFO Set column index...
2024-09-23 09:04:35,203 P260992 INFO Feature specs: {
    "Age": "{'source': '', 'type': 'categorical', 'padding_idx': 0, 'vocab_size': 9}",
    "Gender": "{'source': '', 'type': 'categorical', 'padding_idx': 0, 'vocab_size': 4}",
    "Genres": "{'source': '', 'type': 'sequence', 'feature_encoder': 'layers.MaskedAveragePooling()', 'padding_idx': 0, 'max_len': 5, 'vocab_size': 302}",
    "MovieID": "{'source': '', 'type': 'categorical', 'padding_idx': 0, 'vocab_size': 3659}",
    "Occupation": "{'source': '', 'type': 'categorical', 'padding_idx': 0, 'vocab_size': 23}",
    "Release": "{'source': '', 'type': 'categorical', 'padding_idx': 0, 'vocab_size': 83}",
    "UserID": "{'source': '', 'type': 'categorical', 'padding_idx': 0, 'vocab_size': 6042}"
}
2024-09-23 09:04:36,794 P260992 INFO Total number of parameters: 4705770.
2024-09-23 09:04:36,794 P260992 INFO Loading datasets...
2024-09-23 09:04:38,903 P260992 INFO Train samples: total/700146, blocks/1
2024-09-23 09:04:39,577 P260992 INFO Validation samples: total/200041, blocks/1
2024-09-23 09:04:39,578 P260992 INFO Loading train and validation data done.
2024-09-23 09:04:39,578 P260992 INFO Start training: 171 batches/epoch
2024-09-23 09:04:39,578 P260992 INFO ************ Epoch=1 start ************
2024-09-23 09:07:04,212 P260992 INFO Train loss: 0.405417
2024-09-23 09:07:04,213 P260992 INFO Evaluation @epoch 1 - batch 171: 
2024-09-23 09:07:12,461 P260992 INFO [Metrics] AUC: 0.812372 - logloss: 0.350761
2024-09-23 09:07:12,462 P260992 INFO Save best model: monitor(max)=0.812372
2024-09-23 09:07:12,522 P260992 INFO ************ Epoch=1 end ************
2024-09-23 09:09:38,150 P260992 INFO Train loss: 0.369171
2024-09-23 09:09:38,150 P260992 INFO Evaluation @epoch 2 - batch 171: 
2024-09-23 09:09:46,736 P260992 INFO [Metrics] AUC: 0.823714 - logloss: 0.341339
2024-09-23 09:09:46,736 P260992 INFO Save best model: monitor(max)=0.823714
2024-09-23 09:09:46,820 P260992 INFO ************ Epoch=2 end ************
2024-09-23 09:12:11,230 P260992 INFO Train loss: 0.363014
2024-09-23 09:12:11,231 P260992 INFO Evaluation @epoch 3 - batch 171: 
2024-09-23 09:12:19,794 P260992 INFO [Metrics] AUC: 0.831342 - logloss: 0.334904
2024-09-23 09:12:19,794 P260992 INFO Save best model: monitor(max)=0.831342
2024-09-23 09:12:19,884 P260992 INFO ************ Epoch=3 end ************
2024-09-23 09:14:46,159 P260992 INFO Train loss: 0.359627
2024-09-23 09:14:46,160 P260992 INFO Evaluation @epoch 4 - batch 171: 
2024-09-23 09:14:54,625 P260992 INFO [Metrics] AUC: 0.834030 - logloss: 0.333411
2024-09-23 09:14:54,626 P260992 INFO Save best model: monitor(max)=0.834030
2024-09-23 09:14:54,697 P260992 INFO ************ Epoch=4 end ************
2024-09-23 09:17:19,955 P260992 INFO Train loss: 0.357152
2024-09-23 09:17:19,956 P260992 INFO Evaluation @epoch 5 - batch 171: 
2024-09-23 09:17:28,493 P260992 INFO [Metrics] AUC: 0.837214 - logloss: 0.330752
2024-09-23 09:17:28,494 P260992 INFO Save best model: monitor(max)=0.837214
2024-09-23 09:17:28,588 P260992 INFO ************ Epoch=5 end ************
2024-09-23 09:19:55,318 P260992 INFO Train loss: 0.356157
2024-09-23 09:19:55,318 P260992 INFO Evaluation @epoch 6 - batch 171: 
2024-09-23 09:20:03,542 P260992 INFO [Metrics] AUC: 0.838542 - logloss: 0.330462
2024-09-23 09:20:03,543 P260992 INFO Save best model: monitor(max)=0.838542
2024-09-23 09:20:03,632 P260992 INFO ************ Epoch=6 end ************
2024-09-23 09:22:26,452 P260992 INFO Train loss: 0.354103
2024-09-23 09:22:26,453 P260992 INFO Evaluation @epoch 7 - batch 171: 
2024-09-23 09:22:34,767 P260992 INFO [Metrics] AUC: 0.839178 - logloss: 0.328942
2024-09-23 09:22:34,768 P260992 INFO Save best model: monitor(max)=0.839178
2024-09-23 09:22:34,863 P260992 INFO ************ Epoch=7 end ************
2024-09-23 09:24:56,922 P260992 INFO Train loss: 0.353293
2024-09-23 09:24:56,922 P260992 INFO Evaluation @epoch 8 - batch 171: 
2024-09-23 09:25:05,235 P260992 INFO [Metrics] AUC: 0.840516 - logloss: 0.328510
2024-09-23 09:25:05,236 P260992 INFO Save best model: monitor(max)=0.840516
2024-09-23 09:25:05,318 P260992 INFO ************ Epoch=8 end ************
2024-09-23 09:27:30,571 P260992 INFO Train loss: 0.352326
2024-09-23 09:27:30,571 P260992 INFO Evaluation @epoch 9 - batch 171: 
2024-09-23 09:27:39,383 P260992 INFO [Metrics] AUC: 0.841095 - logloss: 0.327737
2024-09-23 09:27:39,384 P260992 INFO Save best model: monitor(max)=0.841095
2024-09-23 09:27:39,450 P260992 INFO ************ Epoch=9 end ************
2024-09-23 09:30:04,024 P260992 INFO Train loss: 0.351216
2024-09-23 09:30:04,025 P260992 INFO Evaluation @epoch 10 - batch 171: 
2024-09-23 09:30:12,725 P260992 INFO [Metrics] AUC: 0.843064 - logloss: 0.326327
2024-09-23 09:30:12,726 P260992 INFO Save best model: monitor(max)=0.843064
2024-09-23 09:30:12,809 P260992 INFO ************ Epoch=10 end ************
2024-09-23 09:32:35,147 P260992 INFO Train loss: 0.350971
2024-09-23 09:32:35,148 P260992 INFO Evaluation @epoch 11 - batch 171: 
2024-09-23 09:32:43,889 P260992 INFO [Metrics] AUC: 0.841683 - logloss: 0.327303
2024-09-23 09:32:43,890 P260992 INFO Monitor(max)=0.841683 STOP!
2024-09-23 09:32:43,891 P260992 INFO Reduce learning rate on plateau: 0.000100
2024-09-23 09:32:43,994 P260992 INFO ************ Epoch=11 end ************
2024-09-23 09:35:10,002 P260992 INFO Train loss: 0.323977
2024-09-23 09:35:10,003 P260992 INFO Evaluation @epoch 12 - batch 171: 
2024-09-23 09:35:18,919 P260992 INFO [Metrics] AUC: 0.850359 - logloss: 0.321560
2024-09-23 09:35:18,920 P260992 INFO Save best model: monitor(max)=0.850359
2024-09-23 09:35:19,057 P260992 INFO ************ Epoch=12 end ************
2024-09-23 09:37:39,883 P260992 INFO Train loss: 0.310750
2024-09-23 09:37:39,883 P260992 INFO Evaluation @epoch 13 - batch 171: 
2024-09-23 09:37:48,350 P260992 INFO [Metrics] AUC: 0.852508 - logloss: 0.320428
2024-09-23 09:37:48,351 P260992 INFO Save best model: monitor(max)=0.852508
2024-09-23 09:37:48,425 P260992 INFO ************ Epoch=13 end ************
2024-09-23 09:40:10,763 P260992 INFO Train loss: 0.304036
2024-09-23 09:40:10,763 P260992 INFO Evaluation @epoch 14 - batch 171: 
2024-09-23 09:40:19,167 P260992 INFO [Metrics] AUC: 0.853245 - logloss: 0.320996
2024-09-23 09:40:19,168 P260992 INFO Save best model: monitor(max)=0.853245
2024-09-23 09:40:19,290 P260992 INFO ************ Epoch=14 end ************
2024-09-23 09:42:43,187 P260992 INFO Train loss: 0.299137
2024-09-23 09:42:43,188 P260992 INFO Evaluation @epoch 15 - batch 171: 
2024-09-23 09:42:50,922 P260992 INFO [Metrics] AUC: 0.853316 - logloss: 0.321949
2024-09-23 09:42:50,923 P260992 INFO Save best model: monitor(max)=0.853316
2024-09-23 09:42:50,996 P260992 INFO ************ Epoch=15 end ************
2024-09-23 09:45:09,267 P260992 INFO Train loss: 0.294699
2024-09-23 09:45:09,268 P260992 INFO Evaluation @epoch 16 - batch 171: 
2024-09-23 09:45:17,927 P260992 INFO [Metrics] AUC: 0.852829 - logloss: 0.323828
2024-09-23 09:45:17,927 P260992 INFO Monitor(max)=0.852829 STOP!
2024-09-23 09:45:17,928 P260992 INFO Reduce learning rate on plateau: 0.000010
2024-09-23 09:45:18,013 P260992 INFO ************ Epoch=16 end ************
2024-09-23 09:47:39,591 P260992 INFO Train loss: 0.280746
2024-09-23 09:47:39,591 P260992 INFO Evaluation @epoch 17 - batch 171: 
2024-09-23 09:47:48,324 P260992 INFO [Metrics] AUC: 0.852073 - logloss: 0.326881
2024-09-23 09:47:48,325 P260992 INFO Monitor(max)=0.852073 STOP!
2024-09-23 09:47:48,325 P260992 INFO Reduce learning rate on plateau: 0.000001
2024-09-23 09:47:48,325 P260992 INFO ********* Epoch=17 early stop *********
2024-09-23 09:47:48,409 P260992 INFO Training finished.
2024-09-23 09:47:48,409 P260992 INFO Load best model: /workspace/checkpoints/ML_1M_7_x1/ViTDCNv3_ML_1M_017_34b95873.model
