2024-09-23 10:12:42,109 P284200 INFO FuxiCTR version: 2.3.2
2024-09-23 10:12:42,109 P284200 INFO Params: {
    "batch_norm": "False",
    "batch_size": "4096",
    "data_format": "csv",
    "data_root": "dataset/",
    "dataset_id": "ML_1M_7_x1",
    "debug_mode": "False",
    "early_stop_patience": "2",
    "embedding_dim": "16",
    "embedding_regularizer": "0.01",
    "epochs": "100",
    "eval_steps": "None",
    "feature_cols": "[{'active': True, 'dtype': 'str', 'name': ['UserID', 'Gender', 'Age', 'Occupation', 'MovieID', 'Release'], 'type': 'categorical'}, {'active': True, 'dtype': 'str', 'encoder': 'MaskedSumPooling', 'max_len': 5, 'name': 'Genres', 'splitter': '^', 'type': 'sequence'}]",
    "feature_config": "None",
    "feature_specs": "None",
    "gpu": "0",
    "group_id": "None",
    "label_col": "{'dtype': 'float', 'name': 'Label'}",
    "layer_norm": "True",
    "learning_rate": "0.001",
    "loss": "binary_crossentropy",
    "metrics": "['logloss', 'AUC']",
    "min_categr_count": "1",
    "model": "ViTDCNv2",
    "model_id": "ViTDCNv2_ML_1M_021_0aad686f",
    "model_root": "./checkpoints/",
    "monitor": "{'AUC': 1, 'logloss': 0}",
    "monitor_mode": "max",
    "net_dropout": "0.1",
    "net_regularizer": "0",
    "num_cross_layers": "2",
    "num_heads": "1",
    "num_workers": "4",
    "optimizer": "adam",
    "parallel_dnn_hidden_units": "[512, 128]",
    "pickle_feature_encoder": "True",
    "save_best_only": "True",
    "seed": "2024",
    "shuffle": "True",
    "task": "binary_classification",
    "test_data": "dataset/ML_1M/test.csv",
    "train_data": "dataset/ML_1M/train.csv",
    "use_features": "None",
    "valid_data": "dataset/ML_1M/valid.csv",
    "verbose": "1",
    "vit_hidden_dim": "128",
    "vit_num_heads": "8",
    "vit_num_layers": "1",
    "vit_patch_size": "4"
}
2024-09-23 10:12:42,111 P284200 INFO Set up feature processor...
2024-09-23 10:12:42,111 P284200 WARNING Skip rebuilding dataset/ML_1M_7_x1/feature_map.json. Please delete it manually if rebuilding is required.
2024-09-23 10:12:42,112 P284200 INFO Load feature_map from json: dataset/ML_1M_7_x1/feature_map.json
2024-09-23 10:12:42,112 P284200 INFO Set column index...
2024-09-23 10:12:42,112 P284200 INFO Feature specs: {
    "Age": "{'source': '', 'type': 'categorical', 'padding_idx': 0, 'vocab_size': 9}",
    "Gender": "{'source': '', 'type': 'categorical', 'padding_idx': 0, 'vocab_size': 4}",
    "Genres": "{'source': '', 'type': 'sequence', 'feature_encoder': 'layers.MaskedAveragePooling()', 'padding_idx': 0, 'max_len': 5, 'vocab_size': 302}",
    "MovieID": "{'source': '', 'type': 'categorical', 'padding_idx': 0, 'vocab_size': 3659}",
    "Occupation": "{'source': '', 'type': 'categorical', 'padding_idx': 0, 'vocab_size': 23}",
    "Release": "{'source': '', 'type': 'categorical', 'padding_idx': 0, 'vocab_size': 83}",
    "UserID": "{'source': '', 'type': 'categorical', 'padding_idx': 0, 'vocab_size': 6042}"
}
2024-09-23 10:12:43,445 P284200 INFO Total number of parameters: 1531025.
2024-09-23 10:12:43,445 P284200 INFO Loading datasets...
2024-09-23 10:12:45,690 P284200 INFO Train samples: total/700146, blocks/1
2024-09-23 10:12:45,992 P284200 INFO Validation samples: total/200041, blocks/1
2024-09-23 10:12:45,992 P284200 INFO Loading train and validation data done.
2024-09-23 10:12:45,993 P284200 INFO Start training: 171 batches/epoch
2024-09-23 10:12:45,993 P284200 INFO ************ Epoch=1 start ************
2024-09-23 10:13:45,911 P284200 INFO Train loss: 0.416129
2024-09-23 10:13:45,911 P284200 INFO Evaluation @epoch 1 - batch 171: 
2024-09-23 10:13:49,694 P284200 INFO [Metrics] AUC: 0.801268 - logloss: 0.357732
2024-09-23 10:13:49,696 P284200 INFO Save best model: monitor(max)=0.801268
2024-09-23 10:13:49,771 P284200 INFO ************ Epoch=1 end ************
2024-09-23 10:14:48,526 P284200 INFO Train loss: 0.377190
2024-09-23 10:14:48,526 P284200 INFO Evaluation @epoch 2 - batch 171: 
2024-09-23 10:14:52,242 P284200 INFO [Metrics] AUC: 0.805960 - logloss: 0.354456
2024-09-23 10:14:52,243 P284200 INFO Save best model: monitor(max)=0.805960
2024-09-23 10:14:52,309 P284200 INFO ************ Epoch=2 end ************
2024-09-23 10:15:47,686 P284200 INFO Train loss: 0.371621
2024-09-23 10:15:47,686 P284200 INFO Evaluation @epoch 3 - batch 171: 
2024-09-23 10:15:51,472 P284200 INFO [Metrics] AUC: 0.811924 - logloss: 0.349369
2024-09-23 10:15:51,473 P284200 INFO Save best model: monitor(max)=0.811924
2024-09-23 10:15:51,551 P284200 INFO ************ Epoch=3 end ************
2024-09-23 10:16:49,674 P284200 INFO Train loss: 0.367600
2024-09-23 10:16:49,675 P284200 INFO Evaluation @epoch 4 - batch 171: 
2024-09-23 10:16:53,514 P284200 INFO [Metrics] AUC: 0.817388 - logloss: 0.345245
2024-09-23 10:16:53,515 P284200 INFO Save best model: monitor(max)=0.817388
2024-09-23 10:16:53,596 P284200 INFO ************ Epoch=4 end ************
2024-09-23 10:17:52,412 P284200 INFO Train loss: 0.364122
2024-09-23 10:17:52,413 P284200 INFO Evaluation @epoch 5 - batch 171: 
2024-09-23 10:17:56,378 P284200 INFO [Metrics] AUC: 0.824881 - logloss: 0.340076
2024-09-23 10:17:56,379 P284200 INFO Save best model: monitor(max)=0.824881
2024-09-23 10:17:56,451 P284200 INFO ************ Epoch=5 end ************
2024-09-23 10:18:48,279 P284200 INFO Train loss: 0.360509
2024-09-23 10:18:48,279 P284200 INFO Evaluation @epoch 6 - batch 171: 
2024-09-23 10:18:51,269 P284200 INFO [Metrics] AUC: 0.829799 - logloss: 0.336385
2024-09-23 10:18:51,270 P284200 INFO Save best model: monitor(max)=0.829799
2024-09-23 10:18:51,334 P284200 INFO ************ Epoch=6 end ************
2024-09-23 10:19:37,258 P284200 INFO Train loss: 0.357681
2024-09-23 10:19:37,259 P284200 INFO Evaluation @epoch 7 - batch 171: 
2024-09-23 10:19:40,206 P284200 INFO [Metrics] AUC: 0.832413 - logloss: 0.334355
2024-09-23 10:19:40,207 P284200 INFO Save best model: monitor(max)=0.832413
2024-09-23 10:19:40,270 P284200 INFO ************ Epoch=7 end ************
2024-09-23 10:20:17,847 P284200 INFO Train loss: 0.355096
2024-09-23 10:20:17,847 P284200 INFO Evaluation @epoch 8 - batch 171: 
2024-09-23 10:20:19,923 P284200 INFO [Metrics] AUC: 0.835682 - logloss: 0.331972
2024-09-23 10:20:19,924 P284200 INFO Save best model: monitor(max)=0.835682
2024-09-23 10:20:19,989 P284200 INFO ************ Epoch=8 end ************
2024-09-23 10:20:45,978 P284200 INFO Train loss: 0.353199
2024-09-23 10:20:45,979 P284200 INFO Evaluation @epoch 9 - batch 171: 
2024-09-23 10:20:49,000 P284200 INFO [Metrics] AUC: 0.839524 - logloss: 0.328962
2024-09-23 10:20:49,001 P284200 INFO Save best model: monitor(max)=0.839524
2024-09-23 10:20:49,060 P284200 INFO ************ Epoch=9 end ************
