2024-09-23 08:27:47,134 P248424 INFO FuxiCTR version: 2.3.2
2024-09-23 08:27:47,135 P248424 INFO Params: {
    "batch_norm": "False",
    "batch_size": "4096",
    "data_format": "csv",
    "data_root": "dataset/",
    "dataset_id": "ML_1M_7_x1",
    "debug_mode": "False",
    "early_stop_patience": "2",
    "embedding_dim": "16",
    "embedding_regularizer": "0.01",
    "epochs": "100",
    "eval_steps": "None",
    "feature_cols": "[{'active': True, 'dtype': 'str', 'name': ['UserID', 'Gender', 'Age', 'Occupation', 'MovieID', 'Release'], 'type': 'categorical'}, {'active': True, 'dtype': 'str', 'encoder': 'MaskedSumPooling', 'max_len': 5, 'name': 'Genres', 'splitter': '^', 'type': 'sequence'}]",
    "feature_config": "None",
    "feature_specs": "None",
    "gpu": "0",
    "group_id": "None",
    "label_col": "{'dtype': 'float', 'name': 'Label'}",
    "layer_norm": "True",
    "learning_rate": "0.001",
    "loss": "binary_crossentropy",
    "metrics": "['logloss', 'AUC']",
    "min_categr_count": "1",
    "model": "ViTDCNv2",
    "model_id": "ViTDCNv2_ML_1M_017_7994b953",
    "model_root": "./checkpoints/",
    "monitor": "{'AUC': 1, 'logloss': 0}",
    "monitor_mode": "max",
    "net_dropout": "0.1",
    "net_regularizer": "0",
    "num_cross_layers": "2",
    "num_heads": "1",
    "num_workers": "4",
    "optimizer": "adam",
    "parallel_dnn_hidden_units": "[512, 128]",
    "pickle_feature_encoder": "True",
    "save_best_only": "True",
    "seed": "2024",
    "shuffle": "True",
    "task": "binary_classification",
    "test_data": "dataset/ML_1M/test.csv",
    "train_data": "dataset/ML_1M/train.csv",
    "use_features": "None",
    "valid_data": "dataset/ML_1M/valid.csv",
    "verbose": "1",
    "vit_hidden_dim": "64",
    "vit_num_heads": "4",
    "vit_num_layers": "4",
    "vit_patch_size": "4"
}
2024-09-23 08:27:47,136 P248424 INFO Set up feature processor...
2024-09-23 08:27:47,136 P248424 WARNING Skip rebuilding dataset/ML_1M_7_x1/feature_map.json. Please delete it manually if rebuilding is required.
2024-09-23 08:27:47,137 P248424 INFO Load feature_map from json: dataset/ML_1M_7_x1/feature_map.json
2024-09-23 08:27:47,137 P248424 INFO Set column index...
2024-09-23 08:27:47,137 P248424 INFO Feature specs: {
    "Age": "{'source': '', 'type': 'categorical', 'padding_idx': 0, 'vocab_size': 9}",
    "Gender": "{'source': '', 'type': 'categorical', 'padding_idx': 0, 'vocab_size': 4}",
    "Genres": "{'source': '', 'type': 'sequence', 'feature_encoder': 'layers.MaskedAveragePooling()', 'padding_idx': 0, 'max_len': 5, 'vocab_size': 302}",
    "MovieID": "{'source': '', 'type': 'categorical', 'padding_idx': 0, 'vocab_size': 3659}",
    "Occupation": "{'source': '', 'type': 'categorical', 'padding_idx': 0, 'vocab_size': 23}",
    "Release": "{'source': '', 'type': 'categorical', 'padding_idx': 0, 'vocab_size': 83}",
    "UserID": "{'source': '', 'type': 'categorical', 'padding_idx': 0, 'vocab_size': 6042}"
}
2024-09-23 08:27:48,567 P248424 INFO Total number of parameters: 2577553.
2024-09-23 08:27:48,568 P248424 INFO Loading datasets...
2024-09-23 08:27:50,714 P248424 INFO Train samples: total/700146, blocks/1
2024-09-23 08:27:51,039 P248424 INFO Validation samples: total/200041, blocks/1
2024-09-23 08:27:51,039 P248424 INFO Loading train and validation data done.
2024-09-23 08:27:51,040 P248424 INFO Start training: 171 batches/epoch
2024-09-23 08:27:51,040 P248424 INFO ************ Epoch=1 start ************
2024-09-23 08:29:25,125 P248424 INFO Train loss: 0.417952
2024-09-23 08:29:25,126 P248424 INFO Evaluation @epoch 1 - batch 171: 
2024-09-23 08:29:30,656 P248424 INFO [Metrics] AUC: 0.800270 - logloss: 0.358355
2024-09-23 08:29:30,657 P248424 INFO Save best model: monitor(max)=0.800270
2024-09-23 08:29:30,724 P248424 INFO ************ Epoch=1 end ************
2024-09-23 08:31:02,309 P248424 INFO Train loss: 0.377831
2024-09-23 08:31:02,310 P248424 INFO Evaluation @epoch 2 - batch 171: 
2024-09-23 08:31:07,706 P248424 INFO [Metrics] AUC: 0.803530 - logloss: 0.356249
2024-09-23 08:31:07,707 P248424 INFO Save best model: monitor(max)=0.803530
2024-09-23 08:31:07,778 P248424 INFO ************ Epoch=2 end ************
2024-09-23 08:32:40,297 P248424 INFO Train loss: 0.372278
2024-09-23 08:32:40,298 P248424 INFO Evaluation @epoch 3 - batch 171: 
2024-09-23 08:32:45,950 P248424 INFO [Metrics] AUC: 0.811093 - logloss: 0.350542
2024-09-23 08:32:45,951 P248424 INFO Save best model: monitor(max)=0.811093
2024-09-23 08:32:46,029 P248424 INFO ************ Epoch=3 end ************
2024-09-23 08:34:14,699 P248424 INFO Train loss: 0.366880
2024-09-23 08:34:14,700 P248424 INFO Evaluation @epoch 4 - batch 171: 
2024-09-23 08:34:20,534 P248424 INFO [Metrics] AUC: 0.817113 - logloss: 0.346172
2024-09-23 08:34:20,534 P248424 INFO Save best model: monitor(max)=0.817113
2024-09-23 08:34:20,642 P248424 INFO ************ Epoch=4 end ************
2024-09-23 08:35:53,491 P248424 INFO Train loss: 0.363048
2024-09-23 08:35:53,492 P248424 INFO Evaluation @epoch 5 - batch 171: 
2024-09-23 08:35:59,015 P248424 INFO [Metrics] AUC: 0.822572 - logloss: 0.341438
2024-09-23 08:35:59,016 P248424 INFO Save best model: monitor(max)=0.822572
2024-09-23 08:35:59,095 P248424 INFO ************ Epoch=5 end ************
2024-09-23 08:37:31,322 P248424 INFO Train loss: 0.359969
2024-09-23 08:37:31,323 P248424 INFO Evaluation @epoch 6 - batch 171: 
2024-09-23 08:37:36,959 P248424 INFO [Metrics] AUC: 0.827723 - logloss: 0.337569
2024-09-23 08:37:36,960 P248424 INFO Save best model: monitor(max)=0.827723
2024-09-23 08:37:37,047 P248424 INFO ************ Epoch=6 end ************
2024-09-23 08:39:07,025 P248424 INFO Train loss: 0.357702
2024-09-23 08:39:07,025 P248424 INFO Evaluation @epoch 7 - batch 171: 
2024-09-23 08:39:12,910 P248424 INFO [Metrics] AUC: 0.831634 - logloss: 0.334863
2024-09-23 08:39:12,914 P248424 INFO Save best model: monitor(max)=0.831634
2024-09-23 08:39:13,020 P248424 INFO ************ Epoch=7 end ************
2024-09-23 08:40:45,045 P248424 INFO Train loss: 0.355754
2024-09-23 08:40:45,046 P248424 INFO Evaluation @epoch 8 - batch 171: 
2024-09-23 08:40:50,598 P248424 INFO [Metrics] AUC: 0.835043 - logloss: 0.332422
2024-09-23 08:40:50,599 P248424 INFO Save best model: monitor(max)=0.835043
2024-09-23 08:40:50,681 P248424 INFO ************ Epoch=8 end ************
2024-09-23 08:42:22,775 P248424 INFO Train loss: 0.353826
2024-09-23 08:42:22,776 P248424 INFO Evaluation @epoch 9 - batch 171: 
2024-09-23 08:42:28,286 P248424 INFO [Metrics] AUC: 0.837374 - logloss: 0.330385
2024-09-23 08:42:28,287 P248424 INFO Save best model: monitor(max)=0.837374
2024-09-23 08:42:28,362 P248424 INFO ************ Epoch=9 end ************
2024-09-23 08:44:01,378 P248424 INFO Train loss: 0.351903
2024-09-23 08:44:01,378 P248424 INFO Evaluation @epoch 10 - batch 171: 
2024-09-23 08:44:07,097 P248424 INFO [Metrics] AUC: 0.839259 - logloss: 0.328876
2024-09-23 08:44:07,098 P248424 INFO Save best model: monitor(max)=0.839259
2024-09-23 08:44:07,190 P248424 INFO ************ Epoch=10 end ************
2024-09-23 08:45:39,859 P248424 INFO Train loss: 0.350495
2024-09-23 08:45:39,859 P248424 INFO Evaluation @epoch 11 - batch 171: 
2024-09-23 08:45:45,382 P248424 INFO [Metrics] AUC: 0.839628 - logloss: 0.328199
2024-09-23 08:45:45,383 P248424 INFO Save best model: monitor(max)=0.839628
2024-09-23 08:45:45,466 P248424 INFO ************ Epoch=11 end ************
2024-09-23 08:47:13,700 P248424 INFO Train loss: 0.349401
2024-09-23 08:47:13,700 P248424 INFO Evaluation @epoch 12 - batch 171: 
2024-09-23 08:47:19,594 P248424 INFO [Metrics] AUC: 0.841646 - logloss: 0.326856
2024-09-23 08:47:19,595 P248424 INFO Save best model: monitor(max)=0.841646
2024-09-23 08:47:19,678 P248424 INFO ************ Epoch=12 end ************
2024-09-23 08:48:50,832 P248424 INFO Train loss: 0.348675
2024-09-23 08:48:50,833 P248424 INFO Evaluation @epoch 13 - batch 171: 
2024-09-23 08:48:56,710 P248424 INFO [Metrics] AUC: 0.842909 - logloss: 0.325721
2024-09-23 08:48:56,711 P248424 INFO Save best model: monitor(max)=0.842909
2024-09-23 08:48:56,780 P248424 INFO ************ Epoch=13 end ************
2024-09-23 08:50:28,741 P248424 INFO Train loss: 0.347783
2024-09-23 08:50:28,742 P248424 INFO Evaluation @epoch 14 - batch 171: 
2024-09-23 08:50:34,306 P248424 INFO [Metrics] AUC: 0.843350 - logloss: 0.325555
2024-09-23 08:50:34,307 P248424 INFO Save best model: monitor(max)=0.843350
2024-09-23 08:50:34,395 P248424 INFO ************ Epoch=14 end ************
2024-09-23 08:52:05,697 P248424 INFO Train loss: 0.347454
2024-09-23 08:52:05,697 P248424 INFO Evaluation @epoch 15 - batch 171: 
2024-09-23 08:52:11,366 P248424 INFO [Metrics] AUC: 0.844932 - logloss: 0.324358
2024-09-23 08:52:11,367 P248424 INFO Save best model: monitor(max)=0.844932
2024-09-23 08:52:11,454 P248424 INFO ************ Epoch=15 end ************
2024-09-23 08:53:44,495 P248424 INFO Train loss: 0.346637
2024-09-23 08:53:44,495 P248424 INFO Evaluation @epoch 16 - batch 171: 
2024-09-23 08:53:50,276 P248424 INFO [Metrics] AUC: 0.844885 - logloss: 0.324216
2024-09-23 08:53:50,277 P248424 INFO Monitor(max)=0.844885 STOP!
2024-09-23 08:53:50,277 P248424 INFO Reduce learning rate on plateau: 0.000100
2024-09-23 08:53:50,362 P248424 INFO ************ Epoch=16 end ************
2024-09-23 08:55:22,461 P248424 INFO Train loss: 0.318182
2024-09-23 08:55:22,462 P248424 INFO Evaluation @epoch 17 - batch 171: 
2024-09-23 08:55:28,450 P248424 INFO [Metrics] AUC: 0.851391 - logloss: 0.320665
2024-09-23 08:55:28,451 P248424 INFO Save best model: monitor(max)=0.851391
2024-09-23 08:55:28,556 P248424 INFO ************ Epoch=17 end ************
2024-09-23 08:56:58,277 P248424 INFO Train loss: 0.305477
2024-09-23 08:56:58,278 P248424 INFO Evaluation @epoch 18 - batch 171: 
2024-09-23 08:57:04,211 P248424 INFO [Metrics] AUC: 0.853251 - logloss: 0.320278
2024-09-23 08:57:04,221 P248424 INFO Save best model: monitor(max)=0.853251
2024-09-23 08:57:04,300 P248424 INFO ************ Epoch=18 end ************
2024-09-23 08:58:37,398 P248424 INFO Train loss: 0.298603
2024-09-23 08:58:37,398 P248424 INFO Evaluation @epoch 19 - batch 171: 
2024-09-23 08:58:42,917 P248424 INFO [Metrics] AUC: 0.853496 - logloss: 0.321819
2024-09-23 08:58:42,918 P248424 INFO Save best model: monitor(max)=0.853496
2024-09-23 08:58:43,005 P248424 INFO ************ Epoch=19 end ************
2024-09-23 09:00:11,171 P248424 INFO Train loss: 0.293805
2024-09-23 09:00:11,171 P248424 INFO Evaluation @epoch 20 - batch 171: 
2024-09-23 09:00:16,758 P248424 INFO [Metrics] AUC: 0.852581 - logloss: 0.323728
2024-09-23 09:00:16,759 P248424 INFO Monitor(max)=0.852581 STOP!
2024-09-23 09:00:16,759 P248424 INFO Reduce learning rate on plateau: 0.000010
2024-09-23 09:00:16,856 P248424 INFO ************ Epoch=20 end ************
2024-09-23 09:01:49,556 P248424 INFO Train loss: 0.280910
2024-09-23 09:01:49,557 P248424 INFO Evaluation @epoch 21 - batch 171: 
2024-09-23 09:01:55,157 P248424 INFO [Metrics] AUC: 0.852314 - logloss: 0.326083
2024-09-23 09:01:55,158 P248424 INFO Monitor(max)=0.852314 STOP!
2024-09-23 09:01:55,158 P248424 INFO Reduce learning rate on plateau: 0.000001
2024-09-23 09:01:55,158 P248424 INFO ********* Epoch=21 early stop *********
2024-09-23 09:01:55,259 P248424 INFO Training finished.
2024-09-23 09:01:55,259 P248424 INFO Load best model: /workspace/checkpoints/ML_1M_7_x1/ViTDCNv2_ML_1M_017_7994b953.model
