2024-09-23 07:11:42,991 P220661 INFO FuxiCTR version: 2.3.2
2024-09-23 07:11:42,992 P220661 INFO Params: {
    "batch_norm": "True",
    "batch_size": "4096",
    "data_format": "csv",
    "data_root": "dataset/",
    "dataset_id": "ML_1M_7_x1",
    "debug_mode": "False",
    "deep_net_dropout": "0.1",
    "early_stop_patience": "2",
    "embedding_dim": "16",
    "embedding_regularizer": "0.01",
    "epochs": "100",
    "eval_steps": "None",
    "feature_cols": "[{'active': True, 'dtype': 'str', 'name': ['UserID', 'Gender', 'Age', 'Occupation', 'MovieID', 'Release'], 'type': 'categorical'}, {'active': True, 'dtype': 'str', 'encoder': 'MaskedSumPooling', 'max_len': 5, 'name': 'Genres', 'splitter': '^', 'type': 'sequence'}]",
    "feature_config": "None",
    "feature_specs": "None",
    "gpu": "0",
    "group_id": "None",
    "label_col": "{'dtype': 'float', 'name': 'Label'}",
    "layer_norm": "True",
    "learning_rate": "0.001",
    "loss": "binary_crossentropy",
    "metrics": "['logloss', 'AUC']",
    "min_categr_count": "1",
    "model": "ViTDCNv3",
    "model_id": "ViTDCNv3_ML_1M_014_b8588cce",
    "model_root": "./checkpoints/",
    "monitor": "{'AUC': 1, 'logloss': 0}",
    "monitor_mode": "max",
    "net_regularizer": "0",
    "num_deep_cross_layers": "2",
    "num_heads": "1",
    "num_shallow_cross_layers": "2",
    "num_workers": "4",
    "optimizer": "adam",
    "pickle_feature_encoder": "True",
    "save_best_only": "True",
    "seed": "2024",
    "shallow_net_dropout": "0.1",
    "shuffle": "True",
    "task": "binary_classification",
    "test_data": "dataset/ML_1M/test.csv",
    "train_data": "dataset/ML_1M/train.csv",
    "use_features": "None",
    "valid_data": "dataset/ML_1M/valid.csv",
    "verbose": "1",
    "vit_hidden_dim": "64",
    "vit_num_heads": "4",
    "vit_num_layers": "2",
    "vit_patch_size": "4"
}
2024-09-23 07:11:42,993 P220661 INFO Set up feature processor...
2024-09-23 07:11:42,993 P220661 WARNING Skip rebuilding dataset/ML_1M_7_x1/feature_map.json. Please delete it manually if rebuilding is required.
2024-09-23 07:11:42,993 P220661 INFO Load feature_map from json: dataset/ML_1M_7_x1/feature_map.json
2024-09-23 07:11:42,994 P220661 INFO Set column index...
2024-09-23 07:11:42,994 P220661 INFO Feature specs: {
    "Age": "{'source': '', 'type': 'categorical', 'padding_idx': 0, 'vocab_size': 9}",
    "Gender": "{'source': '', 'type': 'categorical', 'padding_idx': 0, 'vocab_size': 4}",
    "Genres": "{'source': '', 'type': 'sequence', 'feature_encoder': 'layers.MaskedAveragePooling()', 'padding_idx': 0, 'max_len': 5, 'vocab_size': 302}",
    "MovieID": "{'source': '', 'type': 'categorical', 'padding_idx': 0, 'vocab_size': 3659}",
    "Occupation": "{'source': '', 'type': 'categorical', 'padding_idx': 0, 'vocab_size': 23}",
    "Release": "{'source': '', 'type': 'categorical', 'padding_idx': 0, 'vocab_size': 83}",
    "UserID": "{'source': '', 'type': 'categorical', 'padding_idx': 0, 'vocab_size': 6042}"
}
2024-09-23 07:11:44,472 P220661 INFO Total number of parameters: 2456554.
2024-09-23 07:11:44,472 P220661 INFO Loading datasets...
2024-09-23 07:11:46,516 P220661 INFO Train samples: total/700146, blocks/1
2024-09-23 07:11:47,100 P220661 INFO Validation samples: total/200041, blocks/1
2024-09-23 07:11:47,100 P220661 INFO Loading train and validation data done.
2024-09-23 07:11:47,100 P220661 INFO Start training: 171 batches/epoch
2024-09-23 07:11:47,100 P220661 INFO ************ Epoch=1 start ************
2024-09-23 07:13:29,972 P220661 INFO Train loss: 0.408481
2024-09-23 07:13:29,986 P220661 INFO Evaluation @epoch 1 - batch 171: 
2024-09-23 07:13:36,085 P220661 INFO [Metrics] AUC: 0.812939 - logloss: 0.348521
2024-09-23 07:13:36,086 P220661 INFO Save best model: monitor(max)=0.812939
2024-09-23 07:13:36,140 P220661 INFO ************ Epoch=1 end ************
2024-09-23 07:15:17,790 P220661 INFO Train loss: 0.367743
2024-09-23 07:15:17,791 P220661 INFO Evaluation @epoch 2 - batch 171: 
2024-09-23 07:15:23,992 P220661 INFO [Metrics] AUC: 0.823166 - logloss: 0.340636
2024-09-23 07:15:23,993 P220661 INFO Save best model: monitor(max)=0.823166
2024-09-23 07:15:24,082 P220661 INFO ************ Epoch=2 end ************
2024-09-23 07:17:01,446 P220661 INFO Train loss: 0.362345
2024-09-23 07:17:01,446 P220661 INFO Evaluation @epoch 3 - batch 171: 
2024-09-23 07:17:07,408 P220661 INFO [Metrics] AUC: 0.828980 - logloss: 0.336435
2024-09-23 07:17:07,409 P220661 INFO Save best model: monitor(max)=0.828980
2024-09-23 07:17:07,500 P220661 INFO ************ Epoch=3 end ************
2024-09-23 07:18:49,518 P220661 INFO Train loss: 0.359355
2024-09-23 07:18:49,519 P220661 INFO Evaluation @epoch 4 - batch 171: 
2024-09-23 07:18:55,759 P220661 INFO [Metrics] AUC: 0.834950 - logloss: 0.331841
2024-09-23 07:18:55,760 P220661 INFO Save best model: monitor(max)=0.834950
2024-09-23 07:18:55,852 P220661 INFO ************ Epoch=4 end ************
2024-09-23 07:20:34,324 P220661 INFO Train loss: 0.356604
2024-09-23 07:20:34,325 P220661 INFO Evaluation @epoch 5 - batch 171: 
2024-09-23 07:20:40,652 P220661 INFO [Metrics] AUC: 0.837359 - logloss: 0.329982
2024-09-23 07:20:40,653 P220661 INFO Save best model: monitor(max)=0.837359
2024-09-23 07:20:40,740 P220661 INFO ************ Epoch=5 end ************
2024-09-23 07:22:21,586 P220661 INFO Train loss: 0.354670
2024-09-23 07:22:21,587 P220661 INFO Evaluation @epoch 6 - batch 171: 
2024-09-23 07:22:27,612 P220661 INFO [Metrics] AUC: 0.839062 - logloss: 0.328774
2024-09-23 07:22:27,613 P220661 INFO Save best model: monitor(max)=0.839062
2024-09-23 07:22:27,702 P220661 INFO ************ Epoch=6 end ************
2024-09-23 07:24:09,343 P220661 INFO Train loss: 0.353410
2024-09-23 07:24:09,343 P220661 INFO Evaluation @epoch 7 - batch 171: 
2024-09-23 07:24:15,429 P220661 INFO [Metrics] AUC: 0.839903 - logloss: 0.328140
2024-09-23 07:24:15,430 P220661 INFO Save best model: monitor(max)=0.839903
2024-09-23 07:24:15,515 P220661 INFO ************ Epoch=7 end ************
2024-09-23 07:25:56,523 P220661 INFO Train loss: 0.352626
2024-09-23 07:25:56,523 P220661 INFO Evaluation @epoch 8 - batch 171: 
2024-09-23 07:26:02,592 P220661 INFO [Metrics] AUC: 0.840498 - logloss: 0.327567
2024-09-23 07:26:02,593 P220661 INFO Save best model: monitor(max)=0.840498
2024-09-23 07:26:02,665 P220661 INFO ************ Epoch=8 end ************
2024-09-23 07:27:44,045 P220661 INFO Train loss: 0.352000
2024-09-23 07:27:44,046 P220661 INFO Evaluation @epoch 9 - batch 171: 
2024-09-23 07:27:49,104 P220661 INFO [Metrics] AUC: 0.841893 - logloss: 0.327050
2024-09-23 07:27:49,105 P220661 INFO Save best model: monitor(max)=0.841893
2024-09-23 07:27:49,178 P220661 INFO ************ Epoch=9 end ************
2024-09-23 07:29:28,650 P220661 INFO Train loss: 0.351522
2024-09-23 07:29:28,650 P220661 INFO Evaluation @epoch 10 - batch 171: 
2024-09-23 07:29:34,549 P220661 INFO [Metrics] AUC: 0.842584 - logloss: 0.326009
2024-09-23 07:29:34,550 P220661 INFO Save best model: monitor(max)=0.842584
2024-09-23 07:29:34,636 P220661 INFO ************ Epoch=10 end ************
2024-09-23 07:31:13,588 P220661 INFO Train loss: 0.350621
2024-09-23 07:31:13,588 P220661 INFO Evaluation @epoch 11 - batch 171: 
2024-09-23 07:31:19,966 P220661 INFO [Metrics] AUC: 0.843247 - logloss: 0.325729
2024-09-23 07:31:19,967 P220661 INFO Save best model: monitor(max)=0.843247
2024-09-23 07:31:20,042 P220661 INFO ************ Epoch=11 end ************
2024-09-23 07:33:02,899 P220661 INFO Train loss: 0.350045
2024-09-23 07:33:02,900 P220661 INFO Evaluation @epoch 12 - batch 171: 
2024-09-23 07:33:08,901 P220661 INFO [Metrics] AUC: 0.843891 - logloss: 0.325161
2024-09-23 07:33:08,902 P220661 INFO Save best model: monitor(max)=0.843891
2024-09-23 07:33:08,996 P220661 INFO ************ Epoch=12 end ************
2024-09-23 07:34:51,361 P220661 INFO Train loss: 0.349248
2024-09-23 07:34:51,362 P220661 INFO Evaluation @epoch 13 - batch 171: 
2024-09-23 07:34:57,634 P220661 INFO [Metrics] AUC: 0.844103 - logloss: 0.325019
2024-09-23 07:34:57,635 P220661 INFO Save best model: monitor(max)=0.844103
2024-09-23 07:34:57,735 P220661 INFO ************ Epoch=13 end ************
2024-09-23 07:36:37,187 P220661 INFO Train loss: 0.348775
2024-09-23 07:36:37,188 P220661 INFO Evaluation @epoch 14 - batch 171: 
2024-09-23 07:36:43,414 P220661 INFO [Metrics] AUC: 0.844977 - logloss: 0.324865
2024-09-23 07:36:43,414 P220661 INFO Save best model: monitor(max)=0.844977
2024-09-23 07:36:43,512 P220661 INFO ************ Epoch=14 end ************
2024-09-23 07:38:24,932 P220661 INFO Train loss: 0.348468
2024-09-23 07:38:24,932 P220661 INFO Evaluation @epoch 15 - batch 171: 
2024-09-23 07:38:30,991 P220661 INFO [Metrics] AUC: 0.845359 - logloss: 0.323979
2024-09-23 07:38:30,992 P220661 INFO Save best model: monitor(max)=0.845359
2024-09-23 07:38:31,067 P220661 INFO ************ Epoch=15 end ************
2024-09-23 07:40:07,511 P220661 INFO Train loss: 0.347699
2024-09-23 07:40:07,512 P220661 INFO Evaluation @epoch 16 - batch 171: 
2024-09-23 07:40:13,735 P220661 INFO [Metrics] AUC: 0.844379 - logloss: 0.324292
2024-09-23 07:40:13,736 P220661 INFO Monitor(max)=0.844379 STOP!
2024-09-23 07:40:13,736 P220661 INFO Reduce learning rate on plateau: 0.000100
2024-09-23 07:40:13,803 P220661 INFO ************ Epoch=16 end ************
2024-09-23 07:41:53,072 P220661 INFO Train loss: 0.318675
2024-09-23 07:41:53,073 P220661 INFO Evaluation @epoch 17 - batch 171: 
2024-09-23 07:41:59,279 P220661 INFO [Metrics] AUC: 0.851700 - logloss: 0.321025
2024-09-23 07:41:59,280 P220661 INFO Save best model: monitor(max)=0.851700
2024-09-23 07:41:59,360 P220661 INFO ************ Epoch=17 end ************
2024-09-23 07:43:39,977 P220661 INFO Train loss: 0.305798
2024-09-23 07:43:39,978 P220661 INFO Evaluation @epoch 18 - batch 171: 
2024-09-23 07:43:46,183 P220661 INFO [Metrics] AUC: 0.853563 - logloss: 0.320544
2024-09-23 07:43:46,184 P220661 INFO Save best model: monitor(max)=0.853563
2024-09-23 07:43:46,252 P220661 INFO ************ Epoch=18 end ************
2024-09-23 07:45:26,555 P220661 INFO Train loss: 0.298943
2024-09-23 07:45:26,555 P220661 INFO Evaluation @epoch 19 - batch 171: 
2024-09-23 07:45:32,619 P220661 INFO [Metrics] AUC: 0.853814 - logloss: 0.321359
2024-09-23 07:45:32,619 P220661 INFO Save best model: monitor(max)=0.853814
2024-09-23 07:45:32,708 P220661 INFO ************ Epoch=19 end ************
2024-09-23 07:47:13,165 P220661 INFO Train loss: 0.294284
2024-09-23 07:47:13,171 P220661 INFO Evaluation @epoch 20 - batch 171: 
2024-09-23 07:47:18,886 P220661 INFO [Metrics] AUC: 0.853135 - logloss: 0.323902
2024-09-23 07:47:18,887 P220661 INFO Monitor(max)=0.853135 STOP!
2024-09-23 07:47:18,888 P220661 INFO Reduce learning rate on plateau: 0.000010
2024-09-23 07:47:18,968 P220661 INFO ************ Epoch=20 end ************
2024-09-23 07:48:59,617 P220661 INFO Train loss: 0.280632
2024-09-23 07:48:59,618 P220661 INFO Evaluation @epoch 21 - batch 171: 
2024-09-23 07:49:05,581 P220661 INFO [Metrics] AUC: 0.852405 - logloss: 0.327180
2024-09-23 07:49:05,582 P220661 INFO Monitor(max)=0.852405 STOP!
2024-09-23 07:49:05,583 P220661 INFO Reduce learning rate on plateau: 0.000001
2024-09-23 07:49:05,583 P220661 INFO ********* Epoch=21 early stop *********
2024-09-23 07:49:05,662 P220661 INFO Training finished.
2024-09-23 07:49:05,663 P220661 INFO Load best model: /workspace/checkpoints/ML_1M_7_x1/ViTDCNv3_ML_1M_014_b8588cce.model
