2024-09-23 05:39:01,179 P185175 INFO FuxiCTR version: 2.3.2
2024-09-23 05:39:01,179 P185175 INFO Params: {
    "batch_norm": "True",
    "batch_size": "4096",
    "data_format": "csv",
    "data_root": "dataset/",
    "dataset_id": "ML_1M_7_x1",
    "debug_mode": "False",
    "deep_net_dropout": "0.1",
    "early_stop_patience": "2",
    "embedding_dim": "16",
    "embedding_regularizer": "0.01",
    "epochs": "100",
    "eval_steps": "None",
    "feature_cols": "[{'active': True, 'dtype': 'str', 'name': ['UserID', 'Gender', 'Age', 'Occupation', 'MovieID', 'Release'], 'type': 'categorical'}, {'active': True, 'dtype': 'str', 'encoder': 'MaskedSumPooling', 'max_len': 5, 'name': 'Genres', 'splitter': '^', 'type': 'sequence'}]",
    "feature_config": "None",
    "feature_specs": "None",
    "gpu": "0",
    "group_id": "None",
    "label_col": "{'dtype': 'float', 'name': 'Label'}",
    "layer_norm": "True",
    "learning_rate": "0.001",
    "loss": "binary_crossentropy",
    "metrics": "['logloss', 'AUC']",
    "min_categr_count": "1",
    "model": "ViTDCNv3",
    "model_id": "ViTDCNv3_ML_1M_010_d6bec24c",
    "model_root": "./checkpoints/",
    "monitor": "{'AUC': 1, 'logloss': 0}",
    "monitor_mode": "max",
    "net_regularizer": "0",
    "num_deep_cross_layers": "2",
    "num_heads": "1",
    "num_shallow_cross_layers": "2",
    "num_workers": "4",
    "optimizer": "adam",
    "pickle_feature_encoder": "True",
    "save_best_only": "True",
    "seed": "2024",
    "shallow_net_dropout": "0.1",
    "shuffle": "True",
    "task": "binary_classification",
    "test_data": "dataset/ML_1M/test.csv",
    "train_data": "dataset/ML_1M/train.csv",
    "use_features": "None",
    "valid_data": "dataset/ML_1M/valid.csv",
    "verbose": "1",
    "vit_hidden_dim": "64",
    "vit_num_heads": "2",
    "vit_num_layers": "1",
    "vit_patch_size": "4"
}
2024-09-23 05:39:01,180 P185175 INFO Set up feature processor...
2024-09-23 05:39:01,181 P185175 WARNING Skip rebuilding dataset/ML_1M_7_x1/feature_map.json. Please delete it manually if rebuilding is required.
2024-09-23 05:39:01,181 P185175 INFO Load feature_map from json: dataset/ML_1M_7_x1/feature_map.json
2024-09-23 05:39:01,181 P185175 INFO Set column index...
2024-09-23 05:39:01,181 P185175 INFO Feature specs: {
    "Age": "{'source': '', 'type': 'categorical', 'padding_idx': 0, 'vocab_size': 9}",
    "Gender": "{'source': '', 'type': 'categorical', 'padding_idx': 0, 'vocab_size': 4}",
    "Genres": "{'source': '', 'type': 'sequence', 'feature_encoder': 'layers.MaskedAveragePooling()', 'padding_idx': 0, 'max_len': 5, 'vocab_size': 302}",
    "MovieID": "{'source': '', 'type': 'categorical', 'padding_idx': 0, 'vocab_size': 3659}",
    "Occupation": "{'source': '', 'type': 'categorical', 'padding_idx': 0, 'vocab_size': 23}",
    "Release": "{'source': '', 'type': 'categorical', 'padding_idx': 0, 'vocab_size': 83}",
    "UserID": "{'source': '', 'type': 'categorical', 'padding_idx': 0, 'vocab_size': 6042}"
}
2024-09-23 05:39:02,511 P185175 INFO Total number of parameters: 1331946.
2024-09-23 05:39:02,511 P185175 INFO Loading datasets...
2024-09-23 05:39:04,661 P185175 INFO Train samples: total/700146, blocks/1
2024-09-23 05:39:05,310 P185175 INFO Validation samples: total/200041, blocks/1
2024-09-23 05:39:05,310 P185175 INFO Loading train and validation data done.
2024-09-23 05:39:05,310 P185175 INFO Start training: 171 batches/epoch
2024-09-23 05:39:05,310 P185175 INFO ************ Epoch=1 start ************
2024-09-23 05:40:27,310 P185175 INFO Train loss: 0.408075
2024-09-23 05:40:27,311 P185175 INFO Evaluation @epoch 1 - batch 171: 
2024-09-23 05:40:31,842 P185175 INFO [Metrics] AUC: 0.812990 - logloss: 0.349879
2024-09-23 05:40:31,843 P185175 INFO Save best model: monitor(max)=0.812990
2024-09-23 05:40:31,884 P185175 INFO ************ Epoch=1 end ************
2024-09-23 05:41:46,397 P185175 INFO Train loss: 0.368594
2024-09-23 05:41:46,397 P185175 INFO Evaluation @epoch 2 - batch 171: 
2024-09-23 05:41:51,330 P185175 INFO [Metrics] AUC: 0.823051 - logloss: 0.341709
2024-09-23 05:41:51,331 P185175 INFO Save best model: monitor(max)=0.823051
2024-09-23 05:41:51,425 P185175 INFO ************ Epoch=2 end ************
2024-09-23 05:43:10,771 P185175 INFO Train loss: 0.363302
2024-09-23 05:43:10,772 P185175 INFO Evaluation @epoch 3 - batch 171: 
2024-09-23 05:43:15,775 P185175 INFO [Metrics] AUC: 0.828739 - logloss: 0.336935
2024-09-23 05:43:15,776 P185175 INFO Save best model: monitor(max)=0.828739
2024-09-23 05:43:15,849 P185175 INFO ************ Epoch=3 end ************
2024-09-23 05:44:35,657 P185175 INFO Train loss: 0.361295
2024-09-23 05:44:35,658 P185175 INFO Evaluation @epoch 4 - batch 171: 
2024-09-23 05:44:40,456 P185175 INFO [Metrics] AUC: 0.833540 - logloss: 0.333629
2024-09-23 05:44:40,457 P185175 INFO Save best model: monitor(max)=0.833540
2024-09-23 05:44:40,601 P185175 INFO ************ Epoch=4 end ************
2024-09-23 05:46:00,560 P185175 INFO Train loss: 0.358255
2024-09-23 05:46:00,560 P185175 INFO Evaluation @epoch 5 - batch 171: 
2024-09-23 05:46:05,097 P185175 INFO [Metrics] AUC: 0.835874 - logloss: 0.331465
2024-09-23 05:46:05,099 P185175 INFO Save best model: monitor(max)=0.835874
2024-09-23 05:46:05,222 P185175 INFO ************ Epoch=5 end ************
2024-09-23 05:47:22,063 P185175 INFO Train loss: 0.356064
2024-09-23 05:47:22,063 P185175 INFO Evaluation @epoch 6 - batch 171: 
2024-09-23 05:47:26,990 P185175 INFO [Metrics] AUC: 0.837449 - logloss: 0.329912
2024-09-23 05:47:26,990 P185175 INFO Save best model: monitor(max)=0.837449
2024-09-23 05:47:27,076 P185175 INFO ************ Epoch=6 end ************
2024-09-23 05:48:46,543 P185175 INFO Train loss: 0.354652
2024-09-23 05:48:46,544 P185175 INFO Evaluation @epoch 7 - batch 171: 
2024-09-23 05:48:51,516 P185175 INFO [Metrics] AUC: 0.839099 - logloss: 0.329253
2024-09-23 05:48:51,517 P185175 INFO Save best model: monitor(max)=0.839099
2024-09-23 05:48:51,608 P185175 INFO ************ Epoch=7 end ************
2024-09-23 05:50:11,488 P185175 INFO Train loss: 0.353657
2024-09-23 05:50:11,488 P185175 INFO Evaluation @epoch 8 - batch 171: 
2024-09-23 05:50:16,235 P185175 INFO [Metrics] AUC: 0.839994 - logloss: 0.328071
2024-09-23 05:50:16,236 P185175 INFO Save best model: monitor(max)=0.839994
2024-09-23 05:50:16,319 P185175 INFO ************ Epoch=8 end ************
2024-09-23 05:51:36,529 P185175 INFO Train loss: 0.352822
2024-09-23 05:51:36,529 P185175 INFO Evaluation @epoch 9 - batch 171: 
2024-09-23 05:51:41,262 P185175 INFO [Metrics] AUC: 0.840926 - logloss: 0.327394
2024-09-23 05:51:41,263 P185175 INFO Save best model: monitor(max)=0.840926
2024-09-23 05:51:41,335 P185175 INFO ************ Epoch=9 end ************
2024-09-23 05:52:57,585 P185175 INFO Train loss: 0.352195
2024-09-23 05:52:57,585 P185175 INFO Evaluation @epoch 10 - batch 171: 
2024-09-23 05:53:02,614 P185175 INFO [Metrics] AUC: 0.842743 - logloss: 0.325897
2024-09-23 05:53:02,615 P185175 INFO Save best model: monitor(max)=0.842743
2024-09-23 05:53:02,693 P185175 INFO ************ Epoch=10 end ************
2024-09-23 05:54:22,142 P185175 INFO Train loss: 0.351701
2024-09-23 05:54:22,143 P185175 INFO Evaluation @epoch 11 - batch 171: 
2024-09-23 05:54:27,170 P185175 INFO [Metrics] AUC: 0.842160 - logloss: 0.326922
2024-09-23 05:54:27,171 P185175 INFO Monitor(max)=0.842160 STOP!
2024-09-23 05:54:27,171 P185175 INFO Reduce learning rate on plateau: 0.000100
2024-09-23 05:54:27,249 P185175 INFO ************ Epoch=11 end ************
2024-09-23 05:55:47,139 P185175 INFO Train loss: 0.323301
2024-09-23 05:55:47,139 P185175 INFO Evaluation @epoch 12 - batch 171: 
2024-09-23 05:55:52,132 P185175 INFO [Metrics] AUC: 0.850122 - logloss: 0.322417
2024-09-23 05:55:52,133 P185175 INFO Save best model: monitor(max)=0.850122
2024-09-23 05:55:52,218 P185175 INFO ************ Epoch=12 end ************
2024-09-23 05:57:07,223 P185175 INFO Train loss: 0.310126
2024-09-23 05:57:07,224 P185175 INFO Evaluation @epoch 13 - batch 171: 
2024-09-23 05:57:12,125 P185175 INFO [Metrics] AUC: 0.852513 - logloss: 0.321242
2024-09-23 05:57:12,125 P185175 INFO Save best model: monitor(max)=0.852513
2024-09-23 05:57:12,197 P185175 INFO ************ Epoch=13 end ************
2024-09-23 05:58:29,416 P185175 INFO Train loss: 0.303117
2024-09-23 05:58:29,417 P185175 INFO Evaluation @epoch 14 - batch 171: 
2024-09-23 05:58:34,381 P185175 INFO [Metrics] AUC: 0.853132 - logloss: 0.322043
2024-09-23 05:58:34,381 P185175 INFO Save best model: monitor(max)=0.853132
2024-09-23 05:58:34,453 P185175 INFO ************ Epoch=14 end ************
2024-09-23 05:59:51,379 P185175 INFO Train loss: 0.297965
2024-09-23 05:59:51,379 P185175 INFO Evaluation @epoch 15 - batch 171: 
2024-09-23 05:59:56,386 P185175 INFO [Metrics] AUC: 0.852253 - logloss: 0.323776
2024-09-23 05:59:56,387 P185175 INFO Monitor(max)=0.852253 STOP!
2024-09-23 05:59:56,387 P185175 INFO Reduce learning rate on plateau: 0.000010
2024-09-23 05:59:56,456 P185175 INFO ************ Epoch=15 end ************
2024-09-23 06:01:14,663 P185175 INFO Train loss: 0.284137
2024-09-23 06:01:14,663 P185175 INFO Evaluation @epoch 16 - batch 171: 
2024-09-23 06:01:19,299 P185175 INFO [Metrics] AUC: 0.851670 - logloss: 0.327343
2024-09-23 06:01:19,299 P185175 INFO Monitor(max)=0.851670 STOP!
2024-09-23 06:01:19,300 P185175 INFO Reduce learning rate on plateau: 0.000001
2024-09-23 06:01:19,300 P185175 INFO ********* Epoch=16 early stop *********
2024-09-23 06:01:19,388 P185175 INFO Training finished.
2024-09-23 06:01:19,388 P185175 INFO Load best model: /workspace/checkpoints/ML_1M_7_x1/ViTDCNv3_ML_1M_010_d6bec24c.model
