2024-09-23 15:50:51,989 P297950 INFO FuxiCTR version: 2.3.2
2024-09-23 15:50:51,990 P297950 INFO Params: {
    "batch_norm": "True",
    "batch_size": "4096",
    "data_format": "csv",
    "data_root": "dataset/",
    "dataset_id": "ML_1M_7_x1",
    "debug_mode": "False",
    "deep_net_dropout": "0.1",
    "early_stop_patience": "2",
    "embedding_dim": "16",
    "embedding_regularizer": "0.01",
    "epochs": "100",
    "eval_steps": "None",
    "feature_cols": "[{'active': True, 'dtype': 'str', 'name': ['UserID', 'Gender', 'Age', 'Occupation', 'MovieID', 'Release'], 'type': 'categorical'}, {'active': True, 'dtype': 'str', 'encoder': 'MaskedSumPooling', 'max_len': 5, 'name': 'Genres', 'splitter': '^', 'type': 'sequence'}]",
    "feature_config": "None",
    "feature_specs": "None",
    "gpu": "0",
    "group_id": "None",
    "label_col": "{'dtype': 'float', 'name': 'Label'}",
    "layer_norm": "True",
    "learning_rate": "0.001",
    "loss": "binary_crossentropy",
    "metrics": "['logloss', 'AUC']",
    "min_categr_count": "1",
    "model": "ViTDCNv3",
    "model_id": "ViTDCNv3_ML_1M_007_51ef2264",
    "model_root": "./checkpoints/",
    "monitor": "{'AUC': 1, 'logloss': 0}",
    "monitor_mode": "max",
    "net_regularizer": "0",
    "num_deep_cross_layers": "4",
    "num_heads": "1",
    "num_shallow_cross_layers": "2",
    "num_workers": "4",
    "optimizer": "adam",
    "pickle_feature_encoder": "True",
    "save_best_only": "True",
    "seed": "2024",
    "shallow_net_dropout": "0.1",
    "shuffle": "True",
    "task": "binary_classification",
    "test_data": "dataset/ML_1M/test.csv",
    "train_data": "dataset/ML_1M/train.csv",
    "use_features": "None",
    "valid_data": "dataset/ML_1M/valid.csv",
    "verbose": "1",
    "vit_hidden_dim": "64",
    "vit_num_heads": "8",
    "vit_num_layers": "2",
    "vit_patch_size": "8"
}
2024-09-23 15:50:51,991 P297950 INFO Set up feature processor...
2024-09-23 15:50:51,991 P297950 WARNING Skip rebuilding dataset/ML_1M_7_x1/feature_map.json. Please delete it manually if rebuilding is required.
2024-09-23 15:50:51,991 P297950 INFO Load feature_map from json: dataset/ML_1M_7_x1/feature_map.json
2024-09-23 15:50:51,991 P297950 INFO Set column index...
2024-09-23 15:50:51,991 P297950 INFO Feature specs: {
    "Age": "{'source': '', 'type': 'categorical', 'padding_idx': 0, 'vocab_size': 9}",
    "Gender": "{'source': '', 'type': 'categorical', 'padding_idx': 0, 'vocab_size': 4}",
    "Genres": "{'source': '', 'type': 'sequence', 'feature_encoder': 'layers.MaskedAveragePooling()', 'padding_idx': 0, 'max_len': 5, 'vocab_size': 302}",
    "MovieID": "{'source': '', 'type': 'categorical', 'padding_idx': 0, 'vocab_size': 3659}",
    "Occupation": "{'source': '', 'type': 'categorical', 'padding_idx': 0, 'vocab_size': 23}",
    "Release": "{'source': '', 'type': 'categorical', 'padding_idx': 0, 'vocab_size': 83}",
    "UserID": "{'source': '', 'type': 'categorical', 'padding_idx': 0, 'vocab_size': 6042}"
}
2024-09-23 15:50:53,272 P297950 INFO Total number of parameters: 3622174.
2024-09-23 15:50:53,272 P297950 INFO Loading datasets...
2024-09-23 15:50:54,915 P297950 INFO Train samples: total/700146, blocks/1
2024-09-23 15:50:55,305 P297950 INFO Validation samples: total/200041, blocks/1
2024-09-23 15:50:55,305 P297950 INFO Loading train and validation data done.
2024-09-23 15:50:55,306 P297950 INFO Start training: 171 batches/epoch
2024-09-23 15:50:55,306 P297950 INFO ************ Epoch=1 start ************
2024-09-23 15:51:11,530 P297950 INFO Train loss: 0.395490
2024-09-23 15:51:11,530 P297950 INFO Evaluation @epoch 1 - batch 171: 
2024-09-23 15:51:12,945 P297950 INFO [Metrics] AUC: 0.818937 - logloss: 0.344725
2024-09-23 15:51:12,946 P297950 INFO Save best model: monitor(max)=0.818937
2024-09-23 15:51:12,982 P297950 INFO ************ Epoch=1 end ************
2024-09-23 15:51:27,794 P297950 INFO Train loss: 0.360878
2024-09-23 15:51:27,794 P297950 INFO Evaluation @epoch 2 - batch 171: 
2024-09-23 15:51:29,186 P297950 INFO [Metrics] AUC: 0.827854 - logloss: 0.337894
2024-09-23 15:51:29,187 P297950 INFO Save best model: monitor(max)=0.827854
2024-09-23 15:51:29,241 P297950 INFO ************ Epoch=2 end ************
2024-09-23 15:51:43,934 P297950 INFO Train loss: 0.356896
2024-09-23 15:51:43,935 P297950 INFO Evaluation @epoch 3 - batch 171: 
2024-09-23 15:51:45,340 P297950 INFO [Metrics] AUC: 0.833806 - logloss: 0.333392
2024-09-23 15:51:45,341 P297950 INFO Save best model: monitor(max)=0.833806
2024-09-23 15:51:45,396 P297950 INFO ************ Epoch=3 end ************
2024-09-23 15:52:00,117 P297950 INFO Train loss: 0.355987
2024-09-23 15:52:00,117 P297950 INFO Evaluation @epoch 4 - batch 171: 
2024-09-23 15:52:01,538 P297950 INFO [Metrics] AUC: 0.838225 - logloss: 0.329956
2024-09-23 15:52:01,539 P297950 INFO Save best model: monitor(max)=0.838225
2024-09-23 15:52:01,591 P297950 INFO ************ Epoch=4 end ************
2024-09-23 15:52:16,274 P297950 INFO Train loss: 0.353915
2024-09-23 15:52:16,275 P297950 INFO Evaluation @epoch 5 - batch 171: 
2024-09-23 15:52:17,707 P297950 INFO [Metrics] AUC: 0.838923 - logloss: 0.329291
2024-09-23 15:52:17,707 P297950 INFO Save best model: monitor(max)=0.838923
2024-09-23 15:52:17,764 P297950 INFO ************ Epoch=5 end ************
2024-09-23 15:52:32,624 P297950 INFO Train loss: 0.352984
2024-09-23 15:52:32,625 P297950 INFO Evaluation @epoch 6 - batch 171: 
2024-09-23 15:52:34,063 P297950 INFO [Metrics] AUC: 0.839270 - logloss: 0.328867
2024-09-23 15:52:34,064 P297950 INFO Save best model: monitor(max)=0.839270
2024-09-23 15:52:34,117 P297950 INFO ************ Epoch=6 end ************
2024-09-23 15:52:48,814 P297950 INFO Train loss: 0.351419
2024-09-23 15:52:48,814 P297950 INFO Evaluation @epoch 7 - batch 171: 
2024-09-23 15:52:50,293 P297950 INFO [Metrics] AUC: 0.841443 - logloss: 0.327556
2024-09-23 15:52:50,294 P297950 INFO Save best model: monitor(max)=0.841443
2024-09-23 15:52:50,349 P297950 INFO ************ Epoch=7 end ************
2024-09-23 15:53:05,083 P297950 INFO Train loss: 0.350968
2024-09-23 15:53:05,084 P297950 INFO Evaluation @epoch 8 - batch 171: 
2024-09-23 15:53:06,522 P297950 INFO [Metrics] AUC: 0.841867 - logloss: 0.326697
2024-09-23 15:53:06,523 P297950 INFO Save best model: monitor(max)=0.841867
2024-09-23 15:53:06,576 P297950 INFO ************ Epoch=8 end ************
2024-09-23 15:53:21,401 P297950 INFO Train loss: 0.350752
2024-09-23 15:53:21,402 P297950 INFO Evaluation @epoch 9 - batch 171: 
2024-09-23 15:53:22,805 P297950 INFO [Metrics] AUC: 0.841717 - logloss: 0.326847
2024-09-23 15:53:22,805 P297950 INFO Monitor(max)=0.841717 STOP!
2024-09-23 15:53:22,806 P297950 INFO Reduce learning rate on plateau: 0.000100
2024-09-23 15:53:22,860 P297950 INFO ************ Epoch=9 end ************
2024-09-23 15:53:37,606 P297950 INFO Train loss: 0.323983
2024-09-23 15:53:37,606 P297950 INFO Evaluation @epoch 10 - batch 171: 
2024-09-23 15:53:39,013 P297950 INFO [Metrics] AUC: 0.850849 - logloss: 0.320472
2024-09-23 15:53:39,014 P297950 INFO Save best model: monitor(max)=0.850849
2024-09-23 15:53:39,067 P297950 INFO ************ Epoch=10 end ************
2024-09-23 15:53:53,754 P297950 INFO Train loss: 0.311655
2024-09-23 15:53:53,755 P297950 INFO Evaluation @epoch 11 - batch 171: 
2024-09-23 15:53:55,188 P297950 INFO [Metrics] AUC: 0.853498 - logloss: 0.318245
2024-09-23 15:53:55,189 P297950 INFO Save best model: monitor(max)=0.853498
2024-09-23 15:53:55,244 P297950 INFO ************ Epoch=11 end ************
2024-09-23 15:54:09,990 P297950 INFO Train loss: 0.304935
2024-09-23 15:54:09,991 P297950 INFO Evaluation @epoch 12 - batch 171: 
2024-09-23 15:54:11,415 P297950 INFO [Metrics] AUC: 0.854021 - logloss: 0.319075
2024-09-23 15:54:11,416 P297950 INFO Save best model: monitor(max)=0.854021
2024-09-23 15:54:11,469 P297950 INFO ************ Epoch=12 end ************
2024-09-23 15:54:26,399 P297950 INFO Train loss: 0.299786
2024-09-23 15:54:26,400 P297950 INFO Evaluation @epoch 13 - batch 171: 
2024-09-23 15:54:27,800 P297950 INFO [Metrics] AUC: 0.854047 - logloss: 0.320507
2024-09-23 15:54:27,800 P297950 INFO Save best model: monitor(max)=0.854047
2024-09-23 15:54:27,854 P297950 INFO ************ Epoch=13 end ************
2024-09-23 15:54:42,833 P297950 INFO Train loss: 0.295340
2024-09-23 15:54:42,833 P297950 INFO Evaluation @epoch 14 - batch 171: 
2024-09-23 15:54:44,247 P297950 INFO [Metrics] AUC: 0.852969 - logloss: 0.321753
2024-09-23 15:54:44,247 P297950 INFO Monitor(max)=0.852969 STOP!
2024-09-23 15:54:44,247 P297950 INFO Reduce learning rate on plateau: 0.000010
2024-09-23 15:54:44,301 P297950 INFO ************ Epoch=14 end ************
2024-09-23 15:54:59,053 P297950 INFO Train loss: 0.280872
2024-09-23 15:54:59,053 P297950 INFO Evaluation @epoch 15 - batch 171: 
2024-09-23 15:55:00,502 P297950 INFO [Metrics] AUC: 0.852301 - logloss: 0.324612
2024-09-23 15:55:00,503 P297950 INFO Monitor(max)=0.852301 STOP!
2024-09-23 15:55:00,503 P297950 INFO Reduce learning rate on plateau: 0.000001
2024-09-23 15:55:00,503 P297950 INFO ********* Epoch=15 early stop *********
2024-09-23 15:55:00,559 P297950 INFO Training finished.
2024-09-23 15:55:00,559 P297950 INFO Load best model: /workspace/checkpoints/ML_1M_7_x1/ViTDCNv3_ML_1M_007_51ef2264.model
