2024-09-23 15:36:15,084 P293193 INFO FuxiCTR version: 2.3.2
2024-09-23 15:36:15,084 P293193 INFO Params: {
    "batch_norm": "True",
    "batch_size": "4096",
    "data_format": "csv",
    "data_root": "dataset/",
    "dataset_id": "ML_1M_7_x1",
    "debug_mode": "False",
    "deep_net_dropout": "0.1",
    "early_stop_patience": "2",
    "embedding_dim": "16",
    "embedding_regularizer": "0.01",
    "epochs": "100",
    "eval_steps": "None",
    "feature_cols": "[{'active': True, 'dtype': 'str', 'name': ['UserID', 'Gender', 'Age', 'Occupation', 'MovieID', 'Release'], 'type': 'categorical'}, {'active': True, 'dtype': 'str', 'encoder': 'MaskedSumPooling', 'max_len': 5, 'name': 'Genres', 'splitter': '^', 'type': 'sequence'}]",
    "feature_config": "None",
    "feature_specs": "None",
    "gpu": "0",
    "group_id": "None",
    "label_col": "{'dtype': 'float', 'name': 'Label'}",
    "layer_norm": "True",
    "learning_rate": "0.001",
    "loss": "binary_crossentropy",
    "metrics": "['logloss', 'AUC']",
    "min_categr_count": "1",
    "model": "ViTDCNv3",
    "model_id": "ViTDCNv3_ML_1M_004_d366a015",
    "model_root": "./checkpoints/",
    "monitor": "{'AUC': 1, 'logloss': 0}",
    "monitor_mode": "max",
    "net_regularizer": "0",
    "num_deep_cross_layers": "3",
    "num_heads": "1",
    "num_shallow_cross_layers": "2",
    "num_workers": "4",
    "optimizer": "adam",
    "pickle_feature_encoder": "True",
    "save_best_only": "True",
    "seed": "2024",
    "shallow_net_dropout": "0.1",
    "shuffle": "True",
    "task": "binary_classification",
    "test_data": "dataset/ML_1M/test.csv",
    "train_data": "dataset/ML_1M/train.csv",
    "use_features": "None",
    "valid_data": "dataset/ML_1M/valid.csv",
    "verbose": "1",
    "vit_hidden_dim": "64",
    "vit_num_heads": "8",
    "vit_num_layers": "2",
    "vit_patch_size": "8"
}
2024-09-23 15:36:15,085 P293193 INFO Set up feature processor...
2024-09-23 15:36:15,086 P293193 WARNING Skip rebuilding dataset/ML_1M_7_x1/feature_map.json. Please delete it manually if rebuilding is required.
2024-09-23 15:36:15,086 P293193 INFO Load feature_map from json: dataset/ML_1M_7_x1/feature_map.json
2024-09-23 15:36:15,086 P293193 INFO Set column index...
2024-09-23 15:36:15,086 P293193 INFO Feature specs: {
    "Age": "{'source': '', 'type': 'categorical', 'padding_idx': 0, 'vocab_size': 9}",
    "Gender": "{'source': '', 'type': 'categorical', 'padding_idx': 0, 'vocab_size': 4}",
    "Genres": "{'source': '', 'type': 'sequence', 'feature_encoder': 'layers.MaskedAveragePooling()', 'padding_idx': 0, 'max_len': 5, 'vocab_size': 302}",
    "MovieID": "{'source': '', 'type': 'categorical', 'padding_idx': 0, 'vocab_size': 3659}",
    "Occupation": "{'source': '', 'type': 'categorical', 'padding_idx': 0, 'vocab_size': 23}",
    "Release": "{'source': '', 'type': 'categorical', 'padding_idx': 0, 'vocab_size': 83}",
    "UserID": "{'source': '', 'type': 'categorical', 'padding_idx': 0, 'vocab_size': 6042}"
}
2024-09-23 15:36:16,345 P293193 INFO Total number of parameters: 3045508.
2024-09-23 15:36:16,345 P293193 INFO Loading datasets...
2024-09-23 15:36:17,968 P293193 INFO Train samples: total/700146, blocks/1
2024-09-23 15:36:18,343 P293193 INFO Validation samples: total/200041, blocks/1
2024-09-23 15:36:18,344 P293193 INFO Loading train and validation data done.
2024-09-23 15:36:18,344 P293193 INFO Start training: 171 batches/epoch
2024-09-23 15:36:18,344 P293193 INFO ************ Epoch=1 start ************
2024-09-23 15:36:32,368 P293193 INFO Train loss: 0.398879
2024-09-23 15:36:32,369 P293193 INFO Evaluation @epoch 1 - batch 171: 
2024-09-23 15:36:33,650 P293193 INFO [Metrics] AUC: 0.816347 - logloss: 0.346357
2024-09-23 15:36:33,651 P293193 INFO Save best model: monitor(max)=0.816347
2024-09-23 15:36:33,678 P293193 INFO ************ Epoch=1 end ************
2024-09-23 15:36:46,201 P293193 INFO Train loss: 0.365951
2024-09-23 15:36:46,202 P293193 INFO Evaluation @epoch 2 - batch 171: 
2024-09-23 15:36:47,463 P293193 INFO [Metrics] AUC: 0.825351 - logloss: 0.339247
2024-09-23 15:36:47,464 P293193 INFO Save best model: monitor(max)=0.825351
2024-09-23 15:36:47,504 P293193 INFO ************ Epoch=2 end ************
2024-09-23 15:37:00,099 P293193 INFO Train loss: 0.361061
2024-09-23 15:37:00,099 P293193 INFO Evaluation @epoch 3 - batch 171: 
2024-09-23 15:37:01,348 P293193 INFO [Metrics] AUC: 0.832738 - logloss: 0.333750
2024-09-23 15:37:01,349 P293193 INFO Save best model: monitor(max)=0.832738
2024-09-23 15:37:01,394 P293193 INFO ************ Epoch=3 end ************
2024-09-23 15:37:13,978 P293193 INFO Train loss: 0.357729
2024-09-23 15:37:13,978 P293193 INFO Evaluation @epoch 4 - batch 171: 
2024-09-23 15:37:15,252 P293193 INFO [Metrics] AUC: 0.836623 - logloss: 0.331096
2024-09-23 15:37:15,253 P293193 INFO Save best model: monitor(max)=0.836623
2024-09-23 15:37:15,294 P293193 INFO ************ Epoch=4 end ************
2024-09-23 15:37:27,995 P293193 INFO Train loss: 0.355033
2024-09-23 15:37:27,995 P293193 INFO Evaluation @epoch 5 - batch 171: 
2024-09-23 15:37:29,269 P293193 INFO [Metrics] AUC: 0.837810 - logloss: 0.330518
2024-09-23 15:37:29,270 P293193 INFO Save best model: monitor(max)=0.837810
2024-09-23 15:37:29,312 P293193 INFO ************ Epoch=5 end ************
2024-09-23 15:37:41,840 P293193 INFO Train loss: 0.353452
2024-09-23 15:37:41,841 P293193 INFO Evaluation @epoch 6 - batch 171: 
2024-09-23 15:37:43,112 P293193 INFO [Metrics] AUC: 0.840052 - logloss: 0.329000
2024-09-23 15:37:43,113 P293193 INFO Save best model: monitor(max)=0.840052
2024-09-23 15:37:43,154 P293193 INFO ************ Epoch=6 end ************
2024-09-23 15:37:55,842 P293193 INFO Train loss: 0.352269
2024-09-23 15:37:55,843 P293193 INFO Evaluation @epoch 7 - batch 171: 
2024-09-23 15:37:57,095 P293193 INFO [Metrics] AUC: 0.840567 - logloss: 0.328317
2024-09-23 15:37:57,096 P293193 INFO Save best model: monitor(max)=0.840567
2024-09-23 15:37:57,140 P293193 INFO ************ Epoch=7 end ************
2024-09-23 15:38:09,838 P293193 INFO Train loss: 0.351935
2024-09-23 15:38:09,838 P293193 INFO Evaluation @epoch 8 - batch 171: 
2024-09-23 15:38:11,154 P293193 INFO [Metrics] AUC: 0.842535 - logloss: 0.326346
2024-09-23 15:38:11,155 P293193 INFO Save best model: monitor(max)=0.842535
2024-09-23 15:38:11,207 P293193 INFO ************ Epoch=8 end ************
2024-09-23 15:38:23,883 P293193 INFO Train loss: 0.351146
2024-09-23 15:38:23,883 P293193 INFO Evaluation @epoch 9 - batch 171: 
2024-09-23 15:38:25,215 P293193 INFO [Metrics] AUC: 0.843129 - logloss: 0.325489
2024-09-23 15:38:25,216 P293193 INFO Save best model: monitor(max)=0.843129
2024-09-23 15:38:25,260 P293193 INFO ************ Epoch=9 end ************
2024-09-23 15:38:37,850 P293193 INFO Train loss: 0.350824
2024-09-23 15:38:37,850 P293193 INFO Evaluation @epoch 10 - batch 171: 
2024-09-23 15:38:39,155 P293193 INFO [Metrics] AUC: 0.843449 - logloss: 0.325474
2024-09-23 15:38:39,156 P293193 INFO Save best model: monitor(max)=0.843449
2024-09-23 15:38:39,199 P293193 INFO ************ Epoch=10 end ************
2024-09-23 15:38:51,962 P293193 INFO Train loss: 0.349960
2024-09-23 15:38:51,962 P293193 INFO Evaluation @epoch 11 - batch 171: 
2024-09-23 15:38:53,245 P293193 INFO [Metrics] AUC: 0.844262 - logloss: 0.324676
2024-09-23 15:38:53,246 P293193 INFO Save best model: monitor(max)=0.844262
2024-09-23 15:38:53,294 P293193 INFO ************ Epoch=11 end ************
2024-09-23 15:39:06,117 P293193 INFO Train loss: 0.349940
2024-09-23 15:39:06,118 P293193 INFO Evaluation @epoch 12 - batch 171: 
2024-09-23 15:39:07,417 P293193 INFO [Metrics] AUC: 0.844844 - logloss: 0.324189
2024-09-23 15:39:07,418 P293193 INFO Save best model: monitor(max)=0.844844
2024-09-23 15:39:07,461 P293193 INFO ************ Epoch=12 end ************
2024-09-23 15:39:20,009 P293193 INFO Train loss: 0.349563
2024-09-23 15:39:20,009 P293193 INFO Evaluation @epoch 13 - batch 171: 
2024-09-23 15:39:21,275 P293193 INFO [Metrics] AUC: 0.845130 - logloss: 0.323960
2024-09-23 15:39:21,276 P293193 INFO Save best model: monitor(max)=0.845130
2024-09-23 15:39:21,319 P293193 INFO ************ Epoch=13 end ************
2024-09-23 15:39:34,105 P293193 INFO Train loss: 0.349354
2024-09-23 15:39:34,106 P293193 INFO Evaluation @epoch 14 - batch 171: 
2024-09-23 15:39:35,428 P293193 INFO [Metrics] AUC: 0.844936 - logloss: 0.324032
2024-09-23 15:39:35,428 P293193 INFO Monitor(max)=0.844936 STOP!
2024-09-23 15:39:35,429 P293193 INFO Reduce learning rate on plateau: 0.000100
2024-09-23 15:39:35,475 P293193 INFO ************ Epoch=14 end ************
2024-09-23 15:39:48,295 P293193 INFO Train loss: 0.319014
2024-09-23 15:39:48,296 P293193 INFO Evaluation @epoch 15 - batch 171: 
2024-09-23 15:39:49,593 P293193 INFO [Metrics] AUC: 0.852227 - logloss: 0.320459
2024-09-23 15:39:49,594 P293193 INFO Save best model: monitor(max)=0.852227
2024-09-23 15:39:49,648 P293193 INFO ************ Epoch=15 end ************
2024-09-23 15:40:02,493 P293193 INFO Train loss: 0.305495
2024-09-23 15:40:02,493 P293193 INFO Evaluation @epoch 16 - batch 171: 
2024-09-23 15:40:03,773 P293193 INFO [Metrics] AUC: 0.853749 - logloss: 0.320526
2024-09-23 15:40:03,773 P293193 INFO Save best model: monitor(max)=0.853749
2024-09-23 15:40:03,824 P293193 INFO ************ Epoch=16 end ************
2024-09-23 15:40:16,619 P293193 INFO Train loss: 0.297855
2024-09-23 15:40:16,619 P293193 INFO Evaluation @epoch 17 - batch 171: 
2024-09-23 15:40:17,875 P293193 INFO [Metrics] AUC: 0.853443 - logloss: 0.323057
2024-09-23 15:40:17,875 P293193 INFO Monitor(max)=0.853443 STOP!
2024-09-23 15:40:17,875 P293193 INFO Reduce learning rate on plateau: 0.000010
2024-09-23 15:40:17,930 P293193 INFO ************ Epoch=17 end ************
2024-09-23 15:40:30,599 P293193 INFO Train loss: 0.283506
2024-09-23 15:40:30,599 P293193 INFO Evaluation @epoch 18 - batch 171: 
2024-09-23 15:40:31,881 P293193 INFO [Metrics] AUC: 0.852720 - logloss: 0.326658
2024-09-23 15:40:31,881 P293193 INFO Monitor(max)=0.852720 STOP!
2024-09-23 15:40:31,881 P293193 INFO Reduce learning rate on plateau: 0.000001
2024-09-23 15:40:31,882 P293193 INFO ********* Epoch=18 early stop *********
2024-09-23 15:40:31,925 P293193 INFO Training finished.
2024-09-23 15:40:31,925 P293193 INFO Load best model: /workspace/checkpoints/ML_1M_7_x1/ViTDCNv3_ML_1M_004_d366a015.model
