2024-09-23 01:45:46,390 P98977 INFO FuxiCTR version: 2.3.2
2024-09-23 01:45:46,391 P98977 INFO Params: {
    "batch_norm": "False",
    "batch_size": "4096",
    "data_format": "csv",
    "data_root": "dataset/",
    "dataset_id": "ML_1M_7_x1",
    "debug_mode": "False",
    "early_stop_patience": "2",
    "embedding_dim": "16",
    "embedding_regularizer": "0.01",
    "epochs": "100",
    "eval_steps": "None",
    "feature_cols": "[{'active': True, 'dtype': 'str', 'name': ['UserID', 'Gender', 'Age', 'Occupation', 'MovieID', 'Release'], 'type': 'categorical'}, {'active': True, 'dtype': 'str', 'encoder': 'MaskedSumPooling', 'max_len': 5, 'name': 'Genres', 'splitter': '^', 'type': 'sequence'}]",
    "feature_config": "None",
    "feature_specs": "None",
    "gpu": "0",
    "group_id": "None",
    "label_col": "{'dtype': 'float', 'name': 'Label'}",
    "layer_norm": "True",
    "learning_rate": "0.001",
    "loss": "binary_crossentropy",
    "metrics": "['logloss', 'AUC']",
    "min_categr_count": "1",
    "model": "ViTDCNv2",
    "model_id": "ViTDCNv2_ML_1M_001_5d7e5d5e",
    "model_root": "./checkpoints/",
    "monitor": "{'AUC': 1, 'logloss': 0}",
    "monitor_mode": "max",
    "net_dropout": "0.1",
    "net_regularizer": "0",
    "num_cross_layers": "2",
    "num_heads": "1",
    "num_workers": "4",
    "optimizer": "adam",
    "parallel_dnn_hidden_units": "[512, 128]",
    "pickle_feature_encoder": "True",
    "save_best_only": "True",
    "seed": "2024",
    "shuffle": "True",
    "task": "binary_classification",
    "test_data": "dataset/ML_1M/test.csv",
    "train_data": "dataset/ML_1M/train.csv",
    "use_features": "None",
    "valid_data": "dataset/ML_1M/valid.csv",
    "verbose": "1",
    "vit_hidden_dim": "32",
    "vit_num_heads": "2",
    "vit_num_layers": "1",
    "vit_patch_size": "4"
}
2024-09-23 01:45:46,392 P98977 INFO Set up feature processor...
2024-09-23 01:45:46,392 P98977 WARNING Skip rebuilding dataset/ML_1M_7_x1/feature_map.json. Please delete it manually if rebuilding is required.
2024-09-23 01:45:46,392 P98977 INFO Load feature_map from json: dataset/ML_1M_7_x1/feature_map.json
2024-09-23 01:45:46,393 P98977 INFO Set column index...
2024-09-23 01:45:46,393 P98977 INFO Feature specs: {
    "Age": "{'source': '', 'type': 'categorical', 'padding_idx': 0, 'vocab_size': 9}",
    "Gender": "{'source': '', 'type': 'categorical', 'padding_idx': 0, 'vocab_size': 4}",
    "Genres": "{'source': '', 'type': 'sequence', 'feature_encoder': 'layers.MaskedAveragePooling()', 'padding_idx': 0, 'max_len': 5, 'vocab_size': 302}",
    "MovieID": "{'source': '', 'type': 'categorical', 'padding_idx': 0, 'vocab_size': 3659}",
    "Occupation": "{'source': '', 'type': 'categorical', 'padding_idx': 0, 'vocab_size': 23}",
    "Release": "{'source': '', 'type': 'categorical', 'padding_idx': 0, 'vocab_size': 83}",
    "UserID": "{'source': '', 'type': 'categorical', 'padding_idx': 0, 'vocab_size': 6042}"
}
2024-09-23 01:45:47,543 P98977 INFO Total number of parameters: 595025.
2024-09-23 01:45:47,543 P98977 INFO Loading datasets...
2024-09-23 01:45:49,495 P98977 INFO Train samples: total/700146, blocks/1
2024-09-23 01:45:49,873 P98977 INFO Validation samples: total/200041, blocks/1
2024-09-23 01:45:49,873 P98977 INFO Loading train and validation data done.
2024-09-23 01:45:49,873 P98977 INFO Start training: 171 batches/epoch
2024-09-23 01:45:49,873 P98977 INFO ************ Epoch=1 start ************
2024-09-23 01:46:35,930 P98977 INFO Train loss: 0.416974
2024-09-23 01:46:35,930 P98977 INFO Evaluation @epoch 1 - batch 171: 
2024-09-23 01:46:38,638 P98977 INFO [Metrics] AUC: 0.799624 - logloss: 0.358322
2024-09-23 01:46:38,639 P98977 INFO Save best model: monitor(max)=0.799624
2024-09-23 01:46:38,679 P98977 INFO ************ Epoch=1 end ************
2024-09-23 01:47:23,144 P98977 INFO Train loss: 0.377340
2024-09-23 01:47:23,144 P98977 INFO Evaluation @epoch 2 - batch 171: 
2024-09-23 01:47:25,686 P98977 INFO [Metrics] AUC: 0.805770 - logloss: 0.354734
2024-09-23 01:47:25,686 P98977 INFO Save best model: monitor(max)=0.805770
2024-09-23 01:47:25,754 P98977 INFO ************ Epoch=2 end ************
2024-09-23 01:48:10,648 P98977 INFO Train loss: 0.371595
2024-09-23 01:48:10,649 P98977 INFO Evaluation @epoch 3 - batch 171: 
2024-09-23 01:48:13,222 P98977 INFO [Metrics] AUC: 0.810658 - logloss: 0.351231
2024-09-23 01:48:13,222 P98977 INFO Save best model: monitor(max)=0.810658
2024-09-23 01:48:13,296 P98977 INFO ************ Epoch=3 end ************
2024-09-23 01:48:57,476 P98977 INFO Train loss: 0.365815
2024-09-23 01:48:57,477 P98977 INFO Evaluation @epoch 4 - batch 171: 
2024-09-23 01:49:00,107 P98977 INFO [Metrics] AUC: 0.819980 - logloss: 0.343485
2024-09-23 01:49:00,108 P98977 INFO Save best model: monitor(max)=0.819980
2024-09-23 01:49:00,176 P98977 INFO ************ Epoch=4 end ************
2024-09-23 01:49:44,450 P98977 INFO Train loss: 0.360393
2024-09-23 01:49:44,450 P98977 INFO Evaluation @epoch 5 - batch 171: 
2024-09-23 01:49:47,170 P98977 INFO [Metrics] AUC: 0.825496 - logloss: 0.339533
2024-09-23 01:49:47,171 P98977 INFO Save best model: monitor(max)=0.825496
2024-09-23 01:49:47,229 P98977 INFO ************ Epoch=5 end ************
2024-09-23 01:50:31,115 P98977 INFO Train loss: 0.357305
2024-09-23 01:50:31,115 P98977 INFO Evaluation @epoch 6 - batch 171: 
2024-09-23 01:50:33,786 P98977 INFO [Metrics] AUC: 0.829525 - logloss: 0.336463
2024-09-23 01:50:33,786 P98977 INFO Save best model: monitor(max)=0.829525
2024-09-23 01:50:33,858 P98977 INFO ************ Epoch=6 end ************
2024-09-23 01:51:25,615 P98977 INFO Train loss: 0.355570
2024-09-23 01:51:25,616 P98977 INFO Evaluation @epoch 7 - batch 171: 
2024-09-23 01:51:28,831 P98977 INFO [Metrics] AUC: 0.833773 - logloss: 0.333321
2024-09-23 01:51:28,832 P98977 INFO Save best model: monitor(max)=0.833773
2024-09-23 01:51:28,914 P98977 INFO ************ Epoch=7 end ************
2024-09-23 01:52:24,140 P98977 INFO Train loss: 0.354037
2024-09-23 01:52:24,141 P98977 INFO Evaluation @epoch 8 - batch 171: 
2024-09-23 01:52:27,200 P98977 INFO [Metrics] AUC: 0.836108 - logloss: 0.331300
2024-09-23 01:52:27,201 P98977 INFO Save best model: monitor(max)=0.836108
2024-09-23 01:52:27,262 P98977 INFO ************ Epoch=8 end ************
2024-09-23 01:53:22,553 P98977 INFO Train loss: 0.352520
2024-09-23 01:53:22,554 P98977 INFO Evaluation @epoch 9 - batch 171: 
2024-09-23 01:53:25,880 P98977 INFO [Metrics] AUC: 0.836588 - logloss: 0.330883
2024-09-23 01:53:25,881 P98977 INFO Save best model: monitor(max)=0.836588
2024-09-23 01:53:25,965 P98977 INFO ************ Epoch=9 end ************
2024-09-23 01:54:21,831 P98977 INFO Train loss: 0.350954
2024-09-23 01:54:21,831 P98977 INFO Evaluation @epoch 10 - batch 171: 
2024-09-23 01:54:24,764 P98977 INFO [Metrics] AUC: 0.838922 - logloss: 0.329454
2024-09-23 01:54:24,764 P98977 INFO Save best model: monitor(max)=0.838922
2024-09-23 01:54:24,828 P98977 INFO ************ Epoch=10 end ************
2024-09-23 01:55:16,514 P98977 INFO Train loss: 0.349890
2024-09-23 01:55:16,515 P98977 INFO Evaluation @epoch 11 - batch 171: 
2024-09-23 01:55:19,765 P98977 INFO [Metrics] AUC: 0.839546 - logloss: 0.328922
2024-09-23 01:55:19,766 P98977 INFO Save best model: monitor(max)=0.839546
2024-09-23 01:55:19,834 P98977 INFO ************ Epoch=11 end ************
2024-09-23 01:56:15,333 P98977 INFO Train loss: 0.348909
2024-09-23 01:56:15,334 P98977 INFO Evaluation @epoch 12 - batch 171: 
2024-09-23 01:56:18,599 P98977 INFO [Metrics] AUC: 0.841336 - logloss: 0.327247
2024-09-23 01:56:18,600 P98977 INFO Save best model: monitor(max)=0.841336
2024-09-23 01:56:18,667 P98977 INFO ************ Epoch=12 end ************
2024-09-23 01:57:13,893 P98977 INFO Train loss: 0.348213
2024-09-23 01:57:13,894 P98977 INFO Evaluation @epoch 13 - batch 171: 
2024-09-23 01:57:16,946 P98977 INFO [Metrics] AUC: 0.842115 - logloss: 0.326400
2024-09-23 01:57:16,946 P98977 INFO Save best model: monitor(max)=0.842115
2024-09-23 01:57:17,031 P98977 INFO ************ Epoch=13 end ************
2024-09-23 01:58:12,843 P98977 INFO Train loss: 0.347364
2024-09-23 01:58:12,843 P98977 INFO Evaluation @epoch 14 - batch 171: 
2024-09-23 01:58:16,124 P98977 INFO [Metrics] AUC: 0.842675 - logloss: 0.326230
2024-09-23 01:58:16,125 P98977 INFO Save best model: monitor(max)=0.842675
2024-09-23 01:58:16,201 P98977 INFO ************ Epoch=14 end ************
2024-09-23 01:59:11,397 P98977 INFO Train loss: 0.347456
2024-09-23 01:59:11,397 P98977 INFO Evaluation @epoch 15 - batch 171: 
2024-09-23 01:59:14,689 P98977 INFO [Metrics] AUC: 0.842117 - logloss: 0.326894
2024-09-23 01:59:14,690 P98977 INFO Monitor(max)=0.842117 STOP!
2024-09-23 01:59:14,690 P98977 INFO Reduce learning rate on plateau: 0.000100
2024-09-23 01:59:14,768 P98977 INFO ************ Epoch=15 end ************
2024-09-23 02:00:07,375 P98977 INFO Train loss: 0.321805
2024-09-23 02:00:07,376 P98977 INFO Evaluation @epoch 16 - batch 171: 
2024-09-23 02:00:10,125 P98977 INFO [Metrics] AUC: 0.850144 - logloss: 0.320614
2024-09-23 02:00:10,126 P98977 INFO Save best model: monitor(max)=0.850144
2024-09-23 02:00:10,212 P98977 INFO ************ Epoch=16 end ************
2024-09-23 02:01:04,380 P98977 INFO Train loss: 0.310596
2024-09-23 02:01:04,381 P98977 INFO Evaluation @epoch 17 - batch 171: 
2024-09-23 02:01:07,640 P98977 INFO [Metrics] AUC: 0.852651 - logloss: 0.318986
2024-09-23 02:01:07,641 P98977 INFO Save best model: monitor(max)=0.852651
2024-09-23 02:01:07,707 P98977 INFO ************ Epoch=17 end ************
2024-09-23 02:02:03,581 P98977 INFO Train loss: 0.304887
2024-09-23 02:02:03,582 P98977 INFO Evaluation @epoch 18 - batch 171: 
2024-09-23 02:02:06,854 P98977 INFO [Metrics] AUC: 0.853663 - logloss: 0.318607
2024-09-23 02:02:06,855 P98977 INFO Save best model: monitor(max)=0.853663
2024-09-23 02:02:06,933 P98977 INFO ************ Epoch=18 end ************
2024-09-23 02:03:02,077 P98977 INFO Train loss: 0.300979
2024-09-23 02:03:02,077 P98977 INFO Evaluation @epoch 19 - batch 171: 
2024-09-23 02:03:05,316 P98977 INFO [Metrics] AUC: 0.853613 - logloss: 0.319055
2024-09-23 02:03:05,316 P98977 INFO Monitor(max)=0.853613 STOP!
2024-09-23 02:03:05,317 P98977 INFO Reduce learning rate on plateau: 0.000010
2024-09-23 02:03:05,380 P98977 INFO ************ Epoch=19 end ************
2024-09-23 02:04:00,582 P98977 INFO Train loss: 0.290377
2024-09-23 02:04:00,583 P98977 INFO Evaluation @epoch 20 - batch 171: 
2024-09-23 02:04:03,838 P98977 INFO [Metrics] AUC: 0.853545 - logloss: 0.320272
2024-09-23 02:04:03,839 P98977 INFO Monitor(max)=0.853545 STOP!
2024-09-23 02:04:03,839 P98977 INFO Reduce learning rate on plateau: 0.000001
2024-09-23 02:04:03,839 P98977 INFO ********* Epoch=20 early stop *********
2024-09-23 02:04:03,907 P98977 INFO Training finished.
2024-09-23 02:04:03,907 P98977 INFO Load best model: /workspace/checkpoints/ML_1M_7_x1/ViTDCNv2_ML_1M_001_5d7e5d5e.model
