2024-09-23 09:02:01,421 P260050 INFO FuxiCTR version: 2.3.2
2024-09-23 09:02:01,421 P260050 INFO Params: {
    "batch_norm": "False",
    "batch_size": "4096",
    "data_format": "csv",
    "data_root": "dataset/",
    "dataset_id": "ML_1M_7_x1",
    "debug_mode": "False",
    "early_stop_patience": "2",
    "embedding_dim": "16",
    "embedding_regularizer": "0.01",
    "epochs": "100",
    "eval_steps": "None",
    "feature_cols": "[{'active': True, 'dtype': 'str', 'name': ['UserID', 'Gender', 'Age', 'Occupation', 'MovieID', 'Release'], 'type': 'categorical'}, {'active': True, 'dtype': 'str', 'encoder': 'MaskedSumPooling', 'max_len': 5, 'name': 'Genres', 'splitter': '^', 'type': 'sequence'}]",
    "feature_config": "None",
    "feature_specs": "None",
    "gpu": "0",
    "group_id": "None",
    "label_col": "{'dtype': 'float', 'name': 'Label'}",
    "layer_norm": "True",
    "learning_rate": "0.001",
    "loss": "binary_crossentropy",
    "metrics": "['logloss', 'AUC']",
    "min_categr_count": "1",
    "model": "ViTDCNv2",
    "model_id": "ViTDCNv2_ML_1M_018_31a15c3c",
    "model_root": "./checkpoints/",
    "monitor": "{'AUC': 1, 'logloss': 0}",
    "monitor_mode": "max",
    "net_dropout": "0.1",
    "net_regularizer": "0",
    "num_cross_layers": "2",
    "num_heads": "1",
    "num_workers": "4",
    "optimizer": "adam",
    "parallel_dnn_hidden_units": "[512, 128]",
    "pickle_feature_encoder": "True",
    "save_best_only": "True",
    "seed": "2024",
    "shuffle": "True",
    "task": "binary_classification",
    "test_data": "dataset/ML_1M/test.csv",
    "train_data": "dataset/ML_1M/train.csv",
    "use_features": "None",
    "valid_data": "dataset/ML_1M/valid.csv",
    "verbose": "1",
    "vit_hidden_dim": "64",
    "vit_num_heads": "8",
    "vit_num_layers": "4",
    "vit_patch_size": "4"
}
2024-09-23 09:02:01,422 P260050 INFO Set up feature processor...
2024-09-23 09:02:01,423 P260050 WARNING Skip rebuilding dataset/ML_1M_7_x1/feature_map.json. Please delete it manually if rebuilding is required.
2024-09-23 09:02:01,423 P260050 INFO Load feature_map from json: dataset/ML_1M_7_x1/feature_map.json
2024-09-23 09:02:01,423 P260050 INFO Set column index...
2024-09-23 09:02:01,423 P260050 INFO Feature specs: {
    "Age": "{'source': '', 'type': 'categorical', 'padding_idx': 0, 'vocab_size': 9}",
    "Gender": "{'source': '', 'type': 'categorical', 'padding_idx': 0, 'vocab_size': 4}",
    "Genres": "{'source': '', 'type': 'sequence', 'feature_encoder': 'layers.MaskedAveragePooling()', 'padding_idx': 0, 'max_len': 5, 'vocab_size': 302}",
    "MovieID": "{'source': '', 'type': 'categorical', 'padding_idx': 0, 'vocab_size': 3659}",
    "Occupation": "{'source': '', 'type': 'categorical', 'padding_idx': 0, 'vocab_size': 23}",
    "Release": "{'source': '', 'type': 'categorical', 'padding_idx': 0, 'vocab_size': 83}",
    "UserID": "{'source': '', 'type': 'categorical', 'padding_idx': 0, 'vocab_size': 6042}"
}
2024-09-23 09:02:02,824 P260050 INFO Total number of parameters: 2577553.
2024-09-23 09:02:02,824 P260050 INFO Loading datasets...
2024-09-23 09:02:04,961 P260050 INFO Train samples: total/700146, blocks/1
2024-09-23 09:02:05,291 P260050 INFO Validation samples: total/200041, blocks/1
2024-09-23 09:02:05,291 P260050 INFO Loading train and validation data done.
2024-09-23 09:02:05,291 P260050 INFO Start training: 171 batches/epoch
2024-09-23 09:02:05,291 P260050 INFO ************ Epoch=1 start ************
2024-09-23 09:03:37,269 P260050 INFO Train loss: 0.417912
2024-09-23 09:03:37,269 P260050 INFO Evaluation @epoch 1 - batch 171: 
2024-09-23 09:03:43,133 P260050 INFO [Metrics] AUC: 0.800261 - logloss: 0.358360
2024-09-23 09:03:43,134 P260050 INFO Save best model: monitor(max)=0.800261
2024-09-23 09:03:43,201 P260050 INFO ************ Epoch=1 end ************
2024-09-23 09:05:08,456 P260050 INFO Train loss: 0.377942
2024-09-23 09:05:08,457 P260050 INFO Evaluation @epoch 2 - batch 171: 
2024-09-23 09:05:14,303 P260050 INFO [Metrics] AUC: 0.803539 - logloss: 0.356171
2024-09-23 09:05:14,304 P260050 INFO Save best model: monitor(max)=0.803539
2024-09-23 09:05:14,398 P260050 INFO ************ Epoch=2 end ************
2024-09-23 09:06:48,560 P260050 INFO Train loss: 0.372465
2024-09-23 09:06:48,560 P260050 INFO Evaluation @epoch 3 - batch 171: 
2024-09-23 09:06:54,133 P260050 INFO [Metrics] AUC: 0.810358 - logloss: 0.351266
2024-09-23 09:06:54,134 P260050 INFO Save best model: monitor(max)=0.810358
2024-09-23 09:06:54,241 P260050 INFO ************ Epoch=3 end ************
2024-09-23 09:08:27,759 P260050 INFO Train loss: 0.366350
2024-09-23 09:08:27,759 P260050 INFO Evaluation @epoch 4 - batch 171: 
2024-09-23 09:08:33,681 P260050 INFO [Metrics] AUC: 0.816999 - logloss: 0.346167
2024-09-23 09:08:33,682 P260050 INFO Save best model: monitor(max)=0.816999
2024-09-23 09:08:33,750 P260050 INFO ************ Epoch=4 end ************
2024-09-23 09:10:07,535 P260050 INFO Train loss: 0.363198
2024-09-23 09:10:07,536 P260050 INFO Evaluation @epoch 5 - batch 171: 
2024-09-23 09:10:13,369 P260050 INFO [Metrics] AUC: 0.821437 - logloss: 0.342176
2024-09-23 09:10:13,370 P260050 INFO Save best model: monitor(max)=0.821437
2024-09-23 09:10:13,438 P260050 INFO ************ Epoch=5 end ************
2024-09-23 09:11:47,306 P260050 INFO Train loss: 0.360107
2024-09-23 09:11:47,307 P260050 INFO Evaluation @epoch 6 - batch 171: 
2024-09-23 09:11:52,990 P260050 INFO [Metrics] AUC: 0.826372 - logloss: 0.338525
2024-09-23 09:11:52,991 P260050 INFO Save best model: monitor(max)=0.826372
2024-09-23 09:11:53,076 P260050 INFO ************ Epoch=6 end ************
2024-09-23 09:13:26,111 P260050 INFO Train loss: 0.358255
2024-09-23 09:13:26,112 P260050 INFO Evaluation @epoch 7 - batch 171: 
2024-09-23 09:13:31,601 P260050 INFO [Metrics] AUC: 0.830413 - logloss: 0.335635
2024-09-23 09:13:31,601 P260050 INFO Save best model: monitor(max)=0.830413
2024-09-23 09:13:31,726 P260050 INFO ************ Epoch=7 end ************
2024-09-23 09:15:05,099 P260050 INFO Train loss: 0.356739
2024-09-23 09:15:05,099 P260050 INFO Evaluation @epoch 8 - batch 171: 
2024-09-23 09:15:10,731 P260050 INFO [Metrics] AUC: 0.834487 - logloss: 0.332779
2024-09-23 09:15:10,732 P260050 INFO Save best model: monitor(max)=0.834487
2024-09-23 09:15:10,808 P260050 INFO ************ Epoch=8 end ************
2024-09-23 09:16:44,532 P260050 INFO Train loss: 0.354514
2024-09-23 09:16:44,532 P260050 INFO Evaluation @epoch 9 - batch 171: 
2024-09-23 09:16:50,293 P260050 INFO [Metrics] AUC: 0.836861 - logloss: 0.330726
2024-09-23 09:16:50,294 P260050 INFO Save best model: monitor(max)=0.836861
2024-09-23 09:16:50,381 P260050 INFO ************ Epoch=9 end ************
2024-09-23 09:18:23,905 P260050 INFO Train loss: 0.352201
2024-09-23 09:18:23,906 P260050 INFO Evaluation @epoch 10 - batch 171: 
2024-09-23 09:18:29,676 P260050 INFO [Metrics] AUC: 0.838440 - logloss: 0.329329
2024-09-23 09:18:29,677 P260050 INFO Save best model: monitor(max)=0.838440
2024-09-23 09:18:29,771 P260050 INFO ************ Epoch=10 end ************
2024-09-23 09:20:02,424 P260050 INFO Train loss: 0.350479
2024-09-23 09:20:02,425 P260050 INFO Evaluation @epoch 11 - batch 171: 
2024-09-23 09:20:08,084 P260050 INFO [Metrics] AUC: 0.838964 - logloss: 0.328620
2024-09-23 09:20:08,084 P260050 INFO Save best model: monitor(max)=0.838964
2024-09-23 09:20:08,175 P260050 INFO ************ Epoch=11 end ************
2024-09-23 09:21:41,546 P260050 INFO Train loss: 0.348912
2024-09-23 09:21:41,547 P260050 INFO Evaluation @epoch 12 - batch 171: 
2024-09-23 09:21:46,722 P260050 INFO [Metrics] AUC: 0.840715 - logloss: 0.327468
2024-09-23 09:21:46,723 P260050 INFO Save best model: monitor(max)=0.840715
2024-09-23 09:21:46,808 P260050 INFO ************ Epoch=12 end ************
2024-09-23 09:23:19,138 P260050 INFO Train loss: 0.347626
2024-09-23 09:23:19,139 P260050 INFO Evaluation @epoch 13 - batch 171: 
2024-09-23 09:23:24,914 P260050 INFO [Metrics] AUC: 0.841891 - logloss: 0.326491
2024-09-23 09:23:24,914 P260050 INFO Save best model: monitor(max)=0.841891
2024-09-23 09:23:24,983 P260050 INFO ************ Epoch=13 end ************
2024-09-23 09:24:55,114 P260050 INFO Train loss: 0.346715
2024-09-23 09:24:55,115 P260050 INFO Evaluation @epoch 14 - batch 171: 
2024-09-23 09:25:01,001 P260050 INFO [Metrics] AUC: 0.842475 - logloss: 0.326446
2024-09-23 09:25:01,002 P260050 INFO Save best model: monitor(max)=0.842475
2024-09-23 09:25:01,086 P260050 INFO ************ Epoch=14 end ************
2024-09-23 09:26:35,055 P260050 INFO Train loss: 0.346763
2024-09-23 09:26:35,056 P260050 INFO Evaluation @epoch 15 - batch 171: 
2024-09-23 09:26:40,599 P260050 INFO [Metrics] AUC: 0.844121 - logloss: 0.325212
2024-09-23 09:26:40,603 P260050 INFO Save best model: monitor(max)=0.844121
2024-09-23 09:26:40,702 P260050 INFO ************ Epoch=15 end ************
2024-09-23 09:28:13,117 P260050 INFO Train loss: 0.346350
2024-09-23 09:28:13,118 P260050 INFO Evaluation @epoch 16 - batch 171: 
2024-09-23 09:28:18,703 P260050 INFO [Metrics] AUC: 0.843869 - logloss: 0.325086
2024-09-23 09:28:18,704 P260050 INFO Monitor(max)=0.843869 STOP!
2024-09-23 09:28:18,705 P260050 INFO Reduce learning rate on plateau: 0.000100
2024-09-23 09:28:18,801 P260050 INFO ************ Epoch=16 end ************
2024-09-23 09:29:52,097 P260050 INFO Train loss: 0.318558
2024-09-23 09:29:52,098 P260050 INFO Evaluation @epoch 17 - batch 171: 
2024-09-23 09:29:57,724 P260050 INFO [Metrics] AUC: 0.850720 - logloss: 0.321452
2024-09-23 09:29:57,725 P260050 INFO Save best model: monitor(max)=0.850720
2024-09-23 09:29:57,804 P260050 INFO ************ Epoch=17 end ************
2024-09-23 09:31:27,103 P260050 INFO Train loss: 0.306121
2024-09-23 09:31:27,104 P260050 INFO Evaluation @epoch 18 - batch 171: 
2024-09-23 09:31:32,731 P260050 INFO [Metrics] AUC: 0.852617 - logloss: 0.321085
2024-09-23 09:31:32,732 P260050 INFO Save best model: monitor(max)=0.852617
2024-09-23 09:31:32,807 P260050 INFO ************ Epoch=18 end ************
2024-09-23 09:33:06,726 P260050 INFO Train loss: 0.299368
2024-09-23 09:33:06,727 P260050 INFO Evaluation @epoch 19 - batch 171: 
2024-09-23 09:33:12,552 P260050 INFO [Metrics] AUC: 0.852707 - logloss: 0.322634
2024-09-23 09:33:12,553 P260050 INFO Save best model: monitor(max)=0.852707
2024-09-23 09:33:12,625 P260050 INFO ************ Epoch=19 end ************
2024-09-23 09:34:45,885 P260050 INFO Train loss: 0.294670
2024-09-23 09:34:45,886 P260050 INFO Evaluation @epoch 20 - batch 171: 
2024-09-23 09:34:51,566 P260050 INFO [Metrics] AUC: 0.851855 - logloss: 0.324144
2024-09-23 09:34:51,567 P260050 INFO Monitor(max)=0.851855 STOP!
2024-09-23 09:34:51,567 P260050 INFO Reduce learning rate on plateau: 0.000010
2024-09-23 09:34:51,649 P260050 INFO ************ Epoch=20 end ************
2024-09-23 09:36:24,691 P260050 INFO Train loss: 0.282041
2024-09-23 09:36:24,691 P260050 INFO Evaluation @epoch 21 - batch 171: 
2024-09-23 09:36:30,365 P260050 INFO [Metrics] AUC: 0.851526 - logloss: 0.326421
2024-09-23 09:36:30,366 P260050 INFO Monitor(max)=0.851526 STOP!
2024-09-23 09:36:30,367 P260050 INFO Reduce learning rate on plateau: 0.000001
2024-09-23 09:36:30,367 P260050 INFO ********* Epoch=21 early stop *********
2024-09-23 09:36:30,461 P260050 INFO Training finished.
2024-09-23 09:36:30,462 P260050 INFO Load best model: /workspace/checkpoints/ML_1M_7_x1/ViTDCNv2_ML_1M_018_31a15c3c.model
