2024-09-23 07:49:15,338 P233858 INFO FuxiCTR version: 2.3.2
2024-09-23 07:49:15,339 P233858 INFO Params: {
    "batch_norm": "True",
    "batch_size": "4096",
    "data_format": "csv",
    "data_root": "dataset/",
    "dataset_id": "ML_1M_7_x1",
    "debug_mode": "False",
    "deep_net_dropout": "0.1",
    "early_stop_patience": "2",
    "embedding_dim": "16",
    "embedding_regularizer": "0.01",
    "epochs": "100",
    "eval_steps": "None",
    "feature_cols": "[{'active': True, 'dtype': 'str', 'name': ['UserID', 'Gender', 'Age', 'Occupation', 'MovieID', 'Release'], 'type': 'categorical'}, {'active': True, 'dtype': 'str', 'encoder': 'MaskedSumPooling', 'max_len': 5, 'name': 'Genres', 'splitter': '^', 'type': 'sequence'}]",
    "feature_config": "None",
    "feature_specs": "None",
    "gpu": "0",
    "group_id": "None",
    "label_col": "{'dtype': 'float', 'name': 'Label'}",
    "layer_norm": "True",
    "learning_rate": "0.001",
    "loss": "binary_crossentropy",
    "metrics": "['logloss', 'AUC']",
    "min_categr_count": "1",
    "model": "ViTDCNv3",
    "model_id": "ViTDCNv3_ML_1M_015_5e4a85fb",
    "model_root": "./checkpoints/",
    "monitor": "{'AUC': 1, 'logloss': 0}",
    "monitor_mode": "max",
    "net_regularizer": "0",
    "num_deep_cross_layers": "2",
    "num_heads": "1",
    "num_shallow_cross_layers": "2",
    "num_workers": "4",
    "optimizer": "adam",
    "pickle_feature_encoder": "True",
    "save_best_only": "True",
    "seed": "2024",
    "shallow_net_dropout": "0.1",
    "shuffle": "True",
    "task": "binary_classification",
    "test_data": "dataset/ML_1M/test.csv",
    "train_data": "dataset/ML_1M/train.csv",
    "use_features": "None",
    "valid_data": "dataset/ML_1M/valid.csv",
    "verbose": "1",
    "vit_hidden_dim": "64",
    "vit_num_heads": "8",
    "vit_num_layers": "2",
    "vit_patch_size": "4"
}
2024-09-23 07:49:15,340 P233858 INFO Set up feature processor...
2024-09-23 07:49:15,341 P233858 WARNING Skip rebuilding dataset/ML_1M_7_x1/feature_map.json. Please delete it manually if rebuilding is required.
2024-09-23 07:49:15,341 P233858 INFO Load feature_map from json: dataset/ML_1M_7_x1/feature_map.json
2024-09-23 07:49:15,342 P233858 INFO Set column index...
2024-09-23 07:49:15,342 P233858 INFO Feature specs: {
    "Age": "{'source': '', 'type': 'categorical', 'padding_idx': 0, 'vocab_size': 9}",
    "Gender": "{'source': '', 'type': 'categorical', 'padding_idx': 0, 'vocab_size': 4}",
    "Genres": "{'source': '', 'type': 'sequence', 'feature_encoder': 'layers.MaskedAveragePooling()', 'padding_idx': 0, 'max_len': 5, 'vocab_size': 302}",
    "MovieID": "{'source': '', 'type': 'categorical', 'padding_idx': 0, 'vocab_size': 3659}",
    "Occupation": "{'source': '', 'type': 'categorical', 'padding_idx': 0, 'vocab_size': 23}",
    "Release": "{'source': '', 'type': 'categorical', 'padding_idx': 0, 'vocab_size': 83}",
    "UserID": "{'source': '', 'type': 'categorical', 'padding_idx': 0, 'vocab_size': 6042}"
}
2024-09-23 07:49:16,796 P233858 INFO Total number of parameters: 2456554.
2024-09-23 07:49:16,797 P233858 INFO Loading datasets...
2024-09-23 07:49:18,628 P233858 INFO Train samples: total/700146, blocks/1
2024-09-23 07:49:19,280 P233858 INFO Validation samples: total/200041, blocks/1
2024-09-23 07:49:19,280 P233858 INFO Loading train and validation data done.
2024-09-23 07:49:19,281 P233858 INFO Start training: 171 batches/epoch
2024-09-23 07:49:19,281 P233858 INFO ************ Epoch=1 start ************
2024-09-23 07:51:01,986 P233858 INFO Train loss: 0.405563
2024-09-23 07:51:01,987 P233858 INFO Evaluation @epoch 1 - batch 171: 
2024-09-23 07:51:08,228 P233858 INFO [Metrics] AUC: 0.813123 - logloss: 0.348725
2024-09-23 07:51:08,229 P233858 INFO Save best model: monitor(max)=0.813123
2024-09-23 07:51:08,284 P233858 INFO ************ Epoch=1 end ************
2024-09-23 07:52:48,822 P233858 INFO Train loss: 0.367464
2024-09-23 07:52:48,823 P233858 INFO Evaluation @epoch 2 - batch 171: 
2024-09-23 07:52:54,959 P233858 INFO [Metrics] AUC: 0.823242 - logloss: 0.340825
2024-09-23 07:52:54,959 P233858 INFO Save best model: monitor(max)=0.823242
2024-09-23 07:52:55,057 P233858 INFO ************ Epoch=2 end ************
2024-09-23 07:54:31,827 P233858 INFO Train loss: 0.362553
2024-09-23 07:54:31,828 P233858 INFO Evaluation @epoch 3 - batch 171: 
2024-09-23 07:54:38,135 P233858 INFO [Metrics] AUC: 0.827326 - logloss: 0.338018
2024-09-23 07:54:38,136 P233858 INFO Save best model: monitor(max)=0.827326
2024-09-23 07:54:38,244 P233858 INFO ************ Epoch=3 end ************
2024-09-23 07:56:19,654 P233858 INFO Train loss: 0.358920
2024-09-23 07:56:19,655 P233858 INFO Evaluation @epoch 4 - batch 171: 
2024-09-23 07:56:25,533 P233858 INFO [Metrics] AUC: 0.833121 - logloss: 0.333602
2024-09-23 07:56:25,534 P233858 INFO Save best model: monitor(max)=0.833121
2024-09-23 07:56:25,609 P233858 INFO ************ Epoch=4 end ************
2024-09-23 07:57:56,789 P233858 INFO Train loss: 0.357348
2024-09-23 07:57:56,789 P233858 INFO Evaluation @epoch 5 - batch 171: 
2024-09-23 07:58:02,727 P233858 INFO [Metrics] AUC: 0.836047 - logloss: 0.330921
2024-09-23 07:58:02,728 P233858 INFO Save best model: monitor(max)=0.836047
2024-09-23 07:58:02,803 P233858 INFO ************ Epoch=5 end ************
2024-09-23 07:59:42,010 P233858 INFO Train loss: 0.355121
2024-09-23 07:59:42,011 P233858 INFO Evaluation @epoch 6 - batch 171: 
2024-09-23 07:59:48,250 P233858 INFO [Metrics] AUC: 0.837293 - logloss: 0.330731
2024-09-23 07:59:48,250 P233858 INFO Save best model: monitor(max)=0.837293
2024-09-23 07:59:48,342 P233858 INFO ************ Epoch=6 end ************
2024-09-23 08:01:23,980 P233858 INFO Train loss: 0.353551
2024-09-23 08:01:23,981 P233858 INFO Evaluation @epoch 7 - batch 171: 
2024-09-23 08:01:30,250 P233858 INFO [Metrics] AUC: 0.838247 - logloss: 0.329819
2024-09-23 08:01:30,251 P233858 INFO Save best model: monitor(max)=0.838247
2024-09-23 08:01:30,363 P233858 INFO ************ Epoch=7 end ************
2024-09-23 08:03:09,215 P233858 INFO Train loss: 0.352900
2024-09-23 08:03:09,216 P233858 INFO Evaluation @epoch 8 - batch 171: 
2024-09-23 08:03:15,110 P233858 INFO [Metrics] AUC: 0.838940 - logloss: 0.328953
2024-09-23 08:03:15,111 P233858 INFO Save best model: monitor(max)=0.838940
2024-09-23 08:03:15,227 P233858 INFO ************ Epoch=8 end ************
2024-09-23 08:04:52,977 P233858 INFO Train loss: 0.352164
2024-09-23 08:04:52,978 P233858 INFO Evaluation @epoch 9 - batch 171: 
2024-09-23 08:04:58,956 P233858 INFO [Metrics] AUC: 0.840133 - logloss: 0.328097
2024-09-23 08:04:58,956 P233858 INFO Save best model: monitor(max)=0.840133
2024-09-23 08:04:59,084 P233858 INFO ************ Epoch=9 end ************
2024-09-23 08:06:39,298 P233858 INFO Train loss: 0.351619
2024-09-23 08:06:39,298 P233858 INFO Evaluation @epoch 10 - batch 171: 
2024-09-23 08:06:45,071 P233858 INFO [Metrics] AUC: 0.841967 - logloss: 0.326712
2024-09-23 08:06:45,072 P233858 INFO Save best model: monitor(max)=0.841967
2024-09-23 08:06:45,176 P233858 INFO ************ Epoch=10 end ************
2024-09-23 08:08:20,116 P233858 INFO Train loss: 0.351343
2024-09-23 08:08:20,117 P233858 INFO Evaluation @epoch 11 - batch 171: 
2024-09-23 08:08:26,481 P233858 INFO [Metrics] AUC: 0.842260 - logloss: 0.326830
2024-09-23 08:08:26,482 P233858 INFO Save best model: monitor(max)=0.842260
2024-09-23 08:08:26,590 P233858 INFO ************ Epoch=11 end ************
2024-09-23 08:10:05,899 P233858 INFO Train loss: 0.351002
2024-09-23 08:10:05,900 P233858 INFO Evaluation @epoch 12 - batch 171: 
2024-09-23 08:10:11,478 P233858 INFO [Metrics] AUC: 0.843337 - logloss: 0.325830
2024-09-23 08:10:11,479 P233858 INFO Save best model: monitor(max)=0.843337
2024-09-23 08:10:11,558 P233858 INFO ************ Epoch=12 end ************
2024-09-23 08:11:50,905 P233858 INFO Train loss: 0.350735
2024-09-23 08:11:50,905 P233858 INFO Evaluation @epoch 13 - batch 171: 
2024-09-23 08:11:57,067 P233858 INFO [Metrics] AUC: 0.843670 - logloss: 0.325427
2024-09-23 08:11:57,068 P233858 INFO Save best model: monitor(max)=0.843670
2024-09-23 08:11:57,170 P233858 INFO ************ Epoch=13 end ************
2024-09-23 08:13:33,574 P233858 INFO Train loss: 0.349936
2024-09-23 08:13:33,574 P233858 INFO Evaluation @epoch 14 - batch 171: 
2024-09-23 08:13:39,766 P233858 INFO [Metrics] AUC: 0.844744 - logloss: 0.325203
2024-09-23 08:13:39,767 P233858 INFO Save best model: monitor(max)=0.844744
2024-09-23 08:13:39,835 P233858 INFO ************ Epoch=14 end ************
2024-09-23 08:15:18,397 P233858 INFO Train loss: 0.350191
2024-09-23 08:15:18,398 P233858 INFO Evaluation @epoch 15 - batch 171: 
2024-09-23 08:15:24,596 P233858 INFO [Metrics] AUC: 0.844724 - logloss: 0.324354
2024-09-23 08:15:24,597 P233858 INFO Monitor(max)=0.844724 STOP!
2024-09-23 08:15:24,597 P233858 INFO Reduce learning rate on plateau: 0.000100
2024-09-23 08:15:24,672 P233858 INFO ************ Epoch=15 end ************
2024-09-23 08:17:02,186 P233858 INFO Train loss: 0.321721
2024-09-23 08:17:02,187 P233858 INFO Evaluation @epoch 16 - batch 171: 
2024-09-23 08:17:07,243 P233858 INFO [Metrics] AUC: 0.852444 - logloss: 0.320140
2024-09-23 08:17:07,244 P233858 INFO Save best model: monitor(max)=0.852444
2024-09-23 08:17:07,327 P233858 INFO ************ Epoch=16 end ************
2024-09-23 08:18:45,862 P233858 INFO Train loss: 0.308909
2024-09-23 08:18:45,863 P233858 INFO Evaluation @epoch 17 - batch 171: 
2024-09-23 08:18:52,112 P233858 INFO [Metrics] AUC: 0.854516 - logloss: 0.318988
2024-09-23 08:18:52,113 P233858 INFO Save best model: monitor(max)=0.854516
2024-09-23 08:18:52,211 P233858 INFO ************ Epoch=17 end ************
2024-09-23 08:20:32,091 P233858 INFO Train loss: 0.301791
2024-09-23 08:20:32,093 P233858 INFO Evaluation @epoch 18 - batch 171: 
2024-09-23 08:20:37,944 P233858 INFO [Metrics] AUC: 0.854808 - logloss: 0.319801
2024-09-23 08:20:37,945 P233858 INFO Save best model: monitor(max)=0.854808
2024-09-23 08:20:38,035 P233858 INFO ************ Epoch=18 end ************
2024-09-23 08:22:17,639 P233858 INFO Train loss: 0.296719
2024-09-23 08:22:17,640 P233858 INFO Evaluation @epoch 19 - batch 171: 
2024-09-23 08:22:23,875 P233858 INFO [Metrics] AUC: 0.854439 - logloss: 0.321036
2024-09-23 08:22:23,876 P233858 INFO Monitor(max)=0.854439 STOP!
2024-09-23 08:22:23,876 P233858 INFO Reduce learning rate on plateau: 0.000010
2024-09-23 08:22:23,969 P233858 INFO ************ Epoch=19 end ************
2024-09-23 08:24:03,219 P233858 INFO Train loss: 0.282869
2024-09-23 08:24:03,220 P233858 INFO Evaluation @epoch 20 - batch 171: 
2024-09-23 08:24:08,942 P233858 INFO [Metrics] AUC: 0.853720 - logloss: 0.324329
2024-09-23 08:24:08,943 P233858 INFO Monitor(max)=0.853720 STOP!
2024-09-23 08:24:08,943 P233858 INFO Reduce learning rate on plateau: 0.000001
2024-09-23 08:24:08,943 P233858 INFO ********* Epoch=20 early stop *********
2024-09-23 08:24:09,036 P233858 INFO Training finished.
2024-09-23 08:24:09,037 P233858 INFO Load best model: /workspace/checkpoints/ML_1M_7_x1/ViTDCNv3_ML_1M_015_5e4a85fb.model
