2024-09-23 01:22:24,448 P89203 INFO FuxiCTR version: 2.3.2
2024-09-23 01:22:24,449 P89203 INFO Params: {
    "batch_norm": "True",
    "batch_size": "4096",
    "data_format": "csv",
    "data_root": "dataset/",
    "dataset_id": "ML_1M_7_x1",
    "debug_mode": "False",
    "deep_net_dropout": "0.1",
    "early_stop_patience": "2",
    "embedding_dim": "16",
    "embedding_regularizer": "0.01",
    "epochs": "100",
    "eval_steps": "None",
    "feature_cols": "[{'active': True, 'dtype': 'str', 'name': ['UserID', 'Gender', 'Age', 'Occupation', 'MovieID', 'Release'], 'type': 'categorical'}, {'active': True, 'dtype': 'str', 'encoder': 'MaskedSumPooling', 'max_len': 5, 'name': 'Genres', 'splitter': '^', 'type': 'sequence'}]",
    "feature_config": "None",
    "feature_specs": "None",
    "gpu": "0",
    "group_id": "None",
    "label_col": "{'dtype': 'float', 'name': 'Label'}",
    "layer_norm": "True",
    "learning_rate": "0.001",
    "loss": "binary_crossentropy",
    "metrics": "['logloss', 'AUC']",
    "min_categr_count": "1",
    "model": "ViTDCNv3",
    "model_id": "ViTDCNv3_ML_1M_002_a6ec70f8",
    "model_root": "./checkpoints/",
    "monitor": "{'AUC': 1, 'logloss': 0}",
    "monitor_mode": "max",
    "net_regularizer": "0",
    "num_deep_cross_layers": "2",
    "num_heads": "1",
    "num_shallow_cross_layers": "2",
    "num_workers": "4",
    "optimizer": "adam",
    "pickle_feature_encoder": "True",
    "save_best_only": "True",
    "seed": "2024",
    "shallow_net_dropout": "0.1",
    "shuffle": "True",
    "task": "binary_classification",
    "test_data": "dataset/ML_1M/test.csv",
    "train_data": "dataset/ML_1M/train.csv",
    "use_features": "None",
    "valid_data": "dataset/ML_1M/valid.csv",
    "verbose": "1",
    "vit_hidden_dim": "32",
    "vit_num_heads": "4",
    "vit_num_layers": "1",
    "vit_patch_size": "4"
}
2024-09-23 01:22:24,450 P89203 INFO Set up feature processor...
2024-09-23 01:22:24,450 P89203 WARNING Skip rebuilding dataset/ML_1M_7_x1/feature_map.json. Please delete it manually if rebuilding is required.
2024-09-23 01:22:24,450 P89203 INFO Load feature_map from json: dataset/ML_1M_7_x1/feature_map.json
2024-09-23 01:22:24,450 P89203 INFO Set column index...
2024-09-23 01:22:24,451 P89203 INFO Feature specs: {
    "Age": "{'source': '', 'type': 'categorical', 'padding_idx': 0, 'vocab_size': 9}",
    "Gender": "{'source': '', 'type': 'categorical', 'padding_idx': 0, 'vocab_size': 4}",
    "Genres": "{'source': '', 'type': 'sequence', 'feature_encoder': 'layers.MaskedAveragePooling()', 'padding_idx': 0, 'max_len': 5, 'vocab_size': 302}",
    "MovieID": "{'source': '', 'type': 'categorical', 'padding_idx': 0, 'vocab_size': 3659}",
    "Occupation": "{'source': '', 'type': 'categorical', 'padding_idx': 0, 'vocab_size': 23}",
    "Release": "{'source': '', 'type': 'categorical', 'padding_idx': 0, 'vocab_size': 83}",
    "UserID": "{'source': '', 'type': 'categorical', 'padding_idx': 0, 'vocab_size': 6042}"
}
2024-09-23 01:22:25,706 P89203 INFO Total number of parameters: 747882.
2024-09-23 01:22:25,706 P89203 INFO Loading datasets...
2024-09-23 01:22:27,646 P89203 INFO Train samples: total/700146, blocks/1
2024-09-23 01:22:28,188 P89203 INFO Validation samples: total/200041, blocks/1
2024-09-23 01:22:28,188 P89203 INFO Loading train and validation data done.
2024-09-23 01:22:28,188 P89203 INFO Start training: 171 batches/epoch
2024-09-23 01:22:28,188 P89203 INFO ************ Epoch=1 start ************
2024-09-23 01:23:14,762 P89203 INFO Train loss: 0.411478
2024-09-23 01:23:14,763 P89203 INFO Evaluation @epoch 1 - batch 171: 
2024-09-23 01:23:17,913 P89203 INFO [Metrics] AUC: 0.809119 - logloss: 0.352525
2024-09-23 01:23:17,913 P89203 INFO Save best model: monitor(max)=0.809119
2024-09-23 01:23:17,954 P89203 INFO ************ Epoch=1 end ************
2024-09-23 01:24:02,397 P89203 INFO Train loss: 0.372157
2024-09-23 01:24:02,397 P89203 INFO Evaluation @epoch 2 - batch 171: 
2024-09-23 01:24:05,658 P89203 INFO [Metrics] AUC: 0.818594 - logloss: 0.344567
2024-09-23 01:24:05,659 P89203 INFO Save best model: monitor(max)=0.818594
2024-09-23 01:24:05,728 P89203 INFO ************ Epoch=2 end ************
2024-09-23 01:24:50,191 P89203 INFO Train loss: 0.366850
2024-09-23 01:24:50,192 P89203 INFO Evaluation @epoch 3 - batch 171: 
2024-09-23 01:24:53,198 P89203 INFO [Metrics] AUC: 0.826486 - logloss: 0.338571
2024-09-23 01:24:53,199 P89203 INFO Save best model: monitor(max)=0.826486
2024-09-23 01:24:53,259 P89203 INFO ************ Epoch=3 end ************
2024-09-23 01:25:38,491 P89203 INFO Train loss: 0.362111
2024-09-23 01:25:38,492 P89203 INFO Evaluation @epoch 4 - batch 171: 
2024-09-23 01:25:41,670 P89203 INFO [Metrics] AUC: 0.832098 - logloss: 0.334325
2024-09-23 01:25:41,671 P89203 INFO Save best model: monitor(max)=0.832098
2024-09-23 01:25:41,740 P89203 INFO ************ Epoch=4 end ************
2024-09-23 01:26:18,733 P89203 INFO Train loss: 0.358988
2024-09-23 01:26:18,733 P89203 INFO Evaluation @epoch 5 - batch 171: 
2024-09-23 01:26:21,127 P89203 INFO [Metrics] AUC: 0.834940 - logloss: 0.332427
2024-09-23 01:26:21,128 P89203 INFO Save best model: monitor(max)=0.834940
2024-09-23 01:26:21,214 P89203 INFO ************ Epoch=5 end ************
2024-09-23 01:27:04,495 P89203 INFO Train loss: 0.356367
2024-09-23 01:27:04,495 P89203 INFO Evaluation @epoch 6 - batch 171: 
2024-09-23 01:27:07,664 P89203 INFO [Metrics] AUC: 0.836354 - logloss: 0.331162
2024-09-23 01:27:07,665 P89203 INFO Save best model: monitor(max)=0.836354
2024-09-23 01:27:07,726 P89203 INFO ************ Epoch=6 end ************
2024-09-23 01:27:53,063 P89203 INFO Train loss: 0.354818
2024-09-23 01:27:53,064 P89203 INFO Evaluation @epoch 7 - batch 171: 
2024-09-23 01:27:56,382 P89203 INFO [Metrics] AUC: 0.838623 - logloss: 0.329497
2024-09-23 01:27:56,383 P89203 INFO Save best model: monitor(max)=0.838623
2024-09-23 01:27:56,442 P89203 INFO ************ Epoch=7 end ************
2024-09-23 01:28:29,373 P89203 INFO Train loss: 0.353405
2024-09-23 01:28:29,374 P89203 INFO Evaluation @epoch 8 - batch 171: 
2024-09-23 01:28:32,588 P89203 INFO [Metrics] AUC: 0.839900 - logloss: 0.328338
2024-09-23 01:28:32,589 P89203 INFO Save best model: monitor(max)=0.839900
2024-09-23 01:28:32,666 P89203 INFO ************ Epoch=8 end ************
2024-09-23 01:29:17,853 P89203 INFO Train loss: 0.352690
2024-09-23 01:29:17,854 P89203 INFO Evaluation @epoch 9 - batch 171: 
2024-09-23 01:29:22,062 P89203 INFO [Metrics] AUC: 0.841978 - logloss: 0.326937
2024-09-23 01:29:22,063 P89203 INFO Save best model: monitor(max)=0.841978
2024-09-23 01:29:22,141 P89203 INFO ************ Epoch=9 end ************
2024-09-23 01:30:25,226 P89203 INFO Train loss: 0.351729
2024-09-23 01:30:25,226 P89203 INFO Evaluation @epoch 10 - batch 171: 
2024-09-23 01:30:29,287 P89203 INFO [Metrics] AUC: 0.841469 - logloss: 0.326781
2024-09-23 01:30:29,288 P89203 INFO Monitor(max)=0.841469 STOP!
2024-09-23 01:30:29,288 P89203 INFO Reduce learning rate on plateau: 0.000100
2024-09-23 01:30:29,359 P89203 INFO ************ Epoch=10 end ************
2024-09-23 01:31:31,951 P89203 INFO Train loss: 0.325087
2024-09-23 01:31:31,951 P89203 INFO Evaluation @epoch 11 - batch 171: 
2024-09-23 01:31:36,117 P89203 INFO [Metrics] AUC: 0.850323 - logloss: 0.320736
2024-09-23 01:31:36,117 P89203 INFO Save best model: monitor(max)=0.850323
2024-09-23 01:31:36,199 P89203 INFO ************ Epoch=11 end ************
2024-09-23 01:32:38,515 P89203 INFO Train loss: 0.312574
2024-09-23 01:32:38,515 P89203 INFO Evaluation @epoch 12 - batch 171: 
2024-09-23 01:32:42,789 P89203 INFO [Metrics] AUC: 0.853400 - logloss: 0.318767
2024-09-23 01:32:42,790 P89203 INFO Save best model: monitor(max)=0.853400
2024-09-23 01:32:42,908 P89203 INFO ************ Epoch=12 end ************
2024-09-23 01:33:45,912 P89203 INFO Train loss: 0.305559
2024-09-23 01:33:45,912 P89203 INFO Evaluation @epoch 13 - batch 171: 
2024-09-23 01:33:50,096 P89203 INFO [Metrics] AUC: 0.854001 - logloss: 0.318598
2024-09-23 01:33:50,097 P89203 INFO Save best model: monitor(max)=0.854001
2024-09-23 01:33:50,165 P89203 INFO ************ Epoch=13 end ************
2024-09-23 01:34:52,642 P89203 INFO Train loss: 0.300816
2024-09-23 01:34:52,643 P89203 INFO Evaluation @epoch 14 - batch 171: 
2024-09-23 01:34:56,792 P89203 INFO [Metrics] AUC: 0.854266 - logloss: 0.319623
2024-09-23 01:34:56,793 P89203 INFO Save best model: monitor(max)=0.854266
2024-09-23 01:34:56,870 P89203 INFO ************ Epoch=14 end ************
2024-09-23 01:35:59,710 P89203 INFO Train loss: 0.296757
2024-09-23 01:35:59,711 P89203 INFO Evaluation @epoch 15 - batch 171: 
2024-09-23 01:36:03,779 P89203 INFO [Metrics] AUC: 0.853580 - logloss: 0.320802
2024-09-23 01:36:03,780 P89203 INFO Monitor(max)=0.853580 STOP!
2024-09-23 01:36:03,780 P89203 INFO Reduce learning rate on plateau: 0.000010
2024-09-23 01:36:03,840 P89203 INFO ************ Epoch=15 end ************
2024-09-23 01:37:06,732 P89203 INFO Train loss: 0.283482
2024-09-23 01:37:06,733 P89203 INFO Evaluation @epoch 16 - batch 171: 
2024-09-23 01:37:10,943 P89203 INFO [Metrics] AUC: 0.853143 - logloss: 0.323219
2024-09-23 01:37:10,943 P89203 INFO Monitor(max)=0.853143 STOP!
2024-09-23 01:37:10,944 P89203 INFO Reduce learning rate on plateau: 0.000001
2024-09-23 01:37:10,944 P89203 INFO ********* Epoch=16 early stop *********
2024-09-23 01:37:11,013 P89203 INFO Training finished.
2024-09-23 01:37:11,013 P89203 INFO Load best model: /workspace/checkpoints/ML_1M_7_x1/ViTDCNv3_ML_1M_002_a6ec70f8.model
