2024-09-23 15:32:17,875 P291930 INFO FuxiCTR version: 2.3.2
2024-09-23 15:32:17,876 P291930 INFO Params: {
    "batch_norm": "True",
    "batch_size": "4096",
    "data_format": "csv",
    "data_root": "dataset/",
    "dataset_id": "ML_1M_7_x1",
    "debug_mode": "False",
    "deep_net_dropout": "0.1",
    "early_stop_patience": "2",
    "embedding_dim": "16",
    "embedding_regularizer": "0.01",
    "epochs": "100",
    "eval_steps": "None",
    "feature_cols": "[{'active': True, 'dtype': 'str', 'name': ['UserID', 'Gender', 'Age', 'Occupation', 'MovieID', 'Release'], 'type': 'categorical'}, {'active': True, 'dtype': 'str', 'encoder': 'MaskedSumPooling', 'max_len': 5, 'name': 'Genres', 'splitter': '^', 'type': 'sequence'}]",
    "feature_config": "None",
    "feature_specs": "None",
    "gpu": "0",
    "group_id": "None",
    "label_col": "{'dtype': 'float', 'name': 'Label'}",
    "layer_norm": "True",
    "learning_rate": "0.001",
    "loss": "binary_crossentropy",
    "metrics": "['logloss', 'AUC']",
    "min_categr_count": "1",
    "model": "ViTDCNv3",
    "model_id": "ViTDCNv3_ML_1M_003_51ef2264",
    "model_root": "./checkpoints/",
    "monitor": "{'AUC': 1, 'logloss': 0}",
    "monitor_mode": "max",
    "net_regularizer": "0",
    "num_deep_cross_layers": "2",
    "num_heads": "1",
    "num_shallow_cross_layers": "4",
    "num_workers": "4",
    "optimizer": "adam",
    "pickle_feature_encoder": "True",
    "save_best_only": "True",
    "seed": "2024",
    "shallow_net_dropout": "0.1",
    "shuffle": "True",
    "task": "binary_classification",
    "test_data": "dataset/ML_1M/test.csv",
    "train_data": "dataset/ML_1M/train.csv",
    "use_features": "None",
    "valid_data": "dataset/ML_1M/valid.csv",
    "verbose": "1",
    "vit_hidden_dim": "64",
    "vit_num_heads": "8",
    "vit_num_layers": "2",
    "vit_patch_size": "8"
}
2024-09-23 15:32:17,877 P291930 INFO Set up feature processor...
2024-09-23 15:32:17,877 P291930 WARNING Skip rebuilding dataset/ML_1M_7_x1/feature_map.json. Please delete it manually if rebuilding is required.
2024-09-23 15:32:17,878 P291930 INFO Load feature_map from json: dataset/ML_1M_7_x1/feature_map.json
2024-09-23 15:32:17,878 P291930 INFO Set column index...
2024-09-23 15:32:17,878 P291930 INFO Feature specs: {
    "Age": "{'source': '', 'type': 'categorical', 'padding_idx': 0, 'vocab_size': 9}",
    "Gender": "{'source': '', 'type': 'categorical', 'padding_idx': 0, 'vocab_size': 4}",
    "Genres": "{'source': '', 'type': 'sequence', 'feature_encoder': 'layers.MaskedAveragePooling()', 'padding_idx': 0, 'max_len': 5, 'vocab_size': 302}",
    "MovieID": "{'source': '', 'type': 'categorical', 'padding_idx': 0, 'vocab_size': 3659}",
    "Occupation": "{'source': '', 'type': 'categorical', 'padding_idx': 0, 'vocab_size': 23}",
    "Release": "{'source': '', 'type': 'categorical', 'padding_idx': 0, 'vocab_size': 83}",
    "UserID": "{'source': '', 'type': 'categorical', 'padding_idx': 0, 'vocab_size': 6042}"
}
2024-09-23 15:32:19,158 P291930 INFO Total number of parameters: 3622174.
2024-09-23 15:32:19,158 P291930 INFO Loading datasets...
2024-09-23 15:32:20,725 P291930 INFO Train samples: total/700146, blocks/1
2024-09-23 15:32:21,094 P291930 INFO Validation samples: total/200041, blocks/1
2024-09-23 15:32:21,095 P291930 INFO Loading train and validation data done.
2024-09-23 15:32:21,095 P291930 INFO Start training: 171 batches/epoch
2024-09-23 15:32:21,095 P291930 INFO ************ Epoch=1 start ************
2024-09-23 15:32:36,996 P291930 INFO Train loss: 0.399280
2024-09-23 15:32:36,996 P291930 INFO Evaluation @epoch 1 - batch 171: 
2024-09-23 15:32:38,411 P291930 INFO [Metrics] AUC: 0.814541 - logloss: 0.347920
2024-09-23 15:32:38,411 P291930 INFO Save best model: monitor(max)=0.814541
2024-09-23 15:32:38,450 P291930 INFO ************ Epoch=1 end ************
2024-09-23 15:32:53,083 P291930 INFO Train loss: 0.366364
2024-09-23 15:32:53,083 P291930 INFO Evaluation @epoch 2 - batch 171: 
2024-09-23 15:32:54,483 P291930 INFO [Metrics] AUC: 0.824520 - logloss: 0.340937
2024-09-23 15:32:54,484 P291930 INFO Save best model: monitor(max)=0.824520
2024-09-23 15:32:54,536 P291930 INFO ************ Epoch=2 end ************
2024-09-23 15:33:09,176 P291930 INFO Train loss: 0.360526
2024-09-23 15:33:09,176 P291930 INFO Evaluation @epoch 3 - batch 171: 
2024-09-23 15:33:10,578 P291930 INFO [Metrics] AUC: 0.831582 - logloss: 0.335041
2024-09-23 15:33:10,579 P291930 INFO Save best model: monitor(max)=0.831582
2024-09-23 15:33:10,628 P291930 INFO ************ Epoch=3 end ************
2024-09-23 15:33:25,318 P291930 INFO Train loss: 0.358424
2024-09-23 15:33:25,319 P291930 INFO Evaluation @epoch 4 - batch 171: 
2024-09-23 15:33:26,737 P291930 INFO [Metrics] AUC: 0.835708 - logloss: 0.331999
2024-09-23 15:33:26,738 P291930 INFO Save best model: monitor(max)=0.835708
2024-09-23 15:33:26,791 P291930 INFO ************ Epoch=4 end ************
2024-09-23 15:33:41,639 P291930 INFO Train loss: 0.356043
2024-09-23 15:33:41,640 P291930 INFO Evaluation @epoch 5 - batch 171: 
2024-09-23 15:33:43,088 P291930 INFO [Metrics] AUC: 0.837792 - logloss: 0.330249
2024-09-23 15:33:43,088 P291930 INFO Save best model: monitor(max)=0.837792
2024-09-23 15:33:43,141 P291930 INFO ************ Epoch=5 end ************
2024-09-23 15:33:57,893 P291930 INFO Train loss: 0.354455
2024-09-23 15:33:57,894 P291930 INFO Evaluation @epoch 6 - batch 171: 
2024-09-23 15:33:59,284 P291930 INFO [Metrics] AUC: 0.838516 - logloss: 0.329529
2024-09-23 15:33:59,285 P291930 INFO Save best model: monitor(max)=0.838516
2024-09-23 15:33:59,337 P291930 INFO ************ Epoch=6 end ************
2024-09-23 15:34:14,063 P291930 INFO Train loss: 0.353029
2024-09-23 15:34:14,064 P291930 INFO Evaluation @epoch 7 - batch 171: 
2024-09-23 15:34:15,479 P291930 INFO [Metrics] AUC: 0.841346 - logloss: 0.327820
2024-09-23 15:34:15,479 P291930 INFO Save best model: monitor(max)=0.841346
2024-09-23 15:34:15,527 P291930 INFO ************ Epoch=7 end ************
2024-09-23 15:34:30,276 P291930 INFO Train loss: 0.352160
2024-09-23 15:34:30,277 P291930 INFO Evaluation @epoch 8 - batch 171: 
2024-09-23 15:34:31,690 P291930 INFO [Metrics] AUC: 0.841415 - logloss: 0.327215
2024-09-23 15:34:31,691 P291930 INFO Save best model: monitor(max)=0.841415
2024-09-23 15:34:31,742 P291930 INFO ************ Epoch=8 end ************
2024-09-23 15:34:46,631 P291930 INFO Train loss: 0.351635
2024-09-23 15:34:46,632 P291930 INFO Evaluation @epoch 9 - batch 171: 
2024-09-23 15:34:48,044 P291930 INFO [Metrics] AUC: 0.841384 - logloss: 0.326935
2024-09-23 15:34:48,045 P291930 INFO Monitor(max)=0.841384 STOP!
2024-09-23 15:34:48,045 P291930 INFO Reduce learning rate on plateau: 0.000100
2024-09-23 15:34:48,096 P291930 INFO ************ Epoch=9 end ************
2024-09-23 15:35:02,933 P291930 INFO Train loss: 0.324994
2024-09-23 15:35:02,934 P291930 INFO Evaluation @epoch 10 - batch 171: 
2024-09-23 15:35:04,387 P291930 INFO [Metrics] AUC: 0.849860 - logloss: 0.321876
2024-09-23 15:35:04,388 P291930 INFO Save best model: monitor(max)=0.849860
2024-09-23 15:35:04,437 P291930 INFO ************ Epoch=10 end ************
2024-09-23 15:35:19,127 P291930 INFO Train loss: 0.312287
2024-09-23 15:35:19,127 P291930 INFO Evaluation @epoch 11 - batch 171: 
2024-09-23 15:35:20,558 P291930 INFO [Metrics] AUC: 0.852350 - logloss: 0.320115
2024-09-23 15:35:20,558 P291930 INFO Save best model: monitor(max)=0.852350
2024-09-23 15:35:20,607 P291930 INFO ************ Epoch=11 end ************
2024-09-23 15:35:35,442 P291930 INFO Train loss: 0.305572
2024-09-23 15:35:35,442 P291930 INFO Evaluation @epoch 12 - batch 171: 
2024-09-23 15:35:36,861 P291930 INFO [Metrics] AUC: 0.853261 - logloss: 0.320580
2024-09-23 15:35:36,862 P291930 INFO Save best model: monitor(max)=0.853261
2024-09-23 15:35:36,915 P291930 INFO ************ Epoch=12 end ************
2024-09-23 15:35:51,661 P291930 INFO Train loss: 0.300680
2024-09-23 15:35:51,661 P291930 INFO Evaluation @epoch 13 - batch 171: 
2024-09-23 15:35:53,052 P291930 INFO [Metrics] AUC: 0.852931 - logloss: 0.322870
2024-09-23 15:35:53,052 P291930 INFO Monitor(max)=0.852931 STOP!
2024-09-23 15:35:53,053 P291930 INFO Reduce learning rate on plateau: 0.000010
2024-09-23 15:35:53,105 P291930 INFO ************ Epoch=13 end ************
2024-09-23 15:36:07,783 P291930 INFO Train loss: 0.287202
2024-09-23 15:36:07,784 P291930 INFO Evaluation @epoch 14 - batch 171: 
2024-09-23 15:36:09,179 P291930 INFO [Metrics] AUC: 0.851938 - logloss: 0.326397
2024-09-23 15:36:09,180 P291930 INFO Monitor(max)=0.851938 STOP!
2024-09-23 15:36:09,180 P291930 INFO Reduce learning rate on plateau: 0.000001
2024-09-23 15:36:09,180 P291930 INFO ********* Epoch=14 early stop *********
2024-09-23 15:36:09,232 P291930 INFO Training finished.
2024-09-23 15:36:09,232 P291930 INFO Load best model: /workspace/checkpoints/ML_1M_7_x1/ViTDCNv3_ML_1M_003_51ef2264.model
