2024-09-23 04:05:28,692 P151648 INFO FuxiCTR version: 2.3.2
2024-09-23 04:05:28,693 P151648 INFO Params: {
    "batch_norm": "True",
    "batch_size": "4096",
    "data_format": "csv",
    "data_root": "dataset/",
    "dataset_id": "ML_1M_7_x1",
    "debug_mode": "False",
    "deep_net_dropout": "0.1",
    "early_stop_patience": "2",
    "embedding_dim": "16",
    "embedding_regularizer": "0.01",
    "epochs": "100",
    "eval_steps": "None",
    "feature_cols": "[{'active': True, 'dtype': 'str', 'name': ['UserID', 'Gender', 'Age', 'Occupation', 'MovieID', 'Release'], 'type': 'categorical'}, {'active': True, 'dtype': 'str', 'encoder': 'MaskedSumPooling', 'max_len': 5, 'name': 'Genres', 'splitter': '^', 'type': 'sequence'}]",
    "feature_config": "None",
    "feature_specs": "None",
    "gpu": "0",
    "group_id": "None",
    "label_col": "{'dtype': 'float', 'name': 'Label'}",
    "layer_norm": "True",
    "learning_rate": "0.001",
    "loss": "binary_crossentropy",
    "metrics": "['logloss', 'AUC']",
    "min_categr_count": "1",
    "model": "ViTDCNv3",
    "model_id": "ViTDCNv3_ML_1M_008_5a18fa6a",
    "model_root": "./checkpoints/",
    "monitor": "{'AUC': 1, 'logloss': 0}",
    "monitor_mode": "max",
    "net_regularizer": "0",
    "num_deep_cross_layers": "2",
    "num_heads": "1",
    "num_shallow_cross_layers": "2",
    "num_workers": "4",
    "optimizer": "adam",
    "pickle_feature_encoder": "True",
    "save_best_only": "True",
    "seed": "2024",
    "shallow_net_dropout": "0.1",
    "shuffle": "True",
    "task": "binary_classification",
    "test_data": "dataset/ML_1M/test.csv",
    "train_data": "dataset/ML_1M/train.csv",
    "use_features": "None",
    "valid_data": "dataset/ML_1M/valid.csv",
    "verbose": "1",
    "vit_hidden_dim": "32",
    "vit_num_heads": "4",
    "vit_num_layers": "4",
    "vit_patch_size": "4"
}
2024-09-23 04:05:28,694 P151648 INFO Set up feature processor...
2024-09-23 04:05:28,694 P151648 WARNING Skip rebuilding dataset/ML_1M_7_x1/feature_map.json. Please delete it manually if rebuilding is required.
2024-09-23 04:05:28,694 P151648 INFO Load feature_map from json: dataset/ML_1M_7_x1/feature_map.json
2024-09-23 04:05:28,694 P151648 INFO Set column index...
2024-09-23 04:05:28,695 P151648 INFO Feature specs: {
    "Age": "{'source': '', 'type': 'categorical', 'padding_idx': 0, 'vocab_size': 9}",
    "Gender": "{'source': '', 'type': 'categorical', 'padding_idx': 0, 'vocab_size': 4}",
    "Genres": "{'source': '', 'type': 'sequence', 'feature_encoder': 'layers.MaskedAveragePooling()', 'padding_idx': 0, 'max_len': 5, 'vocab_size': 302}",
    "MovieID": "{'source': '', 'type': 'categorical', 'padding_idx': 0, 'vocab_size': 3659}",
    "Occupation": "{'source': '', 'type': 'categorical', 'padding_idx': 0, 'vocab_size': 23}",
    "Release": "{'source': '', 'type': 'categorical', 'padding_idx': 0, 'vocab_size': 83}",
    "UserID": "{'source': '', 'type': 'categorical', 'padding_idx': 0, 'vocab_size': 6042}"
}
2024-09-23 04:05:30,239 P151648 INFO Total number of parameters: 2397930.
2024-09-23 04:05:30,239 P151648 INFO Loading datasets...
2024-09-23 04:05:32,122 P151648 INFO Train samples: total/700146, blocks/1
2024-09-23 04:05:32,731 P151648 INFO Validation samples: total/200041, blocks/1
2024-09-23 04:05:32,731 P151648 INFO Loading train and validation data done.
2024-09-23 04:05:32,731 P151648 INFO Start training: 171 batches/epoch
2024-09-23 04:05:32,731 P151648 INFO ************ Epoch=1 start ************
2024-09-23 04:07:59,056 P151648 INFO Train loss: 0.410253
2024-09-23 04:07:59,057 P151648 INFO Evaluation @epoch 1 - batch 171: 
2024-09-23 04:08:08,353 P151648 INFO [Metrics] AUC: 0.812840 - logloss: 0.349338
2024-09-23 04:08:08,354 P151648 INFO Save best model: monitor(max)=0.812840
2024-09-23 04:08:08,403 P151648 INFO ************ Epoch=1 end ************
2024-09-23 04:10:35,764 P151648 INFO Train loss: 0.364719
2024-09-23 04:10:35,765 P151648 INFO Evaluation @epoch 2 - batch 171: 
2024-09-23 04:10:45,028 P151648 INFO [Metrics] AUC: 0.824932 - logloss: 0.339811
2024-09-23 04:10:45,029 P151648 INFO Save best model: monitor(max)=0.824932
2024-09-23 04:10:45,109 P151648 INFO ************ Epoch=2 end ************
2024-09-23 04:13:11,353 P151648 INFO Train loss: 0.359788
2024-09-23 04:13:11,354 P151648 INFO Evaluation @epoch 3 - batch 171: 
2024-09-23 04:13:20,774 P151648 INFO [Metrics] AUC: 0.832329 - logloss: 0.334206
2024-09-23 04:13:20,775 P151648 INFO Save best model: monitor(max)=0.832329
2024-09-23 04:13:20,870 P151648 INFO ************ Epoch=3 end ************
2024-09-23 04:15:45,009 P151648 INFO Train loss: 0.356242
2024-09-23 04:15:45,010 P151648 INFO Evaluation @epoch 4 - batch 171: 
2024-09-23 04:15:54,223 P151648 INFO [Metrics] AUC: 0.836443 - logloss: 0.331140
2024-09-23 04:15:54,224 P151648 INFO Save best model: monitor(max)=0.836443
2024-09-23 04:15:54,306 P151648 INFO ************ Epoch=4 end ************
2024-09-23 04:18:20,556 P151648 INFO Train loss: 0.354223
2024-09-23 04:18:20,557 P151648 INFO Evaluation @epoch 5 - batch 171: 
2024-09-23 04:18:29,861 P151648 INFO [Metrics] AUC: 0.838402 - logloss: 0.329738
2024-09-23 04:18:29,861 P151648 INFO Save best model: monitor(max)=0.838402
2024-09-23 04:18:29,939 P151648 INFO ************ Epoch=5 end ************
2024-09-23 04:20:56,811 P151648 INFO Train loss: 0.352371
2024-09-23 04:20:56,812 P151648 INFO Evaluation @epoch 6 - batch 171: 
2024-09-23 04:21:06,141 P151648 INFO [Metrics] AUC: 0.839866 - logloss: 0.329258
2024-09-23 04:21:06,141 P151648 INFO Save best model: monitor(max)=0.839866
2024-09-23 04:21:06,224 P151648 INFO ************ Epoch=6 end ************
2024-09-23 04:23:31,513 P151648 INFO Train loss: 0.351369
2024-09-23 04:23:31,514 P151648 INFO Evaluation @epoch 7 - batch 171: 
2024-09-23 04:23:39,112 P151648 INFO [Metrics] AUC: 0.840866 - logloss: 0.328383
2024-09-23 04:23:39,114 P151648 INFO Save best model: monitor(max)=0.840866
2024-09-23 04:23:39,207 P151648 INFO ************ Epoch=7 end ************
2024-09-23 04:26:04,193 P151648 INFO Train loss: 0.350584
2024-09-23 04:26:04,194 P151648 INFO Evaluation @epoch 8 - batch 171: 
2024-09-23 04:26:13,207 P151648 INFO [Metrics] AUC: 0.841365 - logloss: 0.327320
2024-09-23 04:26:13,208 P151648 INFO Save best model: monitor(max)=0.841365
2024-09-23 04:26:13,280 P151648 INFO ************ Epoch=8 end ************
2024-09-23 04:28:35,724 P151648 INFO Train loss: 0.349993
2024-09-23 04:28:35,724 P151648 INFO Evaluation @epoch 9 - batch 171: 
2024-09-23 04:28:44,864 P151648 INFO [Metrics] AUC: 0.842031 - logloss: 0.326759
2024-09-23 04:28:44,865 P151648 INFO Save best model: monitor(max)=0.842031
2024-09-23 04:28:44,954 P151648 INFO ************ Epoch=9 end ************
2024-09-23 04:31:10,775 P151648 INFO Train loss: 0.349330
2024-09-23 04:31:10,775 P151648 INFO Evaluation @epoch 10 - batch 171: 
2024-09-23 04:31:20,014 P151648 INFO [Metrics] AUC: 0.842331 - logloss: 0.326358
2024-09-23 04:31:20,015 P151648 INFO Save best model: monitor(max)=0.842331
2024-09-23 04:31:20,094 P151648 INFO ************ Epoch=10 end ************
2024-09-23 04:33:44,085 P151648 INFO Train loss: 0.349174
2024-09-23 04:33:44,086 P151648 INFO Evaluation @epoch 11 - batch 171: 
2024-09-23 04:33:53,399 P151648 INFO [Metrics] AUC: 0.843534 - logloss: 0.326006
2024-09-23 04:33:53,400 P151648 INFO Save best model: monitor(max)=0.843534
2024-09-23 04:33:53,497 P151648 INFO ************ Epoch=11 end ************
2024-09-23 04:36:15,652 P151648 INFO Train loss: 0.348644
2024-09-23 04:36:15,653 P151648 INFO Evaluation @epoch 12 - batch 171: 
2024-09-23 04:36:24,964 P151648 INFO [Metrics] AUC: 0.843580 - logloss: 0.325364
2024-09-23 04:36:24,965 P151648 INFO Save best model: monitor(max)=0.843580
2024-09-23 04:36:25,049 P151648 INFO ************ Epoch=12 end ************
2024-09-23 04:38:50,593 P151648 INFO Train loss: 0.348716
2024-09-23 04:38:50,593 P151648 INFO Evaluation @epoch 13 - batch 171: 
2024-09-23 04:38:59,625 P151648 INFO [Metrics] AUC: 0.843343 - logloss: 0.325540
2024-09-23 04:38:59,626 P151648 INFO Monitor(max)=0.843343 STOP!
2024-09-23 04:38:59,626 P151648 INFO Reduce learning rate on plateau: 0.000100
2024-09-23 04:38:59,697 P151648 INFO ************ Epoch=13 end ************
2024-09-23 04:41:25,396 P151648 INFO Train loss: 0.321580
2024-09-23 04:41:25,397 P151648 INFO Evaluation @epoch 14 - batch 171: 
2024-09-23 04:41:34,387 P151648 INFO [Metrics] AUC: 0.850689 - logloss: 0.321264
2024-09-23 04:41:34,387 P151648 INFO Save best model: monitor(max)=0.850689
2024-09-23 04:41:34,461 P151648 INFO ************ Epoch=14 end ************
2024-09-23 04:43:59,405 P151648 INFO Train loss: 0.309574
2024-09-23 04:43:59,406 P151648 INFO Evaluation @epoch 15 - batch 171: 
2024-09-23 04:44:08,671 P151648 INFO [Metrics] AUC: 0.853278 - logloss: 0.319613
2024-09-23 04:44:08,672 P151648 INFO Save best model: monitor(max)=0.853278
2024-09-23 04:44:08,752 P151648 INFO ************ Epoch=15 end ************
2024-09-23 04:46:30,596 P151648 INFO Train loss: 0.302781
2024-09-23 04:46:30,596 P151648 INFO Evaluation @epoch 16 - batch 171: 
2024-09-23 04:46:39,670 P151648 INFO [Metrics] AUC: 0.853621 - logloss: 0.320342
2024-09-23 04:46:39,671 P151648 INFO Save best model: monitor(max)=0.853621
2024-09-23 04:46:39,759 P151648 INFO ************ Epoch=16 end ************
2024-09-23 04:49:01,810 P151648 INFO Train loss: 0.297898
2024-09-23 04:49:01,811 P151648 INFO Evaluation @epoch 17 - batch 171: 
2024-09-23 04:49:09,378 P151648 INFO [Metrics] AUC: 0.853264 - logloss: 0.321654
2024-09-23 04:49:09,379 P151648 INFO Monitor(max)=0.853264 STOP!
2024-09-23 04:49:09,379 P151648 INFO Reduce learning rate on plateau: 0.000010
2024-09-23 04:49:09,467 P151648 INFO ************ Epoch=17 end ************
2024-09-23 04:51:35,251 P151648 INFO Train loss: 0.284450
2024-09-23 04:51:35,252 P151648 INFO Evaluation @epoch 18 - batch 171: 
2024-09-23 04:51:43,914 P151648 INFO [Metrics] AUC: 0.852773 - logloss: 0.324934
2024-09-23 04:51:43,915 P151648 INFO Monitor(max)=0.852773 STOP!
2024-09-23 04:51:43,915 P151648 INFO Reduce learning rate on plateau: 0.000001
2024-09-23 04:51:43,915 P151648 INFO ********* Epoch=18 early stop *********
2024-09-23 04:51:43,988 P151648 INFO Training finished.
2024-09-23 04:51:43,988 P151648 INFO Load best model: /workspace/checkpoints/ML_1M_7_x1/ViTDCNv3_ML_1M_008_5a18fa6a.model
