2024-09-23 02:04:08,930 P106785 INFO FuxiCTR version: 2.3.2
2024-09-23 02:04:08,931 P106785 INFO Params: {
    "batch_norm": "False",
    "batch_size": "4096",
    "data_format": "csv",
    "data_root": "dataset/",
    "dataset_id": "ML_1M_7_x1",
    "debug_mode": "False",
    "early_stop_patience": "2",
    "embedding_dim": "16",
    "embedding_regularizer": "0.01",
    "epochs": "100",
    "eval_steps": "None",
    "feature_cols": "[{'active': True, 'dtype': 'str', 'name': ['UserID', 'Gender', 'Age', 'Occupation', 'MovieID', 'Release'], 'type': 'categorical'}, {'active': True, 'dtype': 'str', 'encoder': 'MaskedSumPooling', 'max_len': 5, 'name': 'Genres', 'splitter': '^', 'type': 'sequence'}]",
    "feature_config": "None",
    "feature_specs": "None",
    "gpu": "0",
    "group_id": "None",
    "label_col": "{'dtype': 'float', 'name': 'Label'}",
    "layer_norm": "True",
    "learning_rate": "0.001",
    "loss": "binary_crossentropy",
    "metrics": "['logloss', 'AUC']",
    "min_categr_count": "1",
    "model": "ViTDCNv2",
    "model_id": "ViTDCNv2_ML_1M_002_ac783762",
    "model_root": "./checkpoints/",
    "monitor": "{'AUC': 1, 'logloss': 0}",
    "monitor_mode": "max",
    "net_dropout": "0.1",
    "net_regularizer": "0",
    "num_cross_layers": "2",
    "num_heads": "1",
    "num_workers": "4",
    "optimizer": "adam",
    "parallel_dnn_hidden_units": "[512, 128]",
    "pickle_feature_encoder": "True",
    "save_best_only": "True",
    "seed": "2024",
    "shuffle": "True",
    "task": "binary_classification",
    "test_data": "dataset/ML_1M/test.csv",
    "train_data": "dataset/ML_1M/train.csv",
    "use_features": "None",
    "valid_data": "dataset/ML_1M/valid.csv",
    "verbose": "1",
    "vit_hidden_dim": "32",
    "vit_num_heads": "4",
    "vit_num_layers": "1",
    "vit_patch_size": "4"
}
2024-09-23 02:04:08,932 P106785 INFO Set up feature processor...
2024-09-23 02:04:08,932 P106785 WARNING Skip rebuilding dataset/ML_1M_7_x1/feature_map.json. Please delete it manually if rebuilding is required.
2024-09-23 02:04:08,932 P106785 INFO Load feature_map from json: dataset/ML_1M_7_x1/feature_map.json
2024-09-23 02:04:08,932 P106785 INFO Set column index...
2024-09-23 02:04:08,933 P106785 INFO Feature specs: {
    "Age": "{'source': '', 'type': 'categorical', 'padding_idx': 0, 'vocab_size': 9}",
    "Gender": "{'source': '', 'type': 'categorical', 'padding_idx': 0, 'vocab_size': 4}",
    "Genres": "{'source': '', 'type': 'sequence', 'feature_encoder': 'layers.MaskedAveragePooling()', 'padding_idx': 0, 'max_len': 5, 'vocab_size': 302}",
    "MovieID": "{'source': '', 'type': 'categorical', 'padding_idx': 0, 'vocab_size': 3659}",
    "Occupation": "{'source': '', 'type': 'categorical', 'padding_idx': 0, 'vocab_size': 23}",
    "Release": "{'source': '', 'type': 'categorical', 'padding_idx': 0, 'vocab_size': 83}",
    "UserID": "{'source': '', 'type': 'categorical', 'padding_idx': 0, 'vocab_size': 6042}"
}
2024-09-23 02:04:10,179 P106785 INFO Total number of parameters: 595025.
2024-09-23 02:04:10,179 P106785 INFO Loading datasets...
2024-09-23 02:04:12,489 P106785 INFO Train samples: total/700146, blocks/1
2024-09-23 02:04:12,876 P106785 INFO Validation samples: total/200041, blocks/1
2024-09-23 02:04:12,876 P106785 INFO Loading train and validation data done.
2024-09-23 02:04:12,876 P106785 INFO Start training: 171 batches/epoch
2024-09-23 02:04:12,877 P106785 INFO ************ Epoch=1 start ************
2024-09-23 02:05:06,231 P106785 INFO Train loss: 0.417015
2024-09-23 02:05:06,232 P106785 INFO Evaluation @epoch 1 - batch 171: 
2024-09-23 02:05:09,464 P106785 INFO [Metrics] AUC: 0.799786 - logloss: 0.358364
2024-09-23 02:05:09,465 P106785 INFO Save best model: monitor(max)=0.799786
2024-09-23 02:05:09,514 P106785 INFO ************ Epoch=1 end ************
2024-09-23 02:06:04,979 P106785 INFO Train loss: 0.377247
2024-09-23 02:06:04,979 P106785 INFO Evaluation @epoch 2 - batch 171: 
2024-09-23 02:06:08,142 P106785 INFO [Metrics] AUC: 0.805962 - logloss: 0.354714
2024-09-23 02:06:08,143 P106785 INFO Save best model: monitor(max)=0.805962
2024-09-23 02:06:08,219 P106785 INFO ************ Epoch=2 end ************
2024-09-23 02:07:04,220 P106785 INFO Train loss: 0.371851
2024-09-23 02:07:04,220 P106785 INFO Evaluation @epoch 3 - batch 171: 
2024-09-23 02:07:07,482 P106785 INFO [Metrics] AUC: 0.808860 - logloss: 0.352520
2024-09-23 02:07:07,483 P106785 INFO Save best model: monitor(max)=0.808860
2024-09-23 02:07:07,581 P106785 INFO ************ Epoch=3 end ************
2024-09-23 02:08:02,792 P106785 INFO Train loss: 0.367344
2024-09-23 02:08:02,792 P106785 INFO Evaluation @epoch 4 - batch 171: 
2024-09-23 02:08:06,021 P106785 INFO [Metrics] AUC: 0.818037 - logloss: 0.344919
2024-09-23 02:08:06,021 P106785 INFO Save best model: monitor(max)=0.818037
2024-09-23 02:08:06,099 P106785 INFO ************ Epoch=4 end ************
2024-09-23 02:09:01,397 P106785 INFO Train loss: 0.363240
2024-09-23 02:09:01,398 P106785 INFO Evaluation @epoch 5 - batch 171: 
2024-09-23 02:09:04,749 P106785 INFO [Metrics] AUC: 0.823427 - logloss: 0.341133
2024-09-23 02:09:04,750 P106785 INFO Save best model: monitor(max)=0.823427
2024-09-23 02:09:04,834 P106785 INFO ************ Epoch=5 end ************
2024-09-23 02:10:00,610 P106785 INFO Train loss: 0.358947
2024-09-23 02:10:00,611 P106785 INFO Evaluation @epoch 6 - batch 171: 
2024-09-23 02:10:03,664 P106785 INFO [Metrics] AUC: 0.828705 - logloss: 0.337209
2024-09-23 02:10:03,664 P106785 INFO Save best model: monitor(max)=0.828705
2024-09-23 02:10:03,737 P106785 INFO ************ Epoch=6 end ************
2024-09-23 02:10:59,767 P106785 INFO Train loss: 0.356301
2024-09-23 02:10:59,767 P106785 INFO Evaluation @epoch 7 - batch 171: 
2024-09-23 02:11:03,065 P106785 INFO [Metrics] AUC: 0.833645 - logloss: 0.333442
2024-09-23 02:11:03,066 P106785 INFO Save best model: monitor(max)=0.833645
2024-09-23 02:11:03,148 P106785 INFO ************ Epoch=7 end ************
2024-09-23 02:11:55,695 P106785 INFO Train loss: 0.354513
2024-09-23 02:11:55,695 P106785 INFO Evaluation @epoch 8 - batch 171: 
2024-09-23 02:11:58,962 P106785 INFO [Metrics] AUC: 0.835893 - logloss: 0.331432
2024-09-23 02:11:58,963 P106785 INFO Save best model: monitor(max)=0.835893
2024-09-23 02:11:59,041 P106785 INFO ************ Epoch=8 end ************
2024-09-23 02:12:54,162 P106785 INFO Train loss: 0.352769
2024-09-23 02:12:54,163 P106785 INFO Evaluation @epoch 9 - batch 171: 
2024-09-23 02:12:57,452 P106785 INFO [Metrics] AUC: 0.836230 - logloss: 0.331146
2024-09-23 02:12:57,453 P106785 INFO Save best model: monitor(max)=0.836230
2024-09-23 02:12:57,532 P106785 INFO ************ Epoch=9 end ************
2024-09-23 02:13:53,315 P106785 INFO Train loss: 0.351015
2024-09-23 02:13:53,317 P106785 INFO Evaluation @epoch 10 - batch 171: 
2024-09-23 02:13:56,245 P106785 INFO [Metrics] AUC: 0.838887 - logloss: 0.329598
2024-09-23 02:13:56,246 P106785 INFO Save best model: monitor(max)=0.838887
2024-09-23 02:13:56,323 P106785 INFO ************ Epoch=10 end ************
2024-09-23 02:14:52,271 P106785 INFO Train loss: 0.349827
2024-09-23 02:14:52,272 P106785 INFO Evaluation @epoch 11 - batch 171: 
2024-09-23 02:14:55,558 P106785 INFO [Metrics] AUC: 0.839628 - logloss: 0.329048
2024-09-23 02:14:55,559 P106785 INFO Save best model: monitor(max)=0.839628
2024-09-23 02:14:55,643 P106785 INFO ************ Epoch=11 end ************
2024-09-23 02:15:51,423 P106785 INFO Train loss: 0.348532
2024-09-23 02:15:51,423 P106785 INFO Evaluation @epoch 12 - batch 171: 
2024-09-23 02:15:54,658 P106785 INFO [Metrics] AUC: 0.841213 - logloss: 0.327396
2024-09-23 02:15:54,659 P106785 INFO Save best model: monitor(max)=0.841213
2024-09-23 02:15:54,738 P106785 INFO ************ Epoch=12 end ************
2024-09-23 02:16:49,863 P106785 INFO Train loss: 0.347847
2024-09-23 02:16:49,863 P106785 INFO Evaluation @epoch 13 - batch 171: 
2024-09-23 02:16:53,142 P106785 INFO [Metrics] AUC: 0.842102 - logloss: 0.326354
2024-09-23 02:16:53,143 P106785 INFO Save best model: monitor(max)=0.842102
2024-09-23 02:16:53,209 P106785 INFO ************ Epoch=13 end ************
2024-09-23 02:17:49,103 P106785 INFO Train loss: 0.346915
2024-09-23 02:17:49,103 P106785 INFO Evaluation @epoch 14 - batch 171: 
2024-09-23 02:17:51,746 P106785 INFO [Metrics] AUC: 0.842270 - logloss: 0.326717
2024-09-23 02:17:51,746 P106785 INFO Save best model: monitor(max)=0.842270
2024-09-23 02:17:51,815 P106785 INFO ************ Epoch=14 end ************
2024-09-23 02:18:44,784 P106785 INFO Train loss: 0.347116
2024-09-23 02:18:44,785 P106785 INFO Evaluation @epoch 15 - batch 171: 
2024-09-23 02:18:48,011 P106785 INFO [Metrics] AUC: 0.841903 - logloss: 0.327186
2024-09-23 02:18:48,011 P106785 INFO Monitor(max)=0.841903 STOP!
2024-09-23 02:18:48,012 P106785 INFO Reduce learning rate on plateau: 0.000100
2024-09-23 02:18:48,080 P106785 INFO ************ Epoch=15 end ************
2024-09-23 02:19:43,494 P106785 INFO Train loss: 0.321752
2024-09-23 02:19:43,495 P106785 INFO Evaluation @epoch 16 - batch 171: 
2024-09-23 02:19:46,752 P106785 INFO [Metrics] AUC: 0.849759 - logloss: 0.321188
2024-09-23 02:19:46,753 P106785 INFO Save best model: monitor(max)=0.849759
2024-09-23 02:19:46,825 P106785 INFO ************ Epoch=16 end ************
2024-09-23 02:20:42,357 P106785 INFO Train loss: 0.310593
2024-09-23 02:20:42,358 P106785 INFO Evaluation @epoch 17 - batch 171: 
2024-09-23 02:20:45,629 P106785 INFO [Metrics] AUC: 0.852262 - logloss: 0.319595
2024-09-23 02:20:45,630 P106785 INFO Save best model: monitor(max)=0.852262
2024-09-23 02:20:45,697 P106785 INFO ************ Epoch=17 end ************
2024-09-23 02:21:38,206 P106785 INFO Train loss: 0.304916
2024-09-23 02:21:38,206 P106785 INFO Evaluation @epoch 18 - batch 171: 
2024-09-23 02:21:41,109 P106785 INFO [Metrics] AUC: 0.853193 - logloss: 0.319417
2024-09-23 02:21:41,110 P106785 INFO Save best model: monitor(max)=0.853193
2024-09-23 02:21:41,210 P106785 INFO ************ Epoch=18 end ************
2024-09-23 02:22:36,969 P106785 INFO Train loss: 0.300983
2024-09-23 02:22:36,970 P106785 INFO Evaluation @epoch 19 - batch 171: 
2024-09-23 02:22:40,155 P106785 INFO [Metrics] AUC: 0.852984 - logloss: 0.319978
2024-09-23 02:22:40,156 P106785 INFO Monitor(max)=0.852984 STOP!
2024-09-23 02:22:40,156 P106785 INFO Reduce learning rate on plateau: 0.000010
2024-09-23 02:22:40,222 P106785 INFO ************ Epoch=19 end ************
2024-09-23 02:23:31,627 P106785 INFO Train loss: 0.290183
2024-09-23 02:23:31,628 P106785 INFO Evaluation @epoch 20 - batch 171: 
2024-09-23 02:23:34,883 P106785 INFO [Metrics] AUC: 0.852940 - logloss: 0.321332
2024-09-23 02:23:34,883 P106785 INFO Monitor(max)=0.852940 STOP!
2024-09-23 02:23:34,883 P106785 INFO Reduce learning rate on plateau: 0.000001
2024-09-23 02:23:34,884 P106785 INFO ********* Epoch=20 early stop *********
2024-09-23 02:23:34,951 P106785 INFO Training finished.
2024-09-23 02:23:34,951 P106785 INFO Load best model: /workspace/checkpoints/ML_1M_7_x1/ViTDCNv2_ML_1M_002_ac783762.model
