2024-09-23 07:07:21,691 P219090 INFO FuxiCTR version: 2.3.2
2024-09-23 07:07:21,692 P219090 INFO Params: {
    "batch_norm": "False",
    "batch_size": "4096",
    "data_format": "csv",
    "data_root": "dataset/",
    "dataset_id": "ML_1M_7_x1",
    "debug_mode": "False",
    "early_stop_patience": "2",
    "embedding_dim": "16",
    "embedding_regularizer": "0.01",
    "epochs": "100",
    "eval_steps": "None",
    "feature_cols": "[{'active': True, 'dtype': 'str', 'name': ['UserID', 'Gender', 'Age', 'Occupation', 'MovieID', 'Release'], 'type': 'categorical'}, {'active': True, 'dtype': 'str', 'encoder': 'MaskedSumPooling', 'max_len': 5, 'name': 'Genres', 'splitter': '^', 'type': 'sequence'}]",
    "feature_config": "None",
    "feature_specs": "None",
    "gpu": "0",
    "group_id": "None",
    "label_col": "{'dtype': 'float', 'name': 'Label'}",
    "layer_norm": "True",
    "learning_rate": "0.001",
    "loss": "binary_crossentropy",
    "metrics": "['logloss', 'AUC']",
    "min_categr_count": "1",
    "model": "ViTDCNv2",
    "model_id": "ViTDCNv2_ML_1M_014_932a8133",
    "model_root": "./checkpoints/",
    "monitor": "{'AUC': 1, 'logloss': 0}",
    "monitor_mode": "max",
    "net_dropout": "0.1",
    "net_regularizer": "0",
    "num_cross_layers": "2",
    "num_heads": "1",
    "num_workers": "4",
    "optimizer": "adam",
    "parallel_dnn_hidden_units": "[512, 128]",
    "pickle_feature_encoder": "True",
    "save_best_only": "True",
    "seed": "2024",
    "shuffle": "True",
    "task": "binary_classification",
    "test_data": "dataset/ML_1M/test.csv",
    "train_data": "dataset/ML_1M/train.csv",
    "use_features": "None",
    "valid_data": "dataset/ML_1M/valid.csv",
    "verbose": "1",
    "vit_hidden_dim": "64",
    "vit_num_heads": "4",
    "vit_num_layers": "2",
    "vit_patch_size": "4"
}
2024-09-23 07:07:21,693 P219090 INFO Set up feature processor...
2024-09-23 07:07:21,693 P219090 WARNING Skip rebuilding dataset/ML_1M_7_x1/feature_map.json. Please delete it manually if rebuilding is required.
2024-09-23 07:07:21,694 P219090 INFO Load feature_map from json: dataset/ML_1M_7_x1/feature_map.json
2024-09-23 07:07:21,694 P219090 INFO Set column index...
2024-09-23 07:07:21,694 P219090 INFO Feature specs: {
    "Age": "{'source': '', 'type': 'categorical', 'padding_idx': 0, 'vocab_size': 9}",
    "Gender": "{'source': '', 'type': 'categorical', 'padding_idx': 0, 'vocab_size': 4}",
    "Genres": "{'source': '', 'type': 'sequence', 'feature_encoder': 'layers.MaskedAveragePooling()', 'padding_idx': 0, 'max_len': 5, 'vocab_size': 302}",
    "MovieID": "{'source': '', 'type': 'categorical', 'padding_idx': 0, 'vocab_size': 3659}",
    "Occupation": "{'source': '', 'type': 'categorical', 'padding_idx': 0, 'vocab_size': 23}",
    "Release": "{'source': '', 'type': 'categorical', 'padding_idx': 0, 'vocab_size': 83}",
    "UserID": "{'source': '', 'type': 'categorical', 'padding_idx': 0, 'vocab_size': 6042}"
}
2024-09-23 07:07:23,096 P219090 INFO Total number of parameters: 1452945.
2024-09-23 07:07:23,097 P219090 INFO Loading datasets...
2024-09-23 07:07:25,200 P219090 INFO Train samples: total/700146, blocks/1
2024-09-23 07:07:25,495 P219090 INFO Validation samples: total/200041, blocks/1
2024-09-23 07:07:25,495 P219090 INFO Loading train and validation data done.
2024-09-23 07:07:25,496 P219090 INFO Start training: 171 batches/epoch
2024-09-23 07:07:25,496 P219090 INFO ************ Epoch=1 start ************
2024-09-23 07:08:36,479 P219090 INFO Train loss: 0.415696
2024-09-23 07:08:36,480 P219090 INFO Evaluation @epoch 1 - batch 171: 
2024-09-23 07:08:40,546 P219090 INFO [Metrics] AUC: 0.801281 - logloss: 0.358044
2024-09-23 07:08:40,546 P219090 INFO Save best model: monitor(max)=0.801281
2024-09-23 07:08:40,592 P219090 INFO ************ Epoch=1 end ************
2024-09-23 07:09:49,525 P219090 INFO Train loss: 0.377500
2024-09-23 07:09:49,525 P219090 INFO Evaluation @epoch 2 - batch 171: 
2024-09-23 07:09:53,718 P219090 INFO [Metrics] AUC: 0.805860 - logloss: 0.354525
2024-09-23 07:09:53,719 P219090 INFO Save best model: monitor(max)=0.805860
2024-09-23 07:09:53,800 P219090 INFO ************ Epoch=2 end ************
2024-09-23 07:11:03,175 P219090 INFO Train loss: 0.372138
2024-09-23 07:11:03,175 P219090 INFO Evaluation @epoch 3 - batch 171: 
2024-09-23 07:11:07,640 P219090 INFO [Metrics] AUC: 0.810434 - logloss: 0.351019
2024-09-23 07:11:07,641 P219090 INFO Save best model: monitor(max)=0.810434
2024-09-23 07:11:07,713 P219090 INFO ************ Epoch=3 end ************
2024-09-23 07:12:12,235 P219090 INFO Train loss: 0.366734
2024-09-23 07:12:12,235 P219090 INFO Evaluation @epoch 4 - batch 171: 
2024-09-23 07:12:16,399 P219090 INFO [Metrics] AUC: 0.818732 - logloss: 0.344376
2024-09-23 07:12:16,400 P219090 INFO Save best model: monitor(max)=0.818732
2024-09-23 07:12:16,478 P219090 INFO ************ Epoch=4 end ************
2024-09-23 07:13:25,575 P219090 INFO Train loss: 0.363783
2024-09-23 07:13:25,576 P219090 INFO Evaluation @epoch 5 - batch 171: 
2024-09-23 07:13:29,685 P219090 INFO [Metrics] AUC: 0.823003 - logloss: 0.341508
2024-09-23 07:13:29,686 P219090 INFO Save best model: monitor(max)=0.823003
2024-09-23 07:13:29,756 P219090 INFO ************ Epoch=5 end ************
2024-09-23 07:14:39,039 P219090 INFO Train loss: 0.360964
2024-09-23 07:14:39,039 P219090 INFO Evaluation @epoch 6 - batch 171: 
2024-09-23 07:14:43,327 P219090 INFO [Metrics] AUC: 0.825797 - logloss: 0.339064
2024-09-23 07:14:43,327 P219090 INFO Save best model: monitor(max)=0.825797
2024-09-23 07:14:43,394 P219090 INFO ************ Epoch=6 end ************
2024-09-23 07:15:52,221 P219090 INFO Train loss: 0.358370
2024-09-23 07:15:52,222 P219090 INFO Evaluation @epoch 7 - batch 171: 
2024-09-23 07:15:56,566 P219090 INFO [Metrics] AUC: 0.832800 - logloss: 0.334834
2024-09-23 07:15:56,566 P219090 INFO Save best model: monitor(max)=0.832800
2024-09-23 07:15:56,641 P219090 INFO ************ Epoch=7 end ************
2024-09-23 07:17:02,445 P219090 INFO Train loss: 0.355030
2024-09-23 07:17:02,446 P219090 INFO Evaluation @epoch 8 - batch 171: 
2024-09-23 07:17:06,689 P219090 INFO [Metrics] AUC: 0.834988 - logloss: 0.332404
2024-09-23 07:17:06,689 P219090 INFO Save best model: monitor(max)=0.834988
2024-09-23 07:17:06,767 P219090 INFO ************ Epoch=8 end ************
2024-09-23 07:18:15,809 P219090 INFO Train loss: 0.352486
2024-09-23 07:18:15,810 P219090 INFO Evaluation @epoch 9 - batch 171: 
2024-09-23 07:18:20,019 P219090 INFO [Metrics] AUC: 0.836791 - logloss: 0.331058
2024-09-23 07:18:20,020 P219090 INFO Save best model: monitor(max)=0.836791
2024-09-23 07:18:20,088 P219090 INFO ************ Epoch=9 end ************
2024-09-23 07:19:26,440 P219090 INFO Train loss: 0.350472
2024-09-23 07:19:26,440 P219090 INFO Evaluation @epoch 10 - batch 171: 
2024-09-23 07:19:30,612 P219090 INFO [Metrics] AUC: 0.839947 - logloss: 0.328059
2024-09-23 07:19:30,612 P219090 INFO Save best model: monitor(max)=0.839947
2024-09-23 07:19:30,681 P219090 INFO ************ Epoch=10 end ************
2024-09-23 07:20:40,373 P219090 INFO Train loss: 0.349420
2024-09-23 07:20:40,373 P219090 INFO Evaluation @epoch 11 - batch 171: 
2024-09-23 07:20:44,723 P219090 INFO [Metrics] AUC: 0.840631 - logloss: 0.328636
2024-09-23 07:20:44,724 P219090 INFO Save best model: monitor(max)=0.840631
2024-09-23 07:20:44,789 P219090 INFO ************ Epoch=11 end ************
2024-09-23 07:21:54,156 P219090 INFO Train loss: 0.348657
2024-09-23 07:21:54,157 P219090 INFO Evaluation @epoch 12 - batch 171: 
2024-09-23 07:21:58,489 P219090 INFO [Metrics] AUC: 0.842552 - logloss: 0.326951
2024-09-23 07:21:58,490 P219090 INFO Save best model: monitor(max)=0.842552
2024-09-23 07:21:58,559 P219090 INFO ************ Epoch=12 end ************
2024-09-23 07:23:07,320 P219090 INFO Train loss: 0.347629
2024-09-23 07:23:07,320 P219090 INFO Evaluation @epoch 13 - batch 171: 
2024-09-23 07:23:11,456 P219090 INFO [Metrics] AUC: 0.842716 - logloss: 0.326239
2024-09-23 07:23:11,457 P219090 INFO Save best model: monitor(max)=0.842716
2024-09-23 07:23:11,538 P219090 INFO ************ Epoch=13 end ************
2024-09-23 07:24:20,648 P219090 INFO Train loss: 0.346763
2024-09-23 07:24:20,648 P219090 INFO Evaluation @epoch 14 - batch 171: 
2024-09-23 07:24:24,884 P219090 INFO [Metrics] AUC: 0.842220 - logloss: 0.326759
2024-09-23 07:24:24,885 P219090 INFO Monitor(max)=0.842220 STOP!
2024-09-23 07:24:24,885 P219090 INFO Reduce learning rate on plateau: 0.000100
2024-09-23 07:24:24,958 P219090 INFO ************ Epoch=14 end ************
2024-09-23 07:25:34,525 P219090 INFO Train loss: 0.321014
2024-09-23 07:25:34,526 P219090 INFO Evaluation @epoch 15 - batch 171: 
2024-09-23 07:25:38,754 P219090 INFO [Metrics] AUC: 0.849526 - logloss: 0.321797
2024-09-23 07:25:38,755 P219090 INFO Save best model: monitor(max)=0.849526
2024-09-23 07:25:38,841 P219090 INFO ************ Epoch=15 end ************
2024-09-23 07:26:48,416 P219090 INFO Train loss: 0.309952
2024-09-23 07:26:48,417 P219090 INFO Evaluation @epoch 16 - batch 171: 
2024-09-23 07:26:52,599 P219090 INFO [Metrics] AUC: 0.852021 - logloss: 0.320246
2024-09-23 07:26:52,599 P219090 INFO Save best model: monitor(max)=0.852021
2024-09-23 07:26:52,680 P219090 INFO ************ Epoch=16 end ************
2024-09-23 07:27:57,573 P219090 INFO Train loss: 0.304086
2024-09-23 07:27:57,574 P219090 INFO Evaluation @epoch 17 - batch 171: 
2024-09-23 07:28:01,889 P219090 INFO [Metrics] AUC: 0.852336 - logloss: 0.320418
2024-09-23 07:28:01,890 P219090 INFO Save best model: monitor(max)=0.852336
2024-09-23 07:28:01,977 P219090 INFO ************ Epoch=17 end ************
2024-09-23 07:29:12,136 P219090 INFO Train loss: 0.300080
2024-09-23 07:29:12,137 P219090 INFO Evaluation @epoch 18 - batch 171: 
2024-09-23 07:29:16,301 P219090 INFO [Metrics] AUC: 0.852050 - logloss: 0.321819
2024-09-23 07:29:16,302 P219090 INFO Monitor(max)=0.852050 STOP!
2024-09-23 07:29:16,302 P219090 INFO Reduce learning rate on plateau: 0.000010
2024-09-23 07:29:16,373 P219090 INFO ************ Epoch=18 end ************
2024-09-23 07:30:25,558 P219090 INFO Train loss: 0.289440
2024-09-23 07:30:25,558 P219090 INFO Evaluation @epoch 19 - batch 171: 
2024-09-23 07:30:29,814 P219090 INFO [Metrics] AUC: 0.852048 - logloss: 0.323452
2024-09-23 07:30:29,815 P219090 INFO Monitor(max)=0.852048 STOP!
2024-09-23 07:30:29,815 P219090 INFO Reduce learning rate on plateau: 0.000001
2024-09-23 07:30:29,815 P219090 INFO ********* Epoch=19 early stop *********
2024-09-23 07:30:29,884 P219090 INFO Training finished.
2024-09-23 07:30:29,884 P219090 INFO Load best model: /workspace/checkpoints/ML_1M_7_x1/ViTDCNv2_ML_1M_014_932a8133.model
