2024-09-23 06:13:45,438 P198962 INFO FuxiCTR version: 2.3.2
2024-09-23 06:13:45,438 P198962 INFO Params: {
    "batch_norm": "False",
    "batch_size": "4096",
    "data_format": "csv",
    "data_root": "dataset/",
    "dataset_id": "ML_1M_7_x1",
    "debug_mode": "False",
    "early_stop_patience": "2",
    "embedding_dim": "16",
    "embedding_regularizer": "0.01",
    "epochs": "100",
    "eval_steps": "None",
    "feature_cols": "[{'active': True, 'dtype': 'str', 'name': ['UserID', 'Gender', 'Age', 'Occupation', 'MovieID', 'Release'], 'type': 'categorical'}, {'active': True, 'dtype': 'str', 'encoder': 'MaskedSumPooling', 'max_len': 5, 'name': 'Genres', 'splitter': '^', 'type': 'sequence'}]",
    "feature_config": "None",
    "feature_specs": "None",
    "gpu": "0",
    "group_id": "None",
    "label_col": "{'dtype': 'float', 'name': 'Label'}",
    "layer_norm": "True",
    "learning_rate": "0.001",
    "loss": "binary_crossentropy",
    "metrics": "['logloss', 'AUC']",
    "min_categr_count": "1",
    "model": "ViTDCNv2",
    "model_id": "ViTDCNv2_ML_1M_011_2dc8163f",
    "model_root": "./checkpoints/",
    "monitor": "{'AUC': 1, 'logloss': 0}",
    "monitor_mode": "max",
    "net_dropout": "0.1",
    "net_regularizer": "0",
    "num_cross_layers": "2",
    "num_heads": "1",
    "num_workers": "4",
    "optimizer": "adam",
    "parallel_dnn_hidden_units": "[512, 128]",
    "pickle_feature_encoder": "True",
    "save_best_only": "True",
    "seed": "2024",
    "shuffle": "True",
    "task": "binary_classification",
    "test_data": "dataset/ML_1M/test.csv",
    "train_data": "dataset/ML_1M/train.csv",
    "use_features": "None",
    "valid_data": "dataset/ML_1M/valid.csv",
    "verbose": "1",
    "vit_hidden_dim": "64",
    "vit_num_heads": "4",
    "vit_num_layers": "1",
    "vit_patch_size": "4"
}
2024-09-23 06:13:45,439 P198962 INFO Set up feature processor...
2024-09-23 06:13:45,440 P198962 WARNING Skip rebuilding dataset/ML_1M_7_x1/feature_map.json. Please delete it manually if rebuilding is required.
2024-09-23 06:13:45,440 P198962 INFO Load feature_map from json: dataset/ML_1M_7_x1/feature_map.json
2024-09-23 06:13:45,440 P198962 INFO Set column index...
2024-09-23 06:13:45,440 P198962 INFO Feature specs: {
    "Age": "{'source': '', 'type': 'categorical', 'padding_idx': 0, 'vocab_size': 9}",
    "Gender": "{'source': '', 'type': 'categorical', 'padding_idx': 0, 'vocab_size': 4}",
    "Genres": "{'source': '', 'type': 'sequence', 'feature_encoder': 'layers.MaskedAveragePooling()', 'padding_idx': 0, 'max_len': 5, 'vocab_size': 302}",
    "MovieID": "{'source': '', 'type': 'categorical', 'padding_idx': 0, 'vocab_size': 3659}",
    "Occupation": "{'source': '', 'type': 'categorical', 'padding_idx': 0, 'vocab_size': 23}",
    "Release": "{'source': '', 'type': 'categorical', 'padding_idx': 0, 'vocab_size': 83}",
    "UserID": "{'source': '', 'type': 'categorical', 'padding_idx': 0, 'vocab_size': 6042}"
}
2024-09-23 06:13:46,732 P198962 INFO Total number of parameters: 890641.
2024-09-23 06:13:46,732 P198962 INFO Loading datasets...
2024-09-23 06:13:49,073 P198962 INFO Train samples: total/700146, blocks/1
2024-09-23 06:13:49,391 P198962 INFO Validation samples: total/200041, blocks/1
2024-09-23 06:13:49,391 P198962 INFO Loading train and validation data done.
2024-09-23 06:13:49,392 P198962 INFO Start training: 171 batches/epoch
2024-09-23 06:13:49,392 P198962 INFO ************ Epoch=1 start ************
2024-09-23 06:14:48,698 P198962 INFO Train loss: 0.414338
2024-09-23 06:14:48,699 P198962 INFO Evaluation @epoch 1 - batch 171: 
2024-09-23 06:14:52,201 P198962 INFO [Metrics] AUC: 0.799114 - logloss: 0.359258
2024-09-23 06:14:52,202 P198962 INFO Save best model: monitor(max)=0.799114
2024-09-23 06:14:52,256 P198962 INFO ************ Epoch=1 end ************
2024-09-23 06:15:49,708 P198962 INFO Train loss: 0.377370
2024-09-23 06:15:49,709 P198962 INFO Evaluation @epoch 2 - batch 171: 
2024-09-23 06:15:53,119 P198962 INFO [Metrics] AUC: 0.806050 - logloss: 0.354114
2024-09-23 06:15:53,120 P198962 INFO Save best model: monitor(max)=0.806050
2024-09-23 06:15:53,196 P198962 INFO ************ Epoch=2 end ************
2024-09-23 06:16:50,249 P198962 INFO Train loss: 0.371384
2024-09-23 06:16:50,250 P198962 INFO Evaluation @epoch 3 - batch 171: 
2024-09-23 06:16:53,754 P198962 INFO [Metrics] AUC: 0.812331 - logloss: 0.349906
2024-09-23 06:16:53,755 P198962 INFO Save best model: monitor(max)=0.812331
2024-09-23 06:16:53,833 P198962 INFO ************ Epoch=3 end ************
2024-09-23 06:17:50,727 P198962 INFO Train loss: 0.366106
2024-09-23 06:17:50,727 P198962 INFO Evaluation @epoch 4 - batch 171: 
2024-09-23 06:17:54,302 P198962 INFO [Metrics] AUC: 0.818471 - logloss: 0.344618
2024-09-23 06:17:54,303 P198962 INFO Save best model: monitor(max)=0.818471
2024-09-23 06:17:54,380 P198962 INFO ************ Epoch=4 end ************
2024-09-23 06:18:51,415 P198962 INFO Train loss: 0.361111
2024-09-23 06:18:51,416 P198962 INFO Evaluation @epoch 5 - batch 171: 
2024-09-23 06:18:54,900 P198962 INFO [Metrics] AUC: 0.823877 - logloss: 0.340677
2024-09-23 06:18:54,901 P198962 INFO Save best model: monitor(max)=0.823877
2024-09-23 06:18:54,979 P198962 INFO ************ Epoch=5 end ************
2024-09-23 06:19:48,217 P198962 INFO Train loss: 0.357544
2024-09-23 06:19:48,218 P198962 INFO Evaluation @epoch 6 - batch 171: 
2024-09-23 06:19:51,603 P198962 INFO [Metrics] AUC: 0.830943 - logloss: 0.334868
2024-09-23 06:19:51,604 P198962 INFO Save best model: monitor(max)=0.830943
2024-09-23 06:19:51,715 P198962 INFO ************ Epoch=6 end ************
2024-09-23 06:20:48,734 P198962 INFO Train loss: 0.355067
2024-09-23 06:20:48,734 P198962 INFO Evaluation @epoch 7 - batch 171: 
2024-09-23 06:20:52,114 P198962 INFO [Metrics] AUC: 0.833997 - logloss: 0.332551
2024-09-23 06:20:52,115 P198962 INFO Save best model: monitor(max)=0.833997
2024-09-23 06:20:52,185 P198962 INFO ************ Epoch=7 end ************
2024-09-23 06:21:49,411 P198962 INFO Train loss: 0.353146
2024-09-23 06:21:49,411 P198962 INFO Evaluation @epoch 8 - batch 171: 
2024-09-23 06:21:52,941 P198962 INFO [Metrics] AUC: 0.837233 - logloss: 0.330294
2024-09-23 06:21:52,941 P198962 INFO Save best model: monitor(max)=0.837233
2024-09-23 06:21:53,011 P198962 INFO ************ Epoch=8 end ************
2024-09-23 06:22:49,866 P198962 INFO Train loss: 0.351300
2024-09-23 06:22:49,867 P198962 INFO Evaluation @epoch 9 - batch 171: 
2024-09-23 06:22:53,470 P198962 INFO [Metrics] AUC: 0.837091 - logloss: 0.330351
2024-09-23 06:22:53,471 P198962 INFO Monitor(max)=0.837091 STOP!
2024-09-23 06:22:53,471 P198962 INFO Reduce learning rate on plateau: 0.000100
2024-09-23 06:22:53,550 P198962 INFO ************ Epoch=9 end ************
2024-09-23 06:23:49,868 P198962 INFO Train loss: 0.329295
2024-09-23 06:23:49,869 P198962 INFO Evaluation @epoch 10 - batch 171: 
2024-09-23 06:23:53,340 P198962 INFO [Metrics] AUC: 0.846668 - logloss: 0.322909
2024-09-23 06:23:53,340 P198962 INFO Save best model: monitor(max)=0.846668
2024-09-23 06:23:53,425 P198962 INFO ************ Epoch=10 end ************
2024-09-23 06:24:49,013 P198962 INFO Train loss: 0.318050
2024-09-23 06:24:49,013 P198962 INFO Evaluation @epoch 11 - batch 171: 
2024-09-23 06:24:52,428 P198962 INFO [Metrics] AUC: 0.849803 - logloss: 0.320923
2024-09-23 06:24:52,429 P198962 INFO Save best model: monitor(max)=0.849803
2024-09-23 06:24:52,525 P198962 INFO ************ Epoch=11 end ************
2024-09-23 06:25:50,099 P198962 INFO Train loss: 0.312565
2024-09-23 06:25:50,099 P198962 INFO Evaluation @epoch 12 - batch 171: 
2024-09-23 06:25:53,495 P198962 INFO [Metrics] AUC: 0.850893 - logloss: 0.320521
2024-09-23 06:25:53,496 P198962 INFO Save best model: monitor(max)=0.850893
2024-09-23 06:25:53,587 P198962 INFO ************ Epoch=12 end ************
2024-09-23 06:26:50,629 P198962 INFO Train loss: 0.308973
2024-09-23 06:26:50,629 P198962 INFO Evaluation @epoch 13 - batch 171: 
2024-09-23 06:26:54,063 P198962 INFO [Metrics] AUC: 0.850851 - logloss: 0.320895
2024-09-23 06:26:54,064 P198962 INFO Monitor(max)=0.850851 STOP!
2024-09-23 06:26:54,064 P198962 INFO Reduce learning rate on plateau: 0.000010
2024-09-23 06:26:54,144 P198962 INFO ************ Epoch=13 end ************
2024-09-23 06:27:51,031 P198962 INFO Train loss: 0.300109
2024-09-23 06:27:51,031 P198962 INFO Evaluation @epoch 14 - batch 171: 
2024-09-23 06:27:54,551 P198962 INFO [Metrics] AUC: 0.850850 - logloss: 0.321812
2024-09-23 06:27:54,552 P198962 INFO Monitor(max)=0.850850 STOP!
2024-09-23 06:27:54,552 P198962 INFO Reduce learning rate on plateau: 0.000001
2024-09-23 06:27:54,552 P198962 INFO ********* Epoch=14 early stop *********
2024-09-23 06:27:54,622 P198962 INFO Training finished.
2024-09-23 06:27:54,623 P198962 INFO Load best model: /workspace/checkpoints/ML_1M_7_x1/ViTDCNv2_ML_1M_011_2dc8163f.model
