2024-09-23 15:55:04,227 P299301 INFO FuxiCTR version: 2.3.2
2024-09-23 15:55:04,228 P299301 INFO Params: {
    "batch_norm": "True",
    "batch_size": "4096",
    "data_format": "csv",
    "data_root": "dataset/",
    "dataset_id": "ML_1M_7_x1",
    "debug_mode": "False",
    "deep_net_dropout": "0.1",
    "early_stop_patience": "2",
    "embedding_dim": "16",
    "embedding_regularizer": "0.01",
    "epochs": "100",
    "eval_steps": "None",
    "feature_cols": "[{'active': True, 'dtype': 'str', 'name': ['UserID', 'Gender', 'Age', 'Occupation', 'MovieID', 'Release'], 'type': 'categorical'}, {'active': True, 'dtype': 'str', 'encoder': 'MaskedSumPooling', 'max_len': 5, 'name': 'Genres', 'splitter': '^', 'type': 'sequence'}]",
    "feature_config": "None",
    "feature_specs": "None",
    "gpu": "0",
    "group_id": "None",
    "label_col": "{'dtype': 'float', 'name': 'Label'}",
    "layer_norm": "True",
    "learning_rate": "0.001",
    "loss": "binary_crossentropy",
    "metrics": "['logloss', 'AUC']",
    "min_categr_count": "1",
    "model": "ViTDCNv3",
    "model_id": "ViTDCNv3_ML_1M_008_78db3914",
    "model_root": "./checkpoints/",
    "monitor": "{'AUC': 1, 'logloss': 0}",
    "monitor_mode": "max",
    "net_regularizer": "0",
    "num_deep_cross_layers": "4",
    "num_heads": "1",
    "num_shallow_cross_layers": "3",
    "num_workers": "4",
    "optimizer": "adam",
    "pickle_feature_encoder": "True",
    "save_best_only": "True",
    "seed": "2024",
    "shallow_net_dropout": "0.1",
    "shuffle": "True",
    "task": "binary_classification",
    "test_data": "dataset/ML_1M/test.csv",
    "train_data": "dataset/ML_1M/train.csv",
    "use_features": "None",
    "valid_data": "dataset/ML_1M/valid.csv",
    "verbose": "1",
    "vit_hidden_dim": "64",
    "vit_num_heads": "8",
    "vit_num_layers": "2",
    "vit_patch_size": "8"
}
2024-09-23 15:55:04,229 P299301 INFO Set up feature processor...
2024-09-23 15:55:04,229 P299301 WARNING Skip rebuilding dataset/ML_1M_7_x1/feature_map.json. Please delete it manually if rebuilding is required.
2024-09-23 15:55:04,229 P299301 INFO Load feature_map from json: dataset/ML_1M_7_x1/feature_map.json
2024-09-23 15:55:04,230 P299301 INFO Set column index...
2024-09-23 15:55:04,230 P299301 INFO Feature specs: {
    "Age": "{'source': '', 'type': 'categorical', 'padding_idx': 0, 'vocab_size': 9}",
    "Gender": "{'source': '', 'type': 'categorical', 'padding_idx': 0, 'vocab_size': 4}",
    "Genres": "{'source': '', 'type': 'sequence', 'feature_encoder': 'layers.MaskedAveragePooling()', 'padding_idx': 0, 'max_len': 5, 'vocab_size': 302}",
    "MovieID": "{'source': '', 'type': 'categorical', 'padding_idx': 0, 'vocab_size': 3659}",
    "Occupation": "{'source': '', 'type': 'categorical', 'padding_idx': 0, 'vocab_size': 23}",
    "Release": "{'source': '', 'type': 'categorical', 'padding_idx': 0, 'vocab_size': 83}",
    "UserID": "{'source': '', 'type': 'categorical', 'padding_idx': 0, 'vocab_size': 6042}"
}
2024-09-23 15:55:05,521 P299301 INFO Total number of parameters: 4198840.
2024-09-23 15:55:05,521 P299301 INFO Loading datasets...
2024-09-23 15:55:07,100 P299301 INFO Train samples: total/700146, blocks/1
2024-09-23 15:55:07,468 P299301 INFO Validation samples: total/200041, blocks/1
2024-09-23 15:55:07,468 P299301 INFO Loading train and validation data done.
2024-09-23 15:55:07,469 P299301 INFO Start training: 171 batches/epoch
2024-09-23 15:55:07,469 P299301 INFO ************ Epoch=1 start ************
2024-09-23 15:55:25,435 P299301 INFO Train loss: 0.394772
2024-09-23 15:55:25,436 P299301 INFO Evaluation @epoch 1 - batch 171: 
2024-09-23 15:55:27,017 P299301 INFO [Metrics] AUC: 0.818249 - logloss: 0.344616
2024-09-23 15:55:27,018 P299301 INFO Save best model: monitor(max)=0.818249
2024-09-23 15:55:27,056 P299301 INFO ************ Epoch=1 end ************
2024-09-23 15:55:43,940 P299301 INFO Train loss: 0.363637
2024-09-23 15:55:43,940 P299301 INFO Evaluation @epoch 2 - batch 171: 
2024-09-23 15:55:45,462 P299301 INFO [Metrics] AUC: 0.827148 - logloss: 0.338107
2024-09-23 15:55:45,462 P299301 INFO Save best model: monitor(max)=0.827148
2024-09-23 15:55:45,514 P299301 INFO ************ Epoch=2 end ************
2024-09-23 15:56:02,244 P299301 INFO Train loss: 0.358793
2024-09-23 15:56:02,244 P299301 INFO Evaluation @epoch 3 - batch 171: 
2024-09-23 15:56:03,824 P299301 INFO [Metrics] AUC: 0.832629 - logloss: 0.333981
2024-09-23 15:56:03,824 P299301 INFO Save best model: monitor(max)=0.832629
2024-09-23 15:56:03,877 P299301 INFO ************ Epoch=3 end ************
2024-09-23 15:56:20,839 P299301 INFO Train loss: 0.357020
2024-09-23 15:56:20,839 P299301 INFO Evaluation @epoch 4 - batch 171: 
2024-09-23 15:56:22,385 P299301 INFO [Metrics] AUC: 0.836307 - logloss: 0.331084
2024-09-23 15:56:22,386 P299301 INFO Save best model: monitor(max)=0.836307
2024-09-23 15:56:22,436 P299301 INFO ************ Epoch=4 end ************
2024-09-23 15:56:39,252 P299301 INFO Train loss: 0.355056
2024-09-23 15:56:39,253 P299301 INFO Evaluation @epoch 5 - batch 171: 
2024-09-23 15:56:40,764 P299301 INFO [Metrics] AUC: 0.838363 - logloss: 0.329977
2024-09-23 15:56:40,765 P299301 INFO Save best model: monitor(max)=0.838363
2024-09-23 15:56:40,819 P299301 INFO ************ Epoch=5 end ************
2024-09-23 15:56:57,431 P299301 INFO Train loss: 0.353342
2024-09-23 15:56:57,432 P299301 INFO Evaluation @epoch 6 - batch 171: 
2024-09-23 15:56:58,994 P299301 INFO [Metrics] AUC: 0.839515 - logloss: 0.328677
2024-09-23 15:56:58,994 P299301 INFO Save best model: monitor(max)=0.839515
2024-09-23 15:56:59,050 P299301 INFO ************ Epoch=6 end ************
2024-09-23 15:57:15,708 P299301 INFO Train loss: 0.352323
2024-09-23 15:57:15,708 P299301 INFO Evaluation @epoch 7 - batch 171: 
2024-09-23 15:57:17,254 P299301 INFO [Metrics] AUC: 0.841661 - logloss: 0.327118
2024-09-23 15:57:17,254 P299301 INFO Save best model: monitor(max)=0.841661
2024-09-23 15:57:17,308 P299301 INFO ************ Epoch=7 end ************
2024-09-23 15:57:33,823 P299301 INFO Train loss: 0.351080
2024-09-23 15:57:33,824 P299301 INFO Evaluation @epoch 8 - batch 171: 
2024-09-23 15:57:35,327 P299301 INFO [Metrics] AUC: 0.841085 - logloss: 0.327456
2024-09-23 15:57:35,328 P299301 INFO Monitor(max)=0.841085 STOP!
2024-09-23 15:57:35,328 P299301 INFO Reduce learning rate on plateau: 0.000100
2024-09-23 15:57:35,380 P299301 INFO ************ Epoch=8 end ************
2024-09-23 15:57:52,021 P299301 INFO Train loss: 0.326607
2024-09-23 15:57:52,021 P299301 INFO Evaluation @epoch 9 - batch 171: 
2024-09-23 15:57:53,609 P299301 INFO [Metrics] AUC: 0.848805 - logloss: 0.321854
2024-09-23 15:57:53,609 P299301 INFO Save best model: monitor(max)=0.848805
2024-09-23 15:57:53,663 P299301 INFO ************ Epoch=9 end ************
2024-09-23 15:58:10,421 P299301 INFO Train loss: 0.314978
2024-09-23 15:58:10,421 P299301 INFO Evaluation @epoch 10 - batch 171: 
2024-09-23 15:58:11,988 P299301 INFO [Metrics] AUC: 0.851557 - logloss: 0.320531
2024-09-23 15:58:11,989 P299301 INFO Save best model: monitor(max)=0.851557
2024-09-23 15:58:12,040 P299301 INFO ************ Epoch=10 end ************
2024-09-23 15:58:28,795 P299301 INFO Train loss: 0.308729
2024-09-23 15:58:28,796 P299301 INFO Evaluation @epoch 11 - batch 171: 
2024-09-23 15:58:30,404 P299301 INFO [Metrics] AUC: 0.852073 - logloss: 0.321127
2024-09-23 15:58:30,405 P299301 INFO Save best model: monitor(max)=0.852073
2024-09-23 15:58:30,458 P299301 INFO ************ Epoch=11 end ************
2024-09-23 15:58:47,287 P299301 INFO Train loss: 0.304398
2024-09-23 15:58:47,288 P299301 INFO Evaluation @epoch 12 - batch 171: 
2024-09-23 15:58:48,837 P299301 INFO [Metrics] AUC: 0.852178 - logloss: 0.321392
2024-09-23 15:58:48,837 P299301 INFO Save best model: monitor(max)=0.852178
2024-09-23 15:58:48,901 P299301 INFO ************ Epoch=12 end ************
2024-09-23 15:59:05,789 P299301 INFO Train loss: 0.300630
2024-09-23 15:59:05,790 P299301 INFO Evaluation @epoch 13 - batch 171: 
2024-09-23 15:59:07,323 P299301 INFO [Metrics] AUC: 0.851686 - logloss: 0.322465
2024-09-23 15:59:07,323 P299301 INFO Monitor(max)=0.851686 STOP!
2024-09-23 15:59:07,324 P299301 INFO Reduce learning rate on plateau: 0.000010
2024-09-23 15:59:07,386 P299301 INFO ************ Epoch=13 end ************
2024-09-23 15:59:24,244 P299301 INFO Train loss: 0.288216
2024-09-23 15:59:24,244 P299301 INFO Evaluation @epoch 14 - batch 171: 
2024-09-23 15:59:25,794 P299301 INFO [Metrics] AUC: 0.851309 - logloss: 0.325044
2024-09-23 15:59:25,795 P299301 INFO Monitor(max)=0.851309 STOP!
2024-09-23 15:59:25,795 P299301 INFO Reduce learning rate on plateau: 0.000001
2024-09-23 15:59:25,795 P299301 INFO ********* Epoch=14 early stop *********
2024-09-23 15:59:25,848 P299301 INFO Training finished.
2024-09-23 15:59:25,848 P299301 INFO Load best model: /workspace/checkpoints/ML_1M_7_x1/ViTDCNv3_ML_1M_008_78db3914.model
