2024-09-23 15:46:42,716 P296775 INFO FuxiCTR version: 2.3.2
2024-09-23 15:46:42,717 P296775 INFO Params: {
    "batch_norm": "True",
    "batch_size": "4096",
    "data_format": "csv",
    "data_root": "dataset/",
    "dataset_id": "ML_1M_7_x1",
    "debug_mode": "False",
    "deep_net_dropout": "0.1",
    "early_stop_patience": "2",
    "embedding_dim": "16",
    "embedding_regularizer": "0.01",
    "epochs": "100",
    "eval_steps": "None",
    "feature_cols": "[{'active': True, 'dtype': 'str', 'name': ['UserID', 'Gender', 'Age', 'Occupation', 'MovieID', 'Release'], 'type': 'categorical'}, {'active': True, 'dtype': 'str', 'encoder': 'MaskedSumPooling', 'max_len': 5, 'name': 'Genres', 'splitter': '^', 'type': 'sequence'}]",
    "feature_config": "None",
    "feature_specs": "None",
    "gpu": "0",
    "group_id": "None",
    "label_col": "{'dtype': 'float', 'name': 'Label'}",
    "layer_norm": "True",
    "learning_rate": "0.001",
    "loss": "binary_crossentropy",
    "metrics": "['logloss', 'AUC']",
    "min_categr_count": "1",
    "model": "ViTDCNv3",
    "model_id": "ViTDCNv3_ML_1M_006_78db3914",
    "model_root": "./checkpoints/",
    "monitor": "{'AUC': 1, 'logloss': 0}",
    "monitor_mode": "max",
    "net_regularizer": "0",
    "num_deep_cross_layers": "3",
    "num_heads": "1",
    "num_shallow_cross_layers": "4",
    "num_workers": "4",
    "optimizer": "adam",
    "pickle_feature_encoder": "True",
    "save_best_only": "True",
    "seed": "2024",
    "shallow_net_dropout": "0.1",
    "shuffle": "True",
    "task": "binary_classification",
    "test_data": "dataset/ML_1M/test.csv",
    "train_data": "dataset/ML_1M/train.csv",
    "use_features": "None",
    "valid_data": "dataset/ML_1M/valid.csv",
    "verbose": "1",
    "vit_hidden_dim": "64",
    "vit_num_heads": "8",
    "vit_num_layers": "2",
    "vit_patch_size": "8"
}
2024-09-23 15:46:42,718 P296775 INFO Set up feature processor...
2024-09-23 15:46:42,718 P296775 WARNING Skip rebuilding dataset/ML_1M_7_x1/feature_map.json. Please delete it manually if rebuilding is required.
2024-09-23 15:46:42,718 P296775 INFO Load feature_map from json: dataset/ML_1M_7_x1/feature_map.json
2024-09-23 15:46:42,719 P296775 INFO Set column index...
2024-09-23 15:46:42,719 P296775 INFO Feature specs: {
    "Age": "{'source': '', 'type': 'categorical', 'padding_idx': 0, 'vocab_size': 9}",
    "Gender": "{'source': '', 'type': 'categorical', 'padding_idx': 0, 'vocab_size': 4}",
    "Genres": "{'source': '', 'type': 'sequence', 'feature_encoder': 'layers.MaskedAveragePooling()', 'padding_idx': 0, 'max_len': 5, 'vocab_size': 302}",
    "MovieID": "{'source': '', 'type': 'categorical', 'padding_idx': 0, 'vocab_size': 3659}",
    "Occupation": "{'source': '', 'type': 'categorical', 'padding_idx': 0, 'vocab_size': 23}",
    "Release": "{'source': '', 'type': 'categorical', 'padding_idx': 0, 'vocab_size': 83}",
    "UserID": "{'source': '', 'type': 'categorical', 'padding_idx': 0, 'vocab_size': 6042}"
}
2024-09-23 15:46:44,014 P296775 INFO Total number of parameters: 4198840.
2024-09-23 15:46:44,014 P296775 INFO Loading datasets...
2024-09-23 15:46:45,610 P296775 INFO Train samples: total/700146, blocks/1
2024-09-23 15:46:45,980 P296775 INFO Validation samples: total/200041, blocks/1
2024-09-23 15:46:45,980 P296775 INFO Loading train and validation data done.
2024-09-23 15:46:45,980 P296775 INFO Start training: 171 batches/epoch
2024-09-23 15:46:45,980 P296775 INFO ************ Epoch=1 start ************
2024-09-23 15:47:03,995 P296775 INFO Train loss: 0.398265
2024-09-23 15:47:03,996 P296775 INFO Evaluation @epoch 1 - batch 171: 
2024-09-23 15:47:05,518 P296775 INFO [Metrics] AUC: 0.816581 - logloss: 0.346302
2024-09-23 15:47:05,519 P296775 INFO Save best model: monitor(max)=0.816581
2024-09-23 15:47:05,557 P296775 INFO ************ Epoch=1 end ************
2024-09-23 15:47:22,202 P296775 INFO Train loss: 0.365295
2024-09-23 15:47:22,202 P296775 INFO Evaluation @epoch 2 - batch 171: 
2024-09-23 15:47:23,747 P296775 INFO [Metrics] AUC: 0.825004 - logloss: 0.339874
2024-09-23 15:47:23,748 P296775 INFO Save best model: monitor(max)=0.825004
2024-09-23 15:47:23,802 P296775 INFO ************ Epoch=2 end ************
2024-09-23 15:47:40,415 P296775 INFO Train loss: 0.361296
2024-09-23 15:47:40,415 P296775 INFO Evaluation @epoch 3 - batch 171: 
2024-09-23 15:47:41,910 P296775 INFO [Metrics] AUC: 0.830914 - logloss: 0.335170
2024-09-23 15:47:41,910 P296775 INFO Save best model: monitor(max)=0.830914
2024-09-23 15:47:41,965 P296775 INFO ************ Epoch=3 end ************
2024-09-23 15:47:58,704 P296775 INFO Train loss: 0.359857
2024-09-23 15:47:58,705 P296775 INFO Evaluation @epoch 4 - batch 171: 
2024-09-23 15:48:00,314 P296775 INFO [Metrics] AUC: 0.835087 - logloss: 0.332221
2024-09-23 15:48:00,315 P296775 INFO Save best model: monitor(max)=0.835087
2024-09-23 15:48:00,375 P296775 INFO ************ Epoch=4 end ************
2024-09-23 15:48:17,427 P296775 INFO Train loss: 0.357952
2024-09-23 15:48:17,428 P296775 INFO Evaluation @epoch 5 - batch 171: 
2024-09-23 15:48:18,999 P296775 INFO [Metrics] AUC: 0.838514 - logloss: 0.329825
2024-09-23 15:48:18,999 P296775 INFO Save best model: monitor(max)=0.838514
2024-09-23 15:48:19,054 P296775 INFO ************ Epoch=5 end ************
2024-09-23 15:48:35,898 P296775 INFO Train loss: 0.356195
2024-09-23 15:48:35,899 P296775 INFO Evaluation @epoch 6 - batch 171: 
2024-09-23 15:48:37,444 P296775 INFO [Metrics] AUC: 0.839702 - logloss: 0.328736
2024-09-23 15:48:37,445 P296775 INFO Save best model: monitor(max)=0.839702
2024-09-23 15:48:37,496 P296775 INFO ************ Epoch=6 end ************
2024-09-23 15:48:54,224 P296775 INFO Train loss: 0.354888
2024-09-23 15:48:54,224 P296775 INFO Evaluation @epoch 7 - batch 171: 
2024-09-23 15:48:55,769 P296775 INFO [Metrics] AUC: 0.841918 - logloss: 0.327016
2024-09-23 15:48:55,770 P296775 INFO Save best model: monitor(max)=0.841918
2024-09-23 15:48:55,824 P296775 INFO ************ Epoch=7 end ************
2024-09-23 15:49:12,779 P296775 INFO Train loss: 0.353514
2024-09-23 15:49:12,779 P296775 INFO Evaluation @epoch 8 - batch 171: 
2024-09-23 15:49:14,367 P296775 INFO [Metrics] AUC: 0.841323 - logloss: 0.327448
2024-09-23 15:49:14,368 P296775 INFO Monitor(max)=0.841323 STOP!
2024-09-23 15:49:14,368 P296775 INFO Reduce learning rate on plateau: 0.000100
2024-09-23 15:49:14,423 P296775 INFO ************ Epoch=8 end ************
2024-09-23 15:49:31,285 P296775 INFO Train loss: 0.326805
2024-09-23 15:49:31,286 P296775 INFO Evaluation @epoch 9 - batch 171: 
2024-09-23 15:49:32,846 P296775 INFO [Metrics] AUC: 0.849598 - logloss: 0.321540
2024-09-23 15:49:32,847 P296775 INFO Save best model: monitor(max)=0.849598
2024-09-23 15:49:32,899 P296775 INFO ************ Epoch=9 end ************
2024-09-23 15:49:49,709 P296775 INFO Train loss: 0.313380
2024-09-23 15:49:49,709 P296775 INFO Evaluation @epoch 10 - batch 171: 
2024-09-23 15:49:51,228 P296775 INFO [Metrics] AUC: 0.852223 - logloss: 0.320821
2024-09-23 15:49:51,228 P296775 INFO Save best model: monitor(max)=0.852223
2024-09-23 15:49:51,281 P296775 INFO ************ Epoch=10 end ************
2024-09-23 15:50:08,101 P296775 INFO Train loss: 0.306729
2024-09-23 15:50:08,101 P296775 INFO Evaluation @epoch 11 - batch 171: 
2024-09-23 15:50:09,631 P296775 INFO [Metrics] AUC: 0.852545 - logloss: 0.321606
2024-09-23 15:50:09,632 P296775 INFO Save best model: monitor(max)=0.852545
2024-09-23 15:50:09,683 P296775 INFO ************ Epoch=11 end ************
2024-09-23 15:50:26,437 P296775 INFO Train loss: 0.301860
2024-09-23 15:50:26,437 P296775 INFO Evaluation @epoch 12 - batch 171: 
2024-09-23 15:50:28,026 P296775 INFO [Metrics] AUC: 0.852254 - logloss: 0.322453
2024-09-23 15:50:28,027 P296775 INFO Monitor(max)=0.852254 STOP!
2024-09-23 15:50:28,027 P296775 INFO Reduce learning rate on plateau: 0.000010
2024-09-23 15:50:28,080 P296775 INFO ************ Epoch=12 end ************
2024-09-23 15:50:45,029 P296775 INFO Train loss: 0.288890
2024-09-23 15:50:45,030 P296775 INFO Evaluation @epoch 13 - batch 171: 
2024-09-23 15:50:46,589 P296775 INFO [Metrics] AUC: 0.851375 - logloss: 0.326612
2024-09-23 15:50:46,589 P296775 INFO Monitor(max)=0.851375 STOP!
2024-09-23 15:50:46,589 P296775 INFO Reduce learning rate on plateau: 0.000001
2024-09-23 15:50:46,589 P296775 INFO ********* Epoch=13 early stop *********
2024-09-23 15:50:46,640 P296775 INFO Training finished.
2024-09-23 15:50:46,640 P296775 INFO Load best model: /workspace/checkpoints/ML_1M_7_x1/ViTDCNv3_ML_1M_006_78db3914.model
