2024-09-23 06:28:00,793 P204863 INFO FuxiCTR version: 2.3.2
2024-09-23 06:28:00,793 P204863 INFO Params: {
    "batch_norm": "False",
    "batch_size": "4096",
    "data_format": "csv",
    "data_root": "dataset/",
    "dataset_id": "ML_1M_7_x1",
    "debug_mode": "False",
    "early_stop_patience": "2",
    "embedding_dim": "16",
    "embedding_regularizer": "0.01",
    "epochs": "100",
    "eval_steps": "None",
    "feature_cols": "[{'active': True, 'dtype': 'str', 'name': ['UserID', 'Gender', 'Age', 'Occupation', 'MovieID', 'Release'], 'type': 'categorical'}, {'active': True, 'dtype': 'str', 'encoder': 'MaskedSumPooling', 'max_len': 5, 'name': 'Genres', 'splitter': '^', 'type': 'sequence'}]",
    "feature_config": "None",
    "feature_specs": "None",
    "gpu": "0",
    "group_id": "None",
    "label_col": "{'dtype': 'float', 'name': 'Label'}",
    "layer_norm": "True",
    "learning_rate": "0.001",
    "loss": "binary_crossentropy",
    "metrics": "['logloss', 'AUC']",
    "min_categr_count": "1",
    "model": "ViTDCNv2",
    "model_id": "ViTDCNv2_ML_1M_012_76977982",
    "model_root": "./checkpoints/",
    "monitor": "{'AUC': 1, 'logloss': 0}",
    "monitor_mode": "max",
    "net_dropout": "0.1",
    "net_regularizer": "0",
    "num_cross_layers": "2",
    "num_heads": "1",
    "num_workers": "4",
    "optimizer": "adam",
    "parallel_dnn_hidden_units": "[512, 128]",
    "pickle_feature_encoder": "True",
    "save_best_only": "True",
    "seed": "2024",
    "shuffle": "True",
    "task": "binary_classification",
    "test_data": "dataset/ML_1M/test.csv",
    "train_data": "dataset/ML_1M/train.csv",
    "use_features": "None",
    "valid_data": "dataset/ML_1M/valid.csv",
    "verbose": "1",
    "vit_hidden_dim": "64",
    "vit_num_heads": "8",
    "vit_num_layers": "1",
    "vit_patch_size": "4"
}
2024-09-23 06:28:00,794 P204863 INFO Set up feature processor...
2024-09-23 06:28:00,795 P204863 WARNING Skip rebuilding dataset/ML_1M_7_x1/feature_map.json. Please delete it manually if rebuilding is required.
2024-09-23 06:28:00,795 P204863 INFO Load feature_map from json: dataset/ML_1M_7_x1/feature_map.json
2024-09-23 06:28:00,795 P204863 INFO Set column index...
2024-09-23 06:28:00,795 P204863 INFO Feature specs: {
    "Age": "{'source': '', 'type': 'categorical', 'padding_idx': 0, 'vocab_size': 9}",
    "Gender": "{'source': '', 'type': 'categorical', 'padding_idx': 0, 'vocab_size': 4}",
    "Genres": "{'source': '', 'type': 'sequence', 'feature_encoder': 'layers.MaskedAveragePooling()', 'padding_idx': 0, 'max_len': 5, 'vocab_size': 302}",
    "MovieID": "{'source': '', 'type': 'categorical', 'padding_idx': 0, 'vocab_size': 3659}",
    "Occupation": "{'source': '', 'type': 'categorical', 'padding_idx': 0, 'vocab_size': 23}",
    "Release": "{'source': '', 'type': 'categorical', 'padding_idx': 0, 'vocab_size': 83}",
    "UserID": "{'source': '', 'type': 'categorical', 'padding_idx': 0, 'vocab_size': 6042}"
}
2024-09-23 06:28:02,070 P204863 INFO Total number of parameters: 890641.
2024-09-23 06:28:02,071 P204863 INFO Loading datasets...
2024-09-23 06:28:04,236 P204863 INFO Train samples: total/700146, blocks/1
2024-09-23 06:28:04,571 P204863 INFO Validation samples: total/200041, blocks/1
2024-09-23 06:28:04,572 P204863 INFO Loading train and validation data done.
2024-09-23 06:28:04,572 P204863 INFO Start training: 171 batches/epoch
2024-09-23 06:28:04,572 P204863 INFO ************ Epoch=1 start ************
2024-09-23 06:29:03,341 P204863 INFO Train loss: 0.414374
2024-09-23 06:29:03,342 P204863 INFO Evaluation @epoch 1 - batch 171: 
2024-09-23 06:29:06,999 P204863 INFO [Metrics] AUC: 0.798968 - logloss: 0.359318
2024-09-23 06:29:07,000 P204863 INFO Save best model: monitor(max)=0.798968
2024-09-23 06:29:07,044 P204863 INFO ************ Epoch=1 end ************
2024-09-23 06:30:05,277 P204863 INFO Train loss: 0.377141
2024-09-23 06:30:05,277 P204863 INFO Evaluation @epoch 2 - batch 171: 
2024-09-23 06:30:08,849 P204863 INFO [Metrics] AUC: 0.806218 - logloss: 0.353998
2024-09-23 06:30:08,850 P204863 INFO Save best model: monitor(max)=0.806218
2024-09-23 06:30:08,924 P204863 INFO ************ Epoch=2 end ************
2024-09-23 06:31:06,009 P204863 INFO Train loss: 0.370804
2024-09-23 06:31:06,010 P204863 INFO Evaluation @epoch 3 - batch 171: 
2024-09-23 06:31:09,516 P204863 INFO [Metrics] AUC: 0.812465 - logloss: 0.349913
2024-09-23 06:31:09,517 P204863 INFO Save best model: monitor(max)=0.812465
2024-09-23 06:31:09,586 P204863 INFO ************ Epoch=3 end ************
2024-09-23 06:32:06,694 P204863 INFO Train loss: 0.365756
2024-09-23 06:32:06,694 P204863 INFO Evaluation @epoch 4 - batch 171: 
2024-09-23 06:32:10,046 P204863 INFO [Metrics] AUC: 0.819244 - logloss: 0.344138
2024-09-23 06:32:10,047 P204863 INFO Save best model: monitor(max)=0.819244
2024-09-23 06:32:10,130 P204863 INFO ************ Epoch=4 end ************
2024-09-23 06:33:03,397 P204863 INFO Train loss: 0.360955
2024-09-23 06:33:03,397 P204863 INFO Evaluation @epoch 5 - batch 171: 
2024-09-23 06:33:07,047 P204863 INFO [Metrics] AUC: 0.824560 - logloss: 0.340381
2024-09-23 06:33:07,047 P204863 INFO Save best model: monitor(max)=0.824560
2024-09-23 06:33:07,130 P204863 INFO ************ Epoch=5 end ************
2024-09-23 06:34:04,964 P204863 INFO Train loss: 0.356966
2024-09-23 06:34:04,965 P204863 INFO Evaluation @epoch 6 - batch 171: 
2024-09-23 06:34:08,579 P204863 INFO [Metrics] AUC: 0.831006 - logloss: 0.334882
2024-09-23 06:34:08,580 P204863 INFO Save best model: monitor(max)=0.831006
2024-09-23 06:34:08,644 P204863 INFO ************ Epoch=6 end ************
2024-09-23 06:35:05,944 P204863 INFO Train loss: 0.355318
2024-09-23 06:35:05,944 P204863 INFO Evaluation @epoch 7 - batch 171: 
2024-09-23 06:35:09,360 P204863 INFO [Metrics] AUC: 0.833889 - logloss: 0.332695
2024-09-23 06:35:09,361 P204863 INFO Save best model: monitor(max)=0.833889
2024-09-23 06:35:09,445 P204863 INFO ************ Epoch=7 end ************
2024-09-23 06:36:06,721 P204863 INFO Train loss: 0.353054
2024-09-23 06:36:06,722 P204863 INFO Evaluation @epoch 8 - batch 171: 
2024-09-23 06:36:10,168 P204863 INFO [Metrics] AUC: 0.837437 - logloss: 0.330106
2024-09-23 06:36:10,168 P204863 INFO Save best model: monitor(max)=0.837437
2024-09-23 06:36:10,260 P204863 INFO ************ Epoch=8 end ************
2024-09-23 06:37:03,948 P204863 INFO Train loss: 0.351288
2024-09-23 06:37:03,949 P204863 INFO Evaluation @epoch 9 - batch 171: 
2024-09-23 06:37:07,527 P204863 INFO [Metrics] AUC: 0.837097 - logloss: 0.330302
2024-09-23 06:37:07,528 P204863 INFO Monitor(max)=0.837097 STOP!
2024-09-23 06:37:07,528 P204863 INFO Reduce learning rate on plateau: 0.000100
2024-09-23 06:37:07,606 P204863 INFO ************ Epoch=9 end ************
2024-09-23 06:38:04,713 P204863 INFO Train loss: 0.329459
2024-09-23 06:38:04,714 P204863 INFO Evaluation @epoch 10 - batch 171: 
2024-09-23 06:38:08,370 P204863 INFO [Metrics] AUC: 0.846900 - logloss: 0.322651
2024-09-23 06:38:08,371 P204863 INFO Save best model: monitor(max)=0.846900
2024-09-23 06:38:08,447 P204863 INFO ************ Epoch=10 end ************
2024-09-23 06:39:05,458 P204863 INFO Train loss: 0.317854
2024-09-23 06:39:05,458 P204863 INFO Evaluation @epoch 11 - batch 171: 
2024-09-23 06:39:08,851 P204863 INFO [Metrics] AUC: 0.850286 - logloss: 0.320450
2024-09-23 06:39:08,852 P204863 INFO Save best model: monitor(max)=0.850286
2024-09-23 06:39:08,916 P204863 INFO ************ Epoch=11 end ************
2024-09-23 06:40:06,440 P204863 INFO Train loss: 0.312081
2024-09-23 06:40:06,440 P204863 INFO Evaluation @epoch 12 - batch 171: 
2024-09-23 06:40:10,011 P204863 INFO [Metrics] AUC: 0.851437 - logloss: 0.319951
2024-09-23 06:40:10,012 P204863 INFO Save best model: monitor(max)=0.851437
2024-09-23 06:40:10,098 P204863 INFO ************ Epoch=12 end ************
2024-09-23 06:41:07,774 P204863 INFO Train loss: 0.308397
2024-09-23 06:41:07,774 P204863 INFO Evaluation @epoch 13 - batch 171: 
2024-09-23 06:41:11,349 P204863 INFO [Metrics] AUC: 0.851451 - logloss: 0.320315
2024-09-23 06:41:11,350 P204863 INFO Save best model: monitor(max)=0.851451
2024-09-23 06:41:11,429 P204863 INFO ************ Epoch=13 end ************
2024-09-23 06:42:05,120 P204863 INFO Train loss: 0.305512
2024-09-23 06:42:05,121 P204863 INFO Evaluation @epoch 14 - batch 171: 
2024-09-23 06:42:08,635 P204863 INFO [Metrics] AUC: 0.851532 - logloss: 0.320474
2024-09-23 06:42:08,635 P204863 INFO Save best model: monitor(max)=0.851532
2024-09-23 06:42:08,706 P204863 INFO ************ Epoch=14 end ************
2024-09-23 06:43:06,296 P204863 INFO Train loss: 0.303108
2024-09-23 06:43:06,296 P204863 INFO Evaluation @epoch 15 - batch 171: 
2024-09-23 06:43:09,745 P204863 INFO [Metrics] AUC: 0.851479 - logloss: 0.320849
2024-09-23 06:43:09,746 P204863 INFO Monitor(max)=0.851479 STOP!
2024-09-23 06:43:09,746 P204863 INFO Reduce learning rate on plateau: 0.000010
2024-09-23 06:43:09,836 P204863 INFO ************ Epoch=15 end ************
2024-09-23 06:44:04,127 P204863 INFO Train loss: 0.293622
2024-09-23 06:44:04,128 P204863 INFO Evaluation @epoch 16 - batch 171: 
2024-09-23 06:44:07,625 P204863 INFO [Metrics] AUC: 0.851266 - logloss: 0.322219
2024-09-23 06:44:07,626 P204863 INFO Monitor(max)=0.851266 STOP!
2024-09-23 06:44:07,626 P204863 INFO Reduce learning rate on plateau: 0.000001
2024-09-23 06:44:07,627 P204863 INFO ********* Epoch=16 early stop *********
2024-09-23 06:44:07,707 P204863 INFO Training finished.
2024-09-23 06:44:07,707 P204863 INFO Load best model: /workspace/checkpoints/ML_1M_7_x1/ViTDCNv2_ML_1M_012_76977982.model
