2024-09-23 09:47:56,313 P275377 INFO FuxiCTR version: 2.3.2
2024-09-23 09:47:56,313 P275377 INFO Params: {
    "batch_norm": "True",
    "batch_size": "4096",
    "data_format": "csv",
    "data_root": "dataset/",
    "dataset_id": "ML_1M_7_x1",
    "debug_mode": "False",
    "deep_net_dropout": "0.1",
    "early_stop_patience": "2",
    "embedding_dim": "16",
    "embedding_regularizer": "0.01",
    "epochs": "100",
    "eval_steps": "None",
    "feature_cols": "[{'active': True, 'dtype': 'str', 'name': ['UserID', 'Gender', 'Age', 'Occupation', 'MovieID', 'Release'], 'type': 'categorical'}, {'active': True, 'dtype': 'str', 'encoder': 'MaskedSumPooling', 'max_len': 5, 'name': 'Genres', 'splitter': '^', 'type': 'sequence'}]",
    "feature_config": "None",
    "feature_specs": "None",
    "gpu": "0",
    "group_id": "None",
    "label_col": "{'dtype': 'float', 'name': 'Label'}",
    "layer_norm": "True",
    "learning_rate": "0.001",
    "loss": "binary_crossentropy",
    "metrics": "['logloss', 'AUC']",
    "min_categr_count": "1",
    "model": "ViTDCNv3",
    "model_id": "ViTDCNv3_ML_1M_018_05a5ccb7",
    "model_root": "./checkpoints/",
    "monitor": "{'AUC': 1, 'logloss': 0}",
    "monitor_mode": "max",
    "net_regularizer": "0",
    "num_deep_cross_layers": "2",
    "num_heads": "1",
    "num_shallow_cross_layers": "2",
    "num_workers": "4",
    "optimizer": "adam",
    "pickle_feature_encoder": "True",
    "save_best_only": "True",
    "seed": "2024",
    "shallow_net_dropout": "0.1",
    "shuffle": "True",
    "task": "binary_classification",
    "test_data": "dataset/ML_1M/test.csv",
    "train_data": "dataset/ML_1M/train.csv",
    "use_features": "None",
    "valid_data": "dataset/ML_1M/valid.csv",
    "verbose": "1",
    "vit_hidden_dim": "64",
    "vit_num_heads": "8",
    "vit_num_layers": "4",
    "vit_patch_size": "4"
}
2024-09-23 09:47:56,314 P275377 INFO Set up feature processor...
2024-09-23 09:47:56,315 P275377 WARNING Skip rebuilding dataset/ML_1M_7_x1/feature_map.json. Please delete it manually if rebuilding is required.
2024-09-23 09:47:56,315 P275377 INFO Load feature_map from json: dataset/ML_1M_7_x1/feature_map.json
2024-09-23 09:47:56,315 P275377 INFO Set column index...
2024-09-23 09:47:56,315 P275377 INFO Feature specs: {
    "Age": "{'source': '', 'type': 'categorical', 'padding_idx': 0, 'vocab_size': 9}",
    "Gender": "{'source': '', 'type': 'categorical', 'padding_idx': 0, 'vocab_size': 4}",
    "Genres": "{'source': '', 'type': 'sequence', 'feature_encoder': 'layers.MaskedAveragePooling()', 'padding_idx': 0, 'max_len': 5, 'vocab_size': 302}",
    "MovieID": "{'source': '', 'type': 'categorical', 'padding_idx': 0, 'vocab_size': 3659}",
    "Occupation": "{'source': '', 'type': 'categorical', 'padding_idx': 0, 'vocab_size': 23}",
    "Release": "{'source': '', 'type': 'categorical', 'padding_idx': 0, 'vocab_size': 83}",
    "UserID": "{'source': '', 'type': 'categorical', 'padding_idx': 0, 'vocab_size': 6042}"
}
2024-09-23 09:47:58,225 P275377 INFO Total number of parameters: 4705770.
2024-09-23 09:47:58,225 P275377 INFO Loading datasets...
2024-09-23 09:48:00,333 P275377 INFO Train samples: total/700146, blocks/1
2024-09-23 09:48:01,009 P275377 INFO Validation samples: total/200041, blocks/1
2024-09-23 09:48:01,009 P275377 INFO Loading train and validation data done.
2024-09-23 09:48:01,010 P275377 INFO Start training: 171 batches/epoch
2024-09-23 09:48:01,010 P275377 INFO ************ Epoch=1 start ************
2024-09-23 09:50:25,737 P275377 INFO Train loss: 0.406315
2024-09-23 09:50:25,738 P275377 INFO Evaluation @epoch 1 - batch 171: 
2024-09-23 09:50:34,266 P275377 INFO [Metrics] AUC: 0.812362 - logloss: 0.350196
2024-09-23 09:50:34,267 P275377 INFO Save best model: monitor(max)=0.812362
2024-09-23 09:50:34,315 P275377 INFO ************ Epoch=1 end ************
2024-09-23 09:52:53,093 P275377 INFO Train loss: 0.368562
2024-09-23 09:52:53,094 P275377 INFO Evaluation @epoch 2 - batch 171: 
2024-09-23 09:53:01,103 P275377 INFO [Metrics] AUC: 0.823446 - logloss: 0.341411
2024-09-23 09:53:01,104 P275377 INFO Save best model: monitor(max)=0.823446
2024-09-23 09:53:01,204 P275377 INFO ************ Epoch=2 end ************
2024-09-23 09:55:20,799 P275377 INFO Train loss: 0.362353
2024-09-23 09:55:20,800 P275377 INFO Evaluation @epoch 3 - batch 171: 
2024-09-23 09:55:28,977 P275377 INFO [Metrics] AUC: 0.830932 - logloss: 0.335311
2024-09-23 09:55:28,978 P275377 INFO Save best model: monitor(max)=0.830932
2024-09-23 09:55:29,062 P275377 INFO ************ Epoch=3 end ************
2024-09-23 09:57:49,652 P275377 INFO Train loss: 0.359211
2024-09-23 09:57:49,653 P275377 INFO Evaluation @epoch 4 - batch 171: 
2024-09-23 09:57:58,732 P275377 INFO [Metrics] AUC: 0.833825 - logloss: 0.333607
2024-09-23 09:57:58,733 P275377 INFO Save best model: monitor(max)=0.833825
2024-09-23 09:57:58,809 P275377 INFO ************ Epoch=4 end ************
2024-09-23 10:00:20,163 P275377 INFO Train loss: 0.357320
2024-09-23 10:00:20,163 P275377 INFO Evaluation @epoch 5 - batch 171: 
2024-09-23 10:00:28,120 P275377 INFO [Metrics] AUC: 0.837160 - logloss: 0.330776
2024-09-23 10:00:28,121 P275377 INFO Save best model: monitor(max)=0.837160
2024-09-23 10:00:28,226 P275377 INFO ************ Epoch=5 end ************
2024-09-23 10:02:51,987 P275377 INFO Train loss: 0.355881
2024-09-23 10:02:51,988 P275377 INFO Evaluation @epoch 6 - batch 171: 
2024-09-23 10:03:00,692 P275377 INFO [Metrics] AUC: 0.839059 - logloss: 0.329424
2024-09-23 10:03:00,693 P275377 INFO Save best model: monitor(max)=0.839059
2024-09-23 10:03:00,799 P275377 INFO ************ Epoch=6 end ************
2024-09-23 10:05:23,006 P275377 INFO Train loss: 0.354308
2024-09-23 10:05:23,007 P275377 INFO Evaluation @epoch 7 - batch 171: 
2024-09-23 10:05:31,746 P275377 INFO [Metrics] AUC: 0.838744 - logloss: 0.329200
2024-09-23 10:05:31,747 P275377 INFO Monitor(max)=0.838744 STOP!
2024-09-23 10:05:31,747 P275377 INFO Reduce learning rate on plateau: 0.000100
2024-09-23 10:05:31,834 P275377 INFO ************ Epoch=7 end ************
2024-09-23 10:07:54,314 P275377 INFO Train loss: 0.329931
2024-09-23 10:07:54,315 P275377 INFO Evaluation @epoch 8 - batch 171: 
2024-09-23 10:08:03,045 P275377 INFO [Metrics] AUC: 0.848849 - logloss: 0.321968
2024-09-23 10:08:03,046 P275377 INFO Save best model: monitor(max)=0.848849
2024-09-23 10:08:03,148 P275377 INFO ************ Epoch=8 end ************
2024-09-23 10:10:27,205 P275377 INFO Train loss: 0.316674
2024-09-23 10:10:27,206 P275377 INFO Evaluation @epoch 9 - batch 171: 
2024-09-23 10:10:35,562 P275377 INFO [Metrics] AUC: 0.851996 - logloss: 0.320067
2024-09-23 10:10:35,562 P275377 INFO Save best model: monitor(max)=0.851996
2024-09-23 10:10:35,659 P275377 INFO ************ Epoch=9 end ************
2024-09-23 10:12:54,655 P275377 INFO Train loss: 0.309536
2024-09-23 10:12:54,656 P275377 INFO Evaluation @epoch 10 - batch 171: 
2024-09-23 10:13:03,332 P275377 INFO [Metrics] AUC: 0.852844 - logloss: 0.319805
2024-09-23 10:13:03,333 P275377 INFO Save best model: monitor(max)=0.852844
2024-09-23 10:13:03,424 P275377 INFO ************ Epoch=10 end ************
2024-09-23 10:15:23,656 P275377 INFO Train loss: 0.304689
2024-09-23 10:15:23,657 P275377 INFO Evaluation @epoch 11 - batch 171: 
2024-09-23 10:15:32,558 P275377 INFO [Metrics] AUC: 0.852964 - logloss: 0.320673
2024-09-23 10:15:32,558 P275377 INFO Save best model: monitor(max)=0.852964
2024-09-23 10:15:32,651 P275377 INFO ************ Epoch=11 end ************
2024-09-23 10:17:56,395 P275377 INFO Train loss: 0.300539
2024-09-23 10:17:56,396 P275377 INFO Evaluation @epoch 12 - batch 171: 
2024-09-23 10:18:05,140 P275377 INFO [Metrics] AUC: 0.852806 - logloss: 0.321651
2024-09-23 10:18:05,141 P275377 INFO Monitor(max)=0.852806 STOP!
2024-09-23 10:18:05,141 P275377 INFO Reduce learning rate on plateau: 0.000010
2024-09-23 10:18:05,236 P275377 INFO ************ Epoch=12 end ************
2024-09-23 10:20:05,022 P275377 INFO Train loss: 0.287147
2024-09-23 10:20:05,023 P275377 INFO Evaluation @epoch 13 - batch 171: 
2024-09-23 10:20:11,282 P275377 INFO [Metrics] AUC: 0.852203 - logloss: 0.324514
2024-09-23 10:20:11,282 P275377 INFO Monitor(max)=0.852203 STOP!
2024-09-23 10:20:11,283 P275377 INFO Reduce learning rate on plateau: 0.000001
2024-09-23 10:20:11,283 P275377 INFO ********* Epoch=13 early stop *********
2024-09-23 10:20:11,364 P275377 INFO Training finished.
2024-09-23 10:20:11,364 P275377 INFO Load best model: /workspace/checkpoints/ML_1M_7_x1/ViTDCNv3_ML_1M_018_05a5ccb7.model
