2024-09-23 15:40:36,336 P294808 INFO FuxiCTR version: 2.3.2
2024-09-23 15:40:36,336 P294808 INFO Params: {
    "batch_norm": "True",
    "batch_size": "4096",
    "data_format": "csv",
    "data_root": "dataset/",
    "dataset_id": "ML_1M_7_x1",
    "debug_mode": "False",
    "deep_net_dropout": "0.1",
    "early_stop_patience": "2",
    "embedding_dim": "16",
    "embedding_regularizer": "0.01",
    "epochs": "100",
    "eval_steps": "None",
    "feature_cols": "[{'active': True, 'dtype': 'str', 'name': ['UserID', 'Gender', 'Age', 'Occupation', 'MovieID', 'Release'], 'type': 'categorical'}, {'active': True, 'dtype': 'str', 'encoder': 'MaskedSumPooling', 'max_len': 5, 'name': 'Genres', 'splitter': '^', 'type': 'sequence'}]",
    "feature_config": "None",
    "feature_specs": "None",
    "gpu": "0",
    "group_id": "None",
    "label_col": "{'dtype': 'float', 'name': 'Label'}",
    "layer_norm": "True",
    "learning_rate": "0.001",
    "loss": "binary_crossentropy",
    "metrics": "['logloss', 'AUC']",
    "min_categr_count": "1",
    "model": "ViTDCNv3",
    "model_id": "ViTDCNv3_ML_1M_005_946b81b2",
    "model_root": "./checkpoints/",
    "monitor": "{'AUC': 1, 'logloss': 0}",
    "monitor_mode": "max",
    "net_regularizer": "0",
    "num_deep_cross_layers": "3",
    "num_heads": "1",
    "num_shallow_cross_layers": "3",
    "num_workers": "4",
    "optimizer": "adam",
    "pickle_feature_encoder": "True",
    "save_best_only": "True",
    "seed": "2024",
    "shallow_net_dropout": "0.1",
    "shuffle": "True",
    "task": "binary_classification",
    "test_data": "dataset/ML_1M/test.csv",
    "train_data": "dataset/ML_1M/train.csv",
    "use_features": "None",
    "valid_data": "dataset/ML_1M/valid.csv",
    "verbose": "1",
    "vit_hidden_dim": "64",
    "vit_num_heads": "8",
    "vit_num_layers": "2",
    "vit_patch_size": "8"
}
2024-09-23 15:40:36,337 P294808 INFO Set up feature processor...
2024-09-23 15:40:36,337 P294808 WARNING Skip rebuilding dataset/ML_1M_7_x1/feature_map.json. Please delete it manually if rebuilding is required.
2024-09-23 15:40:36,337 P294808 INFO Load feature_map from json: dataset/ML_1M_7_x1/feature_map.json
2024-09-23 15:40:36,338 P294808 INFO Set column index...
2024-09-23 15:40:36,338 P294808 INFO Feature specs: {
    "Age": "{'source': '', 'type': 'categorical', 'padding_idx': 0, 'vocab_size': 9}",
    "Gender": "{'source': '', 'type': 'categorical', 'padding_idx': 0, 'vocab_size': 4}",
    "Genres": "{'source': '', 'type': 'sequence', 'feature_encoder': 'layers.MaskedAveragePooling()', 'padding_idx': 0, 'max_len': 5, 'vocab_size': 302}",
    "MovieID": "{'source': '', 'type': 'categorical', 'padding_idx': 0, 'vocab_size': 3659}",
    "Occupation": "{'source': '', 'type': 'categorical', 'padding_idx': 0, 'vocab_size': 23}",
    "Release": "{'source': '', 'type': 'categorical', 'padding_idx': 0, 'vocab_size': 83}",
    "UserID": "{'source': '', 'type': 'categorical', 'padding_idx': 0, 'vocab_size': 6042}"
}
2024-09-23 15:40:37,628 P294808 INFO Total number of parameters: 3622174.
2024-09-23 15:40:37,628 P294808 INFO Loading datasets...
2024-09-23 15:40:39,198 P294808 INFO Train samples: total/700146, blocks/1
2024-09-23 15:40:39,577 P294808 INFO Validation samples: total/200041, blocks/1
2024-09-23 15:40:39,577 P294808 INFO Loading train and validation data done.
2024-09-23 15:40:39,577 P294808 INFO Start training: 171 batches/epoch
2024-09-23 15:40:39,577 P294808 INFO ************ Epoch=1 start ************
2024-09-23 15:40:55,674 P294808 INFO Train loss: 0.399292
2024-09-23 15:40:55,674 P294808 INFO Evaluation @epoch 1 - batch 171: 
2024-09-23 15:40:57,087 P294808 INFO [Metrics] AUC: 0.817337 - logloss: 0.345721
2024-09-23 15:40:57,088 P294808 INFO Save best model: monitor(max)=0.817337
2024-09-23 15:40:57,127 P294808 INFO ************ Epoch=1 end ************
2024-09-23 15:41:11,816 P294808 INFO Train loss: 0.363906
2024-09-23 15:41:11,816 P294808 INFO Evaluation @epoch 2 - batch 171: 
2024-09-23 15:41:13,229 P294808 INFO [Metrics] AUC: 0.827099 - logloss: 0.338998
2024-09-23 15:41:13,230 P294808 INFO Save best model: monitor(max)=0.827099
2024-09-23 15:41:13,283 P294808 INFO ************ Epoch=2 end ************
2024-09-23 15:41:28,131 P294808 INFO Train loss: 0.359256
2024-09-23 15:41:28,131 P294808 INFO Evaluation @epoch 3 - batch 171: 
2024-09-23 15:41:29,573 P294808 INFO [Metrics] AUC: 0.832572 - logloss: 0.334148
2024-09-23 15:41:29,573 P294808 INFO Save best model: monitor(max)=0.832572
2024-09-23 15:41:29,628 P294808 INFO ************ Epoch=3 end ************
2024-09-23 15:41:44,376 P294808 INFO Train loss: 0.357269
2024-09-23 15:41:44,376 P294808 INFO Evaluation @epoch 4 - batch 171: 
2024-09-23 15:41:45,816 P294808 INFO [Metrics] AUC: 0.837095 - logloss: 0.330718
2024-09-23 15:41:45,817 P294808 INFO Save best model: monitor(max)=0.837095
2024-09-23 15:41:45,869 P294808 INFO ************ Epoch=4 end ************
2024-09-23 15:42:00,636 P294808 INFO Train loss: 0.355064
2024-09-23 15:42:00,637 P294808 INFO Evaluation @epoch 5 - batch 171: 
2024-09-23 15:42:02,048 P294808 INFO [Metrics] AUC: 0.838318 - logloss: 0.329830
2024-09-23 15:42:02,049 P294808 INFO Save best model: monitor(max)=0.838318
2024-09-23 15:42:02,100 P294808 INFO ************ Epoch=5 end ************
2024-09-23 15:42:16,891 P294808 INFO Train loss: 0.353578
2024-09-23 15:42:16,892 P294808 INFO Evaluation @epoch 6 - batch 171: 
2024-09-23 15:42:18,284 P294808 INFO [Metrics] AUC: 0.839166 - logloss: 0.328892
2024-09-23 15:42:18,285 P294808 INFO Save best model: monitor(max)=0.839166
2024-09-23 15:42:18,338 P294808 INFO ************ Epoch=6 end ************
2024-09-23 15:42:33,239 P294808 INFO Train loss: 0.352263
2024-09-23 15:42:33,239 P294808 INFO Evaluation @epoch 7 - batch 171: 
2024-09-23 15:42:34,700 P294808 INFO [Metrics] AUC: 0.841131 - logloss: 0.327269
2024-09-23 15:42:34,700 P294808 INFO Save best model: monitor(max)=0.841131
2024-09-23 15:42:34,753 P294808 INFO ************ Epoch=7 end ************
2024-09-23 15:42:49,618 P294808 INFO Train loss: 0.351852
2024-09-23 15:42:49,619 P294808 INFO Evaluation @epoch 8 - batch 171: 
2024-09-23 15:42:51,012 P294808 INFO [Metrics] AUC: 0.842107 - logloss: 0.326373
2024-09-23 15:42:51,012 P294808 INFO Save best model: monitor(max)=0.842107
2024-09-23 15:42:51,065 P294808 INFO ************ Epoch=8 end ************
2024-09-23 15:43:05,914 P294808 INFO Train loss: 0.351039
2024-09-23 15:43:05,914 P294808 INFO Evaluation @epoch 9 - batch 171: 
2024-09-23 15:43:07,335 P294808 INFO [Metrics] AUC: 0.842202 - logloss: 0.326221
2024-09-23 15:43:07,336 P294808 INFO Save best model: monitor(max)=0.842202
2024-09-23 15:43:07,391 P294808 INFO ************ Epoch=9 end ************
2024-09-23 15:43:22,214 P294808 INFO Train loss: 0.350934
2024-09-23 15:43:22,215 P294808 INFO Evaluation @epoch 10 - batch 171: 
2024-09-23 15:43:23,622 P294808 INFO [Metrics] AUC: 0.843349 - logloss: 0.325502
2024-09-23 15:43:23,622 P294808 INFO Save best model: monitor(max)=0.843349
2024-09-23 15:43:23,675 P294808 INFO ************ Epoch=10 end ************
2024-09-23 15:43:38,323 P294808 INFO Train loss: 0.350446
2024-09-23 15:43:38,323 P294808 INFO Evaluation @epoch 11 - batch 171: 
2024-09-23 15:43:39,723 P294808 INFO [Metrics] AUC: 0.843897 - logloss: 0.325145
2024-09-23 15:43:39,724 P294808 INFO Save best model: monitor(max)=0.843897
2024-09-23 15:43:39,777 P294808 INFO ************ Epoch=11 end ************
2024-09-23 15:43:54,311 P294808 INFO Train loss: 0.350187
2024-09-23 15:43:54,311 P294808 INFO Evaluation @epoch 12 - batch 171: 
2024-09-23 15:43:55,736 P294808 INFO [Metrics] AUC: 0.844114 - logloss: 0.325174
2024-09-23 15:43:55,737 P294808 INFO Save best model: monitor(max)=0.844114
2024-09-23 15:43:55,792 P294808 INFO ************ Epoch=12 end ************
2024-09-23 15:44:10,516 P294808 INFO Train loss: 0.349953
2024-09-23 15:44:10,517 P294808 INFO Evaluation @epoch 13 - batch 171: 
2024-09-23 15:44:11,941 P294808 INFO [Metrics] AUC: 0.844226 - logloss: 0.324727
2024-09-23 15:44:11,942 P294808 INFO Save best model: monitor(max)=0.844226
2024-09-23 15:44:11,993 P294808 INFO ************ Epoch=13 end ************
2024-09-23 15:44:26,618 P294808 INFO Train loss: 0.349512
2024-09-23 15:44:26,619 P294808 INFO Evaluation @epoch 14 - batch 171: 
2024-09-23 15:44:27,994 P294808 INFO [Metrics] AUC: 0.845106 - logloss: 0.324258
2024-09-23 15:44:27,995 P294808 INFO Save best model: monitor(max)=0.845106
2024-09-23 15:44:28,049 P294808 INFO ************ Epoch=14 end ************
2024-09-23 15:44:42,691 P294808 INFO Train loss: 0.348742
2024-09-23 15:44:42,692 P294808 INFO Evaluation @epoch 15 - batch 171: 
2024-09-23 15:44:44,086 P294808 INFO [Metrics] AUC: 0.845755 - logloss: 0.323985
2024-09-23 15:44:44,087 P294808 INFO Save best model: monitor(max)=0.845755
2024-09-23 15:44:44,136 P294808 INFO ************ Epoch=15 end ************
2024-09-23 15:44:58,736 P294808 INFO Train loss: 0.348778
2024-09-23 15:44:58,737 P294808 INFO Evaluation @epoch 16 - batch 171: 
2024-09-23 15:45:00,148 P294808 INFO [Metrics] AUC: 0.845884 - logloss: 0.324188
2024-09-23 15:45:00,149 P294808 INFO Save best model: monitor(max)=0.845884
2024-09-23 15:45:00,203 P294808 INFO ************ Epoch=16 end ************
2024-09-23 15:45:14,887 P294808 INFO Train loss: 0.348428
2024-09-23 15:45:14,887 P294808 INFO Evaluation @epoch 17 - batch 171: 
2024-09-23 15:45:16,285 P294808 INFO [Metrics] AUC: 0.846845 - logloss: 0.322727
2024-09-23 15:45:16,286 P294808 INFO Save best model: monitor(max)=0.846845
2024-09-23 15:45:16,341 P294808 INFO ************ Epoch=17 end ************
2024-09-23 15:45:31,005 P294808 INFO Train loss: 0.348099
2024-09-23 15:45:31,006 P294808 INFO Evaluation @epoch 18 - batch 171: 
2024-09-23 15:45:32,401 P294808 INFO [Metrics] AUC: 0.846063 - logloss: 0.324045
2024-09-23 15:45:32,402 P294808 INFO Monitor(max)=0.846063 STOP!
2024-09-23 15:45:32,402 P294808 INFO Reduce learning rate on plateau: 0.000100
2024-09-23 15:45:32,456 P294808 INFO ************ Epoch=18 end ************
2024-09-23 15:45:47,202 P294808 INFO Train loss: 0.317236
2024-09-23 15:45:47,202 P294808 INFO Evaluation @epoch 19 - batch 171: 
2024-09-23 15:45:48,622 P294808 INFO [Metrics] AUC: 0.852476 - logloss: 0.321109
2024-09-23 15:45:48,623 P294808 INFO Save best model: monitor(max)=0.852476
2024-09-23 15:45:48,675 P294808 INFO ************ Epoch=19 end ************
2024-09-23 15:46:03,332 P294808 INFO Train loss: 0.303789
2024-09-23 15:46:03,333 P294808 INFO Evaluation @epoch 20 - batch 171: 
2024-09-23 15:46:04,763 P294808 INFO [Metrics] AUC: 0.854255 - logloss: 0.320914
2024-09-23 15:46:04,764 P294808 INFO Save best model: monitor(max)=0.854255
2024-09-23 15:46:04,816 P294808 INFO ************ Epoch=20 end ************
2024-09-23 15:46:19,590 P294808 INFO Train loss: 0.296064
2024-09-23 15:46:19,591 P294808 INFO Evaluation @epoch 21 - batch 171: 
2024-09-23 15:46:21,001 P294808 INFO [Metrics] AUC: 0.854053 - logloss: 0.322152
2024-09-23 15:46:21,002 P294808 INFO Monitor(max)=0.854053 STOP!
2024-09-23 15:46:21,002 P294808 INFO Reduce learning rate on plateau: 0.000010
2024-09-23 15:46:21,056 P294808 INFO ************ Epoch=21 end ************
2024-09-23 15:46:35,815 P294808 INFO Train loss: 0.281327
2024-09-23 15:46:35,816 P294808 INFO Evaluation @epoch 22 - batch 171: 
2024-09-23 15:46:37,253 P294808 INFO [Metrics] AUC: 0.852909 - logloss: 0.326951
2024-09-23 15:46:37,253 P294808 INFO Monitor(max)=0.852909 STOP!
2024-09-23 15:46:37,253 P294808 INFO Reduce learning rate on plateau: 0.000001
2024-09-23 15:46:37,254 P294808 INFO ********* Epoch=22 early stop *********
2024-09-23 15:46:37,308 P294808 INFO Training finished.
2024-09-23 15:46:37,309 P294808 INFO Load best model: /workspace/checkpoints/ML_1M_7_x1/ViTDCNv3_ML_1M_005_946b81b2.model
