2024-09-23 01:15:02,281 P86188 INFO FuxiCTR version: 2.3.2
2024-09-23 01:15:02,282 P86188 INFO Params: {
    "batch_norm": "True",
    "batch_size": "4096",
    "data_format": "csv",
    "data_root": "dataset/",
    "dataset_id": "ML_1M_7_x1",
    "debug_mode": "False",
    "deep_net_dropout": "0.1",
    "early_stop_patience": "2",
    "embedding_dim": "16",
    "embedding_regularizer": "0.01",
    "epochs": "100",
    "eval_steps": "None",
    "feature_cols": "[{'active': True, 'dtype': 'str', 'name': ['UserID', 'Gender', 'Age', 'Occupation', 'MovieID', 'Release'], 'type': 'categorical'}, {'active': True, 'dtype': 'str', 'encoder': 'MaskedSumPooling', 'max_len': 5, 'name': 'Genres', 'splitter': '^', 'type': 'sequence'}]",
    "feature_config": "None",
    "feature_specs": "None",
    "gpu": "0",
    "group_id": "None",
    "label_col": "{'dtype': 'float', 'name': 'Label'}",
    "layer_norm": "True",
    "learning_rate": "0.001",
    "loss": "binary_crossentropy",
    "metrics": "['logloss', 'AUC']",
    "min_categr_count": "1",
    "model": "ViTDCNv3",
    "model_id": "ViTDCNv3_ML_1M_001_16b39c57",
    "model_root": "./checkpoints/",
    "monitor": "{'AUC': 1, 'logloss': 0}",
    "monitor_mode": "max",
    "net_regularizer": "0",
    "num_deep_cross_layers": "2",
    "num_heads": "1",
    "num_shallow_cross_layers": "2",
    "num_workers": "4",
    "optimizer": "adam",
    "pickle_feature_encoder": "True",
    "save_best_only": "True",
    "seed": "2024",
    "shallow_net_dropout": "0.1",
    "shuffle": "True",
    "task": "binary_classification",
    "test_data": "dataset/ML_1M/test.csv",
    "train_data": "dataset/ML_1M/train.csv",
    "use_features": "None",
    "valid_data": "dataset/ML_1M/valid.csv",
    "verbose": "1",
    "vit_hidden_dim": "32",
    "vit_num_heads": "2",
    "vit_num_layers": "1",
    "vit_patch_size": "4"
}
2024-09-23 01:15:02,283 P86188 INFO Set up feature processor...
2024-09-23 01:15:02,283 P86188 WARNING Skip rebuilding dataset/ML_1M_7_x1/feature_map.json. Please delete it manually if rebuilding is required.
2024-09-23 01:15:02,283 P86188 INFO Load feature_map from json: dataset/ML_1M_7_x1/feature_map.json
2024-09-23 01:15:02,283 P86188 INFO Set column index...
2024-09-23 01:15:02,284 P86188 INFO Feature specs: {
    "Age": "{'source': '', 'type': 'categorical', 'padding_idx': 0, 'vocab_size': 9}",
    "Gender": "{'source': '', 'type': 'categorical', 'padding_idx': 0, 'vocab_size': 4}",
    "Genres": "{'source': '', 'type': 'sequence', 'feature_encoder': 'layers.MaskedAveragePooling()', 'padding_idx': 0, 'max_len': 5, 'vocab_size': 302}",
    "MovieID": "{'source': '', 'type': 'categorical', 'padding_idx': 0, 'vocab_size': 3659}",
    "Occupation": "{'source': '', 'type': 'categorical', 'padding_idx': 0, 'vocab_size': 23}",
    "Release": "{'source': '', 'type': 'categorical', 'padding_idx': 0, 'vocab_size': 83}",
    "UserID": "{'source': '', 'type': 'categorical', 'padding_idx': 0, 'vocab_size': 6042}"
}
2024-09-23 01:15:03,545 P86188 INFO Total number of parameters: 747882.
2024-09-23 01:15:03,545 P86188 INFO Loading datasets...
2024-09-23 01:15:05,160 P86188 INFO Train samples: total/700146, blocks/1
2024-09-23 01:15:05,631 P86188 INFO Validation samples: total/200041, blocks/1
2024-09-23 01:15:05,632 P86188 INFO Loading train and validation data done.
2024-09-23 01:15:05,632 P86188 INFO Start training: 171 batches/epoch
2024-09-23 01:15:05,632 P86188 INFO ************ Epoch=1 start ************
2024-09-23 01:15:16,487 P86188 INFO Train loss: 0.411599
2024-09-23 01:15:16,487 P86188 INFO Evaluation @epoch 1 - batch 171: 
2024-09-23 01:15:17,595 P86188 INFO [Metrics] AUC: 0.809385 - logloss: 0.352188
2024-09-23 01:15:17,596 P86188 INFO Save best model: monitor(max)=0.809385
2024-09-23 01:15:17,633 P86188 INFO ************ Epoch=1 end ************
2024-09-23 01:15:26,787 P86188 INFO Train loss: 0.371643
2024-09-23 01:15:26,787 P86188 INFO Evaluation @epoch 2 - batch 171: 
2024-09-23 01:15:28,094 P86188 INFO [Metrics] AUC: 0.819019 - logloss: 0.344125
2024-09-23 01:15:28,095 P86188 INFO Save best model: monitor(max)=0.819019
2024-09-23 01:15:28,154 P86188 INFO ************ Epoch=2 end ************
2024-09-23 01:15:37,356 P86188 INFO Train loss: 0.366130
2024-09-23 01:15:37,356 P86188 INFO Evaluation @epoch 3 - batch 171: 
2024-09-23 01:15:38,675 P86188 INFO [Metrics] AUC: 0.825894 - logloss: 0.339214
2024-09-23 01:15:38,676 P86188 INFO Save best model: monitor(max)=0.825894
2024-09-23 01:15:38,734 P86188 INFO ************ Epoch=3 end ************
2024-09-23 01:15:47,917 P86188 INFO Train loss: 0.362127
2024-09-23 01:15:47,918 P86188 INFO Evaluation @epoch 4 - batch 171: 
2024-09-23 01:15:49,183 P86188 INFO [Metrics] AUC: 0.832267 - logloss: 0.334181
2024-09-23 01:15:49,184 P86188 INFO Save best model: monitor(max)=0.832267
2024-09-23 01:15:49,242 P86188 INFO ************ Epoch=4 end ************
2024-09-23 01:15:58,464 P86188 INFO Train loss: 0.359242
2024-09-23 01:15:58,464 P86188 INFO Evaluation @epoch 5 - batch 171: 
2024-09-23 01:15:59,757 P86188 INFO [Metrics] AUC: 0.835657 - logloss: 0.331708
2024-09-23 01:15:59,758 P86188 INFO Save best model: monitor(max)=0.835657
2024-09-23 01:15:59,815 P86188 INFO ************ Epoch=5 end ************
2024-09-23 01:16:09,123 P86188 INFO Train loss: 0.356270
2024-09-23 01:16:09,123 P86188 INFO Evaluation @epoch 6 - batch 171: 
2024-09-23 01:16:10,393 P86188 INFO [Metrics] AUC: 0.836309 - logloss: 0.331254
2024-09-23 01:16:10,394 P86188 INFO Save best model: monitor(max)=0.836309
2024-09-23 01:16:10,455 P86188 INFO ************ Epoch=6 end ************
2024-09-23 01:16:19,821 P86188 INFO Train loss: 0.354302
2024-09-23 01:16:19,821 P86188 INFO Evaluation @epoch 7 - batch 171: 
2024-09-23 01:16:21,195 P86188 INFO [Metrics] AUC: 0.838932 - logloss: 0.329056
2024-09-23 01:16:21,196 P86188 INFO Save best model: monitor(max)=0.838932
2024-09-23 01:16:21,258 P86188 INFO ************ Epoch=7 end ************
2024-09-23 01:16:30,815 P86188 INFO Train loss: 0.353327
2024-09-23 01:16:30,816 P86188 INFO Evaluation @epoch 8 - batch 171: 
2024-09-23 01:16:32,120 P86188 INFO [Metrics] AUC: 0.839674 - logloss: 0.328408
2024-09-23 01:16:32,120 P86188 INFO Save best model: monitor(max)=0.839674
2024-09-23 01:16:32,181 P86188 INFO ************ Epoch=8 end ************
2024-09-23 01:16:55,968 P86188 INFO Train loss: 0.352284
2024-09-23 01:16:55,969 P86188 INFO Evaluation @epoch 9 - batch 171: 
2024-09-23 01:16:57,999 P86188 INFO [Metrics] AUC: 0.841324 - logloss: 0.327536
2024-09-23 01:16:58,000 P86188 INFO Save best model: monitor(max)=0.841324
2024-09-23 01:16:58,074 P86188 INFO ************ Epoch=9 end ************
2024-09-23 01:17:23,583 P86188 INFO Train loss: 0.351232
2024-09-23 01:17:23,583 P86188 INFO Evaluation @epoch 10 - batch 171: 
2024-09-23 01:17:25,849 P86188 INFO [Metrics] AUC: 0.841255 - logloss: 0.327023
2024-09-23 01:17:25,850 P86188 INFO Monitor(max)=0.841255 STOP!
2024-09-23 01:17:25,851 P86188 INFO Reduce learning rate on plateau: 0.000100
2024-09-23 01:17:25,914 P86188 INFO ************ Epoch=10 end ************
2024-09-23 01:18:08,781 P86188 INFO Train loss: 0.324949
2024-09-23 01:18:08,782 P86188 INFO Evaluation @epoch 11 - batch 171: 
2024-09-23 01:18:11,910 P86188 INFO [Metrics] AUC: 0.849765 - logloss: 0.321585
2024-09-23 01:18:11,911 P86188 INFO Save best model: monitor(max)=0.849765
2024-09-23 01:18:11,982 P86188 INFO ************ Epoch=11 end ************
2024-09-23 01:18:57,559 P86188 INFO Train loss: 0.312210
2024-09-23 01:18:57,560 P86188 INFO Evaluation @epoch 12 - batch 171: 
2024-09-23 01:19:00,821 P86188 INFO [Metrics] AUC: 0.852511 - logloss: 0.320256
2024-09-23 01:19:00,822 P86188 INFO Save best model: monitor(max)=0.852511
2024-09-23 01:19:00,882 P86188 INFO ************ Epoch=12 end ************
2024-09-23 01:19:46,536 P86188 INFO Train loss: 0.305549
2024-09-23 01:19:46,538 P86188 INFO Evaluation @epoch 13 - batch 171: 
2024-09-23 01:19:49,506 P86188 INFO [Metrics] AUC: 0.853033 - logloss: 0.320068
2024-09-23 01:19:49,507 P86188 INFO Save best model: monitor(max)=0.853033
2024-09-23 01:19:49,576 P86188 INFO ************ Epoch=13 end ************
2024-09-23 01:20:35,489 P86188 INFO Train loss: 0.300748
2024-09-23 01:20:35,489 P86188 INFO Evaluation @epoch 14 - batch 171: 
2024-09-23 01:20:38,722 P86188 INFO [Metrics] AUC: 0.853048 - logloss: 0.321601
2024-09-23 01:20:38,723 P86188 INFO Save best model: monitor(max)=0.853048
2024-09-23 01:20:38,782 P86188 INFO ************ Epoch=14 end ************
2024-09-23 01:21:23,658 P86188 INFO Train loss: 0.296636
2024-09-23 01:21:23,659 P86188 INFO Evaluation @epoch 15 - batch 171: 
2024-09-23 01:21:27,098 P86188 INFO [Metrics] AUC: 0.852349 - logloss: 0.322705
2024-09-23 01:21:27,099 P86188 INFO Monitor(max)=0.852349 STOP!
2024-09-23 01:21:27,099 P86188 INFO Reduce learning rate on plateau: 0.000010
2024-09-23 01:21:27,160 P86188 INFO ************ Epoch=15 end ************
2024-09-23 01:22:12,598 P86188 INFO Train loss: 0.283253
2024-09-23 01:22:12,598 P86188 INFO Evaluation @epoch 16 - batch 171: 
2024-09-23 01:22:15,817 P86188 INFO [Metrics] AUC: 0.851892 - logloss: 0.325957
2024-09-23 01:22:15,818 P86188 INFO Monitor(max)=0.851892 STOP!
2024-09-23 01:22:15,818 P86188 INFO Reduce learning rate on plateau: 0.000001
2024-09-23 01:22:15,818 P86188 INFO ********* Epoch=16 early stop *********
2024-09-23 01:22:15,880 P86188 INFO Training finished.
2024-09-23 01:22:15,880 P86188 INFO Load best model: /workspace/checkpoints/ML_1M_7_x1/ViTDCNv3_ML_1M_001_16b39c57.model
