2024-09-23 03:18:52,760 P135824 INFO FuxiCTR version: 2.3.2
2024-09-23 03:18:52,761 P135824 INFO Params: {
    "batch_norm": "True",
    "batch_size": "4096",
    "data_format": "csv",
    "data_root": "dataset/",
    "dataset_id": "ML_1M_7_x1",
    "debug_mode": "False",
    "deep_net_dropout": "0.1",
    "early_stop_patience": "2",
    "embedding_dim": "16",
    "embedding_regularizer": "0.01",
    "epochs": "100",
    "eval_steps": "None",
    "feature_cols": "[{'active': True, 'dtype': 'str', 'name': ['UserID', 'Gender', 'Age', 'Occupation', 'MovieID', 'Release'], 'type': 'categorical'}, {'active': True, 'dtype': 'str', 'encoder': 'MaskedSumPooling', 'max_len': 5, 'name': 'Genres', 'splitter': '^', 'type': 'sequence'}]",
    "feature_config": "None",
    "feature_specs": "None",
    "gpu": "0",
    "group_id": "None",
    "label_col": "{'dtype': 'float', 'name': 'Label'}",
    "layer_norm": "True",
    "learning_rate": "0.001",
    "loss": "binary_crossentropy",
    "metrics": "['logloss', 'AUC']",
    "min_categr_count": "1",
    "model": "ViTDCNv3",
    "model_id": "ViTDCNv3_ML_1M_007_2e9ac0e8",
    "model_root": "./checkpoints/",
    "monitor": "{'AUC': 1, 'logloss': 0}",
    "monitor_mode": "max",
    "net_regularizer": "0",
    "num_deep_cross_layers": "2",
    "num_heads": "1",
    "num_shallow_cross_layers": "2",
    "num_workers": "4",
    "optimizer": "adam",
    "pickle_feature_encoder": "True",
    "save_best_only": "True",
    "seed": "2024",
    "shallow_net_dropout": "0.1",
    "shuffle": "True",
    "task": "binary_classification",
    "test_data": "dataset/ML_1M/test.csv",
    "train_data": "dataset/ML_1M/train.csv",
    "use_features": "None",
    "valid_data": "dataset/ML_1M/valid.csv",
    "verbose": "1",
    "vit_hidden_dim": "32",
    "vit_num_heads": "2",
    "vit_num_layers": "4",
    "vit_patch_size": "4"
}
2024-09-23 03:18:52,762 P135824 INFO Set up feature processor...
2024-09-23 03:18:52,762 P135824 WARNING Skip rebuilding dataset/ML_1M_7_x1/feature_map.json. Please delete it manually if rebuilding is required.
2024-09-23 03:18:52,762 P135824 INFO Load feature_map from json: dataset/ML_1M_7_x1/feature_map.json
2024-09-23 03:18:52,762 P135824 INFO Set column index...
2024-09-23 03:18:52,763 P135824 INFO Feature specs: {
    "Age": "{'source': '', 'type': 'categorical', 'padding_idx': 0, 'vocab_size': 9}",
    "Gender": "{'source': '', 'type': 'categorical', 'padding_idx': 0, 'vocab_size': 4}",
    "Genres": "{'source': '', 'type': 'sequence', 'feature_encoder': 'layers.MaskedAveragePooling()', 'padding_idx': 0, 'max_len': 5, 'vocab_size': 302}",
    "MovieID": "{'source': '', 'type': 'categorical', 'padding_idx': 0, 'vocab_size': 3659}",
    "Occupation": "{'source': '', 'type': 'categorical', 'padding_idx': 0, 'vocab_size': 23}",
    "Release": "{'source': '', 'type': 'categorical', 'padding_idx': 0, 'vocab_size': 83}",
    "UserID": "{'source': '', 'type': 'categorical', 'padding_idx': 0, 'vocab_size': 6042}"
}
2024-09-23 03:18:54,428 P135824 INFO Total number of parameters: 2397930.
2024-09-23 03:18:54,428 P135824 INFO Loading datasets...
2024-09-23 03:18:56,394 P135824 INFO Train samples: total/700146, blocks/1
2024-09-23 03:18:57,007 P135824 INFO Validation samples: total/200041, blocks/1
2024-09-23 03:18:57,007 P135824 INFO Loading train and validation data done.
2024-09-23 03:18:57,007 P135824 INFO Start training: 171 batches/epoch
2024-09-23 03:18:57,007 P135824 INFO ************ Epoch=1 start ************
2024-09-23 03:21:20,862 P135824 INFO Train loss: 0.410327
2024-09-23 03:21:20,863 P135824 INFO Evaluation @epoch 1 - batch 171: 
2024-09-23 03:21:30,068 P135824 INFO [Metrics] AUC: 0.812236 - logloss: 0.349746
2024-09-23 03:21:30,069 P135824 INFO Save best model: monitor(max)=0.812236
2024-09-23 03:21:30,143 P135824 INFO ************ Epoch=1 end ************
2024-09-23 03:23:56,229 P135824 INFO Train loss: 0.365126
2024-09-23 03:23:56,229 P135824 INFO Evaluation @epoch 2 - batch 171: 
2024-09-23 03:24:05,546 P135824 INFO [Metrics] AUC: 0.825475 - logloss: 0.339512
2024-09-23 03:24:05,546 P135824 INFO Save best model: monitor(max)=0.825475
2024-09-23 03:24:05,636 P135824 INFO ************ Epoch=2 end ************
2024-09-23 03:26:31,151 P135824 INFO Train loss: 0.360008
2024-09-23 03:26:31,151 P135824 INFO Evaluation @epoch 3 - batch 171: 
2024-09-23 03:26:40,084 P135824 INFO [Metrics] AUC: 0.832676 - logloss: 0.334001
2024-09-23 03:26:40,085 P135824 INFO Save best model: monitor(max)=0.832676
2024-09-23 03:26:40,156 P135824 INFO ************ Epoch=3 end ************
2024-09-23 03:29:01,654 P135824 INFO Train loss: 0.357134
2024-09-23 03:29:01,655 P135824 INFO Evaluation @epoch 4 - batch 171: 
2024-09-23 03:29:10,965 P135824 INFO [Metrics] AUC: 0.836031 - logloss: 0.331494
2024-09-23 03:29:10,965 P135824 INFO Save best model: monitor(max)=0.836031
2024-09-23 03:29:11,060 P135824 INFO ************ Epoch=4 end ************
2024-09-23 03:31:37,265 P135824 INFO Train loss: 0.354547
2024-09-23 03:31:37,266 P135824 INFO Evaluation @epoch 5 - batch 171: 
2024-09-23 03:31:45,917 P135824 INFO [Metrics] AUC: 0.837695 - logloss: 0.330106
2024-09-23 03:31:45,918 P135824 INFO Save best model: monitor(max)=0.837695
2024-09-23 03:31:46,039 P135824 INFO ************ Epoch=5 end ************
2024-09-23 03:34:12,385 P135824 INFO Train loss: 0.352969
2024-09-23 03:34:12,386 P135824 INFO Evaluation @epoch 6 - batch 171: 
2024-09-23 03:34:21,643 P135824 INFO [Metrics] AUC: 0.838674 - logloss: 0.330182
2024-09-23 03:34:21,644 P135824 INFO Save best model: monitor(max)=0.838674
2024-09-23 03:34:21,724 P135824 INFO ************ Epoch=6 end ************
2024-09-23 03:36:47,870 P135824 INFO Train loss: 0.351958
2024-09-23 03:36:47,871 P135824 INFO Evaluation @epoch 7 - batch 171: 
2024-09-23 03:36:56,611 P135824 INFO [Metrics] AUC: 0.840181 - logloss: 0.328405
2024-09-23 03:36:56,612 P135824 INFO Save best model: monitor(max)=0.840181
2024-09-23 03:36:56,685 P135824 INFO ************ Epoch=7 end ************
2024-09-23 03:39:21,066 P135824 INFO Train loss: 0.350896
2024-09-23 03:39:21,067 P135824 INFO Evaluation @epoch 8 - batch 171: 
2024-09-23 03:39:30,371 P135824 INFO [Metrics] AUC: 0.840994 - logloss: 0.327662
2024-09-23 03:39:30,371 P135824 INFO Save best model: monitor(max)=0.840994
2024-09-23 03:39:30,452 P135824 INFO ************ Epoch=8 end ************
2024-09-23 03:41:53,719 P135824 INFO Train loss: 0.350507
2024-09-23 03:41:53,720 P135824 INFO Evaluation @epoch 9 - batch 171: 
2024-09-23 03:42:02,778 P135824 INFO [Metrics] AUC: 0.841765 - logloss: 0.326838
2024-09-23 03:42:02,779 P135824 INFO Save best model: monitor(max)=0.841765
2024-09-23 03:42:02,874 P135824 INFO ************ Epoch=9 end ************
2024-09-23 03:44:29,596 P135824 INFO Train loss: 0.349828
2024-09-23 03:44:29,597 P135824 INFO Evaluation @epoch 10 - batch 171: 
2024-09-23 03:44:38,964 P135824 INFO [Metrics] AUC: 0.842211 - logloss: 0.326449
2024-09-23 03:44:38,964 P135824 INFO Save best model: monitor(max)=0.842211
2024-09-23 03:44:39,055 P135824 INFO ************ Epoch=10 end ************
2024-09-23 03:47:02,389 P135824 INFO Train loss: 0.349627
2024-09-23 03:47:02,390 P135824 INFO Evaluation @epoch 11 - batch 171: 
2024-09-23 03:47:10,389 P135824 INFO [Metrics] AUC: 0.843303 - logloss: 0.326033
2024-09-23 03:47:10,390 P135824 INFO Save best model: monitor(max)=0.843303
2024-09-23 03:47:10,469 P135824 INFO ************ Epoch=11 end ************
2024-09-23 03:49:37,672 P135824 INFO Train loss: 0.349229
2024-09-23 03:49:37,672 P135824 INFO Evaluation @epoch 12 - batch 171: 
2024-09-23 03:49:46,694 P135824 INFO [Metrics] AUC: 0.843724 - logloss: 0.325130
2024-09-23 03:49:46,695 P135824 INFO Save best model: monitor(max)=0.843724
2024-09-23 03:49:46,768 P135824 INFO ************ Epoch=12 end ************
2024-09-23 03:52:14,335 P135824 INFO Train loss: 0.349070
2024-09-23 03:52:14,336 P135824 INFO Evaluation @epoch 13 - batch 171: 
2024-09-23 03:52:22,457 P135824 INFO [Metrics] AUC: 0.843011 - logloss: 0.325802
2024-09-23 03:52:22,458 P135824 INFO Monitor(max)=0.843011 STOP!
2024-09-23 03:52:22,458 P135824 INFO Reduce learning rate on plateau: 0.000100
2024-09-23 03:52:22,545 P135824 INFO ************ Epoch=13 end ************
2024-09-23 03:54:50,255 P135824 INFO Train loss: 0.322026
2024-09-23 03:54:50,255 P135824 INFO Evaluation @epoch 14 - batch 171: 
2024-09-23 03:54:59,664 P135824 INFO [Metrics] AUC: 0.850472 - logloss: 0.321372
2024-09-23 03:54:59,665 P135824 INFO Save best model: monitor(max)=0.850472
2024-09-23 03:54:59,750 P135824 INFO ************ Epoch=14 end ************
2024-09-23 03:57:23,570 P135824 INFO Train loss: 0.309563
2024-09-23 03:57:23,571 P135824 INFO Evaluation @epoch 15 - batch 171: 
2024-09-23 03:57:32,402 P135824 INFO [Metrics] AUC: 0.853125 - logloss: 0.319626
2024-09-23 03:57:32,403 P135824 INFO Save best model: monitor(max)=0.853125
2024-09-23 03:57:32,488 P135824 INFO ************ Epoch=15 end ************
2024-09-23 04:00:00,452 P135824 INFO Train loss: 0.302504
2024-09-23 04:00:00,452 P135824 INFO Evaluation @epoch 16 - batch 171: 
2024-09-23 04:00:09,834 P135824 INFO [Metrics] AUC: 0.853467 - logloss: 0.320647
2024-09-23 04:00:09,835 P135824 INFO Save best model: monitor(max)=0.853467
2024-09-23 04:00:09,904 P135824 INFO ************ Epoch=16 end ************
2024-09-23 04:02:38,093 P135824 INFO Train loss: 0.298032
2024-09-23 04:02:38,094 P135824 INFO Evaluation @epoch 17 - batch 171: 
2024-09-23 04:02:45,410 P135824 INFO [Metrics] AUC: 0.853184 - logloss: 0.321801
2024-09-23 04:02:45,411 P135824 INFO Monitor(max)=0.853184 STOP!
2024-09-23 04:02:45,411 P135824 INFO Reduce learning rate on plateau: 0.000010
2024-09-23 04:02:45,488 P135824 INFO ************ Epoch=17 end ************
2024-09-23 04:05:11,515 P135824 INFO Train loss: 0.284514
2024-09-23 04:05:11,516 P135824 INFO Evaluation @epoch 18 - batch 171: 
2024-09-23 04:05:20,971 P135824 INFO [Metrics] AUC: 0.852469 - logloss: 0.324947
2024-09-23 04:05:20,972 P135824 INFO Monitor(max)=0.852469 STOP!
2024-09-23 04:05:20,972 P135824 INFO Reduce learning rate on plateau: 0.000001
2024-09-23 04:05:20,972 P135824 INFO ********* Epoch=18 early stop *********
2024-09-23 04:05:21,049 P135824 INFO Training finished.
2024-09-23 04:05:21,050 P135824 INFO Load best model: /workspace/checkpoints/ML_1M_7_x1/ViTDCNv3_ML_1M_007_2e9ac0e8.model
