2024-09-23 15:26:32,600 P289756 INFO FuxiCTR version: 2.3.2
2024-09-23 15:26:32,601 P289756 INFO Params: {
    "batch_norm": "True",
    "batch_size": "4096",
    "data_format": "csv",
    "data_root": "dataset/",
    "dataset_id": "ML_1M_7_x1",
    "debug_mode": "False",
    "deep_net_dropout": "0.1",
    "early_stop_patience": "2",
    "embedding_dim": "16",
    "embedding_regularizer": "0.01",
    "epochs": "100",
    "eval_steps": "None",
    "feature_cols": "[{'active': True, 'dtype': 'str', 'name': ['UserID', 'Gender', 'Age', 'Occupation', 'MovieID', 'Release'], 'type': 'categorical'}, {'active': True, 'dtype': 'str', 'encoder': 'MaskedSumPooling', 'max_len': 5, 'name': 'Genres', 'splitter': '^', 'type': 'sequence'}]",
    "feature_config": "None",
    "feature_specs": "None",
    "gpu": "0",
    "group_id": "None",
    "label_col": "{'dtype': 'float', 'name': 'Label'}",
    "layer_norm": "True",
    "learning_rate": "0.001",
    "loss": "binary_crossentropy",
    "metrics": "['logloss', 'AUC']",
    "min_categr_count": "1",
    "model": "ViTDCNv3",
    "model_id": "ViTDCNv3_ML_1M_001_ce617c9c",
    "model_root": "./checkpoints/",
    "monitor": "{'AUC': 1, 'logloss': 0}",
    "monitor_mode": "max",
    "net_regularizer": "0",
    "num_deep_cross_layers": "2",
    "num_heads": "1",
    "num_shallow_cross_layers": "2",
    "num_workers": "4",
    "optimizer": "adam",
    "pickle_feature_encoder": "True",
    "save_best_only": "True",
    "seed": "2024",
    "shallow_net_dropout": "0.1",
    "shuffle": "True",
    "task": "binary_classification",
    "test_data": "dataset/ML_1M/test.csv",
    "train_data": "dataset/ML_1M/train.csv",
    "use_features": "None",
    "valid_data": "dataset/ML_1M/valid.csv",
    "verbose": "1",
    "vit_hidden_dim": "64",
    "vit_num_heads": "8",
    "vit_num_layers": "2",
    "vit_patch_size": "8"
}
2024-09-23 15:26:32,602 P289756 INFO Set up feature processor...
2024-09-23 15:26:32,602 P289756 WARNING Skip rebuilding dataset/ML_1M_7_x1/feature_map.json. Please delete it manually if rebuilding is required.
2024-09-23 15:26:32,602 P289756 INFO Load feature_map from json: dataset/ML_1M_7_x1/feature_map.json
2024-09-23 15:26:32,602 P289756 INFO Set column index...
2024-09-23 15:26:32,603 P289756 INFO Feature specs: {
    "Age": "{'source': '', 'type': 'categorical', 'padding_idx': 0, 'vocab_size': 9}",
    "Gender": "{'source': '', 'type': 'categorical', 'padding_idx': 0, 'vocab_size': 4}",
    "Genres": "{'source': '', 'type': 'sequence', 'feature_encoder': 'layers.MaskedAveragePooling()', 'padding_idx': 0, 'max_len': 5, 'vocab_size': 302}",
    "MovieID": "{'source': '', 'type': 'categorical', 'padding_idx': 0, 'vocab_size': 3659}",
    "Occupation": "{'source': '', 'type': 'categorical', 'padding_idx': 0, 'vocab_size': 23}",
    "Release": "{'source': '', 'type': 'categorical', 'padding_idx': 0, 'vocab_size': 83}",
    "UserID": "{'source': '', 'type': 'categorical', 'padding_idx': 0, 'vocab_size': 6042}"
}
2024-09-23 15:26:33,887 P289756 INFO Total number of parameters: 2468842.
2024-09-23 15:26:33,887 P289756 INFO Loading datasets...
2024-09-23 15:26:35,491 P289756 INFO Train samples: total/700146, blocks/1
2024-09-23 15:26:35,883 P289756 INFO Validation samples: total/200041, blocks/1
2024-09-23 15:26:35,883 P289756 INFO Loading train and validation data done.
2024-09-23 15:26:35,883 P289756 INFO Start training: 171 batches/epoch
2024-09-23 15:26:35,883 P289756 INFO ************ Epoch=1 start ************
2024-09-23 15:26:48,164 P289756 INFO Train loss: 0.408919
2024-09-23 15:26:48,164 P289756 INFO Evaluation @epoch 1 - batch 171: 
2024-09-23 15:26:49,350 P289756 INFO [Metrics] AUC: 0.813982 - logloss: 0.348238
2024-09-23 15:26:49,350 P289756 INFO Save best model: monitor(max)=0.813982
2024-09-23 15:26:49,378 P289756 INFO ************ Epoch=1 end ************
2024-09-23 15:27:00,333 P289756 INFO Train loss: 0.367716
2024-09-23 15:27:00,333 P289756 INFO Evaluation @epoch 2 - batch 171: 
2024-09-23 15:27:01,528 P289756 INFO [Metrics] AUC: 0.823949 - logloss: 0.340654
2024-09-23 15:27:01,529 P289756 INFO Save best model: monitor(max)=0.823949
2024-09-23 15:27:01,572 P289756 INFO ************ Epoch=2 end ************
2024-09-23 15:27:12,422 P289756 INFO Train loss: 0.362240
2024-09-23 15:27:12,422 P289756 INFO Evaluation @epoch 3 - batch 171: 
2024-09-23 15:27:13,592 P289756 INFO [Metrics] AUC: 0.830562 - logloss: 0.335773
2024-09-23 15:27:13,593 P289756 INFO Save best model: monitor(max)=0.830562
2024-09-23 15:27:13,634 P289756 INFO ************ Epoch=3 end ************
2024-09-23 15:27:24,595 P289756 INFO Train loss: 0.359411
2024-09-23 15:27:24,595 P289756 INFO Evaluation @epoch 4 - batch 171: 
2024-09-23 15:27:25,817 P289756 INFO [Metrics] AUC: 0.834737 - logloss: 0.332496
2024-09-23 15:27:25,817 P289756 INFO Save best model: monitor(max)=0.834737
2024-09-23 15:27:25,868 P289756 INFO ************ Epoch=4 end ************
2024-09-23 15:27:36,907 P289756 INFO Train loss: 0.356772
2024-09-23 15:27:36,907 P289756 INFO Evaluation @epoch 5 - batch 171: 
2024-09-23 15:27:38,079 P289756 INFO [Metrics] AUC: 0.836860 - logloss: 0.331279
2024-09-23 15:27:38,079 P289756 INFO Save best model: monitor(max)=0.836860
2024-09-23 15:27:38,122 P289756 INFO ************ Epoch=5 end ************
2024-09-23 15:27:49,057 P289756 INFO Train loss: 0.356483
2024-09-23 15:27:49,057 P289756 INFO Evaluation @epoch 6 - batch 171: 
2024-09-23 15:27:50,244 P289756 INFO [Metrics] AUC: 0.676856 - logloss: 0.526897
2024-09-23 15:27:50,245 P289756 INFO Monitor(max)=0.676856 STOP!
2024-09-23 15:27:50,245 P289756 INFO Reduce learning rate on plateau: 0.000100
2024-09-23 15:27:50,289 P289756 INFO ************ Epoch=6 end ************
2024-09-23 15:28:01,130 P289756 INFO Train loss: 0.329945
2024-09-23 15:28:01,131 P289756 INFO Evaluation @epoch 7 - batch 171: 
2024-09-23 15:28:02,306 P289756 INFO [Metrics] AUC: 0.676156 - logloss: 0.522979
2024-09-23 15:28:02,307 P289756 INFO Monitor(max)=0.676156 STOP!
2024-09-23 15:28:02,307 P289756 INFO Reduce learning rate on plateau: 0.000010
2024-09-23 15:28:02,307 P289756 INFO ********* Epoch=7 early stop *********
2024-09-23 15:28:02,349 P289756 INFO Training finished.
2024-09-23 15:28:02,350 P289756 INFO Load best model: /workspace/checkpoints/ML_1M_7_x1/ViTDCNv3_ML_1M_001_ce617c9c.model
