2024-09-23 06:01:26,587 P193778 INFO FuxiCTR version: 2.3.2
2024-09-23 06:01:26,587 P193778 INFO Params: {
    "batch_norm": "True",
    "batch_size": "4096",
    "data_format": "csv",
    "data_root": "dataset/",
    "dataset_id": "ML_1M_7_x1",
    "debug_mode": "False",
    "deep_net_dropout": "0.1",
    "early_stop_patience": "2",
    "embedding_dim": "16",
    "embedding_regularizer": "0.01",
    "epochs": "100",
    "eval_steps": "None",
    "feature_cols": "[{'active': True, 'dtype': 'str', 'name': ['UserID', 'Gender', 'Age', 'Occupation', 'MovieID', 'Release'], 'type': 'categorical'}, {'active': True, 'dtype': 'str', 'encoder': 'MaskedSumPooling', 'max_len': 5, 'name': 'Genres', 'splitter': '^', 'type': 'sequence'}]",
    "feature_config": "None",
    "feature_specs": "None",
    "gpu": "0",
    "group_id": "None",
    "label_col": "{'dtype': 'float', 'name': 'Label'}",
    "layer_norm": "True",
    "learning_rate": "0.001",
    "loss": "binary_crossentropy",
    "metrics": "['logloss', 'AUC']",
    "min_categr_count": "1",
    "model": "ViTDCNv3",
    "model_id": "ViTDCNv3_ML_1M_011_cf111dae",
    "model_root": "./checkpoints/",
    "monitor": "{'AUC': 1, 'logloss': 0}",
    "monitor_mode": "max",
    "net_regularizer": "0",
    "num_deep_cross_layers": "2",
    "num_heads": "1",
    "num_shallow_cross_layers": "2",
    "num_workers": "4",
    "optimizer": "adam",
    "pickle_feature_encoder": "True",
    "save_best_only": "True",
    "seed": "2024",
    "shallow_net_dropout": "0.1",
    "shuffle": "True",
    "task": "binary_classification",
    "test_data": "dataset/ML_1M/test.csv",
    "train_data": "dataset/ML_1M/train.csv",
    "use_features": "None",
    "valid_data": "dataset/ML_1M/valid.csv",
    "verbose": "1",
    "vit_hidden_dim": "64",
    "vit_num_heads": "4",
    "vit_num_layers": "1",
    "vit_patch_size": "4"
}
2024-09-23 06:01:26,588 P193778 INFO Set up feature processor...
2024-09-23 06:01:26,589 P193778 WARNING Skip rebuilding dataset/ML_1M_7_x1/feature_map.json. Please delete it manually if rebuilding is required.
2024-09-23 06:01:26,589 P193778 INFO Load feature_map from json: dataset/ML_1M_7_x1/feature_map.json
2024-09-23 06:01:26,589 P193778 INFO Set column index...
2024-09-23 06:01:26,589 P193778 INFO Feature specs: {
    "Age": "{'source': '', 'type': 'categorical', 'padding_idx': 0, 'vocab_size': 9}",
    "Gender": "{'source': '', 'type': 'categorical', 'padding_idx': 0, 'vocab_size': 4}",
    "Genres": "{'source': '', 'type': 'sequence', 'feature_encoder': 'layers.MaskedAveragePooling()', 'padding_idx': 0, 'max_len': 5, 'vocab_size': 302}",
    "MovieID": "{'source': '', 'type': 'categorical', 'padding_idx': 0, 'vocab_size': 3659}",
    "Occupation": "{'source': '', 'type': 'categorical', 'padding_idx': 0, 'vocab_size': 23}",
    "Release": "{'source': '', 'type': 'categorical', 'padding_idx': 0, 'vocab_size': 83}",
    "UserID": "{'source': '', 'type': 'categorical', 'padding_idx': 0, 'vocab_size': 6042}"
}
2024-09-23 06:01:27,960 P193778 INFO Total number of parameters: 1331946.
2024-09-23 06:01:27,960 P193778 INFO Loading datasets...
2024-09-23 06:01:29,923 P193778 INFO Train samples: total/700146, blocks/1
2024-09-23 06:01:30,566 P193778 INFO Validation samples: total/200041, blocks/1
2024-09-23 06:01:30,566 P193778 INFO Loading train and validation data done.
2024-09-23 06:01:30,566 P193778 INFO Start training: 171 batches/epoch
2024-09-23 06:01:30,566 P193778 INFO ************ Epoch=1 start ************
2024-09-23 06:02:49,084 P193778 INFO Train loss: 0.409150
2024-09-23 06:02:49,084 P193778 INFO Evaluation @epoch 1 - batch 171: 
2024-09-23 06:02:54,053 P193778 INFO [Metrics] AUC: 0.811220 - logloss: 0.351145
2024-09-23 06:02:54,054 P193778 INFO Save best model: monitor(max)=0.811220
2024-09-23 06:02:54,138 P193778 INFO ************ Epoch=1 end ************
2024-09-23 06:04:12,160 P193778 INFO Train loss: 0.369147
2024-09-23 06:04:12,161 P193778 INFO Evaluation @epoch 2 - batch 171: 
2024-09-23 06:04:17,067 P193778 INFO [Metrics] AUC: 0.822187 - logloss: 0.342335
2024-09-23 06:04:17,068 P193778 INFO Save best model: monitor(max)=0.822187
2024-09-23 06:04:17,156 P193778 INFO ************ Epoch=2 end ************
2024-09-23 06:05:34,315 P193778 INFO Train loss: 0.364187
2024-09-23 06:05:34,316 P193778 INFO Evaluation @epoch 3 - batch 171: 
2024-09-23 06:05:39,171 P193778 INFO [Metrics] AUC: 0.830187 - logloss: 0.336059
2024-09-23 06:05:39,172 P193778 INFO Save best model: monitor(max)=0.830187
2024-09-23 06:05:39,257 P193778 INFO ************ Epoch=3 end ************
2024-09-23 06:06:56,014 P193778 INFO Train loss: 0.360447
2024-09-23 06:06:56,015 P193778 INFO Evaluation @epoch 4 - batch 171: 
2024-09-23 06:07:00,742 P193778 INFO [Metrics] AUC: 0.834490 - logloss: 0.333759
2024-09-23 06:07:00,743 P193778 INFO Save best model: monitor(max)=0.834490
2024-09-23 06:07:00,815 P193778 INFO ************ Epoch=4 end ************
2024-09-23 06:08:18,518 P193778 INFO Train loss: 0.357211
2024-09-23 06:08:18,519 P193778 INFO Evaluation @epoch 5 - batch 171: 
2024-09-23 06:08:23,341 P193778 INFO [Metrics] AUC: 0.837062 - logloss: 0.330970
2024-09-23 06:08:23,342 P193778 INFO Save best model: monitor(max)=0.837062
2024-09-23 06:08:23,445 P193778 INFO ************ Epoch=5 end ************
2024-09-23 06:09:37,570 P193778 INFO Train loss: 0.354981
2024-09-23 06:09:37,570 P193778 INFO Evaluation @epoch 6 - batch 171: 
2024-09-23 06:09:42,229 P193778 INFO [Metrics] AUC: 0.838633 - logloss: 0.329154
2024-09-23 06:09:42,230 P193778 INFO Save best model: monitor(max)=0.838633
2024-09-23 06:09:42,304 P193778 INFO ************ Epoch=6 end ************
2024-09-23 06:10:53,795 P193778 INFO Train loss: 0.352925
2024-09-23 06:10:53,796 P193778 INFO Evaluation @epoch 7 - batch 171: 
2024-09-23 06:10:57,978 P193778 INFO [Metrics] AUC: 0.840556 - logloss: 0.328621
2024-09-23 06:10:57,979 P193778 INFO Save best model: monitor(max)=0.840556
2024-09-23 06:10:58,107 P193778 INFO ************ Epoch=7 end ************
2024-09-23 06:12:15,314 P193778 INFO Train loss: 0.351982
2024-09-23 06:12:15,315 P193778 INFO Evaluation @epoch 8 - batch 171: 
2024-09-23 06:12:20,149 P193778 INFO [Metrics] AUC: 0.840469 - logloss: 0.328158
2024-09-23 06:12:20,150 P193778 INFO Monitor(max)=0.840469 STOP!
2024-09-23 06:12:20,150 P193778 INFO Reduce learning rate on plateau: 0.000100
2024-09-23 06:12:20,238 P193778 INFO ************ Epoch=8 end ************
2024-09-23 06:13:37,665 P193778 INFO Train loss: 0.326424
2024-09-23 06:13:37,666 P193778 INFO Evaluation @epoch 9 - batch 171: 
2024-09-23 06:13:41,809 P193778 INFO [Metrics] AUC: 0.849353 - logloss: 0.322147
2024-09-23 06:13:41,810 P193778 INFO Save best model: monitor(max)=0.849353
2024-09-23 06:13:41,892 P193778 INFO ************ Epoch=9 end ************
2024-09-23 06:14:56,936 P193778 INFO Train loss: 0.313836
2024-09-23 06:14:56,936 P193778 INFO Evaluation @epoch 10 - batch 171: 
2024-09-23 06:15:01,907 P193778 INFO [Metrics] AUC: 0.851795 - logloss: 0.320860
2024-09-23 06:15:01,908 P193778 INFO Save best model: monitor(max)=0.851795
2024-09-23 06:15:01,981 P193778 INFO ************ Epoch=10 end ************
2024-09-23 06:16:19,448 P193778 INFO Train loss: 0.307333
2024-09-23 06:16:19,449 P193778 INFO Evaluation @epoch 11 - batch 171: 
2024-09-23 06:16:24,370 P193778 INFO [Metrics] AUC: 0.852586 - logloss: 0.320808
2024-09-23 06:16:24,371 P193778 INFO Save best model: monitor(max)=0.852586
2024-09-23 06:16:24,441 P193778 INFO ************ Epoch=11 end ************
2024-09-23 06:17:42,048 P193778 INFO Train loss: 0.302299
2024-09-23 06:17:42,049 P193778 INFO Evaluation @epoch 12 - batch 171: 
2024-09-23 06:17:47,024 P193778 INFO [Metrics] AUC: 0.852094 - logloss: 0.322213
2024-09-23 06:17:47,025 P193778 INFO Monitor(max)=0.852094 STOP!
2024-09-23 06:17:47,025 P193778 INFO Reduce learning rate on plateau: 0.000010
2024-09-23 06:17:47,104 P193778 INFO ************ Epoch=12 end ************
2024-09-23 06:19:05,136 P193778 INFO Train loss: 0.289587
2024-09-23 06:19:05,137 P193778 INFO Evaluation @epoch 13 - batch 171: 
2024-09-23 06:19:09,974 P193778 INFO [Metrics] AUC: 0.851595 - logloss: 0.325209
2024-09-23 06:19:09,975 P193778 INFO Monitor(max)=0.851595 STOP!
2024-09-23 06:19:09,975 P193778 INFO Reduce learning rate on plateau: 0.000001
2024-09-23 06:19:09,975 P193778 INFO ********* Epoch=13 early stop *********
2024-09-23 06:19:10,068 P193778 INFO Training finished.
2024-09-23 06:19:10,068 P193778 INFO Load best model: /workspace/checkpoints/ML_1M_7_x1/ViTDCNv3_ML_1M_011_cf111dae.model
