2024-09-23 01:37:19,231 P95663 INFO FuxiCTR version: 2.3.2
2024-09-23 01:37:19,231 P95663 INFO Params: {
    "batch_norm": "True",
    "batch_size": "4096",
    "data_format": "csv",
    "data_root": "dataset/",
    "dataset_id": "ML_1M_7_x1",
    "debug_mode": "False",
    "deep_net_dropout": "0.1",
    "early_stop_patience": "2",
    "embedding_dim": "16",
    "embedding_regularizer": "0.01",
    "epochs": "100",
    "eval_steps": "None",
    "feature_cols": "[{'active': True, 'dtype': 'str', 'name': ['UserID', 'Gender', 'Age', 'Occupation', 'MovieID', 'Release'], 'type': 'categorical'}, {'active': True, 'dtype': 'str', 'encoder': 'MaskedSumPooling', 'max_len': 5, 'name': 'Genres', 'splitter': '^', 'type': 'sequence'}]",
    "feature_config": "None",
    "feature_specs": "None",
    "gpu": "0",
    "group_id": "None",
    "label_col": "{'dtype': 'float', 'name': 'Label'}",
    "layer_norm": "True",
    "learning_rate": "0.001",
    "loss": "binary_crossentropy",
    "metrics": "['logloss', 'AUC']",
    "min_categr_count": "1",
    "model": "ViTDCNv3",
    "model_id": "ViTDCNv3_ML_1M_003_05cd453c",
    "model_root": "./checkpoints/",
    "monitor": "{'AUC': 1, 'logloss': 0}",
    "monitor_mode": "max",
    "net_regularizer": "0",
    "num_deep_cross_layers": "2",
    "num_heads": "1",
    "num_shallow_cross_layers": "2",
    "num_workers": "4",
    "optimizer": "adam",
    "pickle_feature_encoder": "True",
    "save_best_only": "True",
    "seed": "2024",
    "shallow_net_dropout": "0.1",
    "shuffle": "True",
    "task": "binary_classification",
    "test_data": "dataset/ML_1M/test.csv",
    "train_data": "dataset/ML_1M/train.csv",
    "use_features": "None",
    "valid_data": "dataset/ML_1M/valid.csv",
    "verbose": "1",
    "vit_hidden_dim": "32",
    "vit_num_heads": "8",
    "vit_num_layers": "1",
    "vit_patch_size": "4"
}
2024-09-23 01:37:19,233 P95663 INFO Set up feature processor...
2024-09-23 01:37:19,233 P95663 WARNING Skip rebuilding dataset/ML_1M_7_x1/feature_map.json. Please delete it manually if rebuilding is required.
2024-09-23 01:37:19,233 P95663 INFO Load feature_map from json: dataset/ML_1M_7_x1/feature_map.json
2024-09-23 01:37:19,233 P95663 INFO Set column index...
2024-09-23 01:37:19,234 P95663 INFO Feature specs: {
    "Age": "{'source': '', 'type': 'categorical', 'padding_idx': 0, 'vocab_size': 9}",
    "Gender": "{'source': '', 'type': 'categorical', 'padding_idx': 0, 'vocab_size': 4}",
    "Genres": "{'source': '', 'type': 'sequence', 'feature_encoder': 'layers.MaskedAveragePooling()', 'padding_idx': 0, 'max_len': 5, 'vocab_size': 302}",
    "MovieID": "{'source': '', 'type': 'categorical', 'padding_idx': 0, 'vocab_size': 3659}",
    "Occupation": "{'source': '', 'type': 'categorical', 'padding_idx': 0, 'vocab_size': 23}",
    "Release": "{'source': '', 'type': 'categorical', 'padding_idx': 0, 'vocab_size': 83}",
    "UserID": "{'source': '', 'type': 'categorical', 'padding_idx': 0, 'vocab_size': 6042}"
}
2024-09-23 01:37:20,667 P95663 INFO Total number of parameters: 747882.
2024-09-23 01:37:20,667 P95663 INFO Loading datasets...
2024-09-23 01:37:22,495 P95663 INFO Train samples: total/700146, blocks/1
2024-09-23 01:37:23,023 P95663 INFO Validation samples: total/200041, blocks/1
2024-09-23 01:37:23,023 P95663 INFO Loading train and validation data done.
2024-09-23 01:37:23,023 P95663 INFO Start training: 171 batches/epoch
2024-09-23 01:37:23,023 P95663 INFO ************ Epoch=1 start ************
2024-09-23 01:38:27,600 P95663 INFO Train loss: 0.413001
2024-09-23 01:38:27,600 P95663 INFO Evaluation @epoch 1 - batch 171: 
2024-09-23 01:38:31,496 P95663 INFO [Metrics] AUC: 0.809764 - logloss: 0.352210
2024-09-23 01:38:31,497 P95663 INFO Save best model: monitor(max)=0.809764
2024-09-23 01:38:31,541 P95663 INFO ************ Epoch=1 end ************
2024-09-23 01:39:31,113 P95663 INFO Train loss: 0.369965
2024-09-23 01:39:31,114 P95663 INFO Evaluation @epoch 2 - batch 171: 
2024-09-23 01:39:33,576 P95663 INFO [Metrics] AUC: 0.820011 - logloss: 0.343934
2024-09-23 01:39:33,577 P95663 INFO Save best model: monitor(max)=0.820011
2024-09-23 01:39:33,644 P95663 INFO ************ Epoch=2 end ************
2024-09-23 01:40:35,564 P95663 INFO Train loss: 0.364640
2024-09-23 01:40:35,564 P95663 INFO Evaluation @epoch 3 - batch 171: 
2024-09-23 01:40:39,730 P95663 INFO [Metrics] AUC: 0.827742 - logloss: 0.338116
2024-09-23 01:40:39,731 P95663 INFO Save best model: monitor(max)=0.827742
2024-09-23 01:40:39,791 P95663 INFO ************ Epoch=3 end ************
2024-09-23 01:41:43,285 P95663 INFO Train loss: 0.360229
2024-09-23 01:41:43,286 P95663 INFO Evaluation @epoch 4 - batch 171: 
2024-09-23 01:41:47,479 P95663 INFO [Metrics] AUC: 0.833995 - logloss: 0.333073
2024-09-23 01:41:47,479 P95663 INFO Save best model: monitor(max)=0.833995
2024-09-23 01:41:47,545 P95663 INFO ************ Epoch=4 end ************
2024-09-23 01:42:44,295 P95663 INFO Train loss: 0.357959
2024-09-23 01:42:44,296 P95663 INFO Evaluation @epoch 5 - batch 171: 
2024-09-23 01:42:48,526 P95663 INFO [Metrics] AUC: 0.835428 - logloss: 0.332373
2024-09-23 01:42:48,527 P95663 INFO Save best model: monitor(max)=0.835428
2024-09-23 01:42:48,593 P95663 INFO ************ Epoch=5 end ************
2024-09-23 01:43:51,889 P95663 INFO Train loss: 0.355953
2024-09-23 01:43:51,890 P95663 INFO Evaluation @epoch 6 - batch 171: 
2024-09-23 01:43:56,078 P95663 INFO [Metrics] AUC: 0.836363 - logloss: 0.331343
2024-09-23 01:43:56,079 P95663 INFO Save best model: monitor(max)=0.836363
2024-09-23 01:43:56,165 P95663 INFO ************ Epoch=6 end ************
2024-09-23 01:44:59,372 P95663 INFO Train loss: 0.354290
2024-09-23 01:44:59,372 P95663 INFO Evaluation @epoch 7 - batch 171: 
2024-09-23 01:45:03,619 P95663 INFO [Metrics] AUC: 0.837847 - logloss: 0.330050
2024-09-23 01:45:03,620 P95663 INFO Save best model: monitor(max)=0.837847
2024-09-23 01:45:03,706 P95663 INFO ************ Epoch=7 end ************
2024-09-23 01:45:57,321 P95663 INFO Train loss: 0.353259
2024-09-23 01:45:57,322 P95663 INFO Evaluation @epoch 8 - batch 171: 
2024-09-23 01:46:01,630 P95663 INFO [Metrics] AUC: 0.839298 - logloss: 0.328773
2024-09-23 01:46:01,630 P95663 INFO Save best model: monitor(max)=0.839298
2024-09-23 01:46:01,699 P95663 INFO ************ Epoch=8 end ************
2024-09-23 01:47:04,495 P95663 INFO Train loss: 0.352961
2024-09-23 01:47:04,496 P95663 INFO Evaluation @epoch 9 - batch 171: 
2024-09-23 01:47:08,767 P95663 INFO [Metrics] AUC: 0.841284 - logloss: 0.327733
2024-09-23 01:47:08,768 P95663 INFO Save best model: monitor(max)=0.841284
2024-09-23 01:47:08,835 P95663 INFO ************ Epoch=9 end ************
2024-09-23 01:48:11,511 P95663 INFO Train loss: 0.352022
2024-09-23 01:48:11,512 P95663 INFO Evaluation @epoch 10 - batch 171: 
2024-09-23 01:48:15,526 P95663 INFO [Metrics] AUC: 0.841404 - logloss: 0.326920
2024-09-23 01:48:15,527 P95663 INFO Save best model: monitor(max)=0.841404
2024-09-23 01:48:15,588 P95663 INFO ************ Epoch=10 end ************
2024-09-23 01:49:17,695 P95663 INFO Train loss: 0.351854
2024-09-23 01:49:17,696 P95663 INFO Evaluation @epoch 11 - batch 171: 
2024-09-23 01:49:21,849 P95663 INFO [Metrics] AUC: 0.841567 - logloss: 0.327567
2024-09-23 01:49:21,850 P95663 INFO Save best model: monitor(max)=0.841567
2024-09-23 01:49:21,913 P95663 INFO ************ Epoch=11 end ************
2024-09-23 01:50:24,417 P95663 INFO Train loss: 0.350677
2024-09-23 01:50:24,418 P95663 INFO Evaluation @epoch 12 - batch 171: 
2024-09-23 01:50:28,619 P95663 INFO [Metrics] AUC: 0.843739 - logloss: 0.325184
2024-09-23 01:50:28,620 P95663 INFO Save best model: monitor(max)=0.843739
2024-09-23 01:50:28,688 P95663 INFO ************ Epoch=12 end ************
