2024-09-23 04:46:45,868 P166385 INFO FuxiCTR version: 2.3.2
2024-09-23 04:46:45,868 P166385 INFO Params: {
    "batch_norm": "False",
    "batch_size": "4096",
    "data_format": "csv",
    "data_root": "dataset/",
    "dataset_id": "ML_1M_7_x1",
    "debug_mode": "False",
    "early_stop_patience": "2",
    "embedding_dim": "16",
    "embedding_regularizer": "0.01",
    "epochs": "100",
    "eval_steps": "None",
    "feature_cols": "[{'active': True, 'dtype': 'str', 'name': ['UserID', 'Gender', 'Age', 'Occupation', 'MovieID', 'Release'], 'type': 'categorical'}, {'active': True, 'dtype': 'str', 'encoder': 'MaskedSumPooling', 'max_len': 5, 'name': 'Genres', 'splitter': '^', 'type': 'sequence'}]",
    "feature_config": "None",
    "feature_specs": "None",
    "gpu": "0",
    "group_id": "None",
    "label_col": "{'dtype': 'float', 'name': 'Label'}",
    "layer_norm": "True",
    "learning_rate": "0.001",
    "loss": "binary_crossentropy",
    "metrics": "['logloss', 'AUC']",
    "min_categr_count": "1",
    "model": "ViTDCNv2",
    "model_id": "ViTDCNv2_ML_1M_008_9d735753",
    "model_root": "./checkpoints/",
    "monitor": "{'AUC': 1, 'logloss': 0}",
    "monitor_mode": "max",
    "net_dropout": "0.1",
    "net_regularizer": "0",
    "num_cross_layers": "2",
    "num_heads": "1",
    "num_workers": "4",
    "optimizer": "adam",
    "parallel_dnn_hidden_units": "[512, 128]",
    "pickle_feature_encoder": "True",
    "save_best_only": "True",
    "seed": "2024",
    "shuffle": "True",
    "task": "binary_classification",
    "test_data": "dataset/ML_1M/test.csv",
    "train_data": "dataset/ML_1M/train.csv",
    "use_features": "None",
    "valid_data": "dataset/ML_1M/valid.csv",
    "verbose": "1",
    "vit_hidden_dim": "32",
    "vit_num_heads": "4",
    "vit_num_layers": "4",
    "vit_patch_size": "4"
}
2024-09-23 04:46:45,869 P166385 INFO Set up feature processor...
2024-09-23 04:46:45,870 P166385 WARNING Skip rebuilding dataset/ML_1M_7_x1/feature_map.json. Please delete it manually if rebuilding is required.
2024-09-23 04:46:45,870 P166385 INFO Load feature_map from json: dataset/ML_1M_7_x1/feature_map.json
2024-09-23 04:46:45,870 P166385 INFO Set column index...
2024-09-23 04:46:45,870 P166385 INFO Feature specs: {
    "Age": "{'source': '', 'type': 'categorical', 'padding_idx': 0, 'vocab_size': 9}",
    "Gender": "{'source': '', 'type': 'categorical', 'padding_idx': 0, 'vocab_size': 4}",
    "Genres": "{'source': '', 'type': 'sequence', 'feature_encoder': 'layers.MaskedAveragePooling()', 'padding_idx': 0, 'max_len': 5, 'vocab_size': 302}",
    "MovieID": "{'source': '', 'type': 'categorical', 'padding_idx': 0, 'vocab_size': 3659}",
    "Occupation": "{'source': '', 'type': 'categorical', 'padding_idx': 0, 'vocab_size': 23}",
    "Release": "{'source': '', 'type': 'categorical', 'padding_idx': 0, 'vocab_size': 83}",
    "UserID": "{'source': '', 'type': 'categorical', 'padding_idx': 0, 'vocab_size': 6042}"
}
2024-09-23 04:46:47,190 P166385 INFO Total number of parameters: 1420049.
2024-09-23 04:46:47,190 P166385 INFO Loading datasets...
2024-09-23 04:46:49,366 P166385 INFO Train samples: total/700146, blocks/1
2024-09-23 04:46:49,704 P166385 INFO Validation samples: total/200041, blocks/1
2024-09-23 04:46:49,704 P166385 INFO Loading train and validation data done.
2024-09-23 04:46:49,705 P166385 INFO Start training: 171 batches/epoch
2024-09-23 04:46:49,705 P166385 INFO ************ Epoch=1 start ************
2024-09-23 04:48:20,286 P166385 INFO Train loss: 0.415445
2024-09-23 04:48:20,286 P166385 INFO Evaluation @epoch 1 - batch 171: 
2024-09-23 04:48:25,469 P166385 INFO [Metrics] AUC: 0.801163 - logloss: 0.358560
2024-09-23 04:48:25,469 P166385 INFO Save best model: monitor(max)=0.801163
2024-09-23 04:48:25,527 P166385 INFO ************ Epoch=1 end ************
2024-09-23 04:49:52,176 P166385 INFO Train loss: 0.377191
2024-09-23 04:49:52,177 P166385 INFO Evaluation @epoch 2 - batch 171: 
2024-09-23 04:49:57,248 P166385 INFO [Metrics] AUC: 0.804865 - logloss: 0.355103
2024-09-23 04:49:57,249 P166385 INFO Save best model: monitor(max)=0.804865
2024-09-23 04:49:57,322 P166385 INFO ************ Epoch=2 end ************
2024-09-23 04:51:27,429 P166385 INFO Train loss: 0.372246
2024-09-23 04:51:27,430 P166385 INFO Evaluation @epoch 3 - batch 171: 
2024-09-23 04:51:32,680 P166385 INFO [Metrics] AUC: 0.809640 - logloss: 0.351370
2024-09-23 04:51:32,681 P166385 INFO Save best model: monitor(max)=0.809640
2024-09-23 04:51:32,753 P166385 INFO ************ Epoch=3 end ************
2024-09-23 04:52:58,124 P166385 INFO Train loss: 0.366995
2024-09-23 04:52:58,124 P166385 INFO Evaluation @epoch 4 - batch 171: 
2024-09-23 04:53:03,383 P166385 INFO [Metrics] AUC: 0.816820 - logloss: 0.345937
2024-09-23 04:53:03,384 P166385 INFO Save best model: monitor(max)=0.816820
2024-09-23 04:53:03,459 P166385 INFO ************ Epoch=4 end ************
2024-09-23 04:54:33,672 P166385 INFO Train loss: 0.363054
2024-09-23 04:54:33,672 P166385 INFO Evaluation @epoch 5 - batch 171: 
2024-09-23 04:54:38,758 P166385 INFO [Metrics] AUC: 0.824109 - logloss: 0.340903
2024-09-23 04:54:38,759 P166385 INFO Save best model: monitor(max)=0.824109
2024-09-23 04:54:38,840 P166385 INFO ************ Epoch=5 end ************
2024-09-23 04:56:06,944 P166385 INFO Train loss: 0.359559
2024-09-23 04:56:06,945 P166385 INFO Evaluation @epoch 6 - batch 171: 
2024-09-23 04:56:11,312 P166385 INFO [Metrics] AUC: 0.827911 - logloss: 0.337320
2024-09-23 04:56:11,313 P166385 INFO Save best model: monitor(max)=0.827911
2024-09-23 04:56:11,384 P166385 INFO ************ Epoch=6 end ************
2024-09-23 04:57:39,533 P166385 INFO Train loss: 0.357181
2024-09-23 04:57:39,534 P166385 INFO Evaluation @epoch 7 - batch 171: 
2024-09-23 04:57:44,744 P166385 INFO [Metrics] AUC: 0.830931 - logloss: 0.336065
2024-09-23 04:57:44,745 P166385 INFO Save best model: monitor(max)=0.830931
2024-09-23 04:57:44,822 P166385 INFO ************ Epoch=7 end ************
2024-09-23 04:59:14,986 P166385 INFO Train loss: 0.356380
2024-09-23 04:59:14,986 P166385 INFO Evaluation @epoch 8 - batch 171: 
2024-09-23 04:59:20,105 P166385 INFO [Metrics] AUC: 0.835121 - logloss: 0.331899
2024-09-23 04:59:20,106 P166385 INFO Save best model: monitor(max)=0.835121
2024-09-23 04:59:20,180 P166385 INFO ************ Epoch=8 end ************
2024-09-23 05:00:45,872 P166385 INFO Train loss: 0.355029
2024-09-23 05:00:45,872 P166385 INFO Evaluation @epoch 9 - batch 171: 
2024-09-23 05:00:50,783 P166385 INFO [Metrics] AUC: 0.835976 - logloss: 0.331439
2024-09-23 05:00:50,784 P166385 INFO Save best model: monitor(max)=0.835976
2024-09-23 05:00:50,869 P166385 INFO ************ Epoch=9 end ************
2024-09-23 05:02:21,278 P166385 INFO Train loss: 0.353330
2024-09-23 05:02:21,279 P166385 INFO Evaluation @epoch 10 - batch 171: 
2024-09-23 05:02:26,499 P166385 INFO [Metrics] AUC: 0.836437 - logloss: 0.331204
2024-09-23 05:02:26,499 P166385 INFO Save best model: monitor(max)=0.836437
2024-09-23 05:02:26,581 P166385 INFO ************ Epoch=10 end ************
2024-09-23 05:03:56,915 P166385 INFO Train loss: 0.352415
2024-09-23 05:03:56,916 P166385 INFO Evaluation @epoch 11 - batch 171: 
2024-09-23 05:04:02,039 P166385 INFO [Metrics] AUC: 0.838230 - logloss: 0.329668
2024-09-23 05:04:02,040 P166385 INFO Save best model: monitor(max)=0.838230
2024-09-23 05:04:02,121 P166385 INFO ************ Epoch=11 end ************
2024-09-23 05:05:31,309 P166385 INFO Train loss: 0.351273
2024-09-23 05:05:31,310 P166385 INFO Evaluation @epoch 12 - batch 171: 
2024-09-23 05:05:36,585 P166385 INFO [Metrics] AUC: 0.839616 - logloss: 0.328890
2024-09-23 05:05:36,586 P166385 INFO Save best model: monitor(max)=0.839616
2024-09-23 05:05:36,669 P166385 INFO ************ Epoch=12 end ************
2024-09-23 05:07:06,908 P166385 INFO Train loss: 0.350597
2024-09-23 05:07:06,908 P166385 INFO Evaluation @epoch 13 - batch 171: 
2024-09-23 05:07:12,201 P166385 INFO [Metrics] AUC: 0.840696 - logloss: 0.327777
2024-09-23 05:07:12,202 P166385 INFO Save best model: monitor(max)=0.840696
2024-09-23 05:07:12,291 P166385 INFO ************ Epoch=13 end ************
2024-09-23 05:08:41,317 P166385 INFO Train loss: 0.349575
2024-09-23 05:08:41,317 P166385 INFO Evaluation @epoch 14 - batch 171: 
2024-09-23 05:08:46,579 P166385 INFO [Metrics] AUC: 0.840500 - logloss: 0.327547
2024-09-23 05:08:46,579 P166385 INFO Monitor(max)=0.840500 STOP!
2024-09-23 05:08:46,580 P166385 INFO Reduce learning rate on plateau: 0.000100
2024-09-23 05:08:46,659 P166385 INFO ************ Epoch=14 end ************
2024-09-23 05:10:16,752 P166385 INFO Train loss: 0.324430
2024-09-23 05:10:16,753 P166385 INFO Evaluation @epoch 15 - batch 171: 
2024-09-23 05:10:21,938 P166385 INFO [Metrics] AUC: 0.848881 - logloss: 0.321654
2024-09-23 05:10:21,938 P166385 INFO Save best model: monitor(max)=0.848881
2024-09-23 05:10:22,039 P166385 INFO ************ Epoch=15 end ************
2024-09-23 05:11:52,371 P166385 INFO Train loss: 0.312294
2024-09-23 05:11:52,372 P166385 INFO Evaluation @epoch 16 - batch 171: 
2024-09-23 05:11:57,644 P166385 INFO [Metrics] AUC: 0.851718 - logloss: 0.319842
2024-09-23 05:11:57,645 P166385 INFO Save best model: monitor(max)=0.851718
2024-09-23 05:11:57,725 P166385 INFO ************ Epoch=16 end ************
2024-09-23 05:13:27,273 P166385 INFO Train loss: 0.306038
2024-09-23 05:13:27,273 P166385 INFO Evaluation @epoch 17 - batch 171: 
2024-09-23 05:13:32,518 P166385 INFO [Metrics] AUC: 0.852382 - logloss: 0.320025
2024-09-23 05:13:32,518 P166385 INFO Save best model: monitor(max)=0.852382
2024-09-23 05:13:32,587 P166385 INFO ************ Epoch=17 end ************
2024-09-23 05:15:01,100 P166385 INFO Train loss: 0.301777
2024-09-23 05:15:01,100 P166385 INFO Evaluation @epoch 18 - batch 171: 
2024-09-23 05:15:05,501 P166385 INFO [Metrics] AUC: 0.851861 - logloss: 0.320629
2024-09-23 05:15:05,502 P166385 INFO Monitor(max)=0.851861 STOP!
2024-09-23 05:15:05,503 P166385 INFO Reduce learning rate on plateau: 0.000010
2024-09-23 05:15:05,579 P166385 INFO ************ Epoch=18 end ************
2024-09-23 05:16:34,330 P166385 INFO Train loss: 0.290679
2024-09-23 05:16:34,331 P166385 INFO Evaluation @epoch 19 - batch 171: 
2024-09-23 05:16:38,464 P166385 INFO [Metrics] AUC: 0.851801 - logloss: 0.322312
2024-09-23 05:16:38,465 P166385 INFO Monitor(max)=0.851801 STOP!
2024-09-23 05:16:38,465 P166385 INFO Reduce learning rate on plateau: 0.000001
2024-09-23 05:16:38,465 P166385 INFO ********* Epoch=19 early stop *********
2024-09-23 05:16:38,560 P166385 INFO Training finished.
2024-09-23 05:16:38,560 P166385 INFO Load best model: /workspace/checkpoints/ML_1M_7_x1/ViTDCNv2_ML_1M_008_9d735753.model
