2024-09-23 05:56:41,317 P191811 INFO FuxiCTR version: 2.3.2
2024-09-23 05:56:41,317 P191811 INFO Params: {
    "batch_norm": "False",
    "batch_size": "4096",
    "data_format": "csv",
    "data_root": "dataset/",
    "dataset_id": "ML_1M_7_x1",
    "debug_mode": "False",
    "early_stop_patience": "2",
    "embedding_dim": "16",
    "embedding_regularizer": "0.01",
    "epochs": "100",
    "eval_steps": "None",
    "feature_cols": "[{'active': True, 'dtype': 'str', 'name': ['UserID', 'Gender', 'Age', 'Occupation', 'MovieID', 'Release'], 'type': 'categorical'}, {'active': True, 'dtype': 'str', 'encoder': 'MaskedSumPooling', 'max_len': 5, 'name': 'Genres', 'splitter': '^', 'type': 'sequence'}]",
    "feature_config": "None",
    "feature_specs": "None",
    "gpu": "0",
    "group_id": "None",
    "label_col": "{'dtype': 'float', 'name': 'Label'}",
    "layer_norm": "True",
    "learning_rate": "0.001",
    "loss": "binary_crossentropy",
    "metrics": "['logloss', 'AUC']",
    "min_categr_count": "1",
    "model": "ViTDCNv2",
    "model_id": "ViTDCNv2_ML_1M_010_09e50865",
    "model_root": "./checkpoints/",
    "monitor": "{'AUC': 1, 'logloss': 0}",
    "monitor_mode": "max",
    "net_dropout": "0.1",
    "net_regularizer": "0",
    "num_cross_layers": "2",
    "num_heads": "1",
    "num_workers": "4",
    "optimizer": "adam",
    "parallel_dnn_hidden_units": "[512, 128]",
    "pickle_feature_encoder": "True",
    "save_best_only": "True",
    "seed": "2024",
    "shuffle": "True",
    "task": "binary_classification",
    "test_data": "dataset/ML_1M/test.csv",
    "train_data": "dataset/ML_1M/train.csv",
    "use_features": "None",
    "valid_data": "dataset/ML_1M/valid.csv",
    "verbose": "1",
    "vit_hidden_dim": "64",
    "vit_num_heads": "2",
    "vit_num_layers": "1",
    "vit_patch_size": "4"
}
2024-09-23 05:56:41,319 P191811 INFO Set up feature processor...
2024-09-23 05:56:41,319 P191811 WARNING Skip rebuilding dataset/ML_1M_7_x1/feature_map.json. Please delete it manually if rebuilding is required.
2024-09-23 05:56:41,320 P191811 INFO Load feature_map from json: dataset/ML_1M_7_x1/feature_map.json
2024-09-23 05:56:41,320 P191811 INFO Set column index...
2024-09-23 05:56:41,321 P191811 INFO Feature specs: {
    "Age": "{'source': '', 'type': 'categorical', 'padding_idx': 0, 'vocab_size': 9}",
    "Gender": "{'source': '', 'type': 'categorical', 'padding_idx': 0, 'vocab_size': 4}",
    "Genres": "{'source': '', 'type': 'sequence', 'feature_encoder': 'layers.MaskedAveragePooling()', 'padding_idx': 0, 'max_len': 5, 'vocab_size': 302}",
    "MovieID": "{'source': '', 'type': 'categorical', 'padding_idx': 0, 'vocab_size': 3659}",
    "Occupation": "{'source': '', 'type': 'categorical', 'padding_idx': 0, 'vocab_size': 23}",
    "Release": "{'source': '', 'type': 'categorical', 'padding_idx': 0, 'vocab_size': 83}",
    "UserID": "{'source': '', 'type': 'categorical', 'padding_idx': 0, 'vocab_size': 6042}"
}
2024-09-23 05:56:42,748 P191811 INFO Total number of parameters: 890641.
2024-09-23 05:56:42,748 P191811 INFO Loading datasets...
2024-09-23 05:56:44,873 P191811 INFO Train samples: total/700146, blocks/1
2024-09-23 05:56:45,311 P191811 INFO Validation samples: total/200041, blocks/1
2024-09-23 05:56:45,311 P191811 INFO Loading train and validation data done.
2024-09-23 05:56:45,312 P191811 INFO Start training: 171 batches/epoch
2024-09-23 05:56:45,313 P191811 INFO ************ Epoch=1 start ************
2024-09-23 05:57:44,176 P191811 INFO Train loss: 0.414365
2024-09-23 05:57:44,177 P191811 INFO Evaluation @epoch 1 - batch 171: 
2024-09-23 05:57:47,936 P191811 INFO [Metrics] AUC: 0.799221 - logloss: 0.359288
2024-09-23 05:57:47,937 P191811 INFO Save best model: monitor(max)=0.799221
2024-09-23 05:57:47,983 P191811 INFO ************ Epoch=1 end ************
2024-09-23 05:58:44,694 P191811 INFO Train loss: 0.377259
2024-09-23 05:58:44,695 P191811 INFO Evaluation @epoch 2 - batch 171: 
2024-09-23 05:58:48,349 P191811 INFO [Metrics] AUC: 0.806168 - logloss: 0.354019
2024-09-23 05:58:48,349 P191811 INFO Save best model: monitor(max)=0.806168
2024-09-23 05:58:48,430 P191811 INFO ************ Epoch=2 end ************
2024-09-23 05:59:44,999 P191811 INFO Train loss: 0.370817
2024-09-23 05:59:45,000 P191811 INFO Evaluation @epoch 3 - batch 171: 
2024-09-23 05:59:48,491 P191811 INFO [Metrics] AUC: 0.812925 - logloss: 0.349597
2024-09-23 05:59:48,492 P191811 INFO Save best model: monitor(max)=0.812925
2024-09-23 05:59:48,578 P191811 INFO ************ Epoch=3 end ************
2024-09-23 06:00:45,107 P191811 INFO Train loss: 0.365935
2024-09-23 06:00:45,108 P191811 INFO Evaluation @epoch 4 - batch 171: 
2024-09-23 06:00:48,580 P191811 INFO [Metrics] AUC: 0.818974 - logloss: 0.344369
2024-09-23 06:00:48,581 P191811 INFO Save best model: monitor(max)=0.818974
2024-09-23 06:00:48,664 P191811 INFO ************ Epoch=4 end ************
2024-09-23 06:01:41,975 P191811 INFO Train loss: 0.362216
2024-09-23 06:01:41,975 P191811 INFO Evaluation @epoch 5 - batch 171: 
2024-09-23 06:01:45,509 P191811 INFO [Metrics] AUC: 0.823031 - logloss: 0.341507
2024-09-23 06:01:45,510 P191811 INFO Save best model: monitor(max)=0.823031
2024-09-23 06:01:45,583 P191811 INFO ************ Epoch=5 end ************
2024-09-23 06:02:42,676 P191811 INFO Train loss: 0.359031
2024-09-23 06:02:42,676 P191811 INFO Evaluation @epoch 6 - batch 171: 
2024-09-23 06:02:46,170 P191811 INFO [Metrics] AUC: 0.829967 - logloss: 0.335707
2024-09-23 06:02:46,172 P191811 INFO Save best model: monitor(max)=0.829967
2024-09-23 06:02:46,246 P191811 INFO ************ Epoch=6 end ************
2024-09-23 06:03:41,873 P191811 INFO Train loss: 0.356777
2024-09-23 06:03:41,874 P191811 INFO Evaluation @epoch 7 - batch 171: 
2024-09-23 06:03:45,345 P191811 INFO [Metrics] AUC: 0.833229 - logloss: 0.333221
2024-09-23 06:03:45,346 P191811 INFO Save best model: monitor(max)=0.833229
2024-09-23 06:03:45,420 P191811 INFO ************ Epoch=7 end ************
2024-09-23 06:04:41,818 P191811 INFO Train loss: 0.354726
2024-09-23 06:04:41,818 P191811 INFO Evaluation @epoch 8 - batch 171: 
2024-09-23 06:04:45,293 P191811 INFO [Metrics] AUC: 0.836728 - logloss: 0.330676
2024-09-23 06:04:45,294 P191811 INFO Save best model: monitor(max)=0.836728
2024-09-23 06:04:45,363 P191811 INFO ************ Epoch=8 end ************
2024-09-23 06:05:42,078 P191811 INFO Train loss: 0.352844
2024-09-23 06:05:42,079 P191811 INFO Evaluation @epoch 9 - batch 171: 
2024-09-23 06:05:45,528 P191811 INFO [Metrics] AUC: 0.836461 - logloss: 0.330870
2024-09-23 06:05:45,529 P191811 INFO Monitor(max)=0.836461 STOP!
2024-09-23 06:05:45,529 P191811 INFO Reduce learning rate on plateau: 0.000100
2024-09-23 06:05:45,623 P191811 INFO ************ Epoch=9 end ************
2024-09-23 06:06:42,724 P191811 INFO Train loss: 0.330424
2024-09-23 06:06:42,725 P191811 INFO Evaluation @epoch 10 - batch 171: 
2024-09-23 06:06:46,338 P191811 INFO [Metrics] AUC: 0.846941 - logloss: 0.322576
2024-09-23 06:06:46,338 P191811 INFO Save best model: monitor(max)=0.846941
2024-09-23 06:06:46,414 P191811 INFO ************ Epoch=10 end ************
2024-09-23 06:07:42,844 P191811 INFO Train loss: 0.318279
2024-09-23 06:07:42,845 P191811 INFO Evaluation @epoch 11 - batch 171: 
2024-09-23 06:07:46,460 P191811 INFO [Metrics] AUC: 0.850396 - logloss: 0.320343
2024-09-23 06:07:46,461 P191811 INFO Save best model: monitor(max)=0.850396
2024-09-23 06:07:46,546 P191811 INFO ************ Epoch=11 end ************
2024-09-23 06:08:42,346 P191811 INFO Train loss: 0.312329
2024-09-23 06:08:42,346 P191811 INFO Evaluation @epoch 12 - batch 171: 
2024-09-23 06:08:46,124 P191811 INFO [Metrics] AUC: 0.851669 - logloss: 0.319552
2024-09-23 06:08:46,124 P191811 INFO Save best model: monitor(max)=0.851669
2024-09-23 06:08:46,193 P191811 INFO ************ Epoch=12 end ************
2024-09-23 06:09:38,747 P191811 INFO Train loss: 0.308420
2024-09-23 06:09:38,747 P191811 INFO Evaluation @epoch 13 - batch 171: 
2024-09-23 06:09:42,365 P191811 INFO [Metrics] AUC: 0.851868 - logloss: 0.319760
2024-09-23 06:09:42,367 P191811 INFO Save best model: monitor(max)=0.851868
2024-09-23 06:09:42,457 P191811 INFO ************ Epoch=13 end ************
2024-09-23 06:10:38,403 P191811 INFO Train loss: 0.305262
2024-09-23 06:10:38,403 P191811 INFO Evaluation @epoch 14 - batch 171: 
2024-09-23 06:10:41,604 P191811 INFO [Metrics] AUC: 0.852004 - logloss: 0.319820
2024-09-23 06:10:41,605 P191811 INFO Save best model: monitor(max)=0.852004
2024-09-23 06:10:41,684 P191811 INFO ************ Epoch=14 end ************
2024-09-23 06:11:33,024 P191811 INFO Train loss: 0.302652
2024-09-23 06:11:33,024 P191811 INFO Evaluation @epoch 15 - batch 171: 
2024-09-23 06:11:36,566 P191811 INFO [Metrics] AUC: 0.852008 - logloss: 0.320258
2024-09-23 06:11:36,566 P191811 INFO Save best model: monitor(max)=0.852008
2024-09-23 06:11:36,651 P191811 INFO ************ Epoch=15 end ************
2024-09-23 06:12:32,810 P191811 INFO Train loss: 0.300253
2024-09-23 06:12:32,811 P191811 INFO Evaluation @epoch 16 - batch 171: 
2024-09-23 06:12:36,506 P191811 INFO [Metrics] AUC: 0.851289 - logloss: 0.320707
2024-09-23 06:12:36,507 P191811 INFO Monitor(max)=0.851289 STOP!
2024-09-23 06:12:36,507 P191811 INFO Reduce learning rate on plateau: 0.000010
2024-09-23 06:12:36,580 P191811 INFO ************ Epoch=16 end ************
2024-09-23 06:13:33,884 P191811 INFO Train loss: 0.289861
2024-09-23 06:13:33,885 P191811 INFO Evaluation @epoch 17 - batch 171: 
2024-09-23 06:13:37,683 P191811 INFO [Metrics] AUC: 0.851358 - logloss: 0.322403
2024-09-23 06:13:37,683 P191811 INFO Monitor(max)=0.851358 STOP!
2024-09-23 06:13:37,684 P191811 INFO Reduce learning rate on plateau: 0.000001
2024-09-23 06:13:37,684 P191811 INFO ********* Epoch=17 early stop *********
2024-09-23 06:13:37,775 P191811 INFO Training finished.
2024-09-23 06:13:37,776 P191811 INFO Load best model: /workspace/checkpoints/ML_1M_7_x1/ViTDCNv2_ML_1M_010_09e50865.model
