2024-09-23 04:07:31,289 P152295 INFO FuxiCTR version: 2.3.2
2024-09-23 04:07:31,289 P152295 INFO Params: {
    "batch_norm": "False",
    "batch_size": "4096",
    "data_format": "csv",
    "data_root": "dataset/",
    "dataset_id": "ML_1M_7_x1",
    "debug_mode": "False",
    "early_stop_patience": "2",
    "embedding_dim": "16",
    "embedding_regularizer": "0.01",
    "epochs": "100",
    "eval_steps": "None",
    "feature_cols": "[{'active': True, 'dtype': 'str', 'name': ['UserID', 'Gender', 'Age', 'Occupation', 'MovieID', 'Release'], 'type': 'categorical'}, {'active': True, 'dtype': 'str', 'encoder': 'MaskedSumPooling', 'max_len': 5, 'name': 'Genres', 'splitter': '^', 'type': 'sequence'}]",
    "feature_config": "None",
    "feature_specs": "None",
    "gpu": "0",
    "group_id": "None",
    "label_col": "{'dtype': 'float', 'name': 'Label'}",
    "layer_norm": "True",
    "learning_rate": "0.001",
    "loss": "binary_crossentropy",
    "metrics": "['logloss', 'AUC']",
    "min_categr_count": "1",
    "model": "ViTDCNv2",
    "model_id": "ViTDCNv2_ML_1M_007_bbbebd8a",
    "model_root": "./checkpoints/",
    "monitor": "{'AUC': 1, 'logloss': 0}",
    "monitor_mode": "max",
    "net_dropout": "0.1",
    "net_regularizer": "0",
    "num_cross_layers": "2",
    "num_heads": "1",
    "num_workers": "4",
    "optimizer": "adam",
    "parallel_dnn_hidden_units": "[512, 128]",
    "pickle_feature_encoder": "True",
    "save_best_only": "True",
    "seed": "2024",
    "shuffle": "True",
    "task": "binary_classification",
    "test_data": "dataset/ML_1M/test.csv",
    "train_data": "dataset/ML_1M/train.csv",
    "use_features": "None",
    "valid_data": "dataset/ML_1M/valid.csv",
    "verbose": "1",
    "vit_hidden_dim": "32",
    "vit_num_heads": "2",
    "vit_num_layers": "4",
    "vit_patch_size": "4"
}
2024-09-23 04:07:31,290 P152295 INFO Set up feature processor...
2024-09-23 04:07:31,291 P152295 WARNING Skip rebuilding dataset/ML_1M_7_x1/feature_map.json. Please delete it manually if rebuilding is required.
2024-09-23 04:07:31,291 P152295 INFO Load feature_map from json: dataset/ML_1M_7_x1/feature_map.json
2024-09-23 04:07:31,291 P152295 INFO Set column index...
2024-09-23 04:07:31,291 P152295 INFO Feature specs: {
    "Age": "{'source': '', 'type': 'categorical', 'padding_idx': 0, 'vocab_size': 9}",
    "Gender": "{'source': '', 'type': 'categorical', 'padding_idx': 0, 'vocab_size': 4}",
    "Genres": "{'source': '', 'type': 'sequence', 'feature_encoder': 'layers.MaskedAveragePooling()', 'padding_idx': 0, 'max_len': 5, 'vocab_size': 302}",
    "MovieID": "{'source': '', 'type': 'categorical', 'padding_idx': 0, 'vocab_size': 3659}",
    "Occupation": "{'source': '', 'type': 'categorical', 'padding_idx': 0, 'vocab_size': 23}",
    "Release": "{'source': '', 'type': 'categorical', 'padding_idx': 0, 'vocab_size': 83}",
    "UserID": "{'source': '', 'type': 'categorical', 'padding_idx': 0, 'vocab_size': 6042}"
}
2024-09-23 04:07:32,616 P152295 INFO Total number of parameters: 1420049.
2024-09-23 04:07:32,616 P152295 INFO Loading datasets...
2024-09-23 04:07:34,655 P152295 INFO Train samples: total/700146, blocks/1
2024-09-23 04:07:35,019 P152295 INFO Validation samples: total/200041, blocks/1
2024-09-23 04:07:35,019 P152295 INFO Loading train and validation data done.
2024-09-23 04:07:35,019 P152295 INFO Start training: 171 batches/epoch
2024-09-23 04:07:35,019 P152295 INFO ************ Epoch=1 start ************
2024-09-23 04:09:06,636 P152295 INFO Train loss: 0.415498
2024-09-23 04:09:06,636 P152295 INFO Evaluation @epoch 1 - batch 171: 
2024-09-23 04:09:11,918 P152295 INFO [Metrics] AUC: 0.801025 - logloss: 0.358699
2024-09-23 04:09:11,918 P152295 INFO Save best model: monitor(max)=0.801025
2024-09-23 04:09:11,965 P152295 INFO ************ Epoch=1 end ************
2024-09-23 04:10:41,949 P152295 INFO Train loss: 0.377287
2024-09-23 04:10:41,950 P152295 INFO Evaluation @epoch 2 - batch 171: 
2024-09-23 04:10:46,981 P152295 INFO [Metrics] AUC: 0.804903 - logloss: 0.355175
2024-09-23 04:10:46,982 P152295 INFO Save best model: monitor(max)=0.804903
2024-09-23 04:10:47,059 P152295 INFO ************ Epoch=2 end ************
2024-09-23 04:12:17,103 P152295 INFO Train loss: 0.372008
2024-09-23 04:12:17,103 P152295 INFO Evaluation @epoch 3 - batch 171: 
2024-09-23 04:12:22,188 P152295 INFO [Metrics] AUC: 0.810038 - logloss: 0.351148
2024-09-23 04:12:22,188 P152295 INFO Save best model: monitor(max)=0.810038
2024-09-23 04:12:22,265 P152295 INFO ************ Epoch=3 end ************
2024-09-23 04:13:52,018 P152295 INFO Train loss: 0.365695
2024-09-23 04:13:52,019 P152295 INFO Evaluation @epoch 4 - batch 171: 
2024-09-23 04:13:57,272 P152295 INFO [Metrics] AUC: 0.818021 - logloss: 0.345180
2024-09-23 04:13:57,272 P152295 INFO Save best model: monitor(max)=0.818021
2024-09-23 04:13:57,355 P152295 INFO ************ Epoch=4 end ************
2024-09-23 04:15:23,879 P152295 INFO Train loss: 0.361920
2024-09-23 04:15:23,879 P152295 INFO Evaluation @epoch 5 - batch 171: 
2024-09-23 04:15:29,087 P152295 INFO [Metrics] AUC: 0.824528 - logloss: 0.340539
2024-09-23 04:15:29,088 P152295 INFO Save best model: monitor(max)=0.824528
2024-09-23 04:15:29,164 P152295 INFO ************ Epoch=5 end ************
2024-09-23 04:16:58,478 P152295 INFO Train loss: 0.359387
2024-09-23 04:16:58,478 P152295 INFO Evaluation @epoch 6 - batch 171: 
2024-09-23 04:17:03,665 P152295 INFO [Metrics] AUC: 0.827730 - logloss: 0.337422
2024-09-23 04:17:03,666 P152295 INFO Save best model: monitor(max)=0.827730
2024-09-23 04:17:03,758 P152295 INFO ************ Epoch=6 end ************
2024-09-23 04:18:33,157 P152295 INFO Train loss: 0.358104
2024-09-23 04:18:33,158 P152295 INFO Evaluation @epoch 7 - batch 171: 
2024-09-23 04:18:38,403 P152295 INFO [Metrics] AUC: 0.831016 - logloss: 0.335847
2024-09-23 04:18:38,404 P152295 INFO Save best model: monitor(max)=0.831016
2024-09-23 04:18:38,485 P152295 INFO ************ Epoch=7 end ************
2024-09-23 04:20:08,309 P152295 INFO Train loss: 0.357296
2024-09-23 04:20:08,309 P152295 INFO Evaluation @epoch 8 - batch 171: 
2024-09-23 04:20:13,546 P152295 INFO [Metrics] AUC: 0.834762 - logloss: 0.332165
2024-09-23 04:20:13,547 P152295 INFO Save best model: monitor(max)=0.834762
2024-09-23 04:20:13,617 P152295 INFO ************ Epoch=8 end ************
2024-09-23 04:21:42,519 P152295 INFO Train loss: 0.355488
2024-09-23 04:21:42,519 P152295 INFO Evaluation @epoch 9 - batch 171: 
2024-09-23 04:21:47,449 P152295 INFO [Metrics] AUC: 0.835655 - logloss: 0.331697
2024-09-23 04:21:47,450 P152295 INFO Save best model: monitor(max)=0.835655
2024-09-23 04:21:47,520 P152295 INFO ************ Epoch=9 end ************
2024-09-23 04:23:17,521 P152295 INFO Train loss: 0.353602
2024-09-23 04:23:17,522 P152295 INFO Evaluation @epoch 10 - batch 171: 
2024-09-23 04:23:22,450 P152295 INFO [Metrics] AUC: 0.836174 - logloss: 0.331232
2024-09-23 04:23:22,451 P152295 INFO Save best model: monitor(max)=0.836174
2024-09-23 04:23:22,520 P152295 INFO ************ Epoch=10 end ************
2024-09-23 04:24:47,147 P152295 INFO Train loss: 0.352164
2024-09-23 04:24:47,148 P152295 INFO Evaluation @epoch 11 - batch 171: 
2024-09-23 04:24:52,060 P152295 INFO [Metrics] AUC: 0.838233 - logloss: 0.329769
2024-09-23 04:24:52,061 P152295 INFO Save best model: monitor(max)=0.838233
2024-09-23 04:24:52,139 P152295 INFO ************ Epoch=11 end ************
2024-09-23 04:26:20,903 P152295 INFO Train loss: 0.350799
2024-09-23 04:26:20,904 P152295 INFO Evaluation @epoch 12 - batch 171: 
2024-09-23 04:26:26,110 P152295 INFO [Metrics] AUC: 0.839529 - logloss: 0.328968
2024-09-23 04:26:26,111 P152295 INFO Save best model: monitor(max)=0.839529
2024-09-23 04:26:26,187 P152295 INFO ************ Epoch=12 end ************
2024-09-23 04:27:52,983 P152295 INFO Train loss: 0.349964
2024-09-23 04:27:52,983 P152295 INFO Evaluation @epoch 13 - batch 171: 
2024-09-23 04:27:57,983 P152295 INFO [Metrics] AUC: 0.840445 - logloss: 0.327912
2024-09-23 04:27:57,984 P152295 INFO Save best model: monitor(max)=0.840445
2024-09-23 04:27:58,056 P152295 INFO ************ Epoch=13 end ************
2024-09-23 04:29:26,281 P152295 INFO Train loss: 0.349174
2024-09-23 04:29:26,282 P152295 INFO Evaluation @epoch 14 - batch 171: 
2024-09-23 04:29:31,459 P152295 INFO [Metrics] AUC: 0.841021 - logloss: 0.327193
2024-09-23 04:29:31,460 P152295 INFO Save best model: monitor(max)=0.841021
2024-09-23 04:29:31,547 P152295 INFO ************ Epoch=14 end ************
2024-09-23 04:31:00,784 P152295 INFO Train loss: 0.348492
2024-09-23 04:31:00,784 P152295 INFO Evaluation @epoch 15 - batch 171: 
2024-09-23 04:31:05,948 P152295 INFO [Metrics] AUC: 0.841586 - logloss: 0.326603
2024-09-23 04:31:05,949 P152295 INFO Save best model: monitor(max)=0.841586
2024-09-23 04:31:06,028 P152295 INFO ************ Epoch=15 end ************
2024-09-23 04:32:34,523 P152295 INFO Train loss: 0.347765
2024-09-23 04:32:34,524 P152295 INFO Evaluation @epoch 16 - batch 171: 
2024-09-23 04:32:39,624 P152295 INFO [Metrics] AUC: 0.843118 - logloss: 0.325605
2024-09-23 04:32:39,625 P152295 INFO Save best model: monitor(max)=0.843118
2024-09-23 04:32:39,712 P152295 INFO ************ Epoch=16 end ************
2024-09-23 04:34:07,566 P152295 INFO Train loss: 0.346840
2024-09-23 04:34:07,567 P152295 INFO Evaluation @epoch 17 - batch 171: 
2024-09-23 04:34:12,796 P152295 INFO [Metrics] AUC: 0.843321 - logloss: 0.325420
2024-09-23 04:34:12,797 P152295 INFO Save best model: monitor(max)=0.843321
2024-09-23 04:34:12,873 P152295 INFO ************ Epoch=17 end ************
2024-09-23 04:35:42,103 P152295 INFO Train loss: 0.346832
2024-09-23 04:35:42,103 P152295 INFO Evaluation @epoch 18 - batch 171: 
2024-09-23 04:35:47,275 P152295 INFO [Metrics] AUC: 0.844312 - logloss: 0.324531
2024-09-23 04:35:47,276 P152295 INFO Save best model: monitor(max)=0.844312
2024-09-23 04:35:47,357 P152295 INFO ************ Epoch=18 end ************
2024-09-23 04:37:12,808 P152295 INFO Train loss: 0.346447
2024-09-23 04:37:12,809 P152295 INFO Evaluation @epoch 19 - batch 171: 
2024-09-23 04:37:17,769 P152295 INFO [Metrics] AUC: 0.845455 - logloss: 0.324111
2024-09-23 04:37:17,770 P152295 INFO Save best model: monitor(max)=0.845455
2024-09-23 04:37:17,854 P152295 INFO ************ Epoch=19 end ************
2024-09-23 04:38:47,336 P152295 INFO Train loss: 0.345710
2024-09-23 04:38:47,337 P152295 INFO Evaluation @epoch 20 - batch 171: 
2024-09-23 04:38:52,548 P152295 INFO [Metrics] AUC: 0.844274 - logloss: 0.324654
2024-09-23 04:38:52,548 P152295 INFO Monitor(max)=0.844274 STOP!
2024-09-23 04:38:52,549 P152295 INFO Reduce learning rate on plateau: 0.000100
2024-09-23 04:38:52,629 P152295 INFO ************ Epoch=20 end ************
2024-09-23 04:40:21,548 P152295 INFO Train loss: 0.317349
2024-09-23 04:40:21,548 P152295 INFO Evaluation @epoch 21 - batch 171: 
2024-09-23 04:40:26,752 P152295 INFO [Metrics] AUC: 0.851042 - logloss: 0.320804
2024-09-23 04:40:26,752 P152295 INFO Save best model: monitor(max)=0.851042
2024-09-23 04:40:26,833 P152295 INFO ************ Epoch=21 end ************
2024-09-23 04:41:55,419 P152295 INFO Train loss: 0.305160
2024-09-23 04:41:55,420 P152295 INFO Evaluation @epoch 22 - batch 171: 
2024-09-23 04:42:00,682 P152295 INFO [Metrics] AUC: 0.853106 - logloss: 0.320018
2024-09-23 04:42:00,683 P152295 INFO Save best model: monitor(max)=0.853106
2024-09-23 04:42:00,763 P152295 INFO ************ Epoch=22 end ************
2024-09-23 04:43:30,000 P152295 INFO Train loss: 0.298727
2024-09-23 04:43:30,001 P152295 INFO Evaluation @epoch 23 - batch 171: 
2024-09-23 04:43:35,220 P152295 INFO [Metrics] AUC: 0.853472 - logloss: 0.320761
2024-09-23 04:43:35,221 P152295 INFO Save best model: monitor(max)=0.853472
2024-09-23 04:43:35,284 P152295 INFO ************ Epoch=23 end ************
2024-09-23 04:45:00,074 P152295 INFO Train loss: 0.294264
2024-09-23 04:45:00,074 P152295 INFO Evaluation @epoch 24 - batch 171: 
2024-09-23 04:45:04,685 P152295 INFO [Metrics] AUC: 0.852864 - logloss: 0.322315
2024-09-23 04:45:04,685 P152295 INFO Monitor(max)=0.852864 STOP!
2024-09-23 04:45:04,687 P152295 INFO Reduce learning rate on plateau: 0.000010
2024-09-23 04:45:04,755 P152295 INFO ************ Epoch=24 end ************
2024-09-23 04:46:33,794 P152295 INFO Train loss: 0.281916
2024-09-23 04:46:33,795 P152295 INFO Evaluation @epoch 25 - batch 171: 
2024-09-23 04:46:39,013 P152295 INFO [Metrics] AUC: 0.852567 - logloss: 0.324402
2024-09-23 04:46:39,014 P152295 INFO Monitor(max)=0.852567 STOP!
2024-09-23 04:46:39,014 P152295 INFO Reduce learning rate on plateau: 0.000001
2024-09-23 04:46:39,014 P152295 INFO ********* Epoch=25 early stop *********
2024-09-23 04:46:39,100 P152295 INFO Training finished.
2024-09-23 04:46:39,100 P152295 INFO Load best model: /workspace/checkpoints/ML_1M_7_x1/ViTDCNv2_ML_1M_007_bbbebd8a.model
