2024-09-23 04:23:35,296 P157637 INFO FuxiCTR version: 2.3.2
2024-09-23 04:23:35,296 P157637 INFO Params: {
    "batch_norm": "True",
    "batch_size": "4096",
    "data_format": "csv",
    "data_root": "dataset/",
    "dataset_id": "ML_1M_7_x1",
    "debug_mode": "False",
    "deep_net_dropout": "0.1",
    "early_stop_patience": "2",
    "embedding_dim": "16",
    "embedding_regularizer": "0.01",
    "epochs": "100",
    "eval_steps": "None",
    "feature_cols": "[{'active': True, 'dtype': 'str', 'name': ['UserID', 'Gender', 'Age', 'Occupation', 'MovieID', 'Release'], 'type': 'categorical'}, {'active': True, 'dtype': 'str', 'encoder': 'MaskedSumPooling', 'max_len': 5, 'name': 'Genres', 'splitter': '^', 'type': 'sequence'}]",
    "feature_config": "None",
    "feature_specs": "None",
    "gpu": "0",
    "group_id": "None",
    "label_col": "{'dtype': 'float', 'name': 'Label'}",
    "layer_norm": "True",
    "learning_rate": "0.001",
    "loss": "binary_crossentropy",
    "metrics": "['logloss', 'AUC']",
    "min_categr_count": "1",
    "model": "ViTExpDCNv3",
    "model_id": "ViTExpDCNv3_ML_1M_010_a02b3f09",
    "model_root": "./checkpoints/",
    "monitor": "{'AUC': 1, 'logloss': 0}",
    "monitor_mode": "max",
    "net_regularizer": "0",
    "num_deep_cross_layers": "2",
    "num_heads": "1",
    "num_shallow_cross_layers": "2",
    "num_workers": "4",
    "optimizer": "adam",
    "pickle_feature_encoder": "True",
    "save_best_only": "True",
    "seed": "2024",
    "shallow_net_dropout": "0.1",
    "shuffle": "True",
    "task": "binary_classification",
    "test_data": "dataset/ML_1M/test.csv",
    "train_data": "dataset/ML_1M/train.csv",
    "use_features": "None",
    "valid_data": "dataset/ML_1M/valid.csv",
    "verbose": "1",
    "vit_hidden_dim": "64",
    "vit_num_heads": "2",
    "vit_num_layers": "1",
    "vit_patch_size": "4"
}
2024-09-23 04:23:35,298 P157637 INFO Set up feature processor...
2024-09-23 04:23:35,298 P157637 WARNING Skip rebuilding dataset/ML_1M_7_x1/feature_map.json. Please delete it manually if rebuilding is required.
2024-09-23 04:23:35,298 P157637 INFO Load feature_map from json: dataset/ML_1M_7_x1/feature_map.json
2024-09-23 04:23:35,298 P157637 INFO Set column index...
2024-09-23 04:23:35,298 P157637 INFO Feature specs: {
    "Age": "{'source': '', 'type': 'categorical', 'padding_idx': 0, 'vocab_size': 9}",
    "Gender": "{'source': '', 'type': 'categorical', 'padding_idx': 0, 'vocab_size': 4}",
    "Genres": "{'source': '', 'type': 'sequence', 'feature_encoder': 'layers.MaskedAveragePooling()', 'padding_idx': 0, 'max_len': 5, 'vocab_size': 302}",
    "MovieID": "{'source': '', 'type': 'categorical', 'padding_idx': 0, 'vocab_size': 3659}",
    "Occupation": "{'source': '', 'type': 'categorical', 'padding_idx': 0, 'vocab_size': 23}",
    "Release": "{'source': '', 'type': 'categorical', 'padding_idx': 0, 'vocab_size': 83}",
    "UserID": "{'source': '', 'type': 'categorical', 'padding_idx': 0, 'vocab_size': 6042}"
}
2024-09-23 04:23:36,746 P157637 INFO Total number of parameters: 760058.
2024-09-23 04:23:36,746 P157637 INFO Loading datasets...
2024-09-23 04:23:38,737 P157637 INFO Train samples: total/700146, blocks/1
2024-09-23 04:23:39,519 P157637 INFO Validation samples: total/200041, blocks/1
2024-09-23 04:23:39,520 P157637 INFO Loading train and validation data done.
2024-09-23 04:23:39,520 P157637 INFO Start training: 171 batches/epoch
2024-09-23 04:23:39,521 P157637 INFO ************ Epoch=1 start ************
2024-09-23 04:24:44,596 P157637 INFO Train loss: 0.407076
2024-09-23 04:24:44,597 P157637 INFO Evaluation @epoch 1 - batch 171: 
2024-09-23 04:24:48,696 P157637 INFO [Metrics] AUC: 0.813906 - logloss: 0.348214
2024-09-23 04:24:48,697 P157637 INFO Save best model: monitor(max)=0.813906
2024-09-23 04:24:48,750 P157637 INFO ************ Epoch=1 end ************
2024-09-23 04:25:51,854 P157637 INFO Train loss: 0.367794
2024-09-23 04:25:51,854 P157637 INFO Evaluation @epoch 2 - batch 171: 
2024-09-23 04:25:55,867 P157637 INFO [Metrics] AUC: 0.821822 - logloss: 0.341894
2024-09-23 04:25:55,868 P157637 INFO Save best model: monitor(max)=0.821822
2024-09-23 04:25:55,938 P157637 INFO ************ Epoch=2 end ************
2024-09-23 04:26:58,191 P157637 INFO Train loss: 0.363348
2024-09-23 04:26:58,192 P157637 INFO Evaluation @epoch 3 - batch 171: 
2024-09-23 04:27:02,134 P157637 INFO [Metrics] AUC: 0.828868 - logloss: 0.336851
2024-09-23 04:27:02,136 P157637 INFO Save best model: monitor(max)=0.828868
2024-09-23 04:27:02,228 P157637 INFO ************ Epoch=3 end ************
2024-09-23 04:28:02,153 P157637 INFO Train loss: 0.361162
2024-09-23 04:28:02,154 P157637 INFO Evaluation @epoch 4 - batch 171: 
2024-09-23 04:28:06,154 P157637 INFO [Metrics] AUC: 0.833539 - logloss: 0.333093
2024-09-23 04:28:06,154 P157637 INFO Save best model: monitor(max)=0.833539
2024-09-23 04:28:06,243 P157637 INFO ************ Epoch=4 end ************
2024-09-23 04:29:09,291 P157637 INFO Train loss: 0.358612
2024-09-23 04:29:09,292 P157637 INFO Evaluation @epoch 5 - batch 171: 
2024-09-23 04:29:13,241 P157637 INFO [Metrics] AUC: 0.836476 - logloss: 0.330795
2024-09-23 04:29:13,242 P157637 INFO Save best model: monitor(max)=0.836476
2024-09-23 04:29:13,331 P157637 INFO ************ Epoch=5 end ************
2024-09-23 04:30:16,365 P157637 INFO Train loss: 0.356472
2024-09-23 04:30:16,366 P157637 INFO Evaluation @epoch 6 - batch 171: 
2024-09-23 04:30:20,450 P157637 INFO [Metrics] AUC: 0.838113 - logloss: 0.329802
2024-09-23 04:30:20,451 P157637 INFO Save best model: monitor(max)=0.838113
2024-09-23 04:30:20,553 P157637 INFO ************ Epoch=6 end ************
2024-09-23 04:31:23,341 P157637 INFO Train loss: 0.354994
2024-09-23 04:31:23,342 P157637 INFO Evaluation @epoch 7 - batch 171: 
2024-09-23 04:31:27,339 P157637 INFO [Metrics] AUC: 0.839439 - logloss: 0.328792
2024-09-23 04:31:27,340 P157637 INFO Save best model: monitor(max)=0.839439
2024-09-23 04:31:27,422 P157637 INFO ************ Epoch=7 end ************
2024-09-23 04:32:30,527 P157637 INFO Train loss: 0.353741
2024-09-23 04:32:30,527 P157637 INFO Evaluation @epoch 8 - batch 171: 
2024-09-23 04:32:34,686 P157637 INFO [Metrics] AUC: 0.840992 - logloss: 0.327412
2024-09-23 04:32:34,690 P157637 INFO Save best model: monitor(max)=0.840992
2024-09-23 04:32:34,798 P157637 INFO ************ Epoch=8 end ************
2024-09-23 04:33:38,083 P157637 INFO Train loss: 0.352693
2024-09-23 04:33:38,084 P157637 INFO Evaluation @epoch 9 - batch 171: 
2024-09-23 04:33:42,334 P157637 INFO [Metrics] AUC: 0.841389 - logloss: 0.326914
2024-09-23 04:33:42,335 P157637 INFO Save best model: monitor(max)=0.841389
2024-09-23 04:33:42,410 P157637 INFO ************ Epoch=9 end ************
2024-09-23 04:34:44,544 P157637 INFO Train loss: 0.351829
2024-09-23 04:34:44,545 P157637 INFO Evaluation @epoch 10 - batch 171: 
2024-09-23 04:34:48,575 P157637 INFO [Metrics] AUC: 0.842819 - logloss: 0.326060
2024-09-23 04:34:48,576 P157637 INFO Save best model: monitor(max)=0.842819
2024-09-23 04:34:48,650 P157637 INFO ************ Epoch=10 end ************
2024-09-23 04:35:51,595 P157637 INFO Train loss: 0.350872
2024-09-23 04:35:51,595 P157637 INFO Evaluation @epoch 11 - batch 171: 
2024-09-23 04:35:55,551 P157637 INFO [Metrics] AUC: 0.843091 - logloss: 0.325837
2024-09-23 04:35:55,553 P157637 INFO Save best model: monitor(max)=0.843091
2024-09-23 04:35:55,625 P157637 INFO ************ Epoch=11 end ************
2024-09-23 04:36:55,940 P157637 INFO Train loss: 0.350586
2024-09-23 04:36:55,941 P157637 INFO Evaluation @epoch 12 - batch 171: 
2024-09-23 04:37:00,007 P157637 INFO [Metrics] AUC: 0.844347 - logloss: 0.324909
2024-09-23 04:37:00,007 P157637 INFO Save best model: monitor(max)=0.844347
2024-09-23 04:37:00,090 P157637 INFO ************ Epoch=12 end ************
2024-09-23 04:38:02,728 P157637 INFO Train loss: 0.350082
2024-09-23 04:38:02,728 P157637 INFO Evaluation @epoch 13 - batch 171: 
2024-09-23 04:38:06,575 P157637 INFO [Metrics] AUC: 0.843105 - logloss: 0.325833
2024-09-23 04:38:06,576 P157637 INFO Monitor(max)=0.843105 STOP!
2024-09-23 04:38:06,576 P157637 INFO Reduce learning rate on plateau: 0.000100
2024-09-23 04:38:06,657 P157637 INFO ************ Epoch=13 end ************
2024-09-23 04:39:09,152 P157637 INFO Train loss: 0.322506
2024-09-23 04:39:09,152 P157637 INFO Evaluation @epoch 14 - batch 171: 
2024-09-23 04:39:13,148 P157637 INFO [Metrics] AUC: 0.850936 - logloss: 0.321090
2024-09-23 04:39:13,149 P157637 INFO Save best model: monitor(max)=0.850936
2024-09-23 04:39:13,229 P157637 INFO ************ Epoch=14 end ************
2024-09-23 04:40:16,197 P157637 INFO Train loss: 0.309367
2024-09-23 04:40:16,198 P157637 INFO Evaluation @epoch 15 - batch 171: 
2024-09-23 04:40:20,347 P157637 INFO [Metrics] AUC: 0.853018 - logloss: 0.319766
2024-09-23 04:40:20,347 P157637 INFO Save best model: monitor(max)=0.853018
2024-09-23 04:40:20,419 P157637 INFO ************ Epoch=15 end ************
2024-09-23 04:41:23,352 P157637 INFO Train loss: 0.302767
2024-09-23 04:41:23,353 P157637 INFO Evaluation @epoch 16 - batch 171: 
2024-09-23 04:41:27,567 P157637 INFO [Metrics] AUC: 0.853424 - logloss: 0.320613
2024-09-23 04:41:27,568 P157637 INFO Save best model: monitor(max)=0.853424
2024-09-23 04:41:27,656 P157637 INFO ************ Epoch=16 end ************
2024-09-23 04:42:29,681 P157637 INFO Train loss: 0.298087
2024-09-23 04:42:29,682 P157637 INFO Evaluation @epoch 17 - batch 171: 
2024-09-23 04:42:33,690 P157637 INFO [Metrics] AUC: 0.853630 - logloss: 0.322144
2024-09-23 04:42:33,691 P157637 INFO Save best model: monitor(max)=0.853630
2024-09-23 04:42:33,766 P157637 INFO ************ Epoch=17 end ************
2024-09-23 04:43:36,712 P157637 INFO Train loss: 0.294658
2024-09-23 04:43:36,713 P157637 INFO Evaluation @epoch 18 - batch 171: 
2024-09-23 04:43:40,767 P157637 INFO [Metrics] AUC: 0.852644 - logloss: 0.322638
2024-09-23 04:43:40,768 P157637 INFO Monitor(max)=0.852644 STOP!
2024-09-23 04:43:40,768 P157637 INFO Reduce learning rate on plateau: 0.000010
2024-09-23 04:43:40,849 P157637 INFO ************ Epoch=18 end ************
2024-09-23 04:44:43,169 P157637 INFO Train loss: 0.281309
2024-09-23 04:44:43,170 P157637 INFO Evaluation @epoch 19 - batch 171: 
2024-09-23 04:44:47,119 P157637 INFO [Metrics] AUC: 0.851972 - logloss: 0.326770
2024-09-23 04:44:47,120 P157637 INFO Monitor(max)=0.851972 STOP!
2024-09-23 04:44:47,120 P157637 INFO Reduce learning rate on plateau: 0.000001
2024-09-23 04:44:47,120 P157637 INFO ********* Epoch=19 early stop *********
2024-09-23 04:44:47,193 P157637 INFO Training finished.
2024-09-23 04:44:47,193 P157637 INFO Load best model: /workspace/checkpoints/ML_1M_7_x1/ViTExpDCNv3_ML_1M_010_a02b3f09.model
