2024-09-23 09:52:26,447 P277080 INFO FuxiCTR version: 2.3.2
2024-09-23 09:52:26,448 P277080 INFO Params: {
    "batch_norm": "True",
    "batch_size": "4096",
    "data_format": "csv",
    "data_root": "dataset/",
    "dataset_id": "ML_1M_7_x1",
    "debug_mode": "False",
    "deep_net_dropout": "0.1",
    "early_stop_patience": "2",
    "embedding_dim": "16",
    "embedding_regularizer": "0.01",
    "epochs": "100",
    "eval_steps": "None",
    "feature_cols": "[{'active': True, 'dtype': 'str', 'name': ['UserID', 'Gender', 'Age', 'Occupation', 'MovieID', 'Release'], 'type': 'categorical'}, {'active': True, 'dtype': 'str', 'encoder': 'MaskedSumPooling', 'max_len': 5, 'name': 'Genres', 'splitter': '^', 'type': 'sequence'}]",
    "feature_config": "None",
    "feature_specs": "None",
    "gpu": "0",
    "group_id": "None",
    "label_col": "{'dtype': 'float', 'name': 'Label'}",
    "layer_norm": "True",
    "learning_rate": "0.001",
    "loss": "binary_crossentropy",
    "metrics": "['logloss', 'AUC']",
    "min_categr_count": "1",
    "model": "ViTExpDCNv3",
    "model_id": "ViTExpDCNv3_ML_1M_024_19b9399b",
    "model_root": "./checkpoints/",
    "monitor": "{'AUC': 1, 'logloss': 0}",
    "monitor_mode": "max",
    "net_regularizer": "0",
    "num_deep_cross_layers": "2",
    "num_heads": "1",
    "num_shallow_cross_layers": "2",
    "num_workers": "4",
    "optimizer": "adam",
    "pickle_feature_encoder": "True",
    "save_best_only": "True",
    "seed": "2024",
    "shallow_net_dropout": "0.1",
    "shuffle": "True",
    "task": "binary_classification",
    "test_data": "dataset/ML_1M/test.csv",
    "train_data": "dataset/ML_1M/train.csv",
    "use_features": "None",
    "valid_data": "dataset/ML_1M/valid.csv",
    "verbose": "1",
    "vit_hidden_dim": "128",
    "vit_num_heads": "8",
    "vit_num_layers": "2",
    "vit_patch_size": "4"
}
2024-09-23 09:52:26,449 P277080 INFO Set up feature processor...
2024-09-23 09:52:26,449 P277080 WARNING Skip rebuilding dataset/ML_1M_7_x1/feature_map.json. Please delete it manually if rebuilding is required.
2024-09-23 09:52:26,450 P277080 INFO Load feature_map from json: dataset/ML_1M_7_x1/feature_map.json
2024-09-23 09:52:26,450 P277080 INFO Set column index...
2024-09-23 09:52:26,450 P277080 INFO Feature specs: {
    "Age": "{'source': '', 'type': 'categorical', 'padding_idx': 0, 'vocab_size': 9}",
    "Gender": "{'source': '', 'type': 'categorical', 'padding_idx': 0, 'vocab_size': 4}",
    "Genres": "{'source': '', 'type': 'sequence', 'feature_encoder': 'layers.MaskedAveragePooling()', 'padding_idx': 0, 'max_len': 5, 'vocab_size': 302}",
    "MovieID": "{'source': '', 'type': 'categorical', 'padding_idx': 0, 'vocab_size': 3659}",
    "Occupation": "{'source': '', 'type': 'categorical', 'padding_idx': 0, 'vocab_size': 23}",
    "Release": "{'source': '', 'type': 'categorical', 'padding_idx': 0, 'vocab_size': 83}",
    "UserID": "{'source': '', 'type': 'categorical', 'padding_idx': 0, 'vocab_size': 6042}"
}
2024-09-23 09:52:27,865 P277080 INFO Total number of parameters: 2579322.
2024-09-23 09:52:27,866 P277080 INFO Loading datasets...
2024-09-23 09:52:29,943 P277080 INFO Train samples: total/700146, blocks/1
2024-09-23 09:52:30,436 P277080 INFO Validation samples: total/200041, blocks/1
2024-09-23 09:52:30,437 P277080 INFO Loading train and validation data done.
2024-09-23 09:52:30,437 P277080 INFO Start training: 171 batches/epoch
2024-09-23 09:52:30,437 P277080 INFO ************ Epoch=1 start ************
2024-09-23 09:53:46,911 P277080 INFO Train loss: 0.406543
2024-09-23 09:53:46,912 P277080 INFO Evaluation @epoch 1 - batch 171: 
2024-09-23 09:53:52,087 P277080 INFO [Metrics] AUC: 0.813603 - logloss: 0.348462
2024-09-23 09:53:52,088 P277080 INFO Save best model: monitor(max)=0.813603
2024-09-23 09:53:52,133 P277080 INFO ************ Epoch=1 end ************
2024-09-23 09:55:07,921 P277080 INFO Train loss: 0.367231
2024-09-23 09:55:07,922 P277080 INFO Evaluation @epoch 2 - batch 171: 
2024-09-23 09:55:12,463 P277080 INFO [Metrics] AUC: 0.821131 - logloss: 0.343235
2024-09-23 09:55:12,464 P277080 INFO Save best model: monitor(max)=0.821131
2024-09-23 09:55:12,549 P277080 INFO ************ Epoch=2 end ************
2024-09-23 09:56:21,790 P277080 INFO Train loss: 0.361616
2024-09-23 09:56:21,791 P277080 INFO Evaluation @epoch 3 - batch 171: 
2024-09-23 09:56:26,863 P277080 INFO [Metrics] AUC: 0.826827 - logloss: 0.339129
2024-09-23 09:56:26,863 P277080 INFO Save best model: monitor(max)=0.826827
2024-09-23 09:56:26,953 P277080 INFO ************ Epoch=3 end ************
2024-09-23 09:57:43,236 P277080 INFO Train loss: 0.359005
2024-09-23 09:57:43,237 P277080 INFO Evaluation @epoch 4 - batch 171: 
2024-09-23 09:57:48,356 P277080 INFO [Metrics] AUC: 0.831771 - logloss: 0.334767
2024-09-23 09:57:48,357 P277080 INFO Save best model: monitor(max)=0.831771
2024-09-23 09:57:48,439 P277080 INFO ************ Epoch=4 end ************
2024-09-23 09:59:00,588 P277080 INFO Train loss: 0.358209
2024-09-23 09:59:00,588 P277080 INFO Evaluation @epoch 5 - batch 171: 
2024-09-23 09:59:05,781 P277080 INFO [Metrics] AUC: 0.833620 - logloss: 0.333348
2024-09-23 09:59:05,782 P277080 INFO Save best model: monitor(max)=0.833620
2024-09-23 09:59:05,891 P277080 INFO ************ Epoch=5 end ************
2024-09-23 10:00:21,942 P277080 INFO Train loss: 0.356417
2024-09-23 10:00:21,942 P277080 INFO Evaluation @epoch 6 - batch 171: 
2024-09-23 10:00:27,408 P277080 INFO [Metrics] AUC: 0.835663 - logloss: 0.331558
2024-09-23 10:00:27,409 P277080 INFO Save best model: monitor(max)=0.835663
2024-09-23 10:00:27,492 P277080 INFO ************ Epoch=6 end ************
2024-09-23 10:01:43,762 P277080 INFO Train loss: 0.354929
2024-09-23 10:01:43,762 P277080 INFO Evaluation @epoch 7 - batch 171: 
2024-09-23 10:01:48,850 P277080 INFO [Metrics] AUC: 0.838221 - logloss: 0.329985
2024-09-23 10:01:48,851 P277080 INFO Save best model: monitor(max)=0.838221
2024-09-23 10:01:48,947 P277080 INFO ************ Epoch=7 end ************
2024-09-23 10:03:03,200 P277080 INFO Train loss: 0.353493
2024-09-23 10:03:03,200 P277080 INFO Evaluation @epoch 8 - batch 171: 
2024-09-23 10:03:08,418 P277080 INFO [Metrics] AUC: 0.839433 - logloss: 0.328780
2024-09-23 10:03:08,419 P277080 INFO Save best model: monitor(max)=0.839433
2024-09-23 10:03:08,487 P277080 INFO ************ Epoch=8 end ************
2024-09-23 10:04:24,028 P277080 INFO Train loss: 0.352797
2024-09-23 10:04:24,028 P277080 INFO Evaluation @epoch 9 - batch 171: 
2024-09-23 10:04:29,267 P277080 INFO [Metrics] AUC: 0.840636 - logloss: 0.327863
2024-09-23 10:04:29,268 P277080 INFO Save best model: monitor(max)=0.840636
2024-09-23 10:04:29,352 P277080 INFO ************ Epoch=9 end ************
2024-09-23 10:05:45,083 P277080 INFO Train loss: 0.352196
2024-09-23 10:05:45,084 P277080 INFO Evaluation @epoch 10 - batch 171: 
2024-09-23 10:05:50,120 P277080 INFO [Metrics] AUC: 0.841661 - logloss: 0.326923
2024-09-23 10:05:50,121 P277080 INFO Save best model: monitor(max)=0.841661
2024-09-23 10:05:50,205 P277080 INFO ************ Epoch=10 end ************
2024-09-23 10:07:06,726 P277080 INFO Train loss: 0.351551
2024-09-23 10:07:06,726 P277080 INFO Evaluation @epoch 11 - batch 171: 
2024-09-23 10:07:11,729 P277080 INFO [Metrics] AUC: 0.842159 - logloss: 0.326504
2024-09-23 10:07:11,730 P277080 INFO Save best model: monitor(max)=0.842159
2024-09-23 10:07:11,818 P277080 INFO ************ Epoch=11 end ************
2024-09-23 10:08:26,691 P277080 INFO Train loss: 0.350913
2024-09-23 10:08:26,692 P277080 INFO Evaluation @epoch 12 - batch 171: 
2024-09-23 10:08:31,866 P277080 INFO [Metrics] AUC: 0.843198 - logloss: 0.325899
2024-09-23 10:08:31,867 P277080 INFO Save best model: monitor(max)=0.843198
2024-09-23 10:08:31,965 P277080 INFO ************ Epoch=12 end ************
2024-09-23 10:09:48,038 P277080 INFO Train loss: 0.350570
2024-09-23 10:09:48,038 P277080 INFO Evaluation @epoch 13 - batch 171: 
2024-09-23 10:09:53,158 P277080 INFO [Metrics] AUC: 0.844100 - logloss: 0.325387
2024-09-23 10:09:53,159 P277080 INFO Save best model: monitor(max)=0.844100
2024-09-23 10:09:53,243 P277080 INFO ************ Epoch=13 end ************
2024-09-23 10:11:09,302 P277080 INFO Train loss: 0.349821
2024-09-23 10:11:09,302 P277080 INFO Evaluation @epoch 14 - batch 171: 
2024-09-23 10:11:14,402 P277080 INFO [Metrics] AUC: 0.844289 - logloss: 0.324925
2024-09-23 10:11:14,403 P277080 INFO Save best model: monitor(max)=0.844289
2024-09-23 10:11:14,482 P277080 INFO ************ Epoch=14 end ************
2024-09-23 10:12:30,699 P277080 INFO Train loss: 0.349359
2024-09-23 10:12:30,699 P277080 INFO Evaluation @epoch 15 - batch 171: 
2024-09-23 10:12:35,823 P277080 INFO [Metrics] AUC: 0.845569 - logloss: 0.323900
2024-09-23 10:12:35,824 P277080 INFO Save best model: monitor(max)=0.845569
2024-09-23 10:12:35,910 P277080 INFO ************ Epoch=15 end ************
2024-09-23 10:13:49,415 P277080 INFO Train loss: 0.348755
2024-09-23 10:13:49,415 P277080 INFO Evaluation @epoch 16 - batch 171: 
2024-09-23 10:13:54,384 P277080 INFO [Metrics] AUC: 0.844606 - logloss: 0.324410
2024-09-23 10:13:54,385 P277080 INFO Monitor(max)=0.844606 STOP!
2024-09-23 10:13:54,385 P277080 INFO Reduce learning rate on plateau: 0.000100
2024-09-23 10:13:54,475 P277080 INFO ************ Epoch=16 end ************
2024-09-23 10:15:07,302 P277080 INFO Train loss: 0.321147
2024-09-23 10:15:07,303 P277080 INFO Evaluation @epoch 17 - batch 171: 
2024-09-23 10:15:12,415 P277080 INFO [Metrics] AUC: 0.851566 - logloss: 0.320291
2024-09-23 10:15:12,416 P277080 INFO Save best model: monitor(max)=0.851566
2024-09-23 10:15:12,486 P277080 INFO ************ Epoch=17 end ************
2024-09-23 10:16:28,262 P277080 INFO Train loss: 0.308443
2024-09-23 10:16:28,263 P277080 INFO Evaluation @epoch 18 - batch 171: 
2024-09-23 10:16:33,276 P277080 INFO [Metrics] AUC: 0.853922 - logloss: 0.319409
2024-09-23 10:16:33,276 P277080 INFO Save best model: monitor(max)=0.853922
2024-09-23 10:16:33,344 P277080 INFO ************ Epoch=18 end ************
2024-09-23 10:17:49,318 P277080 INFO Train loss: 0.301295
2024-09-23 10:17:49,319 P277080 INFO Evaluation @epoch 19 - batch 171: 
2024-09-23 10:17:54,299 P277080 INFO [Metrics] AUC: 0.853960 - logloss: 0.319909
2024-09-23 10:17:54,300 P277080 INFO Save best model: monitor(max)=0.853960
2024-09-23 10:17:54,391 P277080 INFO ************ Epoch=19 end ************
2024-09-23 10:19:00,085 P277080 INFO Train loss: 0.296626
2024-09-23 10:19:00,085 P277080 INFO Evaluation @epoch 20 - batch 171: 
2024-09-23 10:19:04,141 P277080 INFO [Metrics] AUC: 0.853589 - logloss: 0.321434
2024-09-23 10:19:04,142 P277080 INFO Monitor(max)=0.853589 STOP!
2024-09-23 10:19:04,142 P277080 INFO Reduce learning rate on plateau: 0.000010
2024-09-23 10:19:04,210 P277080 INFO ************ Epoch=20 end ************
2024-09-23 10:20:05,115 P277080 INFO Train loss: 0.283870
2024-09-23 10:20:05,116 P277080 INFO Evaluation @epoch 21 - batch 171: 
2024-09-23 10:20:09,302 P277080 INFO [Metrics] AUC: 0.852972 - logloss: 0.324564
2024-09-23 10:20:09,303 P277080 INFO Monitor(max)=0.852972 STOP!
2024-09-23 10:20:09,303 P277080 INFO Reduce learning rate on plateau: 0.000001
2024-09-23 10:20:09,303 P277080 INFO ********* Epoch=21 early stop *********
2024-09-23 10:20:09,385 P277080 INFO Training finished.
2024-09-23 10:20:09,385 P277080 INFO Load best model: /workspace/checkpoints/ML_1M_7_x1/ViTExpDCNv3_ML_1M_024_19b9399b.model
