2024-09-23 01:28:18,647 P92072 INFO FuxiCTR version: 2.3.2
2024-09-23 01:28:18,647 P92072 INFO Params: {
    "batch_norm": "True",
    "batch_size": "4096",
    "data_format": "csv",
    "data_root": "dataset/",
    "dataset_id": "ML_1M_7_x1",
    "debug_mode": "False",
    "deep_net_dropout": "0.1",
    "early_stop_patience": "2",
    "embedding_dim": "16",
    "embedding_regularizer": "0.01",
    "epochs": "100",
    "eval_steps": "None",
    "feature_cols": "[{'active': True, 'dtype': 'str', 'name': ['UserID', 'Gender', 'Age', 'Occupation', 'MovieID', 'Release'], 'type': 'categorical'}, {'active': True, 'dtype': 'str', 'encoder': 'MaskedSumPooling', 'max_len': 5, 'name': 'Genres', 'splitter': '^', 'type': 'sequence'}]",
    "feature_config": "None",
    "feature_specs": "None",
    "gpu": "0",
    "group_id": "None",
    "label_col": "{'dtype': 'float', 'name': 'Label'}",
    "layer_norm": "True",
    "learning_rate": "0.001",
    "loss": "binary_crossentropy",
    "metrics": "['logloss', 'AUC']",
    "min_categr_count": "1",
    "model": "ViTExpDCNv3",
    "model_id": "ViTExpDCNv3_ML_1M_002_2253fe4d",
    "model_root": "./checkpoints/",
    "monitor": "{'AUC': 1, 'logloss': 0}",
    "monitor_mode": "max",
    "net_regularizer": "0",
    "num_deep_cross_layers": "2",
    "num_heads": "1",
    "num_shallow_cross_layers": "2",
    "num_workers": "4",
    "optimizer": "adam",
    "pickle_feature_encoder": "True",
    "save_best_only": "True",
    "seed": "2024",
    "shallow_net_dropout": "0.1",
    "shuffle": "True",
    "task": "binary_classification",
    "test_data": "dataset/ML_1M/test.csv",
    "train_data": "dataset/ML_1M/train.csv",
    "use_features": "None",
    "valid_data": "dataset/ML_1M/valid.csv",
    "verbose": "1",
    "vit_hidden_dim": "32",
    "vit_num_heads": "4",
    "vit_num_layers": "1",
    "vit_patch_size": "4"
}
2024-09-23 01:28:18,648 P92072 INFO Set up feature processor...
2024-09-23 01:28:18,648 P92072 WARNING Skip rebuilding dataset/ML_1M_7_x1/feature_map.json. Please delete it manually if rebuilding is required.
2024-09-23 01:28:18,649 P92072 INFO Load feature_map from json: dataset/ML_1M_7_x1/feature_map.json
2024-09-23 01:28:18,649 P92072 INFO Set column index...
2024-09-23 01:28:18,649 P92072 INFO Feature specs: {
    "Age": "{'source': '', 'type': 'categorical', 'padding_idx': 0, 'vocab_size': 9}",
    "Gender": "{'source': '', 'type': 'categorical', 'padding_idx': 0, 'vocab_size': 4}",
    "Genres": "{'source': '', 'type': 'sequence', 'feature_encoder': 'layers.MaskedAveragePooling()', 'padding_idx': 0, 'max_len': 5, 'vocab_size': 302}",
    "MovieID": "{'source': '', 'type': 'categorical', 'padding_idx': 0, 'vocab_size': 3659}",
    "Occupation": "{'source': '', 'type': 'categorical', 'padding_idx': 0, 'vocab_size': 23}",
    "Release": "{'source': '', 'type': 'categorical', 'padding_idx': 0, 'vocab_size': 83}",
    "UserID": "{'source': '', 'type': 'categorical', 'padding_idx': 0, 'vocab_size': 6042}"
}
2024-09-23 01:28:19,903 P92072 INFO Total number of parameters: 468026.
2024-09-23 01:28:19,903 P92072 INFO Loading datasets...
2024-09-23 01:28:21,644 P92072 INFO Train samples: total/700146, blocks/1
2024-09-23 01:28:22,297 P92072 INFO Validation samples: total/200041, blocks/1
2024-09-23 01:28:22,297 P92072 INFO Loading train and validation data done.
2024-09-23 01:28:22,298 P92072 INFO Start training: 171 batches/epoch
2024-09-23 01:28:22,298 P92072 INFO ************ Epoch=1 start ************
2024-09-23 01:28:59,761 P92072 INFO Train loss: 0.415457
2024-09-23 01:28:59,762 P92072 INFO Evaluation @epoch 1 - batch 171: 
2024-09-23 01:29:02,517 P92072 INFO [Metrics] AUC: 0.811858 - logloss: 0.350274
2024-09-23 01:29:02,518 P92072 INFO Save best model: monitor(max)=0.811858
2024-09-23 01:29:02,571 P92072 INFO ************ Epoch=1 end ************
2024-09-23 01:29:48,027 P92072 INFO Train loss: 0.369283
2024-09-23 01:29:48,027 P92072 INFO Evaluation @epoch 2 - batch 171: 
2024-09-23 01:29:51,388 P92072 INFO [Metrics] AUC: 0.820358 - logloss: 0.343577
2024-09-23 01:29:51,388 P92072 INFO Save best model: monitor(max)=0.820358
2024-09-23 01:29:51,451 P92072 INFO ************ Epoch=2 end ************
2024-09-23 01:30:41,510 P92072 INFO Train loss: 0.364013
2024-09-23 01:30:41,511 P92072 INFO Evaluation @epoch 3 - batch 171: 
2024-09-23 01:30:44,839 P92072 INFO [Metrics] AUC: 0.825994 - logloss: 0.339363
2024-09-23 01:30:44,840 P92072 INFO Save best model: monitor(max)=0.825994
2024-09-23 01:30:44,905 P92072 INFO ************ Epoch=3 end ************
2024-09-23 01:31:35,076 P92072 INFO Train loss: 0.360964
2024-09-23 01:31:35,077 P92072 INFO Evaluation @epoch 4 - batch 171: 
2024-09-23 01:31:38,304 P92072 INFO [Metrics] AUC: 0.828992 - logloss: 0.336472
2024-09-23 01:31:38,305 P92072 INFO Save best model: monitor(max)=0.828992
2024-09-23 01:31:38,370 P92072 INFO ************ Epoch=4 end ************
2024-09-23 01:32:28,533 P92072 INFO Train loss: 0.359633
2024-09-23 01:32:28,534 P92072 INFO Evaluation @epoch 5 - batch 171: 
2024-09-23 01:32:31,908 P92072 INFO [Metrics] AUC: 0.834488 - logloss: 0.332717
2024-09-23 01:32:31,909 P92072 INFO Save best model: monitor(max)=0.834488
2024-09-23 01:32:31,972 P92072 INFO ************ Epoch=5 end ************
2024-09-23 01:33:22,177 P92072 INFO Train loss: 0.357237
2024-09-23 01:33:22,177 P92072 INFO Evaluation @epoch 6 - batch 171: 
2024-09-23 01:33:25,536 P92072 INFO [Metrics] AUC: 0.836340 - logloss: 0.331070
2024-09-23 01:33:25,537 P92072 INFO Save best model: monitor(max)=0.836340
2024-09-23 01:33:25,598 P92072 INFO ************ Epoch=6 end ************
2024-09-23 01:34:15,360 P92072 INFO Train loss: 0.355537
2024-09-23 01:34:15,361 P92072 INFO Evaluation @epoch 7 - batch 171: 
2024-09-23 01:34:18,782 P92072 INFO [Metrics] AUC: 0.837604 - logloss: 0.330554
2024-09-23 01:34:18,783 P92072 INFO Save best model: monitor(max)=0.837604
2024-09-23 01:34:18,838 P92072 INFO ************ Epoch=7 end ************
2024-09-23 01:35:08,234 P92072 INFO Train loss: 0.354114
2024-09-23 01:35:08,235 P92072 INFO Evaluation @epoch 8 - batch 171: 
2024-09-23 01:35:11,595 P92072 INFO [Metrics] AUC: 0.839358 - logloss: 0.329041
2024-09-23 01:35:11,596 P92072 INFO Save best model: monitor(max)=0.839358
2024-09-23 01:35:11,662 P92072 INFO ************ Epoch=8 end ************
2024-09-23 01:36:01,870 P92072 INFO Train loss: 0.353172
2024-09-23 01:36:01,871 P92072 INFO Evaluation @epoch 9 - batch 171: 
2024-09-23 01:36:05,257 P92072 INFO [Metrics] AUC: 0.840341 - logloss: 0.327971
2024-09-23 01:36:05,258 P92072 INFO Save best model: monitor(max)=0.840341
2024-09-23 01:36:05,322 P92072 INFO ************ Epoch=9 end ************
2024-09-23 01:36:56,100 P92072 INFO Train loss: 0.352762
2024-09-23 01:36:56,100 P92072 INFO Evaluation @epoch 10 - batch 171: 
2024-09-23 01:36:59,621 P92072 INFO [Metrics] AUC: 0.841613 - logloss: 0.327241
2024-09-23 01:36:59,622 P92072 INFO Save best model: monitor(max)=0.841613
2024-09-23 01:36:59,682 P92072 INFO ************ Epoch=10 end ************
2024-09-23 01:37:44,391 P92072 INFO Train loss: 0.352064
2024-09-23 01:37:44,391 P92072 INFO Evaluation @epoch 11 - batch 171: 
2024-09-23 01:37:47,822 P92072 INFO [Metrics] AUC: 0.841474 - logloss: 0.327261
2024-09-23 01:37:47,823 P92072 INFO Monitor(max)=0.841474 STOP!
2024-09-23 01:37:47,823 P92072 INFO Reduce learning rate on plateau: 0.000100
2024-09-23 01:37:47,899 P92072 INFO ************ Epoch=11 end ************
2024-09-23 01:38:38,011 P92072 INFO Train loss: 0.326983
2024-09-23 01:38:38,011 P92072 INFO Evaluation @epoch 12 - batch 171: 
2024-09-23 01:38:41,354 P92072 INFO [Metrics] AUC: 0.849941 - logloss: 0.320301
2024-09-23 01:38:41,354 P92072 INFO Save best model: monitor(max)=0.849941
2024-09-23 01:38:41,419 P92072 INFO ************ Epoch=12 end ************
2024-09-23 01:39:29,935 P92072 INFO Train loss: 0.314781
2024-09-23 01:39:29,936 P92072 INFO Evaluation @epoch 13 - batch 171: 
2024-09-23 01:39:32,688 P92072 INFO [Metrics] AUC: 0.852740 - logloss: 0.318533
2024-09-23 01:39:32,690 P92072 INFO Save best model: monitor(max)=0.852740
2024-09-23 01:39:32,802 P92072 INFO ************ Epoch=13 end ************
2024-09-23 01:40:19,937 P92072 INFO Train loss: 0.309006
2024-09-23 01:40:19,938 P92072 INFO Evaluation @epoch 14 - batch 171: 
2024-09-23 01:40:23,131 P92072 INFO [Metrics] AUC: 0.853638 - logloss: 0.318240
2024-09-23 01:40:23,132 P92072 INFO Save best model: monitor(max)=0.853638
2024-09-23 01:40:23,191 P92072 INFO ************ Epoch=14 end ************
2024-09-23 01:41:13,266 P92072 INFO Train loss: 0.304491
2024-09-23 01:41:13,266 P92072 INFO Evaluation @epoch 15 - batch 171: 
2024-09-23 01:41:16,672 P92072 INFO [Metrics] AUC: 0.853545 - logloss: 0.318753
2024-09-23 01:41:16,673 P92072 INFO Monitor(max)=0.853545 STOP!
2024-09-23 01:41:16,673 P92072 INFO Reduce learning rate on plateau: 0.000010
2024-09-23 01:41:16,734 P92072 INFO ************ Epoch=15 end ************
2024-09-23 01:42:07,021 P92072 INFO Train loss: 0.292933
2024-09-23 01:42:07,021 P92072 INFO Evaluation @epoch 16 - batch 171: 
2024-09-23 01:42:10,361 P92072 INFO [Metrics] AUC: 0.853467 - logloss: 0.320156
2024-09-23 01:42:10,361 P92072 INFO Monitor(max)=0.853467 STOP!
2024-09-23 01:42:10,362 P92072 INFO Reduce learning rate on plateau: 0.000001
2024-09-23 01:42:10,362 P92072 INFO ********* Epoch=16 early stop *********
2024-09-23 01:42:10,423 P92072 INFO Training finished.
2024-09-23 01:42:10,423 P92072 INFO Load best model: /workspace/checkpoints/ML_1M_7_x1/ViTExpDCNv3_ML_1M_002_2253fe4d.model
