2024-09-23 03:28:14,629 P139054 INFO FuxiCTR version: 2.3.2
2024-09-23 03:28:14,630 P139054 INFO Params: {
    "batch_norm": "True",
    "batch_size": "4096",
    "data_format": "csv",
    "data_root": "dataset/",
    "dataset_id": "ML_1M_7_x1",
    "debug_mode": "False",
    "deep_net_dropout": "0.1",
    "early_stop_patience": "2",
    "embedding_dim": "16",
    "embedding_regularizer": "0.01",
    "epochs": "100",
    "eval_steps": "None",
    "feature_cols": "[{'active': True, 'dtype': 'str', 'name': ['UserID', 'Gender', 'Age', 'Occupation', 'MovieID', 'Release'], 'type': 'categorical'}, {'active': True, 'dtype': 'str', 'encoder': 'MaskedSumPooling', 'max_len': 5, 'name': 'Genres', 'splitter': '^', 'type': 'sequence'}]",
    "feature_config": "None",
    "feature_specs": "None",
    "gpu": "0",
    "group_id": "None",
    "label_col": "{'dtype': 'float', 'name': 'Label'}",
    "layer_norm": "True",
    "learning_rate": "0.001",
    "loss": "binary_crossentropy",
    "metrics": "['logloss', 'AUC']",
    "min_categr_count": "1",
    "model": "ViTExpDCNv3",
    "model_id": "ViTExpDCNv3_ML_1M_008_4b41ca3a",
    "model_root": "./checkpoints/",
    "monitor": "{'AUC': 1, 'logloss': 0}",
    "monitor_mode": "max",
    "net_regularizer": "0",
    "num_deep_cross_layers": "2",
    "num_heads": "1",
    "num_shallow_cross_layers": "2",
    "num_workers": "4",
    "optimizer": "adam",
    "pickle_feature_encoder": "True",
    "save_best_only": "True",
    "seed": "2024",
    "shallow_net_dropout": "0.1",
    "shuffle": "True",
    "task": "binary_classification",
    "test_data": "dataset/ML_1M/test.csv",
    "train_data": "dataset/ML_1M/train.csv",
    "use_features": "None",
    "valid_data": "dataset/ML_1M/valid.csv",
    "verbose": "1",
    "vit_hidden_dim": "32",
    "vit_num_heads": "4",
    "vit_num_layers": "4",
    "vit_patch_size": "4"
}
2024-09-23 03:28:14,631 P139054 INFO Set up feature processor...
2024-09-23 03:28:14,631 P139054 WARNING Skip rebuilding dataset/ML_1M_7_x1/feature_map.json. Please delete it manually if rebuilding is required.
2024-09-23 03:28:14,632 P139054 INFO Load feature_map from json: dataset/ML_1M_7_x1/feature_map.json
2024-09-23 03:28:14,632 P139054 INFO Set column index...
2024-09-23 03:28:14,632 P139054 INFO Feature specs: {
    "Age": "{'source': '', 'type': 'categorical', 'padding_idx': 0, 'vocab_size': 9}",
    "Gender": "{'source': '', 'type': 'categorical', 'padding_idx': 0, 'vocab_size': 4}",
    "Genres": "{'source': '', 'type': 'sequence', 'feature_encoder': 'layers.MaskedAveragePooling()', 'padding_idx': 0, 'max_len': 5, 'vocab_size': 302}",
    "MovieID": "{'source': '', 'type': 'categorical', 'padding_idx': 0, 'vocab_size': 3659}",
    "Occupation": "{'source': '', 'type': 'categorical', 'padding_idx': 0, 'vocab_size': 23}",
    "Release": "{'source': '', 'type': 'categorical', 'padding_idx': 0, 'vocab_size': 83}",
    "UserID": "{'source': '', 'type': 'categorical', 'padding_idx': 0, 'vocab_size': 6042}"
}
2024-09-23 03:28:15,981 P139054 INFO Total number of parameters: 1293050.
2024-09-23 03:28:15,981 P139054 INFO Loading datasets...
2024-09-23 03:28:17,832 P139054 INFO Train samples: total/700146, blocks/1
2024-09-23 03:28:18,334 P139054 INFO Validation samples: total/200041, blocks/1
2024-09-23 03:28:18,334 P139054 INFO Loading train and validation data done.
2024-09-23 03:28:18,334 P139054 INFO Start training: 171 batches/epoch
2024-09-23 03:28:18,334 P139054 INFO ************ Epoch=1 start ************
2024-09-23 03:29:56,945 P139054 INFO Train loss: 0.414389
2024-09-23 03:29:56,946 P139054 INFO Evaluation @epoch 1 - batch 171: 
2024-09-23 03:30:03,115 P139054 INFO [Metrics] AUC: 0.810757 - logloss: 0.350958
2024-09-23 03:30:03,116 P139054 INFO Save best model: monitor(max)=0.810757
2024-09-23 03:30:03,169 P139054 INFO ************ Epoch=1 end ************
2024-09-23 03:31:39,930 P139054 INFO Train loss: 0.370542
2024-09-23 03:31:39,930 P139054 INFO Evaluation @epoch 2 - batch 171: 
2024-09-23 03:31:45,738 P139054 INFO [Metrics] AUC: 0.819855 - logloss: 0.343556
2024-09-23 03:31:45,739 P139054 INFO Save best model: monitor(max)=0.819855
2024-09-23 03:31:45,905 P139054 INFO ************ Epoch=2 end ************
2024-09-23 03:33:23,182 P139054 INFO Train loss: 0.364534
2024-09-23 03:33:23,183 P139054 INFO Evaluation @epoch 3 - batch 171: 
2024-09-23 03:33:29,375 P139054 INFO [Metrics] AUC: 0.824773 - logloss: 0.339715
2024-09-23 03:33:29,376 P139054 INFO Save best model: monitor(max)=0.824773
2024-09-23 03:33:29,445 P139054 INFO ************ Epoch=3 end ************
2024-09-23 03:35:06,239 P139054 INFO Train loss: 0.361847
2024-09-23 03:35:06,239 P139054 INFO Evaluation @epoch 4 - batch 171: 
2024-09-23 03:35:12,365 P139054 INFO [Metrics] AUC: 0.831514 - logloss: 0.334404
2024-09-23 03:35:12,366 P139054 INFO Save best model: monitor(max)=0.831514
2024-09-23 03:35:12,436 P139054 INFO ************ Epoch=4 end ************
2024-09-23 03:36:49,045 P139054 INFO Train loss: 0.359313
2024-09-23 03:36:49,046 P139054 INFO Evaluation @epoch 5 - batch 171: 
2024-09-23 03:36:55,212 P139054 INFO [Metrics] AUC: 0.833650 - logloss: 0.333032
2024-09-23 03:36:55,213 P139054 INFO Save best model: monitor(max)=0.833650
2024-09-23 03:36:55,295 P139054 INFO ************ Epoch=5 end ************
2024-09-23 03:38:32,320 P139054 INFO Train loss: 0.357387
2024-09-23 03:38:32,321 P139054 INFO Evaluation @epoch 6 - batch 171: 
2024-09-23 03:38:38,630 P139054 INFO [Metrics] AUC: 0.836471 - logloss: 0.331154
2024-09-23 03:38:38,631 P139054 INFO Save best model: monitor(max)=0.836471
2024-09-23 03:38:38,727 P139054 INFO ************ Epoch=6 end ************
2024-09-23 03:40:12,238 P139054 INFO Train loss: 0.355595
2024-09-23 03:40:12,238 P139054 INFO Evaluation @epoch 7 - batch 171: 
2024-09-23 03:40:18,428 P139054 INFO [Metrics] AUC: 0.838845 - logloss: 0.329040
2024-09-23 03:40:18,428 P139054 INFO Save best model: monitor(max)=0.838845
2024-09-23 03:40:18,502 P139054 INFO ************ Epoch=7 end ************
2024-09-23 03:41:52,605 P139054 INFO Train loss: 0.353817
2024-09-23 03:41:52,606 P139054 INFO Evaluation @epoch 8 - batch 171: 
2024-09-23 03:41:58,810 P139054 INFO [Metrics] AUC: 0.839269 - logloss: 0.328901
2024-09-23 03:41:58,810 P139054 INFO Save best model: monitor(max)=0.839269
2024-09-23 03:41:58,887 P139054 INFO ************ Epoch=8 end ************
2024-09-23 03:43:36,058 P139054 INFO Train loss: 0.353264
2024-09-23 03:43:36,059 P139054 INFO Evaluation @epoch 9 - batch 171: 
2024-09-23 03:43:42,302 P139054 INFO [Metrics] AUC: 0.839763 - logloss: 0.328229
2024-09-23 03:43:42,303 P139054 INFO Save best model: monitor(max)=0.839763
2024-09-23 03:43:42,405 P139054 INFO ************ Epoch=9 end ************
2024-09-23 03:45:19,711 P139054 INFO Train loss: 0.352789
2024-09-23 03:45:19,711 P139054 INFO Evaluation @epoch 10 - batch 171: 
2024-09-23 03:45:25,872 P139054 INFO [Metrics] AUC: 0.842177 - logloss: 0.326670
2024-09-23 03:45:25,873 P139054 INFO Save best model: monitor(max)=0.842177
2024-09-23 03:45:25,961 P139054 INFO ************ Epoch=10 end ************
2024-09-23 03:47:01,301 P139054 INFO Train loss: 0.351671
2024-09-23 03:47:01,302 P139054 INFO Evaluation @epoch 11 - batch 171: 
2024-09-23 03:47:06,238 P139054 INFO [Metrics] AUC: 0.842038 - logloss: 0.326319
2024-09-23 03:47:06,239 P139054 INFO Monitor(max)=0.842038 STOP!
2024-09-23 03:47:06,239 P139054 INFO Reduce learning rate on plateau: 0.000100
2024-09-23 03:47:06,326 P139054 INFO ************ Epoch=11 end ************
2024-09-23 03:48:43,835 P139054 INFO Train loss: 0.325228
2024-09-23 03:48:43,837 P139054 INFO Evaluation @epoch 12 - batch 171: 
2024-09-23 03:48:50,052 P139054 INFO [Metrics] AUC: 0.850074 - logloss: 0.320454
2024-09-23 03:48:50,053 P139054 INFO Save best model: monitor(max)=0.850074
2024-09-23 03:48:50,146 P139054 INFO ************ Epoch=12 end ************
2024-09-23 03:50:28,223 P139054 INFO Train loss: 0.312492
2024-09-23 03:50:28,223 P139054 INFO Evaluation @epoch 13 - batch 171: 
2024-09-23 03:50:34,445 P139054 INFO [Metrics] AUC: 0.852639 - logloss: 0.319327
2024-09-23 03:50:34,446 P139054 INFO Save best model: monitor(max)=0.852639
2024-09-23 03:50:34,531 P139054 INFO ************ Epoch=13 end ************
2024-09-23 03:52:12,101 P139054 INFO Train loss: 0.305966
2024-09-23 03:52:12,102 P139054 INFO Evaluation @epoch 14 - batch 171: 
2024-09-23 03:52:18,251 P139054 INFO [Metrics] AUC: 0.853562 - logloss: 0.319081
2024-09-23 03:52:18,252 P139054 INFO Save best model: monitor(max)=0.853562
2024-09-23 03:52:18,379 P139054 INFO ************ Epoch=14 end ************
2024-09-23 03:53:56,163 P139054 INFO Train loss: 0.301480
2024-09-23 03:53:56,164 P139054 INFO Evaluation @epoch 15 - batch 171: 
2024-09-23 03:54:02,545 P139054 INFO [Metrics] AUC: 0.853246 - logloss: 0.320054
2024-09-23 03:54:02,545 P139054 INFO Monitor(max)=0.853246 STOP!
2024-09-23 03:54:02,546 P139054 INFO Reduce learning rate on plateau: 0.000010
2024-09-23 03:54:02,633 P139054 INFO ************ Epoch=15 end ************
2024-09-23 03:55:40,321 P139054 INFO Train loss: 0.289259
2024-09-23 03:55:40,321 P139054 INFO Evaluation @epoch 16 - batch 171: 
2024-09-23 03:55:46,449 P139054 INFO [Metrics] AUC: 0.852887 - logloss: 0.322071
2024-09-23 03:55:46,450 P139054 INFO Monitor(max)=0.852887 STOP!
2024-09-23 03:55:46,450 P139054 INFO Reduce learning rate on plateau: 0.000001
2024-09-23 03:55:46,450 P139054 INFO ********* Epoch=16 early stop *********
2024-09-23 03:55:46,519 P139054 INFO Training finished.
2024-09-23 03:55:46,520 P139054 INFO Load best model: /workspace/checkpoints/ML_1M_7_x1/ViTExpDCNv3_ML_1M_008_4b41ca3a.model
