2024-09-23 07:56:45,717 P236718 INFO FuxiCTR version: 2.3.2
2024-09-23 07:56:45,717 P236718 INFO Params: {
    "batch_norm": "True",
    "batch_size": "4096",
    "data_format": "csv",
    "data_root": "dataset/",
    "dataset_id": "ML_1M_7_x1",
    "debug_mode": "False",
    "deep_net_dropout": "0.1",
    "early_stop_patience": "2",
    "embedding_dim": "16",
    "embedding_regularizer": "0.01",
    "epochs": "100",
    "eval_steps": "None",
    "feature_cols": "[{'active': True, 'dtype': 'str', 'name': ['UserID', 'Gender', 'Age', 'Occupation', 'MovieID', 'Release'], 'type': 'categorical'}, {'active': True, 'dtype': 'str', 'encoder': 'MaskedSumPooling', 'max_len': 5, 'name': 'Genres', 'splitter': '^', 'type': 'sequence'}]",
    "feature_config": "None",
    "feature_specs": "None",
    "gpu": "0",
    "group_id": "None",
    "label_col": "{'dtype': 'float', 'name': 'Label'}",
    "layer_norm": "True",
    "learning_rate": "0.001",
    "loss": "binary_crossentropy",
    "metrics": "['logloss', 'AUC']",
    "min_categr_count": "1",
    "model": "ViTExpDCNv3",
    "model_id": "ViTExpDCNv3_ML_1M_019_34b62d1a",
    "model_root": "./checkpoints/",
    "monitor": "{'AUC': 1, 'logloss': 0}",
    "monitor_mode": "max",
    "net_regularizer": "0",
    "num_deep_cross_layers": "2",
    "num_heads": "1",
    "num_shallow_cross_layers": "2",
    "num_workers": "4",
    "optimizer": "adam",
    "pickle_feature_encoder": "True",
    "save_best_only": "True",
    "seed": "2024",
    "shallow_net_dropout": "0.1",
    "shuffle": "True",
    "task": "binary_classification",
    "test_data": "dataset/ML_1M/test.csv",
    "train_data": "dataset/ML_1M/train.csv",
    "use_features": "None",
    "valid_data": "dataset/ML_1M/valid.csv",
    "verbose": "1",
    "vit_hidden_dim": "128",
    "vit_num_heads": "2",
    "vit_num_layers": "1",
    "vit_patch_size": "4"
}
2024-09-23 07:56:45,718 P236718 INFO Set up feature processor...
2024-09-23 07:56:45,719 P236718 WARNING Skip rebuilding dataset/ML_1M_7_x1/feature_map.json. Please delete it manually if rebuilding is required.
2024-09-23 07:56:45,719 P236718 INFO Load feature_map from json: dataset/ML_1M_7_x1/feature_map.json
2024-09-23 07:56:45,719 P236718 INFO Set column index...
2024-09-23 07:56:45,719 P236718 INFO Feature specs: {
    "Age": "{'source': '', 'type': 'categorical', 'padding_idx': 0, 'vocab_size': 9}",
    "Gender": "{'source': '', 'type': 'categorical', 'padding_idx': 0, 'vocab_size': 4}",
    "Genres": "{'source': '', 'type': 'sequence', 'feature_encoder': 'layers.MaskedAveragePooling()', 'padding_idx': 0, 'max_len': 5, 'vocab_size': 302}",
    "MovieID": "{'source': '', 'type': 'categorical', 'padding_idx': 0, 'vocab_size': 3659}",
    "Occupation": "{'source': '', 'type': 'categorical', 'padding_idx': 0, 'vocab_size': 23}",
    "Release": "{'source': '', 'type': 'categorical', 'padding_idx': 0, 'vocab_size': 83}",
    "UserID": "{'source': '', 'type': 'categorical', 'padding_idx': 0, 'vocab_size': 6042}"
}
2024-09-23 07:56:47,206 P236718 INFO Total number of parameters: 1393274.
2024-09-23 07:56:47,206 P236718 INFO Loading datasets...
2024-09-23 07:56:49,231 P236718 INFO Train samples: total/700146, blocks/1
2024-09-23 07:56:49,799 P236718 INFO Validation samples: total/200041, blocks/1
2024-09-23 07:56:49,799 P236718 INFO Loading train and validation data done.
2024-09-23 07:56:49,800 P236718 INFO Start training: 171 batches/epoch
2024-09-23 07:56:49,800 P236718 INFO ************ Epoch=1 start ************
2024-09-23 07:57:55,401 P236718 INFO Train loss: 0.402554
2024-09-23 07:57:55,401 P236718 INFO Evaluation @epoch 1 - batch 171: 
2024-09-23 07:58:00,098 P236718 INFO [Metrics] AUC: 0.815623 - logloss: 0.347070
2024-09-23 07:58:00,098 P236718 INFO Save best model: monitor(max)=0.815623
2024-09-23 07:58:00,154 P236718 INFO ************ Epoch=1 end ************
2024-09-23 07:59:04,435 P236718 INFO Train loss: 0.366170
2024-09-23 07:59:04,435 P236718 INFO Evaluation @epoch 2 - batch 171: 
2024-09-23 07:59:08,899 P236718 INFO [Metrics] AUC: 0.824481 - logloss: 0.340091
2024-09-23 07:59:08,900 P236718 INFO Save best model: monitor(max)=0.824481
2024-09-23 07:59:09,022 P236718 INFO ************ Epoch=2 end ************
2024-09-23 08:00:13,436 P236718 INFO Train loss: 0.361093
2024-09-23 08:00:13,437 P236718 INFO Evaluation @epoch 3 - batch 171: 
2024-09-23 08:00:17,838 P236718 INFO [Metrics] AUC: 0.831902 - logloss: 0.334714
2024-09-23 08:00:17,839 P236718 INFO Save best model: monitor(max)=0.831902
2024-09-23 08:00:17,928 P236718 INFO ************ Epoch=3 end ************
2024-09-23 08:01:18,686 P236718 INFO Train loss: 0.357813
2024-09-23 08:01:18,687 P236718 INFO Evaluation @epoch 4 - batch 171: 
2024-09-23 08:01:23,262 P236718 INFO [Metrics] AUC: 0.833635 - logloss: 0.333047
2024-09-23 08:01:23,262 P236718 INFO Save best model: monitor(max)=0.833635
2024-09-23 08:01:23,333 P236718 INFO ************ Epoch=4 end ************
2024-09-23 08:02:26,385 P236718 INFO Train loss: 0.355256
2024-09-23 08:02:26,386 P236718 INFO Evaluation @epoch 5 - batch 171: 
2024-09-23 08:02:30,893 P236718 INFO [Metrics] AUC: 0.835793 - logloss: 0.331330
2024-09-23 08:02:30,894 P236718 INFO Save best model: monitor(max)=0.835793
2024-09-23 08:02:30,964 P236718 INFO ************ Epoch=5 end ************
2024-09-23 08:03:34,812 P236718 INFO Train loss: 0.353887
2024-09-23 08:03:34,812 P236718 INFO Evaluation @epoch 6 - batch 171: 
2024-09-23 08:03:39,879 P236718 INFO [Metrics] AUC: 0.837912 - logloss: 0.329744
2024-09-23 08:03:39,880 P236718 INFO Save best model: monitor(max)=0.837912
2024-09-23 08:03:39,986 P236718 INFO ************ Epoch=6 end ************
2024-09-23 08:04:44,725 P236718 INFO Train loss: 0.352661
2024-09-23 08:04:44,725 P236718 INFO Evaluation @epoch 7 - batch 171: 
2024-09-23 08:04:49,012 P236718 INFO [Metrics] AUC: 0.837767 - logloss: 0.329942
2024-09-23 08:04:49,013 P236718 INFO Monitor(max)=0.837767 STOP!
2024-09-23 08:04:49,013 P236718 INFO Reduce learning rate on plateau: 0.000100
2024-09-23 08:04:49,099 P236718 INFO ************ Epoch=7 end ************
2024-09-23 08:05:52,498 P236718 INFO Train loss: 0.329370
2024-09-23 08:05:52,499 P236718 INFO Evaluation @epoch 8 - batch 171: 
2024-09-23 08:05:57,035 P236718 INFO [Metrics] AUC: 0.846603 - logloss: 0.323907
2024-09-23 08:05:57,035 P236718 INFO Save best model: monitor(max)=0.846603
2024-09-23 08:05:57,115 P236718 INFO ************ Epoch=8 end ************
2024-09-23 08:07:00,356 P236718 INFO Train loss: 0.318499
2024-09-23 08:07:00,356 P236718 INFO Evaluation @epoch 9 - batch 171: 
2024-09-23 08:07:04,852 P236718 INFO [Metrics] AUC: 0.849870 - logloss: 0.321530
2024-09-23 08:07:04,853 P236718 INFO Save best model: monitor(max)=0.849870
2024-09-23 08:07:04,942 P236718 INFO ************ Epoch=9 end ************
2024-09-23 08:08:06,897 P236718 INFO Train loss: 0.312954
2024-09-23 08:08:06,898 P236718 INFO Evaluation @epoch 10 - batch 171: 
2024-09-23 08:08:11,571 P236718 INFO [Metrics] AUC: 0.850997 - logloss: 0.321012
2024-09-23 08:08:11,572 P236718 INFO Save best model: monitor(max)=0.850997
2024-09-23 08:08:11,676 P236718 INFO ************ Epoch=10 end ************
2024-09-23 08:09:14,974 P236718 INFO Train loss: 0.309407
2024-09-23 08:09:14,975 P236718 INFO Evaluation @epoch 11 - batch 171: 
2024-09-23 08:09:19,642 P236718 INFO [Metrics] AUC: 0.851160 - logloss: 0.321233
2024-09-23 08:09:19,643 P236718 INFO Save best model: monitor(max)=0.851160
2024-09-23 08:09:19,718 P236718 INFO ************ Epoch=11 end ************
2024-09-23 08:10:22,389 P236718 INFO Train loss: 0.306686
2024-09-23 08:10:22,389 P236718 INFO Evaluation @epoch 12 - batch 171: 
2024-09-23 08:10:26,808 P236718 INFO [Metrics] AUC: 0.851353 - logloss: 0.321607
2024-09-23 08:10:26,809 P236718 INFO Save best model: monitor(max)=0.851353
2024-09-23 08:10:26,877 P236718 INFO ************ Epoch=12 end ************
2024-09-23 08:11:31,803 P236718 INFO Train loss: 0.303636
2024-09-23 08:11:31,804 P236718 INFO Evaluation @epoch 13 - batch 171: 
2024-09-23 08:11:36,424 P236718 INFO [Metrics] AUC: 0.850592 - logloss: 0.322854
2024-09-23 08:11:36,425 P236718 INFO Monitor(max)=0.850592 STOP!
2024-09-23 08:11:36,425 P236718 INFO Reduce learning rate on plateau: 0.000010
2024-09-23 08:11:36,506 P236718 INFO ************ Epoch=13 end ************
2024-09-23 08:12:39,257 P236718 INFO Train loss: 0.293309
2024-09-23 08:12:39,257 P236718 INFO Evaluation @epoch 14 - batch 171: 
2024-09-23 08:12:43,646 P236718 INFO [Metrics] AUC: 0.850344 - logloss: 0.325761
2024-09-23 08:12:43,647 P236718 INFO Monitor(max)=0.850344 STOP!
2024-09-23 08:12:43,647 P236718 INFO Reduce learning rate on plateau: 0.000001
2024-09-23 08:12:43,647 P236718 INFO ********* Epoch=14 early stop *********
2024-09-23 08:12:43,723 P236718 INFO Training finished.
2024-09-23 08:12:43,723 P236718 INFO Load best model: /workspace/checkpoints/ML_1M_7_x1/ViTExpDCNv3_ML_1M_019_34b62d1a.model
