2024-09-23 08:55:37,136 P258052 INFO FuxiCTR version: 2.3.2
2024-09-23 08:55:37,137 P258052 INFO Params: {
    "batch_norm": "True",
    "batch_size": "4096",
    "data_format": "csv",
    "data_root": "dataset/",
    "dataset_id": "ML_1M_7_x1",
    "debug_mode": "False",
    "deep_net_dropout": "0.1",
    "early_stop_patience": "2",
    "embedding_dim": "16",
    "embedding_regularizer": "0.01",
    "epochs": "100",
    "eval_steps": "None",
    "feature_cols": "[{'active': True, 'dtype': 'str', 'name': ['UserID', 'Gender', 'Age', 'Occupation', 'MovieID', 'Release'], 'type': 'categorical'}, {'active': True, 'dtype': 'str', 'encoder': 'MaskedSumPooling', 'max_len': 5, 'name': 'Genres', 'splitter': '^', 'type': 'sequence'}]",
    "feature_config": "None",
    "feature_specs": "None",
    "gpu": "0",
    "group_id": "None",
    "label_col": "{'dtype': 'float', 'name': 'Label'}",
    "layer_norm": "True",
    "learning_rate": "0.001",
    "loss": "binary_crossentropy",
    "metrics": "['logloss', 'AUC']",
    "min_categr_count": "1",
    "model": "ViTExpDCNv3",
    "model_id": "ViTExpDCNv3_ML_1M_022_e2e2e591",
    "model_root": "./checkpoints/",
    "monitor": "{'AUC': 1, 'logloss': 0}",
    "monitor_mode": "max",
    "net_regularizer": "0",
    "num_deep_cross_layers": "2",
    "num_heads": "1",
    "num_shallow_cross_layers": "2",
    "num_workers": "4",
    "optimizer": "adam",
    "pickle_feature_encoder": "True",
    "save_best_only": "True",
    "seed": "2024",
    "shallow_net_dropout": "0.1",
    "shuffle": "True",
    "task": "binary_classification",
    "test_data": "dataset/ML_1M/test.csv",
    "train_data": "dataset/ML_1M/train.csv",
    "use_features": "None",
    "valid_data": "dataset/ML_1M/valid.csv",
    "verbose": "1",
    "vit_hidden_dim": "128",
    "vit_num_heads": "2",
    "vit_num_layers": "2",
    "vit_patch_size": "4"
}
2024-09-23 08:55:37,138 P258052 INFO Set up feature processor...
2024-09-23 08:55:37,138 P258052 WARNING Skip rebuilding dataset/ML_1M_7_x1/feature_map.json. Please delete it manually if rebuilding is required.
2024-09-23 08:55:37,138 P258052 INFO Load feature_map from json: dataset/ML_1M_7_x1/feature_map.json
2024-09-23 08:55:37,139 P258052 INFO Set column index...
2024-09-23 08:55:37,139 P258052 INFO Feature specs: {
    "Age": "{'source': '', 'type': 'categorical', 'padding_idx': 0, 'vocab_size': 9}",
    "Gender": "{'source': '', 'type': 'categorical', 'padding_idx': 0, 'vocab_size': 4}",
    "Genres": "{'source': '', 'type': 'sequence', 'feature_encoder': 'layers.MaskedAveragePooling()', 'padding_idx': 0, 'max_len': 5, 'vocab_size': 302}",
    "MovieID": "{'source': '', 'type': 'categorical', 'padding_idx': 0, 'vocab_size': 3659}",
    "Occupation": "{'source': '', 'type': 'categorical', 'padding_idx': 0, 'vocab_size': 23}",
    "Release": "{'source': '', 'type': 'categorical', 'padding_idx': 0, 'vocab_size': 83}",
    "UserID": "{'source': '', 'type': 'categorical', 'padding_idx': 0, 'vocab_size': 6042}"
}
2024-09-23 08:55:38,590 P258052 INFO Total number of parameters: 2579322.
2024-09-23 08:55:38,591 P258052 INFO Loading datasets...
2024-09-23 08:55:40,700 P258052 INFO Train samples: total/700146, blocks/1
2024-09-23 08:55:41,301 P258052 INFO Validation samples: total/200041, blocks/1
2024-09-23 08:55:41,302 P258052 INFO Loading train and validation data done.
2024-09-23 08:55:41,302 P258052 INFO Start training: 171 batches/epoch
2024-09-23 08:55:41,302 P258052 INFO ************ Epoch=1 start ************
2024-09-23 08:56:58,540 P258052 INFO Train loss: 0.401777
2024-09-23 08:56:58,542 P258052 INFO Evaluation @epoch 1 - batch 171: 
2024-09-23 08:57:03,955 P258052 INFO [Metrics] AUC: 0.814358 - logloss: 0.348238
2024-09-23 08:57:03,956 P258052 INFO Save best model: monitor(max)=0.814358
2024-09-23 08:57:04,000 P258052 INFO ************ Epoch=1 end ************
2024-09-23 08:58:20,429 P258052 INFO Train loss: 0.368153
2024-09-23 08:58:20,429 P258052 INFO Evaluation @epoch 2 - batch 171: 
2024-09-23 08:58:25,482 P258052 INFO [Metrics] AUC: 0.821571 - logloss: 0.342722
2024-09-23 08:58:25,483 P258052 INFO Save best model: monitor(max)=0.821571
2024-09-23 08:58:25,577 P258052 INFO ************ Epoch=2 end ************
2024-09-23 08:59:36,778 P258052 INFO Train loss: 0.362775
2024-09-23 08:59:36,779 P258052 INFO Evaluation @epoch 3 - batch 171: 
2024-09-23 08:59:41,744 P258052 INFO [Metrics] AUC: 0.827894 - logloss: 0.338457
2024-09-23 08:59:41,746 P258052 INFO Save best model: monitor(max)=0.827894
2024-09-23 08:59:41,821 P258052 INFO ************ Epoch=3 end ************
2024-09-23 09:00:58,138 P258052 INFO Train loss: 0.359488
2024-09-23 09:00:58,138 P258052 INFO Evaluation @epoch 4 - batch 171: 
2024-09-23 09:01:03,367 P258052 INFO [Metrics] AUC: 0.832764 - logloss: 0.333923
2024-09-23 09:01:03,368 P258052 INFO Save best model: monitor(max)=0.832764
2024-09-23 09:01:03,450 P258052 INFO ************ Epoch=4 end ************
2024-09-23 09:02:15,363 P258052 INFO Train loss: 0.357411
2024-09-23 09:02:15,364 P258052 INFO Evaluation @epoch 5 - batch 171: 
2024-09-23 09:02:20,597 P258052 INFO [Metrics] AUC: 0.835192 - logloss: 0.332198
2024-09-23 09:02:20,598 P258052 INFO Save best model: monitor(max)=0.835192
2024-09-23 09:02:20,667 P258052 INFO ************ Epoch=5 end ************
2024-09-23 09:03:34,560 P258052 INFO Train loss: 0.355171
2024-09-23 09:03:34,560 P258052 INFO Evaluation @epoch 6 - batch 171: 
2024-09-23 09:03:39,923 P258052 INFO [Metrics] AUC: 0.836693 - logloss: 0.330687
2024-09-23 09:03:39,924 P258052 INFO Save best model: monitor(max)=0.836693
2024-09-23 09:03:40,045 P258052 INFO ************ Epoch=6 end ************
2024-09-23 09:04:51,023 P258052 INFO Train loss: 0.353513
2024-09-23 09:04:51,023 P258052 INFO Evaluation @epoch 7 - batch 171: 
2024-09-23 09:04:55,253 P258052 INFO [Metrics] AUC: 0.839382 - logloss: 0.329309
2024-09-23 09:04:55,254 P258052 INFO Save best model: monitor(max)=0.839382
2024-09-23 09:04:55,338 P258052 INFO ************ Epoch=7 end ************
2024-09-23 09:06:10,736 P258052 INFO Train loss: 0.352193
2024-09-23 09:06:10,737 P258052 INFO Evaluation @epoch 8 - batch 171: 
2024-09-23 09:06:15,777 P258052 INFO [Metrics] AUC: 0.840932 - logloss: 0.327709
2024-09-23 09:06:15,778 P258052 INFO Save best model: monitor(max)=0.840932
2024-09-23 09:06:15,851 P258052 INFO ************ Epoch=8 end ************
2024-09-23 09:07:31,809 P258052 INFO Train loss: 0.351505
2024-09-23 09:07:31,809 P258052 INFO Evaluation @epoch 9 - batch 171: 
2024-09-23 09:07:37,019 P258052 INFO [Metrics] AUC: 0.842161 - logloss: 0.326630
2024-09-23 09:07:37,019 P258052 INFO Save best model: monitor(max)=0.842161
2024-09-23 09:07:37,101 P258052 INFO ************ Epoch=9 end ************
2024-09-23 09:08:53,558 P258052 INFO Train loss: 0.351004
2024-09-23 09:08:53,559 P258052 INFO Evaluation @epoch 10 - batch 171: 
2024-09-23 09:08:58,724 P258052 INFO [Metrics] AUC: 0.842758 - logloss: 0.326032
2024-09-23 09:08:58,725 P258052 INFO Save best model: monitor(max)=0.842758
2024-09-23 09:08:58,795 P258052 INFO ************ Epoch=10 end ************
2024-09-23 09:10:14,561 P258052 INFO Train loss: 0.350580
2024-09-23 09:10:14,562 P258052 INFO Evaluation @epoch 11 - batch 171: 
2024-09-23 09:10:19,786 P258052 INFO [Metrics] AUC: 0.843238 - logloss: 0.325499
2024-09-23 09:10:19,787 P258052 INFO Save best model: monitor(max)=0.843238
2024-09-23 09:10:19,869 P258052 INFO ************ Epoch=11 end ************
2024-09-23 09:11:36,878 P258052 INFO Train loss: 0.349992
2024-09-23 09:11:36,879 P258052 INFO Evaluation @epoch 12 - batch 171: 
2024-09-23 09:11:42,051 P258052 INFO [Metrics] AUC: 0.844045 - logloss: 0.325097
2024-09-23 09:11:42,052 P258052 INFO Save best model: monitor(max)=0.844045
2024-09-23 09:11:42,135 P258052 INFO ************ Epoch=12 end ************
2024-09-23 09:12:58,613 P258052 INFO Train loss: 0.349752
2024-09-23 09:12:58,613 P258052 INFO Evaluation @epoch 13 - batch 171: 
2024-09-23 09:13:03,506 P258052 INFO [Metrics] AUC: 0.844706 - logloss: 0.324940
2024-09-23 09:13:03,507 P258052 INFO Save best model: monitor(max)=0.844706
2024-09-23 09:13:03,596 P258052 INFO ************ Epoch=13 end ************
2024-09-23 09:14:20,038 P258052 INFO Train loss: 0.348842
2024-09-23 09:14:20,039 P258052 INFO Evaluation @epoch 14 - batch 171: 
2024-09-23 09:14:25,199 P258052 INFO [Metrics] AUC: 0.845462 - logloss: 0.323935
2024-09-23 09:14:25,200 P258052 INFO Save best model: monitor(max)=0.845462
2024-09-23 09:14:25,277 P258052 INFO ************ Epoch=14 end ************
2024-09-23 09:15:41,405 P258052 INFO Train loss: 0.348398
2024-09-23 09:15:41,406 P258052 INFO Evaluation @epoch 15 - batch 171: 
2024-09-23 09:15:46,583 P258052 INFO [Metrics] AUC: 0.845906 - logloss: 0.323736
2024-09-23 09:15:46,583 P258052 INFO Save best model: monitor(max)=0.845906
2024-09-23 09:15:46,677 P258052 INFO ************ Epoch=15 end ************
2024-09-23 09:17:03,075 P258052 INFO Train loss: 0.348045
2024-09-23 09:17:03,075 P258052 INFO Evaluation @epoch 16 - batch 171: 
2024-09-23 09:17:08,279 P258052 INFO [Metrics] AUC: 0.845095 - logloss: 0.324026
2024-09-23 09:17:08,280 P258052 INFO Monitor(max)=0.845095 STOP!
2024-09-23 09:17:08,280 P258052 INFO Reduce learning rate on plateau: 0.000100
2024-09-23 09:17:08,348 P258052 INFO ************ Epoch=16 end ************
2024-09-23 09:18:25,201 P258052 INFO Train loss: 0.319844
2024-09-23 09:18:25,201 P258052 INFO Evaluation @epoch 17 - batch 171: 
2024-09-23 09:18:30,246 P258052 INFO [Metrics] AUC: 0.851993 - logloss: 0.319737
2024-09-23 09:18:30,247 P258052 INFO Save best model: monitor(max)=0.851993
2024-09-23 09:18:30,321 P258052 INFO ************ Epoch=17 end ************
2024-09-23 09:19:47,436 P258052 INFO Train loss: 0.307486
2024-09-23 09:19:47,437 P258052 INFO Evaluation @epoch 18 - batch 171: 
2024-09-23 09:19:52,648 P258052 INFO [Metrics] AUC: 0.853937 - logloss: 0.319188
2024-09-23 09:19:52,649 P258052 INFO Save best model: monitor(max)=0.853937
2024-09-23 09:19:52,719 P258052 INFO ************ Epoch=18 end ************
2024-09-23 09:21:08,638 P258052 INFO Train loss: 0.300974
2024-09-23 09:21:08,639 P258052 INFO Evaluation @epoch 19 - batch 171: 
2024-09-23 09:21:13,978 P258052 INFO [Metrics] AUC: 0.854386 - logloss: 0.319234
2024-09-23 09:21:13,979 P258052 INFO Save best model: monitor(max)=0.854386
2024-09-23 09:21:14,050 P258052 INFO ************ Epoch=19 end ************
2024-09-23 09:22:27,404 P258052 INFO Train loss: 0.296326
2024-09-23 09:22:27,405 P258052 INFO Evaluation @epoch 20 - batch 171: 
2024-09-23 09:22:32,935 P258052 INFO [Metrics] AUC: 0.853886 - logloss: 0.321113
2024-09-23 09:22:32,936 P258052 INFO Monitor(max)=0.853886 STOP!
2024-09-23 09:22:32,936 P258052 INFO Reduce learning rate on plateau: 0.000010
2024-09-23 09:22:33,010 P258052 INFO ************ Epoch=20 end ************
2024-09-23 09:23:49,148 P258052 INFO Train loss: 0.284075
2024-09-23 09:23:49,149 P258052 INFO Evaluation @epoch 21 - batch 171: 
2024-09-23 09:23:54,197 P258052 INFO [Metrics] AUC: 0.853596 - logloss: 0.323116
2024-09-23 09:23:54,198 P258052 INFO Monitor(max)=0.853596 STOP!
2024-09-23 09:23:54,198 P258052 INFO Reduce learning rate on plateau: 0.000001
2024-09-23 09:23:54,198 P258052 INFO ********* Epoch=21 early stop *********
2024-09-23 09:23:54,282 P258052 INFO Training finished.
2024-09-23 09:23:54,282 P258052 INFO Load best model: /workspace/checkpoints/ML_1M_7_x1/ViTExpDCNv3_ML_1M_022_e2e2e591.model
