2024-09-23 05:00:40,960 P171613 INFO FuxiCTR version: 2.3.2
2024-09-23 05:00:40,961 P171613 INFO Params: {
    "batch_norm": "True",
    "batch_size": "4096",
    "data_format": "csv",
    "data_root": "dataset/",
    "dataset_id": "ML_1M_7_x1",
    "debug_mode": "False",
    "deep_net_dropout": "0.1",
    "early_stop_patience": "2",
    "embedding_dim": "16",
    "embedding_regularizer": "0.01",
    "epochs": "100",
    "eval_steps": "None",
    "feature_cols": "[{'active': True, 'dtype': 'str', 'name': ['UserID', 'Gender', 'Age', 'Occupation', 'MovieID', 'Release'], 'type': 'categorical'}, {'active': True, 'dtype': 'str', 'encoder': 'MaskedSumPooling', 'max_len': 5, 'name': 'Genres', 'splitter': '^', 'type': 'sequence'}]",
    "feature_config": "None",
    "feature_specs": "None",
    "gpu": "0",
    "group_id": "None",
    "label_col": "{'dtype': 'float', 'name': 'Label'}",
    "layer_norm": "True",
    "learning_rate": "0.001",
    "loss": "binary_crossentropy",
    "metrics": "['logloss', 'AUC']",
    "min_categr_count": "1",
    "model": "ViTExpDCNv3",
    "model_id": "ViTExpDCNv3_ML_1M_012_3bc30e05",
    "model_root": "./checkpoints/",
    "monitor": "{'AUC': 1, 'logloss': 0}",
    "monitor_mode": "max",
    "net_regularizer": "0",
    "num_deep_cross_layers": "2",
    "num_heads": "1",
    "num_shallow_cross_layers": "2",
    "num_workers": "4",
    "optimizer": "adam",
    "pickle_feature_encoder": "True",
    "save_best_only": "True",
    "seed": "2024",
    "shallow_net_dropout": "0.1",
    "shuffle": "True",
    "task": "binary_classification",
    "test_data": "dataset/ML_1M/test.csv",
    "train_data": "dataset/ML_1M/train.csv",
    "use_features": "None",
    "valid_data": "dataset/ML_1M/valid.csv",
    "verbose": "1",
    "vit_hidden_dim": "64",
    "vit_num_heads": "8",
    "vit_num_layers": "1",
    "vit_patch_size": "4"
}
2024-09-23 05:00:40,962 P171613 INFO Set up feature processor...
2024-09-23 05:00:40,962 P171613 WARNING Skip rebuilding dataset/ML_1M_7_x1/feature_map.json. Please delete it manually if rebuilding is required.
2024-09-23 05:00:40,963 P171613 INFO Load feature_map from json: dataset/ML_1M_7_x1/feature_map.json
2024-09-23 05:00:40,963 P171613 INFO Set column index...
2024-09-23 05:00:40,963 P171613 INFO Feature specs: {
    "Age": "{'source': '', 'type': 'categorical', 'padding_idx': 0, 'vocab_size': 9}",
    "Gender": "{'source': '', 'type': 'categorical', 'padding_idx': 0, 'vocab_size': 4}",
    "Genres": "{'source': '', 'type': 'sequence', 'feature_encoder': 'layers.MaskedAveragePooling()', 'padding_idx': 0, 'max_len': 5, 'vocab_size': 302}",
    "MovieID": "{'source': '', 'type': 'categorical', 'padding_idx': 0, 'vocab_size': 3659}",
    "Occupation": "{'source': '', 'type': 'categorical', 'padding_idx': 0, 'vocab_size': 23}",
    "Release": "{'source': '', 'type': 'categorical', 'padding_idx': 0, 'vocab_size': 83}",
    "UserID": "{'source': '', 'type': 'categorical', 'padding_idx': 0, 'vocab_size': 6042}"
}
2024-09-23 05:00:42,469 P171613 INFO Total number of parameters: 760058.
2024-09-23 05:00:42,470 P171613 INFO Loading datasets...
2024-09-23 05:00:44,650 P171613 INFO Train samples: total/700146, blocks/1
2024-09-23 05:00:45,245 P171613 INFO Validation samples: total/200041, blocks/1
2024-09-23 05:00:45,245 P171613 INFO Loading train and validation data done.
2024-09-23 05:00:45,245 P171613 INFO Start training: 171 batches/epoch
2024-09-23 05:00:45,245 P171613 INFO ************ Epoch=1 start ************
2024-09-23 05:01:50,983 P171613 INFO Train loss: 0.406117
2024-09-23 05:01:50,984 P171613 INFO Evaluation @epoch 1 - batch 171: 
2024-09-23 05:01:54,960 P171613 INFO [Metrics] AUC: 0.814117 - logloss: 0.347871
2024-09-23 05:01:54,961 P171613 INFO Save best model: monitor(max)=0.814117
2024-09-23 05:01:55,023 P171613 INFO ************ Epoch=1 end ************
2024-09-23 05:02:58,240 P171613 INFO Train loss: 0.368180
2024-09-23 05:02:58,240 P171613 INFO Evaluation @epoch 2 - batch 171: 
2024-09-23 05:03:02,162 P171613 INFO [Metrics] AUC: 0.821816 - logloss: 0.342114
2024-09-23 05:03:02,162 P171613 INFO Save best model: monitor(max)=0.821816
2024-09-23 05:03:02,241 P171613 INFO ************ Epoch=2 end ************
2024-09-23 05:04:06,161 P171613 INFO Train loss: 0.363248
2024-09-23 05:04:06,162 P171613 INFO Evaluation @epoch 3 - batch 171: 
2024-09-23 05:04:10,283 P171613 INFO [Metrics] AUC: 0.827339 - logloss: 0.338128
2024-09-23 05:04:10,284 P171613 INFO Save best model: monitor(max)=0.827339
2024-09-23 05:04:10,352 P171613 INFO ************ Epoch=3 end ************
2024-09-23 05:05:13,081 P171613 INFO Train loss: 0.360717
2024-09-23 05:05:13,082 P171613 INFO Evaluation @epoch 4 - batch 171: 
2024-09-23 05:05:17,123 P171613 INFO [Metrics] AUC: 0.831298 - logloss: 0.335049
2024-09-23 05:05:17,124 P171613 INFO Save best model: monitor(max)=0.831298
2024-09-23 05:05:17,207 P171613 INFO ************ Epoch=4 end ************
2024-09-23 05:06:20,938 P171613 INFO Train loss: 0.358917
2024-09-23 05:06:20,939 P171613 INFO Evaluation @epoch 5 - batch 171: 
2024-09-23 05:06:24,998 P171613 INFO [Metrics] AUC: 0.835060 - logloss: 0.332277
2024-09-23 05:06:24,999 P171613 INFO Save best model: monitor(max)=0.835060
2024-09-23 05:06:25,081 P171613 INFO ************ Epoch=5 end ************
2024-09-23 05:07:28,265 P171613 INFO Train loss: 0.356670
2024-09-23 05:07:28,266 P171613 INFO Evaluation @epoch 6 - batch 171: 
2024-09-23 05:07:32,236 P171613 INFO [Metrics] AUC: 0.837459 - logloss: 0.330251
2024-09-23 05:07:32,237 P171613 INFO Save best model: monitor(max)=0.837459
2024-09-23 05:07:32,320 P171613 INFO ************ Epoch=6 end ************
2024-09-23 05:08:36,528 P171613 INFO Train loss: 0.355345
2024-09-23 05:08:36,529 P171613 INFO Evaluation @epoch 7 - batch 171: 
2024-09-23 05:08:40,533 P171613 INFO [Metrics] AUC: 0.838192 - logloss: 0.329793
2024-09-23 05:08:40,534 P171613 INFO Save best model: monitor(max)=0.838192
2024-09-23 05:08:40,611 P171613 INFO ************ Epoch=7 end ************
2024-09-23 05:09:44,081 P171613 INFO Train loss: 0.354062
2024-09-23 05:09:44,082 P171613 INFO Evaluation @epoch 8 - batch 171: 
2024-09-23 05:09:47,979 P171613 INFO [Metrics] AUC: 0.839643 - logloss: 0.328421
2024-09-23 05:09:47,980 P171613 INFO Save best model: monitor(max)=0.839643
2024-09-23 05:09:48,059 P171613 INFO ************ Epoch=8 end ************
2024-09-23 05:10:51,478 P171613 INFO Train loss: 0.353004
2024-09-23 05:10:51,479 P171613 INFO Evaluation @epoch 9 - batch 171: 
2024-09-23 05:10:55,394 P171613 INFO [Metrics] AUC: 0.840314 - logloss: 0.327885
2024-09-23 05:10:55,395 P171613 INFO Save best model: monitor(max)=0.840314
2024-09-23 05:10:55,462 P171613 INFO ************ Epoch=9 end ************
2024-09-23 05:11:58,824 P171613 INFO Train loss: 0.352114
2024-09-23 05:11:58,824 P171613 INFO Evaluation @epoch 10 - batch 171: 
2024-09-23 05:12:02,627 P171613 INFO [Metrics] AUC: 0.841076 - logloss: 0.327357
2024-09-23 05:12:02,628 P171613 INFO Save best model: monitor(max)=0.841076
2024-09-23 05:12:02,713 P171613 INFO ************ Epoch=10 end ************
2024-09-23 05:13:06,358 P171613 INFO Train loss: 0.351452
2024-09-23 05:13:06,358 P171613 INFO Evaluation @epoch 11 - batch 171: 
2024-09-23 05:13:10,264 P171613 INFO [Metrics] AUC: 0.841837 - logloss: 0.327025
2024-09-23 05:13:10,264 P171613 INFO Save best model: monitor(max)=0.841837
2024-09-23 05:13:10,350 P171613 INFO ************ Epoch=11 end ************
2024-09-23 05:14:14,029 P171613 INFO Train loss: 0.351119
2024-09-23 05:14:14,030 P171613 INFO Evaluation @epoch 12 - batch 171: 
2024-09-23 05:14:17,878 P171613 INFO [Metrics] AUC: 0.842859 - logloss: 0.326283
2024-09-23 05:14:17,879 P171613 INFO Save best model: monitor(max)=0.842859
2024-09-23 05:14:17,959 P171613 INFO ************ Epoch=12 end ************
2024-09-23 05:15:18,466 P171613 INFO Train loss: 0.350575
2024-09-23 05:15:18,467 P171613 INFO Evaluation @epoch 13 - batch 171: 
2024-09-23 05:15:22,360 P171613 INFO [Metrics] AUC: 0.842499 - logloss: 0.326666
2024-09-23 05:15:22,360 P171613 INFO Monitor(max)=0.842499 STOP!
2024-09-23 05:15:22,361 P171613 INFO Reduce learning rate on plateau: 0.000100
2024-09-23 05:15:22,440 P171613 INFO ************ Epoch=13 end ************
2024-09-23 05:16:26,674 P171613 INFO Train loss: 0.324731
2024-09-23 05:16:26,675 P171613 INFO Evaluation @epoch 14 - batch 171: 
2024-09-23 05:16:30,111 P171613 INFO [Metrics] AUC: 0.850427 - logloss: 0.321013
2024-09-23 05:16:30,112 P171613 INFO Save best model: monitor(max)=0.850427
2024-09-23 05:16:30,186 P171613 INFO ************ Epoch=14 end ************
2024-09-23 05:17:26,587 P171613 INFO Train loss: 0.312678
2024-09-23 05:17:26,587 P171613 INFO Evaluation @epoch 15 - batch 171: 
2024-09-23 05:17:30,835 P171613 INFO [Metrics] AUC: 0.852799 - logloss: 0.319116
2024-09-23 05:17:30,836 P171613 INFO Save best model: monitor(max)=0.852799
2024-09-23 05:17:30,910 P171613 INFO ************ Epoch=15 end ************
2024-09-23 05:18:34,962 P171613 INFO Train loss: 0.306618
2024-09-23 05:18:34,963 P171613 INFO Evaluation @epoch 16 - batch 171: 
2024-09-23 05:18:39,055 P171613 INFO [Metrics] AUC: 0.853512 - logloss: 0.319359
2024-09-23 05:18:39,056 P171613 INFO Save best model: monitor(max)=0.853512
2024-09-23 05:18:39,138 P171613 INFO ************ Epoch=16 end ************
2024-09-23 05:19:43,530 P171613 INFO Train loss: 0.302448
2024-09-23 05:19:43,531 P171613 INFO Evaluation @epoch 17 - batch 171: 
2024-09-23 05:19:47,494 P171613 INFO [Metrics] AUC: 0.853732 - logloss: 0.320552
2024-09-23 05:19:47,495 P171613 INFO Save best model: monitor(max)=0.853732
2024-09-23 05:19:47,568 P171613 INFO ************ Epoch=17 end ************
2024-09-23 05:20:51,614 P171613 INFO Train loss: 0.299007
2024-09-23 05:20:51,615 P171613 INFO Evaluation @epoch 18 - batch 171: 
2024-09-23 05:20:55,825 P171613 INFO [Metrics] AUC: 0.853159 - logloss: 0.321011
2024-09-23 05:20:55,825 P171613 INFO Monitor(max)=0.853159 STOP!
2024-09-23 05:20:55,825 P171613 INFO Reduce learning rate on plateau: 0.000010
2024-09-23 05:20:55,899 P171613 INFO ************ Epoch=18 end ************
2024-09-23 05:22:00,350 P171613 INFO Train loss: 0.287061
2024-09-23 05:22:00,350 P171613 INFO Evaluation @epoch 19 - batch 171: 
2024-09-23 05:22:04,533 P171613 INFO [Metrics] AUC: 0.853197 - logloss: 0.322838
2024-09-23 05:22:04,534 P171613 INFO Monitor(max)=0.853197 STOP!
2024-09-23 05:22:04,534 P171613 INFO Reduce learning rate on plateau: 0.000001
2024-09-23 05:22:04,534 P171613 INFO ********* Epoch=19 early stop *********
2024-09-23 05:22:04,604 P171613 INFO Training finished.
2024-09-23 05:22:04,605 P171613 INFO Load best model: /workspace/checkpoints/ML_1M_7_x1/ViTExpDCNv3_ML_1M_012_3bc30e05.model
