2024-09-23 08:12:52,831 P242756 INFO FuxiCTR version: 2.3.2
2024-09-23 08:12:52,832 P242756 INFO Params: {
    "batch_norm": "True",
    "batch_size": "4096",
    "data_format": "csv",
    "data_root": "dataset/",
    "dataset_id": "ML_1M_7_x1",
    "debug_mode": "False",
    "deep_net_dropout": "0.1",
    "early_stop_patience": "2",
    "embedding_dim": "16",
    "embedding_regularizer": "0.01",
    "epochs": "100",
    "eval_steps": "None",
    "feature_cols": "[{'active': True, 'dtype': 'str', 'name': ['UserID', 'Gender', 'Age', 'Occupation', 'MovieID', 'Release'], 'type': 'categorical'}, {'active': True, 'dtype': 'str', 'encoder': 'MaskedSumPooling', 'max_len': 5, 'name': 'Genres', 'splitter': '^', 'type': 'sequence'}]",
    "feature_config": "None",
    "feature_specs": "None",
    "gpu": "0",
    "group_id": "None",
    "label_col": "{'dtype': 'float', 'name': 'Label'}",
    "layer_norm": "True",
    "learning_rate": "0.001",
    "loss": "binary_crossentropy",
    "metrics": "['logloss', 'AUC']",
    "min_categr_count": "1",
    "model": "ViTExpDCNv3",
    "model_id": "ViTExpDCNv3_ML_1M_020_190c1bf7",
    "model_root": "./checkpoints/",
    "monitor": "{'AUC': 1, 'logloss': 0}",
    "monitor_mode": "max",
    "net_regularizer": "0",
    "num_deep_cross_layers": "2",
    "num_heads": "1",
    "num_shallow_cross_layers": "2",
    "num_workers": "4",
    "optimizer": "adam",
    "pickle_feature_encoder": "True",
    "save_best_only": "True",
    "seed": "2024",
    "shallow_net_dropout": "0.1",
    "shuffle": "True",
    "task": "binary_classification",
    "test_data": "dataset/ML_1M/test.csv",
    "train_data": "dataset/ML_1M/train.csv",
    "use_features": "None",
    "valid_data": "dataset/ML_1M/valid.csv",
    "verbose": "1",
    "vit_hidden_dim": "128",
    "vit_num_heads": "4",
    "vit_num_layers": "1",
    "vit_patch_size": "4"
}
2024-09-23 08:12:52,833 P242756 INFO Set up feature processor...
2024-09-23 08:12:52,833 P242756 WARNING Skip rebuilding dataset/ML_1M_7_x1/feature_map.json. Please delete it manually if rebuilding is required.
2024-09-23 08:12:52,833 P242756 INFO Load feature_map from json: dataset/ML_1M_7_x1/feature_map.json
2024-09-23 08:12:52,834 P242756 INFO Set column index...
2024-09-23 08:12:52,834 P242756 INFO Feature specs: {
    "Age": "{'source': '', 'type': 'categorical', 'padding_idx': 0, 'vocab_size': 9}",
    "Gender": "{'source': '', 'type': 'categorical', 'padding_idx': 0, 'vocab_size': 4}",
    "Genres": "{'source': '', 'type': 'sequence', 'feature_encoder': 'layers.MaskedAveragePooling()', 'padding_idx': 0, 'max_len': 5, 'vocab_size': 302}",
    "MovieID": "{'source': '', 'type': 'categorical', 'padding_idx': 0, 'vocab_size': 3659}",
    "Occupation": "{'source': '', 'type': 'categorical', 'padding_idx': 0, 'vocab_size': 23}",
    "Release": "{'source': '', 'type': 'categorical', 'padding_idx': 0, 'vocab_size': 83}",
    "UserID": "{'source': '', 'type': 'categorical', 'padding_idx': 0, 'vocab_size': 6042}"
}
2024-09-23 08:12:54,217 P242756 INFO Total number of parameters: 1393274.
2024-09-23 08:12:54,217 P242756 INFO Loading datasets...
2024-09-23 08:12:56,079 P242756 INFO Train samples: total/700146, blocks/1
2024-09-23 08:12:56,699 P242756 INFO Validation samples: total/200041, blocks/1
2024-09-23 08:12:56,699 P242756 INFO Loading train and validation data done.
2024-09-23 08:12:56,700 P242756 INFO Start training: 171 batches/epoch
2024-09-23 08:12:56,700 P242756 INFO ************ Epoch=1 start ************
2024-09-23 08:14:02,545 P242756 INFO Train loss: 0.401675
2024-09-23 08:14:02,546 P242756 INFO Evaluation @epoch 1 - batch 171: 
2024-09-23 08:14:06,976 P242756 INFO [Metrics] AUC: 0.816310 - logloss: 0.347299
2024-09-23 08:14:06,977 P242756 INFO Save best model: monitor(max)=0.816310
2024-09-23 08:14:07,031 P242756 INFO ************ Epoch=1 end ************
2024-09-23 08:15:10,729 P242756 INFO Train loss: 0.365317
2024-09-23 08:15:10,729 P242756 INFO Evaluation @epoch 2 - batch 171: 
2024-09-23 08:15:15,109 P242756 INFO [Metrics] AUC: 0.823861 - logloss: 0.340891
2024-09-23 08:15:15,110 P242756 INFO Save best model: monitor(max)=0.823861
2024-09-23 08:15:15,192 P242756 INFO ************ Epoch=2 end ************
2024-09-23 08:16:19,534 P242756 INFO Train loss: 0.360623
2024-09-23 08:16:19,534 P242756 INFO Evaluation @epoch 3 - batch 171: 
2024-09-23 08:16:23,908 P242756 INFO [Metrics] AUC: 0.830202 - logloss: 0.335751
2024-09-23 08:16:23,909 P242756 INFO Save best model: monitor(max)=0.830202
2024-09-23 08:16:23,984 P242756 INFO ************ Epoch=3 end ************
2024-09-23 08:17:24,126 P242756 INFO Train loss: 0.358423
2024-09-23 08:17:24,126 P242756 INFO Evaluation @epoch 4 - batch 171: 
2024-09-23 08:17:28,642 P242756 INFO [Metrics] AUC: 0.833175 - logloss: 0.333559
2024-09-23 08:17:28,643 P242756 INFO Save best model: monitor(max)=0.833175
2024-09-23 08:17:28,752 P242756 INFO ************ Epoch=4 end ************
2024-09-23 08:18:32,863 P242756 INFO Train loss: 0.357090
2024-09-23 08:18:32,864 P242756 INFO Evaluation @epoch 5 - batch 171: 
2024-09-23 08:18:37,292 P242756 INFO [Metrics] AUC: 0.835734 - logloss: 0.331611
2024-09-23 08:18:37,293 P242756 INFO Save best model: monitor(max)=0.835734
2024-09-23 08:18:37,375 P242756 INFO ************ Epoch=5 end ************
2024-09-23 08:19:41,845 P242756 INFO Train loss: 0.355303
2024-09-23 08:19:41,846 P242756 INFO Evaluation @epoch 6 - batch 171: 
2024-09-23 08:19:46,561 P242756 INFO [Metrics] AUC: 0.837568 - logloss: 0.330088
2024-09-23 08:19:46,562 P242756 INFO Save best model: monitor(max)=0.837568
2024-09-23 08:19:46,641 P242756 INFO ************ Epoch=6 end ************
2024-09-23 08:20:50,965 P242756 INFO Train loss: 0.353882
2024-09-23 08:20:50,966 P242756 INFO Evaluation @epoch 7 - batch 171: 
2024-09-23 08:20:55,302 P242756 INFO [Metrics] AUC: 0.838261 - logloss: 0.329407
2024-09-23 08:20:55,303 P242756 INFO Save best model: monitor(max)=0.838261
2024-09-23 08:20:55,389 P242756 INFO ************ Epoch=7 end ************
2024-09-23 08:22:00,206 P242756 INFO Train loss: 0.352865
2024-09-23 08:22:00,206 P242756 INFO Evaluation @epoch 8 - batch 171: 
2024-09-23 08:22:04,559 P242756 INFO [Metrics] AUC: 0.838628 - logloss: 0.329394
2024-09-23 08:22:04,559 P242756 INFO Save best model: monitor(max)=0.838628
2024-09-23 08:22:04,632 P242756 INFO ************ Epoch=8 end ************
2024-09-23 08:23:07,936 P242756 INFO Train loss: 0.352474
2024-09-23 08:23:07,937 P242756 INFO Evaluation @epoch 9 - batch 171: 
2024-09-23 08:23:12,637 P242756 INFO [Metrics] AUC: 0.840419 - logloss: 0.328028
2024-09-23 08:23:12,638 P242756 INFO Save best model: monitor(max)=0.840419
2024-09-23 08:23:12,721 P242756 INFO ************ Epoch=9 end ************
2024-09-23 08:24:15,096 P242756 INFO Train loss: 0.351940
2024-09-23 08:24:15,100 P242756 INFO Evaluation @epoch 10 - batch 171: 
2024-09-23 08:24:19,089 P242756 INFO [Metrics] AUC: 0.841222 - logloss: 0.327208
2024-09-23 08:24:19,090 P242756 INFO Save best model: monitor(max)=0.841222
2024-09-23 08:24:19,212 P242756 INFO ************ Epoch=10 end ************
2024-09-23 08:25:21,919 P242756 INFO Train loss: 0.351102
2024-09-23 08:25:21,919 P242756 INFO Evaluation @epoch 11 - batch 171: 
2024-09-23 08:25:26,508 P242756 INFO [Metrics] AUC: 0.842379 - logloss: 0.326422
2024-09-23 08:25:26,509 P242756 INFO Save best model: monitor(max)=0.842379
2024-09-23 08:25:26,582 P242756 INFO ************ Epoch=11 end ************
2024-09-23 08:26:27,969 P242756 INFO Train loss: 0.350687
2024-09-23 08:26:27,970 P242756 INFO Evaluation @epoch 12 - batch 171: 
2024-09-23 08:26:32,426 P242756 INFO [Metrics] AUC: 0.842925 - logloss: 0.325691
2024-09-23 08:26:32,427 P242756 INFO Save best model: monitor(max)=0.842925
2024-09-23 08:26:32,502 P242756 INFO ************ Epoch=12 end ************
2024-09-23 08:27:36,379 P242756 INFO Train loss: 0.350252
2024-09-23 08:27:36,380 P242756 INFO Evaluation @epoch 13 - batch 171: 
2024-09-23 08:27:41,149 P242756 INFO [Metrics] AUC: 0.842795 - logloss: 0.325966
2024-09-23 08:27:41,151 P242756 INFO Monitor(max)=0.842795 STOP!
2024-09-23 08:27:41,151 P242756 INFO Reduce learning rate on plateau: 0.000100
2024-09-23 08:27:41,232 P242756 INFO ************ Epoch=13 end ************
2024-09-23 08:28:42,793 P242756 INFO Train loss: 0.324232
2024-09-23 08:28:42,794 P242756 INFO Evaluation @epoch 14 - batch 171: 
2024-09-23 08:28:47,305 P242756 INFO [Metrics] AUC: 0.850935 - logloss: 0.320555
2024-09-23 08:28:47,305 P242756 INFO Save best model: monitor(max)=0.850935
2024-09-23 08:28:47,384 P242756 INFO ************ Epoch=14 end ************
2024-09-23 08:29:51,783 P242756 INFO Train loss: 0.312055
2024-09-23 08:29:51,784 P242756 INFO Evaluation @epoch 15 - batch 171: 
2024-09-23 08:29:56,400 P242756 INFO [Metrics] AUC: 0.853648 - logloss: 0.318369
2024-09-23 08:29:56,401 P242756 INFO Save best model: monitor(max)=0.853648
2024-09-23 08:29:56,471 P242756 INFO ************ Epoch=15 end ************
2024-09-23 08:31:01,176 P242756 INFO Train loss: 0.305697
2024-09-23 08:31:01,177 P242756 INFO Evaluation @epoch 16 - batch 171: 
2024-09-23 08:31:05,788 P242756 INFO [Metrics] AUC: 0.854370 - logloss: 0.318322
2024-09-23 08:31:05,789 P242756 INFO Save best model: monitor(max)=0.854370
2024-09-23 08:31:05,898 P242756 INFO ************ Epoch=16 end ************
2024-09-23 08:32:10,718 P242756 INFO Train loss: 0.301116
2024-09-23 08:32:10,718 P242756 INFO Evaluation @epoch 17 - batch 171: 
2024-09-23 08:32:15,263 P242756 INFO [Metrics] AUC: 0.854216 - logloss: 0.319972
2024-09-23 08:32:15,264 P242756 INFO Monitor(max)=0.854216 STOP!
2024-09-23 08:32:15,264 P242756 INFO Reduce learning rate on plateau: 0.000010
2024-09-23 08:32:15,331 P242756 INFO ************ Epoch=17 end ************
2024-09-23 08:33:20,266 P242756 INFO Train loss: 0.288623
2024-09-23 08:33:20,267 P242756 INFO Evaluation @epoch 18 - batch 171: 
2024-09-23 08:33:25,071 P242756 INFO [Metrics] AUC: 0.853849 - logloss: 0.321951
2024-09-23 08:33:25,071 P242756 INFO Monitor(max)=0.853849 STOP!
2024-09-23 08:33:25,072 P242756 INFO Reduce learning rate on plateau: 0.000001
2024-09-23 08:33:25,072 P242756 INFO ********* Epoch=18 early stop *********
2024-09-23 08:33:25,152 P242756 INFO Training finished.
2024-09-23 08:33:25,152 P242756 INFO Load best model: /workspace/checkpoints/ML_1M_7_x1/ViTExpDCNv3_ML_1M_020_190c1bf7.model
