2024-09-23 05:22:12,248 P179613 INFO FuxiCTR version: 2.3.2
2024-09-23 05:22:12,248 P179613 INFO Params: {
    "batch_norm": "True",
    "batch_size": "4096",
    "data_format": "csv",
    "data_root": "dataset/",
    "dataset_id": "ML_1M_7_x1",
    "debug_mode": "False",
    "deep_net_dropout": "0.1",
    "early_stop_patience": "2",
    "embedding_dim": "16",
    "embedding_regularizer": "0.01",
    "epochs": "100",
    "eval_steps": "None",
    "feature_cols": "[{'active': True, 'dtype': 'str', 'name': ['UserID', 'Gender', 'Age', 'Occupation', 'MovieID', 'Release'], 'type': 'categorical'}, {'active': True, 'dtype': 'str', 'encoder': 'MaskedSumPooling', 'max_len': 5, 'name': 'Genres', 'splitter': '^', 'type': 'sequence'}]",
    "feature_config": "None",
    "feature_specs": "None",
    "gpu": "0",
    "group_id": "None",
    "label_col": "{'dtype': 'float', 'name': 'Label'}",
    "layer_norm": "True",
    "learning_rate": "0.001",
    "loss": "binary_crossentropy",
    "metrics": "['logloss', 'AUC']",
    "min_categr_count": "1",
    "model": "ViTExpDCNv3",
    "model_id": "ViTExpDCNv3_ML_1M_013_9765a5f6",
    "model_root": "./checkpoints/",
    "monitor": "{'AUC': 1, 'logloss': 0}",
    "monitor_mode": "max",
    "net_regularizer": "0",
    "num_deep_cross_layers": "2",
    "num_heads": "1",
    "num_shallow_cross_layers": "2",
    "num_workers": "4",
    "optimizer": "adam",
    "pickle_feature_encoder": "True",
    "save_best_only": "True",
    "seed": "2024",
    "shallow_net_dropout": "0.1",
    "shuffle": "True",
    "task": "binary_classification",
    "test_data": "dataset/ML_1M/test.csv",
    "train_data": "dataset/ML_1M/train.csv",
    "use_features": "None",
    "valid_data": "dataset/ML_1M/valid.csv",
    "verbose": "1",
    "vit_hidden_dim": "64",
    "vit_num_heads": "2",
    "vit_num_layers": "2",
    "vit_patch_size": "4"
}
2024-09-23 05:22:12,249 P179613 INFO Set up feature processor...
2024-09-23 05:22:12,250 P179613 WARNING Skip rebuilding dataset/ML_1M_7_x1/feature_map.json. Please delete it manually if rebuilding is required.
2024-09-23 05:22:12,250 P179613 INFO Load feature_map from json: dataset/ML_1M_7_x1/feature_map.json
2024-09-23 05:22:12,250 P179613 INFO Set column index...
2024-09-23 05:22:12,250 P179613 INFO Feature specs: {
    "Age": "{'source': '', 'type': 'categorical', 'padding_idx': 0, 'vocab_size': 9}",
    "Gender": "{'source': '', 'type': 'categorical', 'padding_idx': 0, 'vocab_size': 4}",
    "Genres": "{'source': '', 'type': 'sequence', 'feature_encoder': 'layers.MaskedAveragePooling()', 'padding_idx': 0, 'max_len': 5, 'vocab_size': 302}",
    "MovieID": "{'source': '', 'type': 'categorical', 'padding_idx': 0, 'vocab_size': 3659}",
    "Occupation": "{'source': '', 'type': 'categorical', 'padding_idx': 0, 'vocab_size': 23}",
    "Release": "{'source': '', 'type': 'categorical', 'padding_idx': 0, 'vocab_size': 83}",
    "UserID": "{'source': '', 'type': 'categorical', 'padding_idx': 0, 'vocab_size': 6042}"
}
2024-09-23 05:22:13,649 P179613 INFO Total number of parameters: 1322362.
2024-09-23 05:22:13,649 P179613 INFO Loading datasets...
2024-09-23 05:22:15,616 P179613 INFO Train samples: total/700146, blocks/1
2024-09-23 05:22:16,211 P179613 INFO Validation samples: total/200041, blocks/1
2024-09-23 05:22:16,211 P179613 INFO Loading train and validation data done.
2024-09-23 05:22:16,212 P179613 INFO Start training: 171 batches/epoch
2024-09-23 05:22:16,212 P179613 INFO ************ Epoch=1 start ************
2024-09-23 05:23:32,889 P179613 INFO Train loss: 0.404923
2024-09-23 05:23:32,889 P179613 INFO Evaluation @epoch 1 - batch 171: 
2024-09-23 05:23:37,616 P179613 INFO [Metrics] AUC: 0.813102 - logloss: 0.348852
2024-09-23 05:23:37,617 P179613 INFO Save best model: monitor(max)=0.813102
2024-09-23 05:23:37,667 P179613 INFO ************ Epoch=1 end ************
2024-09-23 05:24:52,640 P179613 INFO Train loss: 0.367939
2024-09-23 05:24:52,640 P179613 INFO Evaluation @epoch 2 - batch 171: 
2024-09-23 05:24:57,338 P179613 INFO [Metrics] AUC: 0.823422 - logloss: 0.340647
2024-09-23 05:24:57,339 P179613 INFO Save best model: monitor(max)=0.823422
2024-09-23 05:24:57,417 P179613 INFO ************ Epoch=2 end ************
2024-09-23 05:26:12,556 P179613 INFO Train loss: 0.362441
2024-09-23 05:26:12,556 P179613 INFO Evaluation @epoch 3 - batch 171: 
2024-09-23 05:26:17,276 P179613 INFO [Metrics] AUC: 0.827453 - logloss: 0.337435
2024-09-23 05:26:17,276 P179613 INFO Save best model: monitor(max)=0.827453
2024-09-23 05:26:17,369 P179613 INFO ************ Epoch=3 end ************
2024-09-23 05:27:32,778 P179613 INFO Train loss: 0.359187
2024-09-23 05:27:32,779 P179613 INFO Evaluation @epoch 4 - batch 171: 
2024-09-23 05:27:37,508 P179613 INFO [Metrics] AUC: 0.833850 - logloss: 0.333460
2024-09-23 05:27:37,509 P179613 INFO Save best model: monitor(max)=0.833850
2024-09-23 05:27:37,587 P179613 INFO ************ Epoch=4 end ************
2024-09-23 05:28:52,346 P179613 INFO Train loss: 0.357104
2024-09-23 05:28:52,347 P179613 INFO Evaluation @epoch 5 - batch 171: 
2024-09-23 05:28:57,161 P179613 INFO [Metrics] AUC: 0.835894 - logloss: 0.331867
2024-09-23 05:28:57,162 P179613 INFO Save best model: monitor(max)=0.835894
2024-09-23 05:28:57,241 P179613 INFO ************ Epoch=5 end ************
2024-09-23 05:30:12,443 P179613 INFO Train loss: 0.355099
2024-09-23 05:30:12,444 P179613 INFO Evaluation @epoch 6 - batch 171: 
2024-09-23 05:30:17,168 P179613 INFO [Metrics] AUC: 0.838851 - logloss: 0.329063
2024-09-23 05:30:17,169 P179613 INFO Save best model: monitor(max)=0.838851
2024-09-23 05:30:17,252 P179613 INFO ************ Epoch=6 end ************
2024-09-23 05:31:32,394 P179613 INFO Train loss: 0.353093
2024-09-23 05:31:32,394 P179613 INFO Evaluation @epoch 7 - batch 171: 
2024-09-23 05:31:37,057 P179613 INFO [Metrics] AUC: 0.840171 - logloss: 0.328081
2024-09-23 05:31:37,058 P179613 INFO Save best model: monitor(max)=0.840171
2024-09-23 05:31:37,130 P179613 INFO ************ Epoch=7 end ************
2024-09-23 05:32:49,278 P179613 INFO Train loss: 0.351935
2024-09-23 05:32:49,279 P179613 INFO Evaluation @epoch 8 - batch 171: 
2024-09-23 05:32:54,127 P179613 INFO [Metrics] AUC: 0.840565 - logloss: 0.327739
2024-09-23 05:32:54,128 P179613 INFO Save best model: monitor(max)=0.840565
2024-09-23 05:32:54,209 P179613 INFO ************ Epoch=8 end ************
2024-09-23 05:34:09,682 P179613 INFO Train loss: 0.351132
2024-09-23 05:34:09,682 P179613 INFO Evaluation @epoch 9 - batch 171: 
2024-09-23 05:34:14,424 P179613 INFO [Metrics] AUC: 0.841426 - logloss: 0.327040
2024-09-23 05:34:14,424 P179613 INFO Save best model: monitor(max)=0.841426
2024-09-23 05:34:14,511 P179613 INFO ************ Epoch=9 end ************
2024-09-23 05:35:29,407 P179613 INFO Train loss: 0.350562
2024-09-23 05:35:29,408 P179613 INFO Evaluation @epoch 10 - batch 171: 
2024-09-23 05:35:34,121 P179613 INFO [Metrics] AUC: 0.841705 - logloss: 0.326628
2024-09-23 05:35:34,122 P179613 INFO Save best model: monitor(max)=0.841705
2024-09-23 05:35:34,197 P179613 INFO ************ Epoch=10 end ************
2024-09-23 05:36:49,019 P179613 INFO Train loss: 0.350570
2024-09-23 05:36:49,019 P179613 INFO Evaluation @epoch 11 - batch 171: 
2024-09-23 05:36:53,798 P179613 INFO [Metrics] AUC: 0.842432 - logloss: 0.326250
2024-09-23 05:36:53,799 P179613 INFO Save best model: monitor(max)=0.842432
2024-09-23 05:36:53,892 P179613 INFO ************ Epoch=11 end ************
2024-09-23 05:38:09,244 P179613 INFO Train loss: 0.349619
2024-09-23 05:38:09,245 P179613 INFO Evaluation @epoch 12 - batch 171: 
2024-09-23 05:38:14,078 P179613 INFO [Metrics] AUC: 0.843023 - logloss: 0.325916
2024-09-23 05:38:14,078 P179613 INFO Save best model: monitor(max)=0.843023
2024-09-23 05:38:14,158 P179613 INFO ************ Epoch=12 end ************
2024-09-23 05:39:24,103 P179613 INFO Train loss: 0.349213
2024-09-23 05:39:24,104 P179613 INFO Evaluation @epoch 13 - batch 171: 
2024-09-23 05:39:28,816 P179613 INFO [Metrics] AUC: 0.843006 - logloss: 0.325941
2024-09-23 05:39:28,817 P179613 INFO Monitor(max)=0.843006 STOP!
2024-09-23 05:39:28,817 P179613 INFO Reduce learning rate on plateau: 0.000100
2024-09-23 05:39:28,890 P179613 INFO ************ Epoch=13 end ************
2024-09-23 05:40:40,349 P179613 INFO Train loss: 0.323718
2024-09-23 05:40:40,350 P179613 INFO Evaluation @epoch 14 - batch 171: 
2024-09-23 05:40:44,468 P179613 INFO [Metrics] AUC: 0.850032 - logloss: 0.321215
2024-09-23 05:40:44,470 P179613 INFO Save best model: monitor(max)=0.850032
2024-09-23 05:40:44,572 P179613 INFO ************ Epoch=14 end ************
2024-09-23 05:41:59,740 P179613 INFO Train loss: 0.311897
2024-09-23 05:41:59,741 P179613 INFO Evaluation @epoch 15 - batch 171: 
2024-09-23 05:42:04,627 P179613 INFO [Metrics] AUC: 0.852444 - logloss: 0.319684
2024-09-23 05:42:04,627 P179613 INFO Save best model: monitor(max)=0.852444
2024-09-23 05:42:04,701 P179613 INFO ************ Epoch=15 end ************
2024-09-23 05:43:19,459 P179613 INFO Train loss: 0.306020
2024-09-23 05:43:19,459 P179613 INFO Evaluation @epoch 16 - batch 171: 
2024-09-23 05:43:24,209 P179613 INFO [Metrics] AUC: 0.853262 - logloss: 0.319946
2024-09-23 05:43:24,210 P179613 INFO Save best model: monitor(max)=0.853262
2024-09-23 05:43:24,288 P179613 INFO ************ Epoch=16 end ************
2024-09-23 05:44:39,113 P179613 INFO Train loss: 0.301637
2024-09-23 05:44:39,113 P179613 INFO Evaluation @epoch 17 - batch 171: 
2024-09-23 05:44:43,326 P179613 INFO [Metrics] AUC: 0.853187 - logloss: 0.320835
2024-09-23 05:44:43,326 P179613 INFO Monitor(max)=0.853187 STOP!
2024-09-23 05:44:43,327 P179613 INFO Reduce learning rate on plateau: 0.000010
2024-09-23 05:44:43,404 P179613 INFO ************ Epoch=17 end ************
2024-09-23 05:45:58,667 P179613 INFO Train loss: 0.290043
2024-09-23 05:45:58,668 P179613 INFO Evaluation @epoch 18 - batch 171: 
2024-09-23 05:46:03,208 P179613 INFO [Metrics] AUC: 0.852466 - logloss: 0.323502
2024-09-23 05:46:03,209 P179613 INFO Monitor(max)=0.852466 STOP!
2024-09-23 05:46:03,210 P179613 INFO Reduce learning rate on plateau: 0.000001
2024-09-23 05:46:03,210 P179613 INFO ********* Epoch=18 early stop *********
2024-09-23 05:46:03,313 P179613 INFO Training finished.
2024-09-23 05:46:03,313 P179613 INFO Load best model: /workspace/checkpoints/ML_1M_7_x1/ViTExpDCNv3_ML_1M_013_9765a5f6.model
