2024-09-23 06:36:49,591 P208313 INFO FuxiCTR version: 2.3.2
2024-09-23 06:36:49,591 P208313 INFO Params: {
    "batch_norm": "True",
    "batch_size": "4096",
    "data_format": "csv",
    "data_root": "dataset/",
    "dataset_id": "ML_1M_7_x1",
    "debug_mode": "False",
    "deep_net_dropout": "0.1",
    "early_stop_patience": "2",
    "embedding_dim": "16",
    "embedding_regularizer": "0.01",
    "epochs": "100",
    "eval_steps": "None",
    "feature_cols": "[{'active': True, 'dtype': 'str', 'name': ['UserID', 'Gender', 'Age', 'Occupation', 'MovieID', 'Release'], 'type': 'categorical'}, {'active': True, 'dtype': 'str', 'encoder': 'MaskedSumPooling', 'max_len': 5, 'name': 'Genres', 'splitter': '^', 'type': 'sequence'}]",
    "feature_config": "None",
    "feature_specs": "None",
    "gpu": "0",
    "group_id": "None",
    "label_col": "{'dtype': 'float', 'name': 'Label'}",
    "layer_norm": "True",
    "learning_rate": "0.001",
    "loss": "binary_crossentropy",
    "metrics": "['logloss', 'AUC']",
    "min_categr_count": "1",
    "model": "ViTExpDCNv3",
    "model_id": "ViTExpDCNv3_ML_1M_016_868cc44a",
    "model_root": "./checkpoints/",
    "monitor": "{'AUC': 1, 'logloss': 0}",
    "monitor_mode": "max",
    "net_regularizer": "0",
    "num_deep_cross_layers": "2",
    "num_heads": "1",
    "num_shallow_cross_layers": "2",
    "num_workers": "4",
    "optimizer": "adam",
    "pickle_feature_encoder": "True",
    "save_best_only": "True",
    "seed": "2024",
    "shallow_net_dropout": "0.1",
    "shuffle": "True",
    "task": "binary_classification",
    "test_data": "dataset/ML_1M/test.csv",
    "train_data": "dataset/ML_1M/train.csv",
    "use_features": "None",
    "valid_data": "dataset/ML_1M/valid.csv",
    "verbose": "1",
    "vit_hidden_dim": "64",
    "vit_num_heads": "2",
    "vit_num_layers": "4",
    "vit_patch_size": "4"
}
2024-09-23 06:36:49,593 P208313 INFO Set up feature processor...
2024-09-23 06:36:49,593 P208313 WARNING Skip rebuilding dataset/ML_1M_7_x1/feature_map.json. Please delete it manually if rebuilding is required.
2024-09-23 06:36:49,593 P208313 INFO Load feature_map from json: dataset/ML_1M_7_x1/feature_map.json
2024-09-23 06:36:49,594 P208313 INFO Set column index...
2024-09-23 06:36:49,594 P208313 INFO Feature specs: {
    "Age": "{'source': '', 'type': 'categorical', 'padding_idx': 0, 'vocab_size': 9}",
    "Gender": "{'source': '', 'type': 'categorical', 'padding_idx': 0, 'vocab_size': 4}",
    "Genres": "{'source': '', 'type': 'sequence', 'feature_encoder': 'layers.MaskedAveragePooling()', 'padding_idx': 0, 'max_len': 5, 'vocab_size': 302}",
    "MovieID": "{'source': '', 'type': 'categorical', 'padding_idx': 0, 'vocab_size': 3659}",
    "Occupation": "{'source': '', 'type': 'categorical', 'padding_idx': 0, 'vocab_size': 23}",
    "Release": "{'source': '', 'type': 'categorical', 'padding_idx': 0, 'vocab_size': 83}",
    "UserID": "{'source': '', 'type': 'categorical', 'padding_idx': 0, 'vocab_size': 6042}"
}
2024-09-23 06:36:51,136 P208313 INFO Total number of parameters: 2446970.
2024-09-23 06:36:51,137 P208313 INFO Loading datasets...
2024-09-23 06:36:53,234 P208313 INFO Train samples: total/700146, blocks/1
2024-09-23 06:36:53,820 P208313 INFO Validation samples: total/200041, blocks/1
2024-09-23 06:36:53,820 P208313 INFO Loading train and validation data done.
2024-09-23 06:36:53,820 P208313 INFO Start training: 171 batches/epoch
2024-09-23 06:36:53,821 P208313 INFO ************ Epoch=1 start ************
2024-09-23 06:38:31,090 P208313 INFO Train loss: 0.411656
2024-09-23 06:38:31,090 P208313 INFO Evaluation @epoch 1 - batch 171: 
2024-09-23 06:38:36,748 P208313 INFO [Metrics] AUC: 0.811366 - logloss: 0.351046
2024-09-23 06:38:36,749 P208313 INFO Save best model: monitor(max)=0.811366
2024-09-23 06:38:36,809 P208313 INFO ************ Epoch=1 end ************
2024-09-23 06:40:12,475 P208313 INFO Train loss: 0.371216
2024-09-23 06:40:12,476 P208313 INFO Evaluation @epoch 2 - batch 171: 
2024-09-23 06:40:18,413 P208313 INFO [Metrics] AUC: 0.818678 - logloss: 0.344792
2024-09-23 06:40:18,413 P208313 INFO Save best model: monitor(max)=0.818678
2024-09-23 06:40:18,501 P208313 INFO ************ Epoch=2 end ************
2024-09-23 06:41:50,634 P208313 INFO Train loss: 0.366293
2024-09-23 06:41:50,634 P208313 INFO Evaluation @epoch 3 - batch 171: 
2024-09-23 06:41:56,578 P208313 INFO [Metrics] AUC: 0.826198 - logloss: 0.339430
2024-09-23 06:41:56,579 P208313 INFO Save best model: monitor(max)=0.826198
2024-09-23 06:41:56,664 P208313 INFO ************ Epoch=3 end ************
2024-09-23 06:43:31,579 P208313 INFO Train loss: 0.362425
2024-09-23 06:43:31,579 P208313 INFO Evaluation @epoch 4 - batch 171: 
2024-09-23 06:43:36,480 P208313 INFO [Metrics] AUC: 0.830244 - logloss: 0.335928
2024-09-23 06:43:36,480 P208313 INFO Save best model: monitor(max)=0.830244
2024-09-23 06:43:36,549 P208313 INFO ************ Epoch=4 end ************
2024-09-23 06:45:09,011 P208313 INFO Train loss: 0.360728
2024-09-23 06:45:09,012 P208313 INFO Evaluation @epoch 5 - batch 171: 
2024-09-23 06:45:14,462 P208313 INFO [Metrics] AUC: 0.833984 - logloss: 0.333143
2024-09-23 06:45:14,463 P208313 INFO Save best model: monitor(max)=0.833984
2024-09-23 06:45:14,542 P208313 INFO ************ Epoch=5 end ************
2024-09-23 06:46:50,317 P208313 INFO Train loss: 0.358096
2024-09-23 06:46:50,318 P208313 INFO Evaluation @epoch 6 - batch 171: 
2024-09-23 06:46:56,263 P208313 INFO [Metrics] AUC: 0.837455 - logloss: 0.331048
2024-09-23 06:46:56,264 P208313 INFO Save best model: monitor(max)=0.837455
2024-09-23 06:46:56,349 P208313 INFO ************ Epoch=6 end ************
2024-09-23 06:48:32,631 P208313 INFO Train loss: 0.356762
2024-09-23 06:48:32,631 P208313 INFO Evaluation @epoch 7 - batch 171: 
2024-09-23 06:48:38,506 P208313 INFO [Metrics] AUC: 0.838442 - logloss: 0.329686
2024-09-23 06:48:38,507 P208313 INFO Save best model: monitor(max)=0.838442
2024-09-23 06:48:38,592 P208313 INFO ************ Epoch=7 end ************
2024-09-23 06:50:15,057 P208313 INFO Train loss: 0.355206
2024-09-23 06:50:15,058 P208313 INFO Evaluation @epoch 8 - batch 171: 
2024-09-23 06:50:20,830 P208313 INFO [Metrics] AUC: 0.838889 - logloss: 0.329247
2024-09-23 06:50:20,832 P208313 INFO Save best model: monitor(max)=0.838889
2024-09-23 06:50:20,928 P208313 INFO ************ Epoch=8 end ************
2024-09-23 06:51:57,157 P208313 INFO Train loss: 0.353471
2024-09-23 06:51:57,157 P208313 INFO Evaluation @epoch 9 - batch 171: 
2024-09-23 06:52:03,022 P208313 INFO [Metrics] AUC: 0.840593 - logloss: 0.327855
2024-09-23 06:52:03,023 P208313 INFO Save best model: monitor(max)=0.840593
2024-09-23 06:52:03,105 P208313 INFO ************ Epoch=9 end ************
2024-09-23 06:53:39,037 P208313 INFO Train loss: 0.352176
2024-09-23 06:53:39,038 P208313 INFO Evaluation @epoch 10 - batch 171: 
2024-09-23 06:53:44,981 P208313 INFO [Metrics] AUC: 0.841476 - logloss: 0.327604
2024-09-23 06:53:44,981 P208313 INFO Save best model: monitor(max)=0.841476
2024-09-23 06:53:45,054 P208313 INFO ************ Epoch=10 end ************
2024-09-23 06:55:16,843 P208313 INFO Train loss: 0.351329
2024-09-23 06:55:16,844 P208313 INFO Evaluation @epoch 11 - batch 171: 
2024-09-23 06:55:22,493 P208313 INFO [Metrics] AUC: 0.842558 - logloss: 0.326292
2024-09-23 06:55:22,494 P208313 INFO Save best model: monitor(max)=0.842558
2024-09-23 06:55:22,565 P208313 INFO ************ Epoch=11 end ************
2024-09-23 06:56:58,733 P208313 INFO Train loss: 0.350640
2024-09-23 06:56:58,734 P208313 INFO Evaluation @epoch 12 - batch 171: 
2024-09-23 06:57:04,649 P208313 INFO [Metrics] AUC: 0.841859 - logloss: 0.326804
2024-09-23 06:57:04,650 P208313 INFO Monitor(max)=0.841859 STOP!
2024-09-23 06:57:04,650 P208313 INFO Reduce learning rate on plateau: 0.000100
2024-09-23 06:57:04,733 P208313 INFO ************ Epoch=12 end ************
2024-09-23 06:58:40,980 P208313 INFO Train loss: 0.324331
2024-09-23 06:58:40,980 P208313 INFO Evaluation @epoch 13 - batch 171: 
2024-09-23 06:58:46,917 P208313 INFO [Metrics] AUC: 0.849911 - logloss: 0.321336
2024-09-23 06:58:46,919 P208313 INFO Save best model: monitor(max)=0.849911
2024-09-23 06:58:47,007 P208313 INFO ************ Epoch=13 end ************
2024-09-23 07:00:22,513 P208313 INFO Train loss: 0.312036
2024-09-23 07:00:22,513 P208313 INFO Evaluation @epoch 14 - batch 171: 
2024-09-23 07:00:28,409 P208313 INFO [Metrics] AUC: 0.852748 - logloss: 0.320094
2024-09-23 07:00:28,410 P208313 INFO Save best model: monitor(max)=0.852748
2024-09-23 07:00:28,486 P208313 INFO ************ Epoch=14 end ************
2024-09-23 07:02:04,814 P208313 INFO Train loss: 0.305546
2024-09-23 07:02:04,814 P208313 INFO Evaluation @epoch 15 - batch 171: 
2024-09-23 07:02:10,746 P208313 INFO [Metrics] AUC: 0.852791 - logloss: 0.320199
2024-09-23 07:02:10,747 P208313 INFO Save best model: monitor(max)=0.852791
2024-09-23 07:02:10,833 P208313 INFO ************ Epoch=15 end ************
2024-09-23 07:03:46,406 P208313 INFO Train loss: 0.301127
2024-09-23 07:03:46,407 P208313 INFO Evaluation @epoch 16 - batch 171: 
2024-09-23 07:03:52,410 P208313 INFO [Metrics] AUC: 0.852719 - logloss: 0.320767
2024-09-23 07:03:52,410 P208313 INFO Monitor(max)=0.852719 STOP!
2024-09-23 07:03:52,411 P208313 INFO Reduce learning rate on plateau: 0.000010
2024-09-23 07:03:52,488 P208313 INFO ************ Epoch=16 end ************
2024-09-23 07:05:24,702 P208313 INFO Train loss: 0.289436
2024-09-23 07:05:24,702 P208313 INFO Evaluation @epoch 17 - batch 171: 
2024-09-23 07:05:30,620 P208313 INFO [Metrics] AUC: 0.852422 - logloss: 0.323200
2024-09-23 07:05:30,621 P208313 INFO Monitor(max)=0.852422 STOP!
2024-09-23 07:05:30,621 P208313 INFO Reduce learning rate on plateau: 0.000001
2024-09-23 07:05:30,621 P208313 INFO ********* Epoch=17 early stop *********
2024-09-23 07:05:30,698 P208313 INFO Training finished.
2024-09-23 07:05:30,698 P208313 INFO Load best model: /workspace/checkpoints/ML_1M_7_x1/ViTExpDCNv3_ML_1M_016_868cc44a.model
