2024-09-23 02:41:08,850 P121804 INFO FuxiCTR version: 2.3.2
2024-09-23 02:41:08,850 P121804 INFO Params: {
    "batch_norm": "True",
    "batch_size": "4096",
    "data_format": "csv",
    "data_root": "dataset/",
    "dataset_id": "ML_1M_7_x1",
    "debug_mode": "False",
    "deep_net_dropout": "0.1",
    "early_stop_patience": "2",
    "embedding_dim": "16",
    "embedding_regularizer": "0.01",
    "epochs": "100",
    "eval_steps": "None",
    "feature_cols": "[{'active': True, 'dtype': 'str', 'name': ['UserID', 'Gender', 'Age', 'Occupation', 'MovieID', 'Release'], 'type': 'categorical'}, {'active': True, 'dtype': 'str', 'encoder': 'MaskedSumPooling', 'max_len': 5, 'name': 'Genres', 'splitter': '^', 'type': 'sequence'}]",
    "feature_config": "None",
    "feature_specs": "None",
    "gpu": "0",
    "group_id": "None",
    "label_col": "{'dtype': 'float', 'name': 'Label'}",
    "layer_norm": "True",
    "learning_rate": "0.001",
    "loss": "binary_crossentropy",
    "metrics": "['logloss', 'AUC']",
    "min_categr_count": "1",
    "model": "ViTExpDCNv3",
    "model_id": "ViTExpDCNv3_ML_1M_006_96faea33",
    "model_root": "./checkpoints/",
    "monitor": "{'AUC': 1, 'logloss': 0}",
    "monitor_mode": "max",
    "net_regularizer": "0",
    "num_deep_cross_layers": "2",
    "num_heads": "1",
    "num_shallow_cross_layers": "2",
    "num_workers": "4",
    "optimizer": "adam",
    "pickle_feature_encoder": "True",
    "save_best_only": "True",
    "seed": "2024",
    "shallow_net_dropout": "0.1",
    "shuffle": "True",
    "task": "binary_classification",
    "test_data": "dataset/ML_1M/test.csv",
    "train_data": "dataset/ML_1M/train.csv",
    "use_features": "None",
    "valid_data": "dataset/ML_1M/valid.csv",
    "verbose": "1",
    "vit_hidden_dim": "32",
    "vit_num_heads": "8",
    "vit_num_layers": "2",
    "vit_patch_size": "4"
}
2024-09-23 02:41:08,851 P121804 INFO Set up feature processor...
2024-09-23 02:41:08,852 P121804 WARNING Skip rebuilding dataset/ML_1M_7_x1/feature_map.json. Please delete it manually if rebuilding is required.
2024-09-23 02:41:08,852 P121804 INFO Load feature_map from json: dataset/ML_1M_7_x1/feature_map.json
2024-09-23 02:41:08,852 P121804 INFO Set column index...
2024-09-23 02:41:08,852 P121804 INFO Feature specs: {
    "Age": "{'source': '', 'type': 'categorical', 'padding_idx': 0, 'vocab_size': 9}",
    "Gender": "{'source': '', 'type': 'categorical', 'padding_idx': 0, 'vocab_size': 4}",
    "Genres": "{'source': '', 'type': 'sequence', 'feature_encoder': 'layers.MaskedAveragePooling()', 'padding_idx': 0, 'max_len': 5, 'vocab_size': 302}",
    "MovieID": "{'source': '', 'type': 'categorical', 'padding_idx': 0, 'vocab_size': 3659}",
    "Occupation": "{'source': '', 'type': 'categorical', 'padding_idx': 0, 'vocab_size': 23}",
    "Release": "{'source': '', 'type': 'categorical', 'padding_idx': 0, 'vocab_size': 83}",
    "UserID": "{'source': '', 'type': 'categorical', 'padding_idx': 0, 'vocab_size': 6042}"
}
2024-09-23 02:41:10,233 P121804 INFO Total number of parameters: 743034.
2024-09-23 02:41:10,233 P121804 INFO Loading datasets...
2024-09-23 02:41:12,090 P121804 INFO Train samples: total/700146, blocks/1
2024-09-23 02:41:12,735 P121804 INFO Validation samples: total/200041, blocks/1
2024-09-23 02:41:12,735 P121804 INFO Loading train and validation data done.
2024-09-23 02:41:12,736 P121804 INFO Start training: 171 batches/epoch
2024-09-23 02:41:12,736 P121804 INFO ************ Epoch=1 start ************
2024-09-23 02:42:28,113 P121804 INFO Train loss: 0.414042
2024-09-23 02:42:28,114 P121804 INFO Evaluation @epoch 1 - batch 171: 
2024-09-23 02:42:32,959 P121804 INFO [Metrics] AUC: 0.813653 - logloss: 0.348102
2024-09-23 02:42:32,960 P121804 INFO Save best model: monitor(max)=0.813653
2024-09-23 02:42:33,019 P121804 INFO ************ Epoch=1 end ************
2024-09-23 02:43:42,655 P121804 INFO Train loss: 0.367723
2024-09-23 02:43:42,656 P121804 INFO Evaluation @epoch 2 - batch 171: 
2024-09-23 02:43:47,435 P121804 INFO [Metrics] AUC: 0.824040 - logloss: 0.340376
2024-09-23 02:43:47,436 P121804 INFO Save best model: monitor(max)=0.824040
2024-09-23 02:43:47,517 P121804 INFO ************ Epoch=2 end ************
2024-09-23 02:45:01,019 P121804 INFO Train loss: 0.360887
2024-09-23 02:45:01,019 P121804 INFO Evaluation @epoch 3 - batch 171: 
2024-09-23 02:45:05,837 P121804 INFO [Metrics] AUC: 0.829039 - logloss: 0.337033
2024-09-23 02:45:05,838 P121804 INFO Save best model: monitor(max)=0.829039
2024-09-23 02:45:05,910 P121804 INFO ************ Epoch=3 end ************
2024-09-23 02:46:19,967 P121804 INFO Train loss: 0.358530
2024-09-23 02:46:19,967 P121804 INFO Evaluation @epoch 4 - batch 171: 
2024-09-23 02:46:24,629 P121804 INFO [Metrics] AUC: 0.833054 - logloss: 0.333930
2024-09-23 02:46:24,630 P121804 INFO Save best model: monitor(max)=0.833054
2024-09-23 02:46:24,706 P121804 INFO ************ Epoch=4 end ************
2024-09-23 02:47:35,393 P121804 INFO Train loss: 0.357428
2024-09-23 02:47:35,394 P121804 INFO Evaluation @epoch 5 - batch 171: 
2024-09-23 02:47:40,295 P121804 INFO [Metrics] AUC: 0.835649 - logloss: 0.331766
2024-09-23 02:47:40,296 P121804 INFO Save best model: monitor(max)=0.835649
2024-09-23 02:47:40,373 P121804 INFO ************ Epoch=5 end ************
2024-09-23 02:48:54,445 P121804 INFO Train loss: 0.356005
2024-09-23 02:48:54,446 P121804 INFO Evaluation @epoch 6 - batch 171: 
2024-09-23 02:48:59,242 P121804 INFO [Metrics] AUC: 0.837630 - logloss: 0.331171
2024-09-23 02:48:59,243 P121804 INFO Save best model: monitor(max)=0.837630
2024-09-23 02:48:59,307 P121804 INFO ************ Epoch=6 end ************
2024-09-23 02:50:13,373 P121804 INFO Train loss: 0.354615
2024-09-23 02:50:13,374 P121804 INFO Evaluation @epoch 7 - batch 171: 
2024-09-23 02:50:17,975 P121804 INFO [Metrics] AUC: 0.840497 - logloss: 0.328002
2024-09-23 02:50:17,975 P121804 INFO Save best model: monitor(max)=0.840497
2024-09-23 02:50:18,043 P121804 INFO ************ Epoch=7 end ************
2024-09-23 02:51:32,328 P121804 INFO Train loss: 0.352972
2024-09-23 02:51:32,329 P121804 INFO Evaluation @epoch 8 - batch 171: 
2024-09-23 02:51:37,058 P121804 INFO [Metrics] AUC: 0.840116 - logloss: 0.328707
2024-09-23 02:51:37,059 P121804 INFO Monitor(max)=0.840116 STOP!
2024-09-23 02:51:37,059 P121804 INFO Reduce learning rate on plateau: 0.000100
2024-09-23 02:51:37,141 P121804 INFO ************ Epoch=8 end ************
2024-09-23 02:52:46,789 P121804 INFO Train loss: 0.328596
2024-09-23 02:52:46,790 P121804 INFO Evaluation @epoch 9 - batch 171: 
2024-09-23 02:52:51,188 P121804 INFO [Metrics] AUC: 0.848908 - logloss: 0.321348
2024-09-23 02:52:51,189 P121804 INFO Save best model: monitor(max)=0.848908
2024-09-23 02:52:51,258 P121804 INFO ************ Epoch=9 end ************
2024-09-23 02:54:04,535 P121804 INFO Train loss: 0.317123
2024-09-23 02:54:04,536 P121804 INFO Evaluation @epoch 10 - batch 171: 
2024-09-23 02:54:09,433 P121804 INFO [Metrics] AUC: 0.851676 - logloss: 0.319619
2024-09-23 02:54:09,434 P121804 INFO Save best model: monitor(max)=0.851676
2024-09-23 02:54:09,505 P121804 INFO ************ Epoch=10 end ************
2024-09-23 02:55:20,407 P121804 INFO Train loss: 0.311146
2024-09-23 02:55:20,408 P121804 INFO Evaluation @epoch 11 - batch 171: 
2024-09-23 02:55:25,071 P121804 INFO [Metrics] AUC: 0.852988 - logloss: 0.318580
2024-09-23 02:55:25,072 P121804 INFO Save best model: monitor(max)=0.852988
2024-09-23 02:55:25,145 P121804 INFO ************ Epoch=11 end ************
2024-09-23 02:56:39,369 P121804 INFO Train loss: 0.307269
2024-09-23 02:56:39,369 P121804 INFO Evaluation @epoch 12 - batch 171: 
2024-09-23 02:56:44,120 P121804 INFO [Metrics] AUC: 0.853054 - logloss: 0.319132
2024-09-23 02:56:44,121 P121804 INFO Save best model: monitor(max)=0.853054
2024-09-23 02:56:44,207 P121804 INFO ************ Epoch=12 end ************
2024-09-23 02:57:58,263 P121804 INFO Train loss: 0.304121
2024-09-23 02:57:58,264 P121804 INFO Evaluation @epoch 13 - batch 171: 
2024-09-23 02:58:03,053 P121804 INFO [Metrics] AUC: 0.853100 - logloss: 0.319225
2024-09-23 02:58:03,054 P121804 INFO Save best model: monitor(max)=0.853100
2024-09-23 02:58:03,128 P121804 INFO ************ Epoch=13 end ************
2024-09-23 02:59:16,728 P121804 INFO Train loss: 0.301146
2024-09-23 02:59:16,729 P121804 INFO Evaluation @epoch 14 - batch 171: 
2024-09-23 02:59:21,618 P121804 INFO [Metrics] AUC: 0.852412 - logloss: 0.320768
2024-09-23 02:59:21,619 P121804 INFO Monitor(max)=0.852412 STOP!
2024-09-23 02:59:21,619 P121804 INFO Reduce learning rate on plateau: 0.000010
2024-09-23 02:59:21,687 P121804 INFO ************ Epoch=14 end ************
2024-09-23 03:00:36,042 P121804 INFO Train loss: 0.289061
2024-09-23 03:00:36,043 P121804 INFO Evaluation @epoch 15 - batch 171: 
2024-09-23 03:00:40,616 P121804 INFO [Metrics] AUC: 0.852029 - logloss: 0.322898
2024-09-23 03:00:40,617 P121804 INFO Monitor(max)=0.852029 STOP!
2024-09-23 03:00:40,617 P121804 INFO Reduce learning rate on plateau: 0.000001
2024-09-23 03:00:40,617 P121804 INFO ********* Epoch=15 early stop *********
2024-09-23 03:00:40,688 P121804 INFO Training finished.
2024-09-23 03:00:40,689 P121804 INFO Load best model: /workspace/checkpoints/ML_1M_7_x1/ViTExpDCNv3_ML_1M_006_96faea33.model
