2024-09-23 03:55:55,213 P148418 INFO FuxiCTR version: 2.3.2
2024-09-23 03:55:55,214 P148418 INFO Params: {
    "batch_norm": "True",
    "batch_size": "4096",
    "data_format": "csv",
    "data_root": "dataset/",
    "dataset_id": "ML_1M_7_x1",
    "debug_mode": "False",
    "deep_net_dropout": "0.1",
    "early_stop_patience": "2",
    "embedding_dim": "16",
    "embedding_regularizer": "0.01",
    "epochs": "100",
    "eval_steps": "None",
    "feature_cols": "[{'active': True, 'dtype': 'str', 'name': ['UserID', 'Gender', 'Age', 'Occupation', 'MovieID', 'Release'], 'type': 'categorical'}, {'active': True, 'dtype': 'str', 'encoder': 'MaskedSumPooling', 'max_len': 5, 'name': 'Genres', 'splitter': '^', 'type': 'sequence'}]",
    "feature_config": "None",
    "feature_specs": "None",
    "gpu": "0",
    "group_id": "None",
    "label_col": "{'dtype': 'float', 'name': 'Label'}",
    "layer_norm": "True",
    "learning_rate": "0.001",
    "loss": "binary_crossentropy",
    "metrics": "['logloss', 'AUC']",
    "min_categr_count": "1",
    "model": "ViTExpDCNv3",
    "model_id": "ViTExpDCNv3_ML_1M_009_ffd6363b",
    "model_root": "./checkpoints/",
    "monitor": "{'AUC': 1, 'logloss': 0}",
    "monitor_mode": "max",
    "net_regularizer": "0",
    "num_deep_cross_layers": "2",
    "num_heads": "1",
    "num_shallow_cross_layers": "2",
    "num_workers": "4",
    "optimizer": "adam",
    "pickle_feature_encoder": "True",
    "save_best_only": "True",
    "seed": "2024",
    "shallow_net_dropout": "0.1",
    "shuffle": "True",
    "task": "binary_classification",
    "test_data": "dataset/ML_1M/test.csv",
    "train_data": "dataset/ML_1M/train.csv",
    "use_features": "None",
    "valid_data": "dataset/ML_1M/valid.csv",
    "verbose": "1",
    "vit_hidden_dim": "32",
    "vit_num_heads": "8",
    "vit_num_layers": "4",
    "vit_patch_size": "4"
}
2024-09-23 03:55:55,215 P148418 INFO Set up feature processor...
2024-09-23 03:55:55,215 P148418 WARNING Skip rebuilding dataset/ML_1M_7_x1/feature_map.json. Please delete it manually if rebuilding is required.
2024-09-23 03:55:55,215 P148418 INFO Load feature_map from json: dataset/ML_1M_7_x1/feature_map.json
2024-09-23 03:55:55,215 P148418 INFO Set column index...
2024-09-23 03:55:55,216 P148418 INFO Feature specs: {
    "Age": "{'source': '', 'type': 'categorical', 'padding_idx': 0, 'vocab_size': 9}",
    "Gender": "{'source': '', 'type': 'categorical', 'padding_idx': 0, 'vocab_size': 4}",
    "Genres": "{'source': '', 'type': 'sequence', 'feature_encoder': 'layers.MaskedAveragePooling()', 'padding_idx': 0, 'max_len': 5, 'vocab_size': 302}",
    "MovieID": "{'source': '', 'type': 'categorical', 'padding_idx': 0, 'vocab_size': 3659}",
    "Occupation": "{'source': '', 'type': 'categorical', 'padding_idx': 0, 'vocab_size': 23}",
    "Release": "{'source': '', 'type': 'categorical', 'padding_idx': 0, 'vocab_size': 83}",
    "UserID": "{'source': '', 'type': 'categorical', 'padding_idx': 0, 'vocab_size': 6042}"
}
2024-09-23 03:55:56,762 P148418 INFO Total number of parameters: 1293050.
2024-09-23 03:55:56,762 P148418 INFO Loading datasets...
2024-09-23 03:55:58,937 P148418 INFO Train samples: total/700146, blocks/1
2024-09-23 03:55:59,521 P148418 INFO Validation samples: total/200041, blocks/1
2024-09-23 03:55:59,521 P148418 INFO Loading train and validation data done.
2024-09-23 03:55:59,521 P148418 INFO Start training: 171 batches/epoch
2024-09-23 03:55:59,521 P148418 INFO ************ Epoch=1 start ************
2024-09-23 03:57:39,074 P148418 INFO Train loss: 0.413223
2024-09-23 03:57:39,075 P148418 INFO Evaluation @epoch 1 - batch 171: 
2024-09-23 03:57:45,277 P148418 INFO [Metrics] AUC: 0.811063 - logloss: 0.350586
2024-09-23 03:57:45,278 P148418 INFO Save best model: monitor(max)=0.811063
2024-09-23 03:57:45,335 P148418 INFO ************ Epoch=1 end ************
2024-09-23 03:59:23,175 P148418 INFO Train loss: 0.371133
2024-09-23 03:59:23,175 P148418 INFO Evaluation @epoch 2 - batch 171: 
2024-09-23 03:59:29,335 P148418 INFO [Metrics] AUC: 0.820796 - logloss: 0.343302
2024-09-23 03:59:29,336 P148418 INFO Save best model: monitor(max)=0.820796
2024-09-23 03:59:29,403 P148418 INFO ************ Epoch=2 end ************
2024-09-23 04:01:07,392 P148418 INFO Train loss: 0.365890
2024-09-23 04:01:07,392 P148418 INFO Evaluation @epoch 3 - batch 171: 
2024-09-23 04:01:13,487 P148418 INFO [Metrics] AUC: 0.826618 - logloss: 0.338566
2024-09-23 04:01:13,488 P148418 INFO Save best model: monitor(max)=0.826618
2024-09-23 04:01:13,569 P148418 INFO ************ Epoch=3 end ************
2024-09-23 04:02:48,818 P148418 INFO Train loss: 0.362009
2024-09-23 04:02:48,819 P148418 INFO Evaluation @epoch 4 - batch 171: 
2024-09-23 04:02:54,382 P148418 INFO [Metrics] AUC: 0.832074 - logloss: 0.334060
2024-09-23 04:02:54,383 P148418 INFO Save best model: monitor(max)=0.832074
2024-09-23 04:02:54,474 P148418 INFO ************ Epoch=4 end ************
2024-09-23 04:04:32,727 P148418 INFO Train loss: 0.359943
2024-09-23 04:04:32,728 P148418 INFO Evaluation @epoch 5 - batch 171: 
2024-09-23 04:04:39,028 P148418 INFO [Metrics] AUC: 0.833279 - logloss: 0.333357
2024-09-23 04:04:39,029 P148418 INFO Save best model: monitor(max)=0.833279
2024-09-23 04:04:39,108 P148418 INFO ************ Epoch=5 end ************
2024-09-23 04:06:12,902 P148418 INFO Train loss: 0.357940
2024-09-23 04:06:12,903 P148418 INFO Evaluation @epoch 6 - batch 171: 
2024-09-23 04:06:18,975 P148418 INFO [Metrics] AUC: 0.836415 - logloss: 0.331166
2024-09-23 04:06:18,976 P148418 INFO Save best model: monitor(max)=0.836415
2024-09-23 04:06:19,046 P148418 INFO ************ Epoch=6 end ************
2024-09-23 04:07:54,137 P148418 INFO Train loss: 0.355936
2024-09-23 04:07:54,137 P148418 INFO Evaluation @epoch 7 - batch 171: 
2024-09-23 04:08:00,051 P148418 INFO [Metrics] AUC: 0.838006 - logloss: 0.329848
2024-09-23 04:08:00,051 P148418 INFO Save best model: monitor(max)=0.838006
2024-09-23 04:08:00,135 P148418 INFO ************ Epoch=7 end ************
2024-09-23 04:09:37,645 P148418 INFO Train loss: 0.354700
2024-09-23 04:09:37,646 P148418 INFO Evaluation @epoch 8 - batch 171: 
2024-09-23 04:09:43,856 P148418 INFO [Metrics] AUC: 0.838583 - logloss: 0.329645
2024-09-23 04:09:43,857 P148418 INFO Save best model: monitor(max)=0.838583
2024-09-23 04:09:43,925 P148418 INFO ************ Epoch=8 end ************
2024-09-23 04:11:21,368 P148418 INFO Train loss: 0.353627
2024-09-23 04:11:21,368 P148418 INFO Evaluation @epoch 9 - batch 171: 
2024-09-23 04:11:27,626 P148418 INFO [Metrics] AUC: 0.840237 - logloss: 0.328200
2024-09-23 04:11:27,627 P148418 INFO Save best model: monitor(max)=0.840237
2024-09-23 04:11:27,708 P148418 INFO ************ Epoch=9 end ************
2024-09-23 04:13:05,378 P148418 INFO Train loss: 0.353099
2024-09-23 04:13:05,379 P148418 INFO Evaluation @epoch 10 - batch 171: 
2024-09-23 04:13:11,225 P148418 INFO [Metrics] AUC: 0.842169 - logloss: 0.326605
2024-09-23 04:13:11,226 P148418 INFO Save best model: monitor(max)=0.842169
2024-09-23 04:13:11,295 P148418 INFO ************ Epoch=10 end ************
2024-09-23 04:14:46,149 P148418 INFO Train loss: 0.352256
2024-09-23 04:14:46,150 P148418 INFO Evaluation @epoch 11 - batch 171: 
2024-09-23 04:14:51,496 P148418 INFO [Metrics] AUC: 0.841712 - logloss: 0.326724
2024-09-23 04:14:51,497 P148418 INFO Monitor(max)=0.841712 STOP!
2024-09-23 04:14:51,497 P148418 INFO Reduce learning rate on plateau: 0.000100
2024-09-23 04:14:51,568 P148418 INFO ************ Epoch=11 end ************
2024-09-23 04:16:28,865 P148418 INFO Train loss: 0.324864
2024-09-23 04:16:28,866 P148418 INFO Evaluation @epoch 12 - batch 171: 
2024-09-23 04:16:35,073 P148418 INFO [Metrics] AUC: 0.850210 - logloss: 0.320554
2024-09-23 04:16:35,074 P148418 INFO Save best model: monitor(max)=0.850210
2024-09-23 04:16:35,150 P148418 INFO ************ Epoch=12 end ************
2024-09-23 04:18:11,886 P148418 INFO Train loss: 0.311753
2024-09-23 04:18:11,886 P148418 INFO Evaluation @epoch 13 - batch 171: 
2024-09-23 04:18:17,908 P148418 INFO [Metrics] AUC: 0.852794 - logloss: 0.319393
2024-09-23 04:18:17,909 P148418 INFO Save best model: monitor(max)=0.852794
2024-09-23 04:18:17,980 P148418 INFO ************ Epoch=13 end ************
2024-09-23 04:19:55,073 P148418 INFO Train loss: 0.304722
2024-09-23 04:19:55,074 P148418 INFO Evaluation @epoch 14 - batch 171: 
2024-09-23 04:20:01,296 P148418 INFO [Metrics] AUC: 0.853541 - logloss: 0.319472
2024-09-23 04:20:01,297 P148418 INFO Save best model: monitor(max)=0.853541
2024-09-23 04:20:01,374 P148418 INFO ************ Epoch=14 end ************
2024-09-23 04:21:37,634 P148418 INFO Train loss: 0.300164
2024-09-23 04:21:37,635 P148418 INFO Evaluation @epoch 15 - batch 171: 
2024-09-23 04:21:43,871 P148418 INFO [Metrics] AUC: 0.852757 - logloss: 0.320672
2024-09-23 04:21:43,872 P148418 INFO Monitor(max)=0.852757 STOP!
2024-09-23 04:21:43,872 P148418 INFO Reduce learning rate on plateau: 0.000010
2024-09-23 04:21:43,943 P148418 INFO ************ Epoch=15 end ************
2024-09-23 04:23:21,345 P148418 INFO Train loss: 0.287422
2024-09-23 04:23:21,346 P148418 INFO Evaluation @epoch 16 - batch 171: 
2024-09-23 04:23:27,399 P148418 INFO [Metrics] AUC: 0.852528 - logloss: 0.323167
2024-09-23 04:23:27,400 P148418 INFO Monitor(max)=0.852528 STOP!
2024-09-23 04:23:27,400 P148418 INFO Reduce learning rate on plateau: 0.000001
2024-09-23 04:23:27,400 P148418 INFO ********* Epoch=16 early stop *********
2024-09-23 04:23:27,469 P148418 INFO Training finished.
2024-09-23 04:23:27,469 P148418 INFO Load best model: /workspace/checkpoints/ML_1M_7_x1/ViTExpDCNv3_ML_1M_009_ffd6363b.model
