2024-09-23 04:44:55,204 P165650 INFO FuxiCTR version: 2.3.2
2024-09-23 04:44:55,205 P165650 INFO Params: {
    "batch_norm": "True",
    "batch_size": "4096",
    "data_format": "csv",
    "data_root": "dataset/",
    "dataset_id": "ML_1M_7_x1",
    "debug_mode": "False",
    "deep_net_dropout": "0.1",
    "early_stop_patience": "2",
    "embedding_dim": "16",
    "embedding_regularizer": "0.01",
    "epochs": "100",
    "eval_steps": "None",
    "feature_cols": "[{'active': True, 'dtype': 'str', 'name': ['UserID', 'Gender', 'Age', 'Occupation', 'MovieID', 'Release'], 'type': 'categorical'}, {'active': True, 'dtype': 'str', 'encoder': 'MaskedSumPooling', 'max_len': 5, 'name': 'Genres', 'splitter': '^', 'type': 'sequence'}]",
    "feature_config": "None",
    "feature_specs": "None",
    "gpu": "0",
    "group_id": "None",
    "label_col": "{'dtype': 'float', 'name': 'Label'}",
    "layer_norm": "True",
    "learning_rate": "0.001",
    "loss": "binary_crossentropy",
    "metrics": "['logloss', 'AUC']",
    "min_categr_count": "1",
    "model": "ViTExpDCNv3",
    "model_id": "ViTExpDCNv3_ML_1M_011_b8fafa29",
    "model_root": "./checkpoints/",
    "monitor": "{'AUC': 1, 'logloss': 0}",
    "monitor_mode": "max",
    "net_regularizer": "0",
    "num_deep_cross_layers": "2",
    "num_heads": "1",
    "num_shallow_cross_layers": "2",
    "num_workers": "4",
    "optimizer": "adam",
    "pickle_feature_encoder": "True",
    "save_best_only": "True",
    "seed": "2024",
    "shallow_net_dropout": "0.1",
    "shuffle": "True",
    "task": "binary_classification",
    "test_data": "dataset/ML_1M/test.csv",
    "train_data": "dataset/ML_1M/train.csv",
    "use_features": "None",
    "valid_data": "dataset/ML_1M/valid.csv",
    "verbose": "1",
    "vit_hidden_dim": "64",
    "vit_num_heads": "4",
    "vit_num_layers": "1",
    "vit_patch_size": "4"
}
2024-09-23 04:44:55,206 P165650 INFO Set up feature processor...
2024-09-23 04:44:55,206 P165650 WARNING Skip rebuilding dataset/ML_1M_7_x1/feature_map.json. Please delete it manually if rebuilding is required.
2024-09-23 04:44:55,207 P165650 INFO Load feature_map from json: dataset/ML_1M_7_x1/feature_map.json
2024-09-23 04:44:55,207 P165650 INFO Set column index...
2024-09-23 04:44:55,207 P165650 INFO Feature specs: {
    "Age": "{'source': '', 'type': 'categorical', 'padding_idx': 0, 'vocab_size': 9}",
    "Gender": "{'source': '', 'type': 'categorical', 'padding_idx': 0, 'vocab_size': 4}",
    "Genres": "{'source': '', 'type': 'sequence', 'feature_encoder': 'layers.MaskedAveragePooling()', 'padding_idx': 0, 'max_len': 5, 'vocab_size': 302}",
    "MovieID": "{'source': '', 'type': 'categorical', 'padding_idx': 0, 'vocab_size': 3659}",
    "Occupation": "{'source': '', 'type': 'categorical', 'padding_idx': 0, 'vocab_size': 23}",
    "Release": "{'source': '', 'type': 'categorical', 'padding_idx': 0, 'vocab_size': 83}",
    "UserID": "{'source': '', 'type': 'categorical', 'padding_idx': 0, 'vocab_size': 6042}"
}
2024-09-23 04:44:56,599 P165650 INFO Total number of parameters: 760058.
2024-09-23 04:44:56,599 P165650 INFO Loading datasets...
2024-09-23 04:44:58,791 P165650 INFO Train samples: total/700146, blocks/1
2024-09-23 04:44:59,510 P165650 INFO Validation samples: total/200041, blocks/1
2024-09-23 04:44:59,510 P165650 INFO Loading train and validation data done.
2024-09-23 04:44:59,510 P165650 INFO Start training: 171 batches/epoch
2024-09-23 04:44:59,510 P165650 INFO ************ Epoch=1 start ************
2024-09-23 04:46:04,601 P165650 INFO Train loss: 0.407916
2024-09-23 04:46:04,602 P165650 INFO Evaluation @epoch 1 - batch 171: 
2024-09-23 04:46:08,630 P165650 INFO [Metrics] AUC: 0.811976 - logloss: 0.349234
2024-09-23 04:46:08,630 P165650 INFO Save best model: monitor(max)=0.811976
2024-09-23 04:46:08,678 P165650 INFO ************ Epoch=1 end ************
2024-09-23 04:47:07,833 P165650 INFO Train loss: 0.369516
2024-09-23 04:47:07,833 P165650 INFO Evaluation @epoch 2 - batch 171: 
2024-09-23 04:47:11,863 P165650 INFO [Metrics] AUC: 0.822852 - logloss: 0.341091
2024-09-23 04:47:11,864 P165650 INFO Save best model: monitor(max)=0.822852
2024-09-23 04:47:11,955 P165650 INFO ************ Epoch=2 end ************
2024-09-23 04:48:15,366 P165650 INFO Train loss: 0.363869
2024-09-23 04:48:15,367 P165650 INFO Evaluation @epoch 3 - batch 171: 
2024-09-23 04:48:19,352 P165650 INFO [Metrics] AUC: 0.829765 - logloss: 0.336121
2024-09-23 04:48:19,352 P165650 INFO Save best model: monitor(max)=0.829765
2024-09-23 04:48:19,418 P165650 INFO ************ Epoch=3 end ************
2024-09-23 04:49:19,065 P165650 INFO Train loss: 0.360584
2024-09-23 04:49:19,066 P165650 INFO Evaluation @epoch 4 - batch 171: 
2024-09-23 04:49:23,053 P165650 INFO [Metrics] AUC: 0.833994 - logloss: 0.332930
2024-09-23 04:49:23,053 P165650 INFO Save best model: monitor(max)=0.833994
2024-09-23 04:49:23,135 P165650 INFO ************ Epoch=4 end ************
2024-09-23 04:50:26,489 P165650 INFO Train loss: 0.358207
2024-09-23 04:50:26,489 P165650 INFO Evaluation @epoch 5 - batch 171: 
2024-09-23 04:50:30,514 P165650 INFO [Metrics] AUC: 0.836094 - logloss: 0.331304
2024-09-23 04:50:30,515 P165650 INFO Save best model: monitor(max)=0.836094
2024-09-23 04:50:30,611 P165650 INFO ************ Epoch=5 end ************
2024-09-23 04:51:33,540 P165650 INFO Train loss: 0.356478
2024-09-23 04:51:33,541 P165650 INFO Evaluation @epoch 6 - batch 171: 
2024-09-23 04:51:37,595 P165650 INFO [Metrics] AUC: 0.838127 - logloss: 0.329715
2024-09-23 04:51:37,595 P165650 INFO Save best model: monitor(max)=0.838127
2024-09-23 04:51:37,671 P165650 INFO ************ Epoch=6 end ************
2024-09-23 04:52:37,844 P165650 INFO Train loss: 0.355212
2024-09-23 04:52:37,844 P165650 INFO Evaluation @epoch 7 - batch 171: 
2024-09-23 04:52:41,787 P165650 INFO [Metrics] AUC: 0.838718 - logloss: 0.329159
2024-09-23 04:52:41,788 P165650 INFO Save best model: monitor(max)=0.838718
2024-09-23 04:52:41,856 P165650 INFO ************ Epoch=7 end ************
2024-09-23 04:53:45,253 P165650 INFO Train loss: 0.353707
2024-09-23 04:53:45,254 P165650 INFO Evaluation @epoch 8 - batch 171: 
2024-09-23 04:53:49,129 P165650 INFO [Metrics] AUC: 0.840948 - logloss: 0.327429
2024-09-23 04:53:49,130 P165650 INFO Save best model: monitor(max)=0.840948
2024-09-23 04:53:49,210 P165650 INFO ************ Epoch=8 end ************
2024-09-23 04:54:52,612 P165650 INFO Train loss: 0.352615
2024-09-23 04:54:52,613 P165650 INFO Evaluation @epoch 9 - batch 171: 
2024-09-23 04:54:56,608 P165650 INFO [Metrics] AUC: 0.840249 - logloss: 0.327640
2024-09-23 04:54:56,609 P165650 INFO Monitor(max)=0.840249 STOP!
2024-09-23 04:54:56,609 P165650 INFO Reduce learning rate on plateau: 0.000100
2024-09-23 04:54:56,684 P165650 INFO ************ Epoch=9 end ************
2024-09-23 04:56:00,694 P165650 INFO Train loss: 0.327254
2024-09-23 04:56:00,695 P165650 INFO Evaluation @epoch 10 - batch 171: 
2024-09-23 04:56:04,529 P165650 INFO [Metrics] AUC: 0.849636 - logloss: 0.321005
2024-09-23 04:56:04,530 P165650 INFO Save best model: monitor(max)=0.849636
2024-09-23 04:56:04,618 P165650 INFO ************ Epoch=10 end ************
2024-09-23 04:57:05,288 P165650 INFO Train loss: 0.314565
2024-09-23 04:57:05,289 P165650 INFO Evaluation @epoch 11 - batch 171: 
2024-09-23 04:57:08,942 P165650 INFO [Metrics] AUC: 0.852386 - logloss: 0.319529
2024-09-23 04:57:08,942 P165650 INFO Save best model: monitor(max)=0.852386
2024-09-23 04:57:09,021 P165650 INFO ************ Epoch=11 end ************
2024-09-23 04:58:12,701 P165650 INFO Train loss: 0.307861
2024-09-23 04:58:12,701 P165650 INFO Evaluation @epoch 12 - batch 171: 
2024-09-23 04:58:16,679 P165650 INFO [Metrics] AUC: 0.852907 - logloss: 0.319477
2024-09-23 04:58:16,679 P165650 INFO Save best model: monitor(max)=0.852907
2024-09-23 04:58:16,754 P165650 INFO ************ Epoch=12 end ************
2024-09-23 04:59:20,382 P165650 INFO Train loss: 0.303393
2024-09-23 04:59:20,383 P165650 INFO Evaluation @epoch 13 - batch 171: 
2024-09-23 04:59:24,319 P165650 INFO [Metrics] AUC: 0.852712 - logloss: 0.319968
2024-09-23 04:59:24,320 P165650 INFO Monitor(max)=0.852712 STOP!
2024-09-23 04:59:24,320 P165650 INFO Reduce learning rate on plateau: 0.000010
2024-09-23 04:59:24,398 P165650 INFO ************ Epoch=13 end ************
2024-09-23 05:00:27,929 P165650 INFO Train loss: 0.291191
2024-09-23 05:00:27,929 P165650 INFO Evaluation @epoch 14 - batch 171: 
2024-09-23 05:00:31,975 P165650 INFO [Metrics] AUC: 0.852463 - logloss: 0.322449
2024-09-23 05:00:31,976 P165650 INFO Monitor(max)=0.852463 STOP!
2024-09-23 05:00:31,976 P165650 INFO Reduce learning rate on plateau: 0.000001
2024-09-23 05:00:31,976 P165650 INFO ********* Epoch=14 early stop *********
2024-09-23 05:00:32,043 P165650 INFO Training finished.
2024-09-23 05:00:32,044 P165650 INFO Load best model: /workspace/checkpoints/ML_1M_7_x1/ViTExpDCNv3_ML_1M_011_b8fafa29.model
