2024-09-23 03:00:48,560 P129395 INFO FuxiCTR version: 2.3.2
2024-09-23 03:00:48,561 P129395 INFO Params: {
    "batch_norm": "True",
    "batch_size": "4096",
    "data_format": "csv",
    "data_root": "dataset/",
    "dataset_id": "ML_1M_7_x1",
    "debug_mode": "False",
    "deep_net_dropout": "0.1",
    "early_stop_patience": "2",
    "embedding_dim": "16",
    "embedding_regularizer": "0.01",
    "epochs": "100",
    "eval_steps": "None",
    "feature_cols": "[{'active': True, 'dtype': 'str', 'name': ['UserID', 'Gender', 'Age', 'Occupation', 'MovieID', 'Release'], 'type': 'categorical'}, {'active': True, 'dtype': 'str', 'encoder': 'MaskedSumPooling', 'max_len': 5, 'name': 'Genres', 'splitter': '^', 'type': 'sequence'}]",
    "feature_config": "None",
    "feature_specs": "None",
    "gpu": "0",
    "group_id": "None",
    "label_col": "{'dtype': 'float', 'name': 'Label'}",
    "layer_norm": "True",
    "learning_rate": "0.001",
    "loss": "binary_crossentropy",
    "metrics": "['logloss', 'AUC']",
    "min_categr_count": "1",
    "model": "ViTExpDCNv3",
    "model_id": "ViTExpDCNv3_ML_1M_007_7bc5cbd9",
    "model_root": "./checkpoints/",
    "monitor": "{'AUC': 1, 'logloss': 0}",
    "monitor_mode": "max",
    "net_regularizer": "0",
    "num_deep_cross_layers": "2",
    "num_heads": "1",
    "num_shallow_cross_layers": "2",
    "num_workers": "4",
    "optimizer": "adam",
    "pickle_feature_encoder": "True",
    "save_best_only": "True",
    "seed": "2024",
    "shallow_net_dropout": "0.1",
    "shuffle": "True",
    "task": "binary_classification",
    "test_data": "dataset/ML_1M/test.csv",
    "train_data": "dataset/ML_1M/train.csv",
    "use_features": "None",
    "valid_data": "dataset/ML_1M/valid.csv",
    "verbose": "1",
    "vit_hidden_dim": "32",
    "vit_num_heads": "2",
    "vit_num_layers": "4",
    "vit_patch_size": "4"
}
2024-09-23 03:00:48,562 P129395 INFO Set up feature processor...
2024-09-23 03:00:48,562 P129395 WARNING Skip rebuilding dataset/ML_1M_7_x1/feature_map.json. Please delete it manually if rebuilding is required.
2024-09-23 03:00:48,562 P129395 INFO Load feature_map from json: dataset/ML_1M_7_x1/feature_map.json
2024-09-23 03:00:48,563 P129395 INFO Set column index...
2024-09-23 03:00:48,563 P129395 INFO Feature specs: {
    "Age": "{'source': '', 'type': 'categorical', 'padding_idx': 0, 'vocab_size': 9}",
    "Gender": "{'source': '', 'type': 'categorical', 'padding_idx': 0, 'vocab_size': 4}",
    "Genres": "{'source': '', 'type': 'sequence', 'feature_encoder': 'layers.MaskedAveragePooling()', 'padding_idx': 0, 'max_len': 5, 'vocab_size': 302}",
    "MovieID": "{'source': '', 'type': 'categorical', 'padding_idx': 0, 'vocab_size': 3659}",
    "Occupation": "{'source': '', 'type': 'categorical', 'padding_idx': 0, 'vocab_size': 23}",
    "Release": "{'source': '', 'type': 'categorical', 'padding_idx': 0, 'vocab_size': 83}",
    "UserID": "{'source': '', 'type': 'categorical', 'padding_idx': 0, 'vocab_size': 6042}"
}
2024-09-23 03:00:50,106 P129395 INFO Total number of parameters: 1293050.
2024-09-23 03:00:50,106 P129395 INFO Loading datasets...
2024-09-23 03:00:52,097 P129395 INFO Train samples: total/700146, blocks/1
2024-09-23 03:00:52,609 P129395 INFO Validation samples: total/200041, blocks/1
2024-09-23 03:00:52,609 P129395 INFO Loading train and validation data done.
2024-09-23 03:00:52,610 P129395 INFO Start training: 171 batches/epoch
2024-09-23 03:00:52,610 P129395 INFO ************ Epoch=1 start ************
2024-09-23 03:02:30,796 P129395 INFO Train loss: 0.414129
2024-09-23 03:02:30,797 P129395 INFO Evaluation @epoch 1 - batch 171: 
2024-09-23 03:02:36,865 P129395 INFO [Metrics] AUC: 0.814767 - logloss: 0.347512
2024-09-23 03:02:36,866 P129395 INFO Save best model: monitor(max)=0.814767
2024-09-23 03:02:36,915 P129395 INFO ************ Epoch=1 end ************
2024-09-23 03:04:13,696 P129395 INFO Train loss: 0.369137
2024-09-23 03:04:13,696 P129395 INFO Evaluation @epoch 2 - batch 171: 
2024-09-23 03:04:19,881 P129395 INFO [Metrics] AUC: 0.823240 - logloss: 0.341058
2024-09-23 03:04:19,882 P129395 INFO Save best model: monitor(max)=0.823240
2024-09-23 03:04:19,953 P129395 INFO ************ Epoch=2 end ************
2024-09-23 03:05:55,577 P129395 INFO Train loss: 0.363708
2024-09-23 03:05:55,578 P129395 INFO Evaluation @epoch 3 - batch 171: 
2024-09-23 03:06:01,757 P129395 INFO [Metrics] AUC: 0.828586 - logloss: 0.336930
2024-09-23 03:06:01,757 P129395 INFO Save best model: monitor(max)=0.828586
2024-09-23 03:06:01,829 P129395 INFO ************ Epoch=3 end ************
2024-09-23 03:07:38,275 P129395 INFO Train loss: 0.360619
2024-09-23 03:07:38,276 P129395 INFO Evaluation @epoch 4 - batch 171: 
2024-09-23 03:07:44,356 P129395 INFO [Metrics] AUC: 0.833296 - logloss: 0.333149
2024-09-23 03:07:44,356 P129395 INFO Save best model: monitor(max)=0.833296
2024-09-23 03:07:44,428 P129395 INFO ************ Epoch=4 end ************
2024-09-23 03:09:20,669 P129395 INFO Train loss: 0.357558
2024-09-23 03:09:20,670 P129395 INFO Evaluation @epoch 5 - batch 171: 
2024-09-23 03:09:26,854 P129395 INFO [Metrics] AUC: 0.835088 - logloss: 0.331977
2024-09-23 03:09:26,855 P129395 INFO Save best model: monitor(max)=0.835088
2024-09-23 03:09:26,934 P129395 INFO ************ Epoch=5 end ************
2024-09-23 03:11:03,744 P129395 INFO Train loss: 0.355869
2024-09-23 03:11:03,744 P129395 INFO Evaluation @epoch 6 - batch 171: 
2024-09-23 03:11:09,956 P129395 INFO [Metrics] AUC: 0.837915 - logloss: 0.329962
2024-09-23 03:11:09,957 P129395 INFO Save best model: monitor(max)=0.837915
2024-09-23 03:11:10,040 P129395 INFO ************ Epoch=6 end ************
2024-09-23 03:12:46,393 P129395 INFO Train loss: 0.354513
2024-09-23 03:12:46,394 P129395 INFO Evaluation @epoch 7 - batch 171: 
2024-09-23 03:12:52,293 P129395 INFO [Metrics] AUC: 0.839773 - logloss: 0.328359
2024-09-23 03:12:52,294 P129395 INFO Save best model: monitor(max)=0.839773
2024-09-23 03:12:52,370 P129395 INFO ************ Epoch=7 end ************
2024-09-23 03:14:25,484 P129395 INFO Train loss: 0.353476
2024-09-23 03:14:25,484 P129395 INFO Evaluation @epoch 8 - batch 171: 
2024-09-23 03:14:31,645 P129395 INFO [Metrics] AUC: 0.840473 - logloss: 0.327907
2024-09-23 03:14:31,646 P129395 INFO Save best model: monitor(max)=0.840473
2024-09-23 03:14:31,725 P129395 INFO ************ Epoch=8 end ************
2024-09-23 03:16:06,082 P129395 INFO Train loss: 0.352796
2024-09-23 03:16:06,082 P129395 INFO Evaluation @epoch 9 - batch 171: 
2024-09-23 03:16:12,323 P129395 INFO [Metrics] AUC: 0.841472 - logloss: 0.326960
2024-09-23 03:16:12,324 P129395 INFO Save best model: monitor(max)=0.841472
2024-09-23 03:16:12,406 P129395 INFO ************ Epoch=9 end ************
2024-09-23 03:17:48,709 P129395 INFO Train loss: 0.352093
2024-09-23 03:17:48,710 P129395 INFO Evaluation @epoch 10 - batch 171: 
2024-09-23 03:17:54,896 P129395 INFO [Metrics] AUC: 0.842990 - logloss: 0.325858
2024-09-23 03:17:54,897 P129395 INFO Save best model: monitor(max)=0.842990
2024-09-23 03:17:54,970 P129395 INFO ************ Epoch=10 end ************
2024-09-23 03:19:25,419 P129395 INFO Train loss: 0.351259
2024-09-23 03:19:25,420 P129395 INFO Evaluation @epoch 11 - batch 171: 
2024-09-23 03:19:30,576 P129395 INFO [Metrics] AUC: 0.842838 - logloss: 0.325625
2024-09-23 03:19:30,576 P129395 INFO Monitor(max)=0.842838 STOP!
2024-09-23 03:19:30,577 P129395 INFO Reduce learning rate on plateau: 0.000100
2024-09-23 03:19:30,648 P129395 INFO ************ Epoch=11 end ************
2024-09-23 03:21:07,992 P129395 INFO Train loss: 0.324100
2024-09-23 03:21:07,993 P129395 INFO Evaluation @epoch 12 - batch 171: 
2024-09-23 03:21:13,982 P129395 INFO [Metrics] AUC: 0.850454 - logloss: 0.319972
2024-09-23 03:21:13,983 P129395 INFO Save best model: monitor(max)=0.850454
2024-09-23 03:21:14,070 P129395 INFO ************ Epoch=12 end ************
2024-09-23 03:22:50,910 P129395 INFO Train loss: 0.311430
2024-09-23 03:22:50,911 P129395 INFO Evaluation @epoch 13 - batch 171: 
2024-09-23 03:22:57,041 P129395 INFO [Metrics] AUC: 0.853098 - logloss: 0.319000
2024-09-23 03:22:57,042 P129395 INFO Save best model: monitor(max)=0.853098
2024-09-23 03:22:57,127 P129395 INFO ************ Epoch=13 end ************
2024-09-23 03:24:33,457 P129395 INFO Train loss: 0.305104
2024-09-23 03:24:33,458 P129395 INFO Evaluation @epoch 14 - batch 171: 
2024-09-23 03:24:39,501 P129395 INFO [Metrics] AUC: 0.853856 - logloss: 0.318710
2024-09-23 03:24:39,502 P129395 INFO Save best model: monitor(max)=0.853856
2024-09-23 03:24:39,589 P129395 INFO ************ Epoch=14 end ************
2024-09-23 03:26:16,603 P129395 INFO Train loss: 0.300400
2024-09-23 03:26:16,604 P129395 INFO Evaluation @epoch 15 - batch 171: 
2024-09-23 03:26:22,738 P129395 INFO [Metrics] AUC: 0.853228 - logloss: 0.320054
2024-09-23 03:26:22,739 P129395 INFO Monitor(max)=0.853228 STOP!
2024-09-23 03:26:22,740 P129395 INFO Reduce learning rate on plateau: 0.000010
2024-09-23 03:26:22,813 P129395 INFO ************ Epoch=15 end ************
2024-09-23 03:27:59,754 P129395 INFO Train loss: 0.287286
2024-09-23 03:27:59,754 P129395 INFO Evaluation @epoch 16 - batch 171: 
2024-09-23 03:28:05,903 P129395 INFO [Metrics] AUC: 0.852682 - logloss: 0.323188
2024-09-23 03:28:05,904 P129395 INFO Monitor(max)=0.852682 STOP!
2024-09-23 03:28:05,904 P129395 INFO Reduce learning rate on plateau: 0.000001
2024-09-23 03:28:05,904 P129395 INFO ********* Epoch=16 early stop *********
2024-09-23 03:28:05,992 P129395 INFO Training finished.
2024-09-23 03:28:05,992 P129395 INFO Load best model: /workspace/checkpoints/ML_1M_7_x1/ViTExpDCNv3_ML_1M_007_7bc5cbd9.model
