2024-09-23 01:16:28,941 P86888 INFO FuxiCTR version: 2.3.2
2024-09-23 01:16:28,942 P86888 INFO Params: {
    "batch_norm": "True",
    "batch_size": "4096",
    "data_format": "csv",
    "data_root": "dataset/",
    "dataset_id": "ML_1M_7_x1",
    "debug_mode": "False",
    "deep_net_dropout": "0.1",
    "early_stop_patience": "2",
    "embedding_dim": "16",
    "embedding_regularizer": "0.01",
    "epochs": "100",
    "eval_steps": "None",
    "feature_cols": "[{'active': True, 'dtype': 'str', 'name': ['UserID', 'Gender', 'Age', 'Occupation', 'MovieID', 'Release'], 'type': 'categorical'}, {'active': True, 'dtype': 'str', 'encoder': 'MaskedSumPooling', 'max_len': 5, 'name': 'Genres', 'splitter': '^', 'type': 'sequence'}]",
    "feature_config": "None",
    "feature_specs": "None",
    "gpu": "0",
    "group_id": "None",
    "label_col": "{'dtype': 'float', 'name': 'Label'}",
    "layer_norm": "True",
    "learning_rate": "0.001",
    "loss": "binary_crossentropy",
    "metrics": "['logloss', 'AUC']",
    "min_categr_count": "1",
    "model": "ViTLinDCNv3",
    "model_id": "ViTLinDCNv3_ML_1M_001_5b00449c",
    "model_root": "./checkpoints/",
    "monitor": "{'AUC': 1, 'logloss': 0}",
    "monitor_mode": "max",
    "net_regularizer": "0",
    "num_deep_cross_layers": "2",
    "num_heads": "1",
    "num_shallow_cross_layers": "2",
    "num_workers": "4",
    "optimizer": "adam",
    "pickle_feature_encoder": "True",
    "save_best_only": "True",
    "seed": "2024",
    "shallow_net_dropout": "0.1",
    "shuffle": "True",
    "task": "binary_classification",
    "test_data": "dataset/ML_1M/test.csv",
    "train_data": "dataset/ML_1M/train.csv",
    "use_features": "None",
    "valid_data": "dataset/ML_1M/valid.csv",
    "verbose": "1",
    "vit_hidden_dim": "32",
    "vit_num_heads": "2",
    "vit_num_layers": "1",
    "vit_patch_size": "4"
}
2024-09-23 01:16:28,943 P86888 INFO Set up feature processor...
2024-09-23 01:16:28,944 P86888 WARNING Skip rebuilding dataset/ML_1M_7_x1/feature_map.json. Please delete it manually if rebuilding is required.
2024-09-23 01:16:28,944 P86888 INFO Load feature_map from json: dataset/ML_1M_7_x1/feature_map.json
2024-09-23 01:16:28,944 P86888 INFO Set column index...
2024-09-23 01:16:28,944 P86888 INFO Feature specs: {
    "Age": "{'source': '', 'type': 'categorical', 'padding_idx': 0, 'vocab_size': 9}",
    "Gender": "{'source': '', 'type': 'categorical', 'padding_idx': 0, 'vocab_size': 4}",
    "Genres": "{'source': '', 'type': 'sequence', 'feature_encoder': 'layers.MaskedAveragePooling()', 'padding_idx': 0, 'max_len': 5, 'vocab_size': 302}",
    "MovieID": "{'source': '', 'type': 'categorical', 'padding_idx': 0, 'vocab_size': 3659}",
    "Occupation": "{'source': '', 'type': 'categorical', 'padding_idx': 0, 'vocab_size': 23}",
    "Release": "{'source': '', 'type': 'categorical', 'padding_idx': 0, 'vocab_size': 83}",
    "UserID": "{'source': '', 'type': 'categorical', 'padding_idx': 0, 'vocab_size': 6042}"
}
2024-09-23 01:16:30,177 P86888 INFO Total number of parameters: 468026.
2024-09-23 01:16:30,177 P86888 INFO Loading datasets...
2024-09-23 01:16:32,109 P86888 INFO Train samples: total/700146, blocks/1
2024-09-23 01:16:32,667 P86888 INFO Validation samples: total/200041, blocks/1
2024-09-23 01:16:32,667 P86888 INFO Loading train and validation data done.
2024-09-23 01:16:32,668 P86888 INFO Start training: 171 batches/epoch
2024-09-23 01:16:32,668 P86888 INFO ************ Epoch=1 start ************
2024-09-23 01:16:55,840 P86888 INFO Train loss: 0.414132
2024-09-23 01:16:55,840 P86888 INFO Evaluation @epoch 1 - batch 171: 
2024-09-23 01:16:57,761 P86888 INFO [Metrics] AUC: 0.814409 - logloss: 0.348304
2024-09-23 01:16:57,762 P86888 INFO Save best model: monitor(max)=0.814409
2024-09-23 01:16:57,802 P86888 INFO ************ Epoch=1 end ************
2024-09-23 01:17:19,257 P86888 INFO Train loss: 0.366729
2024-09-23 01:17:19,258 P86888 INFO Evaluation @epoch 2 - batch 171: 
2024-09-23 01:17:21,059 P86888 INFO [Metrics] AUC: 0.825355 - logloss: 0.340373
2024-09-23 01:17:21,059 P86888 INFO Save best model: monitor(max)=0.825355
2024-09-23 01:17:21,126 P86888 INFO ************ Epoch=2 end ************
2024-09-23 01:17:49,272 P86888 INFO Train loss: 0.360392
2024-09-23 01:17:49,272 P86888 INFO Evaluation @epoch 3 - batch 171: 
2024-09-23 01:17:51,930 P86888 INFO [Metrics] AUC: 0.833592 - logloss: 0.333843
2024-09-23 01:17:51,931 P86888 INFO Save best model: monitor(max)=0.833592
2024-09-23 01:17:51,999 P86888 INFO ************ Epoch=3 end ************
2024-09-23 01:18:27,537 P86888 INFO Train loss: 0.357237
2024-09-23 01:18:27,537 P86888 INFO Evaluation @epoch 4 - batch 171: 
2024-09-23 01:18:30,218 P86888 INFO [Metrics] AUC: 0.834908 - logloss: 0.332097
2024-09-23 01:18:30,219 P86888 INFO Save best model: monitor(max)=0.834908
2024-09-23 01:18:30,279 P86888 INFO ************ Epoch=4 end ************
2024-09-23 01:19:06,757 P86888 INFO Train loss: 0.354901
2024-09-23 01:19:06,757 P86888 INFO Evaluation @epoch 5 - batch 171: 
2024-09-23 01:19:09,462 P86888 INFO [Metrics] AUC: 0.838065 - logloss: 0.330006
2024-09-23 01:19:09,463 P86888 INFO Save best model: monitor(max)=0.838065
2024-09-23 01:19:09,519 P86888 INFO ************ Epoch=5 end ************
2024-09-23 01:19:46,395 P86888 INFO Train loss: 0.353409
2024-09-23 01:19:46,395 P86888 INFO Evaluation @epoch 6 - batch 171: 
2024-09-23 01:19:49,033 P86888 INFO [Metrics] AUC: 0.840118 - logloss: 0.328175
2024-09-23 01:19:49,034 P86888 INFO Save best model: monitor(max)=0.840118
2024-09-23 01:19:49,091 P86888 INFO ************ Epoch=6 end ************
2024-09-23 01:20:25,607 P86888 INFO Train loss: 0.353060
2024-09-23 01:20:25,607 P86888 INFO Evaluation @epoch 7 - batch 171: 
2024-09-23 01:20:28,199 P86888 INFO [Metrics] AUC: 0.840445 - logloss: 0.327922
2024-09-23 01:20:28,200 P86888 INFO Save best model: monitor(max)=0.840445
2024-09-23 01:20:28,259 P86888 INFO ************ Epoch=7 end ************
2024-09-23 01:21:04,586 P86888 INFO Train loss: 0.352202
2024-09-23 01:21:04,586 P86888 INFO Evaluation @epoch 8 - batch 171: 
2024-09-23 01:21:07,308 P86888 INFO [Metrics] AUC: 0.841564 - logloss: 0.327341
2024-09-23 01:21:07,309 P86888 INFO Save best model: monitor(max)=0.841564
2024-09-23 01:21:07,370 P86888 INFO ************ Epoch=8 end ************
2024-09-23 01:21:42,869 P86888 INFO Train loss: 0.351751
2024-09-23 01:21:42,870 P86888 INFO Evaluation @epoch 9 - batch 171: 
2024-09-23 01:21:45,739 P86888 INFO [Metrics] AUC: 0.842605 - logloss: 0.326107
2024-09-23 01:21:45,739 P86888 INFO Save best model: monitor(max)=0.842605
2024-09-23 01:21:45,806 P86888 INFO ************ Epoch=9 end ************
2024-09-23 01:22:19,947 P86888 INFO Train loss: 0.350960
2024-09-23 01:22:19,948 P86888 INFO Evaluation @epoch 10 - batch 171: 
2024-09-23 01:22:21,997 P86888 INFO [Metrics] AUC: 0.842889 - logloss: 0.326168
2024-09-23 01:22:21,998 P86888 INFO Save best model: monitor(max)=0.842889
2024-09-23 01:22:22,062 P86888 INFO ************ Epoch=10 end ************
2024-09-23 01:22:50,595 P86888 INFO Train loss: 0.350903
2024-09-23 01:22:50,596 P86888 INFO Evaluation @epoch 11 - batch 171: 
2024-09-23 01:22:53,257 P86888 INFO [Metrics] AUC: 0.842540 - logloss: 0.326423
2024-09-23 01:22:53,258 P86888 INFO Monitor(max)=0.842540 STOP!
2024-09-23 01:22:53,258 P86888 INFO Reduce learning rate on plateau: 0.000100
2024-09-23 01:22:53,316 P86888 INFO ************ Epoch=11 end ************
2024-09-23 01:23:29,580 P86888 INFO Train loss: 0.324322
2024-09-23 01:23:29,580 P86888 INFO Evaluation @epoch 12 - batch 171: 
2024-09-23 01:23:32,352 P86888 INFO [Metrics] AUC: 0.850762 - logloss: 0.320165
2024-09-23 01:23:32,352 P86888 INFO Save best model: monitor(max)=0.850762
2024-09-23 01:23:32,413 P86888 INFO ************ Epoch=12 end ************
2024-09-23 01:24:08,481 P86888 INFO Train loss: 0.311780
2024-09-23 01:24:08,481 P86888 INFO Evaluation @epoch 13 - batch 171: 
2024-09-23 01:24:11,309 P86888 INFO [Metrics] AUC: 0.853344 - logloss: 0.318894
2024-09-23 01:24:11,310 P86888 INFO Save best model: monitor(max)=0.853344
2024-09-23 01:24:11,369 P86888 INFO ************ Epoch=13 end ************
2024-09-23 01:24:48,383 P86888 INFO Train loss: 0.305269
2024-09-23 01:24:48,384 P86888 INFO Evaluation @epoch 14 - batch 171: 
2024-09-23 01:24:50,714 P86888 INFO [Metrics] AUC: 0.853987 - logloss: 0.318993
2024-09-23 01:24:50,715 P86888 INFO Save best model: monitor(max)=0.853987
2024-09-23 01:24:50,774 P86888 INFO ************ Epoch=14 end ************
2024-09-23 01:25:27,394 P86888 INFO Train loss: 0.300590
2024-09-23 01:25:27,395 P86888 INFO Evaluation @epoch 15 - batch 171: 
2024-09-23 01:25:30,063 P86888 INFO [Metrics] AUC: 0.853871 - logloss: 0.319918
2024-09-23 01:25:30,064 P86888 INFO Monitor(max)=0.853871 STOP!
2024-09-23 01:25:30,064 P86888 INFO Reduce learning rate on plateau: 0.000010
2024-09-23 01:25:30,126 P86888 INFO ************ Epoch=15 end ************
2024-09-23 01:26:06,430 P86888 INFO Train loss: 0.288068
2024-09-23 01:26:06,430 P86888 INFO Evaluation @epoch 16 - batch 171: 
2024-09-23 01:26:09,365 P86888 INFO [Metrics] AUC: 0.853550 - logloss: 0.321666
2024-09-23 01:26:09,366 P86888 INFO Monitor(max)=0.853550 STOP!
2024-09-23 01:26:09,367 P86888 INFO Reduce learning rate on plateau: 0.000001
2024-09-23 01:26:09,367 P86888 INFO ********* Epoch=16 early stop *********
2024-09-23 01:26:09,494 P86888 INFO Training finished.
2024-09-23 01:26:09,494 P86888 INFO Load best model: /workspace/checkpoints/ML_1M_7_x1/ViTLinDCNv3_ML_1M_001_5b00449c.model
