2024-09-23 08:37:44,860 P251918 INFO FuxiCTR version: 2.3.2
2024-09-23 08:37:44,861 P251918 INFO Params: {
    "batch_norm": "True",
    "batch_size": "4096",
    "data_format": "csv",
    "data_root": "dataset/",
    "dataset_id": "ML_1M_7_x1",
    "debug_mode": "False",
    "deep_net_dropout": "0.1",
    "early_stop_patience": "2",
    "embedding_dim": "16",
    "embedding_regularizer": "0.01",
    "epochs": "100",
    "eval_steps": "None",
    "feature_cols": "[{'active': True, 'dtype': 'str', 'name': ['UserID', 'Gender', 'Age', 'Occupation', 'MovieID', 'Release'], 'type': 'categorical'}, {'active': True, 'dtype': 'str', 'encoder': 'MaskedSumPooling', 'max_len': 5, 'name': 'Genres', 'splitter': '^', 'type': 'sequence'}]",
    "feature_config": "None",
    "feature_specs": "None",
    "gpu": "0",
    "group_id": "None",
    "label_col": "{'dtype': 'float', 'name': 'Label'}",
    "layer_norm": "True",
    "learning_rate": "0.001",
    "loss": "binary_crossentropy",
    "metrics": "['logloss', 'AUC']",
    "min_categr_count": "1",
    "model": "ViTLinDCNv3",
    "model_id": "ViTLinDCNv3_ML_1M_022_fb1f1d41",
    "model_root": "./checkpoints/",
    "monitor": "{'AUC': 1, 'logloss': 0}",
    "monitor_mode": "max",
    "net_regularizer": "0",
    "num_deep_cross_layers": "2",
    "num_heads": "1",
    "num_shallow_cross_layers": "2",
    "num_workers": "4",
    "optimizer": "adam",
    "pickle_feature_encoder": "True",
    "save_best_only": "True",
    "seed": "2024",
    "shallow_net_dropout": "0.1",
    "shuffle": "True",
    "task": "binary_classification",
    "test_data": "dataset/ML_1M/test.csv",
    "train_data": "dataset/ML_1M/train.csv",
    "use_features": "None",
    "valid_data": "dataset/ML_1M/valid.csv",
    "verbose": "1",
    "vit_hidden_dim": "128",
    "vit_num_heads": "2",
    "vit_num_layers": "2",
    "vit_patch_size": "4"
}
2024-09-23 08:37:44,862 P251918 INFO Set up feature processor...
2024-09-23 08:37:44,862 P251918 WARNING Skip rebuilding dataset/ML_1M_7_x1/feature_map.json. Please delete it manually if rebuilding is required.
2024-09-23 08:37:44,862 P251918 INFO Load feature_map from json: dataset/ML_1M_7_x1/feature_map.json
2024-09-23 08:37:44,863 P251918 INFO Set column index...
2024-09-23 08:37:44,863 P251918 INFO Feature specs: {
    "Age": "{'source': '', 'type': 'categorical', 'padding_idx': 0, 'vocab_size': 9}",
    "Gender": "{'source': '', 'type': 'categorical', 'padding_idx': 0, 'vocab_size': 4}",
    "Genres": "{'source': '', 'type': 'sequence', 'feature_encoder': 'layers.MaskedAveragePooling()', 'padding_idx': 0, 'max_len': 5, 'vocab_size': 302}",
    "MovieID": "{'source': '', 'type': 'categorical', 'padding_idx': 0, 'vocab_size': 3659}",
    "Occupation": "{'source': '', 'type': 'categorical', 'padding_idx': 0, 'vocab_size': 23}",
    "Release": "{'source': '', 'type': 'categorical', 'padding_idx': 0, 'vocab_size': 83}",
    "UserID": "{'source': '', 'type': 'categorical', 'padding_idx': 0, 'vocab_size': 6042}"
}
2024-09-23 08:37:46,289 P251918 INFO Total number of parameters: 2579322.
2024-09-23 08:37:46,290 P251918 INFO Loading datasets...
2024-09-23 08:37:48,381 P251918 INFO Train samples: total/700146, blocks/1
2024-09-23 08:37:49,074 P251918 INFO Validation samples: total/200041, blocks/1
2024-09-23 08:37:49,074 P251918 INFO Loading train and validation data done.
2024-09-23 08:37:49,075 P251918 INFO Start training: 171 batches/epoch
2024-09-23 08:37:49,075 P251918 INFO ************ Epoch=1 start ************
2024-09-23 08:39:07,032 P251918 INFO Train loss: 0.407816
2024-09-23 08:39:07,032 P251918 INFO Evaluation @epoch 1 - batch 171: 
2024-09-23 08:39:12,623 P251918 INFO [Metrics] AUC: 0.813305 - logloss: 0.348578
2024-09-23 08:39:12,623 P251918 INFO Save best model: monitor(max)=0.813305
2024-09-23 08:39:12,684 P251918 INFO ************ Epoch=1 end ************
2024-09-23 08:40:28,932 P251918 INFO Train loss: 0.367548
2024-09-23 08:40:28,932 P251918 INFO Evaluation @epoch 2 - batch 171: 
2024-09-23 08:40:34,086 P251918 INFO [Metrics] AUC: 0.822873 - logloss: 0.341382
2024-09-23 08:40:34,086 P251918 INFO Save best model: monitor(max)=0.822873
2024-09-23 08:40:34,156 P251918 INFO ************ Epoch=2 end ************
2024-09-23 08:41:49,525 P251918 INFO Train loss: 0.362994
2024-09-23 08:41:49,526 P251918 INFO Evaluation @epoch 3 - batch 171: 
2024-09-23 08:41:54,564 P251918 INFO [Metrics] AUC: 0.828561 - logloss: 0.337319
2024-09-23 08:41:54,564 P251918 INFO Save best model: monitor(max)=0.828561
2024-09-23 08:41:54,644 P251918 INFO ************ Epoch=3 end ************
2024-09-23 08:43:10,269 P251918 INFO Train loss: 0.359957
2024-09-23 08:43:10,270 P251918 INFO Evaluation @epoch 4 - batch 171: 
2024-09-23 08:43:15,462 P251918 INFO [Metrics] AUC: 0.833119 - logloss: 0.333178
2024-09-23 08:43:15,462 P251918 INFO Save best model: monitor(max)=0.833119
2024-09-23 08:43:15,542 P251918 INFO ************ Epoch=4 end ************
2024-09-23 08:44:30,060 P251918 INFO Train loss: 0.357643
2024-09-23 08:44:30,060 P251918 INFO Evaluation @epoch 5 - batch 171: 
2024-09-23 08:44:35,221 P251918 INFO [Metrics] AUC: 0.835687 - logloss: 0.331737
2024-09-23 08:44:35,221 P251918 INFO Save best model: monitor(max)=0.835687
2024-09-23 08:44:35,303 P251918 INFO ************ Epoch=5 end ************
2024-09-23 08:45:51,714 P251918 INFO Train loss: 0.355497
2024-09-23 08:45:51,714 P251918 INFO Evaluation @epoch 6 - batch 171: 
2024-09-23 08:45:56,508 P251918 INFO [Metrics] AUC: 0.837335 - logloss: 0.329951
2024-09-23 08:45:56,509 P251918 INFO Save best model: monitor(max)=0.837335
2024-09-23 08:45:56,571 P251918 INFO ************ Epoch=6 end ************
2024-09-23 08:47:10,750 P251918 INFO Train loss: 0.354230
2024-09-23 08:47:10,751 P251918 INFO Evaluation @epoch 7 - batch 171: 
2024-09-23 08:47:15,851 P251918 INFO [Metrics] AUC: 0.839249 - logloss: 0.328965
2024-09-23 08:47:15,852 P251918 INFO Save best model: monitor(max)=0.839249
2024-09-23 08:47:15,963 P251918 INFO ************ Epoch=7 end ************
2024-09-23 08:48:32,303 P251918 INFO Train loss: 0.352949
2024-09-23 08:48:32,304 P251918 INFO Evaluation @epoch 8 - batch 171: 
2024-09-23 08:48:37,289 P251918 INFO [Metrics] AUC: 0.841021 - logloss: 0.327203
2024-09-23 08:48:37,290 P251918 INFO Save best model: monitor(max)=0.841021
2024-09-23 08:48:37,384 P251918 INFO ************ Epoch=8 end ************
2024-09-23 08:49:52,871 P251918 INFO Train loss: 0.352355
2024-09-23 08:49:52,872 P251918 INFO Evaluation @epoch 9 - batch 171: 
2024-09-23 08:49:58,287 P251918 INFO [Metrics] AUC: 0.841700 - logloss: 0.326778
2024-09-23 08:49:58,288 P251918 INFO Save best model: monitor(max)=0.841700
2024-09-23 08:49:58,362 P251918 INFO ************ Epoch=9 end ************
2024-09-23 08:51:14,338 P251918 INFO Train loss: 0.351722
2024-09-23 08:51:14,339 P251918 INFO Evaluation @epoch 10 - batch 171: 
2024-09-23 08:51:19,370 P251918 INFO [Metrics] AUC: 0.842793 - logloss: 0.326426
2024-09-23 08:51:19,371 P251918 INFO Save best model: monitor(max)=0.842793
2024-09-23 08:51:19,463 P251918 INFO ************ Epoch=10 end ************
2024-09-23 08:52:35,156 P251918 INFO Train loss: 0.350741
2024-09-23 08:52:35,156 P251918 INFO Evaluation @epoch 11 - batch 171: 
2024-09-23 08:52:40,342 P251918 INFO [Metrics] AUC: 0.842543 - logloss: 0.325868
2024-09-23 08:52:40,343 P251918 INFO Monitor(max)=0.842543 STOP!
2024-09-23 08:52:40,343 P251918 INFO Reduce learning rate on plateau: 0.000100
2024-09-23 08:52:40,444 P251918 INFO ************ Epoch=11 end ************
2024-09-23 08:53:55,959 P251918 INFO Train loss: 0.323320
2024-09-23 08:53:55,959 P251918 INFO Evaluation @epoch 12 - batch 171: 
2024-09-23 08:54:00,939 P251918 INFO [Metrics] AUC: 0.850936 - logloss: 0.321026
2024-09-23 08:54:00,940 P251918 INFO Save best model: monitor(max)=0.850936
2024-09-23 08:54:01,018 P251918 INFO ************ Epoch=12 end ************
2024-09-23 08:55:16,355 P251918 INFO Train loss: 0.310691
2024-09-23 08:55:16,355 P251918 INFO Evaluation @epoch 13 - batch 171: 
2024-09-23 08:55:21,384 P251918 INFO [Metrics] AUC: 0.853156 - logloss: 0.319741
2024-09-23 08:55:21,384 P251918 INFO Save best model: monitor(max)=0.853156
2024-09-23 08:55:21,466 P251918 INFO ************ Epoch=13 end ************
2024-09-23 08:56:33,469 P251918 INFO Train loss: 0.303856
2024-09-23 08:56:33,470 P251918 INFO Evaluation @epoch 14 - batch 171: 
2024-09-23 08:56:38,482 P251918 INFO [Metrics] AUC: 0.853522 - logloss: 0.320784
2024-09-23 08:56:38,484 P251918 INFO Save best model: monitor(max)=0.853522
2024-09-23 08:56:38,567 P251918 INFO ************ Epoch=14 end ************
2024-09-23 08:57:53,565 P251918 INFO Train loss: 0.299384
2024-09-23 08:57:53,565 P251918 INFO Evaluation @epoch 15 - batch 171: 
2024-09-23 08:57:58,640 P251918 INFO [Metrics] AUC: 0.853166 - logloss: 0.321426
2024-09-23 08:57:58,641 P251918 INFO Monitor(max)=0.853166 STOP!
2024-09-23 08:57:58,641 P251918 INFO Reduce learning rate on plateau: 0.000010
2024-09-23 08:57:58,725 P251918 INFO ************ Epoch=15 end ************
2024-09-23 08:59:14,777 P251918 INFO Train loss: 0.287039
2024-09-23 08:59:14,778 P251918 INFO Evaluation @epoch 16 - batch 171: 
2024-09-23 08:59:19,980 P251918 INFO [Metrics] AUC: 0.852568 - logloss: 0.324425
2024-09-23 08:59:19,981 P251918 INFO Monitor(max)=0.852568 STOP!
2024-09-23 08:59:19,981 P251918 INFO Reduce learning rate on plateau: 0.000001
2024-09-23 08:59:19,981 P251918 INFO ********* Epoch=16 early stop *********
2024-09-23 08:59:20,087 P251918 INFO Training finished.
2024-09-23 08:59:20,088 P251918 INFO Load best model: /workspace/checkpoints/ML_1M_7_x1/ViTLinDCNv3_ML_1M_022_fb1f1d41.model
