2024-09-23 04:56:10,555 P169954 INFO FuxiCTR version: 2.3.2
2024-09-23 04:56:10,556 P169954 INFO Params: {
    "batch_norm": "True",
    "batch_size": "4096",
    "data_format": "csv",
    "data_root": "dataset/",
    "dataset_id": "ML_1M_7_x1",
    "debug_mode": "False",
    "deep_net_dropout": "0.1",
    "early_stop_patience": "2",
    "embedding_dim": "16",
    "embedding_regularizer": "0.01",
    "epochs": "100",
    "eval_steps": "None",
    "feature_cols": "[{'active': True, 'dtype': 'str', 'name': ['UserID', 'Gender', 'Age', 'Occupation', 'MovieID', 'Release'], 'type': 'categorical'}, {'active': True, 'dtype': 'str', 'encoder': 'MaskedSumPooling', 'max_len': 5, 'name': 'Genres', 'splitter': '^', 'type': 'sequence'}]",
    "feature_config": "None",
    "feature_specs": "None",
    "gpu": "0",
    "group_id": "None",
    "label_col": "{'dtype': 'float', 'name': 'Label'}",
    "layer_norm": "True",
    "learning_rate": "0.001",
    "loss": "binary_crossentropy",
    "metrics": "['logloss', 'AUC']",
    "min_categr_count": "1",
    "model": "ViTLinDCNv3",
    "model_id": "ViTLinDCNv3_ML_1M_012_9af9b0db",
    "model_root": "./checkpoints/",
    "monitor": "{'AUC': 1, 'logloss': 0}",
    "monitor_mode": "max",
    "net_regularizer": "0",
    "num_deep_cross_layers": "2",
    "num_heads": "1",
    "num_shallow_cross_layers": "2",
    "num_workers": "4",
    "optimizer": "adam",
    "pickle_feature_encoder": "True",
    "save_best_only": "True",
    "seed": "2024",
    "shallow_net_dropout": "0.1",
    "shuffle": "True",
    "task": "binary_classification",
    "test_data": "dataset/ML_1M/test.csv",
    "train_data": "dataset/ML_1M/train.csv",
    "use_features": "None",
    "valid_data": "dataset/ML_1M/valid.csv",
    "verbose": "1",
    "vit_hidden_dim": "64",
    "vit_num_heads": "8",
    "vit_num_layers": "1",
    "vit_patch_size": "4"
}
2024-09-23 04:56:10,557 P169954 INFO Set up feature processor...
2024-09-23 04:56:10,557 P169954 WARNING Skip rebuilding dataset/ML_1M_7_x1/feature_map.json. Please delete it manually if rebuilding is required.
2024-09-23 04:56:10,557 P169954 INFO Load feature_map from json: dataset/ML_1M_7_x1/feature_map.json
2024-09-23 04:56:10,557 P169954 INFO Set column index...
2024-09-23 04:56:10,557 P169954 INFO Feature specs: {
    "Age": "{'source': '', 'type': 'categorical', 'padding_idx': 0, 'vocab_size': 9}",
    "Gender": "{'source': '', 'type': 'categorical', 'padding_idx': 0, 'vocab_size': 4}",
    "Genres": "{'source': '', 'type': 'sequence', 'feature_encoder': 'layers.MaskedAveragePooling()', 'padding_idx': 0, 'max_len': 5, 'vocab_size': 302}",
    "MovieID": "{'source': '', 'type': 'categorical', 'padding_idx': 0, 'vocab_size': 3659}",
    "Occupation": "{'source': '', 'type': 'categorical', 'padding_idx': 0, 'vocab_size': 23}",
    "Release": "{'source': '', 'type': 'categorical', 'padding_idx': 0, 'vocab_size': 83}",
    "UserID": "{'source': '', 'type': 'categorical', 'padding_idx': 0, 'vocab_size': 6042}"
}
2024-09-23 04:56:12,106 P169954 INFO Total number of parameters: 760058.
2024-09-23 04:56:12,107 P169954 INFO Loading datasets...
2024-09-23 04:56:14,196 P169954 INFO Train samples: total/700146, blocks/1
2024-09-23 04:56:14,707 P169954 INFO Validation samples: total/200041, blocks/1
2024-09-23 04:56:14,708 P169954 INFO Loading train and validation data done.
2024-09-23 04:56:14,708 P169954 INFO Start training: 171 batches/epoch
2024-09-23 04:56:14,708 P169954 INFO ************ Epoch=1 start ************
2024-09-23 04:57:18,984 P169954 INFO Train loss: 0.411680
2024-09-23 04:57:18,985 P169954 INFO Evaluation @epoch 1 - batch 171: 
2024-09-23 04:57:23,084 P169954 INFO [Metrics] AUC: 0.810537 - logloss: 0.350522
2024-09-23 04:57:23,084 P169954 INFO Save best model: monitor(max)=0.810537
2024-09-23 04:57:23,138 P169954 INFO ************ Epoch=1 end ************
2024-09-23 04:58:26,745 P169954 INFO Train loss: 0.368875
2024-09-23 04:58:26,746 P169954 INFO Evaluation @epoch 2 - batch 171: 
2024-09-23 04:58:30,801 P169954 INFO [Metrics] AUC: 0.824734 - logloss: 0.340133
2024-09-23 04:58:30,802 P169954 INFO Save best model: monitor(max)=0.824734
2024-09-23 04:58:30,900 P169954 INFO ************ Epoch=2 end ************
2024-09-23 04:59:34,207 P169954 INFO Train loss: 0.362960
2024-09-23 04:59:34,208 P169954 INFO Evaluation @epoch 3 - batch 171: 
2024-09-23 04:59:38,045 P169954 INFO [Metrics] AUC: 0.831792 - logloss: 0.335332
2024-09-23 04:59:38,046 P169954 INFO Save best model: monitor(max)=0.831792
2024-09-23 04:59:38,114 P169954 INFO ************ Epoch=3 end ************
2024-09-23 05:00:39,966 P169954 INFO Train loss: 0.359489
2024-09-23 05:00:39,966 P169954 INFO Evaluation @epoch 4 - batch 171: 
2024-09-23 05:00:43,370 P169954 INFO [Metrics] AUC: 0.835575 - logloss: 0.331899
2024-09-23 05:00:43,370 P169954 INFO Save best model: monitor(max)=0.835575
2024-09-23 05:00:43,456 P169954 INFO ************ Epoch=4 end ************
2024-09-23 05:01:45,694 P169954 INFO Train loss: 0.356973
2024-09-23 05:01:45,694 P169954 INFO Evaluation @epoch 5 - batch 171: 
2024-09-23 05:01:49,725 P169954 INFO [Metrics] AUC: 0.837582 - logloss: 0.330445
2024-09-23 05:01:49,726 P169954 INFO Save best model: monitor(max)=0.837582
2024-09-23 05:01:49,798 P169954 INFO ************ Epoch=5 end ************
2024-09-23 05:02:53,008 P169954 INFO Train loss: 0.354663
2024-09-23 05:02:53,009 P169954 INFO Evaluation @epoch 6 - batch 171: 
2024-09-23 05:02:57,079 P169954 INFO [Metrics] AUC: 0.839172 - logloss: 0.329159
2024-09-23 05:02:57,080 P169954 INFO Save best model: monitor(max)=0.839172
2024-09-23 05:02:57,158 P169954 INFO ************ Epoch=6 end ************
2024-09-23 05:04:00,991 P169954 INFO Train loss: 0.353177
2024-09-23 05:04:00,991 P169954 INFO Evaluation @epoch 7 - batch 171: 
2024-09-23 05:04:04,829 P169954 INFO [Metrics] AUC: 0.839942 - logloss: 0.328591
2024-09-23 05:04:04,830 P169954 INFO Save best model: monitor(max)=0.839942
2024-09-23 05:04:04,899 P169954 INFO ************ Epoch=7 end ************
2024-09-23 05:05:08,514 P169954 INFO Train loss: 0.352229
2024-09-23 05:05:08,515 P169954 INFO Evaluation @epoch 8 - batch 171: 
2024-09-23 05:05:12,500 P169954 INFO [Metrics] AUC: 0.840873 - logloss: 0.327724
2024-09-23 05:05:12,501 P169954 INFO Save best model: monitor(max)=0.840873
2024-09-23 05:05:12,585 P169954 INFO ************ Epoch=8 end ************
2024-09-23 05:06:16,633 P169954 INFO Train loss: 0.351423
2024-09-23 05:06:16,633 P169954 INFO Evaluation @epoch 9 - batch 171: 
2024-09-23 05:06:20,672 P169954 INFO [Metrics] AUC: 0.841529 - logloss: 0.326962
2024-09-23 05:06:20,673 P169954 INFO Save best model: monitor(max)=0.841529
2024-09-23 05:06:20,753 P169954 INFO ************ Epoch=9 end ************
2024-09-23 05:07:24,508 P169954 INFO Train loss: 0.351023
2024-09-23 05:07:24,508 P169954 INFO Evaluation @epoch 10 - batch 171: 
2024-09-23 05:07:28,491 P169954 INFO [Metrics] AUC: 0.842677 - logloss: 0.326217
2024-09-23 05:07:28,493 P169954 INFO Save best model: monitor(max)=0.842677
2024-09-23 05:07:28,599 P169954 INFO ************ Epoch=10 end ************
2024-09-23 05:08:32,414 P169954 INFO Train loss: 0.350361
2024-09-23 05:08:32,414 P169954 INFO Evaluation @epoch 11 - batch 171: 
2024-09-23 05:08:36,641 P169954 INFO [Metrics] AUC: 0.843535 - logloss: 0.325582
2024-09-23 05:08:36,642 P169954 INFO Save best model: monitor(max)=0.843535
2024-09-23 05:08:36,748 P169954 INFO ************ Epoch=11 end ************
2024-09-23 05:09:40,300 P169954 INFO Train loss: 0.349942
2024-09-23 05:09:40,300 P169954 INFO Evaluation @epoch 12 - batch 171: 
2024-09-23 05:09:44,465 P169954 INFO [Metrics] AUC: 0.844614 - logloss: 0.324676
2024-09-23 05:09:44,465 P169954 INFO Save best model: monitor(max)=0.844614
2024-09-23 05:09:44,534 P169954 INFO ************ Epoch=12 end ************
2024-09-23 05:10:48,056 P169954 INFO Train loss: 0.349518
2024-09-23 05:10:48,056 P169954 INFO Evaluation @epoch 13 - batch 171: 
2024-09-23 05:10:52,120 P169954 INFO [Metrics] AUC: 0.843457 - logloss: 0.325892
2024-09-23 05:10:52,121 P169954 INFO Monitor(max)=0.843457 STOP!
2024-09-23 05:10:52,121 P169954 INFO Reduce learning rate on plateau: 0.000100
2024-09-23 05:10:52,204 P169954 INFO ************ Epoch=13 end ************
2024-09-23 05:11:55,859 P169954 INFO Train loss: 0.321607
2024-09-23 05:11:55,859 P169954 INFO Evaluation @epoch 14 - batch 171: 
2024-09-23 05:11:59,599 P169954 INFO [Metrics] AUC: 0.851242 - logloss: 0.320881
2024-09-23 05:11:59,600 P169954 INFO Save best model: monitor(max)=0.851242
2024-09-23 05:11:59,676 P169954 INFO ************ Epoch=14 end ************
2024-09-23 05:13:03,378 P169954 INFO Train loss: 0.308736
2024-09-23 05:13:03,379 P169954 INFO Evaluation @epoch 15 - batch 171: 
2024-09-23 05:13:07,205 P169954 INFO [Metrics] AUC: 0.853435 - logloss: 0.319525
2024-09-23 05:13:07,206 P169954 INFO Save best model: monitor(max)=0.853435
2024-09-23 05:13:07,281 P169954 INFO ************ Epoch=15 end ************
2024-09-23 05:14:10,452 P169954 INFO Train loss: 0.302227
2024-09-23 05:14:10,452 P169954 INFO Evaluation @epoch 16 - batch 171: 
2024-09-23 05:14:14,587 P169954 INFO [Metrics] AUC: 0.853548 - logloss: 0.320571
2024-09-23 05:14:14,587 P169954 INFO Save best model: monitor(max)=0.853548
2024-09-23 05:14:14,675 P169954 INFO ************ Epoch=16 end ************
2024-09-23 05:15:15,137 P169954 INFO Train loss: 0.297179
2024-09-23 05:15:15,137 P169954 INFO Evaluation @epoch 17 - batch 171: 
2024-09-23 05:15:19,124 P169954 INFO [Metrics] AUC: 0.853450 - logloss: 0.322011
2024-09-23 05:15:19,125 P169954 INFO Monitor(max)=0.853450 STOP!
2024-09-23 05:15:19,125 P169954 INFO Reduce learning rate on plateau: 0.000010
2024-09-23 05:15:19,202 P169954 INFO ************ Epoch=17 end ************
2024-09-23 05:16:23,596 P169954 INFO Train loss: 0.284364
2024-09-23 05:16:23,596 P169954 INFO Evaluation @epoch 18 - batch 171: 
2024-09-23 05:16:27,579 P169954 INFO [Metrics] AUC: 0.852898 - logloss: 0.324791
2024-09-23 05:16:27,579 P169954 INFO Monitor(max)=0.852898 STOP!
2024-09-23 05:16:27,579 P169954 INFO Reduce learning rate on plateau: 0.000001
2024-09-23 05:16:27,579 P169954 INFO ********* Epoch=18 early stop *********
2024-09-23 05:16:27,659 P169954 INFO Training finished.
2024-09-23 05:16:27,660 P169954 INFO Load best model: /workspace/checkpoints/ML_1M_7_x1/ViTLinDCNv3_ML_1M_012_9af9b0db.model
