2024-09-23 09:30:57,609 P269652 INFO FuxiCTR version: 2.3.2
2024-09-23 09:30:57,610 P269652 INFO Params: {
    "batch_norm": "True",
    "batch_size": "4096",
    "data_format": "csv",
    "data_root": "dataset/",
    "dataset_id": "ML_1M_7_x1",
    "debug_mode": "False",
    "deep_net_dropout": "0.1",
    "early_stop_patience": "2",
    "embedding_dim": "16",
    "embedding_regularizer": "0.01",
    "epochs": "100",
    "eval_steps": "None",
    "feature_cols": "[{'active': True, 'dtype': 'str', 'name': ['UserID', 'Gender', 'Age', 'Occupation', 'MovieID', 'Release'], 'type': 'categorical'}, {'active': True, 'dtype': 'str', 'encoder': 'MaskedSumPooling', 'max_len': 5, 'name': 'Genres', 'splitter': '^', 'type': 'sequence'}]",
    "feature_config": "None",
    "feature_specs": "None",
    "gpu": "0",
    "group_id": "None",
    "label_col": "{'dtype': 'float', 'name': 'Label'}",
    "layer_norm": "True",
    "learning_rate": "0.001",
    "loss": "binary_crossentropy",
    "metrics": "['logloss', 'AUC']",
    "min_categr_count": "1",
    "model": "ViTLinDCNv3",
    "model_id": "ViTLinDCNv3_ML_1M_025_14a387e1",
    "model_root": "./checkpoints/",
    "monitor": "{'AUC': 1, 'logloss': 0}",
    "monitor_mode": "max",
    "net_regularizer": "0",
    "num_deep_cross_layers": "2",
    "num_heads": "1",
    "num_shallow_cross_layers": "2",
    "num_workers": "4",
    "optimizer": "adam",
    "pickle_feature_encoder": "True",
    "save_best_only": "True",
    "seed": "2024",
    "shallow_net_dropout": "0.1",
    "shuffle": "True",
    "task": "binary_classification",
    "test_data": "dataset/ML_1M/test.csv",
    "train_data": "dataset/ML_1M/train.csv",
    "use_features": "None",
    "valid_data": "dataset/ML_1M/valid.csv",
    "verbose": "1",
    "vit_hidden_dim": "128",
    "vit_num_heads": "2",
    "vit_num_layers": "4",
    "vit_patch_size": "4"
}
2024-09-23 09:30:57,611 P269652 INFO Set up feature processor...
2024-09-23 09:30:57,611 P269652 WARNING Skip rebuilding dataset/ML_1M_7_x1/feature_map.json. Please delete it manually if rebuilding is required.
2024-09-23 09:30:57,611 P269652 INFO Load feature_map from json: dataset/ML_1M_7_x1/feature_map.json
2024-09-23 09:30:57,612 P269652 INFO Set column index...
2024-09-23 09:30:57,612 P269652 INFO Feature specs: {
    "Age": "{'source': '', 'type': 'categorical', 'padding_idx': 0, 'vocab_size': 9}",
    "Gender": "{'source': '', 'type': 'categorical', 'padding_idx': 0, 'vocab_size': 4}",
    "Genres": "{'source': '', 'type': 'sequence', 'feature_encoder': 'layers.MaskedAveragePooling()', 'padding_idx': 0, 'max_len': 5, 'vocab_size': 302}",
    "MovieID": "{'source': '', 'type': 'categorical', 'padding_idx': 0, 'vocab_size': 3659}",
    "Occupation": "{'source': '', 'type': 'categorical', 'padding_idx': 0, 'vocab_size': 23}",
    "Release": "{'source': '', 'type': 'categorical', 'padding_idx': 0, 'vocab_size': 83}",
    "UserID": "{'source': '', 'type': 'categorical', 'padding_idx': 0, 'vocab_size': 6042}"
}
2024-09-23 09:30:58,986 P269652 INFO Total number of parameters: 4951418.
2024-09-23 09:30:58,986 P269652 INFO Loading datasets...
2024-09-23 09:31:01,116 P269652 INFO Train samples: total/700146, blocks/1
2024-09-23 09:31:01,745 P269652 INFO Validation samples: total/200041, blocks/1
2024-09-23 09:31:01,745 P269652 INFO Loading train and validation data done.
2024-09-23 09:31:01,745 P269652 INFO Start training: 171 batches/epoch
2024-09-23 09:31:01,746 P269652 INFO ************ Epoch=1 start ************
2024-09-23 09:32:43,011 P269652 INFO Train loss: 0.407946
2024-09-23 09:32:43,012 P269652 INFO Evaluation @epoch 1 - batch 171: 
2024-09-23 09:32:48,967 P269652 INFO [Metrics] AUC: 0.812411 - logloss: 0.349342
2024-09-23 09:32:48,967 P269652 INFO Save best model: monitor(max)=0.812411
2024-09-23 09:32:49,033 P269652 INFO ************ Epoch=1 end ************
2024-09-23 09:34:28,602 P269652 INFO Train loss: 0.366985
2024-09-23 09:34:28,603 P269652 INFO Evaluation @epoch 2 - batch 171: 
2024-09-23 09:34:35,085 P269652 INFO [Metrics] AUC: 0.824412 - logloss: 0.340442
2024-09-23 09:34:35,086 P269652 INFO Save best model: monitor(max)=0.824412
2024-09-23 09:34:35,163 P269652 INFO ************ Epoch=2 end ************
2024-09-23 09:36:14,387 P269652 INFO Train loss: 0.361221
2024-09-23 09:36:14,388 P269652 INFO Evaluation @epoch 3 - batch 171: 
2024-09-23 09:36:20,849 P269652 INFO [Metrics] AUC: 0.831462 - logloss: 0.334774
2024-09-23 09:36:20,851 P269652 INFO Save best model: monitor(max)=0.831462
2024-09-23 09:36:20,954 P269652 INFO ************ Epoch=3 end ************
2024-09-23 09:37:54,579 P269652 INFO Train loss: 0.358033
2024-09-23 09:37:54,580 P269652 INFO Evaluation @epoch 4 - batch 171: 
2024-09-23 09:38:01,058 P269652 INFO [Metrics] AUC: 0.835731 - logloss: 0.331716
2024-09-23 09:38:01,058 P269652 INFO Save best model: monitor(max)=0.835731
2024-09-23 09:38:01,131 P269652 INFO ************ Epoch=4 end ************
2024-09-23 09:39:39,062 P269652 INFO Train loss: 0.355747
2024-09-23 09:39:39,063 P269652 INFO Evaluation @epoch 5 - batch 171: 
2024-09-23 09:39:45,345 P269652 INFO [Metrics] AUC: 0.837851 - logloss: 0.330503
2024-09-23 09:39:45,347 P269652 INFO Save best model: monitor(max)=0.837851
2024-09-23 09:39:45,430 P269652 INFO ************ Epoch=5 end ************
2024-09-23 09:41:21,161 P269652 INFO Train loss: 0.354205
2024-09-23 09:41:21,162 P269652 INFO Evaluation @epoch 6 - batch 171: 
2024-09-23 09:41:27,471 P269652 INFO [Metrics] AUC: 0.839818 - logloss: 0.328518
2024-09-23 09:41:27,472 P269652 INFO Save best model: monitor(max)=0.839818
2024-09-23 09:41:27,560 P269652 INFO ************ Epoch=6 end ************
2024-09-23 09:43:03,648 P269652 INFO Train loss: 0.353268
2024-09-23 09:43:03,649 P269652 INFO Evaluation @epoch 7 - batch 171: 
2024-09-23 09:43:10,006 P269652 INFO [Metrics] AUC: 0.841566 - logloss: 0.327113
2024-09-23 09:43:10,007 P269652 INFO Save best model: monitor(max)=0.841566
2024-09-23 09:43:10,109 P269652 INFO ************ Epoch=7 end ************
2024-09-23 09:44:45,046 P269652 INFO Train loss: 0.352379
2024-09-23 09:44:45,047 P269652 INFO Evaluation @epoch 8 - batch 171: 
2024-09-23 09:44:51,409 P269652 INFO [Metrics] AUC: 0.842333 - logloss: 0.326517
2024-09-23 09:44:51,410 P269652 INFO Save best model: monitor(max)=0.842333
2024-09-23 09:44:51,529 P269652 INFO ************ Epoch=8 end ************
2024-09-23 09:46:29,509 P269652 INFO Train loss: 0.351668
2024-09-23 09:46:29,509 P269652 INFO Evaluation @epoch 9 - batch 171: 
2024-09-23 09:46:35,875 P269652 INFO [Metrics] AUC: 0.841674 - logloss: 0.327240
2024-09-23 09:46:35,876 P269652 INFO Monitor(max)=0.841674 STOP!
2024-09-23 09:46:35,876 P269652 INFO Reduce learning rate on plateau: 0.000100
2024-09-23 09:46:35,985 P269652 INFO ************ Epoch=9 end ************
2024-09-23 09:48:08,431 P269652 INFO Train loss: 0.325770
2024-09-23 09:48:08,432 P269652 INFO Evaluation @epoch 10 - batch 171: 
2024-09-23 09:48:14,783 P269652 INFO [Metrics] AUC: 0.850204 - logloss: 0.321195
2024-09-23 09:48:14,784 P269652 INFO Save best model: monitor(max)=0.850204
2024-09-23 09:48:14,865 P269652 INFO ************ Epoch=10 end ************
2024-09-23 09:49:52,820 P269652 INFO Train loss: 0.313930
2024-09-23 09:49:52,821 P269652 INFO Evaluation @epoch 11 - batch 171: 
2024-09-23 09:49:58,953 P269652 INFO [Metrics] AUC: 0.852698 - logloss: 0.320256
2024-09-23 09:49:58,954 P269652 INFO Save best model: monitor(max)=0.852698
2024-09-23 09:49:59,030 P269652 INFO ************ Epoch=11 end ************
2024-09-23 09:51:36,705 P269652 INFO Train loss: 0.307761
2024-09-23 09:51:36,705 P269652 INFO Evaluation @epoch 12 - batch 171: 
2024-09-23 09:51:43,162 P269652 INFO [Metrics] AUC: 0.853483 - logloss: 0.319570
2024-09-23 09:51:43,162 P269652 INFO Save best model: monitor(max)=0.853483
2024-09-23 09:51:43,235 P269652 INFO ************ Epoch=12 end ************
2024-09-23 09:53:17,992 P269652 INFO Train loss: 0.303261
2024-09-23 09:53:17,993 P269652 INFO Evaluation @epoch 13 - batch 171: 
2024-09-23 09:53:24,242 P269652 INFO [Metrics] AUC: 0.853376 - logloss: 0.320198
2024-09-23 09:53:24,242 P269652 INFO Monitor(max)=0.853376 STOP!
2024-09-23 09:53:24,243 P269652 INFO Reduce learning rate on plateau: 0.000010
2024-09-23 09:53:24,336 P269652 INFO ************ Epoch=13 end ************
2024-09-23 09:55:02,786 P269652 INFO Train loss: 0.290960
2024-09-23 09:55:02,786 P269652 INFO Evaluation @epoch 14 - batch 171: 
2024-09-23 09:55:09,252 P269652 INFO [Metrics] AUC: 0.852778 - logloss: 0.323085
2024-09-23 09:55:09,253 P269652 INFO Monitor(max)=0.852778 STOP!
2024-09-23 09:55:09,253 P269652 INFO Reduce learning rate on plateau: 0.000001
2024-09-23 09:55:09,253 P269652 INFO ********* Epoch=14 early stop *********
2024-09-23 09:55:09,358 P269652 INFO Training finished.
2024-09-23 09:55:09,359 P269652 INFO Load best model: /workspace/checkpoints/ML_1M_7_x1/ViTLinDCNv3_ML_1M_025_14a387e1.model
