2024-09-23 10:20:29,582 P287006 INFO FuxiCTR version: 2.3.2
2024-09-23 10:20:29,582 P287006 INFO Params: {
    "batch_norm": "True",
    "batch_size": "4096",
    "data_format": "csv",
    "data_root": "dataset/",
    "dataset_id": "ML_1M_7_x1",
    "debug_mode": "False",
    "deep_net_dropout": "0.1",
    "early_stop_patience": "2",
    "embedding_dim": "16",
    "embedding_regularizer": "0.01",
    "epochs": "100",
    "eval_steps": "None",
    "feature_cols": "[{'active': True, 'dtype': 'str', 'name': ['UserID', 'Gender', 'Age', 'Occupation', 'MovieID', 'Release'], 'type': 'categorical'}, {'active': True, 'dtype': 'str', 'encoder': 'MaskedSumPooling', 'max_len': 5, 'name': 'Genres', 'splitter': '^', 'type': 'sequence'}]",
    "feature_config": "None",
    "feature_specs": "None",
    "gpu": "0",
    "group_id": "None",
    "label_col": "{'dtype': 'float', 'name': 'Label'}",
    "layer_norm": "True",
    "learning_rate": "0.001",
    "loss": "binary_crossentropy",
    "metrics": "['logloss', 'AUC']",
    "min_categr_count": "1",
    "model": "ViTLinDCNv3",
    "model_id": "ViTLinDCNv3_ML_1M_027_0e233a9a",
    "model_root": "./checkpoints/",
    "monitor": "{'AUC': 1, 'logloss': 0}",
    "monitor_mode": "max",
    "net_regularizer": "0",
    "num_deep_cross_layers": "2",
    "num_heads": "1",
    "num_shallow_cross_layers": "2",
    "num_workers": "4",
    "optimizer": "adam",
    "pickle_feature_encoder": "True",
    "save_best_only": "True",
    "seed": "2024",
    "shallow_net_dropout": "0.1",
    "shuffle": "True",
    "task": "binary_classification",
    "test_data": "dataset/ML_1M/test.csv",
    "train_data": "dataset/ML_1M/train.csv",
    "use_features": "None",
    "valid_data": "dataset/ML_1M/valid.csv",
    "verbose": "1",
    "vit_hidden_dim": "128",
    "vit_num_heads": "8",
    "vit_num_layers": "4",
    "vit_patch_size": "4"
}
2024-09-23 10:20:29,583 P287006 INFO Set up feature processor...
2024-09-23 10:20:29,584 P287006 WARNING Skip rebuilding dataset/ML_1M_7_x1/feature_map.json. Please delete it manually if rebuilding is required.
2024-09-23 10:20:29,584 P287006 INFO Load feature_map from json: dataset/ML_1M_7_x1/feature_map.json
2024-09-23 10:20:29,584 P287006 INFO Set column index...
2024-09-23 10:20:29,584 P287006 INFO Feature specs: {
    "Age": "{'source': '', 'type': 'categorical', 'padding_idx': 0, 'vocab_size': 9}",
    "Gender": "{'source': '', 'type': 'categorical', 'padding_idx': 0, 'vocab_size': 4}",
    "Genres": "{'source': '', 'type': 'sequence', 'feature_encoder': 'layers.MaskedAveragePooling()', 'padding_idx': 0, 'max_len': 5, 'vocab_size': 302}",
    "MovieID": "{'source': '', 'type': 'categorical', 'padding_idx': 0, 'vocab_size': 3659}",
    "Occupation": "{'source': '', 'type': 'categorical', 'padding_idx': 0, 'vocab_size': 23}",
    "Release": "{'source': '', 'type': 'categorical', 'padding_idx': 0, 'vocab_size': 83}",
    "UserID": "{'source': '', 'type': 'categorical', 'padding_idx': 0, 'vocab_size': 6042}"
}
2024-09-23 10:20:30,964 P287006 INFO Total number of parameters: 4951418.
2024-09-23 10:20:30,964 P287006 INFO Loading datasets...
2024-09-23 10:20:32,785 P287006 INFO Train samples: total/700146, blocks/1
2024-09-23 10:20:33,317 P287006 INFO Validation samples: total/200041, blocks/1
2024-09-23 10:20:33,317 P287006 INFO Loading train and validation data done.
2024-09-23 10:20:33,318 P287006 INFO Start training: 171 batches/epoch
2024-09-23 10:20:33,318 P287006 INFO ************ Epoch=1 start ************
2024-09-23 10:21:38,090 P287006 INFO Train loss: 0.408707
2024-09-23 10:21:38,090 P287006 INFO Evaluation @epoch 1 - batch 171: 
2024-09-23 10:21:41,885 P287006 INFO [Metrics] AUC: 0.812554 - logloss: 0.349350
2024-09-23 10:21:41,885 P287006 INFO Save best model: monitor(max)=0.812554
2024-09-23 10:21:41,955 P287006 INFO ************ Epoch=1 end ************
2024-09-23 10:22:39,220 P287006 INFO Train loss: 0.367297
2024-09-23 10:22:39,221 P287006 INFO Evaluation @epoch 2 - batch 171: 
2024-09-23 10:22:43,124 P287006 INFO [Metrics] AUC: 0.824047 - logloss: 0.340761
2024-09-23 10:22:43,125 P287006 INFO Save best model: monitor(max)=0.824047
2024-09-23 10:22:43,191 P287006 INFO ************ Epoch=2 end ************
2024-09-23 10:23:41,044 P287006 INFO Train loss: 0.361550
2024-09-23 10:23:41,045 P287006 INFO Evaluation @epoch 3 - batch 171: 
2024-09-23 10:23:44,844 P287006 INFO [Metrics] AUC: 0.832038 - logloss: 0.334376
2024-09-23 10:23:44,845 P287006 INFO Save best model: monitor(max)=0.832038
2024-09-23 10:23:44,902 P287006 INFO ************ Epoch=3 end ************
2024-09-23 10:24:42,145 P287006 INFO Train loss: 0.357809
2024-09-23 10:24:42,145 P287006 INFO Evaluation @epoch 4 - batch 171: 
2024-09-23 10:24:46,074 P287006 INFO [Metrics] AUC: 0.836926 - logloss: 0.330797
2024-09-23 10:24:46,075 P287006 INFO Save best model: monitor(max)=0.836926
2024-09-23 10:24:46,150 P287006 INFO ************ Epoch=4 end ************
2024-09-23 10:25:41,400 P287006 INFO Train loss: 0.355020
2024-09-23 10:25:41,400 P287006 INFO Evaluation @epoch 5 - batch 171: 
2024-09-23 10:25:45,342 P287006 INFO [Metrics] AUC: 0.838987 - logloss: 0.329467
2024-09-23 10:25:45,343 P287006 INFO Save best model: monitor(max)=0.838987
2024-09-23 10:25:45,397 P287006 INFO ************ Epoch=5 end ************
2024-09-23 10:26:42,074 P287006 INFO Train loss: 0.353092
2024-09-23 10:26:42,075 P287006 INFO Evaluation @epoch 6 - batch 171: 
2024-09-23 10:26:44,716 P287006 INFO [Metrics] AUC: 0.840172 - logloss: 0.328224
2024-09-23 10:26:44,717 P287006 INFO Save best model: monitor(max)=0.840172
2024-09-23 10:26:44,773 P287006 INFO ************ Epoch=6 end ************
2024-09-23 10:27:18,080 P287006 INFO Train loss: 0.352100
2024-09-23 10:27:18,080 P287006 INFO Evaluation @epoch 7 - batch 171: 
2024-09-23 10:27:20,769 P287006 INFO [Metrics] AUC: 0.841321 - logloss: 0.327258
2024-09-23 10:27:20,770 P287006 INFO Save best model: monitor(max)=0.841321
2024-09-23 10:27:20,832 P287006 INFO ************ Epoch=7 end ************
2024-09-23 10:27:53,787 P287006 INFO Train loss: 0.351383
2024-09-23 10:27:53,788 P287006 INFO Evaluation @epoch 8 - batch 171: 
2024-09-23 10:27:56,624 P287006 INFO [Metrics] AUC: 0.842410 - logloss: 0.326629
2024-09-23 10:27:56,625 P287006 INFO Save best model: monitor(max)=0.842410
2024-09-23 10:27:56,692 P287006 INFO ************ Epoch=8 end ************
