2024-09-23 01:54:32,509 P102719 INFO FuxiCTR version: 2.3.2
2024-09-23 01:54:32,509 P102719 INFO Params: {
    "batch_norm": "True",
    "batch_size": "4096",
    "data_format": "csv",
    "data_root": "dataset/",
    "dataset_id": "ML_1M_7_x1",
    "debug_mode": "False",
    "deep_net_dropout": "0.1",
    "early_stop_patience": "2",
    "embedding_dim": "16",
    "embedding_regularizer": "0.01",
    "epochs": "100",
    "eval_steps": "None",
    "feature_cols": "[{'active': True, 'dtype': 'str', 'name': ['UserID', 'Gender', 'Age', 'Occupation', 'MovieID', 'Release'], 'type': 'categorical'}, {'active': True, 'dtype': 'str', 'encoder': 'MaskedSumPooling', 'max_len': 5, 'name': 'Genres', 'splitter': '^', 'type': 'sequence'}]",
    "feature_config": "None",
    "feature_specs": "None",
    "gpu": "0",
    "group_id": "None",
    "label_col": "{'dtype': 'float', 'name': 'Label'}",
    "layer_norm": "True",
    "learning_rate": "0.001",
    "loss": "binary_crossentropy",
    "metrics": "['logloss', 'AUC']",
    "min_categr_count": "1",
    "model": "ViTLinDCNv3",
    "model_id": "ViTLinDCNv3_ML_1M_004_700e1c3d",
    "model_root": "./checkpoints/",
    "monitor": "{'AUC': 1, 'logloss': 0}",
    "monitor_mode": "max",
    "net_regularizer": "0",
    "num_deep_cross_layers": "2",
    "num_heads": "1",
    "num_shallow_cross_layers": "2",
    "num_workers": "4",
    "optimizer": "adam",
    "pickle_feature_encoder": "True",
    "save_best_only": "True",
    "seed": "2024",
    "shallow_net_dropout": "0.1",
    "shuffle": "True",
    "task": "binary_classification",
    "test_data": "dataset/ML_1M/test.csv",
    "train_data": "dataset/ML_1M/train.csv",
    "use_features": "None",
    "valid_data": "dataset/ML_1M/valid.csv",
    "verbose": "1",
    "vit_hidden_dim": "32",
    "vit_num_heads": "2",
    "vit_num_layers": "2",
    "vit_patch_size": "4"
}
2024-09-23 01:54:32,510 P102719 INFO Set up feature processor...
2024-09-23 01:54:32,511 P102719 WARNING Skip rebuilding dataset/ML_1M_7_x1/feature_map.json. Please delete it manually if rebuilding is required.
2024-09-23 01:54:32,511 P102719 INFO Load feature_map from json: dataset/ML_1M_7_x1/feature_map.json
2024-09-23 01:54:32,511 P102719 INFO Set column index...
2024-09-23 01:54:32,511 P102719 INFO Feature specs: {
    "Age": "{'source': '', 'type': 'categorical', 'padding_idx': 0, 'vocab_size': 9}",
    "Gender": "{'source': '', 'type': 'categorical', 'padding_idx': 0, 'vocab_size': 4}",
    "Genres": "{'source': '', 'type': 'sequence', 'feature_encoder': 'layers.MaskedAveragePooling()', 'padding_idx': 0, 'max_len': 5, 'vocab_size': 302}",
    "MovieID": "{'source': '', 'type': 'categorical', 'padding_idx': 0, 'vocab_size': 3659}",
    "Occupation": "{'source': '', 'type': 'categorical', 'padding_idx': 0, 'vocab_size': 23}",
    "Release": "{'source': '', 'type': 'categorical', 'padding_idx': 0, 'vocab_size': 83}",
    "UserID": "{'source': '', 'type': 'categorical', 'padding_idx': 0, 'vocab_size': 6042}"
}
2024-09-23 01:54:34,016 P102719 INFO Total number of parameters: 743034.
2024-09-23 01:54:34,016 P102719 INFO Loading datasets...
2024-09-23 01:54:36,201 P102719 INFO Train samples: total/700146, blocks/1
2024-09-23 01:54:36,896 P102719 INFO Validation samples: total/200041, blocks/1
2024-09-23 01:54:36,896 P102719 INFO Loading train and validation data done.
2024-09-23 01:54:36,897 P102719 INFO Start training: 171 batches/epoch
2024-09-23 01:54:36,897 P102719 INFO ************ Epoch=1 start ************
2024-09-23 01:55:51,902 P102719 INFO Train loss: 0.411590
2024-09-23 01:55:51,903 P102719 INFO Evaluation @epoch 1 - batch 171: 
2024-09-23 01:55:56,705 P102719 INFO [Metrics] AUC: 0.815090 - logloss: 0.347170
2024-09-23 01:55:56,705 P102719 INFO Save best model: monitor(max)=0.815090
2024-09-23 01:55:56,755 P102719 INFO ************ Epoch=1 end ************
2024-09-23 01:57:10,328 P102719 INFO Train loss: 0.366468
2024-09-23 01:57:10,329 P102719 INFO Evaluation @epoch 2 - batch 171: 
2024-09-23 01:57:14,762 P102719 INFO [Metrics] AUC: 0.827167 - logloss: 0.338026
2024-09-23 01:57:14,764 P102719 INFO Save best model: monitor(max)=0.827167
2024-09-23 01:57:14,833 P102719 INFO ************ Epoch=2 end ************
2024-09-23 01:58:28,347 P102719 INFO Train loss: 0.360015
2024-09-23 01:58:28,348 P102719 INFO Evaluation @epoch 3 - batch 171: 
2024-09-23 01:58:33,233 P102719 INFO [Metrics] AUC: 0.833227 - logloss: 0.333507
2024-09-23 01:58:33,233 P102719 INFO Save best model: monitor(max)=0.833227
2024-09-23 01:58:33,309 P102719 INFO ************ Epoch=3 end ************
2024-09-23 01:59:46,554 P102719 INFO Train loss: 0.356944
2024-09-23 01:59:46,555 P102719 INFO Evaluation @epoch 4 - batch 171: 
2024-09-23 01:59:51,395 P102719 INFO [Metrics] AUC: 0.836226 - logloss: 0.331349
2024-09-23 01:59:51,395 P102719 INFO Save best model: monitor(max)=0.836226
2024-09-23 01:59:51,474 P102719 INFO ************ Epoch=4 end ************
2024-09-23 02:00:59,243 P102719 INFO Train loss: 0.354626
2024-09-23 02:00:59,243 P102719 INFO Evaluation @epoch 5 - batch 171: 
2024-09-23 02:01:03,963 P102719 INFO [Metrics] AUC: 0.837920 - logloss: 0.329794
2024-09-23 02:01:03,964 P102719 INFO Save best model: monitor(max)=0.837920
2024-09-23 02:01:04,040 P102719 INFO ************ Epoch=5 end ************
2024-09-23 02:02:16,412 P102719 INFO Train loss: 0.353276
2024-09-23 02:02:16,412 P102719 INFO Evaluation @epoch 6 - batch 171: 
2024-09-23 02:02:21,136 P102719 INFO [Metrics] AUC: 0.839205 - logloss: 0.329406
2024-09-23 02:02:21,137 P102719 INFO Save best model: monitor(max)=0.839205
2024-09-23 02:02:21,225 P102719 INFO ************ Epoch=6 end ************
2024-09-23 02:03:35,122 P102719 INFO Train loss: 0.352647
2024-09-23 02:03:35,123 P102719 INFO Evaluation @epoch 7 - batch 171: 
2024-09-23 02:03:39,593 P102719 INFO [Metrics] AUC: 0.841110 - logloss: 0.327441
2024-09-23 02:03:39,594 P102719 INFO Save best model: monitor(max)=0.841110
2024-09-23 02:03:39,671 P102719 INFO ************ Epoch=7 end ************
2024-09-23 02:04:46,638 P102719 INFO Train loss: 0.352268
2024-09-23 02:04:46,639 P102719 INFO Evaluation @epoch 8 - batch 171: 
2024-09-23 02:04:51,416 P102719 INFO [Metrics] AUC: 0.841127 - logloss: 0.327646
2024-09-23 02:04:51,417 P102719 INFO Save best model: monitor(max)=0.841127
2024-09-23 02:04:51,484 P102719 INFO ************ Epoch=8 end ************
2024-09-23 02:06:04,238 P102719 INFO Train loss: 0.351605
2024-09-23 02:06:04,239 P102719 INFO Evaluation @epoch 9 - batch 171: 
2024-09-23 02:06:08,888 P102719 INFO [Metrics] AUC: 0.842722 - logloss: 0.326138
2024-09-23 02:06:08,889 P102719 INFO Save best model: monitor(max)=0.842722
2024-09-23 02:06:08,973 P102719 INFO ************ Epoch=9 end ************
2024-09-23 02:07:21,910 P102719 INFO Train loss: 0.351543
2024-09-23 02:07:21,911 P102719 INFO Evaluation @epoch 10 - batch 171: 
2024-09-23 02:07:26,647 P102719 INFO [Metrics] AUC: 0.843987 - logloss: 0.325167
2024-09-23 02:07:26,648 P102719 INFO Save best model: monitor(max)=0.843987
2024-09-23 02:07:26,727 P102719 INFO ************ Epoch=10 end ************
2024-09-23 02:08:40,422 P102719 INFO Train loss: 0.350791
2024-09-23 02:08:40,422 P102719 INFO Evaluation @epoch 11 - batch 171: 
2024-09-23 02:08:45,199 P102719 INFO [Metrics] AUC: 0.844484 - logloss: 0.324679
2024-09-23 02:08:45,200 P102719 INFO Save best model: monitor(max)=0.844484
2024-09-23 02:08:45,274 P102719 INFO ************ Epoch=11 end ************
2024-09-23 02:09:58,369 P102719 INFO Train loss: 0.350538
2024-09-23 02:09:58,369 P102719 INFO Evaluation @epoch 12 - batch 171: 
2024-09-23 02:10:03,072 P102719 INFO [Metrics] AUC: 0.844650 - logloss: 0.324509
2024-09-23 02:10:03,073 P102719 INFO Save best model: monitor(max)=0.844650
2024-09-23 02:10:03,155 P102719 INFO ************ Epoch=12 end ************
2024-09-23 02:11:16,393 P102719 INFO Train loss: 0.350353
2024-09-23 02:11:16,393 P102719 INFO Evaluation @epoch 13 - batch 171: 
2024-09-23 02:11:21,174 P102719 INFO [Metrics] AUC: 0.844325 - logloss: 0.324619
2024-09-23 02:11:21,174 P102719 INFO Monitor(max)=0.844325 STOP!
2024-09-23 02:11:21,174 P102719 INFO Reduce learning rate on plateau: 0.000100
2024-09-23 02:11:21,248 P102719 INFO ************ Epoch=13 end ************
2024-09-23 02:12:31,563 P102719 INFO Train loss: 0.323322
2024-09-23 02:12:31,564 P102719 INFO Evaluation @epoch 14 - batch 171: 
2024-09-23 02:12:36,227 P102719 INFO [Metrics] AUC: 0.851352 - logloss: 0.319960
2024-09-23 02:12:36,228 P102719 INFO Save best model: monitor(max)=0.851352
2024-09-23 02:12:36,304 P102719 INFO ************ Epoch=14 end ************
2024-09-23 02:13:49,964 P102719 INFO Train loss: 0.311136
2024-09-23 02:13:49,964 P102719 INFO Evaluation @epoch 15 - batch 171: 
2024-09-23 02:13:54,654 P102719 INFO [Metrics] AUC: 0.853893 - logloss: 0.318425
2024-09-23 02:13:54,656 P102719 INFO Save best model: monitor(max)=0.853893
2024-09-23 02:13:54,737 P102719 INFO ************ Epoch=15 end ************
2024-09-23 02:15:07,789 P102719 INFO Train loss: 0.304447
2024-09-23 02:15:07,789 P102719 INFO Evaluation @epoch 16 - batch 171: 
2024-09-23 02:15:12,575 P102719 INFO [Metrics] AUC: 0.854377 - logloss: 0.319068
2024-09-23 02:15:12,576 P102719 INFO Save best model: monitor(max)=0.854377
2024-09-23 02:15:12,665 P102719 INFO ************ Epoch=16 end ************
2024-09-23 02:16:25,911 P102719 INFO Train loss: 0.299665
2024-09-23 02:16:25,911 P102719 INFO Evaluation @epoch 17 - batch 171: 
2024-09-23 02:16:30,734 P102719 INFO [Metrics] AUC: 0.854004 - logloss: 0.320066
2024-09-23 02:16:30,735 P102719 INFO Monitor(max)=0.854004 STOP!
2024-09-23 02:16:30,735 P102719 INFO Reduce learning rate on plateau: 0.000010
2024-09-23 02:16:30,829 P102719 INFO ************ Epoch=17 end ************
2024-09-23 02:17:44,241 P102719 INFO Train loss: 0.286743
2024-09-23 02:17:44,242 P102719 INFO Evaluation @epoch 18 - batch 171: 
2024-09-23 02:17:48,968 P102719 INFO [Metrics] AUC: 0.853462 - logloss: 0.322430
2024-09-23 02:17:48,969 P102719 INFO Monitor(max)=0.853462 STOP!
2024-09-23 02:17:48,969 P102719 INFO Reduce learning rate on plateau: 0.000001
2024-09-23 02:17:48,969 P102719 INFO ********* Epoch=18 early stop *********
2024-09-23 02:17:49,040 P102719 INFO Training finished.
2024-09-23 02:17:49,041 P102719 INFO Load best model: /workspace/checkpoints/ML_1M_7_x1/ViTLinDCNv3_ML_1M_004_700e1c3d.model
