2024-09-23 06:32:40,334 P206610 INFO FuxiCTR version: 2.3.2
2024-09-23 06:32:40,334 P206610 INFO Params: {
    "batch_norm": "True",
    "batch_size": "4096",
    "data_format": "csv",
    "data_root": "dataset/",
    "dataset_id": "ML_1M_7_x1",
    "debug_mode": "False",
    "deep_net_dropout": "0.1",
    "early_stop_patience": "2",
    "embedding_dim": "16",
    "embedding_regularizer": "0.01",
    "epochs": "100",
    "eval_steps": "None",
    "feature_cols": "[{'active': True, 'dtype': 'str', 'name': ['UserID', 'Gender', 'Age', 'Occupation', 'MovieID', 'Release'], 'type': 'categorical'}, {'active': True, 'dtype': 'str', 'encoder': 'MaskedSumPooling', 'max_len': 5, 'name': 'Genres', 'splitter': '^', 'type': 'sequence'}]",
    "feature_config": "None",
    "feature_specs": "None",
    "gpu": "0",
    "group_id": "None",
    "label_col": "{'dtype': 'float', 'name': 'Label'}",
    "layer_norm": "True",
    "learning_rate": "0.001",
    "loss": "binary_crossentropy",
    "metrics": "['logloss', 'AUC']",
    "min_categr_count": "1",
    "model": "ViTLinDCNv3",
    "model_id": "ViTLinDCNv3_ML_1M_016_93cf8558",
    "model_root": "./checkpoints/",
    "monitor": "{'AUC': 1, 'logloss': 0}",
    "monitor_mode": "max",
    "net_regularizer": "0",
    "num_deep_cross_layers": "2",
    "num_heads": "1",
    "num_shallow_cross_layers": "2",
    "num_workers": "4",
    "optimizer": "adam",
    "pickle_feature_encoder": "True",
    "save_best_only": "True",
    "seed": "2024",
    "shallow_net_dropout": "0.1",
    "shuffle": "True",
    "task": "binary_classification",
    "test_data": "dataset/ML_1M/test.csv",
    "train_data": "dataset/ML_1M/train.csv",
    "use_features": "None",
    "valid_data": "dataset/ML_1M/valid.csv",
    "verbose": "1",
    "vit_hidden_dim": "64",
    "vit_num_heads": "2",
    "vit_num_layers": "4",
    "vit_patch_size": "4"
}
2024-09-23 06:32:40,335 P206610 INFO Set up feature processor...
2024-09-23 06:32:40,336 P206610 WARNING Skip rebuilding dataset/ML_1M_7_x1/feature_map.json. Please delete it manually if rebuilding is required.
2024-09-23 06:32:40,336 P206610 INFO Load feature_map from json: dataset/ML_1M_7_x1/feature_map.json
2024-09-23 06:32:40,336 P206610 INFO Set column index...
2024-09-23 06:32:40,336 P206610 INFO Feature specs: {
    "Age": "{'source': '', 'type': 'categorical', 'padding_idx': 0, 'vocab_size': 9}",
    "Gender": "{'source': '', 'type': 'categorical', 'padding_idx': 0, 'vocab_size': 4}",
    "Genres": "{'source': '', 'type': 'sequence', 'feature_encoder': 'layers.MaskedAveragePooling()', 'padding_idx': 0, 'max_len': 5, 'vocab_size': 302}",
    "MovieID": "{'source': '', 'type': 'categorical', 'padding_idx': 0, 'vocab_size': 3659}",
    "Occupation": "{'source': '', 'type': 'categorical', 'padding_idx': 0, 'vocab_size': 23}",
    "Release": "{'source': '', 'type': 'categorical', 'padding_idx': 0, 'vocab_size': 83}",
    "UserID": "{'source': '', 'type': 'categorical', 'padding_idx': 0, 'vocab_size': 6042}"
}
2024-09-23 06:32:41,785 P206610 INFO Total number of parameters: 2446970.
2024-09-23 06:32:41,785 P206610 INFO Loading datasets...
2024-09-23 06:32:44,045 P206610 INFO Train samples: total/700146, blocks/1
2024-09-23 06:32:44,774 P206610 INFO Validation samples: total/200041, blocks/1
2024-09-23 06:32:44,775 P206610 INFO Loading train and validation data done.
2024-09-23 06:32:44,775 P206610 INFO Start training: 171 batches/epoch
2024-09-23 06:32:44,775 P206610 INFO ************ Epoch=1 start ************
2024-09-23 06:34:21,222 P206610 INFO Train loss: 0.410487
2024-09-23 06:34:21,223 P206610 INFO Evaluation @epoch 1 - batch 171: 
2024-09-23 06:34:27,164 P206610 INFO [Metrics] AUC: 0.809678 - logloss: 0.352286
2024-09-23 06:34:27,165 P206610 INFO Save best model: monitor(max)=0.809678
2024-09-23 06:34:27,226 P206610 INFO ************ Epoch=1 end ************
2024-09-23 06:36:03,550 P206610 INFO Train loss: 0.369782
2024-09-23 06:36:03,551 P206610 INFO Evaluation @epoch 2 - batch 171: 
2024-09-23 06:36:09,383 P206610 INFO [Metrics] AUC: 0.822552 - logloss: 0.341637
2024-09-23 06:36:09,384 P206610 INFO Save best model: monitor(max)=0.822552
2024-09-23 06:36:09,487 P206610 INFO ************ Epoch=2 end ************
2024-09-23 06:37:41,711 P206610 INFO Train loss: 0.363754
2024-09-23 06:37:41,711 P206610 INFO Evaluation @epoch 3 - batch 171: 
2024-09-23 06:37:47,633 P206610 INFO [Metrics] AUC: 0.831389 - logloss: 0.335686
2024-09-23 06:37:47,633 P206610 INFO Save best model: monitor(max)=0.831389
2024-09-23 06:37:47,728 P206610 INFO ************ Epoch=3 end ************
2024-09-23 06:39:23,395 P206610 INFO Train loss: 0.360308
2024-09-23 06:39:23,395 P206610 INFO Evaluation @epoch 4 - batch 171: 
2024-09-23 06:39:29,260 P206610 INFO [Metrics] AUC: 0.834436 - logloss: 0.332627
2024-09-23 06:39:29,260 P206610 INFO Save best model: monitor(max)=0.834436
2024-09-23 06:39:29,331 P206610 INFO ************ Epoch=4 end ************
2024-09-23 06:41:05,018 P206610 INFO Train loss: 0.358489
2024-09-23 06:41:05,019 P206610 INFO Evaluation @epoch 5 - batch 171: 
2024-09-23 06:41:10,411 P206610 INFO [Metrics] AUC: 0.836585 - logloss: 0.331190
2024-09-23 06:41:10,412 P206610 INFO Save best model: monitor(max)=0.836585
2024-09-23 06:41:10,515 P206610 INFO ************ Epoch=5 end ************
2024-09-23 06:42:42,371 P206610 INFO Train loss: 0.356377
2024-09-23 06:42:42,371 P206610 INFO Evaluation @epoch 6 - batch 171: 
2024-09-23 06:42:48,253 P206610 INFO [Metrics] AUC: 0.839801 - logloss: 0.329196
2024-09-23 06:42:48,254 P206610 INFO Save best model: monitor(max)=0.839801
2024-09-23 06:42:48,342 P206610 INFO ************ Epoch=6 end ************
2024-09-23 06:44:18,527 P206610 INFO Train loss: 0.355487
2024-09-23 06:44:18,528 P206610 INFO Evaluation @epoch 7 - batch 171: 
2024-09-23 06:44:24,373 P206610 INFO [Metrics] AUC: 0.840903 - logloss: 0.327892
2024-09-23 06:44:24,374 P206610 INFO Save best model: monitor(max)=0.840903
2024-09-23 06:44:24,450 P206610 INFO ************ Epoch=7 end ************
2024-09-23 06:46:00,373 P206610 INFO Train loss: 0.354745
2024-09-23 06:46:00,373 P206610 INFO Evaluation @epoch 8 - batch 171: 
2024-09-23 06:46:06,346 P206610 INFO [Metrics] AUC: 0.840180 - logloss: 0.328597
2024-09-23 06:46:06,347 P206610 INFO Monitor(max)=0.840180 STOP!
2024-09-23 06:46:06,347 P206610 INFO Reduce learning rate on plateau: 0.000100
2024-09-23 06:46:06,437 P206610 INFO ************ Epoch=8 end ************
2024-09-23 06:47:42,173 P206610 INFO Train loss: 0.327344
2024-09-23 06:47:42,173 P206610 INFO Evaluation @epoch 9 - batch 171: 
2024-09-23 06:47:48,090 P206610 INFO [Metrics] AUC: 0.850250 - logloss: 0.321358
2024-09-23 06:47:48,091 P206610 INFO Save best model: monitor(max)=0.850250
2024-09-23 06:47:48,167 P206610 INFO ************ Epoch=9 end ************
2024-09-23 06:49:23,336 P206610 INFO Train loss: 0.314147
2024-09-23 06:49:23,337 P206610 INFO Evaluation @epoch 10 - batch 171: 
2024-09-23 06:49:29,170 P206610 INFO [Metrics] AUC: 0.853149 - logloss: 0.319059
2024-09-23 06:49:29,171 P206610 INFO Save best model: monitor(max)=0.853149
2024-09-23 06:49:29,248 P206610 INFO ************ Epoch=10 end ************
2024-09-23 06:51:05,287 P206610 INFO Train loss: 0.307030
2024-09-23 06:51:05,287 P206610 INFO Evaluation @epoch 11 - batch 171: 
2024-09-23 06:51:11,235 P206610 INFO [Metrics] AUC: 0.853862 - logloss: 0.319005
2024-09-23 06:51:11,236 P206610 INFO Save best model: monitor(max)=0.853862
2024-09-23 06:51:11,324 P206610 INFO ************ Epoch=11 end ************
2024-09-23 06:52:47,529 P206610 INFO Train loss: 0.302174
2024-09-23 06:52:47,530 P206610 INFO Evaluation @epoch 12 - batch 171: 
2024-09-23 06:52:53,338 P206610 INFO [Metrics] AUC: 0.853307 - logloss: 0.320227
2024-09-23 06:52:53,339 P206610 INFO Monitor(max)=0.853307 STOP!
2024-09-23 06:52:53,340 P206610 INFO Reduce learning rate on plateau: 0.000010
2024-09-23 06:52:53,418 P206610 INFO ************ Epoch=12 end ************
2024-09-23 06:54:29,325 P206610 INFO Train loss: 0.288870
2024-09-23 06:54:29,326 P206610 INFO Evaluation @epoch 13 - batch 171: 
2024-09-23 06:54:35,005 P206610 INFO [Metrics] AUC: 0.852852 - logloss: 0.322672
2024-09-23 06:54:35,005 P206610 INFO Monitor(max)=0.852852 STOP!
2024-09-23 06:54:35,006 P206610 INFO Reduce learning rate on plateau: 0.000001
2024-09-23 06:54:35,006 P206610 INFO ********* Epoch=13 early stop *********
2024-09-23 06:54:35,107 P206610 INFO Training finished.
2024-09-23 06:54:35,107 P206610 INFO Load best model: /workspace/checkpoints/ML_1M_7_x1/ViTLinDCNv3_ML_1M_016_93cf8558.model
