2024-09-23 08:59:29,217 P259183 INFO FuxiCTR version: 2.3.2
2024-09-23 08:59:29,218 P259183 INFO Params: {
    "batch_norm": "True",
    "batch_size": "4096",
    "data_format": "csv",
    "data_root": "dataset/",
    "dataset_id": "ML_1M_7_x1",
    "debug_mode": "False",
    "deep_net_dropout": "0.1",
    "early_stop_patience": "2",
    "embedding_dim": "16",
    "embedding_regularizer": "0.01",
    "epochs": "100",
    "eval_steps": "None",
    "feature_cols": "[{'active': True, 'dtype': 'str', 'name': ['UserID', 'Gender', 'Age', 'Occupation', 'MovieID', 'Release'], 'type': 'categorical'}, {'active': True, 'dtype': 'str', 'encoder': 'MaskedSumPooling', 'max_len': 5, 'name': 'Genres', 'splitter': '^', 'type': 'sequence'}]",
    "feature_config": "None",
    "feature_specs": "None",
    "gpu": "0",
    "group_id": "None",
    "label_col": "{'dtype': 'float', 'name': 'Label'}",
    "layer_norm": "True",
    "learning_rate": "0.001",
    "loss": "binary_crossentropy",
    "metrics": "['logloss', 'AUC']",
    "min_categr_count": "1",
    "model": "ViTLinDCNv3",
    "model_id": "ViTLinDCNv3_ML_1M_023_14a387e1",
    "model_root": "./checkpoints/",
    "monitor": "{'AUC': 1, 'logloss': 0}",
    "monitor_mode": "max",
    "net_regularizer": "0",
    "num_deep_cross_layers": "2",
    "num_heads": "1",
    "num_shallow_cross_layers": "2",
    "num_workers": "4",
    "optimizer": "adam",
    "pickle_feature_encoder": "True",
    "save_best_only": "True",
    "seed": "2024",
    "shallow_net_dropout": "0.1",
    "shuffle": "True",
    "task": "binary_classification",
    "test_data": "dataset/ML_1M/test.csv",
    "train_data": "dataset/ML_1M/train.csv",
    "use_features": "None",
    "valid_data": "dataset/ML_1M/valid.csv",
    "verbose": "1",
    "vit_hidden_dim": "128",
    "vit_num_heads": "4",
    "vit_num_layers": "2",
    "vit_patch_size": "4"
}
2024-09-23 08:59:29,219 P259183 INFO Set up feature processor...
2024-09-23 08:59:29,219 P259183 WARNING Skip rebuilding dataset/ML_1M_7_x1/feature_map.json. Please delete it manually if rebuilding is required.
2024-09-23 08:59:29,219 P259183 INFO Load feature_map from json: dataset/ML_1M_7_x1/feature_map.json
2024-09-23 08:59:29,220 P259183 INFO Set column index...
2024-09-23 08:59:29,220 P259183 INFO Feature specs: {
    "Age": "{'source': '', 'type': 'categorical', 'padding_idx': 0, 'vocab_size': 9}",
    "Gender": "{'source': '', 'type': 'categorical', 'padding_idx': 0, 'vocab_size': 4}",
    "Genres": "{'source': '', 'type': 'sequence', 'feature_encoder': 'layers.MaskedAveragePooling()', 'padding_idx': 0, 'max_len': 5, 'vocab_size': 302}",
    "MovieID": "{'source': '', 'type': 'categorical', 'padding_idx': 0, 'vocab_size': 3659}",
    "Occupation": "{'source': '', 'type': 'categorical', 'padding_idx': 0, 'vocab_size': 23}",
    "Release": "{'source': '', 'type': 'categorical', 'padding_idx': 0, 'vocab_size': 83}",
    "UserID": "{'source': '', 'type': 'categorical', 'padding_idx': 0, 'vocab_size': 6042}"
}
2024-09-23 08:59:30,578 P259183 INFO Total number of parameters: 2579322.
2024-09-23 08:59:30,578 P259183 INFO Loading datasets...
2024-09-23 08:59:32,489 P259183 INFO Train samples: total/700146, blocks/1
2024-09-23 08:59:33,091 P259183 INFO Validation samples: total/200041, blocks/1
2024-09-23 08:59:33,092 P259183 INFO Loading train and validation data done.
2024-09-23 08:59:33,092 P259183 INFO Start training: 171 batches/epoch
2024-09-23 08:59:33,092 P259183 INFO ************ Epoch=1 start ************
2024-09-23 09:00:51,145 P259183 INFO Train loss: 0.408142
2024-09-23 09:00:51,146 P259183 INFO Evaluation @epoch 1 - batch 171: 
2024-09-23 09:00:56,241 P259183 INFO [Metrics] AUC: 0.812983 - logloss: 0.348568
2024-09-23 09:00:56,242 P259183 INFO Save best model: monitor(max)=0.812983
2024-09-23 09:00:56,290 P259183 INFO ************ Epoch=1 end ************
2024-09-23 09:02:07,680 P259183 INFO Train loss: 0.367919
2024-09-23 09:02:07,680 P259183 INFO Evaluation @epoch 2 - batch 171: 
2024-09-23 09:02:12,664 P259183 INFO [Metrics] AUC: 0.824005 - logloss: 0.340622
2024-09-23 09:02:12,665 P259183 INFO Save best model: monitor(max)=0.824005
2024-09-23 09:02:12,748 P259183 INFO ************ Epoch=2 end ************
2024-09-23 09:03:26,238 P259183 INFO Train loss: 0.364657
2024-09-23 09:03:26,238 P259183 INFO Evaluation @epoch 3 - batch 171: 
2024-09-23 09:03:31,425 P259183 INFO [Metrics] AUC: 0.735705 - logloss: 0.554024
2024-09-23 09:03:31,426 P259183 INFO Monitor(max)=0.735705 STOP!
2024-09-23 09:03:31,426 P259183 INFO Reduce learning rate on plateau: 0.000100
2024-09-23 09:03:31,508 P259183 INFO ************ Epoch=3 end ************
2024-09-23 09:04:42,850 P259183 INFO Train loss: 0.339352
2024-09-23 09:04:42,851 P259183 INFO Evaluation @epoch 4 - batch 171: 
2024-09-23 09:04:48,002 P259183 INFO [Metrics] AUC: 0.735538 - logloss: 0.553776
2024-09-23 09:04:48,002 P259183 INFO Monitor(max)=0.735538 STOP!
2024-09-23 09:04:48,003 P259183 INFO Reduce learning rate on plateau: 0.000010
2024-09-23 09:04:48,003 P259183 INFO ********* Epoch=4 early stop *********
2024-09-23 09:04:48,072 P259183 INFO Training finished.
2024-09-23 09:04:48,072 P259183 INFO Load best model: /workspace/checkpoints/ML_1M_7_x1/ViTLinDCNv3_ML_1M_023_14a387e1.model
