2024-09-23 06:54:44,479 P214773 INFO FuxiCTR version: 2.3.2
2024-09-23 06:54:44,479 P214773 INFO Params: {
    "batch_norm": "True",
    "batch_size": "4096",
    "data_format": "csv",
    "data_root": "dataset/",
    "dataset_id": "ML_1M_7_x1",
    "debug_mode": "False",
    "deep_net_dropout": "0.1",
    "early_stop_patience": "2",
    "embedding_dim": "16",
    "embedding_regularizer": "0.01",
    "epochs": "100",
    "eval_steps": "None",
    "feature_cols": "[{'active': True, 'dtype': 'str', 'name': ['UserID', 'Gender', 'Age', 'Occupation', 'MovieID', 'Release'], 'type': 'categorical'}, {'active': True, 'dtype': 'str', 'encoder': 'MaskedSumPooling', 'max_len': 5, 'name': 'Genres', 'splitter': '^', 'type': 'sequence'}]",
    "feature_config": "None",
    "feature_specs": "None",
    "gpu": "0",
    "group_id": "None",
    "label_col": "{'dtype': 'float', 'name': 'Label'}",
    "layer_norm": "True",
    "learning_rate": "0.001",
    "loss": "binary_crossentropy",
    "metrics": "['logloss', 'AUC']",
    "min_categr_count": "1",
    "model": "ViTLinDCNv3",
    "model_id": "ViTLinDCNv3_ML_1M_017_bb75b7fa",
    "model_root": "./checkpoints/",
    "monitor": "{'AUC': 1, 'logloss': 0}",
    "monitor_mode": "max",
    "net_regularizer": "0",
    "num_deep_cross_layers": "2",
    "num_heads": "1",
    "num_shallow_cross_layers": "2",
    "num_workers": "4",
    "optimizer": "adam",
    "pickle_feature_encoder": "True",
    "save_best_only": "True",
    "seed": "2024",
    "shallow_net_dropout": "0.1",
    "shuffle": "True",
    "task": "binary_classification",
    "test_data": "dataset/ML_1M/test.csv",
    "train_data": "dataset/ML_1M/train.csv",
    "use_features": "None",
    "valid_data": "dataset/ML_1M/valid.csv",
    "verbose": "1",
    "vit_hidden_dim": "64",
    "vit_num_heads": "4",
    "vit_num_layers": "4",
    "vit_patch_size": "4"
}
2024-09-23 06:54:44,480 P214773 INFO Set up feature processor...
2024-09-23 06:54:44,481 P214773 WARNING Skip rebuilding dataset/ML_1M_7_x1/feature_map.json. Please delete it manually if rebuilding is required.
2024-09-23 06:54:44,481 P214773 INFO Load feature_map from json: dataset/ML_1M_7_x1/feature_map.json
2024-09-23 06:54:44,481 P214773 INFO Set column index...
2024-09-23 06:54:44,481 P214773 INFO Feature specs: {
    "Age": "{'source': '', 'type': 'categorical', 'padding_idx': 0, 'vocab_size': 9}",
    "Gender": "{'source': '', 'type': 'categorical', 'padding_idx': 0, 'vocab_size': 4}",
    "Genres": "{'source': '', 'type': 'sequence', 'feature_encoder': 'layers.MaskedAveragePooling()', 'padding_idx': 0, 'max_len': 5, 'vocab_size': 302}",
    "MovieID": "{'source': '', 'type': 'categorical', 'padding_idx': 0, 'vocab_size': 3659}",
    "Occupation": "{'source': '', 'type': 'categorical', 'padding_idx': 0, 'vocab_size': 23}",
    "Release": "{'source': '', 'type': 'categorical', 'padding_idx': 0, 'vocab_size': 83}",
    "UserID": "{'source': '', 'type': 'categorical', 'padding_idx': 0, 'vocab_size': 6042}"
}
2024-09-23 06:54:45,902 P214773 INFO Total number of parameters: 2446970.
2024-09-23 06:54:45,903 P214773 INFO Loading datasets...
2024-09-23 06:54:47,840 P214773 INFO Train samples: total/700146, blocks/1
2024-09-23 06:54:48,410 P214773 INFO Validation samples: total/200041, blocks/1
2024-09-23 06:54:48,411 P214773 INFO Loading train and validation data done.
2024-09-23 06:54:48,411 P214773 INFO Start training: 171 batches/epoch
2024-09-23 06:54:48,411 P214773 INFO ************ Epoch=1 start ************
2024-09-23 06:56:26,058 P214773 INFO Train loss: 0.410545
2024-09-23 06:56:26,058 P214773 INFO Evaluation @epoch 1 - batch 171: 
2024-09-23 06:56:32,017 P214773 INFO [Metrics] AUC: 0.809951 - logloss: 0.351621
2024-09-23 06:56:32,017 P214773 INFO Save best model: monitor(max)=0.809951
2024-09-23 06:56:32,083 P214773 INFO ************ Epoch=1 end ************
2024-09-23 06:58:07,831 P214773 INFO Train loss: 0.369966
2024-09-23 06:58:07,831 P214773 INFO Evaluation @epoch 2 - batch 171: 
2024-09-23 06:58:13,765 P214773 INFO [Metrics] AUC: 0.823380 - logloss: 0.341386
2024-09-23 06:58:13,766 P214773 INFO Save best model: monitor(max)=0.823380
2024-09-23 06:58:13,830 P214773 INFO ************ Epoch=2 end ************
2024-09-23 06:59:49,641 P214773 INFO Train loss: 0.363149
2024-09-23 06:59:49,642 P214773 INFO Evaluation @epoch 3 - batch 171: 
2024-09-23 06:59:55,548 P214773 INFO [Metrics] AUC: 0.832231 - logloss: 0.334889
2024-09-23 06:59:55,549 P214773 INFO Save best model: monitor(max)=0.832231
2024-09-23 06:59:55,622 P214773 INFO ************ Epoch=3 end ************
2024-09-23 07:01:30,674 P214773 INFO Train loss: 0.359454
2024-09-23 07:01:30,675 P214773 INFO Evaluation @epoch 4 - batch 171: 
2024-09-23 07:01:36,566 P214773 INFO [Metrics] AUC: 0.834775 - logloss: 0.332375
2024-09-23 07:01:36,568 P214773 INFO Save best model: monitor(max)=0.834775
2024-09-23 07:01:36,646 P214773 INFO ************ Epoch=4 end ************
2024-09-23 07:03:12,915 P214773 INFO Train loss: 0.357498
2024-09-23 07:03:12,916 P214773 INFO Evaluation @epoch 5 - batch 171: 
2024-09-23 07:03:18,757 P214773 INFO [Metrics] AUC: 0.837479 - logloss: 0.330897
2024-09-23 07:03:18,758 P214773 INFO Save best model: monitor(max)=0.837479
2024-09-23 07:03:18,848 P214773 INFO ************ Epoch=5 end ************
2024-09-23 07:04:54,064 P214773 INFO Train loss: 0.354944
2024-09-23 07:04:54,065 P214773 INFO Evaluation @epoch 6 - batch 171: 
2024-09-23 07:04:58,617 P214773 INFO [Metrics] AUC: 0.840414 - logloss: 0.328943
2024-09-23 07:04:58,618 P214773 INFO Save best model: monitor(max)=0.840414
2024-09-23 07:04:58,704 P214773 INFO ************ Epoch=6 end ************
2024-09-23 07:06:30,436 P214773 INFO Train loss: 0.353772
2024-09-23 07:06:30,437 P214773 INFO Evaluation @epoch 7 - batch 171: 
2024-09-23 07:06:36,192 P214773 INFO [Metrics] AUC: 0.841283 - logloss: 0.327502
2024-09-23 07:06:36,192 P214773 INFO Save best model: monitor(max)=0.841283
2024-09-23 07:06:36,272 P214773 INFO ************ Epoch=7 end ************
2024-09-23 07:08:09,033 P214773 INFO Train loss: 0.353004
2024-09-23 07:08:09,033 P214773 INFO Evaluation @epoch 8 - batch 171: 
2024-09-23 07:08:15,009 P214773 INFO [Metrics] AUC: 0.841040 - logloss: 0.327666
2024-09-23 07:08:15,010 P214773 INFO Monitor(max)=0.841040 STOP!
2024-09-23 07:08:15,010 P214773 INFO Reduce learning rate on plateau: 0.000100
2024-09-23 07:08:15,097 P214773 INFO ************ Epoch=8 end ************
2024-09-23 07:09:50,981 P214773 INFO Train loss: 0.326265
2024-09-23 07:09:50,982 P214773 INFO Evaluation @epoch 9 - batch 171: 
2024-09-23 07:09:56,843 P214773 INFO [Metrics] AUC: 0.850481 - logloss: 0.321180
2024-09-23 07:09:56,844 P214773 INFO Save best model: monitor(max)=0.850481
2024-09-23 07:09:56,920 P214773 INFO ************ Epoch=9 end ************
2024-09-23 07:11:33,503 P214773 INFO Train loss: 0.313640
2024-09-23 07:11:33,503 P214773 INFO Evaluation @epoch 10 - batch 171: 
2024-09-23 07:11:38,335 P214773 INFO [Metrics] AUC: 0.853115 - logloss: 0.319298
2024-09-23 07:11:38,336 P214773 INFO Save best model: monitor(max)=0.853115
2024-09-23 07:11:38,420 P214773 INFO ************ Epoch=10 end ************
2024-09-23 07:13:13,001 P214773 INFO Train loss: 0.306906
2024-09-23 07:13:13,002 P214773 INFO Evaluation @epoch 11 - batch 171: 
2024-09-23 07:13:18,887 P214773 INFO [Metrics] AUC: 0.853786 - logloss: 0.319253
2024-09-23 07:13:18,888 P214773 INFO Save best model: monitor(max)=0.853786
2024-09-23 07:13:18,970 P214773 INFO ************ Epoch=11 end ************
2024-09-23 07:14:54,680 P214773 INFO Train loss: 0.302406
2024-09-23 07:14:54,681 P214773 INFO Evaluation @epoch 12 - batch 171: 
2024-09-23 07:15:00,637 P214773 INFO [Metrics] AUC: 0.853310 - logloss: 0.320622
2024-09-23 07:15:00,638 P214773 INFO Monitor(max)=0.853310 STOP!
2024-09-23 07:15:00,638 P214773 INFO Reduce learning rate on plateau: 0.000010
2024-09-23 07:15:00,705 P214773 INFO ************ Epoch=12 end ************
2024-09-23 07:16:36,855 P214773 INFO Train loss: 0.290402
2024-09-23 07:16:36,856 P214773 INFO Evaluation @epoch 13 - batch 171: 
2024-09-23 07:16:42,728 P214773 INFO [Metrics] AUC: 0.852897 - logloss: 0.322509
2024-09-23 07:16:42,729 P214773 INFO Monitor(max)=0.852897 STOP!
2024-09-23 07:16:42,729 P214773 INFO Reduce learning rate on plateau: 0.000001
2024-09-23 07:16:42,729 P214773 INFO ********* Epoch=13 early stop *********
2024-09-23 07:16:42,809 P214773 INFO Training finished.
2024-09-23 07:16:42,810 P214773 INFO Load best model: /workspace/checkpoints/ML_1M_7_x1/ViTLinDCNv3_ML_1M_017_bb75b7fa.model
