2024-09-23 09:55:16,960 P278035 INFO FuxiCTR version: 2.3.2
2024-09-23 09:55:16,960 P278035 INFO Params: {
    "batch_norm": "True",
    "batch_size": "4096",
    "data_format": "csv",
    "data_root": "dataset/",
    "dataset_id": "ML_1M_7_x1",
    "debug_mode": "False",
    "deep_net_dropout": "0.1",
    "early_stop_patience": "2",
    "embedding_dim": "16",
    "embedding_regularizer": "0.01",
    "epochs": "100",
    "eval_steps": "None",
    "feature_cols": "[{'active': True, 'dtype': 'str', 'name': ['UserID', 'Gender', 'Age', 'Occupation', 'MovieID', 'Release'], 'type': 'categorical'}, {'active': True, 'dtype': 'str', 'encoder': 'MaskedSumPooling', 'max_len': 5, 'name': 'Genres', 'splitter': '^', 'type': 'sequence'}]",
    "feature_config": "None",
    "feature_specs": "None",
    "gpu": "0",
    "group_id": "None",
    "label_col": "{'dtype': 'float', 'name': 'Label'}",
    "layer_norm": "True",
    "learning_rate": "0.001",
    "loss": "binary_crossentropy",
    "metrics": "['logloss', 'AUC']",
    "min_categr_count": "1",
    "model": "ViTLinDCNv3",
    "model_id": "ViTLinDCNv3_ML_1M_026_0f76b97b",
    "model_root": "./checkpoints/",
    "monitor": "{'AUC': 1, 'logloss': 0}",
    "monitor_mode": "max",
    "net_regularizer": "0",
    "num_deep_cross_layers": "2",
    "num_heads": "1",
    "num_shallow_cross_layers": "2",
    "num_workers": "4",
    "optimizer": "adam",
    "pickle_feature_encoder": "True",
    "save_best_only": "True",
    "seed": "2024",
    "shallow_net_dropout": "0.1",
    "shuffle": "True",
    "task": "binary_classification",
    "test_data": "dataset/ML_1M/test.csv",
    "train_data": "dataset/ML_1M/train.csv",
    "use_features": "None",
    "valid_data": "dataset/ML_1M/valid.csv",
    "verbose": "1",
    "vit_hidden_dim": "128",
    "vit_num_heads": "4",
    "vit_num_layers": "4",
    "vit_patch_size": "4"
}
2024-09-23 09:55:16,961 P278035 INFO Set up feature processor...
2024-09-23 09:55:16,961 P278035 WARNING Skip rebuilding dataset/ML_1M_7_x1/feature_map.json. Please delete it manually if rebuilding is required.
2024-09-23 09:55:16,962 P278035 INFO Load feature_map from json: dataset/ML_1M_7_x1/feature_map.json
2024-09-23 09:55:16,962 P278035 INFO Set column index...
2024-09-23 09:55:16,962 P278035 INFO Feature specs: {
    "Age": "{'source': '', 'type': 'categorical', 'padding_idx': 0, 'vocab_size': 9}",
    "Gender": "{'source': '', 'type': 'categorical', 'padding_idx': 0, 'vocab_size': 4}",
    "Genres": "{'source': '', 'type': 'sequence', 'feature_encoder': 'layers.MaskedAveragePooling()', 'padding_idx': 0, 'max_len': 5, 'vocab_size': 302}",
    "MovieID": "{'source': '', 'type': 'categorical', 'padding_idx': 0, 'vocab_size': 3659}",
    "Occupation": "{'source': '', 'type': 'categorical', 'padding_idx': 0, 'vocab_size': 23}",
    "Release": "{'source': '', 'type': 'categorical', 'padding_idx': 0, 'vocab_size': 83}",
    "UserID": "{'source': '', 'type': 'categorical', 'padding_idx': 0, 'vocab_size': 6042}"
}
2024-09-23 09:55:18,481 P278035 INFO Total number of parameters: 4951418.
2024-09-23 09:55:18,481 P278035 INFO Loading datasets...
2024-09-23 09:55:20,722 P278035 INFO Train samples: total/700146, blocks/1
2024-09-23 09:55:21,552 P278035 INFO Validation samples: total/200041, blocks/1
2024-09-23 09:55:21,553 P278035 INFO Loading train and validation data done.
2024-09-23 09:55:21,553 P278035 INFO Start training: 171 batches/epoch
2024-09-23 09:55:21,553 P278035 INFO ************ Epoch=1 start ************
2024-09-23 09:56:58,539 P278035 INFO Train loss: 0.408119
2024-09-23 09:56:58,540 P278035 INFO Evaluation @epoch 1 - batch 171: 
2024-09-23 09:57:04,875 P278035 INFO [Metrics] AUC: 0.813234 - logloss: 0.348770
2024-09-23 09:57:04,876 P278035 INFO Save best model: monitor(max)=0.813234
2024-09-23 09:57:04,935 P278035 INFO ************ Epoch=1 end ************
2024-09-23 09:58:42,355 P278035 INFO Train loss: 0.366674
2024-09-23 09:58:42,357 P278035 INFO Evaluation @epoch 2 - batch 171: 
2024-09-23 09:58:47,897 P278035 INFO [Metrics] AUC: 0.824049 - logloss: 0.340638
2024-09-23 09:58:47,898 P278035 INFO Save best model: monitor(max)=0.824049
2024-09-23 09:58:48,014 P278035 INFO ************ Epoch=2 end ************
2024-09-23 10:00:23,769 P278035 INFO Train loss: 0.361047
2024-09-23 10:00:23,770 P278035 INFO Evaluation @epoch 3 - batch 171: 
2024-09-23 10:00:29,578 P278035 INFO [Metrics] AUC: 0.830003 - logloss: 0.336074
2024-09-23 10:00:29,579 P278035 INFO Save best model: monitor(max)=0.830003
2024-09-23 10:00:29,671 P278035 INFO ************ Epoch=3 end ************
2024-09-23 10:02:08,580 P278035 INFO Train loss: 0.357266
2024-09-23 10:02:08,580 P278035 INFO Evaluation @epoch 4 - batch 171: 
2024-09-23 10:02:14,887 P278035 INFO [Metrics] AUC: 0.834512 - logloss: 0.333077
2024-09-23 10:02:14,888 P278035 INFO Save best model: monitor(max)=0.834512
2024-09-23 10:02:15,013 P278035 INFO ************ Epoch=4 end ************
2024-09-23 10:03:52,715 P278035 INFO Train loss: 0.355945
2024-09-23 10:03:52,716 P278035 INFO Evaluation @epoch 5 - batch 171: 
2024-09-23 10:03:58,813 P278035 INFO [Metrics] AUC: 0.836941 - logloss: 0.331156
2024-09-23 10:03:58,813 P278035 INFO Save best model: monitor(max)=0.836941
2024-09-23 10:03:58,896 P278035 INFO ************ Epoch=5 end ************
2024-09-23 10:05:36,871 P278035 INFO Train loss: 0.354548
2024-09-23 10:05:36,872 P278035 INFO Evaluation @epoch 6 - batch 171: 
2024-09-23 10:05:43,216 P278035 INFO [Metrics] AUC: 0.838431 - logloss: 0.329574
2024-09-23 10:05:43,216 P278035 INFO Save best model: monitor(max)=0.838431
2024-09-23 10:05:43,287 P278035 INFO ************ Epoch=6 end ************
2024-09-23 10:07:21,372 P278035 INFO Train loss: 0.353074
2024-09-23 10:07:21,372 P278035 INFO Evaluation @epoch 7 - batch 171: 
2024-09-23 10:07:28,051 P278035 INFO [Metrics] AUC: 0.840516 - logloss: 0.328030
2024-09-23 10:07:28,051 P278035 INFO Save best model: monitor(max)=0.840516
2024-09-23 10:07:28,156 P278035 INFO ************ Epoch=7 end ************
2024-09-23 10:09:06,108 P278035 INFO Train loss: 0.352384
2024-09-23 10:09:06,109 P278035 INFO Evaluation @epoch 8 - batch 171: 
2024-09-23 10:09:12,626 P278035 INFO [Metrics] AUC: 0.841523 - logloss: 0.327171
2024-09-23 10:09:12,627 P278035 INFO Save best model: monitor(max)=0.841523
2024-09-23 10:09:12,713 P278035 INFO ************ Epoch=8 end ************
2024-09-23 10:10:49,593 P278035 INFO Train loss: 0.351259
2024-09-23 10:10:49,594 P278035 INFO Evaluation @epoch 9 - batch 171: 
2024-09-23 10:10:56,090 P278035 INFO [Metrics] AUC: 0.841253 - logloss: 0.327402
2024-09-23 10:10:56,091 P278035 INFO Monitor(max)=0.841253 STOP!
2024-09-23 10:10:56,091 P278035 INFO Reduce learning rate on plateau: 0.000100
2024-09-23 10:10:56,168 P278035 INFO ************ Epoch=9 end ************
2024-09-23 10:12:34,100 P278035 INFO Train loss: 0.326388
2024-09-23 10:12:34,101 P278035 INFO Evaluation @epoch 10 - batch 171: 
2024-09-23 10:12:39,044 P278035 INFO [Metrics] AUC: 0.849762 - logloss: 0.321456
2024-09-23 10:12:39,045 P278035 INFO Save best model: monitor(max)=0.849762
2024-09-23 10:12:39,136 P278035 INFO ************ Epoch=10 end ************
2024-09-23 10:14:15,139 P278035 INFO Train loss: 0.314809
2024-09-23 10:14:15,140 P278035 INFO Evaluation @epoch 11 - batch 171: 
2024-09-23 10:14:21,759 P278035 INFO [Metrics] AUC: 0.852415 - logloss: 0.320064
2024-09-23 10:14:21,760 P278035 INFO Save best model: monitor(max)=0.852415
2024-09-23 10:14:21,882 P278035 INFO ************ Epoch=11 end ************
2024-09-23 10:15:57,109 P278035 INFO Train loss: 0.308957
2024-09-23 10:15:57,109 P278035 INFO Evaluation @epoch 12 - batch 171: 
2024-09-23 10:16:03,447 P278035 INFO [Metrics] AUC: 0.853306 - logloss: 0.319809
2024-09-23 10:16:03,448 P278035 INFO Save best model: monitor(max)=0.853306
2024-09-23 10:16:03,520 P278035 INFO ************ Epoch=12 end ************
2024-09-23 10:17:41,921 P278035 INFO Train loss: 0.304297
2024-09-23 10:17:41,921 P278035 INFO Evaluation @epoch 13 - batch 171: 
2024-09-23 10:17:48,262 P278035 INFO [Metrics] AUC: 0.853344 - logloss: 0.320124
2024-09-23 10:17:48,263 P278035 INFO Save best model: monitor(max)=0.853344
2024-09-23 10:17:48,332 P278035 INFO ************ Epoch=13 end ************
2024-09-23 10:19:12,113 P278035 INFO Train loss: 0.300489
2024-09-23 10:19:12,114 P278035 INFO Evaluation @epoch 14 - batch 171: 
2024-09-23 10:19:17,504 P278035 INFO [Metrics] AUC: 0.853063 - logloss: 0.321704
2024-09-23 10:19:17,505 P278035 INFO Monitor(max)=0.853063 STOP!
2024-09-23 10:19:17,505 P278035 INFO Reduce learning rate on plateau: 0.000010
2024-09-23 10:19:17,577 P278035 INFO ************ Epoch=14 end ************
2024-09-23 10:20:20,071 P278035 INFO Train loss: 0.287654
2024-09-23 10:20:20,072 P278035 INFO Evaluation @epoch 15 - batch 171: 
2024-09-23 10:20:23,022 P278035 INFO [Metrics] AUC: 0.851834 - logloss: 0.325116
2024-09-23 10:20:23,023 P278035 INFO Monitor(max)=0.851834 STOP!
2024-09-23 10:20:23,023 P278035 INFO Reduce learning rate on plateau: 0.000001
2024-09-23 10:20:23,023 P278035 INFO ********* Epoch=15 early stop *********
2024-09-23 10:20:23,095 P278035 INFO Training finished.
2024-09-23 10:20:23,095 P278035 INFO Load best model: /workspace/checkpoints/ML_1M_7_x1/ViTLinDCNv3_ML_1M_026_0f76b97b.model
