2024-09-23 03:47:00,017 P145307 INFO FuxiCTR version: 2.3.2
2024-09-23 03:47:00,017 P145307 INFO Params: {
    "batch_norm": "True",
    "batch_size": "4096",
    "data_format": "csv",
    "data_root": "dataset/",
    "dataset_id": "ML_1M_7_x1",
    "debug_mode": "False",
    "deep_net_dropout": "0.1",
    "early_stop_patience": "2",
    "embedding_dim": "16",
    "embedding_regularizer": "0.01",
    "epochs": "100",
    "eval_steps": "None",
    "feature_cols": "[{'active': True, 'dtype': 'str', 'name': ['UserID', 'Gender', 'Age', 'Occupation', 'MovieID', 'Release'], 'type': 'categorical'}, {'active': True, 'dtype': 'str', 'encoder': 'MaskedSumPooling', 'max_len': 5, 'name': 'Genres', 'splitter': '^', 'type': 'sequence'}]",
    "feature_config": "None",
    "feature_specs": "None",
    "gpu": "0",
    "group_id": "None",
    "label_col": "{'dtype': 'float', 'name': 'Label'}",
    "layer_norm": "True",
    "learning_rate": "0.001",
    "loss": "binary_crossentropy",
    "metrics": "['logloss', 'AUC']",
    "min_categr_count": "1",
    "model": "ViTLinDCNv3",
    "model_id": "ViTLinDCNv3_ML_1M_009_5a9a5bd9",
    "model_root": "./checkpoints/",
    "monitor": "{'AUC': 1, 'logloss': 0}",
    "monitor_mode": "max",
    "net_regularizer": "0",
    "num_deep_cross_layers": "2",
    "num_heads": "1",
    "num_shallow_cross_layers": "2",
    "num_workers": "4",
    "optimizer": "adam",
    "pickle_feature_encoder": "True",
    "save_best_only": "True",
    "seed": "2024",
    "shallow_net_dropout": "0.1",
    "shuffle": "True",
    "task": "binary_classification",
    "test_data": "dataset/ML_1M/test.csv",
    "train_data": "dataset/ML_1M/train.csv",
    "use_features": "None",
    "valid_data": "dataset/ML_1M/valid.csv",
    "verbose": "1",
    "vit_hidden_dim": "32",
    "vit_num_heads": "8",
    "vit_num_layers": "4",
    "vit_patch_size": "4"
}
2024-09-23 03:47:00,019 P145307 INFO Set up feature processor...
2024-09-23 03:47:00,019 P145307 WARNING Skip rebuilding dataset/ML_1M_7_x1/feature_map.json. Please delete it manually if rebuilding is required.
2024-09-23 03:47:00,019 P145307 INFO Load feature_map from json: dataset/ML_1M_7_x1/feature_map.json
2024-09-23 03:47:00,019 P145307 INFO Set column index...
2024-09-23 03:47:00,020 P145307 INFO Feature specs: {
    "Age": "{'source': '', 'type': 'categorical', 'padding_idx': 0, 'vocab_size': 9}",
    "Gender": "{'source': '', 'type': 'categorical', 'padding_idx': 0, 'vocab_size': 4}",
    "Genres": "{'source': '', 'type': 'sequence', 'feature_encoder': 'layers.MaskedAveragePooling()', 'padding_idx': 0, 'max_len': 5, 'vocab_size': 302}",
    "MovieID": "{'source': '', 'type': 'categorical', 'padding_idx': 0, 'vocab_size': 3659}",
    "Occupation": "{'source': '', 'type': 'categorical', 'padding_idx': 0, 'vocab_size': 23}",
    "Release": "{'source': '', 'type': 'categorical', 'padding_idx': 0, 'vocab_size': 83}",
    "UserID": "{'source': '', 'type': 'categorical', 'padding_idx': 0, 'vocab_size': 6042}"
}
2024-09-23 03:47:01,355 P145307 INFO Total number of parameters: 1293050.
2024-09-23 03:47:01,355 P145307 INFO Loading datasets...
2024-09-23 03:47:03,483 P145307 INFO Train samples: total/700146, blocks/1
2024-09-23 03:47:04,016 P145307 INFO Validation samples: total/200041, blocks/1
2024-09-23 03:47:04,016 P145307 INFO Loading train and validation data done.
2024-09-23 03:47:04,016 P145307 INFO Start training: 171 batches/epoch
2024-09-23 03:47:04,016 P145307 INFO ************ Epoch=1 start ************
2024-09-23 03:48:43,600 P145307 INFO Train loss: 0.410851
2024-09-23 03:48:43,601 P145307 INFO Evaluation @epoch 1 - batch 171: 
2024-09-23 03:48:49,741 P145307 INFO [Metrics] AUC: 0.814679 - logloss: 0.347184
2024-09-23 03:48:49,742 P145307 INFO Save best model: monitor(max)=0.814679
2024-09-23 03:48:49,791 P145307 INFO ************ Epoch=1 end ************
2024-09-23 03:50:27,624 P145307 INFO Train loss: 0.368517
2024-09-23 03:50:27,625 P145307 INFO Evaluation @epoch 2 - batch 171: 
2024-09-23 03:50:33,705 P145307 INFO [Metrics] AUC: 0.826542 - logloss: 0.338679
2024-09-23 03:50:33,705 P145307 INFO Save best model: monitor(max)=0.826542
2024-09-23 03:50:33,790 P145307 INFO ************ Epoch=2 end ************
2024-09-23 03:52:11,689 P145307 INFO Train loss: 0.362366
2024-09-23 03:52:11,690 P145307 INFO Evaluation @epoch 3 - batch 171: 
2024-09-23 03:52:17,833 P145307 INFO [Metrics] AUC: 0.829988 - logloss: 0.336153
2024-09-23 03:52:17,834 P145307 INFO Save best model: monitor(max)=0.829988
2024-09-23 03:52:17,935 P145307 INFO ************ Epoch=3 end ************
2024-09-23 03:53:56,077 P145307 INFO Train loss: 0.359075
2024-09-23 03:53:56,078 P145307 INFO Evaluation @epoch 4 - batch 171: 
2024-09-23 03:54:02,226 P145307 INFO [Metrics] AUC: 0.834898 - logloss: 0.331979
2024-09-23 03:54:02,226 P145307 INFO Save best model: monitor(max)=0.834898
2024-09-23 03:54:02,298 P145307 INFO ************ Epoch=4 end ************
2024-09-23 03:55:39,753 P145307 INFO Train loss: 0.357747
2024-09-23 03:55:39,754 P145307 INFO Evaluation @epoch 5 - batch 171: 
2024-09-23 03:55:45,829 P145307 INFO [Metrics] AUC: 0.836460 - logloss: 0.330992
2024-09-23 03:55:45,829 P145307 INFO Save best model: monitor(max)=0.836460
2024-09-23 03:55:45,909 P145307 INFO ************ Epoch=5 end ************
2024-09-23 03:57:20,322 P145307 INFO Train loss: 0.355827
2024-09-23 03:57:20,323 P145307 INFO Evaluation @epoch 6 - batch 171: 
2024-09-23 03:57:26,470 P145307 INFO [Metrics] AUC: 0.838214 - logloss: 0.330095
2024-09-23 03:57:26,471 P145307 INFO Save best model: monitor(max)=0.838214
2024-09-23 03:57:26,550 P145307 INFO ************ Epoch=6 end ************
2024-09-23 03:59:04,535 P145307 INFO Train loss: 0.353951
2024-09-23 03:59:04,536 P145307 INFO Evaluation @epoch 7 - batch 171: 
2024-09-23 03:59:10,702 P145307 INFO [Metrics] AUC: 0.839386 - logloss: 0.328852
2024-09-23 03:59:10,702 P145307 INFO Save best model: monitor(max)=0.839386
2024-09-23 03:59:10,787 P145307 INFO ************ Epoch=7 end ************
2024-09-23 04:00:48,662 P145307 INFO Train loss: 0.352552
2024-09-23 04:00:48,662 P145307 INFO Evaluation @epoch 8 - batch 171: 
2024-09-23 04:00:54,893 P145307 INFO [Metrics] AUC: 0.840006 - logloss: 0.328413
2024-09-23 04:00:54,894 P145307 INFO Save best model: monitor(max)=0.840006
2024-09-23 04:00:54,993 P145307 INFO ************ Epoch=8 end ************
2024-09-23 04:02:32,806 P145307 INFO Train loss: 0.352095
2024-09-23 04:02:32,807 P145307 INFO Evaluation @epoch 9 - batch 171: 
2024-09-23 04:02:38,699 P145307 INFO [Metrics] AUC: 0.840916 - logloss: 0.327586
2024-09-23 04:02:38,699 P145307 INFO Save best model: monitor(max)=0.840916
2024-09-23 04:02:38,798 P145307 INFO ************ Epoch=9 end ************
2024-09-23 04:04:13,408 P145307 INFO Train loss: 0.351667
2024-09-23 04:04:13,409 P145307 INFO Evaluation @epoch 10 - batch 171: 
2024-09-23 04:04:19,565 P145307 INFO [Metrics] AUC: 0.843021 - logloss: 0.325936
2024-09-23 04:04:19,566 P145307 INFO Save best model: monitor(max)=0.843021
2024-09-23 04:04:19,645 P145307 INFO ************ Epoch=10 end ************
2024-09-23 04:05:53,907 P145307 INFO Train loss: 0.351513
2024-09-23 04:05:53,908 P145307 INFO Evaluation @epoch 11 - batch 171: 
2024-09-23 04:06:00,199 P145307 INFO [Metrics] AUC: 0.842538 - logloss: 0.325982
2024-09-23 04:06:00,200 P145307 INFO Monitor(max)=0.842538 STOP!
2024-09-23 04:06:00,200 P145307 INFO Reduce learning rate on plateau: 0.000100
2024-09-23 04:06:00,283 P145307 INFO ************ Epoch=11 end ************
2024-09-23 04:07:35,685 P145307 INFO Train loss: 0.324252
2024-09-23 04:07:35,686 P145307 INFO Evaluation @epoch 12 - batch 171: 
2024-09-23 04:07:41,669 P145307 INFO [Metrics] AUC: 0.850063 - logloss: 0.320627
2024-09-23 04:07:41,670 P145307 INFO Save best model: monitor(max)=0.850063
2024-09-23 04:07:41,736 P145307 INFO ************ Epoch=12 end ************
2024-09-23 04:09:19,109 P145307 INFO Train loss: 0.311926
2024-09-23 04:09:19,110 P145307 INFO Evaluation @epoch 13 - batch 171: 
2024-09-23 04:09:25,220 P145307 INFO [Metrics] AUC: 0.852753 - logloss: 0.319581
2024-09-23 04:09:25,220 P145307 INFO Save best model: monitor(max)=0.852753
2024-09-23 04:09:25,307 P145307 INFO ************ Epoch=13 end ************
2024-09-23 04:11:02,834 P145307 INFO Train loss: 0.305496
2024-09-23 04:11:02,835 P145307 INFO Evaluation @epoch 14 - batch 171: 
2024-09-23 04:11:09,102 P145307 INFO [Metrics] AUC: 0.853615 - logloss: 0.319123
2024-09-23 04:11:09,102 P145307 INFO Save best model: monitor(max)=0.853615
2024-09-23 04:11:09,187 P145307 INFO ************ Epoch=14 end ************
2024-09-23 04:12:46,851 P145307 INFO Train loss: 0.300441
2024-09-23 04:12:46,851 P145307 INFO Evaluation @epoch 15 - batch 171: 
2024-09-23 04:12:53,108 P145307 INFO [Metrics] AUC: 0.853173 - logloss: 0.319865
2024-09-23 04:12:53,109 P145307 INFO Monitor(max)=0.853173 STOP!
2024-09-23 04:12:53,109 P145307 INFO Reduce learning rate on plateau: 0.000010
2024-09-23 04:12:53,189 P145307 INFO ************ Epoch=15 end ************
2024-09-23 04:14:30,431 P145307 INFO Train loss: 0.287686
2024-09-23 04:14:30,432 P145307 INFO Evaluation @epoch 16 - batch 171: 
2024-09-23 04:14:36,359 P145307 INFO [Metrics] AUC: 0.852717 - logloss: 0.322971
2024-09-23 04:14:36,360 P145307 INFO Monitor(max)=0.852717 STOP!
2024-09-23 04:14:36,360 P145307 INFO Reduce learning rate on plateau: 0.000001
2024-09-23 04:14:36,360 P145307 INFO ********* Epoch=16 early stop *********
2024-09-23 04:14:36,430 P145307 INFO Training finished.
2024-09-23 04:14:36,431 P145307 INFO Load best model: /workspace/checkpoints/ML_1M_7_x1/ViTLinDCNv3_ML_1M_009_5a9a5bd9.model
