2024-09-23 01:39:30,877 P96442 INFO FuxiCTR version: 2.3.2
2024-09-23 01:39:30,877 P96442 INFO Params: {
    "batch_norm": "True",
    "batch_size": "4096",
    "data_format": "csv",
    "data_root": "dataset/",
    "dataset_id": "ML_1M_7_x1",
    "debug_mode": "False",
    "deep_net_dropout": "0.1",
    "early_stop_patience": "2",
    "embedding_dim": "16",
    "embedding_regularizer": "0.01",
    "epochs": "100",
    "eval_steps": "None",
    "feature_cols": "[{'active': True, 'dtype': 'str', 'name': ['UserID', 'Gender', 'Age', 'Occupation', 'MovieID', 'Release'], 'type': 'categorical'}, {'active': True, 'dtype': 'str', 'encoder': 'MaskedSumPooling', 'max_len': 5, 'name': 'Genres', 'splitter': '^', 'type': 'sequence'}]",
    "feature_config": "None",
    "feature_specs": "None",
    "gpu": "0",
    "group_id": "None",
    "label_col": "{'dtype': 'float', 'name': 'Label'}",
    "layer_norm": "True",
    "learning_rate": "0.001",
    "loss": "binary_crossentropy",
    "metrics": "['logloss', 'AUC']",
    "min_categr_count": "1",
    "model": "ViTLinDCNv3",
    "model_id": "ViTLinDCNv3_ML_1M_003_d40c8961",
    "model_root": "./checkpoints/",
    "monitor": "{'AUC': 1, 'logloss': 0}",
    "monitor_mode": "max",
    "net_regularizer": "0",
    "num_deep_cross_layers": "2",
    "num_heads": "1",
    "num_shallow_cross_layers": "2",
    "num_workers": "4",
    "optimizer": "adam",
    "pickle_feature_encoder": "True",
    "save_best_only": "True",
    "seed": "2024",
    "shallow_net_dropout": "0.1",
    "shuffle": "True",
    "task": "binary_classification",
    "test_data": "dataset/ML_1M/test.csv",
    "train_data": "dataset/ML_1M/train.csv",
    "use_features": "None",
    "valid_data": "dataset/ML_1M/valid.csv",
    "verbose": "1",
    "vit_hidden_dim": "32",
    "vit_num_heads": "8",
    "vit_num_layers": "1",
    "vit_patch_size": "4"
}
2024-09-23 01:39:30,879 P96442 INFO Set up feature processor...
2024-09-23 01:39:30,879 P96442 WARNING Skip rebuilding dataset/ML_1M_7_x1/feature_map.json. Please delete it manually if rebuilding is required.
2024-09-23 01:39:30,879 P96442 INFO Load feature_map from json: dataset/ML_1M_7_x1/feature_map.json
2024-09-23 01:39:30,880 P96442 INFO Set column index...
2024-09-23 01:39:30,880 P96442 INFO Feature specs: {
    "Age": "{'source': '', 'type': 'categorical', 'padding_idx': 0, 'vocab_size': 9}",
    "Gender": "{'source': '', 'type': 'categorical', 'padding_idx': 0, 'vocab_size': 4}",
    "Genres": "{'source': '', 'type': 'sequence', 'feature_encoder': 'layers.MaskedAveragePooling()', 'padding_idx': 0, 'max_len': 5, 'vocab_size': 302}",
    "MovieID": "{'source': '', 'type': 'categorical', 'padding_idx': 0, 'vocab_size': 3659}",
    "Occupation": "{'source': '', 'type': 'categorical', 'padding_idx': 0, 'vocab_size': 23}",
    "Release": "{'source': '', 'type': 'categorical', 'padding_idx': 0, 'vocab_size': 83}",
    "UserID": "{'source': '', 'type': 'categorical', 'padding_idx': 0, 'vocab_size': 6042}"
}
2024-09-23 01:39:32,820 P96442 INFO Total number of parameters: 468026.
2024-09-23 01:39:32,820 P96442 INFO Loading datasets...
2024-09-23 01:39:35,069 P96442 INFO Train samples: total/700146, blocks/1
2024-09-23 01:39:35,631 P96442 INFO Validation samples: total/200041, blocks/1
2024-09-23 01:39:35,631 P96442 INFO Loading train and validation data done.
2024-09-23 01:39:35,631 P96442 INFO Start training: 171 batches/epoch
2024-09-23 01:39:35,631 P96442 INFO ************ Epoch=1 start ************
2024-09-23 01:40:27,692 P96442 INFO Train loss: 0.414158
2024-09-23 01:40:27,693 P96442 INFO Evaluation @epoch 1 - batch 171: 
2024-09-23 01:40:31,175 P96442 INFO [Metrics] AUC: 0.815080 - logloss: 0.347859
2024-09-23 01:40:31,176 P96442 INFO Save best model: monitor(max)=0.815080
2024-09-23 01:40:31,237 P96442 INFO ************ Epoch=1 end ************
2024-09-23 01:41:21,652 P96442 INFO Train loss: 0.366427
2024-09-23 01:41:21,653 P96442 INFO Evaluation @epoch 2 - batch 171: 
2024-09-23 01:41:25,033 P96442 INFO [Metrics] AUC: 0.824794 - logloss: 0.340175
2024-09-23 01:41:25,034 P96442 INFO Save best model: monitor(max)=0.824794
2024-09-23 01:41:25,102 P96442 INFO ************ Epoch=2 end ************
2024-09-23 01:42:14,221 P96442 INFO Train loss: 0.360411
2024-09-23 01:42:14,222 P96442 INFO Evaluation @epoch 3 - batch 171: 
2024-09-23 01:42:17,096 P96442 INFO [Metrics] AUC: 0.832695 - logloss: 0.334354
2024-09-23 01:42:17,097 P96442 INFO Save best model: monitor(max)=0.832695
2024-09-23 01:42:17,171 P96442 INFO ************ Epoch=3 end ************
2024-09-23 01:43:04,943 P96442 INFO Train loss: 0.357298
2024-09-23 01:43:04,944 P96442 INFO Evaluation @epoch 4 - batch 171: 
2024-09-23 01:43:08,427 P96442 INFO [Metrics] AUC: 0.833650 - logloss: 0.332883
2024-09-23 01:43:08,427 P96442 INFO Save best model: monitor(max)=0.833650
2024-09-23 01:43:08,506 P96442 INFO ************ Epoch=4 end ************
2024-09-23 01:43:58,598 P96442 INFO Train loss: 0.355539
2024-09-23 01:43:58,599 P96442 INFO Evaluation @epoch 5 - batch 171: 
2024-09-23 01:44:02,024 P96442 INFO [Metrics] AUC: 0.837734 - logloss: 0.330349
2024-09-23 01:44:02,025 P96442 INFO Save best model: monitor(max)=0.837734
2024-09-23 01:44:02,089 P96442 INFO ************ Epoch=5 end ************
2024-09-23 01:44:52,850 P96442 INFO Train loss: 0.354464
2024-09-23 01:44:52,851 P96442 INFO Evaluation @epoch 6 - batch 171: 
2024-09-23 01:44:56,291 P96442 INFO [Metrics] AUC: 0.838990 - logloss: 0.328986
2024-09-23 01:44:56,292 P96442 INFO Save best model: monitor(max)=0.838990
2024-09-23 01:44:56,363 P96442 INFO ************ Epoch=6 end ************
2024-09-23 01:45:41,352 P96442 INFO Train loss: 0.353390
2024-09-23 01:45:41,352 P96442 INFO Evaluation @epoch 7 - batch 171: 
2024-09-23 01:45:44,136 P96442 INFO [Metrics] AUC: 0.840114 - logloss: 0.328332
2024-09-23 01:45:44,137 P96442 INFO Save best model: monitor(max)=0.840114
2024-09-23 01:45:44,208 P96442 INFO ************ Epoch=7 end ************
2024-09-23 01:46:31,356 P96442 INFO Train loss: 0.352357
2024-09-23 01:46:31,357 P96442 INFO Evaluation @epoch 8 - batch 171: 
2024-09-23 01:46:34,713 P96442 INFO [Metrics] AUC: 0.841201 - logloss: 0.327544
2024-09-23 01:46:34,714 P96442 INFO Save best model: monitor(max)=0.841201
2024-09-23 01:46:34,787 P96442 INFO ************ Epoch=8 end ************
2024-09-23 01:47:24,594 P96442 INFO Train loss: 0.351548
2024-09-23 01:47:24,594 P96442 INFO Evaluation @epoch 9 - batch 171: 
2024-09-23 01:47:27,841 P96442 INFO [Metrics] AUC: 0.842133 - logloss: 0.326422
2024-09-23 01:47:27,842 P96442 INFO Save best model: monitor(max)=0.842133
2024-09-23 01:47:27,914 P96442 INFO ************ Epoch=9 end ************
2024-09-23 01:48:17,503 P96442 INFO Train loss: 0.351083
2024-09-23 01:48:17,504 P96442 INFO Evaluation @epoch 10 - batch 171: 
2024-09-23 01:48:21,091 P96442 INFO [Metrics] AUC: 0.842941 - logloss: 0.325881
2024-09-23 01:48:21,092 P96442 INFO Save best model: monitor(max)=0.842941
2024-09-23 01:48:21,163 P96442 INFO ************ Epoch=10 end ************
2024-09-23 01:49:11,595 P96442 INFO Train loss: 0.350622
2024-09-23 01:49:11,596 P96442 INFO Evaluation @epoch 11 - batch 171: 
2024-09-23 01:49:14,908 P96442 INFO [Metrics] AUC: 0.842228 - logloss: 0.326612
2024-09-23 01:49:14,908 P96442 INFO Monitor(max)=0.842228 STOP!
2024-09-23 01:49:14,908 P96442 INFO Reduce learning rate on plateau: 0.000100
2024-09-23 01:49:14,974 P96442 INFO ************ Epoch=11 end ************
2024-09-23 01:50:04,834 P96442 INFO Train loss: 0.324587
2024-09-23 01:50:04,834 P96442 INFO Evaluation @epoch 12 - batch 171: 
2024-09-23 01:50:08,254 P96442 INFO [Metrics] AUC: 0.850391 - logloss: 0.320346
2024-09-23 01:50:08,255 P96442 INFO Save best model: monitor(max)=0.850391
2024-09-23 01:50:08,315 P96442 INFO ************ Epoch=12 end ************
2024-09-23 01:51:00,032 P96442 INFO Train loss: 0.312156
2024-09-23 01:51:00,033 P96442 INFO Evaluation @epoch 13 - batch 171: 
2024-09-23 01:51:04,256 P96442 INFO [Metrics] AUC: 0.852988 - logloss: 0.318706
2024-09-23 01:51:04,257 P96442 INFO Save best model: monitor(max)=0.852988
2024-09-23 01:51:04,341 P96442 INFO ************ Epoch=13 end ************
2024-09-23 01:52:06,804 P96442 INFO Train loss: 0.305623
2024-09-23 01:52:06,805 P96442 INFO Evaluation @epoch 14 - batch 171: 
2024-09-23 01:52:10,865 P96442 INFO [Metrics] AUC: 0.853550 - logloss: 0.319197
2024-09-23 01:52:10,865 P96442 INFO Save best model: monitor(max)=0.853550
2024-09-23 01:52:10,946 P96442 INFO ************ Epoch=14 end ************
2024-09-23 01:53:12,964 P96442 INFO Train loss: 0.300908
2024-09-23 01:53:12,965 P96442 INFO Evaluation @epoch 15 - batch 171: 
2024-09-23 01:53:17,282 P96442 INFO [Metrics] AUC: 0.853190 - logloss: 0.319968
2024-09-23 01:53:17,282 P96442 INFO Monitor(max)=0.853190 STOP!
2024-09-23 01:53:17,283 P96442 INFO Reduce learning rate on plateau: 0.000010
2024-09-23 01:53:17,380 P96442 INFO ************ Epoch=15 end ************
2024-09-23 01:54:19,887 P96442 INFO Train loss: 0.287649
2024-09-23 01:54:19,887 P96442 INFO Evaluation @epoch 16 - batch 171: 
2024-09-23 01:54:23,956 P96442 INFO [Metrics] AUC: 0.852917 - logloss: 0.321705
2024-09-23 01:54:23,957 P96442 INFO Monitor(max)=0.852917 STOP!
2024-09-23 01:54:23,958 P96442 INFO Reduce learning rate on plateau: 0.000001
2024-09-23 01:54:23,958 P96442 INFO ********* Epoch=16 early stop *********
2024-09-23 01:54:24,056 P96442 INFO Training finished.
2024-09-23 01:54:24,057 P96442 INFO Load best model: /workspace/checkpoints/ML_1M_7_x1/ViTLinDCNv3_ML_1M_003_d40c8961.model
