2024-09-23 09:04:55,855 P261199 INFO FuxiCTR version: 2.3.2
2024-09-23 09:04:55,856 P261199 INFO Params: {
    "batch_norm": "True",
    "batch_size": "4096",
    "data_format": "csv",
    "data_root": "dataset/",
    "dataset_id": "ML_1M_7_x1",
    "debug_mode": "False",
    "deep_net_dropout": "0.1",
    "early_stop_patience": "2",
    "embedding_dim": "16",
    "embedding_regularizer": "0.01",
    "epochs": "100",
    "eval_steps": "None",
    "feature_cols": "[{'active': True, 'dtype': 'str', 'name': ['UserID', 'Gender', 'Age', 'Occupation', 'MovieID', 'Release'], 'type': 'categorical'}, {'active': True, 'dtype': 'str', 'encoder': 'MaskedSumPooling', 'max_len': 5, 'name': 'Genres', 'splitter': '^', 'type': 'sequence'}]",
    "feature_config": "None",
    "feature_specs": "None",
    "gpu": "0",
    "group_id": "None",
    "label_col": "{'dtype': 'float', 'name': 'Label'}",
    "layer_norm": "True",
    "learning_rate": "0.001",
    "loss": "binary_crossentropy",
    "metrics": "['logloss', 'AUC']",
    "min_categr_count": "1",
    "model": "ViTLinDCNv3",
    "model_id": "ViTLinDCNv3_ML_1M_024_60c5bafa",
    "model_root": "./checkpoints/",
    "monitor": "{'AUC': 1, 'logloss': 0}",
    "monitor_mode": "max",
    "net_regularizer": "0",
    "num_deep_cross_layers": "2",
    "num_heads": "1",
    "num_shallow_cross_layers": "2",
    "num_workers": "4",
    "optimizer": "adam",
    "pickle_feature_encoder": "True",
    "save_best_only": "True",
    "seed": "2024",
    "shallow_net_dropout": "0.1",
    "shuffle": "True",
    "task": "binary_classification",
    "test_data": "dataset/ML_1M/test.csv",
    "train_data": "dataset/ML_1M/train.csv",
    "use_features": "None",
    "valid_data": "dataset/ML_1M/valid.csv",
    "verbose": "1",
    "vit_hidden_dim": "128",
    "vit_num_heads": "8",
    "vit_num_layers": "2",
    "vit_patch_size": "4"
}
2024-09-23 09:04:55,857 P261199 INFO Set up feature processor...
2024-09-23 09:04:55,858 P261199 WARNING Skip rebuilding dataset/ML_1M_7_x1/feature_map.json. Please delete it manually if rebuilding is required.
2024-09-23 09:04:55,858 P261199 INFO Load feature_map from json: dataset/ML_1M_7_x1/feature_map.json
2024-09-23 09:04:55,858 P261199 INFO Set column index...
2024-09-23 09:04:55,858 P261199 INFO Feature specs: {
    "Age": "{'source': '', 'type': 'categorical', 'padding_idx': 0, 'vocab_size': 9}",
    "Gender": "{'source': '', 'type': 'categorical', 'padding_idx': 0, 'vocab_size': 4}",
    "Genres": "{'source': '', 'type': 'sequence', 'feature_encoder': 'layers.MaskedAveragePooling()', 'padding_idx': 0, 'max_len': 5, 'vocab_size': 302}",
    "MovieID": "{'source': '', 'type': 'categorical', 'padding_idx': 0, 'vocab_size': 3659}",
    "Occupation": "{'source': '', 'type': 'categorical', 'padding_idx': 0, 'vocab_size': 23}",
    "Release": "{'source': '', 'type': 'categorical', 'padding_idx': 0, 'vocab_size': 83}",
    "UserID": "{'source': '', 'type': 'categorical', 'padding_idx': 0, 'vocab_size': 6042}"
}
2024-09-23 09:04:57,193 P261199 INFO Total number of parameters: 2579322.
2024-09-23 09:04:57,193 P261199 INFO Loading datasets...
2024-09-23 09:04:59,311 P261199 INFO Train samples: total/700146, blocks/1
2024-09-23 09:04:59,907 P261199 INFO Validation samples: total/200041, blocks/1
2024-09-23 09:04:59,907 P261199 INFO Loading train and validation data done.
2024-09-23 09:04:59,907 P261199 INFO Start training: 171 batches/epoch
2024-09-23 09:04:59,907 P261199 INFO ************ Epoch=1 start ************
2024-09-23 09:06:17,631 P261199 INFO Train loss: 0.408443
2024-09-23 09:06:17,632 P261199 INFO Evaluation @epoch 1 - batch 171: 
2024-09-23 09:06:22,732 P261199 INFO [Metrics] AUC: 0.813469 - logloss: 0.348496
2024-09-23 09:06:22,733 P261199 INFO Save best model: monitor(max)=0.813469
2024-09-23 09:06:22,780 P261199 INFO ************ Epoch=1 end ************
2024-09-23 09:07:39,731 P261199 INFO Train loss: 0.367402
2024-09-23 09:07:39,732 P261199 INFO Evaluation @epoch 2 - batch 171: 
2024-09-23 09:07:44,968 P261199 INFO [Metrics] AUC: 0.823320 - logloss: 0.341114
2024-09-23 09:07:44,969 P261199 INFO Save best model: monitor(max)=0.823320
2024-09-23 09:07:45,047 P261199 INFO ************ Epoch=2 end ************
2024-09-23 09:09:01,015 P261199 INFO Train loss: 0.362507
2024-09-23 09:09:01,016 P261199 INFO Evaluation @epoch 3 - batch 171: 
2024-09-23 09:09:06,165 P261199 INFO [Metrics] AUC: 0.830945 - logloss: 0.335706
2024-09-23 09:09:06,165 P261199 INFO Save best model: monitor(max)=0.830945
2024-09-23 09:09:06,238 P261199 INFO ************ Epoch=3 end ************
2024-09-23 09:10:22,660 P261199 INFO Train loss: 0.359499
2024-09-23 09:10:22,660 P261199 INFO Evaluation @epoch 4 - batch 171: 
2024-09-23 09:10:27,772 P261199 INFO [Metrics] AUC: 0.835244 - logloss: 0.331689
2024-09-23 09:10:27,773 P261199 INFO Save best model: monitor(max)=0.835244
2024-09-23 09:10:27,856 P261199 INFO ************ Epoch=4 end ************
2024-09-23 09:11:44,757 P261199 INFO Train loss: 0.356887
2024-09-23 09:11:44,757 P261199 INFO Evaluation @epoch 5 - batch 171: 
2024-09-23 09:11:49,860 P261199 INFO [Metrics] AUC: 0.836727 - logloss: 0.330931
2024-09-23 09:11:49,861 P261199 INFO Save best model: monitor(max)=0.836727
2024-09-23 09:11:49,940 P261199 INFO ************ Epoch=5 end ************
2024-09-23 09:13:06,897 P261199 INFO Train loss: 0.355041
2024-09-23 09:13:06,898 P261199 INFO Evaluation @epoch 6 - batch 171: 
2024-09-23 09:13:11,701 P261199 INFO [Metrics] AUC: 0.837804 - logloss: 0.329603
2024-09-23 09:13:11,702 P261199 INFO Save best model: monitor(max)=0.837804
2024-09-23 09:13:11,769 P261199 INFO ************ Epoch=6 end ************
2024-09-23 09:14:28,533 P261199 INFO Train loss: 0.353399
2024-09-23 09:14:28,533 P261199 INFO Evaluation @epoch 7 - batch 171: 
2024-09-23 09:14:33,603 P261199 INFO [Metrics] AUC: 0.840313 - logloss: 0.328367
2024-09-23 09:14:33,604 P261199 INFO Save best model: monitor(max)=0.840313
2024-09-23 09:14:33,668 P261199 INFO ************ Epoch=7 end ************
2024-09-23 09:15:50,057 P261199 INFO Train loss: 0.351885
2024-09-23 09:15:50,058 P261199 INFO Evaluation @epoch 8 - batch 171: 
2024-09-23 09:15:55,227 P261199 INFO [Metrics] AUC: 0.842163 - logloss: 0.326294
2024-09-23 09:15:55,227 P261199 INFO Save best model: monitor(max)=0.842163
2024-09-23 09:15:55,330 P261199 INFO ************ Epoch=8 end ************
2024-09-23 09:17:11,911 P261199 INFO Train loss: 0.351103
2024-09-23 09:17:11,913 P261199 INFO Evaluation @epoch 9 - batch 171: 
2024-09-23 09:17:17,023 P261199 INFO [Metrics] AUC: 0.842556 - logloss: 0.326244
2024-09-23 09:17:17,024 P261199 INFO Save best model: monitor(max)=0.842556
2024-09-23 09:17:17,111 P261199 INFO ************ Epoch=9 end ************
2024-09-23 09:18:32,668 P261199 INFO Train loss: 0.350835
2024-09-23 09:18:32,668 P261199 INFO Evaluation @epoch 10 - batch 171: 
2024-09-23 09:18:37,950 P261199 INFO [Metrics] AUC: 0.842620 - logloss: 0.326320
2024-09-23 09:18:37,951 P261199 INFO Save best model: monitor(max)=0.842620
2024-09-23 09:18:38,049 P261199 INFO ************ Epoch=10 end ************
2024-09-23 09:19:55,373 P261199 INFO Train loss: 0.350245
2024-09-23 09:19:55,374 P261199 INFO Evaluation @epoch 11 - batch 171: 
2024-09-23 09:20:00,640 P261199 INFO [Metrics] AUC: 0.842981 - logloss: 0.325550
2024-09-23 09:20:00,641 P261199 INFO Save best model: monitor(max)=0.842981
2024-09-23 09:20:00,715 P261199 INFO ************ Epoch=11 end ************
2024-09-23 09:21:16,715 P261199 INFO Train loss: 0.349576
2024-09-23 09:21:16,715 P261199 INFO Evaluation @epoch 12 - batch 171: 
2024-09-23 09:21:22,324 P261199 INFO [Metrics] AUC: 0.843774 - logloss: 0.325352
2024-09-23 09:21:22,325 P261199 INFO Save best model: monitor(max)=0.843774
2024-09-23 09:21:22,399 P261199 INFO ************ Epoch=12 end ************
2024-09-23 09:22:34,785 P261199 INFO Train loss: 0.349344
2024-09-23 09:22:34,786 P261199 INFO Evaluation @epoch 13 - batch 171: 
2024-09-23 09:22:40,082 P261199 INFO [Metrics] AUC: 0.844795 - logloss: 0.324968
2024-09-23 09:22:40,083 P261199 INFO Save best model: monitor(max)=0.844795
2024-09-23 09:22:40,152 P261199 INFO ************ Epoch=13 end ************
2024-09-23 09:23:56,103 P261199 INFO Train loss: 0.348538
2024-09-23 09:23:56,104 P261199 INFO Evaluation @epoch 14 - batch 171: 
2024-09-23 09:24:00,287 P261199 INFO [Metrics] AUC: 0.844512 - logloss: 0.324394
2024-09-23 09:24:00,288 P261199 INFO Monitor(max)=0.844512 STOP!
2024-09-23 09:24:00,288 P261199 INFO Reduce learning rate on plateau: 0.000100
2024-09-23 09:24:00,362 P261199 INFO ************ Epoch=14 end ************
2024-09-23 09:25:14,869 P261199 INFO Train loss: 0.319648
2024-09-23 09:25:14,870 P261199 INFO Evaluation @epoch 15 - batch 171: 
2024-09-23 09:25:20,071 P261199 INFO [Metrics] AUC: 0.851236 - logloss: 0.321611
2024-09-23 09:25:20,072 P261199 INFO Save best model: monitor(max)=0.851236
2024-09-23 09:25:20,150 P261199 INFO ************ Epoch=15 end ************
2024-09-23 09:26:37,226 P261199 INFO Train loss: 0.307058
2024-09-23 09:26:37,227 P261199 INFO Evaluation @epoch 16 - batch 171: 
2024-09-23 09:26:42,390 P261199 INFO [Metrics] AUC: 0.853144 - logloss: 0.320943
2024-09-23 09:26:42,390 P261199 INFO Save best model: monitor(max)=0.853144
2024-09-23 09:26:42,475 P261199 INFO ************ Epoch=16 end ************
2024-09-23 09:27:59,508 P261199 INFO Train loss: 0.300490
2024-09-23 09:27:59,509 P261199 INFO Evaluation @epoch 17 - batch 171: 
2024-09-23 09:28:04,680 P261199 INFO [Metrics] AUC: 0.853259 - logloss: 0.321562
2024-09-23 09:28:04,681 P261199 INFO Save best model: monitor(max)=0.853259
2024-09-23 09:28:04,760 P261199 INFO ************ Epoch=17 end ************
2024-09-23 09:29:21,436 P261199 INFO Train loss: 0.295770
2024-09-23 09:29:21,437 P261199 INFO Evaluation @epoch 18 - batch 171: 
2024-09-23 09:29:26,396 P261199 INFO [Metrics] AUC: 0.852630 - logloss: 0.323595
2024-09-23 09:29:26,397 P261199 INFO Monitor(max)=0.852630 STOP!
2024-09-23 09:29:26,397 P261199 INFO Reduce learning rate on plateau: 0.000010
2024-09-23 09:29:26,479 P261199 INFO ************ Epoch=18 end ************
2024-09-23 09:30:43,132 P261199 INFO Train loss: 0.282896
2024-09-23 09:30:43,133 P261199 INFO Evaluation @epoch 19 - batch 171: 
2024-09-23 09:30:48,153 P261199 INFO [Metrics] AUC: 0.851729 - logloss: 0.327195
2024-09-23 09:30:48,154 P261199 INFO Monitor(max)=0.851729 STOP!
2024-09-23 09:30:48,154 P261199 INFO Reduce learning rate on plateau: 0.000001
2024-09-23 09:30:48,155 P261199 INFO ********* Epoch=19 early stop *********
2024-09-23 09:30:48,235 P261199 INFO Training finished.
2024-09-23 09:30:48,236 P261199 INFO Load best model: /workspace/checkpoints/ML_1M_7_x1/ViTLinDCNv3_ML_1M_024_60c5bafa.model
