2024-09-23 02:17:57,896 P112446 INFO FuxiCTR version: 2.3.2
2024-09-23 02:17:57,896 P112446 INFO Params: {
    "batch_norm": "True",
    "batch_size": "4096",
    "data_format": "csv",
    "data_root": "dataset/",
    "dataset_id": "ML_1M_7_x1",
    "debug_mode": "False",
    "deep_net_dropout": "0.1",
    "early_stop_patience": "2",
    "embedding_dim": "16",
    "embedding_regularizer": "0.01",
    "epochs": "100",
    "eval_steps": "None",
    "feature_cols": "[{'active': True, 'dtype': 'str', 'name': ['UserID', 'Gender', 'Age', 'Occupation', 'MovieID', 'Release'], 'type': 'categorical'}, {'active': True, 'dtype': 'str', 'encoder': 'MaskedSumPooling', 'max_len': 5, 'name': 'Genres', 'splitter': '^', 'type': 'sequence'}]",
    "feature_config": "None",
    "feature_specs": "None",
    "gpu": "0",
    "group_id": "None",
    "label_col": "{'dtype': 'float', 'name': 'Label'}",
    "layer_norm": "True",
    "learning_rate": "0.001",
    "loss": "binary_crossentropy",
    "metrics": "['logloss', 'AUC']",
    "min_categr_count": "1",
    "model": "ViTLinDCNv3",
    "model_id": "ViTLinDCNv3_ML_1M_005_ad7edafe",
    "model_root": "./checkpoints/",
    "monitor": "{'AUC': 1, 'logloss': 0}",
    "monitor_mode": "max",
    "net_regularizer": "0",
    "num_deep_cross_layers": "2",
    "num_heads": "1",
    "num_shallow_cross_layers": "2",
    "num_workers": "4",
    "optimizer": "adam",
    "pickle_feature_encoder": "True",
    "save_best_only": "True",
    "seed": "2024",
    "shallow_net_dropout": "0.1",
    "shuffle": "True",
    "task": "binary_classification",
    "test_data": "dataset/ML_1M/test.csv",
    "train_data": "dataset/ML_1M/train.csv",
    "use_features": "None",
    "valid_data": "dataset/ML_1M/valid.csv",
    "verbose": "1",
    "vit_hidden_dim": "32",
    "vit_num_heads": "4",
    "vit_num_layers": "2",
    "vit_patch_size": "4"
}
2024-09-23 02:17:57,898 P112446 INFO Set up feature processor...
2024-09-23 02:17:57,898 P112446 WARNING Skip rebuilding dataset/ML_1M_7_x1/feature_map.json. Please delete it manually if rebuilding is required.
2024-09-23 02:17:57,898 P112446 INFO Load feature_map from json: dataset/ML_1M_7_x1/feature_map.json
2024-09-23 02:17:57,898 P112446 INFO Set column index...
2024-09-23 02:17:57,899 P112446 INFO Feature specs: {
    "Age": "{'source': '', 'type': 'categorical', 'padding_idx': 0, 'vocab_size': 9}",
    "Gender": "{'source': '', 'type': 'categorical', 'padding_idx': 0, 'vocab_size': 4}",
    "Genres": "{'source': '', 'type': 'sequence', 'feature_encoder': 'layers.MaskedAveragePooling()', 'padding_idx': 0, 'max_len': 5, 'vocab_size': 302}",
    "MovieID": "{'source': '', 'type': 'categorical', 'padding_idx': 0, 'vocab_size': 3659}",
    "Occupation": "{'source': '', 'type': 'categorical', 'padding_idx': 0, 'vocab_size': 23}",
    "Release": "{'source': '', 'type': 'categorical', 'padding_idx': 0, 'vocab_size': 83}",
    "UserID": "{'source': '', 'type': 'categorical', 'padding_idx': 0, 'vocab_size': 6042}"
}
2024-09-23 02:17:59,299 P112446 INFO Total number of parameters: 743034.
2024-09-23 02:17:59,299 P112446 INFO Loading datasets...
2024-09-23 02:18:01,286 P112446 INFO Train samples: total/700146, blocks/1
2024-09-23 02:18:01,896 P112446 INFO Validation samples: total/200041, blocks/1
2024-09-23 02:18:01,897 P112446 INFO Loading train and validation data done.
2024-09-23 02:18:01,897 P112446 INFO Start training: 171 batches/epoch
2024-09-23 02:18:01,897 P112446 INFO ************ Epoch=1 start ************
2024-09-23 02:19:17,002 P112446 INFO Train loss: 0.410793
2024-09-23 02:19:17,003 P112446 INFO Evaluation @epoch 1 - batch 171: 
2024-09-23 02:19:21,777 P112446 INFO [Metrics] AUC: 0.814532 - logloss: 0.347192
2024-09-23 02:19:21,778 P112446 INFO Save best model: monitor(max)=0.814532
2024-09-23 02:19:21,833 P112446 INFO ************ Epoch=1 end ************
2024-09-23 02:20:35,040 P112446 INFO Train loss: 0.367054
2024-09-23 02:20:35,041 P112446 INFO Evaluation @epoch 2 - batch 171: 
2024-09-23 02:20:39,831 P112446 INFO [Metrics] AUC: 0.826174 - logloss: 0.339005
2024-09-23 02:20:39,831 P112446 INFO Save best model: monitor(max)=0.826174
2024-09-23 02:20:39,896 P112446 INFO ************ Epoch=2 end ************
2024-09-23 02:21:48,486 P112446 INFO Train loss: 0.362007
2024-09-23 02:21:48,487 P112446 INFO Evaluation @epoch 3 - batch 171: 
2024-09-23 02:21:53,289 P112446 INFO [Metrics] AUC: 0.831821 - logloss: 0.334531
2024-09-23 02:21:53,290 P112446 INFO Save best model: monitor(max)=0.831821
2024-09-23 02:21:53,368 P112446 INFO ************ Epoch=3 end ************
2024-09-23 02:23:06,791 P112446 INFO Train loss: 0.358979
2024-09-23 02:23:06,791 P112446 INFO Evaluation @epoch 4 - batch 171: 
2024-09-23 02:23:11,191 P112446 INFO [Metrics] AUC: 0.835375 - logloss: 0.332283
2024-09-23 02:23:11,192 P112446 INFO Save best model: monitor(max)=0.835375
2024-09-23 02:23:11,262 P112446 INFO ************ Epoch=4 end ************
2024-09-23 02:24:18,819 P112446 INFO Train loss: 0.356757
2024-09-23 02:24:18,820 P112446 INFO Evaluation @epoch 5 - batch 171: 
2024-09-23 02:24:23,605 P112446 INFO [Metrics] AUC: 0.836207 - logloss: 0.331015
2024-09-23 02:24:23,606 P112446 INFO Save best model: monitor(max)=0.836207
2024-09-23 02:24:23,675 P112446 INFO ************ Epoch=5 end ************
2024-09-23 02:25:37,211 P112446 INFO Train loss: 0.355097
2024-09-23 02:25:37,211 P112446 INFO Evaluation @epoch 6 - batch 171: 
2024-09-23 02:25:42,072 P112446 INFO [Metrics] AUC: 0.838250 - logloss: 0.330168
2024-09-23 02:25:42,073 P112446 INFO Save best model: monitor(max)=0.838250
2024-09-23 02:25:42,157 P112446 INFO ************ Epoch=6 end ************
2024-09-23 02:26:55,405 P112446 INFO Train loss: 0.353983
2024-09-23 02:26:55,406 P112446 INFO Evaluation @epoch 7 - batch 171: 
2024-09-23 02:27:00,085 P112446 INFO [Metrics] AUC: 0.840136 - logloss: 0.327985
2024-09-23 02:27:00,086 P112446 INFO Save best model: monitor(max)=0.840136
2024-09-23 02:27:00,166 P112446 INFO ************ Epoch=7 end ************
2024-09-23 02:28:13,733 P112446 INFO Train loss: 0.353101
2024-09-23 02:28:13,734 P112446 INFO Evaluation @epoch 8 - batch 171: 
2024-09-23 02:28:18,503 P112446 INFO [Metrics] AUC: 0.839774 - logloss: 0.328931
2024-09-23 02:28:18,504 P112446 INFO Monitor(max)=0.839774 STOP!
2024-09-23 02:28:18,504 P112446 INFO Reduce learning rate on plateau: 0.000100
2024-09-23 02:28:18,573 P112446 INFO ************ Epoch=8 end ************
2024-09-23 02:29:32,510 P112446 INFO Train loss: 0.328130
2024-09-23 02:29:32,511 P112446 INFO Evaluation @epoch 9 - batch 171: 
2024-09-23 02:29:37,308 P112446 INFO [Metrics] AUC: 0.848839 - logloss: 0.321525
2024-09-23 02:29:37,309 P112446 INFO Save best model: monitor(max)=0.848839
2024-09-23 02:29:37,397 P112446 INFO ************ Epoch=9 end ************
2024-09-23 02:30:50,642 P112446 INFO Train loss: 0.315823
2024-09-23 02:30:50,642 P112446 INFO Evaluation @epoch 10 - batch 171: 
2024-09-23 02:30:55,478 P112446 INFO [Metrics] AUC: 0.851964 - logloss: 0.319490
2024-09-23 02:30:55,479 P112446 INFO Save best model: monitor(max)=0.851964
2024-09-23 02:30:55,548 P112446 INFO ************ Epoch=10 end ************
2024-09-23 02:32:09,328 P112446 INFO Train loss: 0.309237
2024-09-23 02:32:09,328 P112446 INFO Evaluation @epoch 11 - batch 171: 
2024-09-23 02:32:14,005 P112446 INFO [Metrics] AUC: 0.853409 - logloss: 0.318679
2024-09-23 02:32:14,006 P112446 INFO Save best model: monitor(max)=0.853409
2024-09-23 02:32:14,083 P112446 INFO ************ Epoch=11 end ************
2024-09-23 02:33:25,195 P112446 INFO Train loss: 0.304443
2024-09-23 02:33:25,196 P112446 INFO Evaluation @epoch 12 - batch 171: 
2024-09-23 02:33:29,261 P112446 INFO [Metrics] AUC: 0.853380 - logloss: 0.319483
2024-09-23 02:33:29,261 P112446 INFO Monitor(max)=0.853380 STOP!
2024-09-23 02:33:29,261 P112446 INFO Reduce learning rate on plateau: 0.000010
2024-09-23 02:33:29,359 P112446 INFO ************ Epoch=12 end ************
2024-09-23 02:34:43,040 P112446 INFO Train loss: 0.291791
2024-09-23 02:34:43,041 P112446 INFO Evaluation @epoch 13 - batch 171: 
2024-09-23 02:34:47,824 P112446 INFO [Metrics] AUC: 0.853037 - logloss: 0.321480
2024-09-23 02:34:47,825 P112446 INFO Monitor(max)=0.853037 STOP!
2024-09-23 02:34:47,825 P112446 INFO Reduce learning rate on plateau: 0.000001
2024-09-23 02:34:47,825 P112446 INFO ********* Epoch=13 early stop *********
2024-09-23 02:34:47,895 P112446 INFO Training finished.
2024-09-23 02:34:47,896 P112446 INFO Load best model: /workspace/checkpoints/ML_1M_7_x1/ViTLinDCNv3_ML_1M_005_ad7edafe.model
