2024-09-25 19:49:59,731 P16849 INFO FuxiCTR version: 2.3.2
2024-09-25 19:49:59,731 P16849 INFO Params: {
    "batch_norm": "True",
    "batch_size": "10000",
    "data_format": "csv",
    "data_root": "dataset/",
    "dataset_id": "KKBox_csv",
    "debug_mode": "False",
    "deep_net_dropout": "0.1",
    "early_stop_patience": "2",
    "embedding_dim": "128",
    "embedding_regularizer": "0.0005",
    "epochs": "100",
    "eval_steps": "None",
    "feature_cols": "[{'active': True, 'dtype': 'str', 'name': 'isrc', 'preprocess': 'extract_country_code', 'type': 'categorical'}, {'active': True, 'dtype': 'str', 'name': ['msno', 'song_id', 'source_system_tab', 'source_screen_name', 'source_type', 'city', 'gender', 'registered_via', 'language'], 'type': 'categorical'}, {'active': True, 'dtype': 'str', 'encoder': 'MaskedSumPooling', 'max_len': 3, 'name': 'genre_ids', 'type': 'sequence'}, {'active': True, 'dtype': 'str', 'encoder': 'MaskedSumPooling', 'max_len': 3, 'name': 'artist_name', 'type': 'sequence'}, {'active': True, 'dtype': 'str', 'name': 'bd', 'preprocess': 'bucketize_age', 'type': 'categorical'}]",
    "feature_config": "None",
    "feature_specs": "None",
    "gpu": "0",
    "group_id": "None",
    "label_col": "{'dtype': 'float', 'name': 'label'}",
    "layer_norm": "True",
    "learning_rate": "0.001",
    "loss": "binary_crossentropy",
    "metrics": "['logloss', 'AUC']",
    "min_categr_count": "10",
    "model": "DCNv3",
    "model_id": "DCNv3_KKBox_x10",
    "model_root": "./checkpoints/",
    "monitor": "{'AUC': 1, 'logloss': 0}",
    "monitor_mode": "max",
    "net_regularizer": "0",
    "num_deep_cross_layers": "3",
    "num_heads": "1",
    "num_shallow_cross_layers": "4",
    "num_workers": "4",
    "optimizer": "adam",
    "pickle_feature_encoder": "True",
    "save_best_only": "True",
    "seed": "2024",
    "shallow_net_dropout": "0.2",
    "shuffle": "True",
    "task": "binary_classification",
    "test_data": "dataset/KKBox_x1/test.csv",
    "train_data": "dataset/KKBox_x1/train.csv",
    "use_features": "None",
    "valid_data": "dataset/KKBox_x1/valid.csv",
    "verbose": "1"
}
2024-09-25 19:49:59,732 P16849 INFO Set up feature processor...
2024-09-25 19:49:59,733 P16849 WARNING Skip rebuilding dataset/KKBox_csv/feature_map.json. Please delete it manually if rebuilding is required.
2024-09-25 19:49:59,733 P16849 INFO Load feature_map from json: dataset/KKBox_csv/feature_map.json
2024-09-25 19:49:59,738 P16849 INFO Set column index...
2024-09-25 19:49:59,739 P16849 INFO Feature specs: {
    "artist_name": "{'source': '', 'type': 'sequence', 'feature_encoder': 'layers.MaskedAveragePooling()', 'padding_idx': 0, 'max_len': 3, 'vocab_size': 11976}",
    "bd": "{'source': '', 'type': 'categorical', 'padding_idx': 0, 'vocab_size': 9}",
    "city": "{'source': '', 'type': 'categorical', 'padding_idx': 0, 'vocab_size': 23}",
    "gender": "{'source': '', 'type': 'categorical', 'padding_idx': 0, 'vocab_size': 4}",
    "genre_ids": "{'source': '', 'type': 'sequence', 'feature_encoder': 'layers.MaskedAveragePooling()', 'padding_idx': 0, 'max_len': 3, 'vocab_size': 346}",
    "isrc": "{'source': '', 'type': 'categorical', 'padding_idx': 0, 'vocab_size': 80}",
    "language": "{'source': '', 'type': 'categorical', 'padding_idx': 0, 'vocab_size': 12}",
    "msno": "{'source': '', 'type': 'categorical', 'padding_idx': 0, 'vocab_size': 25963}",
    "registered_via": "{'source': '', 'type': 'categorical', 'padding_idx': 0, 'vocab_size': 7}",
    "song_id": "{'source': '', 'type': 'categorical', 'padding_idx': 0, 'vocab_size': 53291}",
    "source_screen_name": "{'source': '', 'type': 'categorical', 'padding_idx': 0, 'vocab_size': 21}",
    "source_system_tab": "{'source': '', 'type': 'categorical', 'padding_idx': 0, 'vocab_size': 10}",
    "source_type": "{'source': '', 'type': 'categorical', 'padding_idx': 0, 'vocab_size': 14}"
}
2024-09-25 19:50:01,361 P16849 INFO Total number of parameters: 21462544.
2024-09-25 19:50:01,362 P16849 INFO Loading datasets...
2024-09-25 19:50:25,624 P16849 INFO Train samples: total/5901932, blocks/1
2024-09-25 19:50:28,674 P16849 INFO Validation samples: total/737743, blocks/1
2024-09-25 19:50:28,674 P16849 INFO Loading train and validation data done.
2024-09-25 19:50:28,675 P16849 INFO Start training: 591 batches/epoch
2024-09-25 19:50:28,675 P16849 INFO ************ Epoch=1 start ************
2024-09-25 19:56:51,345 P16849 INFO Train loss: 0.592368
2024-09-25 19:56:51,346 P16849 INFO Evaluation @epoch 1 - batch 591: 
2024-09-25 19:57:03,263 P16849 INFO [Metrics] AUC: 0.810934 - logloss: 0.528921
2024-09-25 19:57:03,271 P16849 INFO Save best model: monitor(max)=0.810934
2024-09-25 19:57:03,945 P16849 INFO ************ Epoch=1 end ************
2024-09-25 20:03:25,650 P16849 INFO Train loss: 0.572480
2024-09-25 20:03:25,651 P16849 INFO Evaluation @epoch 2 - batch 591: 
2024-09-25 20:03:37,501 P16849 INFO [Metrics] AUC: 0.821313 - logloss: 0.516300
2024-09-25 20:03:37,510 P16849 INFO Save best model: monitor(max)=0.821313
2024-09-25 20:03:38,121 P16849 INFO ************ Epoch=2 end ************
2024-09-25 20:09:59,499 P16849 INFO Train loss: 0.567718
2024-09-25 20:09:59,499 P16849 INFO Evaluation @epoch 3 - batch 591: 
2024-09-25 20:10:11,241 P16849 INFO [Metrics] AUC: 0.825731 - logloss: 0.511174
2024-09-25 20:10:11,248 P16849 INFO Save best model: monitor(max)=0.825731
2024-09-25 20:10:11,814 P16849 INFO ************ Epoch=3 end ************
2024-09-25 20:16:09,784 P16849 INFO Train loss: 0.564554
2024-09-25 20:16:09,785 P16849 INFO Evaluation @epoch 4 - batch 591: 
2024-09-25 20:16:20,209 P16849 INFO [Metrics] AUC: 0.828761 - logloss: 0.507274
2024-09-25 20:16:20,216 P16849 INFO Save best model: monitor(max)=0.828761
2024-09-25 20:16:20,808 P16849 INFO ************ Epoch=4 end ************
2024-09-25 20:21:20,111 P16849 INFO Train loss: 0.562283
2024-09-25 20:21:20,112 P16849 INFO Evaluation @epoch 5 - batch 591: 
2024-09-25 20:21:30,636 P16849 INFO [Metrics] AUC: 0.831301 - logloss: 0.504103
2024-09-25 20:21:30,642 P16849 INFO Save best model: monitor(max)=0.831301
2024-09-25 20:21:31,252 P16849 INFO ************ Epoch=5 end ************
2024-09-25 20:26:34,656 P16849 INFO Train loss: 0.560618
2024-09-25 20:26:34,657 P16849 INFO Evaluation @epoch 6 - batch 591: 
2024-09-25 20:26:45,301 P16849 INFO [Metrics] AUC: 0.833367 - logloss: 0.501443
2024-09-25 20:26:45,308 P16849 INFO Save best model: monitor(max)=0.833367
2024-09-25 20:26:45,877 P16849 INFO ************ Epoch=6 end ************
2024-09-25 20:31:49,721 P16849 INFO Train loss: 0.559047
2024-09-25 20:31:49,722 P16849 INFO Evaluation @epoch 7 - batch 591: 
2024-09-25 20:32:00,226 P16849 INFO [Metrics] AUC: 0.834916 - logloss: 0.499500
2024-09-25 20:32:00,236 P16849 INFO Save best model: monitor(max)=0.834916
2024-09-25 20:32:00,859 P16849 INFO ************ Epoch=7 end ************
2024-09-25 20:37:00,192 P16849 INFO Train loss: 0.557820
2024-09-25 20:37:00,193 P16849 INFO Evaluation @epoch 8 - batch 591: 
2024-09-25 20:37:10,731 P16849 INFO [Metrics] AUC: 0.836369 - logloss: 0.497361
2024-09-25 20:37:10,737 P16849 INFO Save best model: monitor(max)=0.836369
2024-09-25 20:37:11,323 P16849 INFO ************ Epoch=8 end ************
2024-09-25 20:42:14,936 P16849 INFO Train loss: 0.556526
2024-09-25 20:42:14,937 P16849 INFO Evaluation @epoch 9 - batch 591: 
2024-09-25 20:42:25,553 P16849 INFO [Metrics] AUC: 0.837440 - logloss: 0.495827
2024-09-25 20:42:25,564 P16849 INFO Save best model: monitor(max)=0.837440
2024-09-25 20:42:26,240 P16849 INFO ************ Epoch=9 end ************
2024-09-25 20:47:30,251 P16849 INFO Train loss: 0.555415
2024-09-25 20:47:30,252 P16849 INFO Evaluation @epoch 10 - batch 591: 
2024-09-25 20:47:40,787 P16849 INFO [Metrics] AUC: 0.837854 - logloss: 0.495264
2024-09-25 20:47:40,793 P16849 INFO Save best model: monitor(max)=0.837854
2024-09-25 20:47:41,447 P16849 INFO ************ Epoch=10 end ************
2024-09-25 20:52:45,915 P16849 INFO Train loss: 0.554584
2024-09-25 20:52:45,915 P16849 INFO Evaluation @epoch 11 - batch 591: 
2024-09-25 20:52:56,486 P16849 INFO [Metrics] AUC: 0.839207 - logloss: 0.493730
2024-09-25 20:52:56,494 P16849 INFO Save best model: monitor(max)=0.839207
2024-09-25 20:52:57,079 P16849 INFO ************ Epoch=11 end ************
2024-09-25 20:57:56,090 P16849 INFO Train loss: 0.553672
2024-09-25 20:57:56,090 P16849 INFO Evaluation @epoch 12 - batch 591: 
2024-09-25 20:58:06,614 P16849 INFO [Metrics] AUC: 0.840326 - logloss: 0.492064
2024-09-25 20:58:06,621 P16849 INFO Save best model: monitor(max)=0.840326
2024-09-25 20:58:07,185 P16849 INFO ************ Epoch=12 end ************
2024-09-25 21:03:11,090 P16849 INFO Train loss: 0.552686
2024-09-25 21:03:11,091 P16849 INFO Evaluation @epoch 13 - batch 591: 
2024-09-25 21:03:21,630 P16849 INFO [Metrics] AUC: 0.840982 - logloss: 0.491532
2024-09-25 21:03:21,636 P16849 INFO Save best model: monitor(max)=0.840982
2024-09-25 21:03:22,212 P16849 INFO ************ Epoch=13 end ************
2024-09-25 21:08:26,174 P16849 INFO Train loss: 0.551929
2024-09-25 21:08:26,175 P16849 INFO Evaluation @epoch 14 - batch 591: 
2024-09-25 21:08:36,726 P16849 INFO [Metrics] AUC: 0.841480 - logloss: 0.490729
2024-09-25 21:08:36,732 P16849 INFO Save best model: monitor(max)=0.841480
2024-09-25 21:08:37,320 P16849 INFO ************ Epoch=14 end ************
2024-09-25 21:13:36,697 P16849 INFO Train loss: 0.550880
2024-09-25 21:13:36,698 P16849 INFO Evaluation @epoch 15 - batch 591: 
2024-09-25 21:13:44,793 P16849 INFO [Metrics] AUC: 0.842176 - logloss: 0.489791
2024-09-25 21:13:44,799 P16849 INFO Save best model: monitor(max)=0.842176
2024-09-25 21:13:45,362 P16849 INFO ************ Epoch=15 end ************
2024-09-25 21:17:10,586 P16849 INFO Train loss: 0.550210
2024-09-25 21:17:10,587 P16849 INFO Evaluation @epoch 16 - batch 591: 
2024-09-25 21:17:18,751 P16849 INFO [Metrics] AUC: 0.842757 - logloss: 0.488983
2024-09-25 21:17:18,757 P16849 INFO Save best model: monitor(max)=0.842757
2024-09-25 21:17:19,308 P16849 INFO ************ Epoch=16 end ************
2024-09-25 21:20:44,683 P16849 INFO Train loss: 0.549221
2024-09-25 21:20:44,684 P16849 INFO Evaluation @epoch 17 - batch 591: 
2024-09-25 21:20:52,755 P16849 INFO [Metrics] AUC: 0.843240 - logloss: 0.488404
2024-09-25 21:20:52,765 P16849 INFO Save best model: monitor(max)=0.843240
2024-09-25 21:20:53,316 P16849 INFO ************ Epoch=17 end ************
2024-09-25 21:24:18,566 P16849 INFO Train loss: 0.548497
2024-09-25 21:24:18,566 P16849 INFO Evaluation @epoch 18 - batch 591: 
2024-09-25 21:24:26,636 P16849 INFO [Metrics] AUC: 0.843332 - logloss: 0.488300
2024-09-25 21:24:26,643 P16849 INFO Save best model: monitor(max)=0.843332
2024-09-25 21:24:27,266 P16849 INFO ************ Epoch=18 end ************
2024-09-25 21:27:52,660 P16849 INFO Train loss: 0.547767
2024-09-25 21:27:52,660 P16849 INFO Evaluation @epoch 19 - batch 591: 
2024-09-25 21:28:00,758 P16849 INFO [Metrics] AUC: 0.844174 - logloss: 0.487332
2024-09-25 21:28:00,767 P16849 INFO Save best model: monitor(max)=0.844174
2024-09-25 21:28:01,313 P16849 INFO ************ Epoch=19 end ************
2024-09-25 21:31:27,417 P16849 INFO Train loss: 0.546836
2024-09-25 21:31:27,417 P16849 INFO Evaluation @epoch 20 - batch 591: 
2024-09-25 21:31:35,591 P16849 INFO [Metrics] AUC: 0.844240 - logloss: 0.487446
2024-09-25 21:31:35,597 P16849 INFO Save best model: monitor(max)=0.844240
2024-09-25 21:31:36,213 P16849 INFO ************ Epoch=20 end ************
2024-09-25 21:35:02,593 P16849 INFO Train loss: 0.546221
2024-09-25 21:35:02,594 P16849 INFO Evaluation @epoch 21 - batch 591: 
2024-09-25 21:35:10,733 P16849 INFO [Metrics] AUC: 0.844486 - logloss: 0.487552
2024-09-25 21:35:10,739 P16849 INFO Save best model: monitor(max)=0.844486
2024-09-25 21:35:11,348 P16849 INFO ************ Epoch=21 end ************
2024-09-25 21:38:37,737 P16849 INFO Train loss: 0.545512
2024-09-25 21:38:37,738 P16849 INFO Evaluation @epoch 22 - batch 591: 
2024-09-25 21:38:45,845 P16849 INFO [Metrics] AUC: 0.844973 - logloss: 0.487079
2024-09-25 21:38:45,851 P16849 INFO Save best model: monitor(max)=0.844973
2024-09-25 21:38:46,492 P16849 INFO ************ Epoch=22 end ************
2024-09-25 21:42:12,615 P16849 INFO Train loss: 0.544723
2024-09-25 21:42:12,616 P16849 INFO Evaluation @epoch 23 - batch 591: 
2024-09-25 21:42:20,714 P16849 INFO [Metrics] AUC: 0.844857 - logloss: 0.487497
2024-09-25 21:42:20,720 P16849 INFO Monitor(max)=0.844857 STOP!
2024-09-25 21:42:20,720 P16849 INFO Reduce learning rate on plateau: 0.000100
2024-09-25 21:42:20,769 P16849 INFO ************ Epoch=23 end ************
2024-09-25 21:45:46,940 P16849 INFO Train loss: 0.479602
2024-09-25 21:45:46,941 P16849 INFO Evaluation @epoch 24 - batch 591: 
2024-09-25 21:45:55,040 P16849 INFO [Metrics] AUC: 0.853711 - logloss: 0.479536
2024-09-25 21:45:55,048 P16849 INFO Save best model: monitor(max)=0.853711
2024-09-25 21:45:55,587 P16849 INFO ************ Epoch=24 end ************
2024-09-25 21:49:22,016 P16849 INFO Train loss: 0.448063
2024-09-25 21:49:22,016 P16849 INFO Evaluation @epoch 25 - batch 591: 
2024-09-25 21:49:30,130 P16849 INFO [Metrics] AUC: 0.855314 - logloss: 0.479805
2024-09-25 21:49:30,138 P16849 INFO Save best model: monitor(max)=0.855314
2024-09-25 21:49:30,709 P16849 INFO ************ Epoch=25 end ************
2024-09-25 21:53:32,643 P16849 INFO Train loss: 0.434108
2024-09-25 21:53:32,643 P16849 INFO Evaluation @epoch 26 - batch 591: 
2024-09-25 21:53:43,259 P16849 INFO [Metrics] AUC: 0.855378 - logloss: 0.482449
2024-09-25 21:53:43,265 P16849 INFO Save best model: monitor(max)=0.855378
2024-09-25 21:53:43,845 P16849 INFO ************ Epoch=26 end ************
2024-09-25 21:58:47,744 P16849 INFO Train loss: 0.424549
2024-09-25 21:58:47,744 P16849 INFO Evaluation @epoch 27 - batch 591: 
2024-09-25 21:58:58,497 P16849 INFO [Metrics] AUC: 0.854825 - logloss: 0.486180
2024-09-25 21:58:58,505 P16849 INFO Monitor(max)=0.854825 STOP!
2024-09-25 21:58:58,506 P16849 INFO Reduce learning rate on plateau: 0.000010
2024-09-25 21:58:58,584 P16849 INFO ************ Epoch=27 end ************
2024-09-25 22:04:03,321 P16849 INFO Train loss: 0.399360
2024-09-25 22:04:03,321 P16849 INFO Evaluation @epoch 28 - batch 591: 
2024-09-25 22:04:13,994 P16849 INFO [Metrics] AUC: 0.853988 - logloss: 0.498167
2024-09-25 22:04:14,002 P16849 INFO Monitor(max)=0.853988 STOP!
2024-09-25 22:04:14,002 P16849 INFO Reduce learning rate on plateau: 0.000001
2024-09-25 22:04:14,003 P16849 INFO ********* Epoch=28 early stop *********
2024-09-25 22:04:14,070 P16849 INFO Training finished.
2024-09-25 22:04:14,070 P16849 INFO Load best model: /workspace/checkpoints/KKBox_csv/DCNv3_KKBox_x10.model
2024-09-25 22:04:14,193 P16849 INFO ****** Validation evaluation ******
2024-09-25 22:04:24,670 P16849 INFO [Metrics] logloss: 0.482449 - AUC: 0.855378
2024-09-25 22:04:24,821 P16849 INFO ******** Test evaluation ********
2024-09-25 22:04:24,821 P16849 INFO Loading datasets...
2024-09-25 22:04:27,963 P16849 INFO Test samples: total/737743, blocks/1
2024-09-25 22:04:27,964 P16849 INFO Loading test data done.
2024-09-25 22:04:38,366 P16849 INFO [Metrics] logloss: 0.482892 - AUC: 0.855009
