2024-09-22 21:17:15,955 P1056 INFO FuxiCTR version: 2.3.2
2024-09-22 21:17:15,955 P1056 INFO Params: {
    "batch_norm": "True",
    "batch_size": "10000",
    "data_format": "csv",
    "data_root": "dataset/",
    "dataset_id": "KKBox_csv",
    "debug_mode": "False",
    "deep_net_dropout": "0.1",
    "early_stop_patience": "2",
    "embedding_dim": "128",
    "embedding_regularizer": "0.0005",
    "epochs": "100",
    "eval_steps": "None",
    "feature_cols": "[{'active': True, 'dtype': 'str', 'name': 'isrc', 'preprocess': 'extract_country_code', 'type': 'categorical'}, {'active': True, 'dtype': 'str', 'name': ['msno', 'song_id', 'source_system_tab', 'source_screen_name', 'source_type', 'city', 'gender', 'registered_via', 'language'], 'type': 'categorical'}, {'active': True, 'dtype': 'str', 'encoder': 'MaskedSumPooling', 'max_len': 3, 'name': 'genre_ids', 'type': 'sequence'}, {'active': True, 'dtype': 'str', 'encoder': 'MaskedSumPooling', 'max_len': 3, 'name': 'artist_name', 'type': 'sequence'}, {'active': True, 'dtype': 'str', 'name': 'bd', 'preprocess': 'bucketize_age', 'type': 'categorical'}]",
    "feature_config": "None",
    "feature_specs": "None",
    "gpu": "0",
    "group_id": "None",
    "label_col": "{'dtype': 'float', 'name': 'label'}",
    "layer_norm": "True",
    "learning_rate": "0.001",
    "loss": "binary_crossentropy",
    "metrics": "['logloss', 'AUC']",
    "min_categr_count": "10",
    "model": "ViTDCNv3",
    "model_id": "ViTDCNv3_KKBox_x10_001_343d6e7f",
    "model_root": "./checkpoints/",
    "monitor": "{'AUC': 1, 'logloss': 0}",
    "monitor_mode": "max",
    "net_regularizer": "0",
    "num_deep_cross_layers": "2",
    "num_heads": "1",
    "num_shallow_cross_layers": "2",
    "num_workers": "4",
    "optimizer": "adam",
    "pickle_feature_encoder": "True",
    "save_best_only": "True",
    "seed": "2024",
    "shallow_net_dropout": "0.1",
    "shuffle": "True",
    "task": "binary_classification",
    "test_data": "dataset/KKBox_x1/test.csv",
    "train_data": "dataset/KKBox_x1/train.csv",
    "use_features": "None",
    "valid_data": "dataset/KKBox_x1/valid.csv",
    "verbose": "1",
    "vit_hidden_dim": "32",
    "vit_num_heads": "2",
    "vit_num_layers": "1",
    "vit_patch_size": "4"
}
2024-09-22 21:17:15,956 P1056 INFO Set up feature processor...
2024-09-22 21:17:15,956 P1056 WARNING Skip rebuilding dataset/KKBox_csv/feature_map.json. Please delete it manually if rebuilding is required.
2024-09-22 21:17:15,956 P1056 INFO Load feature_map from json: dataset/KKBox_csv/feature_map.json
2024-09-22 21:17:15,957 P1056 INFO Set column index...
2024-09-22 21:17:15,957 P1056 INFO Feature specs: {
    "artist_name": "{'source': '', 'type': 'sequence', 'feature_encoder': 'layers.MaskedAveragePooling()', 'padding_idx': 0, 'max_len': 3, 'vocab_size': 11976}",
    "bd": "{'source': '', 'type': 'categorical', 'padding_idx': 0, 'vocab_size': 9}",
    "city": "{'source': '', 'type': 'categorical', 'padding_idx': 0, 'vocab_size': 23}",
    "gender": "{'source': '', 'type': 'categorical', 'padding_idx': 0, 'vocab_size': 4}",
    "genre_ids": "{'source': '', 'type': 'sequence', 'feature_encoder': 'layers.MaskedAveragePooling()', 'padding_idx': 0, 'max_len': 3, 'vocab_size': 346}",
    "isrc": "{'source': '', 'type': 'categorical', 'padding_idx': 0, 'vocab_size': 80}",
    "language": "{'source': '', 'type': 'categorical', 'padding_idx': 0, 'vocab_size': 12}",
    "msno": "{'source': '', 'type': 'categorical', 'padding_idx': 0, 'vocab_size': 25963}",
    "registered_via": "{'source': '', 'type': 'categorical', 'padding_idx': 0, 'vocab_size': 7}",
    "song_id": "{'source': '', 'type': 'categorical', 'padding_idx': 0, 'vocab_size': 53291}",
    "source_screen_name": "{'source': '', 'type': 'categorical', 'padding_idx': 0, 'vocab_size': 21}",
    "source_system_tab": "{'source': '', 'type': 'categorical', 'padding_idx': 0, 'vocab_size': 10}",
    "source_type": "{'source': '', 'type': 'categorical', 'padding_idx': 0, 'vocab_size': 14}"
}
2024-09-22 21:17:17,592 P1056 INFO Total number of parameters: 18071178.
2024-09-22 21:17:17,593 P1056 INFO Loading datasets...
2024-09-22 21:17:36,140 P1056 INFO Train samples: total/5901932, blocks/1
2024-09-22 21:17:37,796 P1056 INFO Validation samples: total/737743, blocks/1
2024-09-22 21:17:37,796 P1056 INFO Loading train and validation data done.
2024-09-22 21:17:37,797 P1056 INFO Start training: 591 batches/epoch
2024-09-22 21:17:37,797 P1056 INFO ************ Epoch=1 start ************
2024-09-22 21:23:05,044 P1056 INFO Train loss: 0.584883
2024-09-22 21:23:05,044 P1056 INFO Evaluation @epoch 1 - batch 591: 
2024-09-22 21:23:16,689 P1056 INFO [Metrics] AUC: 0.814610 - logloss: 0.524708
2024-09-22 21:23:16,697 P1056 INFO Save best model: monitor(max)=0.814610
2024-09-22 21:23:16,882 P1056 INFO ************ Epoch=1 end ************
2024-09-22 21:29:53,925 P1056 INFO Train loss: 0.564513
2024-09-22 21:29:53,925 P1056 INFO Evaluation @epoch 2 - batch 591: 
2024-09-22 21:30:05,681 P1056 INFO [Metrics] AUC: 0.823606 - logloss: 0.513651
2024-09-22 21:30:05,687 P1056 INFO Save best model: monitor(max)=0.823606
2024-09-22 21:30:06,166 P1056 INFO ************ Epoch=2 end ************
2024-09-22 21:36:43,118 P1056 INFO Train loss: 0.559551
2024-09-22 21:36:43,118 P1056 INFO Evaluation @epoch 3 - batch 591: 
2024-09-22 21:36:54,791 P1056 INFO [Metrics] AUC: 0.828094 - logloss: 0.507921
2024-09-22 21:36:54,792 P1056 INFO Save best model: monitor(max)=0.828094
2024-09-22 21:36:55,244 P1056 INFO ************ Epoch=3 end ************
2024-09-22 21:43:32,152 P1056 INFO Train loss: 0.556756
2024-09-22 21:43:32,152 P1056 INFO Evaluation @epoch 4 - batch 591: 
2024-09-22 21:43:43,944 P1056 INFO [Metrics] AUC: 0.830531 - logloss: 0.505089
2024-09-22 21:43:43,950 P1056 INFO Save best model: monitor(max)=0.830531
2024-09-22 21:43:44,474 P1056 INFO ************ Epoch=4 end ************
2024-09-22 21:50:21,113 P1056 INFO Train loss: 0.555012
2024-09-22 21:50:21,113 P1056 INFO Evaluation @epoch 5 - batch 591: 
2024-09-22 21:50:32,897 P1056 INFO [Metrics] AUC: 0.832746 - logloss: 0.502017
2024-09-22 21:50:32,902 P1056 INFO Save best model: monitor(max)=0.832746
2024-09-22 21:50:33,381 P1056 INFO ************ Epoch=5 end ************
2024-09-22 21:57:10,927 P1056 INFO Train loss: 0.553408
2024-09-22 21:57:10,927 P1056 INFO Evaluation @epoch 6 - batch 591: 
2024-09-22 21:57:22,836 P1056 INFO [Metrics] AUC: 0.834504 - logloss: 0.499826
2024-09-22 21:57:22,837 P1056 INFO Save best model: monitor(max)=0.834504
2024-09-22 21:57:23,340 P1056 INFO ************ Epoch=6 end ************
2024-09-22 22:04:01,121 P1056 INFO Train loss: 0.552200
2024-09-22 22:04:01,122 P1056 INFO Evaluation @epoch 7 - batch 591: 
2024-09-22 22:04:12,951 P1056 INFO [Metrics] AUC: 0.835421 - logloss: 0.498646
2024-09-22 22:04:12,958 P1056 INFO Save best model: monitor(max)=0.835421
2024-09-22 22:04:13,440 P1056 INFO ************ Epoch=7 end ************
2024-09-22 22:10:50,169 P1056 INFO Train loss: 0.551274
2024-09-22 22:10:50,170 P1056 INFO Evaluation @epoch 8 - batch 591: 
2024-09-22 22:11:02,118 P1056 INFO [Metrics] AUC: 0.836204 - logloss: 0.497630
2024-09-22 22:11:02,125 P1056 INFO Save best model: monitor(max)=0.836204
2024-09-22 22:11:02,638 P1056 INFO ************ Epoch=8 end ************
2024-09-22 22:17:39,475 P1056 INFO Train loss: 0.550379
2024-09-22 22:17:39,475 P1056 INFO Evaluation @epoch 9 - batch 591: 
2024-09-22 22:17:51,195 P1056 INFO [Metrics] AUC: 0.836819 - logloss: 0.496749
2024-09-22 22:17:51,200 P1056 INFO Save best model: monitor(max)=0.836819
2024-09-22 22:17:51,703 P1056 INFO ************ Epoch=9 end ************
2024-09-22 22:28:27,180 P1056 INFO Train loss: 0.549491
2024-09-22 22:28:27,181 P1056 INFO Evaluation @epoch 10 - batch 591: 
2024-09-22 22:28:43,044 P1056 INFO [Metrics] AUC: 0.837938 - logloss: 0.495516
2024-09-22 22:28:43,052 P1056 INFO Save best model: monitor(max)=0.837938
2024-09-22 22:28:43,551 P1056 INFO ************ Epoch=10 end ************
2024-09-22 22:40:32,062 P1056 INFO Train loss: 0.548751
2024-09-22 22:40:32,063 P1056 INFO Evaluation @epoch 11 - batch 591: 
2024-09-22 22:40:48,414 P1056 INFO [Metrics] AUC: 0.838379 - logloss: 0.495020
2024-09-22 22:40:48,422 P1056 INFO Save best model: monitor(max)=0.838379
2024-09-22 22:40:48,929 P1056 INFO ************ Epoch=11 end ************
