2024-09-22 22:19:23,023 P2868 INFO FuxiCTR version: 2.3.2
2024-09-22 22:19:23,023 P2868 INFO Params: {
    "batch_norm": "True",
    "batch_size": "10000",
    "data_format": "csv",
    "data_root": "dataset/",
    "dataset_id": "KKBox_csv",
    "debug_mode": "False",
    "deep_net_dropout": "0.1",
    "early_stop_patience": "2",
    "embedding_dim": "128",
    "embedding_regularizer": "0.0005",
    "epochs": "100",
    "eval_steps": "None",
    "feature_cols": "[{'active': True, 'dtype': 'str', 'name': 'isrc', 'preprocess': 'extract_country_code', 'type': 'categorical'}, {'active': True, 'dtype': 'str', 'name': ['msno', 'song_id', 'source_system_tab', 'source_screen_name', 'source_type', 'city', 'gender', 'registered_via', 'language'], 'type': 'categorical'}, {'active': True, 'dtype': 'str', 'encoder': 'MaskedSumPooling', 'max_len': 3, 'name': 'genre_ids', 'type': 'sequence'}, {'active': True, 'dtype': 'str', 'encoder': 'MaskedSumPooling', 'max_len': 3, 'name': 'artist_name', 'type': 'sequence'}, {'active': True, 'dtype': 'str', 'name': 'bd', 'preprocess': 'bucketize_age', 'type': 'categorical'}]",
    "feature_config": "None",
    "feature_specs": "None",
    "gpu": "0",
    "group_id": "None",
    "label_col": "{'dtype': 'float', 'name': 'label'}",
    "layer_norm": "True",
    "learning_rate": "0.001",
    "loss": "binary_crossentropy",
    "metrics": "['logloss', 'AUC']",
    "min_categr_count": "10",
    "model": "ViTExpDCNv3",
    "model_id": "ViTExpDCNv3_KKBox_x10_001_8671c311",
    "model_root": "./checkpoints/",
    "monitor": "{'AUC': 1, 'logloss': 0}",
    "monitor_mode": "max",
    "net_regularizer": "0",
    "num_deep_cross_layers": "2",
    "num_heads": "1",
    "num_shallow_cross_layers": "2",
    "num_workers": "4",
    "optimizer": "adam",
    "pickle_feature_encoder": "True",
    "save_best_only": "True",
    "seed": "2024",
    "shallow_net_dropout": "0.1",
    "shuffle": "True",
    "task": "binary_classification",
    "test_data": "dataset/KKBox_x1/test.csv",
    "train_data": "dataset/KKBox_x1/train.csv",
    "use_features": "None",
    "valid_data": "dataset/KKBox_x1/valid.csv",
    "verbose": "1",
    "vit_hidden_dim": "32",
    "vit_num_heads": "2",
    "vit_num_layers": "1",
    "vit_patch_size": "4"
}
2024-09-22 22:19:23,025 P2868 INFO Set up feature processor...
2024-09-22 22:19:23,025 P2868 WARNING Skip rebuilding dataset/KKBox_csv/feature_map.json. Please delete it manually if rebuilding is required.
2024-09-22 22:19:23,025 P2868 INFO Load feature_map from json: dataset/KKBox_csv/feature_map.json
2024-09-22 22:19:23,026 P2868 INFO Set column index...
2024-09-22 22:19:23,026 P2868 INFO Feature specs: {
    "artist_name": "{'source': '', 'type': 'sequence', 'feature_encoder': 'layers.MaskedAveragePooling()', 'padding_idx': 0, 'max_len': 3, 'vocab_size': 11976}",
    "bd": "{'source': '', 'type': 'categorical', 'padding_idx': 0, 'vocab_size': 9}",
    "city": "{'source': '', 'type': 'categorical', 'padding_idx': 0, 'vocab_size': 23}",
    "gender": "{'source': '', 'type': 'categorical', 'padding_idx': 0, 'vocab_size': 4}",
    "genre_ids": "{'source': '', 'type': 'sequence', 'feature_encoder': 'layers.MaskedAveragePooling()', 'padding_idx': 0, 'max_len': 3, 'vocab_size': 346}",
    "isrc": "{'source': '', 'type': 'categorical', 'padding_idx': 0, 'vocab_size': 80}",
    "language": "{'source': '', 'type': 'categorical', 'padding_idx': 0, 'vocab_size': 12}",
    "msno": "{'source': '', 'type': 'categorical', 'padding_idx': 0, 'vocab_size': 25963}",
    "registered_via": "{'source': '', 'type': 'categorical', 'padding_idx': 0, 'vocab_size': 7}",
    "song_id": "{'source': '', 'type': 'categorical', 'padding_idx': 0, 'vocab_size': 53291}",
    "source_screen_name": "{'source': '', 'type': 'categorical', 'padding_idx': 0, 'vocab_size': 21}",
    "source_system_tab": "{'source': '', 'type': 'categorical', 'padding_idx': 0, 'vocab_size': 10}",
    "source_type": "{'source': '', 'type': 'categorical', 'padding_idx': 0, 'vocab_size': 14}"
}
2024-09-22 22:19:24,679 P2868 INFO Total number of parameters: 17685194.
2024-09-22 22:19:24,680 P2868 INFO Loading datasets...
2024-09-22 22:19:54,151 P2868 INFO Train samples: total/5901932, blocks/1
2024-09-22 22:19:56,038 P2868 INFO Validation samples: total/737743, blocks/1
2024-09-22 22:19:56,039 P2868 INFO Loading train and validation data done.
2024-09-22 22:19:56,039 P2868 INFO Start training: 591 batches/epoch
2024-09-22 22:19:56,039 P2868 INFO ************ Epoch=1 start ************
2024-09-22 22:31:43,790 P2868 INFO Train loss: 0.584698
2024-09-22 22:31:43,791 P2868 INFO Evaluation @epoch 1 - batch 591: 
2024-09-22 22:31:59,630 P2868 INFO [Metrics] AUC: 0.813310 - logloss: 0.525720
2024-09-22 22:31:59,636 P2868 INFO Save best model: monitor(max)=0.813310
2024-09-22 22:31:59,681 P2868 INFO ************ Epoch=1 end ************
2024-09-22 22:43:47,664 P2868 INFO Train loss: 0.565212
2024-09-22 22:43:47,666 P2868 INFO Evaluation @epoch 2 - batch 591: 
2024-09-22 22:44:03,873 P2868 INFO [Metrics] AUC: 0.823154 - logloss: 0.514138
2024-09-22 22:44:03,879 P2868 INFO Save best model: monitor(max)=0.823154
2024-09-22 22:44:03,946 P2868 INFO ************ Epoch=2 end ************
