2024-09-22 11:04:19,135 P348 INFO FuxiCTR version: 2.3.2
2024-09-22 11:04:19,135 P348 INFO Params: {
    "batch_norm": "False",
    "batch_size": "4096",
    "data_format": "csv",
    "data_root": "dataset/",
    "dataset_id": "Criteo_x4_10_h5",
    "debug_mode": "False",
    "deep_net_dropout": "0.1",
    "early_stop_patience": "2",
    "embedding_dim": "16",
    "embedding_regularizer": "1e-05",
    "epochs": "100",
    "eval_steps": "None",
    "feature_cols": "[{'active': True, 'dtype': 'float', 'fill_na': 0, 'na_value': 0, 'name': ['I1', 'I2', 'I3', 'I4', 'I5', 'I6', 'I7', 'I8', 'I9', 'I10', 'I11', 'I12', 'I13'], 'preprocess': 'convert_to_bucket', 'type': 'categorical'}, {'active': True, 'dtype': 'str', 'fill_na': '', 'na_value': '', 'name': ['C1', 'C2', 'C3', 'C4', 'C5', 'C6', 'C7', 'C8', 'C9', 'C10', 'C11', 'C12', 'C13', 'C14', 'C15', 'C16', 'C17', 'C18', 'C19', 'C20', 'C21', 'C22', 'C23', 'C24', 'C25', 'C26'], 'type': 'categorical'}]",
    "feature_config": "None",
    "feature_specs": "None",
    "gpu": "0",
    "group_id": "None",
    "label_col": "{'dtype': 'float', 'name': 'Label'}",
    "layer_norm": "True",
    "learning_rate": "0.001",
    "loss": "binary_crossentropy",
    "metrics": "['logloss', 'AUC']",
    "min_categr_count": "10",
    "model": "DCNv3",
    "model_id": "DCNv3_Criteo",
    "model_root": "./checkpoints/",
    "monitor": "{'AUC': 1, 'logloss': 0}",
    "monitor_mode": "max",
    "net_regularizer": "0",
    "num_deep_cross_layers": "3",
    "num_heads": "1",
    "num_shallow_cross_layers": "4",
    "num_workers": "8",
    "optimizer": "adam",
    "pickle_feature_encoder": "True",
    "save_best_only": "True",
    "seed": "2024",
    "shallow_net_dropout": "0.2",
    "shuffle": "True",
    "task": "binary_classification",
    "test_data": "dataset/Criteo_x4_10_h5/test.csv",
    "train_data": "dataset/Criteo_x4_10_h5/train.csv",
    "use_features": "None",
    "valid_data": "dataset/Criteo_x4_10_h5/valid.csv",
    "verbose": "1"
}
2024-09-22 11:04:19,137 P348 INFO Set up feature processor...
2024-09-22 11:04:19,137 P348 INFO Reading files: dataset/Criteo_x4_10_h5/train.csv
2024-09-22 11:04:19,138 P348 INFO Preprocess feature columns...
2024-09-22 11:04:19,201 P348 INFO Fit feature processor...
2024-09-22 11:04:19,201 P348 INFO Processing column: {'active': True, 'dtype': 'float', 'fill_na': 0, 'na_value': 0, 'name': 'I1', 'preprocess': 'convert_to_bucket', 'type': 'categorical'}
2024-09-22 11:05:31,832 P348 INFO Processing column: {'active': True, 'dtype': 'float', 'fill_na': 0, 'na_value': 0, 'name': 'I2', 'preprocess': 'convert_to_bucket', 'type': 'categorical'}
2024-09-22 11:06:20,894 P348 INFO Processing column: {'active': True, 'dtype': 'float', 'fill_na': 0, 'na_value': 0, 'name': 'I3', 'preprocess': 'convert_to_bucket', 'type': 'categorical'}
2024-09-22 11:07:12,816 P348 INFO Processing column: {'active': True, 'dtype': 'float', 'fill_na': 0, 'na_value': 0, 'name': 'I4', 'preprocess': 'convert_to_bucket', 'type': 'categorical'}
2024-09-22 11:08:00,718 P348 INFO Processing column: {'active': True, 'dtype': 'float', 'fill_na': 0, 'na_value': 0, 'name': 'I5', 'preprocess': 'convert_to_bucket', 'type': 'categorical'}
2024-09-22 11:09:14,075 P348 INFO Processing column: {'active': True, 'dtype': 'float', 'fill_na': 0, 'na_value': 0, 'name': 'I6', 'preprocess': 'convert_to_bucket', 'type': 'categorical'}
2024-09-22 11:10:12,862 P348 INFO Processing column: {'active': True, 'dtype': 'float', 'fill_na': 0, 'na_value': 0, 'name': 'I7', 'preprocess': 'convert_to_bucket', 'type': 'categorical'}
