2025-03-03 03:13:54,230 P1639 INFO FuxiCTR version: 2.3.7
2025-03-03 03:13:54,230 P1639 INFO Params: {
    "batch_norm": "True",
    "batch_size": "4096",
    "block1_dropout": "0.3",
    "block1_hidden_activations": "ReLU",
    "block1_hidden_units": "[400, 400, 400]",
    "block2_dropout": "0.4",
    "block2_hidden_activations": "ReLU",
    "block2_hidden_units": "[400, 400, 400]",
    "block_type": "2B",
    "data_format": "csv",
    "data_root": "dataset/",
    "dataset_id": "Criteo_x4_10_h5",
    "debug_mode": "False",
    "distill_calib": "fuck",
    "early_stop_patience": "2",
    "embedding_dim": "16",
    "embedding_regularizer": "1e-05",
    "epochs": "100",
    "eval_steps": "None",
    "experiment_id": "FinalNet_Criteo_042_e8d3b4b0",
    "feature_cols": "[{'active': True, 'dtype': 'float', 'fill_na': 0, 'na_value': 0, 'name': ['I1', 'I2', 'I3', 'I4', 'I5', 'I6', 'I7', 'I8', 'I9', 'I10', 'I11', 'I12', 'I13'], 'preprocess': 'convert_to_bucket', 'type': 'categorical'}, {'active': True, 'dtype': 'str', 'fill_na': '', 'na_value': '', 'name': ['C1', 'C2', 'C3', 'C4', 'C5', 'C6', 'C7', 'C8', 'C9', 'C10', 'C11', 'C12', 'C13', 'C14', 'C15', 'C16', 'C17', 'C18', 'C19', 'C20', 'C21', 'C22', 'C23', 'C24', 'C25', 'C26'], 'type': 'categorical'}]",
    "feature_config": "None",
    "feature_specs": "None",
    "gpu": "0",
    "group_id": "None",
    "label_col": "{'dtype': 'float', 'name': 'Label'}",
    "learning_rate": "0.001",
    "loss": "binary_crossentropy",
    "metrics": "['logloss', 'AUC']",
    "min_categr_count": "10",
    "model": "FinalNet",
    "model_id": "FinalNet_Criteo_042_e8d3b4b0",
    "model_root": "./checkpoints/",
    "monitor": "{'AUC': 1, 'logloss': 0}",
    "monitor_mode": "max",
    "net_regularizer": "0",
    "num_workers": "16",
    "optimizer": "adam",
    "pickle_feature_encoder": "True",
    "save_best_only": "True",
    "seed": "2024",
    "shuffle": "True",
    "task": "binary_classification",
    "test_data": "dataset/Criteo_x4_10_h5/test.csv",
    "train_data": "dataset/Criteo_x4_10_h5/train.csv",
    "use_feature_gating": "True",
    "use_features": "None",
    "valid_data": "dataset/Criteo_x4_10_h5/valid.csv",
    "verbose": "1"
}
2025-03-03 03:13:54,231 P1639 INFO Set up feature processor...
2025-03-03 03:13:54,231 P1639 INFO Reading files: dataset/Criteo_x4_10_h5/train.csv
2025-03-03 03:13:54,231 P1639 INFO Preprocess feature columns...
2025-03-03 03:13:54,246 P1639 INFO Fit feature processor...
2025-03-03 03:13:54,246 P1639 INFO Processing column: {'active': True, 'dtype': 'float', 'fill_na': 0, 'na_value': 0, 'name': 'I1', 'preprocess': 'convert_to_bucket', 'type': 'categorical'}
2025-03-03 03:14:11,837 P1639 INFO Processing column: {'active': True, 'dtype': 'float', 'fill_na': 0, 'na_value': 0, 'name': 'I2', 'preprocess': 'convert_to_bucket', 'type': 'categorical'}
2025-03-03 03:14:43,537 P1639 INFO Processing column: {'active': True, 'dtype': 'float', 'fill_na': 0, 'na_value': 0, 'name': 'I3', 'preprocess': 'convert_to_bucket', 'type': 'categorical'}
2025-03-03 03:15:17,620 P1639 INFO Processing column: {'active': True, 'dtype': 'float', 'fill_na': 0, 'na_value': 0, 'name': 'I4', 'preprocess': 'convert_to_bucket', 'type': 'categorical'}
2025-03-03 03:15:49,254 P1639 INFO Processing column: {'active': True, 'dtype': 'float', 'fill_na': 0, 'na_value': 0, 'name': 'I5', 'preprocess': 'convert_to_bucket', 'type': 'categorical'}
2025-03-03 03:16:39,034 P1639 INFO Processing column: {'active': True, 'dtype': 'float', 'fill_na': 0, 'na_value': 0, 'name': 'I6', 'preprocess': 'convert_to_bucket', 'type': 'categorical'}
2025-03-03 03:17:18,014 P1639 INFO Processing column: {'active': True, 'dtype': 'float', 'fill_na': 0, 'na_value': 0, 'name': 'I7', 'preprocess': 'convert_to_bucket', 'type': 'categorical'}
2025-03-03 03:17:50,124 P1639 INFO Processing column: {'active': True, 'dtype': 'float', 'fill_na': 0, 'na_value': 0, 'name': 'I8', 'preprocess': 'convert_to_bucket', 'type': 'categorical'}
2025-03-03 03:18:31,426 P1639 INFO Processing column: {'active': True, 'dtype': 'float', 'fill_na': 0, 'na_value': 0, 'name': 'I9', 'preprocess': 'convert_to_bucket', 'type': 'categorical'}
2025-03-03 03:19:18,549 P1639 INFO Processing column: {'active': True, 'dtype': 'float', 'fill_na': 0, 'na_value': 0, 'name': 'I10', 'preprocess': 'convert_to_bucket', 'type': 'categorical'}
2025-03-03 03:19:27,235 P1639 INFO Processing column: {'active': True, 'dtype': 'float', 'fill_na': 0, 'na_value': 0, 'name': 'I11', 'preprocess': 'convert_to_bucket', 'type': 'categorical'}
2025-03-03 03:19:47,825 P1639 INFO Processing column: {'active': True, 'dtype': 'float', 'fill_na': 0, 'na_value': 0, 'name': 'I12', 'preprocess': 'convert_to_bucket', 'type': 'categorical'}
2025-03-03 03:19:56,544 P1639 INFO Processing column: {'active': True, 'dtype': 'float', 'fill_na': 0, 'na_value': 0, 'name': 'I13', 'preprocess': 'convert_to_bucket', 'type': 'categorical'}
2025-03-03 03:20:28,351 P1639 INFO Processing column: {'active': True, 'dtype': 'str', 'fill_na': '', 'na_value': '', 'name': 'C1', 'type': 'categorical'}
2025-03-03 03:20:33,340 P1639 INFO Processing column: {'active': True, 'dtype': 'str', 'fill_na': '', 'na_value': '', 'name': 'C2', 'type': 'categorical'}
2025-03-03 03:20:38,647 P1639 INFO Processing column: {'active': True, 'dtype': 'str', 'fill_na': '', 'na_value': '', 'name': 'C3', 'type': 'categorical'}
2025-03-03 03:21:10,252 P1639 INFO Processing column: {'active': True, 'dtype': 'str', 'fill_na': '', 'na_value': '', 'name': 'C4', 'type': 'categorical'}
2025-03-03 03:21:29,171 P1639 INFO Processing column: {'active': True, 'dtype': 'str', 'fill_na': '', 'na_value': '', 'name': 'C5', 'type': 'categorical'}
2025-03-03 03:21:37,845 P1639 INFO Processing column: {'active': True, 'dtype': 'str', 'fill_na': '', 'na_value': '', 'name': 'C6', 'type': 'categorical'}
2025-03-03 03:21:46,558 P1639 INFO Processing column: {'active': True, 'dtype': 'str', 'fill_na': '', 'na_value': '', 'name': 'C7', 'type': 'categorical'}
2025-03-03 03:21:56,569 P1639 INFO Processing column: {'active': True, 'dtype': 'str', 'fill_na': '', 'na_value': '', 'name': 'C8', 'type': 'categorical'}
2025-03-03 03:22:05,455 P1639 INFO Processing column: {'active': True, 'dtype': 'str', 'fill_na': '', 'na_value': '', 'name': 'C9', 'type': 'categorical'}
2025-03-03 03:22:13,728 P1639 INFO Processing column: {'active': True, 'dtype': 'str', 'fill_na': '', 'na_value': '', 'name': 'C10', 'type': 'categorical'}
2025-03-03 03:22:24,147 P1639 INFO Processing column: {'active': True, 'dtype': 'str', 'fill_na': '', 'na_value': '', 'name': 'C11', 'type': 'categorical'}
2025-03-03 03:22:32,545 P1639 INFO Processing column: {'active': True, 'dtype': 'str', 'fill_na': '', 'na_value': '', 'name': 'C12', 'type': 'categorical'}
2025-03-03 03:23:00,053 P1639 INFO Processing column: {'active': True, 'dtype': 'str', 'fill_na': '', 'na_value': '', 'name': 'C13', 'type': 'categorical'}
2025-03-03 03:23:09,435 P1639 INFO Processing column: {'active': True, 'dtype': 'str', 'fill_na': '', 'na_value': '', 'name': 'C14', 'type': 'categorical'}
2025-03-03 03:23:18,035 P1639 INFO Processing column: {'active': True, 'dtype': 'str', 'fill_na': '', 'na_value': '', 'name': 'C15', 'type': 'categorical'}
2025-03-03 03:23:27,185 P1639 INFO Processing column: {'active': True, 'dtype': 'str', 'fill_na': '', 'na_value': '', 'name': 'C16', 'type': 'categorical'}
2025-03-03 03:23:53,820 P1639 INFO Processing column: {'active': True, 'dtype': 'str', 'fill_na': '', 'na_value': '', 'name': 'C17', 'type': 'categorical'}
2025-03-03 03:24:03,634 P1639 INFO Processing column: {'active': True, 'dtype': 'str', 'fill_na': '', 'na_value': '', 'name': 'C18', 'type': 'categorical'}
2025-03-03 03:24:12,651 P1639 INFO Processing column: {'active': True, 'dtype': 'str', 'fill_na': '', 'na_value': '', 'name': 'C19', 'type': 'categorical'}
2025-03-03 03:24:22,146 P1639 INFO Processing column: {'active': True, 'dtype': 'str', 'fill_na': '', 'na_value': '', 'name': 'C20', 'type': 'categorical'}
2025-03-03 03:24:32,640 P1639 INFO Processing column: {'active': True, 'dtype': 'str', 'fill_na': '', 'na_value': '', 'name': 'C21', 'type': 'categorical'}
2025-03-03 03:25:00,852 P1639 INFO Processing column: {'active': True, 'dtype': 'str', 'fill_na': '', 'na_value': '', 'name': 'C22', 'type': 'categorical'}
2025-03-03 03:25:08,949 P1639 INFO Processing column: {'active': True, 'dtype': 'str', 'fill_na': '', 'na_value': '', 'name': 'C23', 'type': 'categorical'}
2025-03-03 03:25:18,028 P1639 INFO Processing column: {'active': True, 'dtype': 'str', 'fill_na': '', 'na_value': '', 'name': 'C24', 'type': 'categorical'}
2025-03-03 03:25:29,721 P1639 INFO Processing column: {'active': True, 'dtype': 'str', 'fill_na': '', 'na_value': '', 'name': 'C25', 'type': 'categorical'}
2025-03-03 03:25:39,338 P1639 INFO Processing column: {'active': True, 'dtype': 'str', 'fill_na': '', 'na_value': '', 'name': 'C26', 'type': 'categorical'}
2025-03-03 03:25:51,688 P1639 INFO Set column index...
2025-03-03 03:25:51,688 P1639 INFO Save feature_map to json: dataset/Criteo_x4_10_h5/feature_map.json
2025-03-03 03:25:51,689 P1639 INFO Pickle feature_encode: dataset/Criteo_x4_10_h5/feature_processor.pkl
2025-03-03 03:25:52,051 P1639 INFO Save feature_vocab to json: dataset/Criteo_x4_10_h5/feature_vocab.json
2025-03-03 03:25:53,261 P1639 INFO Set feature processor done.
2025-03-03 03:32:20,551 P1639 INFO Transform feature columns to IDs...
2025-03-03 03:39:35,778 P1639 INFO Saving data to parquet: dataset/Criteo_x4_10_h5/train.parquet
2025-03-03 03:39:52,061 P1639 INFO Reading files: dataset/Criteo_x4_10_h5/valid.csv
2025-03-03 03:39:52,062 P1639 INFO Preprocess feature columns...
2025-03-03 03:40:39,775 P1639 INFO Transform feature columns to IDs...
2025-03-03 03:41:31,550 P1639 INFO Saving data to parquet: dataset/Criteo_x4_10_h5/valid.parquet
2025-03-03 03:41:33,715 P1639 INFO Reading files: dataset/Criteo_x4_10_h5/test.csv
2025-03-03 03:41:33,716 P1639 INFO Preprocess feature columns...
2025-03-03 03:42:21,246 P1639 INFO Transform feature columns to IDs...
2025-03-03 03:43:13,385 P1639 INFO Saving data to parquet: dataset/Criteo_x4_10_h5/test.parquet
2025-03-03 03:43:15,534 P1639 INFO Transform csv data to parquet done.
2025-03-03 03:43:15,535 P1639 INFO Load feature_map from json: dataset/Criteo_x4_10_h5/feature_map.json
2025-03-03 03:43:15,535 P1639 INFO Set column index...
2025-03-03 03:43:15,535 P1639 INFO Feature specs: {
    "C1": "{'source': '', 'type': 'categorical', 'padding_idx': 0, 'vocab_size': 1446}",
    "C10": "{'source': '', 'type': 'categorical', 'padding_idx': 0, 'vocab_size': 39530}",
    "C11": "{'source': '', 'type': 'categorical', 'padding_idx': 0, 'vocab_size': 5131}",
    "C12": "{'source': '', 'type': 'categorical', 'padding_idx': 0, 'vocab_size': 156656}",
    "C13": "{'source': '', 'type': 'categorical', 'padding_idx': 0, 'vocab_size': 3176}",
    "C14": "{'source': '', 'type': 'categorical', 'padding_idx': 0, 'vocab_size': 28}",
    "C15": "{'source': '', 'type': 'categorical', 'padding_idx': 0, 'vocab_size': 11043}",
    "C16": "{'source': '', 'type': 'categorical', 'padding_idx': 0, 'vocab_size': 148913}",
    "C17": "{'source': '', 'type': 'categorical', 'padding_idx': 0, 'vocab_size': 12}",
    "C18": "{'source': '', 'type': 'categorical', 'padding_idx': 0, 'vocab_size': 4560}",
    "C19": "{'source': '', 'type': 'categorical', 'padding_idx': 0, 'vocab_size': 2003}",
    "C2": "{'source': '', 'type': 'categorical', 'padding_idx': 0, 'vocab_size': 554}",
    "C20": "{'source': '', 'type': 'categorical', 'padding_idx': 0, 'vocab_size': 5}",
    "C21": "{'source': '', 'type': 'categorical', 'padding_idx': 0, 'vocab_size': 154564}",
    "C22": "{'source': '', 'type': 'categorical', 'padding_idx': 0, 'vocab_size': 18}",
    "C23": "{'source': '', 'type': 'categorical', 'padding_idx': 0, 'vocab_size': 17}",
    "C24": "{'source': '', 'type': 'categorical', 'padding_idx': 0, 'vocab_size': 53031}",
    "C25": "{'source': '', 'type': 'categorical', 'padding_idx': 0, 'vocab_size': 82}",
    "C26": "{'source': '', 'type': 'categorical', 'padding_idx': 0, 'vocab_size': 40955}",
    "C3": "{'source': '', 'type': 'categorical', 'padding_idx': 0, 'vocab_size': 157339}",
    "C4": "{'source': '', 'type': 'categorical', 'padding_idx': 0, 'vocab_size': 117822}",
    "C5": "{'source': '', 'type': 'categorical', 'padding_idx': 0, 'vocab_size': 306}",
    "C6": "{'source': '', 'type': 'categorical', 'padding_idx': 0, 'vocab_size': 18}",
    "C7": "{'source': '', 'type': 'categorical', 'padding_idx': 0, 'vocab_size': 11882}",
    "C8": "{'source': '', 'type': 'categorical', 'padding_idx': 0, 'vocab_size': 630}",
    "C9": "{'source': '', 'type': 'categorical', 'padding_idx': 0, 'vocab_size': 5}",
    "I1": "{'source': '', 'type': 'categorical', 'padding_idx': 0, 'vocab_size': 44}",
    "I10": "{'source': '', 'type': 'categorical', 'padding_idx': 0, 'vocab_size': 6}",
    "I11": "{'source': '', 'type': 'categorical', 'padding_idx': 0, 'vocab_size': 27}",
    "I12": "{'source': '', 'type': 'categorical', 'padding_idx': 0, 'vocab_size': 37}",
    "I13": "{'source': '', 'type': 'categorical', 'padding_idx': 0, 'vocab_size': 72}",
    "I2": "{'source': '', 'type': 'categorical', 'padding_idx': 0, 'vocab_size': 99}",
    "I3": "{'source': '', 'type': 'categorical', 'padding_idx': 0, 'vocab_size': 122}",
    "I4": "{'source': '', 'type': 'categorical', 'padding_idx': 0, 'vocab_size': 41}",
    "I5": "{'source': '', 'type': 'categorical', 'padding_idx': 0, 'vocab_size': 220}",
    "I6": "{'source': '', 'type': 'categorical', 'padding_idx': 0, 'vocab_size': 112}",
    "I7": "{'source': '', 'type': 'categorical', 'padding_idx': 0, 'vocab_size': 80}",
    "I8": "{'source': '', 'type': 'categorical', 'padding_idx': 0, 'vocab_size': 69}",
    "I9": "{'source': '', 'type': 'categorical', 'padding_idx': 0, 'vocab_size': 92}"
}
2025-03-03 03:43:17,746 P1639 INFO Total number of parameters: 15970314.
2025-03-03 03:43:17,747 P1639 INFO Loading datasets...
2025-03-03 03:43:35,668 P1639 INFO Train samples: total/36672493, blocks/1
2025-03-03 03:43:37,138 P1639 INFO Validation samples: total/4584062, blocks/1
2025-03-03 03:43:37,138 P1639 INFO Loading train and validation data done.
2025-03-03 03:43:37,138 P1639 INFO Start training: 8954 batches/epoch
2025-03-03 03:43:37,138 P1639 INFO ************ Epoch=1 start ************
