2025-03-03 13:43:26,875 P70081 INFO FuxiCTR version: 2.3.7
2025-03-03 13:43:26,875 P70081 INFO Params: {
    "alpha": "0.9",
    "batch_norm": "True",
    "batch_size": "4096",
    "data_format": "csv",
    "data_root": "dataset/",
    "dataset_id": "Criteo_x4_10_h5",
    "debug_mode": "False",
    "distill_loss": "True",
    "early_stop_patience": "2",
    "embedding_dim": "16",
    "embedding_regularizer": "1e-05",
    "epochs": "100",
    "eval_steps": "None",
    "experiment_id": "SCV_ada_tf_Criteo_005_ea07ebf4",
    "feature_cols": "[{'active': True, 'dtype': 'float', 'fill_na': 0, 'na_value': 0, 'name': ['I1', 'I2', 'I3', 'I4', 'I5', 'I6', 'I7', 'I8', 'I9', 'I10', 'I11', 'I12', 'I13'], 'preprocess': 'convert_to_bucket', 'type': 'categorical'}, {'active': True, 'dtype': 'str', 'fill_na': '', 'na_value': '', 'name': ['C1', 'C2', 'C3', 'C4', 'C5', 'C6', 'C7', 'C8', 'C9', 'C10', 'C11', 'C12', 'C13', 'C14', 'C15', 'C16', 'C17', 'C18', 'C19', 'C20', 'C21', 'C22', 'C23', 'C24', 'C25', 'C26'], 'type': 'categorical'}]",
    "feature_config": "None",
    "feature_specs": "None",
    "gpu": "0",
    "group_id": "None",
    "label_col": "{'dtype': 'float', 'name': 'Label'}",
    "layer_norm": "True",
    "learning_rate": "0.001",
    "loss": "binary_crossentropy",
    "metrics": "['logloss', 'AUC']",
    "min_categr_count": "10",
    "model": "SCV_ada_tf",
    "model_id": "SCV_ada_tf_Criteo_005_ea07ebf4",
    "model_root": "./checkpoints/",
    "monitor": "{'AUC': 1, 'logloss': 0}",
    "monitor_mode": "max",
    "net_dropout": "0",
    "net_regularizer": "0",
    "num_hops": "1",
    "num_mask": "4",
    "num_tower": "4",
    "num_workers": "16",
    "optimizer": "adam",
    "pickle_feature_encoder": "True",
    "pooling_method": "attn",
    "save_best_only": "True",
    "seed": "2024",
    "shuffle": "True",
    "task": "binary_classification",
    "test_data": "dataset/Criteo_x4_10_h5/test.csv",
    "train_data": "dataset/Criteo_x4_10_h5/train.csv",
    "use_bilinear_fusion": "True",
    "use_features": "None",
    "valid_data": "dataset/Criteo_x4_10_h5/valid.csv",
    "verbose": "1"
}
2025-03-03 13:43:26,876 P70081 INFO Set up feature processor...
2025-03-03 13:43:26,876 P70081 WARNING Skip rebuilding dataset/Criteo_x4_10_h5/feature_map.json. Please delete it manually if rebuilding is required.
2025-03-03 13:43:26,876 P70081 INFO Load feature_map from json: dataset/Criteo_x4_10_h5/feature_map.json
2025-03-03 13:43:26,876 P70081 INFO Set column index...
2025-03-03 13:43:26,876 P70081 INFO Feature specs: {
    "C1": "{'source': '', 'type': 'categorical', 'padding_idx': 0, 'vocab_size': 1446}",
    "C10": "{'source': '', 'type': 'categorical', 'padding_idx': 0, 'vocab_size': 39530}",
    "C11": "{'source': '', 'type': 'categorical', 'padding_idx': 0, 'vocab_size': 5131}",
    "C12": "{'source': '', 'type': 'categorical', 'padding_idx': 0, 'vocab_size': 156656}",
    "C13": "{'source': '', 'type': 'categorical', 'padding_idx': 0, 'vocab_size': 3176}",
    "C14": "{'source': '', 'type': 'categorical', 'padding_idx': 0, 'vocab_size': 28}",
    "C15": "{'source': '', 'type': 'categorical', 'padding_idx': 0, 'vocab_size': 11043}",
    "C16": "{'source': '', 'type': 'categorical', 'padding_idx': 0, 'vocab_size': 148913}",
    "C17": "{'source': '', 'type': 'categorical', 'padding_idx': 0, 'vocab_size': 12}",
    "C18": "{'source': '', 'type': 'categorical', 'padding_idx': 0, 'vocab_size': 4560}",
    "C19": "{'source': '', 'type': 'categorical', 'padding_idx': 0, 'vocab_size': 2003}",
    "C2": "{'source': '', 'type': 'categorical', 'padding_idx': 0, 'vocab_size': 554}",
    "C20": "{'source': '', 'type': 'categorical', 'padding_idx': 0, 'vocab_size': 5}",
    "C21": "{'source': '', 'type': 'categorical', 'padding_idx': 0, 'vocab_size': 154564}",
    "C22": "{'source': '', 'type': 'categorical', 'padding_idx': 0, 'vocab_size': 18}",
    "C23": "{'source': '', 'type': 'categorical', 'padding_idx': 0, 'vocab_size': 17}",
    "C24": "{'source': '', 'type': 'categorical', 'padding_idx': 0, 'vocab_size': 53031}",
    "C25": "{'source': '', 'type': 'categorical', 'padding_idx': 0, 'vocab_size': 82}",
    "C26": "{'source': '', 'type': 'categorical', 'padding_idx': 0, 'vocab_size': 40955}",
    "C3": "{'source': '', 'type': 'categorical', 'padding_idx': 0, 'vocab_size': 157339}",
    "C4": "{'source': '', 'type': 'categorical', 'padding_idx': 0, 'vocab_size': 117822}",
    "C5": "{'source': '', 'type': 'categorical', 'padding_idx': 0, 'vocab_size': 306}",
    "C6": "{'source': '', 'type': 'categorical', 'padding_idx': 0, 'vocab_size': 18}",
    "C7": "{'source': '', 'type': 'categorical', 'padding_idx': 0, 'vocab_size': 11882}",
    "C8": "{'source': '', 'type': 'categorical', 'padding_idx': 0, 'vocab_size': 630}",
    "C9": "{'source': '', 'type': 'categorical', 'padding_idx': 0, 'vocab_size': 5}",
    "I1": "{'source': '', 'type': 'categorical', 'padding_idx': 0, 'vocab_size': 44}",
    "I10": "{'source': '', 'type': 'categorical', 'padding_idx': 0, 'vocab_size': 6}",
    "I11": "{'source': '', 'type': 'categorical', 'padding_idx': 0, 'vocab_size': 27}",
    "I12": "{'source': '', 'type': 'categorical', 'padding_idx': 0, 'vocab_size': 37}",
    "I13": "{'source': '', 'type': 'categorical', 'padding_idx': 0, 'vocab_size': 72}",
    "I2": "{'source': '', 'type': 'categorical', 'padding_idx': 0, 'vocab_size': 99}",
    "I3": "{'source': '', 'type': 'categorical', 'padding_idx': 0, 'vocab_size': 122}",
    "I4": "{'source': '', 'type': 'categorical', 'padding_idx': 0, 'vocab_size': 41}",
    "I5": "{'source': '', 'type': 'categorical', 'padding_idx': 0, 'vocab_size': 220}",
    "I6": "{'source': '', 'type': 'categorical', 'padding_idx': 0, 'vocab_size': 112}",
    "I7": "{'source': '', 'type': 'categorical', 'padding_idx': 0, 'vocab_size': 80}",
    "I8": "{'source': '', 'type': 'categorical', 'padding_idx': 0, 'vocab_size': 69}",
    "I9": "{'source': '', 'type': 'categorical', 'padding_idx': 0, 'vocab_size': 92}"
}
2025-03-03 13:43:31,208 P70081 INFO Total number of parameters: 640400.
2025-03-03 13:43:31,208 P70081 INFO Total number of parameters: 15212352.
2025-03-03 13:43:31,209 P70081 INFO Loading datasets...
2025-03-03 13:43:46,194 P70081 INFO Train samples: total/36672493, blocks/1
2025-03-03 13:43:48,054 P70081 INFO Validation samples: total/4584062, blocks/1
2025-03-03 13:43:48,054 P70081 INFO Loading train and validation data done.
2025-03-03 13:43:48,054 P70081 INFO Start training: 8954 batches/epoch
2025-03-03 13:43:48,055 P70081 INFO ************ Epoch=1 start ************
2025-03-03 13:48:33,382 P70081 INFO Train loss: 2.728778
2025-03-03 13:48:33,382 P70081 INFO Evaluation @epoch 1 - batch 8954: 
2025-03-03 13:48:46,950 P70081 INFO [Metrics] AUC: 0.804585 - logloss: 0.446681
2025-03-03 13:48:46,951 P70081 INFO Save best model: monitor(max)=0.804585
2025-03-03 13:48:47,127 P70081 INFO ************ Epoch=1 end ************
2025-03-03 13:53:30,081 P70081 INFO Train loss: 2.687965
2025-03-03 13:53:30,081 P70081 INFO Evaluation @epoch 2 - batch 8954: 
2025-03-03 13:53:43,653 P70081 INFO [Metrics] AUC: 0.806898 - logloss: 0.444415
2025-03-03 13:53:43,656 P70081 INFO Save best model: monitor(max)=0.806898
2025-03-03 13:53:43,970 P70081 INFO ************ Epoch=2 end ************
2025-03-03 13:58:27,966 P70081 INFO Train loss: 2.677204
2025-03-03 13:58:27,966 P70081 INFO Evaluation @epoch 3 - batch 8954: 
2025-03-03 13:58:41,571 P70081 INFO [Metrics] AUC: 0.808261 - logloss: 0.443213
2025-03-03 13:58:41,574 P70081 INFO Save best model: monitor(max)=0.808261
2025-03-03 13:58:41,901 P70081 INFO ************ Epoch=3 end ************
2025-03-03 14:03:27,683 P70081 INFO Train loss: 2.672130
2025-03-03 14:03:27,684 P70081 INFO Evaluation @epoch 4 - batch 8954: 
2025-03-03 14:03:42,534 P70081 INFO [Metrics] AUC: 0.808975 - logloss: 0.442571
2025-03-03 14:03:42,537 P70081 INFO Save best model: monitor(max)=0.808975
2025-03-03 14:03:42,866 P70081 INFO ************ Epoch=4 end ************
2025-03-03 14:08:23,856 P70081 INFO Train loss: 2.668674
2025-03-03 14:08:23,857 P70081 INFO Evaluation @epoch 5 - batch 8954: 
2025-03-03 14:08:37,033 P70081 INFO [Metrics] AUC: 0.809450 - logloss: 0.442028
2025-03-03 14:08:37,036 P70081 INFO Save best model: monitor(max)=0.809450
2025-03-03 14:08:37,388 P70081 INFO ************ Epoch=5 end ************
2025-03-03 14:13:23,937 P70081 INFO Train loss: 2.666072
2025-03-03 14:13:23,937 P70081 INFO Evaluation @epoch 6 - batch 8954: 
2025-03-03 14:13:38,325 P70081 INFO [Metrics] AUC: 0.809793 - logloss: 0.441837
2025-03-03 14:13:38,327 P70081 INFO Save best model: monitor(max)=0.809793
2025-03-03 14:13:38,887 P70081 INFO ************ Epoch=6 end ************
2025-03-03 14:18:26,444 P70081 INFO Train loss: 2.664072
2025-03-03 14:18:26,445 P70081 INFO Evaluation @epoch 7 - batch 8954: 
2025-03-03 14:18:40,656 P70081 INFO [Metrics] AUC: 0.809929 - logloss: 0.441713
2025-03-03 14:18:40,659 P70081 INFO Save best model: monitor(max)=0.809929
2025-03-03 14:18:40,986 P70081 INFO ************ Epoch=7 end ************
2025-03-03 14:23:31,079 P70081 INFO Train loss: 2.662291
2025-03-03 14:23:31,079 P70081 INFO Evaluation @epoch 8 - batch 8954: 
2025-03-03 14:23:44,924 P70081 INFO [Metrics] AUC: 0.810070 - logloss: 0.441451
2025-03-03 14:23:44,926 P70081 INFO Save best model: monitor(max)=0.810070
2025-03-03 14:23:45,252 P70081 INFO ************ Epoch=8 end ************
2025-03-03 14:28:33,040 P70081 INFO Train loss: 2.660872
2025-03-03 14:28:33,040 P70081 INFO Evaluation @epoch 9 - batch 8954: 
2025-03-03 14:28:47,638 P70081 INFO [Metrics] AUC: 0.810079 - logloss: 0.441432
2025-03-03 14:28:47,640 P70081 INFO Save best model: monitor(max)=0.810079
2025-03-03 14:28:47,980 P70081 INFO ************ Epoch=9 end ************
2025-03-03 14:33:37,020 P70081 INFO Train loss: 2.659749
2025-03-03 14:33:37,020 P70081 INFO Evaluation @epoch 10 - batch 8954: 
2025-03-03 14:33:52,391 P70081 INFO [Metrics] AUC: 0.810164 - logloss: 0.441414
2025-03-03 14:33:52,396 P70081 INFO Save best model: monitor(max)=0.810164
2025-03-03 14:33:52,716 P70081 INFO ************ Epoch=10 end ************
2025-03-03 14:38:41,184 P70081 INFO Train loss: 2.658473
2025-03-03 14:38:41,184 P70081 INFO Evaluation @epoch 11 - batch 8954: 
2025-03-03 14:38:54,500 P70081 INFO [Metrics] AUC: 0.810175 - logloss: 0.441516
2025-03-03 14:38:54,503 P70081 INFO Save best model: monitor(max)=0.810175
2025-03-03 14:38:54,828 P70081 INFO ************ Epoch=11 end ************
2025-03-03 14:43:41,071 P70081 INFO Train loss: 2.657615
2025-03-03 14:43:41,071 P70081 INFO Evaluation @epoch 12 - batch 8954: 
2025-03-03 14:43:55,119 P70081 INFO [Metrics] AUC: 0.810040 - logloss: 0.441561
2025-03-03 14:43:55,123 P70081 INFO Monitor(max)=0.810040 STOP!
2025-03-03 14:43:55,123 P70081 INFO Reduce learning rate on plateau: 0.000100
2025-03-03 14:43:55,233 P70081 INFO ************ Epoch=12 end ************
2025-03-03 14:48:43,432 P70081 INFO Train loss: 2.616941
2025-03-03 14:48:43,433 P70081 INFO Evaluation @epoch 13 - batch 8954: 
2025-03-03 14:48:57,423 P70081 INFO [Metrics] AUC: 0.812527 - logloss: 0.439365
2025-03-03 14:48:57,426 P70081 INFO Save best model: monitor(max)=0.812527
2025-03-03 14:48:57,729 P70081 INFO ************ Epoch=13 end ************
2025-03-03 14:53:46,318 P70081 INFO Train loss: 2.602953
2025-03-03 14:53:46,318 P70081 INFO Evaluation @epoch 14 - batch 8954: 
2025-03-03 14:53:59,981 P70081 INFO [Metrics] AUC: 0.812768 - logloss: 0.439261
2025-03-03 14:53:59,984 P70081 INFO Save best model: monitor(max)=0.812768
2025-03-03 14:54:00,215 P70081 INFO ************ Epoch=14 end ************
2025-03-03 14:58:45,328 P70081 INFO Train loss: 2.595927
2025-03-03 14:58:45,328 P70081 INFO Evaluation @epoch 15 - batch 8954: 
2025-03-03 14:58:59,331 P70081 INFO [Metrics] AUC: 0.812685 - logloss: 0.439494
2025-03-03 14:58:59,334 P70081 INFO Monitor(max)=0.812685 STOP!
2025-03-03 14:58:59,334 P70081 INFO Reduce learning rate on plateau: 0.000010
2025-03-03 14:58:59,448 P70081 INFO ************ Epoch=15 end ************
2025-03-03 15:03:48,833 P70081 INFO Train loss: 2.579212
2025-03-03 15:03:48,834 P70081 INFO Evaluation @epoch 16 - batch 8954: 
2025-03-03 15:04:02,691 P70081 INFO [Metrics] AUC: 0.812275 - logloss: 0.440096
2025-03-03 15:04:02,693 P70081 INFO Monitor(max)=0.812275 STOP!
2025-03-03 15:04:02,693 P70081 INFO Reduce learning rate on plateau: 0.000001
2025-03-03 15:04:02,693 P70081 INFO ********* Epoch=16 early stop *********
2025-03-03 15:04:02,841 P70081 INFO Training finished.
2025-03-03 15:04:02,841 P70081 INFO Load best model: /home/jupyterhub/jupyter/users/dwen/rec_adult/exp/fix_side_info/scv/checkpoints/Criteo_x4_10_h5/SCV_ada_tf_Criteo_005_ea07ebf4.model
2025-03-03 15:04:02,877 P70081 INFO ****** Validation evaluation ******
2025-03-03 15:04:17,006 P70081 INFO [Metrics] logloss: 0.439261 - AUC: 0.812768
2025-03-03 15:04:17,148 P70081 INFO ******** Test evaluation ********
2025-03-03 15:04:17,148 P70081 INFO Loading datasets...
2025-03-03 15:04:18,702 P70081 INFO Test samples: total/4584062, blocks/1
2025-03-03 15:04:18,702 P70081 INFO Loading test data done.
2025-03-03 15:04:31,782 P70081 INFO [Metrics] logloss: 0.438727 - AUC: 0.813363
2025-03-03 15:04:31,787 P70081 INFO ******** Remove Model Weights ********
