2025-03-03 10:06:20,476 P21812 INFO FuxiCTR version: 2.3.7
2025-03-03 10:06:20,476 P21812 INFO Params: {
    "alpha": "0.9",
    "batch_norm": "True",
    "batch_size": "4096",
    "data_format": "csv",
    "data_root": "dataset/",
    "dataset_id": "Criteo_x4_10_h5",
    "debug_mode": "False",
    "distill_loss": "False",
    "early_stop_patience": "2",
    "embedding_dim": "16",
    "embedding_regularizer": "1e-05",
    "epochs": "100",
    "eval_steps": "None",
    "experiment_id": "SCV_ada_tf_Criteo_030_72658755",
    "feature_cols": "[{'active': True, 'dtype': 'float', 'fill_na': 0, 'na_value': 0, 'name': ['I1', 'I2', 'I3', 'I4', 'I5', 'I6', 'I7', 'I8', 'I9', 'I10', 'I11', 'I12', 'I13'], 'preprocess': 'convert_to_bucket', 'type': 'categorical'}, {'active': True, 'dtype': 'str', 'fill_na': '', 'na_value': '', 'name': ['C1', 'C2', 'C3', 'C4', 'C5', 'C6', 'C7', 'C8', 'C9', 'C10', 'C11', 'C12', 'C13', 'C14', 'C15', 'C16', 'C17', 'C18', 'C19', 'C20', 'C21', 'C22', 'C23', 'C24', 'C25', 'C26'], 'type': 'categorical'}]",
    "feature_config": "None",
    "feature_specs": "None",
    "gpu": "0",
    "group_id": "None",
    "label_col": "{'dtype': 'float', 'name': 'Label'}",
    "layer_norm": "True",
    "learning_rate": "0.001",
    "loss": "binary_crossentropy",
    "metrics": "['logloss', 'AUC']",
    "min_categr_count": "10",
    "model": "SCV_ada_tf",
    "model_id": "SCV_ada_tf_Criteo_030_72658755",
    "model_root": "./checkpoints/",
    "monitor": "{'AUC': 1, 'logloss': 0}",
    "monitor_mode": "max",
    "net_dropout": "0.1",
    "net_regularizer": "0",
    "num_hops": "1",
    "num_mask": "4",
    "num_tower": "4",
    "num_workers": "16",
    "optimizer": "adam",
    "pickle_feature_encoder": "True",
    "pooling_method": "attn",
    "save_best_only": "True",
    "seed": "2024",
    "shuffle": "True",
    "task": "binary_classification",
    "test_data": "dataset/Criteo_x4_10_h5/test.csv",
    "train_data": "dataset/Criteo_x4_10_h5/train.csv",
    "use_bilinear_fusion": "True",
    "use_features": "None",
    "valid_data": "dataset/Criteo_x4_10_h5/valid.csv",
    "verbose": "1"
}
2025-03-03 10:06:20,476 P21812 INFO Set up feature processor...
2025-03-03 10:06:20,477 P21812 WARNING Skip rebuilding dataset/Criteo_x4_10_h5/feature_map.json. Please delete it manually if rebuilding is required.
2025-03-03 10:06:20,477 P21812 INFO Load feature_map from json: dataset/Criteo_x4_10_h5/feature_map.json
2025-03-03 10:06:20,477 P21812 INFO Set column index...
2025-03-03 10:06:20,477 P21812 INFO Feature specs: {
    "C1": "{'source': '', 'type': 'categorical', 'padding_idx': 0, 'vocab_size': 1446}",
    "C10": "{'source': '', 'type': 'categorical', 'padding_idx': 0, 'vocab_size': 39530}",
    "C11": "{'source': '', 'type': 'categorical', 'padding_idx': 0, 'vocab_size': 5131}",
    "C12": "{'source': '', 'type': 'categorical', 'padding_idx': 0, 'vocab_size': 156656}",
    "C13": "{'source': '', 'type': 'categorical', 'padding_idx': 0, 'vocab_size': 3176}",
    "C14": "{'source': '', 'type': 'categorical', 'padding_idx': 0, 'vocab_size': 28}",
    "C15": "{'source': '', 'type': 'categorical', 'padding_idx': 0, 'vocab_size': 11043}",
    "C16": "{'source': '', 'type': 'categorical', 'padding_idx': 0, 'vocab_size': 148913}",
    "C17": "{'source': '', 'type': 'categorical', 'padding_idx': 0, 'vocab_size': 12}",
    "C18": "{'source': '', 'type': 'categorical', 'padding_idx': 0, 'vocab_size': 4560}",
    "C19": "{'source': '', 'type': 'categorical', 'padding_idx': 0, 'vocab_size': 2003}",
    "C2": "{'source': '', 'type': 'categorical', 'padding_idx': 0, 'vocab_size': 554}",
    "C20": "{'source': '', 'type': 'categorical', 'padding_idx': 0, 'vocab_size': 5}",
    "C21": "{'source': '', 'type': 'categorical', 'padding_idx': 0, 'vocab_size': 154564}",
    "C22": "{'source': '', 'type': 'categorical', 'padding_idx': 0, 'vocab_size': 18}",
    "C23": "{'source': '', 'type': 'categorical', 'padding_idx': 0, 'vocab_size': 17}",
    "C24": "{'source': '', 'type': 'categorical', 'padding_idx': 0, 'vocab_size': 53031}",
    "C25": "{'source': '', 'type': 'categorical', 'padding_idx': 0, 'vocab_size': 82}",
    "C26": "{'source': '', 'type': 'categorical', 'padding_idx': 0, 'vocab_size': 40955}",
    "C3": "{'source': '', 'type': 'categorical', 'padding_idx': 0, 'vocab_size': 157339}",
    "C4": "{'source': '', 'type': 'categorical', 'padding_idx': 0, 'vocab_size': 117822}",
    "C5": "{'source': '', 'type': 'categorical', 'padding_idx': 0, 'vocab_size': 306}",
    "C6": "{'source': '', 'type': 'categorical', 'padding_idx': 0, 'vocab_size': 18}",
    "C7": "{'source': '', 'type': 'categorical', 'padding_idx': 0, 'vocab_size': 11882}",
    "C8": "{'source': '', 'type': 'categorical', 'padding_idx': 0, 'vocab_size': 630}",
    "C9": "{'source': '', 'type': 'categorical', 'padding_idx': 0, 'vocab_size': 5}",
    "I1": "{'source': '', 'type': 'categorical', 'padding_idx': 0, 'vocab_size': 44}",
    "I10": "{'source': '', 'type': 'categorical', 'padding_idx': 0, 'vocab_size': 6}",
    "I11": "{'source': '', 'type': 'categorical', 'padding_idx': 0, 'vocab_size': 27}",
    "I12": "{'source': '', 'type': 'categorical', 'padding_idx': 0, 'vocab_size': 37}",
    "I13": "{'source': '', 'type': 'categorical', 'padding_idx': 0, 'vocab_size': 72}",
    "I2": "{'source': '', 'type': 'categorical', 'padding_idx': 0, 'vocab_size': 99}",
    "I3": "{'source': '', 'type': 'categorical', 'padding_idx': 0, 'vocab_size': 122}",
    "I4": "{'source': '', 'type': 'categorical', 'padding_idx': 0, 'vocab_size': 41}",
    "I5": "{'source': '', 'type': 'categorical', 'padding_idx': 0, 'vocab_size': 220}",
    "I6": "{'source': '', 'type': 'categorical', 'padding_idx': 0, 'vocab_size': 112}",
    "I7": "{'source': '', 'type': 'categorical', 'padding_idx': 0, 'vocab_size': 80}",
    "I8": "{'source': '', 'type': 'categorical', 'padding_idx': 0, 'vocab_size': 69}",
    "I9": "{'source': '', 'type': 'categorical', 'padding_idx': 0, 'vocab_size': 92}"
}
2025-03-03 10:06:22,322 P21812 INFO Total number of parameters: 640400.
2025-03-03 10:06:22,322 P21812 INFO Total number of parameters: 15212352.
2025-03-03 10:06:22,322 P21812 INFO Loading datasets...
2025-03-03 10:06:39,737 P21812 INFO Train samples: total/36672493, blocks/1
2025-03-03 10:06:41,297 P21812 INFO Validation samples: total/4584062, blocks/1
2025-03-03 10:06:41,297 P21812 INFO Loading train and validation data done.
2025-03-03 10:06:41,298 P21812 INFO Start training: 8954 batches/epoch
2025-03-03 10:06:41,298 P21812 INFO ************ Epoch=1 start ************
2025-03-03 10:11:34,851 P21812 INFO Train loss: 0.460649
2025-03-03 10:11:34,852 P21812 INFO Evaluation @epoch 1 - batch 8954: 
2025-03-03 10:11:50,833 P21812 INFO [Metrics] AUC: 0.804464 - logloss: 0.446821
2025-03-03 10:11:50,835 P21812 INFO Save best model: monitor(max)=0.804464
2025-03-03 10:11:50,978 P21812 INFO ************ Epoch=1 end ************
2025-03-03 10:16:42,050 P21812 INFO Train loss: 0.456029
2025-03-03 10:16:42,050 P21812 INFO Evaluation @epoch 2 - batch 8954: 
2025-03-03 10:16:56,572 P21812 INFO [Metrics] AUC: 0.806561 - logloss: 0.444694
2025-03-03 10:16:56,575 P21812 INFO Save best model: monitor(max)=0.806561
2025-03-03 10:16:56,939 P21812 INFO ************ Epoch=2 end ************
2025-03-03 10:21:46,921 P21812 INFO Train loss: 0.454487
2025-03-03 10:21:46,921 P21812 INFO Evaluation @epoch 3 - batch 8954: 
2025-03-03 10:22:00,804 P21812 INFO [Metrics] AUC: 0.807780 - logloss: 0.443659
2025-03-03 10:22:00,806 P21812 INFO Save best model: monitor(max)=0.807780
2025-03-03 10:22:01,185 P21812 INFO ************ Epoch=3 end ************
2025-03-03 10:26:52,496 P21812 INFO Train loss: 0.453721
2025-03-03 10:26:52,497 P21812 INFO Evaluation @epoch 4 - batch 8954: 
2025-03-03 10:27:07,231 P21812 INFO [Metrics] AUC: 0.808236 - logloss: 0.443306
2025-03-03 10:27:07,233 P21812 INFO Save best model: monitor(max)=0.808236
2025-03-03 10:27:07,552 P21812 INFO ************ Epoch=4 end ************
2025-03-03 10:31:57,998 P21812 INFO Train loss: 0.453190
2025-03-03 10:31:57,999 P21812 INFO Evaluation @epoch 5 - batch 8954: 
2025-03-03 10:32:12,805 P21812 INFO [Metrics] AUC: 0.808540 - logloss: 0.442901
2025-03-03 10:32:12,808 P21812 INFO Save best model: monitor(max)=0.808540
2025-03-03 10:32:13,154 P21812 INFO ************ Epoch=5 end ************
2025-03-03 10:37:02,675 P21812 INFO Train loss: 0.452789
2025-03-03 10:37:02,676 P21812 INFO Evaluation @epoch 6 - batch 8954: 
2025-03-03 10:37:16,935 P21812 INFO [Metrics] AUC: 0.808960 - logloss: 0.442580
2025-03-03 10:37:16,938 P21812 INFO Save best model: monitor(max)=0.808960
2025-03-03 10:37:17,301 P21812 INFO ************ Epoch=6 end ************
2025-03-03 10:42:06,644 P21812 INFO Train loss: 0.452501
2025-03-03 10:42:06,645 P21812 INFO Evaluation @epoch 7 - batch 8954: 
2025-03-03 10:42:24,034 P21812 INFO [Metrics] AUC: 0.809082 - logloss: 0.442470
2025-03-03 10:42:24,038 P21812 INFO Save best model: monitor(max)=0.809082
2025-03-03 10:42:24,405 P21812 INFO ************ Epoch=7 end ************
2025-03-03 10:47:12,656 P21812 INFO Train loss: 0.452286
2025-03-03 10:47:12,656 P21812 INFO Evaluation @epoch 8 - batch 8954: 
2025-03-03 10:47:26,838 P21812 INFO [Metrics] AUC: 0.809379 - logloss: 0.442153
2025-03-03 10:47:26,841 P21812 INFO Save best model: monitor(max)=0.809379
2025-03-03 10:47:27,211 P21812 INFO ************ Epoch=8 end ************
2025-03-03 10:52:17,486 P21812 INFO Train loss: 0.452081
2025-03-03 10:52:17,487 P21812 INFO Evaluation @epoch 9 - batch 8954: 
2025-03-03 10:52:32,015 P21812 INFO [Metrics] AUC: 0.809280 - logloss: 0.442202
2025-03-03 10:52:32,018 P21812 INFO Monitor(max)=0.809280 STOP!
2025-03-03 10:52:32,018 P21812 INFO Reduce learning rate on plateau: 0.000100
2025-03-03 10:52:32,135 P21812 INFO ************ Epoch=9 end ************
2025-03-03 10:57:16,747 P21812 INFO Train loss: 0.441873
2025-03-03 10:57:16,748 P21812 INFO Evaluation @epoch 10 - batch 8954: 
2025-03-03 10:57:31,744 P21812 INFO [Metrics] AUC: 0.813146 - logloss: 0.438669
2025-03-03 10:57:31,746 P21812 INFO Save best model: monitor(max)=0.813146
2025-03-03 10:57:32,112 P21812 INFO ************ Epoch=10 end ************
2025-03-03 11:02:14,527 P21812 INFO Train loss: 0.437743
2025-03-03 11:02:14,528 P21812 INFO Evaluation @epoch 11 - batch 8954: 
2025-03-03 11:02:29,166 P21812 INFO [Metrics] AUC: 0.813647 - logloss: 0.438340
2025-03-03 11:02:29,168 P21812 INFO Save best model: monitor(max)=0.813647
2025-03-03 11:02:29,505 P21812 INFO ************ Epoch=11 end ************
2025-03-03 11:07:11,132 P21812 INFO Train loss: 0.435910
2025-03-03 11:07:11,132 P21812 INFO Evaluation @epoch 12 - batch 8954: 
2025-03-03 11:07:28,318 P21812 INFO [Metrics] AUC: 0.813817 - logloss: 0.438140
2025-03-03 11:07:28,320 P21812 INFO Save best model: monitor(max)=0.813817
2025-03-03 11:07:28,681 P21812 INFO ************ Epoch=12 end ************
2025-03-03 11:12:09,319 P21812 INFO Train loss: 0.434555
2025-03-03 11:12:09,319 P21812 INFO Evaluation @epoch 13 - batch 8954: 
2025-03-03 11:12:23,333 P21812 INFO [Metrics] AUC: 0.813742 - logloss: 0.438264
2025-03-03 11:12:23,335 P21812 INFO Monitor(max)=0.813742 STOP!
2025-03-03 11:12:23,335 P21812 INFO Reduce learning rate on plateau: 0.000010
2025-03-03 11:12:23,465 P21812 INFO ************ Epoch=13 end ************
2025-03-03 11:17:08,397 P21812 INFO Train loss: 0.430485
2025-03-03 11:17:08,398 P21812 INFO Evaluation @epoch 14 - batch 8954: 
2025-03-03 11:17:22,909 P21812 INFO [Metrics] AUC: 0.813512 - logloss: 0.438866
2025-03-03 11:17:22,911 P21812 INFO Monitor(max)=0.813512 STOP!
2025-03-03 11:17:22,911 P21812 INFO Reduce learning rate on plateau: 0.000001
2025-03-03 11:17:22,911 P21812 INFO ********* Epoch=14 early stop *********
2025-03-03 11:17:23,049 P21812 INFO Training finished.
2025-03-03 11:17:23,049 P21812 INFO Load best model: /home/jupyterhub/jupyter/users/dwen/rec_adult/exp/fix_side_info/scv/checkpoints/Criteo_x4_10_h5/SCV_ada_tf_Criteo_030_72658755.model
2025-03-03 11:17:23,090 P21812 INFO ****** Validation evaluation ******
2025-03-03 11:17:38,854 P21812 INFO [Metrics] logloss: 0.438140 - AUC: 0.813817
2025-03-03 11:17:38,989 P21812 INFO ******** Test evaluation ********
2025-03-03 11:17:38,989 P21812 INFO Loading datasets...
2025-03-03 11:17:40,551 P21812 INFO Test samples: total/4584062, blocks/1
2025-03-03 11:17:40,551 P21812 INFO Loading test data done.
2025-03-03 11:17:54,199 P21812 INFO [Metrics] logloss: 0.437799 - AUC: 0.814226
2025-03-03 11:17:54,203 P21812 INFO ******** Remove Model Weights ********
