2025-03-03 09:22:20,971 P118502 INFO FuxiCTR version: 2.3.7
2025-03-03 09:22:20,971 P118502 INFO Params: {
    "alpha": "0.7",
    "batch_norm": "True",
    "batch_size": "4096",
    "data_format": "csv",
    "data_root": "dataset/",
    "dataset_id": "Criteo_x4_10_h5",
    "debug_mode": "False",
    "distill_loss": "True",
    "early_stop_patience": "2",
    "embedding_dim": "16",
    "embedding_regularizer": "1e-05",
    "epochs": "100",
    "eval_steps": "None",
    "experiment_id": "SCV_ada_tf_Criteo_043_2ef75826",
    "feature_cols": "[{'active': True, 'dtype': 'float', 'fill_na': 0, 'na_value': 0, 'name': ['I1', 'I2', 'I3', 'I4', 'I5', 'I6', 'I7', 'I8', 'I9', 'I10', 'I11', 'I12', 'I13'], 'preprocess': 'convert_to_bucket', 'type': 'categorical'}, {'active': True, 'dtype': 'str', 'fill_na': '', 'na_value': '', 'name': ['C1', 'C2', 'C3', 'C4', 'C5', 'C6', 'C7', 'C8', 'C9', 'C10', 'C11', 'C12', 'C13', 'C14', 'C15', 'C16', 'C17', 'C18', 'C19', 'C20', 'C21', 'C22', 'C23', 'C24', 'C25', 'C26'], 'type': 'categorical'}]",
    "feature_config": "None",
    "feature_specs": "None",
    "gpu": "1",
    "group_id": "None",
    "label_col": "{'dtype': 'float', 'name': 'Label'}",
    "layer_norm": "True",
    "learning_rate": "0.001",
    "loss": "binary_crossentropy",
    "metrics": "['logloss', 'AUC']",
    "min_categr_count": "10",
    "model": "SCV_ada_tf",
    "model_id": "SCV_ada_tf_Criteo_043_2ef75826",
    "model_root": "./checkpoints/",
    "monitor": "{'AUC': 1, 'logloss': 0}",
    "monitor_mode": "max",
    "net_dropout": "0.1",
    "net_regularizer": "0",
    "num_hops": "1",
    "num_mask": "3",
    "num_tower": "6",
    "num_workers": "16",
    "optimizer": "adam",
    "pickle_feature_encoder": "True",
    "pooling_method": "attn",
    "save_best_only": "True",
    "seed": "2024",
    "shuffle": "True",
    "task": "binary_classification",
    "test_data": "dataset/Criteo_x4_10_h5/test.csv",
    "train_data": "dataset/Criteo_x4_10_h5/train.csv",
    "use_bilinear_fusion": "True",
    "use_features": "None",
    "valid_data": "dataset/Criteo_x4_10_h5/valid.csv",
    "verbose": "1"
}
2025-03-03 09:22:20,971 P118502 INFO Set up feature processor...
2025-03-03 09:22:20,972 P118502 WARNING Skip rebuilding dataset/Criteo_x4_10_h5/feature_map.json. Please delete it manually if rebuilding is required.
2025-03-03 09:22:20,972 P118502 INFO Load feature_map from json: dataset/Criteo_x4_10_h5/feature_map.json
2025-03-03 09:22:20,972 P118502 INFO Set column index...
2025-03-03 09:22:20,972 P118502 INFO Feature specs: {
    "C1": "{'source': '', 'type': 'categorical', 'padding_idx': 0, 'vocab_size': 1446}",
    "C10": "{'source': '', 'type': 'categorical', 'padding_idx': 0, 'vocab_size': 39530}",
    "C11": "{'source': '', 'type': 'categorical', 'padding_idx': 0, 'vocab_size': 5131}",
    "C12": "{'source': '', 'type': 'categorical', 'padding_idx': 0, 'vocab_size': 156656}",
    "C13": "{'source': '', 'type': 'categorical', 'padding_idx': 0, 'vocab_size': 3176}",
    "C14": "{'source': '', 'type': 'categorical', 'padding_idx': 0, 'vocab_size': 28}",
    "C15": "{'source': '', 'type': 'categorical', 'padding_idx': 0, 'vocab_size': 11043}",
    "C16": "{'source': '', 'type': 'categorical', 'padding_idx': 0, 'vocab_size': 148913}",
    "C17": "{'source': '', 'type': 'categorical', 'padding_idx': 0, 'vocab_size': 12}",
    "C18": "{'source': '', 'type': 'categorical', 'padding_idx': 0, 'vocab_size': 4560}",
    "C19": "{'source': '', 'type': 'categorical', 'padding_idx': 0, 'vocab_size': 2003}",
    "C2": "{'source': '', 'type': 'categorical', 'padding_idx': 0, 'vocab_size': 554}",
    "C20": "{'source': '', 'type': 'categorical', 'padding_idx': 0, 'vocab_size': 5}",
    "C21": "{'source': '', 'type': 'categorical', 'padding_idx': 0, 'vocab_size': 154564}",
    "C22": "{'source': '', 'type': 'categorical', 'padding_idx': 0, 'vocab_size': 18}",
    "C23": "{'source': '', 'type': 'categorical', 'padding_idx': 0, 'vocab_size': 17}",
    "C24": "{'source': '', 'type': 'categorical', 'padding_idx': 0, 'vocab_size': 53031}",
    "C25": "{'source': '', 'type': 'categorical', 'padding_idx': 0, 'vocab_size': 82}",
    "C26": "{'source': '', 'type': 'categorical', 'padding_idx': 0, 'vocab_size': 40955}",
    "C3": "{'source': '', 'type': 'categorical', 'padding_idx': 0, 'vocab_size': 157339}",
    "C4": "{'source': '', 'type': 'categorical', 'padding_idx': 0, 'vocab_size': 117822}",
    "C5": "{'source': '', 'type': 'categorical', 'padding_idx': 0, 'vocab_size': 306}",
    "C6": "{'source': '', 'type': 'categorical', 'padding_idx': 0, 'vocab_size': 18}",
    "C7": "{'source': '', 'type': 'categorical', 'padding_idx': 0, 'vocab_size': 11882}",
    "C8": "{'source': '', 'type': 'categorical', 'padding_idx': 0, 'vocab_size': 630}",
    "C9": "{'source': '', 'type': 'categorical', 'padding_idx': 0, 'vocab_size': 5}",
    "I1": "{'source': '', 'type': 'categorical', 'padding_idx': 0, 'vocab_size': 44}",
    "I10": "{'source': '', 'type': 'categorical', 'padding_idx': 0, 'vocab_size': 6}",
    "I11": "{'source': '', 'type': 'categorical', 'padding_idx': 0, 'vocab_size': 27}",
    "I12": "{'source': '', 'type': 'categorical', 'padding_idx': 0, 'vocab_size': 37}",
    "I13": "{'source': '', 'type': 'categorical', 'padding_idx': 0, 'vocab_size': 72}",
    "I2": "{'source': '', 'type': 'categorical', 'padding_idx': 0, 'vocab_size': 99}",
    "I3": "{'source': '', 'type': 'categorical', 'padding_idx': 0, 'vocab_size': 122}",
    "I4": "{'source': '', 'type': 'categorical', 'padding_idx': 0, 'vocab_size': 41}",
    "I5": "{'source': '', 'type': 'categorical', 'padding_idx': 0, 'vocab_size': 220}",
    "I6": "{'source': '', 'type': 'categorical', 'padding_idx': 0, 'vocab_size': 112}",
    "I7": "{'source': '', 'type': 'categorical', 'padding_idx': 0, 'vocab_size': 80}",
    "I8": "{'source': '', 'type': 'categorical', 'padding_idx': 0, 'vocab_size': 69}",
    "I9": "{'source': '', 'type': 'categorical', 'padding_idx': 0, 'vocab_size': 92}"
}
2025-03-03 09:22:22,788 P118502 INFO Total number of parameters: 651990.
2025-03-03 09:22:22,789 P118502 INFO Total number of parameters: 15223942.
2025-03-03 09:22:22,789 P118502 INFO Loading datasets...
2025-03-03 09:22:40,952 P118502 INFO Train samples: total/36672493, blocks/1
2025-03-03 09:22:42,973 P118502 INFO Validation samples: total/4584062, blocks/1
2025-03-03 09:22:42,973 P118502 INFO Loading train and validation data done.
2025-03-03 09:22:42,973 P118502 INFO Start training: 8954 batches/epoch
2025-03-03 09:22:42,973 P118502 INFO ************ Epoch=1 start ************
2025-03-03 09:28:15,313 P118502 INFO Train loss: 3.658552
2025-03-03 09:28:15,314 P118502 INFO Evaluation @epoch 1 - batch 8954: 
2025-03-03 09:28:31,079 P118502 INFO [Metrics] AUC: 0.804109 - logloss: 0.447259
2025-03-03 09:28:31,080 P118502 INFO Save best model: monitor(max)=0.804109
2025-03-03 09:28:31,237 P118502 INFO ************ Epoch=1 end ************
2025-03-03 09:34:01,736 P118502 INFO Train loss: 3.601157
2025-03-03 09:34:01,737 P118502 INFO Evaluation @epoch 2 - batch 8954: 
2025-03-03 09:34:16,802 P118502 INFO [Metrics] AUC: 0.806819 - logloss: 0.444560
2025-03-03 09:34:16,804 P118502 INFO Save best model: monitor(max)=0.806819
2025-03-03 09:34:17,147 P118502 INFO ************ Epoch=2 end ************
2025-03-03 09:39:40,565 P118502 INFO Train loss: 3.587181
2025-03-03 09:39:40,566 P118502 INFO Evaluation @epoch 3 - batch 8954: 
2025-03-03 09:39:55,449 P118502 INFO [Metrics] AUC: 0.808198 - logloss: 0.443292
2025-03-03 09:39:55,451 P118502 INFO Save best model: monitor(max)=0.808198
2025-03-03 09:39:55,813 P118502 INFO ************ Epoch=3 end ************
2025-03-03 09:45:22,456 P118502 INFO Train loss: 3.580568
2025-03-03 09:45:22,457 P118502 INFO Evaluation @epoch 4 - batch 8954: 
2025-03-03 09:45:36,970 P118502 INFO [Metrics] AUC: 0.808973 - logloss: 0.442623
2025-03-03 09:45:36,973 P118502 INFO Save best model: monitor(max)=0.808973
2025-03-03 09:45:37,367 P118502 INFO ************ Epoch=4 end ************
2025-03-03 09:51:04,958 P118502 INFO Train loss: 3.576586
2025-03-03 09:51:04,959 P118502 INFO Evaluation @epoch 5 - batch 8954: 
2025-03-03 09:51:19,906 P118502 INFO [Metrics] AUC: 0.809403 - logloss: 0.442144
2025-03-03 09:51:19,909 P118502 INFO Save best model: monitor(max)=0.809403
2025-03-03 09:51:20,272 P118502 INFO ************ Epoch=5 end ************
2025-03-03 09:56:46,933 P118502 INFO Train loss: 3.573569
2025-03-03 09:56:46,933 P118502 INFO Evaluation @epoch 6 - batch 8954: 
2025-03-03 09:57:02,615 P118502 INFO [Metrics] AUC: 0.809983 - logloss: 0.441618
2025-03-03 09:57:02,617 P118502 INFO Save best model: monitor(max)=0.809983
2025-03-03 09:57:02,989 P118502 INFO ************ Epoch=6 end ************
2025-03-03 10:02:30,342 P118502 INFO Train loss: 3.571386
2025-03-03 10:02:30,342 P118502 INFO Evaluation @epoch 7 - batch 8954: 
2025-03-03 10:02:46,612 P118502 INFO [Metrics] AUC: 0.810159 - logloss: 0.441489
2025-03-03 10:02:46,615 P118502 INFO Save best model: monitor(max)=0.810159
2025-03-03 10:02:46,996 P118502 INFO ************ Epoch=7 end ************
2025-03-03 10:08:15,674 P118502 INFO Train loss: 3.569478
2025-03-03 10:08:15,675 P118502 INFO Evaluation @epoch 8 - batch 8954: 
2025-03-03 10:08:30,481 P118502 INFO [Metrics] AUC: 0.810311 - logloss: 0.441421
2025-03-03 10:08:30,483 P118502 INFO Save best model: monitor(max)=0.810311
2025-03-03 10:08:30,856 P118502 INFO ************ Epoch=8 end ************
2025-03-03 10:13:55,488 P118502 INFO Train loss: 3.568010
2025-03-03 10:13:55,488 P118502 INFO Evaluation @epoch 9 - batch 8954: 
2025-03-03 10:14:10,708 P118502 INFO [Metrics] AUC: 0.810445 - logloss: 0.441158
2025-03-03 10:14:10,713 P118502 INFO Save best model: monitor(max)=0.810445
2025-03-03 10:14:11,090 P118502 INFO ************ Epoch=9 end ************
2025-03-03 10:19:33,306 P118502 INFO Train loss: 3.566820
2025-03-03 10:19:33,307 P118502 INFO Evaluation @epoch 10 - batch 8954: 
2025-03-03 10:19:48,110 P118502 INFO [Metrics] AUC: 0.810719 - logloss: 0.440879
2025-03-03 10:19:48,116 P118502 INFO Save best model: monitor(max)=0.810719
2025-03-03 10:19:48,484 P118502 INFO ************ Epoch=10 end ************
2025-03-03 10:25:07,428 P118502 INFO Train loss: 3.565668
2025-03-03 10:25:07,429 P118502 INFO Evaluation @epoch 11 - batch 8954: 
2025-03-03 10:25:22,327 P118502 INFO [Metrics] AUC: 0.810759 - logloss: 0.440830
2025-03-03 10:25:22,332 P118502 INFO Save best model: monitor(max)=0.810759
2025-03-03 10:25:22,677 P118502 INFO ************ Epoch=11 end ************
2025-03-03 10:30:46,976 P118502 INFO Train loss: 3.564749
2025-03-03 10:30:46,977 P118502 INFO Evaluation @epoch 12 - batch 8954: 
2025-03-03 10:31:03,474 P118502 INFO [Metrics] AUC: 0.811014 - logloss: 0.440616
2025-03-03 10:31:03,477 P118502 INFO Save best model: monitor(max)=0.811014
2025-03-03 10:31:03,814 P118502 INFO ************ Epoch=12 end ************
2025-03-03 10:36:28,657 P118502 INFO Train loss: 3.563920
2025-03-03 10:36:28,657 P118502 INFO Evaluation @epoch 13 - batch 8954: 
2025-03-03 10:36:44,882 P118502 INFO [Metrics] AUC: 0.811057 - logloss: 0.440592
2025-03-03 10:36:44,885 P118502 INFO Save best model: monitor(max)=0.811057
2025-03-03 10:36:45,216 P118502 INFO ************ Epoch=13 end ************
2025-03-03 10:42:03,045 P118502 INFO Train loss: 3.563192
2025-03-03 10:42:03,045 P118502 INFO Evaluation @epoch 14 - batch 8954: 
2025-03-03 10:42:17,867 P118502 INFO [Metrics] AUC: 0.811147 - logloss: 0.440947
2025-03-03 10:42:17,873 P118502 INFO Save best model: monitor(max)=0.811147
2025-03-03 10:42:18,313 P118502 INFO ************ Epoch=14 end ************
2025-03-03 10:47:37,613 P118502 INFO Train loss: 3.562442
2025-03-03 10:47:37,613 P118502 INFO Evaluation @epoch 15 - batch 8954: 
2025-03-03 10:47:52,661 P118502 INFO [Metrics] AUC: 0.811313 - logloss: 0.440419
2025-03-03 10:47:52,666 P118502 INFO Save best model: monitor(max)=0.811313
2025-03-03 10:47:53,039 P118502 INFO ************ Epoch=15 end ************
2025-03-03 10:53:28,495 P118502 INFO Train loss: 3.561874
2025-03-03 10:53:28,496 P118502 INFO Evaluation @epoch 16 - batch 8954: 
2025-03-03 10:53:43,373 P118502 INFO [Metrics] AUC: 0.811244 - logloss: 0.440387
2025-03-03 10:53:43,376 P118502 INFO Monitor(max)=0.811244 STOP!
2025-03-03 10:53:43,376 P118502 INFO Reduce learning rate on plateau: 0.000100
2025-03-03 10:53:43,528 P118502 INFO ************ Epoch=16 end ************
2025-03-03 10:59:24,222 P118502 INFO Train loss: 3.513177
2025-03-03 10:59:24,223 P118502 INFO Evaluation @epoch 17 - batch 8954: 
2025-03-03 10:59:42,538 P118502 INFO [Metrics] AUC: 0.813532 - logloss: 0.438320
2025-03-03 10:59:42,543 P118502 INFO Save best model: monitor(max)=0.813532
2025-03-03 10:59:42,895 P118502 INFO ************ Epoch=17 end ************
2025-03-03 11:05:25,471 P118502 INFO Train loss: 3.497867
2025-03-03 11:05:25,472 P118502 INFO Evaluation @epoch 18 - batch 8954: 
2025-03-03 11:05:41,036 P118502 INFO [Metrics] AUC: 0.813896 - logloss: 0.438010
2025-03-03 11:05:41,039 P118502 INFO Save best model: monitor(max)=0.813896
2025-03-03 11:05:41,386 P118502 INFO ************ Epoch=18 end ************
2025-03-03 11:11:24,323 P118502 INFO Train loss: 3.489939
2025-03-03 11:11:24,323 P118502 INFO Evaluation @epoch 19 - batch 8954: 
2025-03-03 11:11:40,217 P118502 INFO [Metrics] AUC: 0.813955 - logloss: 0.437974
2025-03-03 11:11:40,221 P118502 INFO Save best model: monitor(max)=0.813955
2025-03-03 11:11:40,575 P118502 INFO ************ Epoch=19 end ************
2025-03-03 11:17:33,235 P118502 INFO Train loss: 3.483603
2025-03-03 11:17:33,235 P118502 INFO Evaluation @epoch 20 - batch 8954: 
2025-03-03 11:17:49,351 P118502 INFO [Metrics] AUC: 0.814025 - logloss: 0.437936
2025-03-03 11:17:49,356 P118502 INFO Save best model: monitor(max)=0.814025
2025-03-03 11:17:49,749 P118502 INFO ************ Epoch=20 end ************
2025-03-03 11:23:40,512 P118502 INFO Train loss: 3.478038
2025-03-03 11:23:40,513 P118502 INFO Evaluation @epoch 21 - batch 8954: 
2025-03-03 11:23:56,899 P118502 INFO [Metrics] AUC: 0.813936 - logloss: 0.438023
2025-03-03 11:23:56,903 P118502 INFO Monitor(max)=0.813936 STOP!
2025-03-03 11:23:56,903 P118502 INFO Reduce learning rate on plateau: 0.000010
2025-03-03 11:23:57,069 P118502 INFO ************ Epoch=21 end ************
2025-03-03 11:29:46,283 P118502 INFO Train loss: 3.458068
2025-03-03 11:29:46,283 P118502 INFO Evaluation @epoch 22 - batch 8954: 
2025-03-03 11:30:01,749 P118502 INFO [Metrics] AUC: 0.813840 - logloss: 0.438309
2025-03-03 11:30:01,753 P118502 INFO Monitor(max)=0.813840 STOP!
2025-03-03 11:30:01,753 P118502 INFO Reduce learning rate on plateau: 0.000001
2025-03-03 11:30:01,753 P118502 INFO ********* Epoch=22 early stop *********
2025-03-03 11:30:01,933 P118502 INFO Training finished.
2025-03-03 11:30:01,933 P118502 INFO Load best model: /home/jupyterhub/jupyter/users/dwen/rec_adult/exp/fix_side_info/scv/checkpoints/Criteo_x4_10_h5/SCV_ada_tf_Criteo_043_2ef75826.model
2025-03-03 11:30:01,972 P118502 INFO ****** Validation evaluation ******
2025-03-03 11:30:17,630 P118502 INFO [Metrics] logloss: 0.437936 - AUC: 0.814025
2025-03-03 11:30:17,820 P118502 INFO ******** Test evaluation ********
2025-03-03 11:30:17,820 P118502 INFO Loading datasets...
2025-03-03 11:30:19,921 P118502 INFO Test samples: total/4584062, blocks/1
2025-03-03 11:30:19,921 P118502 INFO Loading test data done.
2025-03-03 11:30:35,914 P118502 INFO [Metrics] logloss: 0.437566 - AUC: 0.814434
2025-03-03 11:30:35,915 P118502 INFO ******** Remove Model Weights ********
