2025-03-15 01:01:41,642 P141 INFO FuxiCTR version: 2.3.7
2025-03-15 01:01:41,642 P141 INFO Params: {
    "alpha": "0.7",
    "batch_norm": "True",
    "batch_size": "4096",
    "data_format": "csv",
    "data_root": "dataset/",
    "dataset_id": "Criteo_x4_10_h5",
    "debug_mode": "False",
    "distill_loss": "True",
    "early_stop_patience": "2",
    "embedding_dim": "16",
    "embedding_regularizer": "1e-05",
    "epochs": "100",
    "eval_steps": "None",
    "experiment_id": "SCV_light_loca_adadis_Criteo_006_5d6df47d",
    "feature_cols": "[{'active': True, 'dtype': 'float', 'fill_na': 0, 'na_value': 0, 'name': ['I1', 'I2', 'I3', 'I4', 'I5', 'I6', 'I7', 'I8', 'I9', 'I10', 'I11', 'I12', 'I13'], 'preprocess': 'convert_to_bucket', 'type': 'categorical'}, {'active': True, 'dtype': 'str', 'fill_na': '', 'na_value': '', 'name': ['C1', 'C2', 'C3', 'C4', 'C5', 'C6', 'C7', 'C8', 'C9', 'C10', 'C11', 'C12', 'C13', 'C14', 'C15', 'C16', 'C17', 'C18', 'C19', 'C20', 'C21', 'C22', 'C23', 'C24', 'C25', 'C26'], 'type': 'categorical'}]",
    "feature_config": "None",
    "feature_specs": "None",
    "gpu": "0",
    "group_id": "None",
    "label_col": "{'dtype': 'float', 'name': 'Label'}",
    "layer_norm": "True",
    "learning_rate": "0.001",
    "loss": "binary_crossentropy",
    "metrics": "['logloss', 'AUC']",
    "min_categr_count": "10",
    "model": "SCV_light_loca_adadis",
    "model_id": "SCV_light_loca_adadis_Criteo_006_5d6df47d",
    "model_root": "./checkpoints/",
    "monitor": "{'AUC': 1, 'logloss': 0}",
    "monitor_mode": "max",
    "net_dropout": "0.1",
    "net_regularizer": "0",
    "num_hops": "1",
    "num_mask": "4",
    "num_tower": "6",
    "num_workers": "16",
    "optimizer": "adam",
    "pickle_feature_encoder": "True",
    "pooling_method": "attn",
    "save_best_only": "True",
    "scv_dropout": "0.1",
    "seed": "2024",
    "shuffle": "True",
    "subs_origin_loss": "False",
    "task": "binary_classification",
    "test_data": "dataset/Criteo_x4_10_h5/test.csv",
    "train_data": "dataset/Criteo_x4_10_h5/train.csv",
    "use_bilinear_fusion": "True",
    "use_features": "None",
    "valid_data": "dataset/Criteo_x4_10_h5/valid.csv",
    "verbose": "1"
}
2025-03-15 01:01:41,643 P141 INFO Set up feature processor...
2025-03-15 01:01:41,643 P141 WARNING Skip rebuilding dataset/Criteo_x4_10_h5/feature_map.json. Please delete it manually if rebuilding is required.
2025-03-15 01:01:41,643 P141 INFO Load feature_map from json: dataset/Criteo_x4_10_h5/feature_map.json
2025-03-15 01:01:41,643 P141 INFO Set column index...
2025-03-15 01:01:41,643 P141 INFO Feature specs: {
    "C1": "{'source': '', 'type': 'categorical', 'padding_idx': 0, 'vocab_size': 1446}",
    "C10": "{'source': '', 'type': 'categorical', 'padding_idx': 0, 'vocab_size': 39530}",
    "C11": "{'source': '', 'type': 'categorical', 'padding_idx': 0, 'vocab_size': 5131}",
    "C12": "{'source': '', 'type': 'categorical', 'padding_idx': 0, 'vocab_size': 156656}",
    "C13": "{'source': '', 'type': 'categorical', 'padding_idx': 0, 'vocab_size': 3176}",
    "C14": "{'source': '', 'type': 'categorical', 'padding_idx': 0, 'vocab_size': 28}",
    "C15": "{'source': '', 'type': 'categorical', 'padding_idx': 0, 'vocab_size': 11043}",
    "C16": "{'source': '', 'type': 'categorical', 'padding_idx': 0, 'vocab_size': 148913}",
    "C17": "{'source': '', 'type': 'categorical', 'padding_idx': 0, 'vocab_size': 12}",
    "C18": "{'source': '', 'type': 'categorical', 'padding_idx': 0, 'vocab_size': 4560}",
    "C19": "{'source': '', 'type': 'categorical', 'padding_idx': 0, 'vocab_size': 2003}",
    "C2": "{'source': '', 'type': 'categorical', 'padding_idx': 0, 'vocab_size': 554}",
    "C20": "{'source': '', 'type': 'categorical', 'padding_idx': 0, 'vocab_size': 5}",
    "C21": "{'source': '', 'type': 'categorical', 'padding_idx': 0, 'vocab_size': 154564}",
    "C22": "{'source': '', 'type': 'categorical', 'padding_idx': 0, 'vocab_size': 18}",
    "C23": "{'source': '', 'type': 'categorical', 'padding_idx': 0, 'vocab_size': 17}",
    "C24": "{'source': '', 'type': 'categorical', 'padding_idx': 0, 'vocab_size': 53031}",
    "C25": "{'source': '', 'type': 'categorical', 'padding_idx': 0, 'vocab_size': 82}",
    "C26": "{'source': '', 'type': 'categorical', 'padding_idx': 0, 'vocab_size': 40955}",
    "C3": "{'source': '', 'type': 'categorical', 'padding_idx': 0, 'vocab_size': 157339}",
    "C4": "{'source': '', 'type': 'categorical', 'padding_idx': 0, 'vocab_size': 117822}",
    "C5": "{'source': '', 'type': 'categorical', 'padding_idx': 0, 'vocab_size': 306}",
    "C6": "{'source': '', 'type': 'categorical', 'padding_idx': 0, 'vocab_size': 18}",
    "C7": "{'source': '', 'type': 'categorical', 'padding_idx': 0, 'vocab_size': 11882}",
    "C8": "{'source': '', 'type': 'categorical', 'padding_idx': 0, 'vocab_size': 630}",
    "C9": "{'source': '', 'type': 'categorical', 'padding_idx': 0, 'vocab_size': 5}",
    "I1": "{'source': '', 'type': 'categorical', 'padding_idx': 0, 'vocab_size': 44}",
    "I10": "{'source': '', 'type': 'categorical', 'padding_idx': 0, 'vocab_size': 6}",
    "I11": "{'source': '', 'type': 'categorical', 'padding_idx': 0, 'vocab_size': 27}",
    "I12": "{'source': '', 'type': 'categorical', 'padding_idx': 0, 'vocab_size': 37}",
    "I13": "{'source': '', 'type': 'categorical', 'padding_idx': 0, 'vocab_size': 72}",
    "I2": "{'source': '', 'type': 'categorical', 'padding_idx': 0, 'vocab_size': 99}",
    "I3": "{'source': '', 'type': 'categorical', 'padding_idx': 0, 'vocab_size': 122}",
    "I4": "{'source': '', 'type': 'categorical', 'padding_idx': 0, 'vocab_size': 41}",
    "I5": "{'source': '', 'type': 'categorical', 'padding_idx': 0, 'vocab_size': 220}",
    "I6": "{'source': '', 'type': 'categorical', 'padding_idx': 0, 'vocab_size': 112}",
    "I7": "{'source': '', 'type': 'categorical', 'padding_idx': 0, 'vocab_size': 80}",
    "I8": "{'source': '', 'type': 'categorical', 'padding_idx': 0, 'vocab_size': 69}",
    "I9": "{'source': '', 'type': 'categorical', 'padding_idx': 0, 'vocab_size': 92}"
}
2025-03-15 01:01:44,351 P141 INFO Total number of parameters: 666516.
2025-03-15 01:01:44,351 P141 INFO Total number of parameters: 15238468.
2025-03-15 01:01:44,351 P141 INFO Loading datasets...
2025-03-15 01:02:12,065 P141 INFO Train samples: total/36672493, blocks/1
2025-03-15 01:02:14,661 P141 INFO Validation samples: total/4584062, blocks/1
2025-03-15 01:02:14,662 P141 INFO Loading train and validation data done.
2025-03-15 01:02:14,710 P141 INFO Start training: 8954 batches/epoch
2025-03-15 01:02:14,710 P141 INFO ************ Epoch=1 start ************
2025-03-15 01:14:06,545 P141 INFO Train loss: 0.915847
2025-03-15 01:14:06,545 P141 INFO Evaluation @epoch 1 - batch 8954: 
2025-03-15 01:14:35,274 P141 INFO [Metrics] AUC: 0.804697 - logloss: 0.446577
2025-03-15 01:14:35,276 P141 INFO Save best model: monitor(max)=0.804697
2025-03-15 01:14:35,433 P141 INFO ************ Epoch=1 end ************
2025-03-15 01:26:27,881 P141 INFO Train loss: 0.903907
2025-03-15 01:26:27,882 P141 INFO Evaluation @epoch 2 - batch 8954: 
2025-03-15 01:26:55,306 P141 INFO [Metrics] AUC: 0.806958 - logloss: 0.444514
2025-03-15 01:26:55,308 P141 INFO Save best model: monitor(max)=0.806958
2025-03-15 01:26:55,650 P141 INFO ************ Epoch=2 end ************
2025-03-15 01:38:50,361 P141 INFO Train loss: 0.900853
2025-03-15 01:38:50,362 P141 INFO Evaluation @epoch 3 - batch 8954: 
2025-03-15 01:39:13,296 P141 INFO [Metrics] AUC: 0.807914 - logloss: 0.443577
2025-03-15 01:39:13,300 P141 INFO Save best model: monitor(max)=0.807914
2025-03-15 01:39:13,655 P141 INFO ************ Epoch=3 end ************
2025-03-15 01:51:01,417 P141 INFO Train loss: 0.899256
2025-03-15 01:51:01,417 P141 INFO Evaluation @epoch 4 - batch 8954: 
2025-03-15 01:51:24,089 P141 INFO [Metrics] AUC: 0.808341 - logloss: 0.443239
2025-03-15 01:51:24,092 P141 INFO Save best model: monitor(max)=0.808341
2025-03-15 01:51:24,530 P141 INFO ************ Epoch=4 end ************
2025-03-15 02:03:12,088 P141 INFO Train loss: 0.898228
2025-03-15 02:03:12,089 P141 INFO Evaluation @epoch 5 - batch 8954: 
2025-03-15 02:03:34,515 P141 INFO [Metrics] AUC: 0.808931 - logloss: 0.442671
2025-03-15 02:03:34,518 P141 INFO Save best model: monitor(max)=0.808931
2025-03-15 02:03:34,816 P141 INFO ************ Epoch=5 end ************
2025-03-15 02:15:20,254 P141 INFO Train loss: 0.897447
2025-03-15 02:15:20,254 P141 INFO Evaluation @epoch 6 - batch 8954: 
2025-03-15 02:15:46,536 P141 INFO [Metrics] AUC: 0.809283 - logloss: 0.442441
2025-03-15 02:15:46,539 P141 INFO Save best model: monitor(max)=0.809283
2025-03-15 02:15:46,883 P141 INFO ************ Epoch=6 end ************
2025-03-15 02:27:30,013 P141 INFO Train loss: 0.896806
2025-03-15 02:27:30,013 P141 INFO Evaluation @epoch 7 - batch 8954: 
2025-03-15 02:27:56,647 P141 INFO [Metrics] AUC: 0.809627 - logloss: 0.441886
2025-03-15 02:27:56,651 P141 INFO Save best model: monitor(max)=0.809627
2025-03-15 02:27:56,974 P141 INFO ************ Epoch=7 end ************
2025-03-15 02:39:38,939 P141 INFO Train loss: 0.896277
2025-03-15 02:39:38,939 P141 INFO Evaluation @epoch 8 - batch 8954: 
2025-03-15 02:40:05,703 P141 INFO [Metrics] AUC: 0.809831 - logloss: 0.441757
2025-03-15 02:40:05,706 P141 INFO Save best model: monitor(max)=0.809831
2025-03-15 02:40:06,171 P141 INFO ************ Epoch=8 end ************
2025-03-15 02:51:49,046 P141 INFO Train loss: 0.895859
2025-03-15 02:51:49,047 P141 INFO Evaluation @epoch 9 - batch 8954: 
2025-03-15 02:52:16,108 P141 INFO [Metrics] AUC: 0.809996 - logloss: 0.441625
2025-03-15 02:52:16,112 P141 INFO Save best model: monitor(max)=0.809996
2025-03-15 02:52:16,456 P141 INFO ************ Epoch=9 end ************
2025-03-15 03:03:58,308 P141 INFO Train loss: 0.895506
2025-03-15 03:03:58,308 P141 INFO Evaluation @epoch 10 - batch 8954: 
2025-03-15 03:04:24,197 P141 INFO [Metrics] AUC: 0.810113 - logloss: 0.441608
2025-03-15 03:04:24,201 P141 INFO Save best model: monitor(max)=0.810113
2025-03-15 03:04:24,759 P141 INFO ************ Epoch=10 end ************
2025-03-15 03:16:06,832 P141 INFO Train loss: 0.895177
2025-03-15 03:16:06,832 P141 INFO Evaluation @epoch 11 - batch 8954: 
2025-03-15 03:16:36,753 P141 INFO [Metrics] AUC: 0.810114 - logloss: 0.441447
2025-03-15 03:16:36,757 P141 INFO Monitor(max)=0.810114 STOP!
2025-03-15 03:16:36,757 P141 INFO Reduce learning rate on plateau: 0.000100
2025-03-15 03:16:36,939 P141 INFO ************ Epoch=11 end ************
2025-03-15 03:28:18,492 P141 INFO Train loss: 0.879060
2025-03-15 03:28:18,493 P141 INFO Evaluation @epoch 12 - batch 8954: 
2025-03-15 03:28:49,189 P141 INFO [Metrics] AUC: 0.813545 - logloss: 0.438280
2025-03-15 03:28:49,191 P141 INFO Save best model: monitor(max)=0.813545
2025-03-15 03:28:49,723 P141 INFO ************ Epoch=12 end ************
2025-03-15 03:40:29,376 P141 INFO Train loss: 0.872734
2025-03-15 03:40:29,376 P141 INFO Evaluation @epoch 13 - batch 8954: 
2025-03-15 03:41:05,465 P141 INFO [Metrics] AUC: 0.814086 - logloss: 0.437786
2025-03-15 03:41:05,470 P141 INFO Save best model: monitor(max)=0.814086
2025-03-15 03:41:05,774 P141 INFO ************ Epoch=13 end ************
2025-03-15 03:52:42,865 P141 INFO Train loss: 0.869716
2025-03-15 03:52:42,865 P141 INFO Evaluation @epoch 14 - batch 8954: 
2025-03-15 03:53:22,028 P141 INFO [Metrics] AUC: 0.814324 - logloss: 0.437638
2025-03-15 03:53:22,031 P141 INFO Save best model: monitor(max)=0.814324
2025-03-15 03:53:22,375 P141 INFO ************ Epoch=14 end ************
2025-03-15 04:04:55,743 P141 INFO Train loss: 0.867417
2025-03-15 04:04:55,744 P141 INFO Evaluation @epoch 15 - batch 8954: 
2025-03-15 04:05:36,093 P141 INFO [Metrics] AUC: 0.814325 - logloss: 0.437623
2025-03-15 04:05:36,095 P141 INFO Monitor(max)=0.814325 STOP!
2025-03-15 04:05:36,095 P141 INFO Reduce learning rate on plateau: 0.000010
2025-03-15 04:05:36,241 P141 INFO ************ Epoch=15 end ************
2025-03-15 04:17:10,438 P141 INFO Train loss: 0.860947
2025-03-15 04:17:10,439 P141 INFO Evaluation @epoch 16 - batch 8954: 
2025-03-15 04:17:50,863 P141 INFO [Metrics] AUC: 0.814103 - logloss: 0.438092
2025-03-15 04:17:50,867 P141 INFO Monitor(max)=0.814103 STOP!
2025-03-15 04:17:50,867 P141 INFO Reduce learning rate on plateau: 0.000001
2025-03-15 04:17:50,867 P141 INFO ********* Epoch=16 early stop *********
2025-03-15 04:17:50,998 P141 INFO Training finished.
2025-03-15 04:17:50,998 P141 INFO Load best model: /home/jupyterhub/jupyter/users/dwen/rec_adult/exp/fix_side_info/scv/checkpoints/Criteo_x4_10_h5/SCV_light_loca_adadis_Criteo_006_5d6df47d.model
2025-03-15 04:17:51,079 P141 INFO ****** Validation evaluation ******
2025-03-15 04:18:30,872 P141 INFO [Metrics] logloss: 0.437638 - AUC: 0.814324
2025-03-15 04:18:31,029 P141 INFO ******** Test evaluation ********
2025-03-15 04:18:31,029 P141 INFO Loading datasets...
2025-03-15 04:18:33,053 P141 INFO Test samples: total/4584062, blocks/1
2025-03-15 04:18:33,053 P141 INFO Loading test data done.
2025-03-15 04:19:11,997 P141 INFO [Metrics] logloss: 0.437317 - AUC: 0.814705
2025-03-15 04:19:11,999 P141 INFO ******** Remove Model Weights ********
