2025-03-03 16:45:57,606 P95680 INFO FuxiCTR version: 2.3.7
2025-03-03 16:45:57,606 P95680 INFO Params: {
    "alpha": "0.7",
    "batch_norm": "True",
    "batch_size": "4096",
    "data_format": "csv",
    "data_root": "dataset/",
    "dataset_id": "Criteo_x4_10_h5",
    "debug_mode": "False",
    "distill_loss": "True",
    "early_stop_patience": "2",
    "embedding_dim": "16",
    "embedding_regularizer": "1e-05",
    "epochs": "100",
    "eval_steps": "None",
    "experiment_id": "SCV_ada_tf_Criteo_007_4eb664dc",
    "feature_cols": "[{'active': True, 'dtype': 'float', 'fill_na': 0, 'na_value': 0, 'name': ['I1', 'I2', 'I3', 'I4', 'I5', 'I6', 'I7', 'I8', 'I9', 'I10', 'I11', 'I12', 'I13'], 'preprocess': 'convert_to_bucket', 'type': 'categorical'}, {'active': True, 'dtype': 'str', 'fill_na': '', 'na_value': '', 'name': ['C1', 'C2', 'C3', 'C4', 'C5', 'C6', 'C7', 'C8', 'C9', 'C10', 'C11', 'C12', 'C13', 'C14', 'C15', 'C16', 'C17', 'C18', 'C19', 'C20', 'C21', 'C22', 'C23', 'C24', 'C25', 'C26'], 'type': 'categorical'}]",
    "feature_config": "None",
    "feature_specs": "None",
    "gpu": "0",
    "group_id": "None",
    "label_col": "{'dtype': 'float', 'name': 'Label'}",
    "layer_norm": "True",
    "learning_rate": "0.001",
    "loss": "binary_crossentropy",
    "metrics": "['logloss', 'AUC']",
    "min_categr_count": "10",
    "model": "SCV_ada_tf",
    "model_id": "SCV_ada_tf_Criteo_007_4eb664dc",
    "model_root": "./checkpoints/",
    "monitor": "{'AUC': 1, 'logloss': 0}",
    "monitor_mode": "max",
    "net_dropout": "0",
    "net_regularizer": "0",
    "num_hops": "1",
    "num_mask": "4",
    "num_tower": "4",
    "num_workers": "16",
    "optimizer": "adam",
    "pickle_feature_encoder": "True",
    "pooling_method": "attn",
    "save_best_only": "True",
    "seed": "2024",
    "shuffle": "True",
    "task": "binary_classification",
    "test_data": "dataset/Criteo_x4_10_h5/test.csv",
    "train_data": "dataset/Criteo_x4_10_h5/train.csv",
    "use_bilinear_fusion": "True",
    "use_features": "None",
    "valid_data": "dataset/Criteo_x4_10_h5/valid.csv",
    "verbose": "1"
}
2025-03-03 16:45:57,607 P95680 INFO Set up feature processor...
2025-03-03 16:45:57,607 P95680 WARNING Skip rebuilding dataset/Criteo_x4_10_h5/feature_map.json. Please delete it manually if rebuilding is required.
2025-03-03 16:45:57,607 P95680 INFO Load feature_map from json: dataset/Criteo_x4_10_h5/feature_map.json
2025-03-03 16:45:57,607 P95680 INFO Set column index...
2025-03-03 16:45:57,607 P95680 INFO Feature specs: {
    "C1": "{'source': '', 'type': 'categorical', 'padding_idx': 0, 'vocab_size': 1446}",
    "C10": "{'source': '', 'type': 'categorical', 'padding_idx': 0, 'vocab_size': 39530}",
    "C11": "{'source': '', 'type': 'categorical', 'padding_idx': 0, 'vocab_size': 5131}",
    "C12": "{'source': '', 'type': 'categorical', 'padding_idx': 0, 'vocab_size': 156656}",
    "C13": "{'source': '', 'type': 'categorical', 'padding_idx': 0, 'vocab_size': 3176}",
    "C14": "{'source': '', 'type': 'categorical', 'padding_idx': 0, 'vocab_size': 28}",
    "C15": "{'source': '', 'type': 'categorical', 'padding_idx': 0, 'vocab_size': 11043}",
    "C16": "{'source': '', 'type': 'categorical', 'padding_idx': 0, 'vocab_size': 148913}",
    "C17": "{'source': '', 'type': 'categorical', 'padding_idx': 0, 'vocab_size': 12}",
    "C18": "{'source': '', 'type': 'categorical', 'padding_idx': 0, 'vocab_size': 4560}",
    "C19": "{'source': '', 'type': 'categorical', 'padding_idx': 0, 'vocab_size': 2003}",
    "C2": "{'source': '', 'type': 'categorical', 'padding_idx': 0, 'vocab_size': 554}",
    "C20": "{'source': '', 'type': 'categorical', 'padding_idx': 0, 'vocab_size': 5}",
    "C21": "{'source': '', 'type': 'categorical', 'padding_idx': 0, 'vocab_size': 154564}",
    "C22": "{'source': '', 'type': 'categorical', 'padding_idx': 0, 'vocab_size': 18}",
    "C23": "{'source': '', 'type': 'categorical', 'padding_idx': 0, 'vocab_size': 17}",
    "C24": "{'source': '', 'type': 'categorical', 'padding_idx': 0, 'vocab_size': 53031}",
    "C25": "{'source': '', 'type': 'categorical', 'padding_idx': 0, 'vocab_size': 82}",
    "C26": "{'source': '', 'type': 'categorical', 'padding_idx': 0, 'vocab_size': 40955}",
    "C3": "{'source': '', 'type': 'categorical', 'padding_idx': 0, 'vocab_size': 157339}",
    "C4": "{'source': '', 'type': 'categorical', 'padding_idx': 0, 'vocab_size': 117822}",
    "C5": "{'source': '', 'type': 'categorical', 'padding_idx': 0, 'vocab_size': 306}",
    "C6": "{'source': '', 'type': 'categorical', 'padding_idx': 0, 'vocab_size': 18}",
    "C7": "{'source': '', 'type': 'categorical', 'padding_idx': 0, 'vocab_size': 11882}",
    "C8": "{'source': '', 'type': 'categorical', 'padding_idx': 0, 'vocab_size': 630}",
    "C9": "{'source': '', 'type': 'categorical', 'padding_idx': 0, 'vocab_size': 5}",
    "I1": "{'source': '', 'type': 'categorical', 'padding_idx': 0, 'vocab_size': 44}",
    "I10": "{'source': '', 'type': 'categorical', 'padding_idx': 0, 'vocab_size': 6}",
    "I11": "{'source': '', 'type': 'categorical', 'padding_idx': 0, 'vocab_size': 27}",
    "I12": "{'source': '', 'type': 'categorical', 'padding_idx': 0, 'vocab_size': 37}",
    "I13": "{'source': '', 'type': 'categorical', 'padding_idx': 0, 'vocab_size': 72}",
    "I2": "{'source': '', 'type': 'categorical', 'padding_idx': 0, 'vocab_size': 99}",
    "I3": "{'source': '', 'type': 'categorical', 'padding_idx': 0, 'vocab_size': 122}",
    "I4": "{'source': '', 'type': 'categorical', 'padding_idx': 0, 'vocab_size': 41}",
    "I5": "{'source': '', 'type': 'categorical', 'padding_idx': 0, 'vocab_size': 220}",
    "I6": "{'source': '', 'type': 'categorical', 'padding_idx': 0, 'vocab_size': 112}",
    "I7": "{'source': '', 'type': 'categorical', 'padding_idx': 0, 'vocab_size': 80}",
    "I8": "{'source': '', 'type': 'categorical', 'padding_idx': 0, 'vocab_size': 69}",
    "I9": "{'source': '', 'type': 'categorical', 'padding_idx': 0, 'vocab_size': 92}"
}
2025-03-03 16:45:59,826 P95680 INFO Total number of parameters: 640400.
2025-03-03 16:45:59,827 P95680 INFO Total number of parameters: 15212352.
2025-03-03 16:45:59,827 P95680 INFO Loading datasets...
2025-03-03 16:46:20,195 P95680 INFO Train samples: total/36672493, blocks/1
2025-03-03 16:46:21,691 P95680 INFO Validation samples: total/4584062, blocks/1
2025-03-03 16:46:21,691 P95680 INFO Loading train and validation data done.
2025-03-03 16:46:21,692 P95680 INFO Start training: 8954 batches/epoch
2025-03-03 16:46:21,692 P95680 INFO ************ Epoch=1 start ************
2025-03-03 16:51:25,341 P95680 INFO Train loss: 2.728392
2025-03-03 16:51:25,342 P95680 INFO Evaluation @epoch 1 - batch 8954: 
2025-03-03 16:51:41,582 P95680 INFO [Metrics] AUC: 0.805142 - logloss: 0.446182
2025-03-03 16:51:41,583 P95680 INFO Save best model: monitor(max)=0.805142
2025-03-03 16:51:41,750 P95680 INFO ************ Epoch=1 end ************
2025-03-03 16:56:44,250 P95680 INFO Train loss: 2.688970
2025-03-03 16:56:44,250 P95680 INFO Evaluation @epoch 2 - batch 8954: 
2025-03-03 16:56:59,035 P95680 INFO [Metrics] AUC: 0.807704 - logloss: 0.443676
2025-03-03 16:56:59,036 P95680 INFO Save best model: monitor(max)=0.807704
2025-03-03 16:56:59,230 P95680 INFO ************ Epoch=2 end ************
2025-03-03 17:02:00,297 P95680 INFO Train loss: 2.678051
2025-03-03 17:02:00,297 P95680 INFO Evaluation @epoch 3 - batch 8954: 
2025-03-03 17:02:14,068 P95680 INFO [Metrics] AUC: 0.809046 - logloss: 0.442488
2025-03-03 17:02:14,070 P95680 INFO Save best model: monitor(max)=0.809046
2025-03-03 17:02:14,334 P95680 INFO ************ Epoch=3 end ************
2025-03-03 17:07:15,756 P95680 INFO Train loss: 2.672961
2025-03-03 17:07:15,756 P95680 INFO Evaluation @epoch 4 - batch 8954: 
2025-03-03 17:07:29,936 P95680 INFO [Metrics] AUC: 0.809807 - logloss: 0.441785
2025-03-03 17:07:29,938 P95680 INFO Save best model: monitor(max)=0.809807
2025-03-03 17:07:30,151 P95680 INFO ************ Epoch=4 end ************
2025-03-03 17:12:31,645 P95680 INFO Train loss: 2.669332
2025-03-03 17:12:31,646 P95680 INFO Evaluation @epoch 5 - batch 8954: 
2025-03-03 17:12:45,646 P95680 INFO [Metrics] AUC: 0.810168 - logloss: 0.441378
2025-03-03 17:12:45,650 P95680 INFO Save best model: monitor(max)=0.810168
2025-03-03 17:12:45,864 P95680 INFO ************ Epoch=5 end ************
2025-03-03 17:17:47,230 P95680 INFO Train loss: 2.666828
2025-03-03 17:17:47,231 P95680 INFO Evaluation @epoch 6 - batch 8954: 
2025-03-03 17:18:01,611 P95680 INFO [Metrics] AUC: 0.810544 - logloss: 0.441149
2025-03-03 17:18:01,615 P95680 INFO Save best model: monitor(max)=0.810544
2025-03-03 17:18:01,856 P95680 INFO ************ Epoch=6 end ************
2025-03-03 17:23:04,005 P95680 INFO Train loss: 2.664765
2025-03-03 17:23:04,005 P95680 INFO Evaluation @epoch 7 - batch 8954: 
2025-03-03 17:23:18,681 P95680 INFO [Metrics] AUC: 0.810676 - logloss: 0.440990
2025-03-03 17:23:18,683 P95680 INFO Save best model: monitor(max)=0.810676
2025-03-03 17:23:18,894 P95680 INFO ************ Epoch=7 end ************
2025-03-03 17:28:18,695 P95680 INFO Train loss: 2.663092
2025-03-03 17:28:18,696 P95680 INFO Evaluation @epoch 8 - batch 8954: 
2025-03-03 17:28:33,030 P95680 INFO [Metrics] AUC: 0.810873 - logloss: 0.440768
2025-03-03 17:28:33,035 P95680 INFO Save best model: monitor(max)=0.810873
2025-03-03 17:28:33,294 P95680 INFO ************ Epoch=8 end ************
2025-03-03 17:33:33,828 P95680 INFO Train loss: 2.661710
2025-03-03 17:33:33,829 P95680 INFO Evaluation @epoch 9 - batch 8954: 
2025-03-03 17:33:49,092 P95680 INFO [Metrics] AUC: 0.810770 - logloss: 0.440801
2025-03-03 17:33:49,095 P95680 INFO Monitor(max)=0.810770 STOP!
2025-03-03 17:33:49,095 P95680 INFO Reduce learning rate on plateau: 0.000100
2025-03-03 17:33:49,252 P95680 INFO ************ Epoch=9 end ************
2025-03-03 17:38:50,477 P95680 INFO Train loss: 2.618865
2025-03-03 17:38:50,478 P95680 INFO Evaluation @epoch 10 - batch 8954: 
2025-03-03 17:39:05,361 P95680 INFO [Metrics] AUC: 0.813175 - logloss: 0.438742
2025-03-03 17:39:05,363 P95680 INFO Save best model: monitor(max)=0.813175
2025-03-03 17:39:05,590 P95680 INFO ************ Epoch=10 end ************
2025-03-03 17:44:07,813 P95680 INFO Train loss: 2.604470
2025-03-03 17:44:07,814 P95680 INFO Evaluation @epoch 11 - batch 8954: 
2025-03-03 17:44:21,509 P95680 INFO [Metrics] AUC: 0.813327 - logloss: 0.438794
2025-03-03 17:44:21,513 P95680 INFO Save best model: monitor(max)=0.813327
2025-03-03 17:44:21,739 P95680 INFO ************ Epoch=11 end ************
2025-03-03 17:49:24,026 P95680 INFO Train loss: 2.596657
2025-03-03 17:49:24,027 P95680 INFO Evaluation @epoch 12 - batch 8954: 
2025-03-03 17:49:39,315 P95680 INFO [Metrics] AUC: 0.813238 - logloss: 0.438903
2025-03-03 17:49:39,319 P95680 INFO Monitor(max)=0.813238 STOP!
2025-03-03 17:49:39,319 P95680 INFO Reduce learning rate on plateau: 0.000010
2025-03-03 17:49:39,465 P95680 INFO ************ Epoch=12 end ************
2025-03-03 17:54:40,918 P95680 INFO Train loss: 2.580201
2025-03-03 17:54:40,919 P95680 INFO Evaluation @epoch 13 - batch 8954: 
2025-03-03 17:54:56,738 P95680 INFO [Metrics] AUC: 0.812891 - logloss: 0.439507
2025-03-03 17:54:56,740 P95680 INFO Monitor(max)=0.812891 STOP!
2025-03-03 17:54:56,740 P95680 INFO Reduce learning rate on plateau: 0.000001
2025-03-03 17:54:56,740 P95680 INFO ********* Epoch=13 early stop *********
2025-03-03 17:54:56,864 P95680 INFO Training finished.
2025-03-03 17:54:56,864 P95680 INFO Load best model: /home/jupyterhub/jupyter/users/dwen/rec_adult/exp/fix_side_info/scv/checkpoints/Criteo_x4_10_h5/SCV_ada_tf_Criteo_007_4eb664dc.model
2025-03-03 17:54:56,900 P95680 INFO ****** Validation evaluation ******
2025-03-03 17:55:11,260 P95680 INFO [Metrics] logloss: 0.438794 - AUC: 0.813327
2025-03-03 17:55:11,410 P95680 INFO ******** Test evaluation ********
2025-03-03 17:55:11,411 P95680 INFO Loading datasets...
2025-03-03 17:55:12,917 P95680 INFO Test samples: total/4584062, blocks/1
2025-03-03 17:55:12,917 P95680 INFO Loading test data done.
2025-03-03 17:55:26,484 P95680 INFO [Metrics] logloss: 0.438484 - AUC: 0.813672
2025-03-03 17:55:26,485 P95680 INFO ******** Remove Model Weights ********
