2025-03-03 15:04:36,742 P9696 INFO FuxiCTR version: 2.3.7
2025-03-03 15:04:36,742 P9696 INFO Params: {
    "alpha": "0.9",
    "batch_norm": "True",
    "batch_size": "4096",
    "data_format": "csv",
    "data_root": "dataset/",
    "dataset_id": "Criteo_x4_10_h5",
    "debug_mode": "False",
    "distill_loss": "True",
    "early_stop_patience": "2",
    "embedding_dim": "16",
    "embedding_regularizer": "1e-05",
    "epochs": "100",
    "eval_steps": "None",
    "experiment_id": "SCV_ada_tf_Criteo_037_aa5c6040",
    "feature_cols": "[{'active': True, 'dtype': 'float', 'fill_na': 0, 'na_value': 0, 'name': ['I1', 'I2', 'I3', 'I4', 'I5', 'I6', 'I7', 'I8', 'I9', 'I10', 'I11', 'I12', 'I13'], 'preprocess': 'convert_to_bucket', 'type': 'categorical'}, {'active': True, 'dtype': 'str', 'fill_na': '', 'na_value': '', 'name': ['C1', 'C2', 'C3', 'C4', 'C5', 'C6', 'C7', 'C8', 'C9', 'C10', 'C11', 'C12', 'C13', 'C14', 'C15', 'C16', 'C17', 'C18', 'C19', 'C20', 'C21', 'C22', 'C23', 'C24', 'C25', 'C26'], 'type': 'categorical'}]",
    "feature_config": "None",
    "feature_specs": "None",
    "gpu": "0",
    "group_id": "None",
    "label_col": "{'dtype': 'float', 'name': 'Label'}",
    "layer_norm": "True",
    "learning_rate": "0.001",
    "loss": "binary_crossentropy",
    "metrics": "['logloss', 'AUC']",
    "min_categr_count": "10",
    "model": "SCV_ada_tf",
    "model_id": "SCV_ada_tf_Criteo_037_aa5c6040",
    "model_root": "./checkpoints/",
    "monitor": "{'AUC': 1, 'logloss': 0}",
    "monitor_mode": "max",
    "net_dropout": "0.1",
    "net_regularizer": "0",
    "num_hops": "1",
    "num_mask": "4",
    "num_tower": "5",
    "num_workers": "16",
    "optimizer": "adam",
    "pickle_feature_encoder": "True",
    "pooling_method": "attn",
    "save_best_only": "True",
    "seed": "2024",
    "shuffle": "True",
    "task": "binary_classification",
    "test_data": "dataset/Criteo_x4_10_h5/test.csv",
    "train_data": "dataset/Criteo_x4_10_h5/train.csv",
    "use_bilinear_fusion": "True",
    "use_features": "None",
    "valid_data": "dataset/Criteo_x4_10_h5/valid.csv",
    "verbose": "1"
}
2025-03-03 15:04:36,742 P9696 INFO Set up feature processor...
2025-03-03 15:04:36,743 P9696 WARNING Skip rebuilding dataset/Criteo_x4_10_h5/feature_map.json. Please delete it manually if rebuilding is required.
2025-03-03 15:04:36,743 P9696 INFO Load feature_map from json: dataset/Criteo_x4_10_h5/feature_map.json
2025-03-03 15:04:36,743 P9696 INFO Set column index...
2025-03-03 15:04:36,743 P9696 INFO Feature specs: {
    "C1": "{'source': '', 'type': 'categorical', 'padding_idx': 0, 'vocab_size': 1446}",
    "C10": "{'source': '', 'type': 'categorical', 'padding_idx': 0, 'vocab_size': 39530}",
    "C11": "{'source': '', 'type': 'categorical', 'padding_idx': 0, 'vocab_size': 5131}",
    "C12": "{'source': '', 'type': 'categorical', 'padding_idx': 0, 'vocab_size': 156656}",
    "C13": "{'source': '', 'type': 'categorical', 'padding_idx': 0, 'vocab_size': 3176}",
    "C14": "{'source': '', 'type': 'categorical', 'padding_idx': 0, 'vocab_size': 28}",
    "C15": "{'source': '', 'type': 'categorical', 'padding_idx': 0, 'vocab_size': 11043}",
    "C16": "{'source': '', 'type': 'categorical', 'padding_idx': 0, 'vocab_size': 148913}",
    "C17": "{'source': '', 'type': 'categorical', 'padding_idx': 0, 'vocab_size': 12}",
    "C18": "{'source': '', 'type': 'categorical', 'padding_idx': 0, 'vocab_size': 4560}",
    "C19": "{'source': '', 'type': 'categorical', 'padding_idx': 0, 'vocab_size': 2003}",
    "C2": "{'source': '', 'type': 'categorical', 'padding_idx': 0, 'vocab_size': 554}",
    "C20": "{'source': '', 'type': 'categorical', 'padding_idx': 0, 'vocab_size': 5}",
    "C21": "{'source': '', 'type': 'categorical', 'padding_idx': 0, 'vocab_size': 154564}",
    "C22": "{'source': '', 'type': 'categorical', 'padding_idx': 0, 'vocab_size': 18}",
    "C23": "{'source': '', 'type': 'categorical', 'padding_idx': 0, 'vocab_size': 17}",
    "C24": "{'source': '', 'type': 'categorical', 'padding_idx': 0, 'vocab_size': 53031}",
    "C25": "{'source': '', 'type': 'categorical', 'padding_idx': 0, 'vocab_size': 82}",
    "C26": "{'source': '', 'type': 'categorical', 'padding_idx': 0, 'vocab_size': 40955}",
    "C3": "{'source': '', 'type': 'categorical', 'padding_idx': 0, 'vocab_size': 157339}",
    "C4": "{'source': '', 'type': 'categorical', 'padding_idx': 0, 'vocab_size': 117822}",
    "C5": "{'source': '', 'type': 'categorical', 'padding_idx': 0, 'vocab_size': 306}",
    "C6": "{'source': '', 'type': 'categorical', 'padding_idx': 0, 'vocab_size': 18}",
    "C7": "{'source': '', 'type': 'categorical', 'padding_idx': 0, 'vocab_size': 11882}",
    "C8": "{'source': '', 'type': 'categorical', 'padding_idx': 0, 'vocab_size': 630}",
    "C9": "{'source': '', 'type': 'categorical', 'padding_idx': 0, 'vocab_size': 5}",
    "I1": "{'source': '', 'type': 'categorical', 'padding_idx': 0, 'vocab_size': 44}",
    "I10": "{'source': '', 'type': 'categorical', 'padding_idx': 0, 'vocab_size': 6}",
    "I11": "{'source': '', 'type': 'categorical', 'padding_idx': 0, 'vocab_size': 27}",
    "I12": "{'source': '', 'type': 'categorical', 'padding_idx': 0, 'vocab_size': 37}",
    "I13": "{'source': '', 'type': 'categorical', 'padding_idx': 0, 'vocab_size': 72}",
    "I2": "{'source': '', 'type': 'categorical', 'padding_idx': 0, 'vocab_size': 99}",
    "I3": "{'source': '', 'type': 'categorical', 'padding_idx': 0, 'vocab_size': 122}",
    "I4": "{'source': '', 'type': 'categorical', 'padding_idx': 0, 'vocab_size': 41}",
    "I5": "{'source': '', 'type': 'categorical', 'padding_idx': 0, 'vocab_size': 220}",
    "I6": "{'source': '', 'type': 'categorical', 'padding_idx': 0, 'vocab_size': 112}",
    "I7": "{'source': '', 'type': 'categorical', 'padding_idx': 0, 'vocab_size': 80}",
    "I8": "{'source': '', 'type': 'categorical', 'padding_idx': 0, 'vocab_size': 69}",
    "I9": "{'source': '', 'type': 'categorical', 'padding_idx': 0, 'vocab_size': 92}"
}
2025-03-03 15:04:38,575 P9696 INFO Total number of parameters: 650758.
2025-03-03 15:04:38,575 P9696 INFO Total number of parameters: 15222710.
2025-03-03 15:04:38,575 P9696 INFO Loading datasets...
2025-03-03 15:04:55,899 P9696 INFO Train samples: total/36672493, blocks/1
2025-03-03 15:04:57,430 P9696 INFO Validation samples: total/4584062, blocks/1
2025-03-03 15:04:57,430 P9696 INFO Loading train and validation data done.
2025-03-03 15:04:57,431 P9696 INFO Start training: 8954 batches/epoch
2025-03-03 15:04:57,431 P9696 INFO ************ Epoch=1 start ************
2025-03-03 15:10:02,408 P9696 INFO Train loss: 3.199893
2025-03-03 15:10:02,408 P9696 INFO Evaluation @epoch 1 - batch 8954: 
2025-03-03 15:10:16,309 P9696 INFO [Metrics] AUC: 0.803386 - logloss: 0.447669
2025-03-03 15:10:16,310 P9696 INFO Save best model: monitor(max)=0.803386
2025-03-03 15:10:16,467 P9696 INFO ************ Epoch=1 end ************
2025-03-03 15:15:22,191 P9696 INFO Train loss: 3.151892
2025-03-03 15:15:22,191 P9696 INFO Evaluation @epoch 2 - batch 8954: 
2025-03-03 15:15:39,214 P9696 INFO [Metrics] AUC: 0.806090 - logloss: 0.445310
2025-03-03 15:15:39,217 P9696 INFO Save best model: monitor(max)=0.806090
2025-03-03 15:15:39,417 P9696 INFO ************ Epoch=2 end ************
2025-03-03 15:20:45,147 P9696 INFO Train loss: 3.140057
2025-03-03 15:20:45,148 P9696 INFO Evaluation @epoch 3 - batch 8954: 
2025-03-03 15:20:59,189 P9696 INFO [Metrics] AUC: 0.807243 - logloss: 0.444114
2025-03-03 15:20:59,190 P9696 INFO Save best model: monitor(max)=0.807243
2025-03-03 15:20:59,393 P9696 INFO ************ Epoch=3 end ************
2025-03-03 15:26:02,042 P9696 INFO Train loss: 3.134610
2025-03-03 15:26:02,042 P9696 INFO Evaluation @epoch 4 - batch 8954: 
2025-03-03 15:26:18,377 P9696 INFO [Metrics] AUC: 0.807913 - logloss: 0.443569
2025-03-03 15:26:18,379 P9696 INFO Save best model: monitor(max)=0.807913
2025-03-03 15:26:18,565 P9696 INFO ************ Epoch=4 end ************
2025-03-03 15:31:20,278 P9696 INFO Train loss: 3.131386
2025-03-03 15:31:20,278 P9696 INFO Evaluation @epoch 5 - batch 8954: 
2025-03-03 15:31:34,564 P9696 INFO [Metrics] AUC: 0.808313 - logloss: 0.443092
2025-03-03 15:31:34,567 P9696 INFO Save best model: monitor(max)=0.808313
2025-03-03 15:31:34,773 P9696 INFO ************ Epoch=5 end ************
2025-03-03 15:36:37,281 P9696 INFO Train loss: 3.128836
2025-03-03 15:36:37,281 P9696 INFO Evaluation @epoch 6 - batch 8954: 
2025-03-03 15:36:51,484 P9696 INFO [Metrics] AUC: 0.808825 - logloss: 0.442604
2025-03-03 15:36:51,487 P9696 INFO Save best model: monitor(max)=0.808825
2025-03-03 15:36:51,698 P9696 INFO ************ Epoch=6 end ************
2025-03-03 15:41:50,452 P9696 INFO Train loss: 3.126870
2025-03-03 15:41:50,452 P9696 INFO Evaluation @epoch 7 - batch 8954: 
2025-03-03 15:42:05,269 P9696 INFO [Metrics] AUC: 0.809118 - logloss: 0.442381
2025-03-03 15:42:05,272 P9696 INFO Save best model: monitor(max)=0.809118
2025-03-03 15:42:05,474 P9696 INFO ************ Epoch=7 end ************
2025-03-03 15:47:05,992 P9696 INFO Train loss: 3.125354
2025-03-03 15:47:05,993 P9696 INFO Evaluation @epoch 8 - batch 8954: 
2025-03-03 15:47:19,372 P9696 INFO [Metrics] AUC: 0.809311 - logloss: 0.442138
2025-03-03 15:47:19,378 P9696 INFO Save best model: monitor(max)=0.809311
2025-03-03 15:47:19,595 P9696 INFO ************ Epoch=8 end ************
2025-03-03 15:52:22,833 P9696 INFO Train loss: 3.124119
2025-03-03 15:52:22,834 P9696 INFO Evaluation @epoch 9 - batch 8954: 
2025-03-03 15:52:37,080 P9696 INFO [Metrics] AUC: 0.809423 - logloss: 0.442138
2025-03-03 15:52:37,083 P9696 INFO Save best model: monitor(max)=0.809423
2025-03-03 15:52:37,282 P9696 INFO ************ Epoch=9 end ************
2025-03-03 15:57:37,140 P9696 INFO Train loss: 3.123009
2025-03-03 15:57:37,141 P9696 INFO Evaluation @epoch 10 - batch 8954: 
2025-03-03 15:57:51,318 P9696 INFO [Metrics] AUC: 0.809640 - logloss: 0.442106
2025-03-03 15:57:51,321 P9696 INFO Save best model: monitor(max)=0.809640
2025-03-03 15:57:51,510 P9696 INFO ************ Epoch=10 end ************
2025-03-03 16:02:49,528 P9696 INFO Train loss: 3.121986
2025-03-03 16:02:49,529 P9696 INFO Evaluation @epoch 11 - batch 8954: 
2025-03-03 16:03:03,819 P9696 INFO [Metrics] AUC: 0.809840 - logloss: 0.441737
2025-03-03 16:03:03,821 P9696 INFO Save best model: monitor(max)=0.809840
2025-03-03 16:03:04,017 P9696 INFO ************ Epoch=11 end ************
2025-03-03 16:08:09,055 P9696 INFO Train loss: 3.121134
2025-03-03 16:08:09,056 P9696 INFO Evaluation @epoch 12 - batch 8954: 
2025-03-03 16:08:23,498 P9696 INFO [Metrics] AUC: 0.809806 - logloss: 0.441709
2025-03-03 16:08:23,502 P9696 INFO Monitor(max)=0.809806 STOP!
2025-03-03 16:08:23,502 P9696 INFO Reduce learning rate on plateau: 0.000100
2025-03-03 16:08:23,640 P9696 INFO ************ Epoch=12 end ************
2025-03-03 16:13:28,128 P9696 INFO Train loss: 3.080432
2025-03-03 16:13:28,128 P9696 INFO Evaluation @epoch 13 - batch 8954: 
2025-03-03 16:13:44,037 P9696 INFO [Metrics] AUC: 0.812909 - logloss: 0.438850
2025-03-03 16:13:44,040 P9696 INFO Save best model: monitor(max)=0.812909
2025-03-03 16:13:44,240 P9696 INFO ************ Epoch=13 end ************
2025-03-03 16:18:45,104 P9696 INFO Train loss: 3.066442
2025-03-03 16:18:45,105 P9696 INFO Evaluation @epoch 14 - batch 8954: 
2025-03-03 16:18:59,652 P9696 INFO [Metrics] AUC: 0.813426 - logloss: 0.438448
2025-03-03 16:18:59,655 P9696 INFO Save best model: monitor(max)=0.813426
2025-03-03 16:18:59,845 P9696 INFO ************ Epoch=14 end ************
2025-03-03 16:24:01,449 P9696 INFO Train loss: 3.059153
2025-03-03 16:24:01,449 P9696 INFO Evaluation @epoch 15 - batch 8954: 
2025-03-03 16:24:14,928 P9696 INFO [Metrics] AUC: 0.813672 - logloss: 0.438213
2025-03-03 16:24:14,931 P9696 INFO Save best model: monitor(max)=0.813672
2025-03-03 16:24:15,124 P9696 INFO ************ Epoch=15 end ************
2025-03-03 16:29:19,149 P9696 INFO Train loss: 3.053673
2025-03-03 16:29:19,149 P9696 INFO Evaluation @epoch 16 - batch 8954: 
2025-03-03 16:29:34,579 P9696 INFO [Metrics] AUC: 0.813748 - logloss: 0.438100
2025-03-03 16:29:34,583 P9696 INFO Save best model: monitor(max)=0.813748
2025-03-03 16:29:34,794 P9696 INFO ************ Epoch=16 end ************
2025-03-03 16:34:35,229 P9696 INFO Train loss: 3.048729
2025-03-03 16:34:35,230 P9696 INFO Evaluation @epoch 17 - batch 8954: 
2025-03-03 16:34:49,757 P9696 INFO [Metrics] AUC: 0.813791 - logloss: 0.438120
2025-03-03 16:34:49,760 P9696 INFO Save best model: monitor(max)=0.813791
2025-03-03 16:34:49,978 P9696 INFO ************ Epoch=17 end ************
2025-03-03 16:39:52,210 P9696 INFO Train loss: 3.044228
2025-03-03 16:39:52,210 P9696 INFO Evaluation @epoch 18 - batch 8954: 
2025-03-03 16:40:06,207 P9696 INFO [Metrics] AUC: 0.813720 - logloss: 0.438155
2025-03-03 16:40:06,210 P9696 INFO Monitor(max)=0.813720 STOP!
2025-03-03 16:40:06,210 P9696 INFO Reduce learning rate on plateau: 0.000010
2025-03-03 16:40:06,318 P9696 INFO ************ Epoch=18 end ************
2025-03-03 16:45:07,363 P9696 INFO Train loss: 3.022822
2025-03-03 16:45:07,364 P9696 INFO Evaluation @epoch 19 - batch 8954: 
2025-03-03 16:45:21,089 P9696 INFO [Metrics] AUC: 0.813504 - logloss: 0.438611
2025-03-03 16:45:21,092 P9696 INFO Monitor(max)=0.813504 STOP!
2025-03-03 16:45:21,092 P9696 INFO Reduce learning rate on plateau: 0.000001
2025-03-03 16:45:21,092 P9696 INFO ********* Epoch=19 early stop *********
2025-03-03 16:45:21,244 P9696 INFO Training finished.
2025-03-03 16:45:21,244 P9696 INFO Load best model: /home/jupyterhub/jupyter/users/dwen/rec_adult/exp/fix_side_info/scv/checkpoints/Criteo_x4_10_h5/SCV_ada_tf_Criteo_037_aa5c6040.model
2025-03-03 16:45:21,278 P9696 INFO ****** Validation evaluation ******
2025-03-03 16:45:37,453 P9696 INFO [Metrics] logloss: 0.438120 - AUC: 0.813791
2025-03-03 16:45:37,588 P9696 INFO ******** Test evaluation ********
2025-03-03 16:45:37,588 P9696 INFO Loading datasets...
2025-03-03 16:45:39,566 P9696 INFO Test samples: total/4584062, blocks/1
2025-03-03 16:45:39,566 P9696 INFO Loading test data done.
2025-03-03 16:45:52,957 P9696 INFO [Metrics] logloss: 0.437665 - AUC: 0.814287
2025-03-03 16:45:52,959 P9696 INFO ******** Remove Model Weights ********
