2025-03-03 14:18:46,823 P102074 INFO FuxiCTR version: 2.3.7
2025-03-03 14:18:46,823 P102074 INFO Params: {
    "alpha": "0.9",
    "batch_norm": "True",
    "batch_size": "4096",
    "data_format": "csv",
    "data_root": "dataset/",
    "dataset_id": "Criteo_x4_10_h5",
    "debug_mode": "False",
    "distill_loss": "False",
    "early_stop_patience": "2",
    "embedding_dim": "16",
    "embedding_regularizer": "1e-05",
    "epochs": "100",
    "eval_steps": "None",
    "experiment_id": "SCV_ada_tf_Criteo_018_9c90286f",
    "feature_cols": "[{'active': True, 'dtype': 'float', 'fill_na': 0, 'na_value': 0, 'name': ['I1', 'I2', 'I3', 'I4', 'I5', 'I6', 'I7', 'I8', 'I9', 'I10', 'I11', 'I12', 'I13'], 'preprocess': 'convert_to_bucket', 'type': 'categorical'}, {'active': True, 'dtype': 'str', 'fill_na': '', 'na_value': '', 'name': ['C1', 'C2', 'C3', 'C4', 'C5', 'C6', 'C7', 'C8', 'C9', 'C10', 'C11', 'C12', 'C13', 'C14', 'C15', 'C16', 'C17', 'C18', 'C19', 'C20', 'C21', 'C22', 'C23', 'C24', 'C25', 'C26'], 'type': 'categorical'}]",
    "feature_config": "None",
    "feature_specs": "None",
    "gpu": "1",
    "group_id": "None",
    "label_col": "{'dtype': 'float', 'name': 'Label'}",
    "layer_norm": "True",
    "learning_rate": "0.001",
    "loss": "binary_crossentropy",
    "metrics": "['logloss', 'AUC']",
    "min_categr_count": "10",
    "model": "SCV_ada_tf",
    "model_id": "SCV_ada_tf_Criteo_018_9c90286f",
    "model_root": "./checkpoints/",
    "monitor": "{'AUC': 1, 'logloss': 0}",
    "monitor_mode": "max",
    "net_dropout": "0",
    "net_regularizer": "0",
    "num_hops": "1",
    "num_mask": "3",
    "num_tower": "6",
    "num_workers": "16",
    "optimizer": "adam",
    "pickle_feature_encoder": "True",
    "pooling_method": "attn",
    "save_best_only": "True",
    "seed": "2024",
    "shuffle": "True",
    "task": "binary_classification",
    "test_data": "dataset/Criteo_x4_10_h5/test.csv",
    "train_data": "dataset/Criteo_x4_10_h5/train.csv",
    "use_bilinear_fusion": "True",
    "use_features": "None",
    "valid_data": "dataset/Criteo_x4_10_h5/valid.csv",
    "verbose": "1"
}
2025-03-03 14:18:46,824 P102074 INFO Set up feature processor...
2025-03-03 14:18:46,824 P102074 WARNING Skip rebuilding dataset/Criteo_x4_10_h5/feature_map.json. Please delete it manually if rebuilding is required.
2025-03-03 14:18:46,824 P102074 INFO Load feature_map from json: dataset/Criteo_x4_10_h5/feature_map.json
2025-03-03 14:18:46,824 P102074 INFO Set column index...
2025-03-03 14:18:46,824 P102074 INFO Feature specs: {
    "C1": "{'source': '', 'type': 'categorical', 'padding_idx': 0, 'vocab_size': 1446}",
    "C10": "{'source': '', 'type': 'categorical', 'padding_idx': 0, 'vocab_size': 39530}",
    "C11": "{'source': '', 'type': 'categorical', 'padding_idx': 0, 'vocab_size': 5131}",
    "C12": "{'source': '', 'type': 'categorical', 'padding_idx': 0, 'vocab_size': 156656}",
    "C13": "{'source': '', 'type': 'categorical', 'padding_idx': 0, 'vocab_size': 3176}",
    "C14": "{'source': '', 'type': 'categorical', 'padding_idx': 0, 'vocab_size': 28}",
    "C15": "{'source': '', 'type': 'categorical', 'padding_idx': 0, 'vocab_size': 11043}",
    "C16": "{'source': '', 'type': 'categorical', 'padding_idx': 0, 'vocab_size': 148913}",
    "C17": "{'source': '', 'type': 'categorical', 'padding_idx': 0, 'vocab_size': 12}",
    "C18": "{'source': '', 'type': 'categorical', 'padding_idx': 0, 'vocab_size': 4560}",
    "C19": "{'source': '', 'type': 'categorical', 'padding_idx': 0, 'vocab_size': 2003}",
    "C2": "{'source': '', 'type': 'categorical', 'padding_idx': 0, 'vocab_size': 554}",
    "C20": "{'source': '', 'type': 'categorical', 'padding_idx': 0, 'vocab_size': 5}",
    "C21": "{'source': '', 'type': 'categorical', 'padding_idx': 0, 'vocab_size': 154564}",
    "C22": "{'source': '', 'type': 'categorical', 'padding_idx': 0, 'vocab_size': 18}",
    "C23": "{'source': '', 'type': 'categorical', 'padding_idx': 0, 'vocab_size': 17}",
    "C24": "{'source': '', 'type': 'categorical', 'padding_idx': 0, 'vocab_size': 53031}",
    "C25": "{'source': '', 'type': 'categorical', 'padding_idx': 0, 'vocab_size': 82}",
    "C26": "{'source': '', 'type': 'categorical', 'padding_idx': 0, 'vocab_size': 40955}",
    "C3": "{'source': '', 'type': 'categorical', 'padding_idx': 0, 'vocab_size': 157339}",
    "C4": "{'source': '', 'type': 'categorical', 'padding_idx': 0, 'vocab_size': 117822}",
    "C5": "{'source': '', 'type': 'categorical', 'padding_idx': 0, 'vocab_size': 306}",
    "C6": "{'source': '', 'type': 'categorical', 'padding_idx': 0, 'vocab_size': 18}",
    "C7": "{'source': '', 'type': 'categorical', 'padding_idx': 0, 'vocab_size': 11882}",
    "C8": "{'source': '', 'type': 'categorical', 'padding_idx': 0, 'vocab_size': 630}",
    "C9": "{'source': '', 'type': 'categorical', 'padding_idx': 0, 'vocab_size': 5}",
    "I1": "{'source': '', 'type': 'categorical', 'padding_idx': 0, 'vocab_size': 44}",
    "I10": "{'source': '', 'type': 'categorical', 'padding_idx': 0, 'vocab_size': 6}",
    "I11": "{'source': '', 'type': 'categorical', 'padding_idx': 0, 'vocab_size': 27}",
    "I12": "{'source': '', 'type': 'categorical', 'padding_idx': 0, 'vocab_size': 37}",
    "I13": "{'source': '', 'type': 'categorical', 'padding_idx': 0, 'vocab_size': 72}",
    "I2": "{'source': '', 'type': 'categorical', 'padding_idx': 0, 'vocab_size': 99}",
    "I3": "{'source': '', 'type': 'categorical', 'padding_idx': 0, 'vocab_size': 122}",
    "I4": "{'source': '', 'type': 'categorical', 'padding_idx': 0, 'vocab_size': 41}",
    "I5": "{'source': '', 'type': 'categorical', 'padding_idx': 0, 'vocab_size': 220}",
    "I6": "{'source': '', 'type': 'categorical', 'padding_idx': 0, 'vocab_size': 112}",
    "I7": "{'source': '', 'type': 'categorical', 'padding_idx': 0, 'vocab_size': 80}",
    "I8": "{'source': '', 'type': 'categorical', 'padding_idx': 0, 'vocab_size': 69}",
    "I9": "{'source': '', 'type': 'categorical', 'padding_idx': 0, 'vocab_size': 92}"
}
2025-03-03 14:18:48,710 P102074 INFO Total number of parameters: 651990.
2025-03-03 14:18:48,711 P102074 INFO Total number of parameters: 15223942.
2025-03-03 14:18:48,711 P102074 INFO Loading datasets...
2025-03-03 14:19:04,806 P102074 INFO Train samples: total/36672493, blocks/1
2025-03-03 14:19:06,351 P102074 INFO Validation samples: total/4584062, blocks/1
2025-03-03 14:19:06,351 P102074 INFO Loading train and validation data done.
2025-03-03 14:19:06,351 P102074 INFO Start training: 8954 batches/epoch
2025-03-03 14:19:06,352 P102074 INFO ************ Epoch=1 start ************
2025-03-03 14:24:29,942 P102074 INFO Train loss: 0.460107
2025-03-03 14:24:29,943 P102074 INFO Evaluation @epoch 1 - batch 8954: 
2025-03-03 14:24:45,829 P102074 INFO [Metrics] AUC: 0.804917 - logloss: 0.446380
2025-03-03 14:24:45,830 P102074 INFO Save best model: monitor(max)=0.804917
2025-03-03 14:24:45,988 P102074 INFO ************ Epoch=1 end ************
2025-03-03 14:30:06,447 P102074 INFO Train loss: 0.454951
2025-03-03 14:30:06,447 P102074 INFO Evaluation @epoch 2 - batch 8954: 
2025-03-03 14:30:22,071 P102074 INFO [Metrics] AUC: 0.806942 - logloss: 0.444384
2025-03-03 14:30:22,072 P102074 INFO Save best model: monitor(max)=0.806942
2025-03-03 14:30:22,406 P102074 INFO ************ Epoch=2 end ************
2025-03-03 14:35:41,251 P102074 INFO Train loss: 0.453357
2025-03-03 14:35:41,252 P102074 INFO Evaluation @epoch 3 - batch 8954: 
2025-03-03 14:35:56,870 P102074 INFO [Metrics] AUC: 0.807822 - logloss: 0.443594
2025-03-03 14:35:56,875 P102074 INFO Save best model: monitor(max)=0.807822
2025-03-03 14:35:57,217 P102074 INFO ************ Epoch=3 end ************
2025-03-03 14:41:15,329 P102074 INFO Train loss: 0.452483
2025-03-03 14:41:15,330 P102074 INFO Evaluation @epoch 4 - batch 8954: 
2025-03-03 14:41:30,336 P102074 INFO [Metrics] AUC: 0.808466 - logloss: 0.443049
2025-03-03 14:41:30,339 P102074 INFO Save best model: monitor(max)=0.808466
2025-03-03 14:41:30,686 P102074 INFO ************ Epoch=4 end ************
2025-03-03 14:46:46,001 P102074 INFO Train loss: 0.451860
2025-03-03 14:46:46,001 P102074 INFO Evaluation @epoch 5 - batch 8954: 
2025-03-03 14:47:01,592 P102074 INFO [Metrics] AUC: 0.808787 - logloss: 0.442687
2025-03-03 14:47:01,592 P102074 INFO Save best model: monitor(max)=0.808787
2025-03-03 14:47:01,935 P102074 INFO ************ Epoch=5 end ************
2025-03-03 14:52:24,595 P102074 INFO Train loss: 0.451395
2025-03-03 14:52:24,595 P102074 INFO Evaluation @epoch 6 - batch 8954: 
2025-03-03 14:52:40,666 P102074 INFO [Metrics] AUC: 0.809025 - logloss: 0.442473
2025-03-03 14:52:40,669 P102074 INFO Save best model: monitor(max)=0.809025
2025-03-03 14:52:40,903 P102074 INFO ************ Epoch=6 end ************
2025-03-03 14:58:05,619 P102074 INFO Train loss: 0.451039
2025-03-03 14:58:05,619 P102074 INFO Evaluation @epoch 7 - batch 8954: 
2025-03-03 14:58:21,185 P102074 INFO [Metrics] AUC: 0.809273 - logloss: 0.442230
2025-03-03 14:58:21,187 P102074 INFO Save best model: monitor(max)=0.809273
2025-03-03 14:58:21,372 P102074 INFO ************ Epoch=7 end ************
2025-03-03 15:03:45,585 P102074 INFO Train loss: 0.450718
2025-03-03 15:03:45,585 P102074 INFO Evaluation @epoch 8 - batch 8954: 
2025-03-03 15:04:01,484 P102074 INFO [Metrics] AUC: 0.809230 - logloss: 0.442258
2025-03-03 15:04:01,489 P102074 INFO Monitor(max)=0.809230 STOP!
2025-03-03 15:04:01,489 P102074 INFO Reduce learning rate on plateau: 0.000100
2025-03-03 15:04:01,613 P102074 INFO ************ Epoch=8 end ************
2025-03-03 15:09:23,496 P102074 INFO Train loss: 0.439378
2025-03-03 15:09:23,496 P102074 INFO Evaluation @epoch 9 - batch 8954: 
2025-03-03 15:09:39,098 P102074 INFO [Metrics] AUC: 0.812913 - logloss: 0.438976
2025-03-03 15:09:39,101 P102074 INFO Save best model: monitor(max)=0.812913
2025-03-03 15:09:39,292 P102074 INFO ************ Epoch=9 end ************
2025-03-03 15:15:00,703 P102074 INFO Train loss: 0.434784
2025-03-03 15:15:00,703 P102074 INFO Evaluation @epoch 10 - batch 8954: 
2025-03-03 15:15:16,141 P102074 INFO [Metrics] AUC: 0.813159 - logloss: 0.438899
2025-03-03 15:15:16,146 P102074 INFO Save best model: monitor(max)=0.813159
2025-03-03 15:15:16,361 P102074 INFO ************ Epoch=10 end ************
2025-03-03 15:20:38,196 P102074 INFO Train loss: 0.432596
2025-03-03 15:20:38,197 P102074 INFO Evaluation @epoch 11 - batch 8954: 
2025-03-03 15:20:53,421 P102074 INFO [Metrics] AUC: 0.813003 - logloss: 0.439144
2025-03-03 15:20:53,424 P102074 INFO Monitor(max)=0.813003 STOP!
2025-03-03 15:20:53,424 P102074 INFO Reduce learning rate on plateau: 0.000010
2025-03-03 15:20:53,554 P102074 INFO ************ Epoch=11 end ************
2025-03-03 15:26:12,821 P102074 INFO Train loss: 0.427900
2025-03-03 15:26:12,821 P102074 INFO Evaluation @epoch 12 - batch 8954: 
2025-03-03 15:26:27,943 P102074 INFO [Metrics] AUC: 0.812521 - logloss: 0.439967
2025-03-03 15:26:27,946 P102074 INFO Monitor(max)=0.812521 STOP!
2025-03-03 15:26:27,946 P102074 INFO Reduce learning rate on plateau: 0.000001
2025-03-03 15:26:27,946 P102074 INFO ********* Epoch=12 early stop *********
2025-03-03 15:26:28,057 P102074 INFO Training finished.
2025-03-03 15:26:28,058 P102074 INFO Load best model: /home/jupyterhub/jupyter/users/dwen/rec_adult/exp/fix_side_info/scv/checkpoints/Criteo_x4_10_h5/SCV_ada_tf_Criteo_018_9c90286f.model
2025-03-03 15:26:28,098 P102074 INFO ****** Validation evaluation ******
2025-03-03 15:26:45,342 P102074 INFO [Metrics] logloss: 0.438899 - AUC: 0.813159
2025-03-03 15:26:45,475 P102074 INFO ******** Test evaluation ********
2025-03-03 15:26:45,475 P102074 INFO Loading datasets...
2025-03-03 15:26:47,075 P102074 INFO Test samples: total/4584062, blocks/1
2025-03-03 15:26:47,076 P102074 INFO Loading test data done.
2025-03-03 15:27:02,103 P102074 INFO [Metrics] logloss: 0.438479 - AUC: 0.813636
2025-03-03 15:27:02,104 P102074 INFO ******** Remove Model Weights ********
