2025-03-03 04:31:40,942 P5320 INFO FuxiCTR version: 2.3.7
2025-03-03 04:31:40,942 P5320 INFO Params: {
    "alpha": "0.7",
    "batch_norm": "True",
    "batch_size": "4096",
    "data_format": "csv",
    "data_root": "dataset/",
    "dataset_id": "Criteo_x4_10_h5",
    "debug_mode": "False",
    "distill_loss": "False",
    "early_stop_patience": "2",
    "embedding_dim": "16",
    "embedding_regularizer": "1e-05",
    "epochs": "100",
    "eval_steps": "None",
    "experiment_id": "SCV_ada_tf_Criteo_020_16ab2648",
    "feature_cols": "[{'active': True, 'dtype': 'float', 'fill_na': 0, 'na_value': 0, 'name': ['I1', 'I2', 'I3', 'I4', 'I5', 'I6', 'I7', 'I8', 'I9', 'I10', 'I11', 'I12', 'I13'], 'preprocess': 'convert_to_bucket', 'type': 'categorical'}, {'active': True, 'dtype': 'str', 'fill_na': '', 'na_value': '', 'name': ['C1', 'C2', 'C3', 'C4', 'C5', 'C6', 'C7', 'C8', 'C9', 'C10', 'C11', 'C12', 'C13', 'C14', 'C15', 'C16', 'C17', 'C18', 'C19', 'C20', 'C21', 'C22', 'C23', 'C24', 'C25', 'C26'], 'type': 'categorical'}]",
    "feature_config": "None",
    "feature_specs": "None",
    "gpu": "1",
    "group_id": "None",
    "label_col": "{'dtype': 'float', 'name': 'Label'}",
    "layer_norm": "True",
    "learning_rate": "0.001",
    "loss": "binary_crossentropy",
    "metrics": "['logloss', 'AUC']",
    "min_categr_count": "10",
    "model": "SCV_ada_tf",
    "model_id": "SCV_ada_tf_Criteo_020_16ab2648",
    "model_root": "./checkpoints/",
    "monitor": "{'AUC': 1, 'logloss': 0}",
    "monitor_mode": "max",
    "net_dropout": "0",
    "net_regularizer": "0",
    "num_hops": "1",
    "num_mask": "3",
    "num_tower": "6",
    "num_workers": "16",
    "optimizer": "adam",
    "pickle_feature_encoder": "True",
    "pooling_method": "attn",
    "save_best_only": "True",
    "seed": "2024",
    "shuffle": "True",
    "task": "binary_classification",
    "test_data": "dataset/Criteo_x4_10_h5/test.csv",
    "train_data": "dataset/Criteo_x4_10_h5/train.csv",
    "use_bilinear_fusion": "True",
    "use_features": "None",
    "valid_data": "dataset/Criteo_x4_10_h5/valid.csv",
    "verbose": "1"
}
2025-03-03 04:31:40,943 P5320 INFO Set up feature processor...
2025-03-03 04:31:40,943 P5320 WARNING Skip rebuilding dataset/Criteo_x4_10_h5/feature_map.json. Please delete it manually if rebuilding is required.
2025-03-03 04:31:40,943 P5320 INFO Load feature_map from json: dataset/Criteo_x4_10_h5/feature_map.json
2025-03-03 04:31:40,943 P5320 INFO Set column index...
2025-03-03 04:31:40,944 P5320 INFO Feature specs: {
    "C1": "{'source': '', 'type': 'categorical', 'padding_idx': 0, 'vocab_size': 1446}",
    "C10": "{'source': '', 'type': 'categorical', 'padding_idx': 0, 'vocab_size': 39530}",
    "C11": "{'source': '', 'type': 'categorical', 'padding_idx': 0, 'vocab_size': 5131}",
    "C12": "{'source': '', 'type': 'categorical', 'padding_idx': 0, 'vocab_size': 156656}",
    "C13": "{'source': '', 'type': 'categorical', 'padding_idx': 0, 'vocab_size': 3176}",
    "C14": "{'source': '', 'type': 'categorical', 'padding_idx': 0, 'vocab_size': 28}",
    "C15": "{'source': '', 'type': 'categorical', 'padding_idx': 0, 'vocab_size': 11043}",
    "C16": "{'source': '', 'type': 'categorical', 'padding_idx': 0, 'vocab_size': 148913}",
    "C17": "{'source': '', 'type': 'categorical', 'padding_idx': 0, 'vocab_size': 12}",
    "C18": "{'source': '', 'type': 'categorical', 'padding_idx': 0, 'vocab_size': 4560}",
    "C19": "{'source': '', 'type': 'categorical', 'padding_idx': 0, 'vocab_size': 2003}",
    "C2": "{'source': '', 'type': 'categorical', 'padding_idx': 0, 'vocab_size': 554}",
    "C20": "{'source': '', 'type': 'categorical', 'padding_idx': 0, 'vocab_size': 5}",
    "C21": "{'source': '', 'type': 'categorical', 'padding_idx': 0, 'vocab_size': 154564}",
    "C22": "{'source': '', 'type': 'categorical', 'padding_idx': 0, 'vocab_size': 18}",
    "C23": "{'source': '', 'type': 'categorical', 'padding_idx': 0, 'vocab_size': 17}",
    "C24": "{'source': '', 'type': 'categorical', 'padding_idx': 0, 'vocab_size': 53031}",
    "C25": "{'source': '', 'type': 'categorical', 'padding_idx': 0, 'vocab_size': 82}",
    "C26": "{'source': '', 'type': 'categorical', 'padding_idx': 0, 'vocab_size': 40955}",
    "C3": "{'source': '', 'type': 'categorical', 'padding_idx': 0, 'vocab_size': 157339}",
    "C4": "{'source': '', 'type': 'categorical', 'padding_idx': 0, 'vocab_size': 117822}",
    "C5": "{'source': '', 'type': 'categorical', 'padding_idx': 0, 'vocab_size': 306}",
    "C6": "{'source': '', 'type': 'categorical', 'padding_idx': 0, 'vocab_size': 18}",
    "C7": "{'source': '', 'type': 'categorical', 'padding_idx': 0, 'vocab_size': 11882}",
    "C8": "{'source': '', 'type': 'categorical', 'padding_idx': 0, 'vocab_size': 630}",
    "C9": "{'source': '', 'type': 'categorical', 'padding_idx': 0, 'vocab_size': 5}",
    "I1": "{'source': '', 'type': 'categorical', 'padding_idx': 0, 'vocab_size': 44}",
    "I10": "{'source': '', 'type': 'categorical', 'padding_idx': 0, 'vocab_size': 6}",
    "I11": "{'source': '', 'type': 'categorical', 'padding_idx': 0, 'vocab_size': 27}",
    "I12": "{'source': '', 'type': 'categorical', 'padding_idx': 0, 'vocab_size': 37}",
    "I13": "{'source': '', 'type': 'categorical', 'padding_idx': 0, 'vocab_size': 72}",
    "I2": "{'source': '', 'type': 'categorical', 'padding_idx': 0, 'vocab_size': 99}",
    "I3": "{'source': '', 'type': 'categorical', 'padding_idx': 0, 'vocab_size': 122}",
    "I4": "{'source': '', 'type': 'categorical', 'padding_idx': 0, 'vocab_size': 41}",
    "I5": "{'source': '', 'type': 'categorical', 'padding_idx': 0, 'vocab_size': 220}",
    "I6": "{'source': '', 'type': 'categorical', 'padding_idx': 0, 'vocab_size': 112}",
    "I7": "{'source': '', 'type': 'categorical', 'padding_idx': 0, 'vocab_size': 80}",
    "I8": "{'source': '', 'type': 'categorical', 'padding_idx': 0, 'vocab_size': 69}",
    "I9": "{'source': '', 'type': 'categorical', 'padding_idx': 0, 'vocab_size': 92}"
}
2025-03-03 04:31:43,297 P5320 INFO Total number of parameters: 651990.
2025-03-03 04:31:43,298 P5320 INFO Total number of parameters: 15223942.
2025-03-03 04:31:43,298 P5320 INFO Loading datasets...
2025-03-03 04:32:03,494 P5320 INFO Train samples: total/36672493, blocks/1
2025-03-03 04:32:04,917 P5320 INFO Validation samples: total/4584062, blocks/1
2025-03-03 04:32:04,917 P5320 INFO Loading train and validation data done.
2025-03-03 04:32:04,917 P5320 INFO Start training: 8954 batches/epoch
2025-03-03 04:32:04,917 P5320 INFO ************ Epoch=1 start ************
2025-03-03 04:37:13,432 P5320 INFO Train loss: 0.460107
2025-03-03 04:37:13,432 P5320 INFO Evaluation @epoch 1 - batch 8954: 
2025-03-03 04:37:29,697 P5320 INFO [Metrics] AUC: 0.804917 - logloss: 0.446380
2025-03-03 04:37:29,698 P5320 INFO Save best model: monitor(max)=0.804917
2025-03-03 04:37:29,833 P5320 INFO ************ Epoch=1 end ************
2025-03-03 04:42:31,933 P5320 INFO Train loss: 0.454951
2025-03-03 04:42:31,933 P5320 INFO Evaluation @epoch 2 - batch 8954: 
2025-03-03 04:42:47,125 P5320 INFO [Metrics] AUC: 0.806942 - logloss: 0.444384
2025-03-03 04:42:47,128 P5320 INFO Save best model: monitor(max)=0.806942
2025-03-03 04:42:47,334 P5320 INFO ************ Epoch=2 end ************
2025-03-03 04:47:54,128 P5320 INFO Train loss: 0.453357
2025-03-03 04:47:54,128 P5320 INFO Evaluation @epoch 3 - batch 8954: 
2025-03-03 04:48:08,482 P5320 INFO [Metrics] AUC: 0.807822 - logloss: 0.443594
2025-03-03 04:48:08,486 P5320 INFO Save best model: monitor(max)=0.807822
2025-03-03 04:48:08,698 P5320 INFO ************ Epoch=3 end ************
2025-03-03 04:53:16,129 P5320 INFO Train loss: 0.452483
2025-03-03 04:53:16,129 P5320 INFO Evaluation @epoch 4 - batch 8954: 
2025-03-03 04:53:32,892 P5320 INFO [Metrics] AUC: 0.808466 - logloss: 0.443049
2025-03-03 04:53:32,896 P5320 INFO Save best model: monitor(max)=0.808466
2025-03-03 04:53:33,120 P5320 INFO ************ Epoch=4 end ************
2025-03-03 04:58:37,894 P5320 INFO Train loss: 0.451860
2025-03-03 04:58:37,894 P5320 INFO Evaluation @epoch 5 - batch 8954: 
2025-03-03 04:58:52,301 P5320 INFO [Metrics] AUC: 0.808787 - logloss: 0.442687
2025-03-03 04:58:52,304 P5320 INFO Save best model: monitor(max)=0.808787
2025-03-03 04:58:52,517 P5320 INFO ************ Epoch=5 end ************
2025-03-03 05:04:04,020 P5320 INFO Train loss: 0.451395
2025-03-03 05:04:04,021 P5320 INFO Evaluation @epoch 6 - batch 8954: 
2025-03-03 05:09:25,042 P5320 INFO [Metrics] AUC: 0.809025 - logloss: 0.442473
2025-03-03 05:09:25,047 P5320 INFO Save best model: monitor(max)=0.809025
2025-03-03 05:09:25,292 P5320 INFO ************ Epoch=6 end ************
2025-03-03 05:14:33,936 P5320 INFO Train loss: 0.451039
2025-03-03 05:14:33,936 P5320 INFO Evaluation @epoch 7 - batch 8954: 
2025-03-03 05:14:49,877 P5320 INFO [Metrics] AUC: 0.809273 - logloss: 0.442230
2025-03-03 05:14:49,881 P5320 INFO Save best model: monitor(max)=0.809273
2025-03-03 05:14:50,114 P5320 INFO ************ Epoch=7 end ************
2025-03-03 05:19:53,043 P5320 INFO Train loss: 0.450718
2025-03-03 05:19:53,044 P5320 INFO Evaluation @epoch 8 - batch 8954: 
2025-03-03 05:20:08,434 P5320 INFO [Metrics] AUC: 0.809230 - logloss: 0.442258
2025-03-03 05:20:08,437 P5320 INFO Monitor(max)=0.809230 STOP!
2025-03-03 05:20:08,437 P5320 INFO Reduce learning rate on plateau: 0.000100
2025-03-03 05:20:08,556 P5320 INFO ************ Epoch=8 end ************
2025-03-03 05:25:19,024 P5320 INFO Train loss: 0.439378
2025-03-03 05:25:19,024 P5320 INFO Evaluation @epoch 9 - batch 8954: 
2025-03-03 05:25:33,788 P5320 INFO [Metrics] AUC: 0.812913 - logloss: 0.438976
2025-03-03 05:25:33,791 P5320 INFO Save best model: monitor(max)=0.812913
2025-03-03 05:25:34,000 P5320 INFO ************ Epoch=9 end ************
2025-03-03 05:30:41,619 P5320 INFO Train loss: 0.434784
2025-03-03 05:30:41,619 P5320 INFO Evaluation @epoch 10 - batch 8954: 
2025-03-03 05:30:57,943 P5320 INFO [Metrics] AUC: 0.813159 - logloss: 0.438899
2025-03-03 05:30:57,946 P5320 INFO Save best model: monitor(max)=0.813159
2025-03-03 05:30:58,155 P5320 INFO ************ Epoch=10 end ************
2025-03-03 05:36:03,148 P5320 INFO Train loss: 0.432596
2025-03-03 05:36:03,149 P5320 INFO Evaluation @epoch 11 - batch 8954: 
2025-03-03 05:36:18,944 P5320 INFO [Metrics] AUC: 0.813003 - logloss: 0.439144
2025-03-03 05:36:18,947 P5320 INFO Monitor(max)=0.813003 STOP!
2025-03-03 05:36:18,947 P5320 INFO Reduce learning rate on plateau: 0.000010
2025-03-03 05:36:19,166 P5320 INFO ************ Epoch=11 end ************
2025-03-03 05:41:30,952 P5320 INFO Train loss: 0.427900
2025-03-03 05:41:30,953 P5320 INFO Evaluation @epoch 12 - batch 8954: 
2025-03-03 05:41:46,084 P5320 INFO [Metrics] AUC: 0.812521 - logloss: 0.439967
2025-03-03 05:41:46,090 P5320 INFO Monitor(max)=0.812521 STOP!
2025-03-03 05:41:46,090 P5320 INFO Reduce learning rate on plateau: 0.000001
2025-03-03 05:41:46,090 P5320 INFO ********* Epoch=12 early stop *********
2025-03-03 05:41:46,243 P5320 INFO Training finished.
2025-03-03 05:41:46,243 P5320 INFO Load best model: /home/jupyterhub/jupyter/users/dwen/rec_adult/exp/fix_side_info/scv/checkpoints/Criteo_x4_10_h5/SCV_ada_tf_Criteo_020_16ab2648.model
2025-03-03 05:41:46,302 P5320 INFO ****** Validation evaluation ******
2025-03-03 05:42:01,685 P5320 INFO [Metrics] logloss: 0.438899 - AUC: 0.813159
2025-03-03 05:42:01,841 P5320 INFO ******** Test evaluation ********
2025-03-03 05:42:01,841 P5320 INFO Loading datasets...
2025-03-03 05:42:03,537 P5320 INFO Test samples: total/4584062, blocks/1
2025-03-03 05:42:03,537 P5320 INFO Loading test data done.
2025-03-03 05:42:18,385 P5320 INFO [Metrics] logloss: 0.438479 - AUC: 0.813636
2025-03-03 05:42:18,389 P5320 INFO ******** Remove Model Weights ********
