2025-03-03 17:43:48,723 P10904 INFO FuxiCTR version: 2.3.7
2025-03-03 17:43:48,723 P10904 INFO Params: {
    "alpha": "0.9",
    "batch_norm": "True",
    "batch_size": "4096",
    "data_format": "csv",
    "data_root": "dataset/",
    "dataset_id": "Criteo_x4_10_h5",
    "debug_mode": "False",
    "distill_loss": "False",
    "early_stop_patience": "2",
    "embedding_dim": "16",
    "embedding_regularizer": "1e-05",
    "epochs": "100",
    "eval_steps": "None",
    "experiment_id": "SCV_ada_tf_Criteo_046_f8994df0",
    "feature_cols": "[{'active': True, 'dtype': 'float', 'fill_na': 0, 'na_value': 0, 'name': ['I1', 'I2', 'I3', 'I4', 'I5', 'I6', 'I7', 'I8', 'I9', 'I10', 'I11', 'I12', 'I13'], 'preprocess': 'convert_to_bucket', 'type': 'categorical'}, {'active': True, 'dtype': 'str', 'fill_na': '', 'na_value': '', 'name': ['C1', 'C2', 'C3', 'C4', 'C5', 'C6', 'C7', 'C8', 'C9', 'C10', 'C11', 'C12', 'C13', 'C14', 'C15', 'C16', 'C17', 'C18', 'C19', 'C20', 'C21', 'C22', 'C23', 'C24', 'C25', 'C26'], 'type': 'categorical'}]",
    "feature_config": "None",
    "feature_specs": "None",
    "gpu": "1",
    "group_id": "None",
    "label_col": "{'dtype': 'float', 'name': 'Label'}",
    "layer_norm": "True",
    "learning_rate": "0.001",
    "loss": "binary_crossentropy",
    "metrics": "['logloss', 'AUC']",
    "min_categr_count": "10",
    "model": "SCV_ada_tf",
    "model_id": "SCV_ada_tf_Criteo_046_f8994df0",
    "model_root": "./checkpoints/",
    "monitor": "{'AUC': 1, 'logloss': 0}",
    "monitor_mode": "max",
    "net_dropout": "0.1",
    "net_regularizer": "0",
    "num_hops": "1",
    "num_mask": "4",
    "num_tower": "6",
    "num_workers": "16",
    "optimizer": "adam",
    "pickle_feature_encoder": "True",
    "pooling_method": "attn",
    "save_best_only": "True",
    "seed": "2024",
    "shuffle": "True",
    "task": "binary_classification",
    "test_data": "dataset/Criteo_x4_10_h5/test.csv",
    "train_data": "dataset/Criteo_x4_10_h5/train.csv",
    "use_bilinear_fusion": "True",
    "use_features": "None",
    "valid_data": "dataset/Criteo_x4_10_h5/valid.csv",
    "verbose": "1"
}
2025-03-03 17:43:48,724 P10904 INFO Set up feature processor...
2025-03-03 17:43:48,724 P10904 WARNING Skip rebuilding dataset/Criteo_x4_10_h5/feature_map.json. Please delete it manually if rebuilding is required.
2025-03-03 17:43:48,724 P10904 INFO Load feature_map from json: dataset/Criteo_x4_10_h5/feature_map.json
2025-03-03 17:43:48,724 P10904 INFO Set column index...
2025-03-03 17:43:48,724 P10904 INFO Feature specs: {
    "C1": "{'source': '', 'type': 'categorical', 'padding_idx': 0, 'vocab_size': 1446}",
    "C10": "{'source': '', 'type': 'categorical', 'padding_idx': 0, 'vocab_size': 39530}",
    "C11": "{'source': '', 'type': 'categorical', 'padding_idx': 0, 'vocab_size': 5131}",
    "C12": "{'source': '', 'type': 'categorical', 'padding_idx': 0, 'vocab_size': 156656}",
    "C13": "{'source': '', 'type': 'categorical', 'padding_idx': 0, 'vocab_size': 3176}",
    "C14": "{'source': '', 'type': 'categorical', 'padding_idx': 0, 'vocab_size': 28}",
    "C15": "{'source': '', 'type': 'categorical', 'padding_idx': 0, 'vocab_size': 11043}",
    "C16": "{'source': '', 'type': 'categorical', 'padding_idx': 0, 'vocab_size': 148913}",
    "C17": "{'source': '', 'type': 'categorical', 'padding_idx': 0, 'vocab_size': 12}",
    "C18": "{'source': '', 'type': 'categorical', 'padding_idx': 0, 'vocab_size': 4560}",
    "C19": "{'source': '', 'type': 'categorical', 'padding_idx': 0, 'vocab_size': 2003}",
    "C2": "{'source': '', 'type': 'categorical', 'padding_idx': 0, 'vocab_size': 554}",
    "C20": "{'source': '', 'type': 'categorical', 'padding_idx': 0, 'vocab_size': 5}",
    "C21": "{'source': '', 'type': 'categorical', 'padding_idx': 0, 'vocab_size': 154564}",
    "C22": "{'source': '', 'type': 'categorical', 'padding_idx': 0, 'vocab_size': 18}",
    "C23": "{'source': '', 'type': 'categorical', 'padding_idx': 0, 'vocab_size': 17}",
    "C24": "{'source': '', 'type': 'categorical', 'padding_idx': 0, 'vocab_size': 53031}",
    "C25": "{'source': '', 'type': 'categorical', 'padding_idx': 0, 'vocab_size': 82}",
    "C26": "{'source': '', 'type': 'categorical', 'padding_idx': 0, 'vocab_size': 40955}",
    "C3": "{'source': '', 'type': 'categorical', 'padding_idx': 0, 'vocab_size': 157339}",
    "C4": "{'source': '', 'type': 'categorical', 'padding_idx': 0, 'vocab_size': 117822}",
    "C5": "{'source': '', 'type': 'categorical', 'padding_idx': 0, 'vocab_size': 306}",
    "C6": "{'source': '', 'type': 'categorical', 'padding_idx': 0, 'vocab_size': 18}",
    "C7": "{'source': '', 'type': 'categorical', 'padding_idx': 0, 'vocab_size': 11882}",
    "C8": "{'source': '', 'type': 'categorical', 'padding_idx': 0, 'vocab_size': 630}",
    "C9": "{'source': '', 'type': 'categorical', 'padding_idx': 0, 'vocab_size': 5}",
    "I1": "{'source': '', 'type': 'categorical', 'padding_idx': 0, 'vocab_size': 44}",
    "I10": "{'source': '', 'type': 'categorical', 'padding_idx': 0, 'vocab_size': 6}",
    "I11": "{'source': '', 'type': 'categorical', 'padding_idx': 0, 'vocab_size': 27}",
    "I12": "{'source': '', 'type': 'categorical', 'padding_idx': 0, 'vocab_size': 37}",
    "I13": "{'source': '', 'type': 'categorical', 'padding_idx': 0, 'vocab_size': 72}",
    "I2": "{'source': '', 'type': 'categorical', 'padding_idx': 0, 'vocab_size': 99}",
    "I3": "{'source': '', 'type': 'categorical', 'padding_idx': 0, 'vocab_size': 122}",
    "I4": "{'source': '', 'type': 'categorical', 'padding_idx': 0, 'vocab_size': 41}",
    "I5": "{'source': '', 'type': 'categorical', 'padding_idx': 0, 'vocab_size': 220}",
    "I6": "{'source': '', 'type': 'categorical', 'padding_idx': 0, 'vocab_size': 112}",
    "I7": "{'source': '', 'type': 'categorical', 'padding_idx': 0, 'vocab_size': 80}",
    "I8": "{'source': '', 'type': 'categorical', 'padding_idx': 0, 'vocab_size': 69}",
    "I9": "{'source': '', 'type': 'categorical', 'padding_idx': 0, 'vocab_size': 92}"
}
2025-03-03 17:43:50,608 P10904 INFO Total number of parameters: 661116.
2025-03-03 17:43:50,608 P10904 INFO Total number of parameters: 15233068.
2025-03-03 17:43:50,608 P10904 INFO Loading datasets...
2025-03-03 17:44:08,623 P10904 INFO Train samples: total/36672493, blocks/1
2025-03-03 17:44:10,701 P10904 INFO Validation samples: total/4584062, blocks/1
2025-03-03 17:44:10,701 P10904 INFO Loading train and validation data done.
2025-03-03 17:44:10,702 P10904 INFO Start training: 8954 batches/epoch
2025-03-03 17:44:10,702 P10904 INFO ************ Epoch=1 start ************
2025-03-03 17:49:24,461 P10904 INFO Train loss: 0.460440
2025-03-03 17:49:24,461 P10904 INFO Evaluation @epoch 1 - batch 8954: 
2025-03-03 17:49:39,637 P10904 INFO [Metrics] AUC: 0.804965 - logloss: 0.446305
2025-03-03 17:49:39,639 P10904 INFO Save best model: monitor(max)=0.804965
2025-03-03 17:49:39,819 P10904 INFO ************ Epoch=1 end ************
2025-03-03 17:54:48,998 P10904 INFO Train loss: 0.455885
2025-03-03 17:54:48,999 P10904 INFO Evaluation @epoch 2 - batch 8954: 
2025-03-03 17:55:03,740 P10904 INFO [Metrics] AUC: 0.806789 - logloss: 0.444758
2025-03-03 17:55:03,741 P10904 INFO Save best model: monitor(max)=0.806789
2025-03-03 17:55:03,960 P10904 INFO ************ Epoch=2 end ************
2025-03-03 18:00:10,833 P10904 INFO Train loss: 0.454378
2025-03-03 18:00:10,833 P10904 INFO Evaluation @epoch 3 - batch 8954: 
2025-03-03 18:00:25,329 P10904 INFO [Metrics] AUC: 0.807671 - logloss: 0.443749
2025-03-03 18:00:25,333 P10904 INFO Save best model: monitor(max)=0.807671
2025-03-03 18:00:25,537 P10904 INFO ************ Epoch=3 end ************
2025-03-03 18:05:39,261 P10904 INFO Train loss: 0.453606
2025-03-03 18:05:39,262 P10904 INFO Evaluation @epoch 4 - batch 8954: 
2025-03-03 18:05:54,146 P10904 INFO [Metrics] AUC: 0.808352 - logloss: 0.443164
2025-03-03 18:05:54,150 P10904 INFO Save best model: monitor(max)=0.808352
2025-03-03 18:05:54,517 P10904 INFO ************ Epoch=4 end ************
2025-03-03 18:11:03,564 P10904 INFO Train loss: 0.453112
2025-03-03 18:11:03,564 P10904 INFO Evaluation @epoch 5 - batch 8954: 
2025-03-03 18:11:18,318 P10904 INFO [Metrics] AUC: 0.808767 - logloss: 0.442731
2025-03-03 18:11:18,321 P10904 INFO Save best model: monitor(max)=0.808767
2025-03-03 18:11:18,671 P10904 INFO ************ Epoch=5 end ************
2025-03-03 18:16:23,369 P10904 INFO Train loss: 0.452784
2025-03-03 18:16:23,370 P10904 INFO Evaluation @epoch 6 - batch 8954: 
2025-03-03 18:16:38,729 P10904 INFO [Metrics] AUC: 0.808884 - logloss: 0.442570
2025-03-03 18:16:38,735 P10904 INFO Save best model: monitor(max)=0.808884
2025-03-03 18:16:39,095 P10904 INFO ************ Epoch=6 end ************
2025-03-03 18:21:45,470 P10904 INFO Train loss: 0.452518
2025-03-03 18:21:45,470 P10904 INFO Evaluation @epoch 7 - batch 8954: 
2025-03-03 18:22:00,459 P10904 INFO [Metrics] AUC: 0.809113 - logloss: 0.442419
2025-03-03 18:22:00,462 P10904 INFO Save best model: monitor(max)=0.809113
2025-03-03 18:22:00,817 P10904 INFO ************ Epoch=7 end ************
2025-03-03 18:27:12,202 P10904 INFO Train loss: 0.452266
2025-03-03 18:27:12,202 P10904 INFO Evaluation @epoch 8 - batch 8954: 
2025-03-03 18:27:27,191 P10904 INFO [Metrics] AUC: 0.809331 - logloss: 0.442248
2025-03-03 18:27:27,194 P10904 INFO Save best model: monitor(max)=0.809331
2025-03-03 18:27:27,628 P10904 INFO ************ Epoch=8 end ************
2025-03-03 18:32:38,501 P10904 INFO Train loss: 0.452075
2025-03-03 18:32:38,502 P10904 INFO Evaluation @epoch 9 - batch 8954: 
2025-03-03 18:32:53,175 P10904 INFO [Metrics] AUC: 0.809487 - logloss: 0.442154
2025-03-03 18:32:53,177 P10904 INFO Save best model: monitor(max)=0.809487
2025-03-03 18:32:53,531 P10904 INFO ************ Epoch=9 end ************
2025-03-03 18:38:00,034 P10904 INFO Train loss: 0.451920
2025-03-03 18:38:00,035 P10904 INFO Evaluation @epoch 10 - batch 8954: 
2025-03-03 18:38:15,789 P10904 INFO [Metrics] AUC: 0.809422 - logloss: 0.442059
2025-03-03 18:38:15,792 P10904 INFO Monitor(max)=0.809422 STOP!
2025-03-03 18:38:15,793 P10904 INFO Reduce learning rate on plateau: 0.000100
2025-03-03 18:38:15,922 P10904 INFO ************ Epoch=10 end ************
2025-03-03 18:43:29,334 P10904 INFO Train loss: 0.441690
2025-03-03 18:43:29,334 P10904 INFO Evaluation @epoch 11 - batch 8954: 
2025-03-03 18:43:43,812 P10904 INFO [Metrics] AUC: 0.813204 - logloss: 0.438666
2025-03-03 18:43:43,818 P10904 INFO Save best model: monitor(max)=0.813204
2025-03-03 18:43:44,163 P10904 INFO ************ Epoch=11 end ************
2025-03-03 18:48:55,521 P10904 INFO Train loss: 0.437541
2025-03-03 18:48:55,521 P10904 INFO Evaluation @epoch 12 - batch 8954: 
2025-03-03 18:49:09,798 P10904 INFO [Metrics] AUC: 0.813766 - logloss: 0.438177
2025-03-03 18:49:09,802 P10904 INFO Save best model: monitor(max)=0.813766
2025-03-03 18:49:10,152 P10904 INFO ************ Epoch=12 end ************
2025-03-03 18:54:17,667 P10904 INFO Train loss: 0.435668
2025-03-03 18:54:17,667 P10904 INFO Evaluation @epoch 13 - batch 8954: 
2025-03-03 18:54:33,192 P10904 INFO [Metrics] AUC: 0.813909 - logloss: 0.438127
2025-03-03 18:54:33,197 P10904 INFO Save best model: monitor(max)=0.813909
2025-03-03 18:54:33,555 P10904 INFO ************ Epoch=13 end ************
2025-03-03 18:59:39,591 P10904 INFO Train loss: 0.434318
2025-03-03 18:59:39,592 P10904 INFO Evaluation @epoch 14 - batch 8954: 
2025-03-03 18:59:54,963 P10904 INFO [Metrics] AUC: 0.813907 - logloss: 0.438231
2025-03-03 18:59:54,966 P10904 INFO Monitor(max)=0.813907 STOP!
2025-03-03 18:59:54,966 P10904 INFO Reduce learning rate on plateau: 0.000010
2025-03-03 18:59:55,101 P10904 INFO ************ Epoch=14 end ************
2025-03-03 19:05:03,683 P10904 INFO Train loss: 0.430171
2025-03-03 19:05:03,683 P10904 INFO Evaluation @epoch 15 - batch 8954: 
2025-03-03 19:05:19,697 P10904 INFO [Metrics] AUC: 0.813587 - logloss: 0.438757
2025-03-03 19:05:19,702 P10904 INFO Monitor(max)=0.813587 STOP!
2025-03-03 19:05:19,702 P10904 INFO Reduce learning rate on plateau: 0.000001
2025-03-03 19:05:19,702 P10904 INFO ********* Epoch=15 early stop *********
2025-03-03 19:05:19,825 P10904 INFO Training finished.
2025-03-03 19:05:19,825 P10904 INFO Load best model: /home/jupyterhub/jupyter/users/dwen/rec_adult/exp/fix_side_info/scv/checkpoints/Criteo_x4_10_h5/SCV_ada_tf_Criteo_046_f8994df0.model
2025-03-03 19:05:19,862 P10904 INFO ****** Validation evaluation ******
2025-03-03 19:05:35,215 P10904 INFO [Metrics] logloss: 0.438127 - AUC: 0.813909
2025-03-03 19:05:35,422 P10904 INFO ******** Test evaluation ********
2025-03-03 19:05:35,423 P10904 INFO Loading datasets...
2025-03-03 19:05:38,160 P10904 INFO Test samples: total/4584062, blocks/1
2025-03-03 19:05:38,160 P10904 INFO Loading test data done.
2025-03-03 19:05:52,406 P10904 INFO [Metrics] logloss: 0.437711 - AUC: 0.814377
2025-03-03 19:05:52,408 P10904 INFO ******** Remove Model Weights ********
