2025-03-03 07:25:17,338 P16277 INFO FuxiCTR version: 2.3.7
2025-03-03 07:25:17,338 P16277 INFO Params: {
    "alpha": "0.7",
    "batch_norm": "True",
    "batch_size": "4096",
    "data_format": "csv",
    "data_root": "dataset/",
    "dataset_id": "Criteo_x4_10_h5",
    "debug_mode": "False",
    "distill_loss": "True",
    "early_stop_patience": "2",
    "embedding_dim": "16",
    "embedding_regularizer": "1e-05",
    "epochs": "100",
    "eval_steps": "None",
    "experiment_id": "SCV_ada_tf_Criteo_003_d62d7f8f",
    "feature_cols": "[{'active': True, 'dtype': 'float', 'fill_na': 0, 'na_value': 0, 'name': ['I1', 'I2', 'I3', 'I4', 'I5', 'I6', 'I7', 'I8', 'I9', 'I10', 'I11', 'I12', 'I13'], 'preprocess': 'convert_to_bucket', 'type': 'categorical'}, {'active': True, 'dtype': 'str', 'fill_na': '', 'na_value': '', 'name': ['C1', 'C2', 'C3', 'C4', 'C5', 'C6', 'C7', 'C8', 'C9', 'C10', 'C11', 'C12', 'C13', 'C14', 'C15', 'C16', 'C17', 'C18', 'C19', 'C20', 'C21', 'C22', 'C23', 'C24', 'C25', 'C26'], 'type': 'categorical'}]",
    "feature_config": "None",
    "feature_specs": "None",
    "gpu": "0",
    "group_id": "None",
    "label_col": "{'dtype': 'float', 'name': 'Label'}",
    "layer_norm": "True",
    "learning_rate": "0.001",
    "loss": "binary_crossentropy",
    "metrics": "['logloss', 'AUC']",
    "min_categr_count": "10",
    "model": "SCV_ada_tf",
    "model_id": "SCV_ada_tf_Criteo_003_d62d7f8f",
    "model_root": "./checkpoints/",
    "monitor": "{'AUC': 1, 'logloss': 0}",
    "monitor_mode": "max",
    "net_dropout": "0",
    "net_regularizer": "0",
    "num_hops": "1",
    "num_mask": "3",
    "num_tower": "4",
    "num_workers": "16",
    "optimizer": "adam",
    "pickle_feature_encoder": "True",
    "pooling_method": "attn",
    "save_best_only": "True",
    "seed": "2024",
    "shuffle": "True",
    "task": "binary_classification",
    "test_data": "dataset/Criteo_x4_10_h5/test.csv",
    "train_data": "dataset/Criteo_x4_10_h5/train.csv",
    "use_bilinear_fusion": "True",
    "use_features": "None",
    "valid_data": "dataset/Criteo_x4_10_h5/valid.csv",
    "verbose": "1"
}
2025-03-03 07:25:17,339 P16277 INFO Set up feature processor...
2025-03-03 07:25:17,339 P16277 WARNING Skip rebuilding dataset/Criteo_x4_10_h5/feature_map.json. Please delete it manually if rebuilding is required.
2025-03-03 07:25:17,339 P16277 INFO Load feature_map from json: dataset/Criteo_x4_10_h5/feature_map.json
2025-03-03 07:25:17,339 P16277 INFO Set column index...
2025-03-03 07:25:17,339 P16277 INFO Feature specs: {
    "C1": "{'source': '', 'type': 'categorical', 'padding_idx': 0, 'vocab_size': 1446}",
    "C10": "{'source': '', 'type': 'categorical', 'padding_idx': 0, 'vocab_size': 39530}",
    "C11": "{'source': '', 'type': 'categorical', 'padding_idx': 0, 'vocab_size': 5131}",
    "C12": "{'source': '', 'type': 'categorical', 'padding_idx': 0, 'vocab_size': 156656}",
    "C13": "{'source': '', 'type': 'categorical', 'padding_idx': 0, 'vocab_size': 3176}",
    "C14": "{'source': '', 'type': 'categorical', 'padding_idx': 0, 'vocab_size': 28}",
    "C15": "{'source': '', 'type': 'categorical', 'padding_idx': 0, 'vocab_size': 11043}",
    "C16": "{'source': '', 'type': 'categorical', 'padding_idx': 0, 'vocab_size': 148913}",
    "C17": "{'source': '', 'type': 'categorical', 'padding_idx': 0, 'vocab_size': 12}",
    "C18": "{'source': '', 'type': 'categorical', 'padding_idx': 0, 'vocab_size': 4560}",
    "C19": "{'source': '', 'type': 'categorical', 'padding_idx': 0, 'vocab_size': 2003}",
    "C2": "{'source': '', 'type': 'categorical', 'padding_idx': 0, 'vocab_size': 554}",
    "C20": "{'source': '', 'type': 'categorical', 'padding_idx': 0, 'vocab_size': 5}",
    "C21": "{'source': '', 'type': 'categorical', 'padding_idx': 0, 'vocab_size': 154564}",
    "C22": "{'source': '', 'type': 'categorical', 'padding_idx': 0, 'vocab_size': 18}",
    "C23": "{'source': '', 'type': 'categorical', 'padding_idx': 0, 'vocab_size': 17}",
    "C24": "{'source': '', 'type': 'categorical', 'padding_idx': 0, 'vocab_size': 53031}",
    "C25": "{'source': '', 'type': 'categorical', 'padding_idx': 0, 'vocab_size': 82}",
    "C26": "{'source': '', 'type': 'categorical', 'padding_idx': 0, 'vocab_size': 40955}",
    "C3": "{'source': '', 'type': 'categorical', 'padding_idx': 0, 'vocab_size': 157339}",
    "C4": "{'source': '', 'type': 'categorical', 'padding_idx': 0, 'vocab_size': 117822}",
    "C5": "{'source': '', 'type': 'categorical', 'padding_idx': 0, 'vocab_size': 306}",
    "C6": "{'source': '', 'type': 'categorical', 'padding_idx': 0, 'vocab_size': 18}",
    "C7": "{'source': '', 'type': 'categorical', 'padding_idx': 0, 'vocab_size': 11882}",
    "C8": "{'source': '', 'type': 'categorical', 'padding_idx': 0, 'vocab_size': 630}",
    "C9": "{'source': '', 'type': 'categorical', 'padding_idx': 0, 'vocab_size': 5}",
    "I1": "{'source': '', 'type': 'categorical', 'padding_idx': 0, 'vocab_size': 44}",
    "I10": "{'source': '', 'type': 'categorical', 'padding_idx': 0, 'vocab_size': 6}",
    "I11": "{'source': '', 'type': 'categorical', 'padding_idx': 0, 'vocab_size': 27}",
    "I12": "{'source': '', 'type': 'categorical', 'padding_idx': 0, 'vocab_size': 37}",
    "I13": "{'source': '', 'type': 'categorical', 'padding_idx': 0, 'vocab_size': 72}",
    "I2": "{'source': '', 'type': 'categorical', 'padding_idx': 0, 'vocab_size': 99}",
    "I3": "{'source': '', 'type': 'categorical', 'padding_idx': 0, 'vocab_size': 122}",
    "I4": "{'source': '', 'type': 'categorical', 'padding_idx': 0, 'vocab_size': 41}",
    "I5": "{'source': '', 'type': 'categorical', 'padding_idx': 0, 'vocab_size': 220}",
    "I6": "{'source': '', 'type': 'categorical', 'padding_idx': 0, 'vocab_size': 112}",
    "I7": "{'source': '', 'type': 'categorical', 'padding_idx': 0, 'vocab_size': 80}",
    "I8": "{'source': '', 'type': 'categorical', 'padding_idx': 0, 'vocab_size': 69}",
    "I9": "{'source': '', 'type': 'categorical', 'padding_idx': 0, 'vocab_size': 92}"
}
2025-03-03 07:25:19,147 P16277 INFO Total number of parameters: 634316.
2025-03-03 07:25:19,148 P16277 INFO Total number of parameters: 15206268.
2025-03-03 07:25:19,148 P16277 INFO Loading datasets...
2025-03-03 07:25:36,932 P16277 INFO Train samples: total/36672493, blocks/1
2025-03-03 07:25:38,770 P16277 INFO Validation samples: total/4584062, blocks/1
2025-03-03 07:25:38,770 P16277 INFO Loading train and validation data done.
2025-03-03 07:25:38,770 P16277 INFO Start training: 8954 batches/epoch
2025-03-03 07:25:38,770 P16277 INFO ************ Epoch=1 start ************
2025-03-03 07:30:25,240 P16277 INFO Train loss: 2.733704
2025-03-03 07:30:25,240 P16277 INFO Evaluation @epoch 1 - batch 8954: 
2025-03-03 07:30:38,589 P16277 INFO [Metrics] AUC: 0.805031 - logloss: 0.446152
2025-03-03 07:30:38,590 P16277 INFO Save best model: monitor(max)=0.805031
2025-03-03 07:30:38,741 P16277 INFO ************ Epoch=1 end ************
2025-03-03 07:35:24,146 P16277 INFO Train loss: 2.689869
2025-03-03 07:35:24,147 P16277 INFO Evaluation @epoch 2 - batch 8954: 
2025-03-03 07:35:38,089 P16277 INFO [Metrics] AUC: 0.807773 - logloss: 0.443699
2025-03-03 07:35:38,091 P16277 INFO Save best model: monitor(max)=0.807773
2025-03-03 07:35:38,449 P16277 INFO ************ Epoch=2 end ************
2025-03-03 07:40:26,797 P16277 INFO Train loss: 2.678899
2025-03-03 07:40:26,797 P16277 INFO Evaluation @epoch 3 - batch 8954: 
2025-03-03 07:40:39,676 P16277 INFO [Metrics] AUC: 0.808830 - logloss: 0.442675
2025-03-03 07:40:39,682 P16277 INFO Save best model: monitor(max)=0.808830
2025-03-03 07:40:40,047 P16277 INFO ************ Epoch=3 end ************
2025-03-03 07:45:25,178 P16277 INFO Train loss: 2.673541
2025-03-03 07:45:25,178 P16277 INFO Evaluation @epoch 4 - batch 8954: 
2025-03-03 07:45:38,308 P16277 INFO [Metrics] AUC: 0.809810 - logloss: 0.441738
2025-03-03 07:45:38,311 P16277 INFO Save best model: monitor(max)=0.809810
2025-03-03 07:45:38,710 P16277 INFO ************ Epoch=4 end ************
2025-03-03 07:50:22,419 P16277 INFO Train loss: 2.669894
2025-03-03 07:50:22,420 P16277 INFO Evaluation @epoch 5 - batch 8954: 
2025-03-03 07:50:36,258 P16277 INFO [Metrics] AUC: 0.810095 - logloss: 0.441457
2025-03-03 07:50:36,260 P16277 INFO Save best model: monitor(max)=0.810095
2025-03-03 07:50:36,608 P16277 INFO ************ Epoch=5 end ************
2025-03-03 07:55:21,271 P16277 INFO Train loss: 2.667314
2025-03-03 07:55:21,272 P16277 INFO Evaluation @epoch 6 - batch 8954: 
2025-03-03 07:55:36,862 P16277 INFO [Metrics] AUC: 0.810429 - logloss: 0.441200
2025-03-03 07:55:36,866 P16277 INFO Save best model: monitor(max)=0.810429
2025-03-03 07:55:37,249 P16277 INFO ************ Epoch=6 end ************
2025-03-03 08:00:22,535 P16277 INFO Train loss: 2.665278
2025-03-03 08:00:22,535 P16277 INFO Evaluation @epoch 7 - batch 8954: 
2025-03-03 08:00:36,244 P16277 INFO [Metrics] AUC: 0.810562 - logloss: 0.441088
2025-03-03 08:00:36,247 P16277 INFO Save best model: monitor(max)=0.810562
2025-03-03 08:00:36,612 P16277 INFO ************ Epoch=7 end ************
2025-03-03 08:05:15,949 P16277 INFO Train loss: 2.663597
2025-03-03 08:05:15,949 P16277 INFO Evaluation @epoch 8 - batch 8954: 
2025-03-03 08:05:29,557 P16277 INFO [Metrics] AUC: 0.810619 - logloss: 0.441011
2025-03-03 08:05:29,564 P16277 INFO Save best model: monitor(max)=0.810619
2025-03-03 08:05:29,946 P16277 INFO ************ Epoch=8 end ************
2025-03-03 08:10:09,278 P16277 INFO Train loss: 2.662224
2025-03-03 08:10:09,278 P16277 INFO Evaluation @epoch 9 - batch 8954: 
2025-03-03 08:10:23,453 P16277 INFO [Metrics] AUC: 0.810840 - logloss: 0.440924
2025-03-03 08:10:23,456 P16277 INFO Save best model: monitor(max)=0.810840
2025-03-03 08:10:23,815 P16277 INFO ************ Epoch=9 end ************
2025-03-03 08:15:01,562 P16277 INFO Train loss: 2.660858
2025-03-03 08:15:01,562 P16277 INFO Evaluation @epoch 10 - batch 8954: 
2025-03-03 08:15:14,126 P16277 INFO [Metrics] AUC: 0.810992 - logloss: 0.440711
2025-03-03 08:15:14,130 P16277 INFO Save best model: monitor(max)=0.810992
2025-03-03 08:15:14,485 P16277 INFO ************ Epoch=10 end ************
2025-03-03 08:19:59,122 P16277 INFO Train loss: 2.659570
2025-03-03 08:19:59,122 P16277 INFO Evaluation @epoch 11 - batch 8954: 
2025-03-03 08:20:13,458 P16277 INFO [Metrics] AUC: 0.810872 - logloss: 0.440888
2025-03-03 08:20:13,460 P16277 INFO Monitor(max)=0.810872 STOP!
2025-03-03 08:20:13,460 P16277 INFO Reduce learning rate on plateau: 0.000100
2025-03-03 08:20:13,626 P16277 INFO ************ Epoch=11 end ************
2025-03-03 08:24:56,170 P16277 INFO Train loss: 2.616592
2025-03-03 08:24:56,170 P16277 INFO Evaluation @epoch 12 - batch 8954: 
2025-03-03 08:25:12,189 P16277 INFO [Metrics] AUC: 0.812944 - logloss: 0.439027
2025-03-03 08:25:12,191 P16277 INFO Save best model: monitor(max)=0.812944
2025-03-03 08:25:12,548 P16277 INFO ************ Epoch=12 end ************
2025-03-03 08:29:56,079 P16277 INFO Train loss: 2.602233
2025-03-03 08:29:56,079 P16277 INFO Evaluation @epoch 13 - batch 8954: 
2025-03-03 08:30:09,379 P16277 INFO [Metrics] AUC: 0.813070 - logloss: 0.439053
2025-03-03 08:30:09,382 P16277 INFO Save best model: monitor(max)=0.813070
2025-03-03 08:30:09,740 P16277 INFO ************ Epoch=13 end ************
2025-03-03 08:34:54,584 P16277 INFO Train loss: 2.594552
2025-03-03 08:34:54,584 P16277 INFO Evaluation @epoch 14 - batch 8954: 
2025-03-03 08:35:07,635 P16277 INFO [Metrics] AUC: 0.812906 - logloss: 0.439315
2025-03-03 08:35:07,638 P16277 INFO Monitor(max)=0.812906 STOP!
2025-03-03 08:35:07,638 P16277 INFO Reduce learning rate on plateau: 0.000010
2025-03-03 08:35:07,777 P16277 INFO ************ Epoch=14 end ************
2025-03-03 08:39:49,805 P16277 INFO Train loss: 2.578311
2025-03-03 08:39:49,805 P16277 INFO Evaluation @epoch 15 - batch 8954: 
2025-03-03 08:40:03,084 P16277 INFO [Metrics] AUC: 0.812514 - logloss: 0.439944
2025-03-03 08:40:03,088 P16277 INFO Monitor(max)=0.812514 STOP!
2025-03-03 08:40:03,088 P16277 INFO Reduce learning rate on plateau: 0.000001
2025-03-03 08:40:03,088 P16277 INFO ********* Epoch=15 early stop *********
2025-03-03 08:40:03,214 P16277 INFO Training finished.
2025-03-03 08:40:03,214 P16277 INFO Load best model: /home/jupyterhub/jupyter/users/dwen/rec_adult/exp/fix_side_info/scv/checkpoints/Criteo_x4_10_h5/SCV_ada_tf_Criteo_003_d62d7f8f.model
2025-03-03 08:40:03,252 P16277 INFO ****** Validation evaluation ******
2025-03-03 08:40:17,121 P16277 INFO [Metrics] logloss: 0.439053 - AUC: 0.813070
2025-03-03 08:40:17,270 P16277 INFO ******** Test evaluation ********
2025-03-03 08:40:17,270 P16277 INFO Loading datasets...
2025-03-03 08:40:18,853 P16277 INFO Test samples: total/4584062, blocks/1
2025-03-03 08:40:18,853 P16277 INFO Loading test data done.
2025-03-03 08:40:31,342 P16277 INFO [Metrics] logloss: 0.438628 - AUC: 0.813560
2025-03-03 08:40:31,345 P16277 INFO ******** Remove Model Weights ********
