2025-03-03 07:02:09,945 P125639 INFO FuxiCTR version: 2.3.7
2025-03-03 07:02:09,945 P125639 INFO Params: {
    "alpha": "0.7",
    "batch_norm": "True",
    "batch_size": "4096",
    "data_format": "csv",
    "data_root": "dataset/",
    "dataset_id": "Criteo_x4_10_h5",
    "debug_mode": "False",
    "distill_loss": "False",
    "early_stop_patience": "2",
    "embedding_dim": "16",
    "embedding_regularizer": "1e-05",
    "epochs": "100",
    "eval_steps": "None",
    "experiment_id": "SCV_ada_tf_Criteo_012_c9a8b5bb",
    "feature_cols": "[{'active': True, 'dtype': 'float', 'fill_na': 0, 'na_value': 0, 'name': ['I1', 'I2', 'I3', 'I4', 'I5', 'I6', 'I7', 'I8', 'I9', 'I10', 'I11', 'I12', 'I13'], 'preprocess': 'convert_to_bucket', 'type': 'categorical'}, {'active': True, 'dtype': 'str', 'fill_na': '', 'na_value': '', 'name': ['C1', 'C2', 'C3', 'C4', 'C5', 'C6', 'C7', 'C8', 'C9', 'C10', 'C11', 'C12', 'C13', 'C14', 'C15', 'C16', 'C17', 'C18', 'C19', 'C20', 'C21', 'C22', 'C23', 'C24', 'C25', 'C26'], 'type': 'categorical'}]",
    "feature_config": "None",
    "feature_specs": "None",
    "gpu": "1",
    "group_id": "None",
    "label_col": "{'dtype': 'float', 'name': 'Label'}",
    "layer_norm": "True",
    "learning_rate": "0.001",
    "loss": "binary_crossentropy",
    "metrics": "['logloss', 'AUC']",
    "min_categr_count": "10",
    "model": "SCV_ada_tf",
    "model_id": "SCV_ada_tf_Criteo_012_c9a8b5bb",
    "model_root": "./checkpoints/",
    "monitor": "{'AUC': 1, 'logloss': 0}",
    "monitor_mode": "max",
    "net_dropout": "0",
    "net_regularizer": "0",
    "num_hops": "1",
    "num_mask": "3",
    "num_tower": "5",
    "num_workers": "16",
    "optimizer": "adam",
    "pickle_feature_encoder": "True",
    "pooling_method": "attn",
    "save_best_only": "True",
    "seed": "2024",
    "shuffle": "True",
    "task": "binary_classification",
    "test_data": "dataset/Criteo_x4_10_h5/test.csv",
    "train_data": "dataset/Criteo_x4_10_h5/train.csv",
    "use_bilinear_fusion": "True",
    "use_features": "None",
    "valid_data": "dataset/Criteo_x4_10_h5/valid.csv",
    "verbose": "1"
}
2025-03-03 07:02:09,945 P125639 INFO Set up feature processor...
2025-03-03 07:02:09,946 P125639 WARNING Skip rebuilding dataset/Criteo_x4_10_h5/feature_map.json. Please delete it manually if rebuilding is required.
2025-03-03 07:02:09,946 P125639 INFO Load feature_map from json: dataset/Criteo_x4_10_h5/feature_map.json
2025-03-03 07:02:09,946 P125639 INFO Set column index...
2025-03-03 07:02:09,946 P125639 INFO Feature specs: {
    "C1": "{'source': '', 'type': 'categorical', 'padding_idx': 0, 'vocab_size': 1446}",
    "C10": "{'source': '', 'type': 'categorical', 'padding_idx': 0, 'vocab_size': 39530}",
    "C11": "{'source': '', 'type': 'categorical', 'padding_idx': 0, 'vocab_size': 5131}",
    "C12": "{'source': '', 'type': 'categorical', 'padding_idx': 0, 'vocab_size': 156656}",
    "C13": "{'source': '', 'type': 'categorical', 'padding_idx': 0, 'vocab_size': 3176}",
    "C14": "{'source': '', 'type': 'categorical', 'padding_idx': 0, 'vocab_size': 28}",
    "C15": "{'source': '', 'type': 'categorical', 'padding_idx': 0, 'vocab_size': 11043}",
    "C16": "{'source': '', 'type': 'categorical', 'padding_idx': 0, 'vocab_size': 148913}",
    "C17": "{'source': '', 'type': 'categorical', 'padding_idx': 0, 'vocab_size': 12}",
    "C18": "{'source': '', 'type': 'categorical', 'padding_idx': 0, 'vocab_size': 4560}",
    "C19": "{'source': '', 'type': 'categorical', 'padding_idx': 0, 'vocab_size': 2003}",
    "C2": "{'source': '', 'type': 'categorical', 'padding_idx': 0, 'vocab_size': 554}",
    "C20": "{'source': '', 'type': 'categorical', 'padding_idx': 0, 'vocab_size': 5}",
    "C21": "{'source': '', 'type': 'categorical', 'padding_idx': 0, 'vocab_size': 154564}",
    "C22": "{'source': '', 'type': 'categorical', 'padding_idx': 0, 'vocab_size': 18}",
    "C23": "{'source': '', 'type': 'categorical', 'padding_idx': 0, 'vocab_size': 17}",
    "C24": "{'source': '', 'type': 'categorical', 'padding_idx': 0, 'vocab_size': 53031}",
    "C25": "{'source': '', 'type': 'categorical', 'padding_idx': 0, 'vocab_size': 82}",
    "C26": "{'source': '', 'type': 'categorical', 'padding_idx': 0, 'vocab_size': 40955}",
    "C3": "{'source': '', 'type': 'categorical', 'padding_idx': 0, 'vocab_size': 157339}",
    "C4": "{'source': '', 'type': 'categorical', 'padding_idx': 0, 'vocab_size': 117822}",
    "C5": "{'source': '', 'type': 'categorical', 'padding_idx': 0, 'vocab_size': 306}",
    "C6": "{'source': '', 'type': 'categorical', 'padding_idx': 0, 'vocab_size': 18}",
    "C7": "{'source': '', 'type': 'categorical', 'padding_idx': 0, 'vocab_size': 11882}",
    "C8": "{'source': '', 'type': 'categorical', 'padding_idx': 0, 'vocab_size': 630}",
    "C9": "{'source': '', 'type': 'categorical', 'padding_idx': 0, 'vocab_size': 5}",
    "I1": "{'source': '', 'type': 'categorical', 'padding_idx': 0, 'vocab_size': 44}",
    "I10": "{'source': '', 'type': 'categorical', 'padding_idx': 0, 'vocab_size': 6}",
    "I11": "{'source': '', 'type': 'categorical', 'padding_idx': 0, 'vocab_size': 27}",
    "I12": "{'source': '', 'type': 'categorical', 'padding_idx': 0, 'vocab_size': 37}",
    "I13": "{'source': '', 'type': 'categorical', 'padding_idx': 0, 'vocab_size': 72}",
    "I2": "{'source': '', 'type': 'categorical', 'padding_idx': 0, 'vocab_size': 99}",
    "I3": "{'source': '', 'type': 'categorical', 'padding_idx': 0, 'vocab_size': 122}",
    "I4": "{'source': '', 'type': 'categorical', 'padding_idx': 0, 'vocab_size': 41}",
    "I5": "{'source': '', 'type': 'categorical', 'padding_idx': 0, 'vocab_size': 220}",
    "I6": "{'source': '', 'type': 'categorical', 'padding_idx': 0, 'vocab_size': 112}",
    "I7": "{'source': '', 'type': 'categorical', 'padding_idx': 0, 'vocab_size': 80}",
    "I8": "{'source': '', 'type': 'categorical', 'padding_idx': 0, 'vocab_size': 69}",
    "I9": "{'source': '', 'type': 'categorical', 'padding_idx': 0, 'vocab_size': 92}"
}
2025-03-03 07:02:11,806 P125639 INFO Total number of parameters: 643153.
2025-03-03 07:02:11,806 P125639 INFO Total number of parameters: 15215105.
2025-03-03 07:02:11,806 P125639 INFO Loading datasets...
2025-03-03 07:02:29,440 P125639 INFO Train samples: total/36672493, blocks/1
2025-03-03 07:02:30,907 P125639 INFO Validation samples: total/4584062, blocks/1
2025-03-03 07:02:30,907 P125639 INFO Loading train and validation data done.
2025-03-03 07:02:30,907 P125639 INFO Start training: 8954 batches/epoch
2025-03-03 07:02:30,907 P125639 INFO ************ Epoch=1 start ************
2025-03-03 07:07:24,632 P125639 INFO Train loss: 0.459716
2025-03-03 07:07:24,633 P125639 INFO Evaluation @epoch 1 - batch 8954: 
2025-03-03 07:07:39,231 P125639 INFO [Metrics] AUC: 0.804971 - logloss: 0.446292
2025-03-03 07:07:39,233 P125639 INFO Save best model: monitor(max)=0.804971
2025-03-03 07:07:39,381 P125639 INFO ************ Epoch=1 end ************
2025-03-03 07:12:30,067 P125639 INFO Train loss: 0.455159
2025-03-03 07:12:30,068 P125639 INFO Evaluation @epoch 2 - batch 8954: 
2025-03-03 07:12:44,317 P125639 INFO [Metrics] AUC: 0.806907 - logloss: 0.444400
2025-03-03 07:12:44,320 P125639 INFO Save best model: monitor(max)=0.806907
2025-03-03 07:12:44,668 P125639 INFO ************ Epoch=2 end ************
2025-03-03 07:17:35,269 P125639 INFO Train loss: 0.453483
2025-03-03 07:17:35,269 P125639 INFO Evaluation @epoch 3 - batch 8954: 
2025-03-03 07:17:49,741 P125639 INFO [Metrics] AUC: 0.807876 - logloss: 0.443534
2025-03-03 07:17:49,746 P125639 INFO Save best model: monitor(max)=0.807876
2025-03-03 07:17:50,119 P125639 INFO ************ Epoch=3 end ************
2025-03-03 07:22:38,164 P125639 INFO Train loss: 0.452556
2025-03-03 07:22:38,164 P125639 INFO Evaluation @epoch 4 - batch 8954: 
2025-03-03 07:22:52,153 P125639 INFO [Metrics] AUC: 0.808377 - logloss: 0.443055
2025-03-03 07:22:52,156 P125639 INFO Save best model: monitor(max)=0.808377
2025-03-03 07:22:52,525 P125639 INFO ************ Epoch=4 end ************
2025-03-03 07:27:41,085 P125639 INFO Train loss: 0.451939
2025-03-03 07:27:41,085 P125639 INFO Evaluation @epoch 5 - batch 8954: 
2025-03-03 07:27:55,059 P125639 INFO [Metrics] AUC: 0.808897 - logloss: 0.442525
2025-03-03 07:27:55,062 P125639 INFO Save best model: monitor(max)=0.808897
2025-03-03 07:27:55,447 P125639 INFO ************ Epoch=5 end ************
2025-03-03 07:32:40,822 P125639 INFO Train loss: 0.451446
2025-03-03 07:32:40,822 P125639 INFO Evaluation @epoch 6 - batch 8954: 
2025-03-03 07:32:56,716 P125639 INFO [Metrics] AUC: 0.808912 - logloss: 0.442634
2025-03-03 07:32:56,719 P125639 INFO Save best model: monitor(max)=0.808912
2025-03-03 07:32:57,087 P125639 INFO ************ Epoch=6 end ************
2025-03-03 07:37:50,966 P125639 INFO Train loss: 0.451087
2025-03-03 07:37:50,967 P125639 INFO Evaluation @epoch 7 - batch 8954: 
2025-03-03 07:38:05,569 P125639 INFO [Metrics] AUC: 0.809103 - logloss: 0.442413
2025-03-03 07:38:05,577 P125639 INFO Save best model: monitor(max)=0.809103
2025-03-03 07:38:05,981 P125639 INFO ************ Epoch=7 end ************
2025-03-03 07:42:54,923 P125639 INFO Train loss: 0.450749
2025-03-03 07:42:54,923 P125639 INFO Evaluation @epoch 8 - batch 8954: 
2025-03-03 07:43:08,511 P125639 INFO [Metrics] AUC: 0.809393 - logloss: 0.442166
2025-03-03 07:43:08,516 P125639 INFO Save best model: monitor(max)=0.809393
2025-03-03 07:43:08,885 P125639 INFO ************ Epoch=8 end ************
2025-03-03 07:47:56,139 P125639 INFO Train loss: 0.450467
2025-03-03 07:47:56,139 P125639 INFO Evaluation @epoch 9 - batch 8954: 
2025-03-03 07:48:11,218 P125639 INFO [Metrics] AUC: 0.809290 - logloss: 0.442211
2025-03-03 07:48:11,222 P125639 INFO Monitor(max)=0.809290 STOP!
2025-03-03 07:48:11,223 P125639 INFO Reduce learning rate on plateau: 0.000100
2025-03-03 07:48:11,369 P125639 INFO ************ Epoch=9 end ************
2025-03-03 07:53:02,342 P125639 INFO Train loss: 0.439123
2025-03-03 07:53:02,343 P125639 INFO Evaluation @epoch 10 - batch 8954: 
2025-03-03 07:53:17,169 P125639 INFO [Metrics] AUC: 0.812798 - logloss: 0.439142
2025-03-03 07:53:17,174 P125639 INFO Save best model: monitor(max)=0.812798
2025-03-03 07:53:17,554 P125639 INFO ************ Epoch=10 end ************
2025-03-03 07:58:07,634 P125639 INFO Train loss: 0.434418
2025-03-03 07:58:07,635 P125639 INFO Evaluation @epoch 11 - batch 8954: 
2025-03-03 07:58:22,435 P125639 INFO [Metrics] AUC: 0.813003 - logloss: 0.439174
2025-03-03 07:58:22,438 P125639 INFO Save best model: monitor(max)=0.813003
2025-03-03 07:58:22,806 P125639 INFO ************ Epoch=11 end ************
2025-03-03 08:03:09,493 P125639 INFO Train loss: 0.432222
2025-03-03 08:03:09,493 P125639 INFO Evaluation @epoch 12 - batch 8954: 
2025-03-03 08:03:27,611 P125639 INFO [Metrics] AUC: 0.812773 - logloss: 0.439418
2025-03-03 08:03:27,614 P125639 INFO Monitor(max)=0.812773 STOP!
2025-03-03 08:03:27,614 P125639 INFO Reduce learning rate on plateau: 0.000010
2025-03-03 08:03:27,757 P125639 INFO ************ Epoch=12 end ************
2025-03-03 08:08:15,389 P125639 INFO Train loss: 0.427563
2025-03-03 08:08:15,389 P125639 INFO Evaluation @epoch 13 - batch 8954: 
2025-03-03 08:08:30,281 P125639 INFO [Metrics] AUC: 0.812324 - logloss: 0.440278
2025-03-03 08:08:30,284 P125639 INFO Monitor(max)=0.812324 STOP!
2025-03-03 08:08:30,284 P125639 INFO Reduce learning rate on plateau: 0.000001
2025-03-03 08:08:30,284 P125639 INFO ********* Epoch=13 early stop *********
2025-03-03 08:08:30,462 P125639 INFO Training finished.
2025-03-03 08:08:30,462 P125639 INFO Load best model: /home/jupyterhub/jupyter/users/dwen/rec_adult/exp/fix_side_info/scv/checkpoints/Criteo_x4_10_h5/SCV_ada_tf_Criteo_012_c9a8b5bb.model
2025-03-03 08:08:30,499 P125639 INFO ****** Validation evaluation ******
2025-03-03 08:08:45,329 P125639 INFO [Metrics] logloss: 0.439174 - AUC: 0.813003
2025-03-03 08:08:45,481 P125639 INFO ******** Test evaluation ********
2025-03-03 08:08:45,481 P125639 INFO Loading datasets...
2025-03-03 08:08:47,578 P125639 INFO Test samples: total/4584062, blocks/1
2025-03-03 08:08:47,578 P125639 INFO Loading test data done.
2025-03-03 08:09:01,644 P125639 INFO [Metrics] logloss: 0.438793 - AUC: 0.813393
2025-03-03 08:09:01,646 P125639 INFO ******** Remove Model Weights ********
