2025-03-03 19:05:29,591 P81048 INFO FuxiCTR version: 2.3.7
2025-03-03 19:05:29,591 P81048 INFO Params: {
    "alpha": "0.7",
    "batch_norm": "True",
    "batch_size": "4096",
    "data_format": "csv",
    "data_root": "dataset/",
    "dataset_id": "Criteo_x4_10_h5",
    "debug_mode": "False",
    "distill_loss": "False",
    "early_stop_patience": "2",
    "embedding_dim": "16",
    "embedding_regularizer": "1e-05",
    "epochs": "100",
    "eval_steps": "None",
    "experiment_id": "SCV_ada_tf_Criteo_040_4efd7eb3",
    "feature_cols": "[{'active': True, 'dtype': 'float', 'fill_na': 0, 'na_value': 0, 'name': ['I1', 'I2', 'I3', 'I4', 'I5', 'I6', 'I7', 'I8', 'I9', 'I10', 'I11', 'I12', 'I13'], 'preprocess': 'convert_to_bucket', 'type': 'categorical'}, {'active': True, 'dtype': 'str', 'fill_na': '', 'na_value': '', 'name': ['C1', 'C2', 'C3', 'C4', 'C5', 'C6', 'C7', 'C8', 'C9', 'C10', 'C11', 'C12', 'C13', 'C14', 'C15', 'C16', 'C17', 'C18', 'C19', 'C20', 'C21', 'C22', 'C23', 'C24', 'C25', 'C26'], 'type': 'categorical'}]",
    "feature_config": "None",
    "feature_specs": "None",
    "gpu": "0",
    "group_id": "None",
    "label_col": "{'dtype': 'float', 'name': 'Label'}",
    "layer_norm": "True",
    "learning_rate": "0.001",
    "loss": "binary_crossentropy",
    "metrics": "['logloss', 'AUC']",
    "min_categr_count": "10",
    "model": "SCV_ada_tf",
    "model_id": "SCV_ada_tf_Criteo_040_4efd7eb3",
    "model_root": "./checkpoints/",
    "monitor": "{'AUC': 1, 'logloss': 0}",
    "monitor_mode": "max",
    "net_dropout": "0.1",
    "net_regularizer": "0",
    "num_hops": "1",
    "num_mask": "4",
    "num_tower": "5",
    "num_workers": "16",
    "optimizer": "adam",
    "pickle_feature_encoder": "True",
    "pooling_method": "attn",
    "save_best_only": "True",
    "seed": "2024",
    "shuffle": "True",
    "task": "binary_classification",
    "test_data": "dataset/Criteo_x4_10_h5/test.csv",
    "train_data": "dataset/Criteo_x4_10_h5/train.csv",
    "use_bilinear_fusion": "True",
    "use_features": "None",
    "valid_data": "dataset/Criteo_x4_10_h5/valid.csv",
    "verbose": "1"
}
2025-03-03 19:05:29,592 P81048 INFO Set up feature processor...
2025-03-03 19:05:29,592 P81048 WARNING Skip rebuilding dataset/Criteo_x4_10_h5/feature_map.json. Please delete it manually if rebuilding is required.
2025-03-03 19:05:29,592 P81048 INFO Load feature_map from json: dataset/Criteo_x4_10_h5/feature_map.json
2025-03-03 19:05:29,592 P81048 INFO Set column index...
2025-03-03 19:05:29,592 P81048 INFO Feature specs: {
    "C1": "{'source': '', 'type': 'categorical', 'padding_idx': 0, 'vocab_size': 1446}",
    "C10": "{'source': '', 'type': 'categorical', 'padding_idx': 0, 'vocab_size': 39530}",
    "C11": "{'source': '', 'type': 'categorical', 'padding_idx': 0, 'vocab_size': 5131}",
    "C12": "{'source': '', 'type': 'categorical', 'padding_idx': 0, 'vocab_size': 156656}",
    "C13": "{'source': '', 'type': 'categorical', 'padding_idx': 0, 'vocab_size': 3176}",
    "C14": "{'source': '', 'type': 'categorical', 'padding_idx': 0, 'vocab_size': 28}",
    "C15": "{'source': '', 'type': 'categorical', 'padding_idx': 0, 'vocab_size': 11043}",
    "C16": "{'source': '', 'type': 'categorical', 'padding_idx': 0, 'vocab_size': 148913}",
    "C17": "{'source': '', 'type': 'categorical', 'padding_idx': 0, 'vocab_size': 12}",
    "C18": "{'source': '', 'type': 'categorical', 'padding_idx': 0, 'vocab_size': 4560}",
    "C19": "{'source': '', 'type': 'categorical', 'padding_idx': 0, 'vocab_size': 2003}",
    "C2": "{'source': '', 'type': 'categorical', 'padding_idx': 0, 'vocab_size': 554}",
    "C20": "{'source': '', 'type': 'categorical', 'padding_idx': 0, 'vocab_size': 5}",
    "C21": "{'source': '', 'type': 'categorical', 'padding_idx': 0, 'vocab_size': 154564}",
    "C22": "{'source': '', 'type': 'categorical', 'padding_idx': 0, 'vocab_size': 18}",
    "C23": "{'source': '', 'type': 'categorical', 'padding_idx': 0, 'vocab_size': 17}",
    "C24": "{'source': '', 'type': 'categorical', 'padding_idx': 0, 'vocab_size': 53031}",
    "C25": "{'source': '', 'type': 'categorical', 'padding_idx': 0, 'vocab_size': 82}",
    "C26": "{'source': '', 'type': 'categorical', 'padding_idx': 0, 'vocab_size': 40955}",
    "C3": "{'source': '', 'type': 'categorical', 'padding_idx': 0, 'vocab_size': 157339}",
    "C4": "{'source': '', 'type': 'categorical', 'padding_idx': 0, 'vocab_size': 117822}",
    "C5": "{'source': '', 'type': 'categorical', 'padding_idx': 0, 'vocab_size': 306}",
    "C6": "{'source': '', 'type': 'categorical', 'padding_idx': 0, 'vocab_size': 18}",
    "C7": "{'source': '', 'type': 'categorical', 'padding_idx': 0, 'vocab_size': 11882}",
    "C8": "{'source': '', 'type': 'categorical', 'padding_idx': 0, 'vocab_size': 630}",
    "C9": "{'source': '', 'type': 'categorical', 'padding_idx': 0, 'vocab_size': 5}",
    "I1": "{'source': '', 'type': 'categorical', 'padding_idx': 0, 'vocab_size': 44}",
    "I10": "{'source': '', 'type': 'categorical', 'padding_idx': 0, 'vocab_size': 6}",
    "I11": "{'source': '', 'type': 'categorical', 'padding_idx': 0, 'vocab_size': 27}",
    "I12": "{'source': '', 'type': 'categorical', 'padding_idx': 0, 'vocab_size': 37}",
    "I13": "{'source': '', 'type': 'categorical', 'padding_idx': 0, 'vocab_size': 72}",
    "I2": "{'source': '', 'type': 'categorical', 'padding_idx': 0, 'vocab_size': 99}",
    "I3": "{'source': '', 'type': 'categorical', 'padding_idx': 0, 'vocab_size': 122}",
    "I4": "{'source': '', 'type': 'categorical', 'padding_idx': 0, 'vocab_size': 41}",
    "I5": "{'source': '', 'type': 'categorical', 'padding_idx': 0, 'vocab_size': 220}",
    "I6": "{'source': '', 'type': 'categorical', 'padding_idx': 0, 'vocab_size': 112}",
    "I7": "{'source': '', 'type': 'categorical', 'padding_idx': 0, 'vocab_size': 80}",
    "I8": "{'source': '', 'type': 'categorical', 'padding_idx': 0, 'vocab_size': 69}",
    "I9": "{'source': '', 'type': 'categorical', 'padding_idx': 0, 'vocab_size': 92}"
}
2025-03-03 19:05:31,685 P81048 INFO Total number of parameters: 650758.
2025-03-03 19:05:31,686 P81048 INFO Total number of parameters: 15222710.
2025-03-03 19:05:31,686 P81048 INFO Loading datasets...
2025-03-03 19:05:44,749 P81048 INFO Train samples: total/36672493, blocks/1
2025-03-03 19:05:46,239 P81048 INFO Validation samples: total/4584062, blocks/1
2025-03-03 19:05:46,239 P81048 INFO Loading train and validation data done.
2025-03-03 19:05:46,239 P81048 INFO Start training: 8954 batches/epoch
2025-03-03 19:05:46,239 P81048 INFO ************ Epoch=1 start ************
2025-03-03 19:10:45,655 P81048 INFO Train loss: 0.460622
2025-03-03 19:10:45,656 P81048 INFO Evaluation @epoch 1 - batch 8954: 
2025-03-03 19:10:59,973 P81048 INFO [Metrics] AUC: 0.804628 - logloss: 0.446555
2025-03-03 19:10:59,974 P81048 INFO Save best model: monitor(max)=0.804628
2025-03-03 19:11:00,110 P81048 INFO ************ Epoch=1 end ************
2025-03-03 19:15:58,596 P81048 INFO Train loss: 0.456080
2025-03-03 19:15:58,597 P81048 INFO Evaluation @epoch 2 - batch 8954: 
2025-03-03 19:16:13,631 P81048 INFO [Metrics] AUC: 0.806629 - logloss: 0.444659
2025-03-03 19:16:13,633 P81048 INFO Save best model: monitor(max)=0.806629
2025-03-03 19:16:13,965 P81048 INFO ************ Epoch=2 end ************
2025-03-03 19:21:11,561 P81048 INFO Train loss: 0.454582
2025-03-03 19:21:11,561 P81048 INFO Evaluation @epoch 3 - batch 8954: 
2025-03-03 19:21:25,993 P81048 INFO [Metrics] AUC: 0.807567 - logloss: 0.443859
2025-03-03 19:21:25,996 P81048 INFO Save best model: monitor(max)=0.807567
2025-03-03 19:21:26,310 P81048 INFO ************ Epoch=3 end ************
